1.06725	0.00392281
1.06731	0.00351162
1.08077	0.00352641
1.0805	0.00351276
1.07942	0.00342039
1.09341	0.00328144
1.11619	0.0034905
1.14345	0.0049982
 FCN=8.33952 FROM MIGRAD    STATUS=CONVERGED      36 CALLS          37 TOTAL
                     EDM=6.54401e-16    STRATEGY= 1      ERROR MATRIX ACCURATE 
  EXT PARAMETER                                   STEP         FIRST   
  NO.   NAME      VALUE            ERROR          SIZE      DERIVATIVE 
   1  p0           1.06822e+00   1.78021e-03   1.91375e-06   8.24711e-06
   2  p1           2.02229e-02   1.25317e-03   1.34718e-06  -1.94820e-05
SaveSource cannot open file: /home/zhangfy/nl_target/toyMC/results/data_10000.C
1.07152	0.00393849
1.07558	0.00353881
1.07126	0.00349535
1.07835	0.00350574
1.08049	0.00342379
1.08873	0.0032674
1.11625	0.00349067
1.14216	0.00499253
 FCN=1.72198 FROM MIGRAD    STATUS=CONVERGED      36 CALLS          37 TOTAL
                     EDM=6.46647e-16    STRATEGY= 1      ERROR MATRIX ACCURATE 
  EXT PARAMETER                                   STEP         FIRST   
  NO.   NAME      VALUE            ERROR          SIZE      DERIVATIVE 
   1  p0           1.06812e+00   1.78040e-03   1.03255e-06   1.68761e-06
   2  p1           1.96711e-02   1.25291e-03   7.26627e-07  -2.69868e-05
SaveSource cannot open file: /home/zhangfy/nl_target/toyMC/results/data_10001.C
1.07555	0.00395332
1.07321	0.00353103
1.07135	0.00349565
1.07167	0.00348406
1.07998	0.00342218
1.09024	0.00327191
1.12005	0.00350256
1.1441	0.00500102
 FCN=5.82994 FROM MIGRAD    STATUS=CONVERGED      36 CALLS          37 TOTAL
                     EDM=1.54714e-15    STRATEGY= 1      ERROR MATRIX ACCURATE 
  EXT PARAMETER                                   STEP         FIRST   
  NO.   NAME      VALUE            ERROR          SIZE      DERIVATIVE 
   1  p0           1.06677e+00   1.77957e-03   1.63560e-06  -8.67898e-06
   2  p1           2.10611e-02   1.25501e-03   1.15348e-06   3.48907e-05
SaveSource cannot open file: /home/zhangfy/nl_target/toyMC/results/data_10002.C
1.07337	0.00394528
1.07416	0.00353416
1.07133	0.0034956
1.08428	0.00352504
1.08468	0.00343708
1.08346	0.00325156
1.11883	0.00349874
1.15071	0.0050299
 FCN=11.2251 FROM MIGRAD    STATUS=CONVERGED      36 CALLS          37 TOTAL
                     EDM=1.54187e-16    STRATEGY= 1      ERROR MATRIX ACCURATE 
  EXT PARAMETER                                   STEP         FIRST   
  NO.   NAME      VALUE            ERROR          SIZE      DERIVATIVE 
   1  p0           1.06834e+00   1.78334e-03   2.19117e-06   7.66100e-06
   2  p1           2.09459e-02   1.25831e-03   1.54607e-06   1.91013e-05
SaveSource cannot open file: /home/zhangfy/nl_target/toyMC/results/data_10003.C
1.0752	0.00395201
1.06819	0.0035145
1.07078	0.0034938
1.08162	0.0035164
1.07627	0.00341043
1.09149	0.00327568
1.11966	0.00350135
1.14616	0.00501004
 FCN=5.75055 FROM MIGRAD    STATUS=CONVERGED      34 CALLS          35 TOTAL
                     EDM=2.98377e-16    STRATEGY= 1      ERROR MATRIX ACCURATE 
  EXT PARAMETER                                   STEP         FIRST   
  NO.   NAME      VALUE            ERROR          SIZE      DERIVATIVE 
   1  p0           1.06664e+00   1.77953e-03   1.62651e-06  -9.79910e-06
   2  p1           2.15143e-02   1.25566e-03   1.14769e-06   7.05397e-06
SaveSource cannot open file: /home/zhangfy/nl_target/toyMC/results/data_10004.C
1.06629	0.00391927
1.05934	0.00348537
1.07419	0.00350493
1.07769	0.00350362
1.07724	0.00341351
1.08953	0.00326978
1.11404	0.00348378
1.15299	0.00503988
 FCN=12.1688 FROM MIGRAD    STATUS=CONVERGED      36 CALLS          37 TOTAL
                     EDM=7.19878e-17    STRATEGY= 1      ERROR MATRIX ACCURATE 
  EXT PARAMETER                                   STEP         FIRST   
  NO.   NAME      VALUE            ERROR          SIZE      DERIVATIVE 
   1  p0           1.06244e+00   1.77474e-03   2.26609e-06   9.15187e-06
   2  p1           2.30624e-02   1.25580e-03   1.60347e-06   6.86293e-06
SaveSource cannot open file: /home/zhangfy/nl_target/toyMC/results/data_10005.C
1.07367	0.0039464
1.07496	0.00353679
1.07388	0.0035039
1.08098	0.00351431
1.07796	0.00341578
1.0945	0.00328472
1.11769	0.00349517
1.145	0.00500496
 FCN=3.22154 FROM MIGRAD    STATUS=CONVERGED      36 CALLS          37 TOTAL
                     EDM=8.44309e-17    STRATEGY= 1      ERROR MATRIX ACCURATE 
  EXT PARAMETER                                   STEP         FIRST   
  NO.   NAME      VALUE            ERROR          SIZE      DERIVATIVE 
   1  p0           1.06943e+00   1.78271e-03   1.28796e-06  -6.46155e-06
   2  p1           2.01302e-02   1.25515e-03   9.06814e-07  -1.43367e-05
SaveSource cannot open file: /home/zhangfy/nl_target/toyMC/results/data_10006.C
1.07368	0.00394642
1.07119	0.00352438
1.07528	0.00350848
1.08053	0.00351286
1.08134	0.00342649
1.08794	0.00326502
1.11423	0.00348438
1.14628	0.00501053
 FCN=3.22519 FROM MIGRAD    STATUS=CONVERGED      36 CALLS          37 TOTAL
                     EDM=3.13337e-16    STRATEGY= 1      ERROR MATRIX ACCURATE 
  EXT PARAMETER                                   STEP         FIRST   
  NO.   NAME      VALUE            ERROR          SIZE      DERIVATIVE 
   1  p0           1.06859e+00   1.78190e-03   1.28701e-06  -3.68174e-06
   2  p1           1.96791e-02   1.25448e-03   9.06067e-07   1.59659e-05
SaveSource cannot open file: /home/zhangfy/nl_target/toyMC/results/data_10007.C
1.07335	0.00394523
1.06849	0.00351549
1.06874	0.00348713
1.08261	0.0035196
1.08797	0.0034475
1.09483	0.00328569
1.12237	0.00350983
1.14692	0.00501333
 FCN=8.8503 FROM MIGRAD    STATUS=CONVERGED      36 CALLS          37 TOTAL
                     EDM=2.31507e-16    STRATEGY= 1      ERROR MATRIX ACCURATE 
  EXT PARAMETER                                   STEP         FIRST   
  NO.   NAME      VALUE            ERROR          SIZE      DERIVATIVE 
   1  p0           1.06849e+00   1.78162e-03   1.96884e-06   6.26151e-06
   2  p1           2.19308e-02   1.25689e-03   1.38897e-06  -9.72928e-06
SaveSource cannot open file: /home/zhangfy/nl_target/toyMC/results/data_10008.C
1.06971	0.00393183
1.08119	0.00355728
1.0727	0.00350007
1.08285	0.00352037
1.08262	0.00343055
1.09522	0.00328686
1.11837	0.0034973
1.14705	0.00501394
 FCN=6.73226 FROM MIGRAD    STATUS=CONVERGED      36 CALLS          37 TOTAL
                     EDM=3.41754e-15    STRATEGY= 1      ERROR MATRIX ACCURATE 
  EXT PARAMETER                                   STEP         FIRST   
  NO.   NAME      VALUE            ERROR          SIZE      DERIVATIVE 
   1  p0           1.07090e+00   1.78504e-03   1.74546e-06   1.79357e-05
   2  p1           2.01334e-02   1.25667e-03   1.22881e-06   8.08537e-05
SaveSource cannot open file: /home/zhangfy/nl_target/toyMC/results/data_10009.C
1.07471	0.0039502
1.07386	0.00353316
1.07896	0.00352047
1.07903	0.00350798
1.07721	0.00341341
1.08759	0.00326398
1.12085	0.00350505
1.15307	0.00504021
 FCN=7.36506 FROM MIGRAD    STATUS=CONVERGED      36 CALLS          37 TOTAL
                     EDM=2.73609e-16    STRATEGY= 1      ERROR MATRIX ACCURATE 
  EXT PARAMETER                                   STEP         FIRST   
  NO.   NAME      VALUE            ERROR          SIZE      DERIVATIVE 
   1  p0           1.06804e+00   1.78398e-03   1.81324e-06  -1.80257e-05
   2  p1           2.17020e-02   1.26047e-03   1.28114e-06  -2.04099e-05
SaveSource cannot open file: /home/zhangfy/nl_target/toyMC/results/data_10010.C
1.06743	0.00392345
1.07554	0.00353868
1.07265	0.00349989
1.0783	0.00350558
1.08561	0.00344002
1.09391	0.00328294
1.11513	0.00348716
1.15129	0.00503243
 FCN=7.35512 FROM MIGRAD    STATUS=CONVERGED      36 CALLS          37 TOTAL
                     EDM=8.16658e-17    STRATEGY= 1      ERROR MATRIX ACCURATE 
  EXT PARAMETER                                   STEP         FIRST   
  NO.   NAME      VALUE            ERROR          SIZE      DERIVATIVE 
   1  p0           1.06843e+00   1.78233e-03   1.81179e-06   4.04187e-06
   2  p1           2.10704e-02   1.25694e-03   1.27772e-06  -5.31599e-06
SaveSource cannot open file: /home/zhangfy/nl_target/toyMC/results/data_10011.C
1.07711	0.00395903
1.06665	0.00350945
1.07246	0.00349929
1.08167	0.00351657
1.0871	0.00344474
1.09229	0.00327808
1.12285	0.00351132
1.14924	0.0050235
 FCN=7.79871 FROM MIGRAD    STATUS=CONVERGED      36 CALLS          37 TOTAL
                     EDM=1.47414e-15    STRATEGY= 1      ERROR MATRIX ACCURATE 
  EXT PARAMETER                                   STEP         FIRST   
  NO.   NAME      VALUE            ERROR          SIZE      DERIVATIVE 
   1  p0           1.06866e+00   1.78290e-03   1.86119e-06   3.15556e-05
   2  p1           2.19994e-02   1.25857e-03   1.31383e-06   2.29509e-06
SaveSource cannot open file: /home/zhangfy/nl_target/toyMC/results/data_10012.C
1.06907	0.0039295
1.08374	0.00356567
1.07117	0.00349507
1.08037	0.00351233
1.07867	0.00341802
1.08856	0.00326687
1.11785	0.00349567
1.14349	0.00499836
 FCN=11.789 FROM MIGRAD    STATUS=CONVERGED      36 CALLS          37 TOTAL
                     EDM=1.40081e-15    STRATEGY= 1      ERROR MATRIX ACCURATE 
  EXT PARAMETER                                   STEP         FIRST   
  NO.   NAME      VALUE            ERROR          SIZE      DERIVATIVE 
   1  p0           1.06925e+00   1.78266e-03   2.24036e-06   2.11107e-06
   2  p1           1.96037e-02   1.25462e-03   1.57675e-06  -4.00505e-05
SaveSource cannot open file: /home/zhangfy/nl_target/toyMC/results/data_10013.C
1.07049	0.0039347
1.07591	0.0035399
1.07259	0.00349969
1.07818	0.00350521
1.08273	0.0034309
1.0934	0.0032814
1.11577	0.00348918
1.15806	0.00506202
 FCN=8.45818 FROM MIGRAD    STATUS=CONVERGED      36 CALLS          37 TOTAL
                     EDM=2.23481e-17    STRATEGY= 1      ERROR MATRIX ACCURATE 
  EXT PARAMETER                                   STEP         FIRST   
  NO.   NAME      VALUE            ERROR          SIZE      DERIVATIVE 
   1  p0           1.06776e+00   1.78352e-03   1.92835e-06  -3.37382e-06
   2  p1           2.21552e-02   1.26073e-03   1.36311e-06   7.26517e-07
SaveSource cannot open file: /home/zhangfy/nl_target/toyMC/results/data_10014.C
1.06866	0.00392798
1.06754	0.00351237
1.07702	0.00351415
1.08138	0.00351561
1.07838	0.0034171
1.09182	0.00327667
1.11825	0.00349695
1.14322	0.00499718
 FCN=4.15014 FROM MIGRAD    STATUS=CONVERGED      34 CALLS          35 TOTAL
                     EDM=9.29085e-16    STRATEGY= 1      ERROR MATRIX ACCURATE 
  EXT PARAMETER                                   STEP         FIRST   
  NO.   NAME      VALUE            ERROR          SIZE      DERIVATIVE 
   1  p0           1.06740e+00   1.77937e-03   1.42069e-06   1.43149e-05
   2  p1           2.07341e-02   1.25360e-03   1.00090e-06  -1.70244e-05
SaveSource cannot open file: /home/zhangfy/nl_target/toyMC/results/data_10015.C
1.06509	0.00391484
1.07247	0.0035286
1.07295	0.00350088
1.07594	0.00349792
1.0781	0.00341621
1.09393	0.003283
1.11268	0.00347951
1.14306	0.00499646
 FCN=5.68592 FROM MIGRAD    STATUS=CONVERGED      36 CALLS          37 TOTAL
                     EDM=3.98518e-16    STRATEGY= 1      ERROR MATRIX ACCURATE 
  EXT PARAMETER                                   STEP         FIRST   
  NO.   NAME      VALUE            ERROR          SIZE      DERIVATIVE 
   1  p0           1.06646e+00   1.77747e-03   1.61653e-06  -2.20118e-05
   2  p1           2.01785e-02   1.25138e-03   1.13807e-06  -2.30127e-05
SaveSource cannot open file: /home/zhangfy/nl_target/toyMC/results/data_10016.C
1.06343	0.00390874
1.06813	0.00351431
1.07046	0.00349274
1.07553	0.00349659
1.08418	0.00343548
1.08421	0.00325382
1.12206	0.00350886
1.14778	0.00501711
 FCN=5.97049 FROM MIGRAD    STATUS=CONVERGED      34 CALLS          35 TOTAL
                     EDM=9.73816e-16    STRATEGY= 1      ERROR MATRIX ACCURATE 
  EXT PARAMETER                                   STEP         FIRST   
  NO.   NAME      VALUE            ERROR          SIZE      DERIVATIVE 
   1  p0           1.06332e+00   1.77566e-03   1.65016e-06  -4.97467e-06
   2  p1           2.31576e-02   1.25615e-03   1.16737e-06   2.98915e-05
SaveSource cannot open file: /home/zhangfy/nl_target/toyMC/results/data_10017.C
1.07079	0.0039358
1.07745	0.00354499
1.0765	0.00351244
1.0788	0.00350724
1.08231	0.00342955
1.09276	0.00327947
1.12095	0.00350539
1.14402	0.00500067
 FCN=1.48777 FROM MIGRAD    STATUS=CONVERGED      38 CALLS          39 TOTAL
                     EDM=8.79078e-17    STRATEGY= 1      ERROR MATRIX ACCURATE 
  EXT PARAMETER                                   STEP         FIRST   
  NO.   NAME      VALUE            ERROR          SIZE      DERIVATIVE 
   1  p0           1.07010e+00   1.78369e-03   9.89444e-07  -8.29755e-06
   2  p1           2.02598e-02   1.25588e-03   6.96659e-07  -1.89643e-06
SaveSource cannot open file: /home/zhangfy/nl_target/toyMC/results/data_10018.C
1.07591	0.00395463
1.07088	0.00352334
1.07269	0.00350001
1.07933	0.00350894
1.07879	0.00341842
1.08837	0.0032663
1.11862	0.00349811
1.14145	0.00498945
 FCN=2.61806 FROM MIGRAD    STATUS=CONVERGED      36 CALLS          37 TOTAL
                     EDM=4.02591e-17    STRATEGY= 1      ERROR MATRIX ACCURATE 
  EXT PARAMETER                                   STEP         FIRST   
  NO.   NAME      VALUE            ERROR          SIZE      DERIVATIVE 
   1  p0           1.06796e+00   1.78032e-03   1.19059e-06   5.99454e-06
   2  p1           1.99835e-02   1.25336e-03   8.38187e-07   2.21200e-06
SaveSource cannot open file: /home/zhangfy/nl_target/toyMC/results/data_10019.C
1.07149	0.00393836
1.07248	0.00352863
1.07968	0.00352283
1.08905	0.00354054
1.08163	0.00342741
1.08764	0.00326412
1.11734	0.00349409
1.14643	0.00501122
 FCN=9.82481 FROM MIGRAD    STATUS=CONVERGED      36 CALLS          37 TOTAL
                     EDM=3.26603e-15    STRATEGY= 1      ERROR MATRIX ACCURATE 
  EXT PARAMETER                                   STEP         FIRST   
  NO.   NAME      VALUE            ERROR          SIZE      DERIVATIVE 
   1  p0           1.07087e+00   1.78518e-03   2.06394e-06   3.22103e-05
   2  p1           1.94633e-02   1.25608e-03   1.45223e-06  -2.34853e-05
SaveSource cannot open file: /home/zhangfy/nl_target/toyMC/results/data_10020.C
1.07128	0.00393759
1.0676	0.00351256
1.07939	0.0035219
1.07513	0.00349529
1.07598	0.0034095
1.09119	0.00327476
1.11873	0.00349845
1.15065	0.00502967
 FCN=7.65224 FROM MIGRAD    STATUS=CONVERGED      34 CALLS          35 TOTAL
                     EDM=9.76948e-17    STRATEGY= 1      ERROR MATRIX ACCURATE 
  EXT PARAMETER                                   STEP         FIRST   
  NO.   NAME      VALUE            ERROR          SIZE      DERIVATIVE 
   1  p0           1.06591e+00   1.77978e-03   1.84117e-06   1.08950e-05
   2  p1           2.21172e-02   1.25761e-03   1.30099e-06   1.02404e-05
SaveSource cannot open file: /home/zhangfy/nl_target/toyMC/results/data_10021.C
1.07221	0.00394104
1.07227	0.00352794
1.07942	0.003522
1.08068	0.00351334
1.08269	0.00343076
1.08836	0.00326627
1.10931	0.00346899
1.15569	0.00505166
 FCN=16.4282 FROM MIGRAD    STATUS=CONVERGED      36 CALLS          37 TOTAL
                     EDM=1.64598e-17    STRATEGY= 1      ERROR MATRIX ACCURATE 
  EXT PARAMETER                                   STEP         FIRST   
  NO.   NAME      VALUE            ERROR          SIZE      DERIVATIVE 
   1  p0           1.06915e+00   1.78459e-03   2.61566e-06  -4.46185e-06
   2  p1           1.98520e-02   1.25781e-03   1.84356e-06  -4.69728e-06
SaveSource cannot open file: /home/zhangfy/nl_target/toyMC/results/data_10022.C
1.0747	0.00395018
1.0739	0.00353329
1.07371	0.00350336
1.08648	0.00353219
1.08581	0.00344064
1.09193	0.003277
1.12214	0.00350909
1.14552	0.00500723
 FCN=3.44822 FROM MIGRAD    STATUS=CONVERGED      36 CALLS          37 TOTAL
                     EDM=2.00799e-16    STRATEGY= 1      ERROR MATRIX ACCURATE 
  EXT PARAMETER                                   STEP         FIRST   
  NO.   NAME      VALUE            ERROR          SIZE      DERIVATIVE 
   1  p0           1.07121e+00   1.78543e-03   1.32453e-06  -1.05680e-05
   2  p1           2.03723e-02   1.25714e-03   9.32619e-07   1.30353e-06
SaveSource cannot open file: /home/zhangfy/nl_target/toyMC/results/data_10023.C
1.071	0.00393658
1.07102	0.00352381
1.07357	0.00350288
1.08331	0.00352188
1.08077	0.00342469
1.08913	0.00326859
1.12213	0.00350907
1.13769	0.00497302
 FCN=4.12423 FROM MIGRAD    STATUS=CONVERGED      36 CALLS          37 TOTAL
                     EDM=5.34609e-16    STRATEGY= 1      ERROR MATRIX ACCURATE 
  EXT PARAMETER                                   STEP         FIRST   
  NO.   NAME      VALUE            ERROR          SIZE      DERIVATIVE 
   1  p0           1.06869e+00   1.78023e-03   1.41789e-06   1.87923e-06
   2  p1           2.00165e-02   1.25241e-03   9.97501e-07  -2.41856e-05
SaveSource cannot open file: /home/zhangfy/nl_target/toyMC/results/data_10024.C
1.06899	0.00392919
1.07965	0.0035522
1.07445	0.00350576
1.07933	0.00350895
1.07352	0.00340169
1.09277	0.00327952
1.11893	0.00349906
1.14781	0.00501725
 FCN=10.4244 FROM MIGRAD    STATUS=CONVERGED      36 CALLS          37 TOTAL
                     EDM=1.1469e-15    STRATEGY= 1      ERROR MATRIX ACCURATE 
  EXT PARAMETER                                   STEP         FIRST   
  NO.   NAME      VALUE            ERROR          SIZE      DERIVATIVE 
   1  p0           1.06797e+00   1.78196e-03   2.11762e-06   2.57526e-05
   2  p1           2.10246e-02   1.25689e-03   1.49364e-06  -2.24774e-06
SaveSource cannot open file: /home/zhangfy/nl_target/toyMC/results/data_10025.C
1.07021	0.00393367
1.07027	0.00352136
1.07801	0.00351737
1.07547	0.00349639
1.08332	0.00343276
1.08981	0.00327063
1.11023	0.00347185
1.1432	0.0049971
 FCN=6.28476 FROM MIGRAD    STATUS=CONVERGED      36 CALLS          37 TOTAL
                     EDM=1.25387e-15    STRATEGY= 1      ERROR MATRIX ACCURATE 
  EXT PARAMETER                                   STEP         FIRST   
  NO.   NAME      VALUE            ERROR          SIZE      DERIVATIVE 
   1  p0           1.06849e+00   1.78036e-03   1.68841e-06  -1.22818e-05
   2  p1           1.87726e-02   1.25133e-03   1.18671e-06   2.58585e-05
SaveSource cannot open file: /home/zhangfy/nl_target/toyMC/results/data_10026.C
1.07095	0.00393638
1.06818	0.00351446
1.06952	0.00348969
1.07499	0.00349485
1.085	0.00343808
1.09533	0.00328719
1.11834	0.00349723
1.14301	0.00499628
 FCN=7.09432 FROM MIGRAD    STATUS=CONVERGED      36 CALLS          37 TOTAL
                     EDM=6.39608e-16    STRATEGY= 1      ERROR MATRIX ACCURATE 
  EXT PARAMETER                                   STEP         FIRST   
  NO.   NAME      VALUE            ERROR          SIZE      DERIVATIVE 
   1  p0           1.06681e+00   1.77812e-03   1.78093e-06  -1.65699e-05
   2  p1           2.12517e-02   1.25316e-03   1.25514e-06   6.66945e-06
SaveSource cannot open file: /home/zhangfy/nl_target/toyMC/results/data_10027.C
1.07177	0.00393942
1.07383	0.00353307
1.07627	0.00351172
1.07745	0.00350284
1.07674	0.00341191
1.09759	0.00329398
1.11478	0.00348609
1.14325	0.00499733
 FCN=7.79281 FROM MIGRAD    STATUS=CONVERGED      36 CALLS          37 TOTAL
                     EDM=2.13478e-17    STRATEGY= 1      ERROR MATRIX ACCURATE 
  EXT PARAMETER                                   STEP         FIRST   
  NO.   NAME      VALUE            ERROR          SIZE      DERIVATIVE 
   1  p0           1.06918e+00   1.78147e-03   1.85759e-06  -8.61839e-07
   2  p1           1.96513e-02   1.25312e-03   1.30667e-06   4.28909e-06
SaveSource cannot open file: /home/zhangfy/nl_target/toyMC/results/data_10028.C
1.06058	0.00389827
1.07595	0.00354004
1.07507	0.0035078
1.08218	0.0035182
1.08235	0.00342968
1.0899	0.00327091
1.11852	0.00349779
1.14686	0.0050131
 FCN=9.49286 FROM MIGRAD    STATUS=CONVERGED      36 CALLS          37 TOTAL
                     EDM=2.61107e-16    STRATEGY= 1      ERROR MATRIX ACCURATE 
  EXT PARAMETER                                   STEP         FIRST   
  NO.   NAME      VALUE            ERROR          SIZE      DERIVATIVE 
   1  p0           1.06757e+00   1.78050e-03   2.02900e-06  -9.79227e-06
   2  p1           2.11908e-02   1.25552e-03   1.43075e-06   5.57459e-06
SaveSource cannot open file: /home/zhangfy/nl_target/toyMC/results/data_10029.C
1.07132	0.00393777
1.06702	0.00351067
1.07441	0.00350565
1.07582	0.00349753
1.07896	0.00341893
1.08928	0.00326905
1.11923	0.0035
1.14689	0.0050132
 FCN=1.90739 FROM MIGRAD    STATUS=CONVERGED      34 CALLS          35 TOTAL
                     EDM=1.8985e-16    STRATEGY= 1      ERROR MATRIX ACCURATE 
  EXT PARAMETER                                   STEP         FIRST   
  NO.   NAME      VALUE            ERROR          SIZE      DERIVATIVE 
   1  p0           1.06549e+00   1.77821e-03   1.06662e-06   9.00086e-06
   2  p1           2.18535e-02   1.25558e-03   7.53130e-07  -3.66988e-06
SaveSource cannot open file: /home/zhangfy/nl_target/toyMC/results/data_10030.C
1.06934	0.00393047
1.07606	0.00354039
1.07485	0.00350709
1.07662	0.00350013
1.08534	0.00343917
1.09265	0.00327915
1.11268	0.00347951
1.1404	0.00498484
 FCN=4.46904 FROM MIGRAD    STATUS=CONVERGED      36 CALLS          37 TOTAL
                     EDM=1.14044e-17    STRATEGY= 1      ERROR MATRIX ACCURATE 
  EXT PARAMETER                                   STEP         FIRST   
  NO.   NAME      VALUE            ERROR          SIZE      DERIVATIVE 
   1  p0           1.07009e+00   1.78178e-03   1.46466e-06   1.48115e-06
   2  p1           1.84459e-02   1.25103e-03   1.02837e-06  -2.03828e-06
SaveSource cannot open file: /home/zhangfy/nl_target/toyMC/results/data_10031.C
1.07007	0.00393315
1.07854	0.00354856
1.07497	0.00350748
1.08282	0.00352029
1.08077	0.00342468
1.08668	0.00326123
1.122	0.00350865
1.1447	0.00500365
 FCN=5.91063 FROM MIGRAD    STATUS=CONVERGED      36 CALLS          37 TOTAL
                     EDM=3.51139e-15    STRATEGY= 1      ERROR MATRIX ACCURATE 
  EXT PARAMETER                                   STEP         FIRST   
  NO.   NAME      VALUE            ERROR          SIZE      DERIVATIVE 
   1  p0           1.06939e+00   1.78346e-03   1.64822e-06  -4.89834e-05
   2  p1           2.03983e-02   1.25657e-03   1.16129e-06  -4.17785e-06
SaveSource cannot open file: /home/zhangfy/nl_target/toyMC/results/data_10032.C
1.0708	0.00393584
1.06887	0.00351676
1.0742	0.00350494
1.07388	0.00349123
1.08045	0.00342365
1.09291	0.00327993
1.11847	0.00349762
1.14791	0.00501768
 FCN=2.79852 FROM MIGRAD    STATUS=CONVERGED      36 CALLS          37 TOTAL
                     EDM=3.18861e-18    STRATEGY= 1      ERROR MATRIX ACCURATE 
  EXT PARAMETER                                   STEP         FIRST   
  NO.   NAME      VALUE            ERROR          SIZE      DERIVATIVE 
   1  p0           1.06610e+00   1.77895e-03   1.21988e-06   1.83626e-06
   2  p1           2.18687e-02   1.25592e-03   8.61217e-07   1.07514e-06
SaveSource cannot open file: /home/zhangfy/nl_target/toyMC/results/data_10033.C
1.07594	0.00395473
1.07079	0.00352306
1.07561	0.00350955
1.08074	0.00351354
1.07469	0.00340541
1.09145	0.00327556
1.11648	0.0034914
1.14761	0.00501638
 FCN=7.0674 FROM MIGRAD    STATUS=CONVERGED      36 CALLS          37 TOTAL
                     EDM=1.94417e-16    STRATEGY= 1      ERROR MATRIX ACCURATE 
  EXT PARAMETER                                   STEP         FIRST   
  NO.   NAME      VALUE            ERROR          SIZE      DERIVATIVE 
   1  p0           1.06800e+00   1.78173e-03   1.77876e-06  -8.74940e-06
   2  p1           2.05204e-02   1.25593e-03   1.25384e-06   4.29446e-06
SaveSource cannot open file: /home/zhangfy/nl_target/toyMC/results/data_10034.C
1.07058	0.00393505
1.0736	0.00353229
1.07171	0.00349683
1.07934	0.00350897
1.08226	0.00342941
1.08848	0.00326665
1.11413	0.00348406
1.15088	0.00503065
 FCN=4.96703 FROM MIGRAD    STATUS=CONVERGED      36 CALLS          37 TOTAL
                     EDM=1.31073e-15    STRATEGY= 1      ERROR MATRIX ACCURATE 
  EXT PARAMETER                                   STEP         FIRST   
  NO.   NAME      VALUE            ERROR          SIZE      DERIVATIVE 
   1  p0           1.06732e+00   1.78123e-03   1.52922e-06   3.04124e-05
   2  p1           2.08093e-02   1.25640e-03   1.07864e-06   5.63426e-05
SaveSource cannot open file: /home/zhangfy/nl_target/toyMC/results/data_10035.C
1.07129	0.00393763
1.06979	0.00351978
1.07665	0.00351294
1.0795	0.00350951
1.08287	0.00343133
1.09387	0.00328282
1.12476	0.00351728
1.15429	0.00504558
 FCN=1.09898 FROM MIGRAD    STATUS=CONVERGED      36 CALLS          37 TOTAL
                     EDM=4.998e-17    STRATEGY= 1      ERROR MATRIX ACCURATE 
  EXT PARAMETER                                   STEP         FIRST   
  NO.   NAME      VALUE            ERROR          SIZE      DERIVATIVE 
   1  p0           1.06762e+00   1.78304e-03   9.09282e-07  -3.82736e-06
   2  p1           2.33799e-02   1.26166e-03   6.43402e-07  -1.06475e-05
SaveSource cannot open file: /home/zhangfy/nl_target/toyMC/results/data_10036.C
1.05893	0.00389223
1.07656	0.00354205
1.07263	0.00349983
1.07403	0.00349173
1.08718	0.00344498
1.09245	0.00327855
1.12187	0.00350825
1.15133	0.00503263
 FCN=14.7762 FROM MIGRAD    STATUS=CONVERGED      36 CALLS          37 TOTAL
                     EDM=3.42822e-16    STRATEGY= 1      ERROR MATRIX ACCURATE 
  EXT PARAMETER                                   STEP         FIRST   
  NO.   NAME      VALUE            ERROR          SIZE      DERIVATIVE 
   1  p0           1.06587e+00   1.77941e-03   2.48848e-06   6.70111e-06
   2  p1           2.32017e-02   1.25841e-03   1.75986e-06  -1.30890e-05
SaveSource cannot open file: /home/zhangfy/nl_target/toyMC/results/data_10037.C
1.07197	0.00394015
1.07202	0.00352712
1.07684	0.00351357
1.08007	0.00351135
1.08022	0.00342294
1.09515	0.00328666
1.12011	0.00350276
1.15462	0.00504702
 FCN=3.05174 FROM MIGRAD    STATUS=CONVERGED      36 CALLS          37 TOTAL
                     EDM=6.87122e-16    STRATEGY= 1      ERROR MATRIX ACCURATE 
  EXT PARAMETER                                   STEP         FIRST   
  NO.   NAME      VALUE            ERROR          SIZE      DERIVATIVE 
   1  p0           1.06833e+00   1.78373e-03   1.26299e-06   1.41661e-05
   2  p1           2.23480e-02   1.26056e-03   8.92559e-07  -1.17160e-05
SaveSource cannot open file: /home/zhangfy/nl_target/toyMC/results/data_10038.C
1.07009	0.00393323
1.07086	0.0035233
1.07163	0.00349656
1.08255	0.00351941
1.08076	0.00342465
1.09153	0.00327579
1.12189	0.00350831
1.14331	0.00499757
 FCN=2.23665 FROM MIGRAD    STATUS=CONVERGED      36 CALLS          37 TOTAL
                     EDM=6.8416e-16    STRATEGY= 1      ERROR MATRIX ACCURATE 
  EXT PARAMETER                                   STEP         FIRST   
  NO.   NAME      VALUE            ERROR          SIZE      DERIVATIVE 
   1  p0           1.06767e+00   1.78006e-03   1.12709e-06   1.38721e-05
   2  p1           2.12855e-02   1.25492e-03   7.94580e-07  -1.22008e-05
SaveSource cannot open file: /home/zhangfy/nl_target/toyMC/results/data_10039.C
1.07297	0.00394382
1.0719	0.00352671
1.06854	0.00348649
1.07574	0.00349726
1.08128	0.00342628
1.08583	0.00325868
1.11408	0.00348389
1.14533	0.00500639
 FCN=4.61847 FROM MIGRAD    STATUS=CONVERGED      34 CALLS          35 TOTAL
                     EDM=6.76204e-17    STRATEGY= 1      ERROR MATRIX ACCURATE 
  EXT PARAMETER                                   STEP         FIRST   
  NO.   NAME      VALUE            ERROR          SIZE      DERIVATIVE 
   1  p0           1.06599e+00   1.77831e-03   1.48144e-06  -4.54748e-06
   2  p1           2.03355e-02   1.25330e-03   1.04408e-06   3.55371e-06
SaveSource cannot open file: /home/zhangfy/nl_target/toyMC/results/data_10040.C
1.06102	0.00389989
1.07667	0.00354242
1.07953	0.00352233
1.08204	0.00351774
1.08476	0.00343733
1.09419	0.00328377
1.11803	0.00349625
1.14169	0.0049905
 FCN=12.0571 FROM MIGRAD    STATUS=CONVERGED      36 CALLS          37 TOTAL
                     EDM=3.03023e-15    STRATEGY= 1      ERROR MATRIX ACCURATE 
  EXT PARAMETER                                   STEP         FIRST   
  NO.   NAME      VALUE            ERROR          SIZE      DERIVATIVE 
   1  p0           1.07035e+00   1.78252e-03   2.26616e-06   6.73534e-06
   2  p1           1.96870e-02   1.25323e-03   1.59326e-06  -5.50909e-05
SaveSource cannot open file: /home/zhangfy/nl_target/toyMC/results/data_10041.C
1.06899	0.00392917
1.06958	0.00351909
1.07374	0.00350346
1.07613	0.00349853
1.08007	0.00342245
1.09375	0.00328245
1.11604	0.00349003
1.14339	0.00499793
 FCN=2.45258 FROM MIGRAD    STATUS=CONVERGED      36 CALLS          37 TOTAL
                     EDM=3.20027e-17    STRATEGY= 1      ERROR MATRIX ACCURATE 
  EXT PARAMETER                                   STEP         FIRST   
  NO.   NAME      VALUE            ERROR          SIZE      DERIVATIVE 
   1  p0           1.06689e+00   1.77845e-03   1.16259e-06   4.40396e-06
   2  p1           2.06577e-02   1.25282e-03   8.18983e-07   8.86163e-06
SaveSource cannot open file: /home/zhangfy/nl_target/toyMC/results/data_10042.C
1.0765	0.00395679
1.06674	0.00350974
1.07448	0.00350587
1.07833	0.0035057
1.07688	0.00341235
1.09218	0.00327775
1.11964	0.00350128
1.14736	0.00501529
 FCN=6.15712 FROM MIGRAD    STATUS=CONVERGED      36 CALLS          37 TOTAL
                     EDM=1.45692e-15    STRATEGY= 1      ERROR MATRIX ACCURATE 
  EXT PARAMETER                                   STEP         FIRST   
  NO.   NAME      VALUE            ERROR          SIZE      DERIVATIVE 
   1  p0           1.06682e+00   1.78015e-03   1.67519e-06   1.50907e-05
   2  p1           2.15962e-02   1.25640e-03   1.18232e-06  -2.52784e-05
SaveSource cannot open file: /home/zhangfy/nl_target/toyMC/results/data_10043.C
1.06976	0.00393201
1.06663	0.00350936
1.0694	0.00348929
1.08085	0.0035139
1.07641	0.00341087
1.08768	0.00326423
1.11801	0.00349617
1.14332	0.0049976
 FCN=3.37163 FROM MIGRAD    STATUS=CONVERGED      36 CALLS          37 TOTAL
                     EDM=9.72847e-17    STRATEGY= 1      ERROR MATRIX ACCURATE 
  EXT PARAMETER                                   STEP         FIRST   
  NO.   NAME      VALUE            ERROR          SIZE      DERIVATIVE 
   1  p0           1.06468e+00   1.77602e-03   1.30645e-06   1.08350e-05
   2  p1           2.14262e-02   1.25296e-03   9.21687e-07   9.43288e-06
SaveSource cannot open file: /home/zhangfy/nl_target/toyMC/results/data_10044.C
1.06903	0.00392933
1.0713	0.00352473
1.07245	0.00349924
1.08254	0.00351937
1.07383	0.0034027
1.09211	0.00327754
1.1276	0.00352618
1.15046	0.0050288
 FCN=6.88425 FROM MIGRAD    STATUS=CONVERGED      36 CALLS          37 TOTAL
                     EDM=4.02273e-17    STRATEGY= 1      ERROR MATRIX ACCURATE 
  EXT PARAMETER                                   STEP         FIRST   
  NO.   NAME      VALUE            ERROR          SIZE      DERIVATIVE 
   1  p0           1.06548e+00   1.77974e-03   1.75964e-06   6.72454e-06
   2  p1           2.39067e-02   1.26022e-03   1.24599e-06   4.64054e-06
SaveSource cannot open file: /home/zhangfy/nl_target/toyMC/results/data_10045.C
1.07143	0.00393816
1.07876	0.00354927
1.06962	0.00349002
1.07596	0.00349799
1.07806	0.00341609
1.09065	0.00327315
1.12494	0.00351787
1.14522	0.0050059
 FCN=7.91138 FROM MIGRAD    STATUS=CONVERGED      36 CALLS          37 TOTAL
                     EDM=5.90413e-16    STRATEGY= 1      ERROR MATRIX ACCURATE 
  EXT PARAMETER                                   STEP         FIRST   
  NO.   NAME      VALUE            ERROR          SIZE      DERIVATIVE 
   1  p0           1.06701e+00   1.78056e-03   1.87023e-06  -1.31489e-05
   2  p1           2.19920e-02   1.25725e-03   1.32056e-06  -3.67226e-05
SaveSource cannot open file: /home/zhangfy/nl_target/toyMC/results/data_10046.C
1.07249	0.00394207
1.07561	0.00353891
1.08148	0.00352871
1.07536	0.00349602
1.07939	0.00342029
1.08941	0.00326944
1.12462	0.00351687
1.14979	0.00502588
 FCN=7.74896 FROM MIGRAD    STATUS=CONVERGED      36 CALLS          37 TOTAL
                     EDM=6.5438e-17    STRATEGY= 1      ERROR MATRIX ACCURATE 
  EXT PARAMETER                                   STEP         FIRST   
  NO.   NAME      VALUE            ERROR          SIZE      DERIVATIVE 
   1  p0           1.06864e+00   1.78414e-03   1.85560e-06  -6.06687e-06
   2  p1           2.18252e-02   1.26013e-03   1.31060e-06  -1.26050e-05
SaveSource cannot open file: /home/zhangfy/nl_target/toyMC/results/data_10047.C
1.07137	0.00393793
1.07599	0.00354018
1.06929	0.00348894
1.07916	0.00350838
1.07643	0.00341094
1.08764	0.00326411
1.11892	0.00349902
1.15009	0.00502719
 FCN=5.97193 FROM MIGRAD    STATUS=CONVERGED      36 CALLS          37 TOTAL
                     EDM=1.21854e-16    STRATEGY= 1      ERROR MATRIX ACCURATE 
  EXT PARAMETER                                   STEP         FIRST   
  NO.   NAME      VALUE            ERROR          SIZE      DERIVATIVE 
   1  p0           1.06604e+00   1.78013e-03   1.65248e-06  -1.12912e-05
   2  p1           2.17965e-02   1.25756e-03   1.16738e-06  -6.43664e-06
SaveSource cannot open file: /home/zhangfy/nl_target/toyMC/results/data_10048.C
1.07256	0.00394231
1.07733	0.00354459
1.07334	0.00350215
1.08271	0.00351992
1.08246	0.00343003
1.09162	0.00327607
1.11694	0.00349285
1.14372	0.00499936
 FCN=2.03083 FROM MIGRAD    STATUS=CONVERGED      38 CALLS          39 TOTAL
                     EDM=4.72288e-15    STRATEGY= 1      ERROR MATRIX ACCURATE 
  EXT PARAMETER                                   STEP         FIRST   
  NO.   NAME      VALUE            ERROR          SIZE      DERIVATIVE 
   1  p0           1.07059e+00   1.78390e-03   1.09168e-06   8.33121e-06
   2  p1           1.93207e-02   1.25448e-03   7.67697e-07  -6.87800e-05
SaveSource cannot open file: /home/zhangfy/nl_target/toyMC/results/data_10049.C
1.06782	0.00392489
1.07218	0.00352764
1.07466	0.00350644
1.07808	0.00350487
1.08262	0.00343055
1.09336	0.00328127
1.12376	0.00351417
1.14827	0.00501927
 FCN=1.00394 FROM MIGRAD    STATUS=CONVERGED      36 CALLS          37 TOTAL
                     EDM=1.87678e-16    STRATEGY= 1      ERROR MATRIX ACCURATE 
  EXT PARAMETER                                   STEP         FIRST   
  NO.   NAME      VALUE            ERROR          SIZE      DERIVATIVE 
   1  p0           1.06734e+00   1.78100e-03   8.87536e-07   5.74583e-06
   2  p1           2.24950e-02   1.25806e-03   6.26940e-07  -8.60284e-06
SaveSource cannot open file: /home/zhangfy/nl_target/toyMC/results/data_10050.C
1.06154	0.00390181
1.06554	0.0035058
1.07325	0.00350186
1.07794	0.00350443
1.08365	0.00343382
1.09572	0.00328836
1.11816	0.00349666
1.14825	0.00501915
 FCN=10.0234 FROM MIGRAD    STATUS=CONVERGED      36 CALLS          37 TOTAL
                     EDM=1.48232e-16    STRATEGY= 1      ERROR MATRIX ACCURATE 
  EXT PARAMETER                                   STEP         FIRST   
  NO.   NAME      VALUE            ERROR          SIZE      DERIVATIVE 
   1  p0           1.06507e+00   1.77671e-03   2.07775e-06   6.26673e-06
   2  p1           2.27406e-02   1.25502e-03   1.46767e-06  -5.99111e-06
SaveSource cannot open file: /home/zhangfy/nl_target/toyMC/results/data_10051.C
1.06775	0.00392462
1.07331	0.00353134
1.07065	0.00349338
1.07725	0.00350218
1.07433	0.00340427
1.08718	0.00326273
1.12427	0.00351577
1.14742	0.00501553
 FCN=4.69956 FROM MIGRAD    STATUS=CONVERGED      36 CALLS          37 TOTAL
                     EDM=7.12426e-17    STRATEGY= 1      ERROR MATRIX ACCURATE 
  EXT PARAMETER                                   STEP         FIRST   
  NO.   NAME      VALUE            ERROR          SIZE      DERIVATIVE 
   1  p0           1.06420e+00   1.77740e-03   1.49319e-06  -7.49472e-06
   2  p1           2.30278e-02   1.25740e-03   1.05634e-06  -1.29863e-05
SaveSource cannot open file: /home/zhangfy/nl_target/toyMC/results/data_10052.C
1.07618	0.00395561
1.07379	0.00353293
1.06474	0.00347409
1.07908	0.00350813
1.08039	0.00342348
1.09925	0.00329895
1.11955	0.00350101
1.14537	0.00500657
 FCN=15.2097 FROM MIGRAD    STATUS=CONVERGED      36 CALLS          37 TOTAL
                     EDM=1.61464e-16    STRATEGY= 1      ERROR MATRIX ACCURATE 
  EXT PARAMETER                                   STEP         FIRST   
  NO.   NAME      VALUE            ERROR          SIZE      DERIVATIVE 
   1  p0           1.06816e+00   1.78076e-03   2.52363e-06  -4.75478e-06
   2  p1           2.13589e-02   1.25538e-03   1.77907e-06   8.78907e-06
SaveSource cannot open file: /home/zhangfy/nl_target/toyMC/results/data_10053.C
1.06887	0.00392875
1.07242	0.00352842
1.07677	0.00351334
1.07659	0.00350004
1.08267	0.00343071
1.0974	0.00329342
1.1201	0.00350273
1.14396	0.00500039
 FCN=4.72319 FROM MIGRAD    STATUS=CONVERGED      36 CALLS          37 TOTAL
                     EDM=1.06425e-16    STRATEGY= 1      ERROR MATRIX ACCURATE 
  EXT PARAMETER                                   STEP         FIRST   
  NO.   NAME      VALUE            ERROR          SIZE      DERIVATIVE 
   1  p0           1.06897e+00   1.78151e-03   1.50005e-06  -2.92349e-06
   2  p1           2.09113e-02   1.25494e-03   1.05667e-06  -1.41106e-05
SaveSource cannot open file: /home/zhangfy/nl_target/toyMC/results/data_10054.C
1.06801	0.00392558
1.06817	0.00351443
1.07947	0.00352214
1.07556	0.00349669
1.08655	0.00344301
1.09154	0.00327581
1.11702	0.00349308
1.14456	0.00500301
 FCN=8.04774 FROM MIGRAD    STATUS=CONVERGED      36 CALLS          37 TOTAL
                     EDM=3.06304e-17    STRATEGY= 1      ERROR MATRIX ACCURATE 
  EXT PARAMETER                                   STEP         FIRST   
  NO.   NAME      VALUE            ERROR          SIZE      DERIVATIVE 
   1  p0           1.06824e+00   1.78061e-03   1.88405e-06   5.60753e-06
   2  p1           2.04641e-02   1.25400e-03   1.32686e-06   7.98243e-06
SaveSource cannot open file: /home/zhangfy/nl_target/toyMC/results/data_10055.C
1.07406	0.00394782
1.07473	0.00353601
1.07193	0.00349754
1.07885	0.00350737
1.08476	0.00343731
1.09512	0.00328656
1.12267	0.00351075
1.14527	0.00500612
 FCN=2.58958 FROM MIGRAD    STATUS=CONVERGED      36 CALLS          37 TOTAL
                     EDM=4.40877e-15    STRATEGY= 1      ERROR MATRIX ACCURATE 
  EXT PARAMETER                                   STEP         FIRST   
  NO.   NAME      VALUE            ERROR          SIZE      DERIVATIVE 
   1  p0           1.06965e+00   1.78325e-03   1.18894e-06  -3.27635e-05
   2  p1           2.11165e-02   1.25682e-03   8.37955e-07   3.45539e-05
SaveSource cannot open file: /home/zhangfy/nl_target/toyMC/results/data_10056.C
1.06879	0.00392846
1.08239	0.00356123
1.07722	0.00351481
1.07022	0.00347932
1.0797	0.00342128
1.09573	0.00328838
1.12073	0.0035047
1.14442	0.00500244
 FCN=17.0848 FROM MIGRAD    STATUS=CONVERGED      36 CALLS          37 TOTAL
                     EDM=3.90298e-17    STRATEGY= 1      ERROR MATRIX ACCURATE 
  EXT PARAMETER                                   STEP         FIRST   
  NO.   NAME      VALUE            ERROR          SIZE      DERIVATIVE 
   1  p0           1.06918e+00   1.78272e-03   2.66636e-06   7.92792e-07
   2  p1           2.06142e-02   1.25601e-03   1.87857e-06   7.76801e-06
SaveSource cannot open file: /home/zhangfy/nl_target/toyMC/results/data_10057.C
1.07076	0.0039357
1.07476	0.00353611
1.06998	0.00349119
1.08099	0.00351433
1.08521	0.00343875
1.09029	0.00327206
1.12186	0.00350824
1.14275	0.00499514
 FCN=3.86456 FROM MIGRAD    STATUS=CONVERGED      36 CALLS          37 TOTAL
                     EDM=7.29766e-16    STRATEGY= 1      ERROR MATRIX ACCURATE 
  EXT PARAMETER                                   STEP         FIRST   
  NO.   NAME      VALUE            ERROR          SIZE      DERIVATIVE 
   1  p0           1.06873e+00   1.78145e-03   1.38246e-06  -2.43733e-05
   2  p1           2.07588e-02   1.25496e-03   9.73888e-07  -6.52074e-06
SaveSource cannot open file: /home/zhangfy/nl_target/toyMC/results/data_10058.C
1.06777	0.00392471
1.07021	0.00352117
1.07923	0.00352135
1.07855	0.00350641
1.08582	0.00344067
1.09044	0.00327251
1.12449	0.00351645
1.14613	0.00500989
 FCN=5.1994 FROM MIGRAD    STATUS=CONVERGED      36 CALLS          37 TOTAL
                     EDM=5.48928e-16    STRATEGY= 1      ERROR MATRIX ACCURATE 
  EXT PARAMETER                                   STEP         FIRST   
  NO.   NAME      VALUE            ERROR          SIZE      DERIVATIVE 
   1  p0           1.06834e+00   1.78194e-03   1.56159e-06  -1.76246e-05
   2  p1           2.18395e-02   1.25742e-03   1.10193e-06  -3.65531e-05
SaveSource cannot open file: /home/zhangfy/nl_target/toyMC/results/data_10059.C
1.07942	0.00396753
1.06779	0.00351318
1.07042	0.00349261
1.07582	0.00349753
1.07498	0.00340635
1.09494	0.00328601
1.11664	0.0034919
1.14192	0.00499151
 FCN=12.5909 FROM MIGRAD    STATUS=CONVERGED      36 CALLS          37 TOTAL
                     EDM=5.87302e-16    STRATEGY= 1      ERROR MATRIX ACCURATE 
  EXT PARAMETER                                   STEP         FIRST   
  NO.   NAME      VALUE            ERROR          SIZE      DERIVATIVE 
   1  p0           1.06695e+00   1.77860e-03   2.30626e-06   1.84374e-05
   2  p1           2.03966e-02   1.25263e-03   1.62426e-06  -1.66507e-06
SaveSource cannot open file: /home/zhangfy/nl_target/toyMC/results/data_10060.C
1.06967	0.00393168
1.07038	0.00352173
1.06873	0.00348709
1.087	0.00353388
1.07703	0.00341283
1.09257	0.00327891
1.12063	0.00350437
1.14953	0.00502476
 FCN=9.4117 FROM MIGRAD    STATUS=CONVERGED      36 CALLS          37 TOTAL
                     EDM=3.67024e-16    STRATEGY= 1      ERROR MATRIX ACCURATE 
  EXT PARAMETER                                   STEP         FIRST   
  NO.   NAME      VALUE            ERROR          SIZE      DERIVATIVE 
   1  p0           1.06654e+00   1.77996e-03   2.02136e-06   1.13166e-05
   2  p1           2.23787e-02   1.25742e-03   1.42795e-06  -7.08765e-06
SaveSource cannot open file: /home/zhangfy/nl_target/toyMC/results/data_10061.C
1.06848	0.00392731
1.07336	0.00353152
1.06807	0.00348494
1.0787	0.00350691
1.07894	0.00341889
1.09133	0.0032752
1.11387	0.00348323
1.14479	0.00500403
 FCN=4.21154 FROM MIGRAD    STATUS=CONVERGED      36 CALLS          37 TOTAL
                     EDM=6.12538e-17    STRATEGY= 1      ERROR MATRIX ACCURATE 
  EXT PARAMETER                                   STEP         FIRST   
  NO.   NAME      VALUE            ERROR          SIZE      DERIVATIVE 
   1  p0           1.06633e+00   1.77805e-03   1.42745e-06  -7.34214e-06
   2  p1           2.05112e-02   1.25275e-03   1.00573e-06  -1.18912e-05
SaveSource cannot open file: /home/zhangfy/nl_target/toyMC/results/data_10062.C
1.07154	0.00393855
1.06412	0.00350112
1.07374	0.00350345
1.07742	0.00350275
1.08239	0.00342981
1.0894	0.0032694
1.11348	0.00348202
1.13884	0.00497803
 FCN=5.30684 FROM MIGRAD    STATUS=CONVERGED      36 CALLS          37 TOTAL
                     EDM=4.51871e-16    STRATEGY= 1      ERROR MATRIX ACCURATE 
  EXT PARAMETER                                   STEP         FIRST   
  NO.   NAME      VALUE            ERROR          SIZE      DERIVATIVE 
   1  p0           1.06679e+00   1.77705e-03   1.56951e-06  -1.86463e-05
   2  p1           1.94624e-02   1.24952e-03   1.10358e-06  -3.76652e-06
SaveSource cannot open file: /home/zhangfy/nl_target/toyMC/results/data_10063.C
1.06715	0.00392241
1.0761	0.00354054
1.07342	0.00350242
1.07725	0.00350218
1.0832	0.00343238
1.0962	0.00328982
1.1287	0.00352962
1.14913	0.00502302
 FCN=4.96173 FROM MIGRAD    STATUS=CONVERGED      34 CALLS          35 TOTAL
                     EDM=8.51584e-17    STRATEGY= 1      ERROR MATRIX ACCURATE 
  EXT PARAMETER                                   STEP         FIRST   
  NO.   NAME      VALUE            ERROR          SIZE      DERIVATIVE 
   1  p0           1.06781e+00   1.78215e-03   1.53277e-06   4.01854e-06
   2  p1           2.34426e-02   1.26027e-03   1.08392e-06  -5.57406e-06
SaveSource cannot open file: /home/zhangfy/nl_target/toyMC/results/data_10064.C
1.07848	0.00396408
1.06924	0.00351797
1.07235	0.00349892
1.07558	0.00349676
1.08443	0.00343627
1.09282	0.00327966
1.12103	0.00350562
1.14834	0.00501954
 FCN=6.53062 FROM MIGRAD    STATUS=CONVERGED      36 CALLS          37 TOTAL
                     EDM=2.60362e-16    STRATEGY= 1      ERROR MATRIX ACCURATE 
  EXT PARAMETER                                   STEP         FIRST   
  NO.   NAME      VALUE            ERROR          SIZE      DERIVATIVE 
   1  p0           1.06809e+00   1.78207e-03   1.72038e-06  -7.64721e-06
   2  p1           2.16250e-02   1.25763e-03   1.21410e-06   8.86462e-06
SaveSource cannot open file: /home/zhangfy/nl_target/toyMC/results/data_10065.C
1.07451	0.00394947
1.06863	0.00351595
1.0743	0.00350527
1.0836	0.00352283
1.08075	0.00342461
1.09029	0.00327206
1.11553	0.00348843
1.14898	0.00502237
 FCN=5.87223 FROM MIGRAD    STATUS=CONVERGED      34 CALLS          35 TOTAL
                     EDM=3.16504e-16    STRATEGY= 1      ERROR MATRIX ACCURATE 
  EXT PARAMETER                                   STEP         FIRST   
  NO.   NAME      VALUE            ERROR          SIZE      DERIVATIVE 
   1  p0           1.06839e+00   1.78216e-03   1.64233e-06  -4.22367e-06
   2  p1           2.05423e-02   1.25610e-03   1.15756e-06  -2.37188e-05
SaveSource cannot open file: /home/zhangfy/nl_target/toyMC/results/data_10066.C
1.06989	0.0039325
1.0683	0.00351486
1.07188	0.00349738
1.07625	0.00349894
1.07554	0.00340809
1.09718	0.00329275
1.12528	0.00351893
1.15406	0.00504456
 FCN=5.28779 FROM MIGRAD    STATUS=CONVERGED      36 CALLS          37 TOTAL
                     EDM=3.16748e-16    STRATEGY= 1      ERROR MATRIX ACCURATE 
  EXT PARAMETER                                   STEP         FIRST   
  NO.   NAME      VALUE            ERROR          SIZE      DERIVATIVE 
   1  p0           1.06440e+00   1.77860e-03   1.57099e-06   5.49957e-06
   2  p1           2.47269e-02   1.26089e-03   1.11371e-06  -1.37887e-05
SaveSource cannot open file: /home/zhangfy/nl_target/toyMC/results/data_10067.C
1.06639	0.00391965
1.07203	0.00352715
1.07795	0.00351718
1.0803	0.0035121
1.08425	0.0034357
1.08964	0.00327013
1.12289	0.00351145
1.14347	0.00499827
 FCN=4.15713 FROM MIGRAD    STATUS=CONVERGED      36 CALLS          37 TOTAL
                     EDM=5.55296e-17    STRATEGY= 1      ERROR MATRIX ACCURATE 
  EXT PARAMETER                                   STEP         FIRST   
  NO.   NAME      VALUE            ERROR          SIZE      DERIVATIVE 
   1  p0           1.06851e+00   1.78140e-03   1.42356e-06  -7.71004e-06
   2  p1           2.10874e-02   1.25555e-03   1.00334e-06  -4.70275e-06
SaveSource cannot open file: /home/zhangfy/nl_target/toyMC/results/data_10068.C
1.07296	0.00394378
1.07155	0.00352556
1.07531	0.00350857
1.08201	0.00351765
1.08514	0.00343851
1.08834	0.00326622
1.11926	0.00350009
1.14562	0.00500766
 FCN=2.55203 FROM MIGRAD    STATUS=CONVERGED      36 CALLS          37 TOTAL
                     EDM=2.61019e-16    STRATEGY= 1      ERROR MATRIX ACCURATE 
  EXT PARAMETER                                   STEP         FIRST   
  NO.   NAME      VALUE            ERROR          SIZE      DERIVATIVE 
   1  p0           1.06937e+00   1.78303e-03   1.18155e-06   8.77006e-06
   2  p1           2.03072e-02   1.25587e-03   8.32219e-07  -7.19054e-06
SaveSource cannot open file: /home/zhangfy/nl_target/toyMC/results/data_10069.C
1.07131	0.0039377
1.06935	0.00351831
1.07676	0.0035133
1.07592	0.00349786
1.0841	0.00343523
1.09581	0.00328864
1.12488	0.00351768
1.15011	0.0050273
 FCN=3.59903 FROM MIGRAD    STATUS=CONVERGED      36 CALLS          37 TOTAL
                     EDM=7.75597e-16    STRATEGY= 1      ERROR MATRIX ACCURATE 
  EXT PARAMETER                                   STEP         FIRST   
  NO.   NAME      VALUE            ERROR          SIZE      DERIVATIVE 
   1  p0           1.06776e+00   1.78201e-03   1.34557e-06  -2.12998e-05
   2  p1           2.29202e-02   1.25950e-03   9.51031e-07   1.60633e-06
SaveSource cannot open file: /home/zhangfy/nl_target/toyMC/results/data_10070.C
1.06847	0.00392729
1.07259	0.00352898
1.07312	0.00350142
1.07558	0.00349674
1.08083	0.00342488
1.09217	0.00327772
1.1174	0.00349429
1.14274	0.00499509
 FCN=1.31435 FROM MIGRAD    STATUS=CONVERGED      36 CALLS          37 TOTAL
                     EDM=8.76791e-16    STRATEGY= 1      ERROR MATRIX ACCURATE 
  EXT PARAMETER                                   STEP         FIRST   
  NO.   NAME      VALUE            ERROR          SIZE      DERIVATIVE 
   1  p0           1.06715e+00   1.77893e-03   9.52026e-07  -2.87517e-06
   2  p1           2.05859e-02   1.25310e-03   6.70618e-07   3.04575e-05
SaveSource cannot open file: /home/zhangfy/nl_target/toyMC/results/data_10071.C
1.06889	0.00392883
1.07436	0.00353481
1.07655	0.00351262
1.0838	0.00352348
1.08678	0.00344373
1.09266	0.00327919
1.1183	0.00349708
1.14227	0.00499301
 FCN=3.19171 FROM MIGRAD    STATUS=CONVERGED      36 CALLS          37 TOTAL
                     EDM=6.76505e-16    STRATEGY= 1      ERROR MATRIX ACCURATE 
  EXT PARAMETER                                   STEP         FIRST   
  NO.   NAME      VALUE            ERROR          SIZE      DERIVATIVE 
   1  p0           1.07114e+00   1.78394e-03   1.28460e-06  -2.65931e-05
   2  p1           1.94075e-02   1.25396e-03   9.02971e-07  -1.53875e-05
SaveSource cannot open file: /home/zhangfy/nl_target/toyMC/results/data_10072.C
1.07117	0.00393719
1.07731	0.00354453
1.07834	0.00351848
1.07466	0.00349375
1.0799	0.00342193
1.09432	0.00328415
1.11305	0.00348067
1.14827	0.00501925
 FCN=9.25672 FROM MIGRAD    STATUS=CONVERGED      36 CALLS          37 TOTAL
                     EDM=1.44711e-15    STRATEGY= 1      ERROR MATRIX ACCURATE 
  EXT PARAMETER                                   STEP         FIRST   
  NO.   NAME      VALUE            ERROR          SIZE      DERIVATIVE 
   1  p0           1.06951e+00   1.78339e-03   2.00689e-06   2.07010e-05
   2  p1           1.96510e-02   1.25543e-03   1.41276e-06   5.76816e-05
SaveSource cannot open file: /home/zhangfy/nl_target/toyMC/results/data_10073.C
1.06587	0.00391773
1.06788	0.00351348
1.06782	0.00348413
1.07736	0.00350255
1.08517	0.00343861
1.0916	0.00327599
1.11967	0.00350136
1.14665	0.00501217
 FCN=5.1743 FROM MIGRAD    STATUS=CONVERGED      36 CALLS          37 TOTAL
                     EDM=9.98034e-17    STRATEGY= 1      ERROR MATRIX ACCURATE 
  EXT PARAMETER                                   STEP         FIRST   
  NO.   NAME      VALUE            ERROR          SIZE      DERIVATIVE 
   1  p0           1.06494e+00   1.77669e-03   1.55450e-06   5.11509e-06
   2  p1           2.25303e-02   1.25491e-03   1.09798e-06  -4.95668e-06
SaveSource cannot open file: /home/zhangfy/nl_target/toyMC/results/data_10074.C
1.06987	0.00393241
1.06396	0.00350059
1.06836	0.0034859
1.07851	0.00350627
1.07412	0.00340361
1.09172	0.00327635
1.12436	0.00351606
1.15237	0.00503715
 FCN=4.94989 FROM MIGRAD    STATUS=CONVERGED      36 CALLS          37 TOTAL
                     EDM=5.44667e-16    STRATEGY= 1      ERROR MATRIX ACCURATE 
  EXT PARAMETER                                   STEP         FIRST   
  NO.   NAME      VALUE            ERROR          SIZE      DERIVATIVE 
   1  p0           1.06227e+00   1.77545e-03   1.52535e-06  -9.30769e-06
   2  p1           2.48464e-02   1.25914e-03   1.08177e-06   1.53534e-05
SaveSource cannot open file: /home/zhangfy/nl_target/toyMC/results/data_10075.C
1.06903	0.00392933
1.0748	0.00353625
1.0735	0.00350266
1.07614	0.00349859
1.08181	0.00342797
1.09001	0.00327122
1.12202	0.00350873
1.15126	0.00503234
 FCN=1.78068 FROM MIGRAD    STATUS=CONVERGED      36 CALLS          37 TOTAL
                     EDM=1.86027e-15    STRATEGY= 1      ERROR MATRIX ACCURATE 
  EXT PARAMETER                                   STEP         FIRST   
  NO.   NAME      VALUE            ERROR          SIZE      DERIVATIVE 
   1  p0           1.06672e+00   1.78125e-03   1.04490e-06   3.12012e-05
   2  p1           2.25036e-02   1.25916e-03   7.38643e-07  -5.93332e-06
SaveSource cannot open file: /home/zhangfy/nl_target/toyMC/results/data_10076.C
1.06788	0.00392512
1.0678	0.00351323
1.07272	0.00350013
1.07613	0.00349856
1.07681	0.00341212
1.09091	0.00327394
1.12057	0.00350418
1.15032	0.00502822
 FCN=1.03876 FROM MIGRAD    STATUS=CONVERGED      36 CALLS          37 TOTAL
                     EDM=1.81833e-17    STRATEGY= 1      ERROR MATRIX ACCURATE 
  EXT PARAMETER                                   STEP         FIRST   
  NO.   NAME      VALUE            ERROR          SIZE      DERIVATIVE 
   1  p0           1.06410e+00   1.77717e-03   8.93081e-07   1.94167e-06
   2  p1           2.31681e-02   1.25735e-03   6.31859e-07  -2.46693e-06
SaveSource cannot open file: /home/zhangfy/nl_target/toyMC/results/data_10077.C
1.0725	0.00394209
1.07128	0.00352469
1.06716	0.00348198
1.07994	0.00351092
1.08242	0.00342992
1.09107	0.00327442
1.11614	0.00349034
1.14693	0.00501337
 FCN=5.10789 FROM MIGRAD    STATUS=CONVERGED      36 CALLS          37 TOTAL
                     EDM=9.94895e-15    STRATEGY= 1      ERROR MATRIX ACCURATE 
  EXT PARAMETER                                   STEP         FIRST   
  NO.   NAME      VALUE            ERROR          SIZE      DERIVATIVE 
   1  p0           1.06692e+00   1.77953e-03   1.54687e-06   9.77539e-06
   2  p1           2.10158e-02   1.25474e-03   1.09069e-06  -1.02361e-04
SaveSource cannot open file: /home/zhangfy/nl_target/toyMC/results/data_10078.C
1.06786	0.00392504
1.07135	0.00352489
1.07454	0.00350606
1.08131	0.0035154
1.08119	0.00342601
1.09167	0.00327621
1.1184	0.00349739
1.14542	0.00500678
 FCN=1.40433 FROM MIGRAD    STATUS=CONVERGED      36 CALLS          37 TOTAL
                     EDM=1.2352e-17    STRATEGY= 1      ERROR MATRIX ACCURATE 
  EXT PARAMETER                                   STEP         FIRST   
  NO.   NAME      VALUE            ERROR          SIZE      DERIVATIVE 
   1  p0           1.06784e+00   1.78050e-03   9.71253e-07   1.72425e-06
   2  p1           2.09138e-02   1.25488e-03   6.84533e-07   5.24351e-06
SaveSource cannot open file: /home/zhangfy/nl_target/toyMC/results/data_10079.C
1.07529	0.00395235
1.07263	0.00352911
1.07296	0.00350091
1.07718	0.00350194
1.07899	0.00341904
1.09826	0.00329598
1.12244	0.00351005
1.14542	0.0050068
 FCN=6.2391 FROM MIGRAD    STATUS=CONVERGED      36 CALLS          37 TOTAL
                     EDM=2.26651e-16    STRATEGY= 1      ERROR MATRIX ACCURATE 
  EXT PARAMETER                                   STEP         FIRST   
  NO.   NAME      VALUE            ERROR          SIZE      DERIVATIVE 
   1  p0           1.06866e+00   1.78193e-03   1.68750e-06   7.29887e-06
   2  p1           2.15298e-02   1.25666e-03   1.19006e-06  -8.03799e-06
SaveSource cannot open file: /home/zhangfy/nl_target/toyMC/results/data_10080.C
1.06917	0.00392985
1.0759	0.00353987
1.07132	0.00349556
1.0812	0.00351503
1.07632	0.00341059
1.09739	0.00329337
1.11567	0.00348886
1.1544	0.00504606
 FCN=12.2931 FROM MIGRAD    STATUS=CONVERGED      36 CALLS          37 TOTAL
                     EDM=8.71553e-16    STRATEGY= 1      ERROR MATRIX ACCURATE 
  EXT PARAMETER                                   STEP         FIRST   
  NO.   NAME      VALUE            ERROR          SIZE      DERIVATIVE 
   1  p0           1.06750e+00   1.78203e-03   2.28515e-06  -2.01722e-05
   2  p1           2.19486e-02   1.25867e-03   1.61404e-06   6.20996e-06
SaveSource cannot open file: /home/zhangfy/nl_target/toyMC/results/data_10081.C
1.07114	0.00393709
1.07232	0.00352811
1.07727	0.00351498
1.07444	0.00349306
1.07522	0.00340711
1.09788	0.00329485
1.10956	0.00346975
1.14416	0.00500127
 FCN=15.5847 FROM MIGRAD    STATUS=CONVERGED      36 CALLS          37 TOTAL
                     EDM=4.16587e-15    STRATEGY= 1      ERROR MATRIX ACCURATE 
  EXT PARAMETER                                   STEP         FIRST   
  NO.   NAME      VALUE            ERROR          SIZE      DERIVATIVE 
   1  p0           1.06830e+00   1.78008e-03   2.54799e-06   2.10281e-05
   2  p1           1.91556e-02   1.25163e-03   1.79157e-06  -4.89185e-05
SaveSource cannot open file: /home/zhangfy/nl_target/toyMC/results/data_10082.C
1.07147	0.0039383
1.07258	0.00352893
1.07151	0.00349617
1.0825	0.00351926
1.08264	0.00343062
1.09143	0.00327548
1.11436	0.00348477
1.14371	0.0049993
 FCN=3.05907 FROM MIGRAD    STATUS=CONVERGED      36 CALLS          37 TOTAL
                     EDM=5.21585e-16    STRATEGY= 1      ERROR MATRIX ACCURATE 
  EXT PARAMETER                                   STEP         FIRST   
  NO.   NAME      VALUE            ERROR          SIZE      DERIVATIVE 
   1  p0           1.06900e+00   1.78132e-03   1.26177e-06  -4.68712e-06
   2  p1           1.95412e-02   1.25300e-03   8.87544e-07   2.07023e-05
SaveSource cannot open file: /home/zhangfy/nl_target/toyMC/results/data_10083.C
1.07566	0.00395372
1.07019	0.0035211
1.07992	0.00352362
1.07625	0.00349893
1.08024	0.00342301
1.0874	0.0032634
1.11779	0.0034955
1.15076	0.00503012
 FCN=8.04077 FROM MIGRAD    STATUS=CONVERGED      36 CALLS          37 TOTAL
                     EDM=1.04286e-15    STRATEGY= 1      ERROR MATRIX ACCURATE 
  EXT PARAMETER                                   STEP         FIRST   
  NO.   NAME      VALUE            ERROR          SIZE      DERIVATIVE 
   1  p0           1.06799e+00   1.78291e-03   1.88370e-06  -1.48289e-05
   2  p1           2.09405e-02   1.25811e-03   1.32923e-06   1.84086e-05
SaveSource cannot open file: /home/zhangfy/nl_target/toyMC/results/data_10084.C
1.06483	0.00391389
1.07243	0.00352846
1.0766	0.00351279
1.08136	0.00351554
1.07928	0.00341995
1.08487	0.0032558
1.11763	0.00349499
1.15046	0.00502881
 FCN=7.83848 FROM MIGRAD    STATUS=CONVERGED      36 CALLS          37 TOTAL
                     EDM=2.72055e-16    STRATEGY= 1      ERROR MATRIX ACCURATE 
  EXT PARAMETER                                   STEP         FIRST   
  NO.   NAME      VALUE            ERROR          SIZE      DERIVATIVE 
   1  p0           1.06620e+00   1.78014e-03   1.86047e-06   4.52929e-06
   2  p1           2.15588e-02   1.25709e-03   1.31382e-06  -1.35206e-05
SaveSource cannot open file: /home/zhangfy/nl_target/toyMC/results/data_10085.C
1.07824	0.00396319
1.07199	0.00352702
1.06821	0.00348542
1.08029	0.00351206
1.0733	0.003401
1.08867	0.00326722
1.1214	0.0035068
1.15164	0.005034
 FCN=12.4012 FROM MIGRAD    STATUS=CONVERGED      36 CALLS          37 TOTAL
                     EDM=2.82781e-17    STRATEGY= 1      ERROR MATRIX ACCURATE 
  EXT PARAMETER                                   STEP         FIRST   
  NO.   NAME      VALUE            ERROR          SIZE      DERIVATIVE 
   1  p0           1.06565e+00   1.78038e-03   2.29173e-06  -6.68536e-07
   2  p1           2.25467e-02   1.25926e-03   1.62094e-06  -6.58896e-06
SaveSource cannot open file: /home/zhangfy/nl_target/toyMC/results/data_10086.C
1.06646	0.00391988
1.0779	0.00354644
1.07522	0.00350828
1.0842	0.00352476
1.07835	0.00341702
1.08768	0.00326424
1.11353	0.00348217
1.14558	0.00500751
 FCN=9.33275 FROM MIGRAD    STATUS=CONVERGED      36 CALLS          37 TOTAL
                     EDM=1.5493e-15    STRATEGY= 1      ERROR MATRIX ACCURATE 
  EXT PARAMETER                                   STEP         FIRST   
  NO.   NAME      VALUE            ERROR          SIZE      DERIVATIVE 
   1  p0           1.06892e+00   1.78211e-03   2.01263e-06  -3.52159e-05
   2  p1           1.93201e-02   1.25393e-03   1.41613e-06  -8.79942e-06
SaveSource cannot open file: /home/zhangfy/nl_target/toyMC/results/data_10087.C
1.07069	0.00393542
1.062	0.00349415
1.07666	0.00351298
1.08323	0.00352161
1.08045	0.00342368
1.09688	0.00329185
1.11772	0.00349529
1.14711	0.00501416
 FCN=14.3514 FROM MIGRAD    STATUS=CONVERGED      36 CALLS          37 TOTAL
                     EDM=8.96777e-15    STRATEGY= 1      ERROR MATRIX ACCURATE 
  EXT PARAMETER                                   STEP         FIRST   
  NO.   NAME      VALUE            ERROR          SIZE      DERIVATIVE 
   1  p0           1.06746e+00   1.77979e-03   2.45482e-06   2.13323e-05
   2  p1           2.15846e-02   1.25512e-03   1.73115e-06  -8.34871e-05
SaveSource cannot open file: /home/zhangfy/nl_target/toyMC/results/data_10088.C
1.07406	0.00394783
1.07361	0.00353233
1.07394	0.00350412
1.08004	0.00351125
1.08848	0.00344911
1.09191	0.00327693
1.11676	0.00349228
1.14787	0.00501751
 FCN=4.45595 FROM MIGRAD    STATUS=CONVERGED      36 CALLS          37 TOTAL
                     EDM=1.81436e-16    STRATEGY= 1      ERROR MATRIX ACCURATE 
  EXT PARAMETER                                   STEP         FIRST   
  NO.   NAME      VALUE            ERROR          SIZE      DERIVATIVE 
   1  p0           1.07039e+00   1.78445e-03   1.46540e-06   5.87918e-06
   2  p1           2.00507e-02   1.25636e-03   1.03173e-06  -8.12439e-06
SaveSource cannot open file: /home/zhangfy/nl_target/toyMC/results/data_10089.C
1.0675	0.00392372
1.07888	0.00354967
1.07388	0.00350391
1.07612	0.00349851
1.07388	0.00340285
1.08777	0.0032645
1.11981	0.00350182
1.14894	0.00502219
 FCN=9.83505 FROM MIGRAD    STATUS=CONVERGED      36 CALLS          37 TOTAL
                     EDM=9.53116e-17    STRATEGY= 1      ERROR MATRIX ACCURATE 
  EXT PARAMETER                                   STEP         FIRST   
  NO.   NAME      VALUE            ERROR          SIZE      DERIVATIVE 
   1  p0           1.06599e+00   1.78002e-03   2.05981e-06   5.63356e-06
   2  p1           2.17263e-02   1.25738e-03   1.45502e-06   1.48943e-05
SaveSource cannot open file: /home/zhangfy/nl_target/toyMC/results/data_10090.C
1.07016	0.0039335
1.07674	0.00354263
1.07654	0.00351258
1.07444	0.00349303
1.07326	0.00340088
1.09745	0.00329357
1.1138	0.003483
1.14523	0.00500597
 FCN=15.2458 FROM MIGRAD    STATUS=CONVERGED      36 CALLS          37 TOTAL
                     EDM=1.49951e-16    STRATEGY= 1      ERROR MATRIX ACCURATE 
  EXT PARAMETER                                   STEP         FIRST   
  NO.   NAME      VALUE            ERROR          SIZE      DERIVATIVE 
   1  p0           1.06818e+00   1.78081e-03   2.52337e-06   1.31588e-05
   2  p1           1.99704e-02   1.25377e-03   1.77656e-06   1.60857e-05
SaveSource cannot open file: /home/zhangfy/nl_target/toyMC/results/data_10091.C
1.07029	0.00393398
1.07634	0.00354131
1.08149	0.00352873
1.08541	0.00352871
1.08016	0.00342274
1.08684	0.00326172
1.11664	0.00349191
1.15045	0.00502878
 FCN=10.8797 FROM MIGRAD    STATUS=CONVERGED      36 CALLS          37 TOTAL
                     EDM=6.17379e-17    STRATEGY= 1      ERROR MATRIX ACCURATE 
  EXT PARAMETER                                   STEP         FIRST   
  NO.   NAME      VALUE            ERROR          SIZE      DERIVATIVE 
   1  p0           1.07048e+00   1.78594e-03   2.16211e-06  -8.54859e-06
   2  p1           1.98339e-02   1.25808e-03   1.52307e-06  -7.08529e-06
SaveSource cannot open file: /home/zhangfy/nl_target/toyMC/results/data_10092.C
1.07151	0.00393847
1.07201	0.00352708
1.07608	0.0035111
1.07758	0.00350327
1.07994	0.00342205
1.08935	0.00326926
1.12034	0.00350347
1.15064	0.00502962
 FCN=1.57147 FROM MIGRAD    STATUS=CONVERGED      36 CALLS          37 TOTAL
                     EDM=9.43407e-17    STRATEGY= 1      ERROR MATRIX ACCURATE 
  EXT PARAMETER                                   STEP         FIRST   
  NO.   NAME      VALUE            ERROR          SIZE      DERIVATIVE 
   1  p0           1.06713e+00   1.78163e-03   1.00466e-06   4.57007e-06
   2  p1           2.18932e-02   1.25847e-03   7.09656e-07  -5.38171e-06
SaveSource cannot open file: /home/zhangfy/nl_target/toyMC/results/data_10093.C
1.0621	0.00390386
1.07067	0.00352268
1.06706	0.00348166
1.07596	0.00349798
1.08239	0.0034298
1.1003	0.00330213
1.11618	0.00349047
1.14857	0.00502054
 FCN=17.0053 FROM MIGRAD    STATUS=CONVERGED      36 CALLS          37 TOTAL
                     EDM=4.80812e-17    STRATEGY= 1      ERROR MATRIX ACCURATE 
  EXT PARAMETER                                   STEP         FIRST   
  NO.   NAME      VALUE            ERROR          SIZE      DERIVATIVE 
   1  p0           1.06506e+00   1.77641e-03   2.65522e-06   3.13095e-06
   2  p1           2.26579e-02   1.25452e-03   1.87515e-06   1.02026e-05
SaveSource cannot open file: /home/zhangfy/nl_target/toyMC/results/data_10094.C
1.07369	0.00394648
1.07726	0.00354434
1.07523	0.00350832
1.08227	0.00351851
1.07737	0.00341392
1.08938	0.00326932
1.11805	0.0034963
1.14844	0.00502
 FCN=5.1934 FROM MIGRAD    STATUS=CONVERGED      36 CALLS          37 TOTAL
                     EDM=1.91705e-16    STRATEGY= 1      ERROR MATRIX ACCURATE 
  EXT PARAMETER                                   STEP         FIRST   
  NO.   NAME      VALUE            ERROR          SIZE      DERIVATIVE 
   1  p0           1.06932e+00   1.78402e-03   1.56011e-06   3.04009e-06
   2  p1           2.02992e-02   1.25732e-03   1.09951e-06   1.82561e-05
SaveSource cannot open file: /home/zhangfy/nl_target/toyMC/results/data_10095.C
1.07261	0.00394248
1.0703	0.00352145
1.06799	0.0034847
1.07833	0.00350568
1.07914	0.0034195
1.09281	0.00327963
1.11789	0.00349582
1.15883	0.00506539
 FCN=7.38386 FROM MIGRAD    STATUS=CONVERGED      36 CALLS          37 TOTAL
                     EDM=3.00191e-16    STRATEGY= 1      ERROR MATRIX ACCURATE 
  EXT PARAMETER                                   STEP         FIRST   
  NO.   NAME      VALUE            ERROR          SIZE      DERIVATIVE 
   1  p0           1.06494e+00   1.78013e-03   1.81319e-06  -4.30205e-06
   2  p1           2.36330e-02   1.26109e-03   1.28451e-06   1.47193e-05
SaveSource cannot open file: /home/zhangfy/nl_target/toyMC/results/data_10096.C
1.06436	0.00391218
1.07155	0.00352556
1.0716	0.00349646
1.07973	0.00351024
1.07993	0.00342201
1.09562	0.00328806
1.1189	0.00349896
1.14996	0.00502664
 FCN=4.93551 FROM MIGRAD    STATUS=CONVERGED      36 CALLS          37 TOTAL
                     EDM=1.78879e-15    STRATEGY= 1      ERROR MATRIX ACCURATE 
  EXT PARAMETER                                   STEP         FIRST   
  NO.   NAME      VALUE            ERROR          SIZE      DERIVATIVE 
   1  p0           1.06607e+00   1.77896e-03   1.52575e-06  -1.48806e-05
   2  p1           2.25424e-02   1.25677e-03   1.07789e-06   3.05086e-05
SaveSource cannot open file: /home/zhangfy/nl_target/toyMC/results/data_10097.C
1.07075	0.00393564
1.07112	0.00352416
1.07363	0.0035031
1.07931	0.00350887
1.07806	0.00341609
1.09311	0.00328052
1.12018	0.00350297
1.14488	0.00500443
 FCN=1.34669 FROM MIGRAD    STATUS=CONVERGED      36 CALLS          37 TOTAL
                     EDM=2.35273e-16    STRATEGY= 1      ERROR MATRIX ACCURATE 
  EXT PARAMETER                                   STEP         FIRST   
  NO.   NAME      VALUE            ERROR          SIZE      DERIVATIVE 
   1  p0           1.06732e+00   1.77999e-03   9.59422e-07   6.05525e-06
   2  p1           2.13090e-02   1.25524e-03   6.76581e-07  -1.01820e-05
SaveSource cannot open file: /home/zhangfy/nl_target/toyMC/results/data_10098.C
1.07617	0.00395558
1.07215	0.00352752
1.06864	0.00348681
1.07462	0.00349362
1.08835	0.00344869
1.09295	0.00328006
1.11914	0.00349973
1.14308	0.00499658
 FCN=10.2419 FROM MIGRAD    STATUS=CONVERGED      36 CALLS          37 TOTAL
                     EDM=5.35871e-17    STRATEGY= 1      ERROR MATRIX ACCURATE 
  EXT PARAMETER                                   STEP         FIRST   
  NO.   NAME      VALUE            ERROR          SIZE      DERIVATIVE 
   1  p0           1.06867e+00   1.78112e-03   2.10101e-06  -2.44131e-06
   2  p1           2.04935e-02   1.25423e-03   1.47949e-06   5.46298e-06
SaveSource cannot open file: /home/zhangfy/nl_target/toyMC/results/data_10099.C
