1.07052	0.00393482
1.06642	0.00350867
1.07385	0.0035038
1.08226	0.00351847
1.08113	0.00342584
1.09161	0.00327603
1.11975	0.00350163
1.14546	0.00500695
 FCN=3.60025 FROM MIGRAD    STATUS=CONVERGED      36 CALLS          37 TOTAL
                     EDM=3.9572e-17    STRATEGY= 1      ERROR MATRIX ACCURATE 
  EXT PARAMETER                                   STEP         FIRST   
  NO.   NAME      VALUE            ERROR          SIZE      DERIVATIVE 
   1  p0           1.06714e+00   1.77962e-03   1.34324e-06  -6.92631e-06
   2  p1           2.14492e-02   1.25511e-03   9.47343e-07  -7.18512e-06
SaveSource cannot open file: /home/zhangfy/nl_target/toyMC/results/data_10100.C
1.07237	0.00394161
1.0677	0.00351291
1.06863	0.00348677
1.07407	0.00349183
1.08277	0.00343102
1.09067	0.00327321
1.12238	0.00350984
1.15822	0.00506275
 FCN=4.75464 FROM MIGRAD    STATUS=CONVERGED      36 CALLS          37 TOTAL
                     EDM=8.64098e-16    STRATEGY= 1      ERROR MATRIX ACCURATE 
  EXT PARAMETER                                   STEP         FIRST   
  NO.   NAME      VALUE            ERROR          SIZE      DERIVATIVE 
   1  p0           1.06380e+00   1.77891e-03   1.50202e-06  -1.41976e-05
   2  p1           2.46794e-02   1.26198e-03   1.06555e-06   1.57435e-05
SaveSource cannot open file: /home/zhangfy/nl_target/toyMC/results/data_10101.C
1.07006	0.00393312
1.07739	0.00354477
1.07472	0.00350665
1.08108	0.00351464
1.07602	0.00340962
1.09219	0.00327778
1.11866	0.00349821
1.14538	0.00500664
 FCN=4.98054 FROM MIGRAD    STATUS=CONVERGED      36 CALLS          37 TOTAL
                     EDM=3.26819e-16    STRATEGY= 1      ERROR MATRIX ACCURATE 
  EXT PARAMETER                                   STEP         FIRST   
  NO.   NAME      VALUE            ERROR          SIZE      DERIVATIVE 
   1  p0           1.06872e+00   1.78218e-03   1.53240e-06  -6.66976e-06
   2  p1           2.04297e-02   1.25559e-03   1.07962e-06   1.26179e-05
SaveSource cannot open file: /home/zhangfy/nl_target/toyMC/results/data_10102.C
1.06962	0.00393151
1.06871	0.00351622
1.08114	0.00352759
1.0816	0.00351633
1.07574	0.00340873
1.09436	0.00328429
1.12282	0.00351122
1.14106	0.00498773
 FCN=10.6496 FROM MIGRAD    STATUS=CONVERGED      36 CALLS          37 TOTAL
                     EDM=2.72453e-15    STRATEGY= 1      ERROR MATRIX ACCURATE 
  EXT PARAMETER                                   STEP         FIRST   
  NO.   NAME      VALUE            ERROR          SIZE      DERIVATIVE 
   1  p0           1.06861e+00   1.78090e-03   2.13929e-06   3.79469e-05
   2  p1           2.08333e-02   1.25441e-03   1.50685e-06  -6.87272e-06
SaveSource cannot open file: /home/zhangfy/nl_target/toyMC/results/data_10103.C
1.07541	0.00395279
1.06792	0.00351362
1.07395	0.00350415
1.07893	0.00350765
1.08619	0.00344186
1.09609	0.00328947
1.12188	0.00350829
1.14951	0.00502469
 FCN=5.5047 FROM MIGRAD    STATUS=CONVERGED      36 CALLS          37 TOTAL
                     EDM=1.49478e-16    STRATEGY= 1      ERROR MATRIX ACCURATE 
  EXT PARAMETER                                   STEP         FIRST   
  NO.   NAME      VALUE            ERROR          SIZE      DERIVATIVE 
   1  p0           1.06882e+00   1.78288e-03   1.60052e-06   2.39037e-06
   2  p1           2.20105e-02   1.25837e-03   1.12966e-06  -1.11744e-05
SaveSource cannot open file: /home/zhangfy/nl_target/toyMC/results/data_10104.C
1.06925	0.00393014
1.07226	0.00352791
1.08234	0.00353151
1.08051	0.00351277
1.08139	0.00342664
1.09163	0.0032761
1.11902	0.00349935
1.139	0.00497875
 FCN=4.92598 FROM MIGRAD    STATUS=CONVERGED      36 CALLS          37 TOTAL
                     EDM=3.47104e-16    STRATEGY= 1      ERROR MATRIX ACCURATE 
  EXT PARAMETER                                   STEP         FIRST   
  NO.   NAME      VALUE            ERROR          SIZE      DERIVATIVE 
   1  p0           1.07052e+00   1.78271e-03   1.52609e-06   2.00789e-05
   2  p1           1.90877e-02   1.25259e-03   1.07228e-06   1.54790e-05
SaveSource cannot open file: /home/zhangfy/nl_target/toyMC/results/data_10105.C
1.067	0.00392187
1.07528	0.00353783
1.07296	0.00350089
1.07569	0.0034971
1.08378	0.00343421
1.09166	0.00327617
1.11914	0.00349972
1.14407	0.00500091
 FCN=3.20884 FROM MIGRAD    STATUS=CONVERGED      36 CALLS          37 TOTAL
                     EDM=2.20325e-16    STRATEGY= 1      ERROR MATRIX ACCURATE 
  EXT PARAMETER                                   STEP         FIRST   
  NO.   NAME      VALUE            ERROR          SIZE      DERIVATIVE 
   1  p0           1.06771e+00   1.78015e-03   1.28484e-06   5.19407e-06
   2  p1           2.08743e-02   1.25449e-03   9.05440e-07  -1.07572e-05
SaveSource cannot open file: /home/zhangfy/nl_target/toyMC/results/data_10106.C
1.07343	0.00394549
1.07055	0.00352227
1.0768	0.00351345
1.07422	0.00349234
1.08276	0.00343099
1.09464	0.00328513
1.1181	0.00349645
1.14445	0.00500253
 FCN=4.54821 FROM MIGRAD    STATUS=CONVERGED      36 CALLS          37 TOTAL
                     EDM=2.28791e-15    STRATEGY= 1      ERROR MATRIX ACCURATE 
  EXT PARAMETER                                   STEP         FIRST   
  NO.   NAME      VALUE            ERROR          SIZE      DERIVATIVE 
   1  p0           1.06866e+00   1.78141e-03   1.47597e-06  -4.07692e-06
   2  p1           2.04921e-02   1.25467e-03   1.03955e-06  -5.77675e-05
SaveSource cannot open file: /home/zhangfy/nl_target/toyMC/results/data_10107.C
1.07184	0.00393968
1.07028	0.00352139
1.07405	0.00350445
1.07634	0.00349924
1.08524	0.00343885
1.09032	0.00327217
1.11789	0.00349582
1.15226	0.00503667
 FCN=4.09529 FROM MIGRAD    STATUS=CONVERGED      36 CALLS          37 TOTAL
                     EDM=8.19391e-17    STRATEGY= 1      ERROR MATRIX ACCURATE 
  EXT PARAMETER                                   STEP         FIRST   
  NO.   NAME      VALUE            ERROR          SIZE      DERIVATIVE 
   1  p0           1.06720e+00   1.78155e-03   1.41425e-06   4.46208e-06
   2  p1           2.18570e-02   1.25826e-03   9.98846e-07   1.34826e-05
SaveSource cannot open file: /home/zhangfy/nl_target/toyMC/results/data_10108.C
1.07309	0.00394425
1.07297	0.00353023
1.07259	0.00349971
1.07802	0.00350469
1.08259	0.00343043
1.08896	0.00326809
1.11497	0.00348667
1.14573	0.00500813
 FCN=2.12868 FROM MIGRAD    STATUS=CONVERGED      36 CALLS          37 TOTAL
                     EDM=2.08361e-16    STRATEGY= 1      ERROR MATRIX ACCURATE 
  EXT PARAMETER                                   STEP         FIRST   
  NO.   NAME      VALUE            ERROR          SIZE      DERIVATIVE 
   1  p0           1.06819e+00   1.78120e-03   1.10735e-06  -2.17531e-06
   2  p1           1.99520e-02   1.25429e-03   7.79782e-07  -1.82669e-05
SaveSource cannot open file: /home/zhangfy/nl_target/toyMC/results/data_10109.C
1.07287	0.00394346
1.07106	0.00352394
1.07512	0.00350797
1.0747	0.00349388
1.08213	0.003429
1.09176	0.00327647
1.11359	0.00348236
1.15363	0.00504266
 FCN=7.9716 FROM MIGRAD    STATUS=CONVERGED      36 CALLS          37 TOTAL
                     EDM=6.00318e-16    STRATEGY= 1      ERROR MATRIX ACCURATE 
  EXT PARAMETER                                   STEP         FIRST   
  NO.   NAME      VALUE            ERROR          SIZE      DERIVATIVE 
   1  p0           1.06722e+00   1.78165e-03   1.87566e-06   1.68517e-05
   2  p1           2.12475e-02   1.25765e-03   1.32401e-06  -4.96411e-06
SaveSource cannot open file: /home/zhangfy/nl_target/toyMC/results/data_10110.C
1.06956	0.00393128
1.07312	0.00353073
1.07683	0.00351355
1.07475	0.00349407
1.08496	0.00343796
1.0878	0.0032646
1.12534	0.00351911
1.14503	0.00500509
 FCN=6.03039 FROM MIGRAD    STATUS=CONVERGED      36 CALLS          37 TOTAL
                     EDM=5.48836e-16    STRATEGY= 1      ERROR MATRIX ACCURATE 
  EXT PARAMETER                                   STEP         FIRST   
  NO.   NAME      VALUE            ERROR          SIZE      DERIVATIVE 
   1  p0           1.06764e+00   1.78126e-03   1.66183e-06  -1.56596e-05
   2  p1           2.18027e-02   1.25725e-03   1.17295e-06   5.56553e-06
SaveSource cannot open file: /home/zhangfy/nl_target/toyMC/results/data_10111.C
1.07963	0.00396829
1.07622	0.00354092
1.07134	0.00349564
1.07784	0.00350412
1.08101	0.00342544
1.0875	0.00326368
1.12533	0.00351908
1.14283	0.00499548
 FCN=9.92908 FROM MIGRAD    STATUS=CONVERGED      36 CALLS          37 TOTAL
                     EDM=2.25669e-16    STRATEGY= 1      ERROR MATRIX ACCURATE 
  EXT PARAMETER                                   STEP         FIRST   
  NO.   NAME      VALUE            ERROR          SIZE      DERIVATIVE 
   1  p0           1.06907e+00   1.78312e-03   2.07280e-06  -1.54471e-06
   2  p1           2.07495e-02   1.25689e-03   1.46107e-06  -1.83493e-05
SaveSource cannot open file: /home/zhangfy/nl_target/toyMC/results/data_10112.C
1.07325	0.00394484
1.06881	0.00351654
1.07426	0.00350515
1.08145	0.00351584
1.08601	0.00344129
1.08952	0.00326975
1.1174	0.00349426
1.15136	0.00503274
 FCN=5.71585 FROM MIGRAD    STATUS=CONVERGED      36 CALLS          37 TOTAL
                     EDM=2.11087e-16    STRATEGY= 1      ERROR MATRIX ACCURATE 
  EXT PARAMETER                                   STEP         FIRST   
  NO.   NAME      VALUE            ERROR          SIZE      DERIVATIVE 
   1  p0           1.06830e+00   1.78269e-03   1.62445e-06   5.79699e-06
   2  p1           2.12642e-02   1.25783e-03   1.14617e-06  -9.52554e-06
SaveSource cannot open file: /home/zhangfy/nl_target/toyMC/results/data_10113.C
1.07196	0.00394009
1.07748	0.00354508
1.07304	0.00350116
1.07845	0.00350608
1.07994	0.00342206
1.0929	0.00327989
1.11658	0.00349171
1.14854	0.00502044
 FCN=3.91292 FROM MIGRAD    STATUS=CONVERGED      36 CALLS          37 TOTAL
                     EDM=1.11045e-15    STRATEGY= 1      ERROR MATRIX ACCURATE 
  EXT PARAMETER                                   STEP         FIRST   
  NO.   NAME      VALUE            ERROR          SIZE      DERIVATIVE 
   1  p0           1.06886e+00   1.78287e-03   1.38919e-06   1.43455e-06
   2  p1           2.05192e-02   1.25653e-03   9.79069e-07   3.88891e-05
SaveSource cannot open file: /home/zhangfy/nl_target/toyMC/results/data_10114.C
1.06277	0.00390633
1.07089	0.00352338
1.08147	0.00352869
1.08284	0.00352037
1.0783	0.00341687
1.09421	0.00328383
1.11933	0.00350033
1.14719	0.00501453
 FCN=11.8158 FROM MIGRAD    STATUS=CONVERGED      36 CALLS          37 TOTAL
                     EDM=4.52949e-16    STRATEGY= 1      ERROR MATRIX ACCURATE 
  EXT PARAMETER                                   STEP         FIRST   
  NO.   NAME      VALUE            ERROR          SIZE      DERIVATIVE 
   1  p0           1.06812e+00   1.78124e-03   2.24388e-06   1.88016e-05
   2  p1           2.13674e-02   1.25610e-03   1.58234e-06   4.16770e-06
SaveSource cannot open file: /home/zhangfy/nl_target/toyMC/results/data_10115.C
1.06664	0.00392056
1.07086	0.00352328
1.07238	0.00349901
1.07815	0.0035051
1.08577	0.00344052
1.08778	0.00326453
1.12147	0.00350699
1.14804	0.00501825
 FCN=3.73226 FROM MIGRAD    STATUS=CONVERGED      36 CALLS          37 TOTAL
                     EDM=2.79896e-16    STRATEGY= 1      ERROR MATRIX ACCURATE 
  EXT PARAMETER                                   STEP         FIRST   
  NO.   NAME      VALUE            ERROR          SIZE      DERIVATIVE 
   1  p0           1.06628e+00   1.77951e-03   1.36221e-06  -1.82522e-05
   2  p1           2.22042e-02   1.25688e-03   9.62138e-07  -1.51739e-05
SaveSource cannot open file: /home/zhangfy/nl_target/toyMC/results/data_10116.C
1.0681	0.00392594
1.06865	0.00351602
1.07659	0.00351274
1.08035	0.00351226
1.08304	0.00343186
1.09354	0.00328181
1.11982	0.00350184
1.1505	0.005029
 FCN=3.14754 FROM MIGRAD    STATUS=CONVERGED      36 CALLS          37 TOTAL
                     EDM=9.51485e-18    STRATEGY= 1      ERROR MATRIX ACCURATE 
  EXT PARAMETER                                   STEP         FIRST   
  NO.   NAME      VALUE            ERROR          SIZE      DERIVATIVE 
   1  p0           1.06754e+00   1.78132e-03   1.27665e-06  -2.25758e-06
   2  p1           2.21156e-02   1.25782e-03   9.01470e-07   3.75629e-07
SaveSource cannot open file: /home/zhangfy/nl_target/toyMC/results/data_10117.C
1.07068	0.0039354
1.0774	0.0035448
1.0769	0.00351375
1.08303	0.00352098
1.08088	0.00342502
1.08752	0.00326375
1.12086	0.0035051
1.15416	0.005045
 FCN=6.50808 FROM MIGRAD    STATUS=CONVERGED      36 CALLS          37 TOTAL
                     EDM=3.872e-15    STRATEGY= 1      ERROR MATRIX ACCURATE 
  EXT PARAMETER                                   STEP         FIRST   
  NO.   NAME      VALUE            ERROR          SIZE      DERIVATIVE 
   1  p0           1.06896e+00   1.78519e-03   1.71923e-06  -3.36509e-05
   2  p1           2.16571e-02   1.26104e-03   1.21444e-06   2.77089e-05
SaveSource cannot open file: /home/zhangfy/nl_target/toyMC/results/data_10118.C
1.07333	0.00394514
1.06852	0.0035156
1.06847	0.00348627
1.07844	0.00350605
1.08302	0.0034318
1.09751	0.00329375
1.11681	0.00349242
1.13519	0.00496205
 FCN=11.0155 FROM MIGRAD    STATUS=CONVERGED      36 CALLS          37 TOTAL
                     EDM=1.10505e-15    STRATEGY= 1      ERROR MATRIX ACCURATE 
  EXT PARAMETER                                   STEP         FIRST   
  NO.   NAME      VALUE            ERROR          SIZE      DERIVATIVE 
   1  p0           1.06858e+00   1.77822e-03   2.16980e-06   2.42225e-05
   2  p1           1.93958e-02   1.24896e-03   1.52399e-06   5.21605e-05
SaveSource cannot open file: /home/zhangfy/nl_target/toyMC/results/data_10119.C
1.07647	0.00395667
1.06966	0.00351933
1.07301	0.00350108
1.08015	0.00351161
1.08332	0.00343275
1.08545	0.00325756
1.11756	0.00349478
1.15255	0.00503795
 FCN=8.50675 FROM MIGRAD    STATUS=CONVERGED      36 CALLS          37 TOTAL
                     EDM=5.0911e-16    STRATEGY= 1      ERROR MATRIX ACCURATE 
  EXT PARAMETER                                   STEP         FIRST   
  NO.   NAME      VALUE            ERROR          SIZE      DERIVATIVE 
   1  p0           1.06739e+00   1.78239e-03   1.93132e-06   1.40126e-05
   2  p1           2.13801e-02   1.25863e-03   1.36379e-06  -7.17032e-06
SaveSource cannot open file: /home/zhangfy/nl_target/toyMC/results/data_10120.C
1.07151	0.00393844
1.07379	0.00353294
1.07621	0.00351152
1.08297	0.00352076
1.08261	0.00343051
1.09158	0.00327593
1.12213	0.00350907
1.15458	0.00504683
 FCN=1.74542 FROM MIGRAD    STATUS=CONVERGED      36 CALLS          37 TOTAL
                     EDM=2.77957e-16    STRATEGY= 1      ERROR MATRIX ACCURATE 
  EXT PARAMETER                                   STEP         FIRST   
  NO.   NAME      VALUE            ERROR          SIZE      DERIVATIVE 
   1  p0           1.06891e+00   1.78485e-03   1.04016e-06  -8.83045e-06
   2  p1           2.23096e-02   1.26140e-03   7.35111e-07   7.71526e-06
SaveSource cannot open file: /home/zhangfy/nl_target/toyMC/results/data_10121.C
1.06362	0.00390944
1.07243	0.00352847
1.07342	0.00350241
1.07456	0.00349343
1.08712	0.00344479
1.09674	0.00329142
1.1245	0.00351647
1.14557	0.00500746
 FCN=10.2949 FROM MIGRAD    STATUS=CONVERGED      36 CALLS          37 TOTAL
                     EDM=1.93217e-16    STRATEGY= 1      ERROR MATRIX ACCURATE 
  EXT PARAMETER                                   STEP         FIRST   
  NO.   NAME      VALUE            ERROR          SIZE      DERIVATIVE 
   1  p0           1.06714e+00   1.77955e-03   2.10708e-06   1.26667e-05
   2  p1           2.26883e-02   1.25649e-03   1.48775e-06   2.12082e-05
SaveSource cannot open file: /home/zhangfy/nl_target/toyMC/results/data_10122.C
1.07781	0.00396163
1.07326	0.0035312
1.08026	0.00352472
1.07902	0.00350793
1.08729	0.00344534
1.09341	0.00328143
1.11922	0.00349998
1.15084	0.00503049
 FCN=4.68522 FROM MIGRAD    STATUS=CONVERGED      36 CALLS          37 TOTAL
                     EDM=2.49858e-15    STRATEGY= 1      ERROR MATRIX ACCURATE 
  EXT PARAMETER                                   STEP         FIRST   
  NO.   NAME      VALUE            ERROR          SIZE      DERIVATIVE 
   1  p0           1.07177e+00   1.78751e-03   1.49813e-06  -1.70817e-05
   2  p1           2.03228e-02   1.25934e-03   1.05546e-06   3.65214e-05
SaveSource cannot open file: /home/zhangfy/nl_target/toyMC/results/data_10123.C
1.06887	0.00392874
1.07177	0.00352629
1.06928	0.00348889
1.08172	0.0035167
1.08321	0.00343243
1.08516	0.00325666
1.11764	0.00349502
1.14932	0.00502383
 FCN=6.37043 FROM MIGRAD    STATUS=CONVERGED      36 CALLS          37 TOTAL
                     EDM=9.05868e-17    STRATEGY= 1      ERROR MATRIX ACCURATE 
  EXT PARAMETER                                   STEP         FIRST   
  NO.   NAME      VALUE            ERROR          SIZE      DERIVATIVE 
   1  p0           1.06616e+00   1.77960e-03   1.69884e-06   1.03622e-05
   2  p1           2.15361e-02   1.25636e-03   1.19935e-06   1.19321e-05
SaveSource cannot open file: /home/zhangfy/nl_target/toyMC/results/data_10124.C
1.07319	0.00394461
1.07345	0.00353181
1.06945	0.00348946
1.08059	0.00351305
1.08005	0.00342239
1.09335	0.00328126
1.12097	0.00350546
1.14264	0.00499462
 FCN=3.40394 FROM MIGRAD    STATUS=CONVERGED      36 CALLS          37 TOTAL
                     EDM=1.2534e-16    STRATEGY= 1      ERROR MATRIX ACCURATE 
  EXT PARAMETER                                   STEP         FIRST   
  NO.   NAME      VALUE            ERROR          SIZE      DERIVATIVE 
   1  p0           1.06822e+00   1.78064e-03   1.31488e-06   1.05198e-05
   2  p1           2.08518e-02   1.25455e-03   9.26393e-07   1.69471e-05
SaveSource cannot open file: /home/zhangfy/nl_target/toyMC/results/data_10125.C
1.0781	0.00396266
1.074	0.00353363
1.07776	0.00351657
1.08064	0.00351321
1.08557	0.0034399
1.09667	0.00329122
1.12114	0.00350597
1.14482	0.00500417
 FCN=2.02832 FROM MIGRAD    STATUS=CONVERGED      38 CALLS          39 TOTAL
                     EDM=2.10937e-15    STRATEGY= 1      ERROR MATRIX ACCURATE 
  EXT PARAMETER                                   STEP         FIRST   
  NO.   NAME      VALUE            ERROR          SIZE      DERIVATIVE 
   1  p0           1.07239e+00   1.78670e-03   1.09354e-06  -6.49605e-07
   2  p1           1.98360e-02   1.25687e-03   7.69264e-07   5.10325e-05
SaveSource cannot open file: /home/zhangfy/nl_target/toyMC/results/data_10126.C
1.07734	0.00395987
1.07057	0.00352235
1.06846	0.00348624
1.08201	0.00351766
1.08017	0.00342277
1.08999	0.00327117
1.11961	0.00350119
1.14316	0.0049969
 FCN=6.43849 FROM MIGRAD    STATUS=CONVERGED      36 CALLS          37 TOTAL
                     EDM=5.20458e-16    STRATEGY= 1      ERROR MATRIX ACCURATE 
  EXT PARAMETER                                   STEP         FIRST   
  NO.   NAME      VALUE            ERROR          SIZE      DERIVATIVE 
   1  p0           1.06797e+00   1.78061e-03   1.70803e-06  -5.24163e-06
   2  p1           2.05560e-02   1.25443e-03   1.20330e-06   1.99938e-05
SaveSource cannot open file: /home/zhangfy/nl_target/toyMC/results/data_10127.C
1.06916	0.00392983
1.0668	0.00350994
1.07912	0.003521
1.07614	0.00349857
1.08737	0.00344559
1.09483	0.00328568
1.11384	0.00348314
1.14641	0.00501111
 FCN=12.5325 FROM MIGRAD    STATUS=CONVERGED      36 CALLS          37 TOTAL
                     EDM=9.54323e-18    STRATEGY= 1      ERROR MATRIX ACCURATE 
  EXT PARAMETER                                   STEP         FIRST   
  NO.   NAME      VALUE            ERROR          SIZE      DERIVATIVE 
   1  p0           1.06876e+00   1.78119e-03   2.30475e-06  -3.31802e-06
   2  p1           2.02082e-02   1.25389e-03   1.62246e-06  -4.05096e-06
SaveSource cannot open file: /home/zhangfy/nl_target/toyMC/results/data_10128.C
1.06378	0.00391004
1.07283	0.00352976
1.07426	0.00350515
1.08396	0.003524
1.08309	0.00343204
1.08918	0.00326873
1.11907	0.00349951
1.14835	0.00501961
 FCN=6.3263 FROM MIGRAD    STATUS=CONVERGED      36 CALLS          37 TOTAL
                     EDM=2.31489e-17    STRATEGY= 1      ERROR MATRIX ACCURATE 
  EXT PARAMETER                                   STEP         FIRST   
  NO.   NAME      VALUE            ERROR          SIZE      DERIVATIVE 
   1  p0           1.06750e+00   1.78085e-03   1.69577e-06  -2.04267e-06
   2  p1           2.14903e-02   1.25645e-03   1.19642e-06   2.98986e-06
SaveSource cannot open file: /home/zhangfy/nl_target/toyMC/results/data_10129.C
1.07495	0.00395111
1.07453	0.00353538
1.07996	0.00352375
1.07666	0.00350026
1.07993	0.00342203
1.09572	0.00328836
1.11514	0.00348722
1.15273	0.00503875
 FCN=9.35899 FROM MIGRAD    STATUS=CONVERGED      36 CALLS          37 TOTAL
                     EDM=2.96057e-16    STRATEGY= 1      ERROR MATRIX ACCURATE 
  EXT PARAMETER                                   STEP         FIRST   
  NO.   NAME      VALUE            ERROR          SIZE      DERIVATIVE 
   1  p0           1.06998e+00   1.78529e-03   2.01928e-06   6.09192e-06
   2  p1           2.05106e-02   1.25858e-03   1.42354e-06  -1.23069e-05
SaveSource cannot open file: /home/zhangfy/nl_target/toyMC/results/data_10130.C
1.06824	0.00392642
1.06923	0.00351791
1.07866	0.0035195
1.08216	0.00351816
1.08177	0.00342785
1.08679	0.00326158
1.11673	0.00349217
1.15054	0.00502918
 FCN=7.41118 FROM MIGRAD    STATUS=CONVERGED      36 CALLS          37 TOTAL
                     EDM=5.2556e-17    STRATEGY= 1      ERROR MATRIX ACCURATE 
  EXT PARAMETER                                   STEP         FIRST   
  NO.   NAME      VALUE            ERROR          SIZE      DERIVATIVE 
   1  p0           1.06750e+00   1.78159e-03   1.81637e-06  -1.70656e-06
   2  p1           2.11065e-02   1.25706e-03   1.28160e-06   6.28920e-06
SaveSource cannot open file: /home/zhangfy/nl_target/toyMC/results/data_10131.C
1.07834	0.00396356
1.07196	0.00352691
1.08179	0.00352972
1.08056	0.00351295
1.07863	0.0034179
1.09044	0.00327252
1.11363	0.0034825
1.14815	0.00501871
 FCN=9.88125 FROM MIGRAD    STATUS=CONVERGED      36 CALLS          37 TOTAL
                     EDM=1.39995e-16    STRATEGY= 1      ERROR MATRIX ACCURATE 
  EXT PARAMETER                                   STEP         FIRST   
  NO.   NAME      VALUE            ERROR          SIZE      DERIVATIVE 
   1  p0           1.07076e+00   1.78547e-03   2.06825e-06   4.46183e-06
   2  p1           1.89997e-02   1.25609e-03   1.45502e-06  -8.10945e-06
SaveSource cannot open file: /home/zhangfy/nl_target/toyMC/results/data_10132.C
1.07182	0.00393961
1.0749	0.00353659
1.07388	0.00350391
1.07793	0.00350439
1.08439	0.00343615
1.0971	0.0032925
1.12067	0.00350449
1.14969	0.00502546
 FCN=3.00318 FROM MIGRAD    STATUS=CONVERGED      36 CALLS          37 TOTAL
                     EDM=3.71413e-17    STRATEGY= 1      ERROR MATRIX ACCURATE 
  EXT PARAMETER                                   STEP         FIRST   
  NO.   NAME      VALUE            ERROR          SIZE      DERIVATIVE 
   1  p0           1.06939e+00   1.78370e-03   1.25578e-06   3.89811e-06
   2  p1           2.15859e-02   1.25833e-03   8.85909e-07  -1.74195e-06
SaveSource cannot open file: /home/zhangfy/nl_target/toyMC/results/data_10133.C
1.06977	0.00393206
1.0684	0.00351519
1.07403	0.0035044
1.07425	0.00349244
1.08189	0.00342823
1.09322	0.00328086
1.12153	0.00350721
1.13928	0.00497996
 FCN=4.50756 FROM MIGRAD    STATUS=CONVERGED      36 CALLS          37 TOTAL
                     EDM=1.91518e-15    STRATEGY= 1      ERROR MATRIX ACCURATE 
  EXT PARAMETER                                   STEP         FIRST   
  NO.   NAME      VALUE            ERROR          SIZE      DERIVATIVE 
   1  p0           1.06685e+00   1.77783e-03   1.46884e-06   2.78380e-05
   2  p1           2.10513e-02   1.25246e-03   1.03478e-06  -1.29929e-05
SaveSource cannot open file: /home/zhangfy/nl_target/toyMC/results/data_10134.C
1.06895	0.00392903
1.07418	0.0035342
1.07407	0.00350454
1.08242	0.00351899
1.08117	0.00342596
1.08625	0.00325995
1.11953	0.00350093
1.14988	0.00502629
 FCN=4.45829 FROM MIGRAD    STATUS=CONVERGED      36 CALLS          37 TOTAL
                     EDM=2.5177e-15    STRATEGY= 1      ERROR MATRIX ACCURATE 
  EXT PARAMETER                                   STEP         FIRST   
  NO.   NAME      VALUE            ERROR          SIZE      DERIVATIVE 
   1  p0           1.06754e+00   1.78194e-03   1.46363e-06   3.69257e-05
   2  p1           2.13971e-02   1.25783e-03   1.03314e-06  -5.69757e-06
SaveSource cannot open file: /home/zhangfy/nl_target/toyMC/results/data_10135.C
1.07322	0.00394476
1.07275	0.0035295
1.07762	0.0035161
1.08227	0.00351852
1.08519	0.00343867
1.09213	0.00327758
1.11889	0.00349894
1.15176	0.0050345
 FCN=2.48859 FROM MIGRAD    STATUS=CONVERGED      36 CALLS          37 TOTAL
                     EDM=3.78957e-16    STRATEGY= 1      ERROR MATRIX ACCURATE 
  EXT PARAMETER                                   STEP         FIRST   
  NO.   NAME      VALUE            ERROR          SIZE      DERIVATIVE 
   1  p0           1.07019e+00   1.78547e-03   1.17252e-06  -3.37653e-06
   2  p1           2.09692e-02   1.25913e-03   8.26870e-07  -2.49135e-05
SaveSource cannot open file: /home/zhangfy/nl_target/toyMC/results/data_10136.C
1.07953	0.00396793
1.07096	0.00352362
1.07607	0.00351104
1.07822	0.00350533
1.08822	0.00344828
1.08963	0.00327009
1.11728	0.00349392
1.14973	0.00502564
 FCN=8.86115 FROM MIGRAD    STATUS=CONVERGED      36 CALLS          37 TOTAL
                     EDM=2.11348e-16    STRATEGY= 1      ERROR MATRIX ACCURATE 
  EXT PARAMETER                                   STEP         FIRST   
  NO.   NAME      VALUE            ERROR          SIZE      DERIVATIVE 
   1  p0           1.07035e+00   1.78533e-03   1.97020e-06  -6.17380e-06
   2  p1           2.01578e-02   1.25777e-03   1.38801e-06  -2.11645e-05
SaveSource cannot open file: /home/zhangfy/nl_target/toyMC/results/data_10137.C
1.07156	0.00393865
1.07693	0.00354326
1.07519	0.00350818
1.08009	0.00351141
1.0854	0.00343935
1.09259	0.00327897
1.11957	0.00350107
1.1419	0.00499141
 FCN=1.235 FROM MIGRAD    STATUS=CONVERGED      38 CALLS          39 TOTAL
                     EDM=2.14672e-15    STRATEGY= 1      ERROR MATRIX ACCURATE 
  EXT PARAMETER                                   STEP         FIRST   
  NO.   NAME      VALUE            ERROR          SIZE      DERIVATIVE 
   1  p0           1.07093e+00   1.78397e-03   9.37923e-07  -3.79749e-05
   2  p1           1.95113e-02   1.25439e-03   6.59498e-07  -2.60175e-06
SaveSource cannot open file: /home/zhangfy/nl_target/toyMC/results/data_10138.C
1.07539	0.00395272
1.07546	0.00353842
1.0769	0.00351377
1.07023	0.00347936
1.08121	0.00342606
1.09071	0.00327332
1.12262	0.00351059
1.14491	0.00500458
 FCN=9.38224 FROM MIGRAD    STATUS=CONVERGED      36 CALLS          37 TOTAL
                     EDM=5.6055e-16    STRATEGY= 1      ERROR MATRIX ACCURATE 
  EXT PARAMETER                                   STEP         FIRST   
  NO.   NAME      VALUE            ERROR          SIZE      DERIVATIVE 
   1  p0           1.06826e+00   1.78214e-03   2.01929e-06  -1.98591e-05
   2  p1           2.10317e-02   1.25680e-03   1.42405e-06  -2.26091e-06
SaveSource cannot open file: /home/zhangfy/nl_target/toyMC/results/data_10139.C
1.07569	0.00395383
1.06604	0.00350745
1.06971	0.00349031
1.08434	0.00352522
1.08149	0.00342696
1.08831	0.00326612
1.12414	0.00351535
1.1457	0.005008
 FCN=9.94378 FROM MIGRAD    STATUS=CONVERGED      36 CALLS          37 TOTAL
                     EDM=3.92945e-17    STRATEGY= 1      ERROR MATRIX ACCURATE 
  EXT PARAMETER                                   STEP         FIRST   
  NO.   NAME      VALUE            ERROR          SIZE      DERIVATIVE 
   1  p0           1.06685e+00   1.78001e-03   2.07244e-06   6.12850e-06
   2  p1           2.21038e-02   1.25680e-03   1.46327e-06   2.75873e-06
SaveSource cannot open file: /home/zhangfy/nl_target/toyMC/results/data_10140.C
1.07123	0.00393742
1.07499	0.00353686
1.07305	0.00350121
1.08146	0.00351588
1.08017	0.00342278
1.08892	0.00326796
1.117	0.00349302
1.13695	0.00496977
 FCN=1.38183 FROM MIGRAD    STATUS=CONVERGED      38 CALLS          39 TOTAL
                     EDM=1.58499e-16    STRATEGY= 1      ERROR MATRIX ACCURATE 
  EXT PARAMETER                                   STEP         FIRST   
  NO.   NAME      VALUE            ERROR          SIZE      DERIVATIVE 
   1  p0           1.06938e+00   1.78072e-03   9.66154e-07  -6.22648e-06
   2  p1           1.86856e-02   1.25067e-03   6.78569e-07   6.57231e-06
SaveSource cannot open file: /home/zhangfy/nl_target/toyMC/results/data_10141.C
1.06551	0.0039164
1.06829	0.00351482
1.07093	0.00349427
1.07781	0.003504
1.07823	0.00341662
1.09125	0.00327496
1.12169	0.0035077
1.14369	0.00499923
 FCN=1.68195 FROM MIGRAD    STATUS=CONVERGED      36 CALLS          37 TOTAL
                     EDM=6.37342e-17    STRATEGY= 1      ERROR MATRIX ACCURATE 
  EXT PARAMETER                                   STEP         FIRST   
  NO.   NAME      VALUE            ERROR          SIZE      DERIVATIVE 
   1  p0           1.06460e+00   1.77598e-03   1.02411e-06   3.95325e-06
   2  p1           2.24147e-02   1.25418e-03   7.23216e-07  -4.16785e-06
SaveSource cannot open file: /home/zhangfy/nl_target/toyMC/results/data_10142.C
1.06712	0.0039223
1.07434	0.00353473
1.07487	0.00350714
1.07558	0.00349675
1.0742	0.00340385
1.09548	0.00328764
1.12187	0.00350824
1.15409	0.0050447
 FCN=7.77048 FROM MIGRAD    STATUS=CONVERGED      36 CALLS          37 TOTAL
                     EDM=2.56282e-16    STRATEGY= 1      ERROR MATRIX ACCURATE 
  EXT PARAMETER                                   STEP         FIRST   
  NO.   NAME      VALUE            ERROR          SIZE      DERIVATIVE 
   1  p0           1.06548e+00   1.78011e-03   1.85528e-06   1.76412e-05
   2  p1           2.35250e-02   1.26026e-03   1.31349e-06   1.68543e-05
SaveSource cannot open file: /home/zhangfy/nl_target/toyMC/results/data_10143.C
1.07406	0.00394784
1.06611	0.00350765
1.07292	0.00350078
1.07656	0.00349993
1.08327	0.00343262
1.09015	0.00327165
1.12216	0.00350917
1.14776	0.005017
 FCN=4.14906 FROM MIGRAD    STATUS=CONVERGED      34 CALLS          35 TOTAL
                     EDM=5.31948e-16    STRATEGY= 1      ERROR MATRIX ACCURATE 
  EXT PARAMETER                                   STEP         FIRST   
  NO.   NAME      VALUE            ERROR          SIZE      DERIVATIVE 
   1  p0           1.06627e+00   1.77953e-03   1.42108e-06   1.24548e-05
   2  p1           2.23274e-02   1.25708e-03   1.00387e-06  -1.04003e-05
SaveSource cannot open file: /home/zhangfy/nl_target/toyMC/results/data_10144.C
1.06978	0.00393209
1.06413	0.00350114
1.0705	0.00349288
1.08582	0.00353005
1.08352	0.00343341
1.09269	0.00327926
1.1214	0.00350678
1.14559	0.00500755
 FCN=10.5732 FROM MIGRAD    STATUS=CONVERGED      36 CALLS          37 TOTAL
                     EDM=2.24501e-15    STRATEGY= 1      ERROR MATRIX ACCURATE 
  EXT PARAMETER                                   STEP         FIRST   
  NO.   NAME      VALUE            ERROR          SIZE      DERIVATIVE 
   1  p0           1.06687e+00   1.77904e-03   2.13121e-06   3.13290e-05
   2  p1           2.20822e-02   1.25536e-03   1.50387e-06  -1.19507e-05
SaveSource cannot open file: /home/zhangfy/nl_target/toyMC/results/data_10145.C
1.07198	0.00394019
1.06618	0.0035079
1.07124	0.00349529
1.07131	0.00348286
1.08605	0.00344142
1.09296	0.00328007
1.11815	0.00349663
1.14741	0.00501551
 FCN=9.54443 FROM MIGRAD    STATUS=CONVERGED      36 CALLS          37 TOTAL
                     EDM=1.51062e-16    STRATEGY= 1      ERROR MATRIX ACCURATE 
  EXT PARAMETER                                   STEP         FIRST   
  NO.   NAME      VALUE            ERROR          SIZE      DERIVATIVE 
   1  p0           1.06565e+00   1.77793e-03   2.03194e-06   4.47381e-06
   2  p1           2.20514e-02   1.25523e-03   1.43456e-06  -8.68017e-06
SaveSource cannot open file: /home/zhangfy/nl_target/toyMC/results/data_10146.C
1.06158	0.00390196
1.07538	0.00353815
1.07503	0.00350767
1.08491	0.00352707
1.07906	0.00341927
1.08996	0.00327108
1.12372	0.00351404
1.14948	0.00502453
 FCN=10.0038 FROM MIGRAD    STATUS=CONVERGED      36 CALLS          37 TOTAL
                     EDM=8.54019e-16    STRATEGY= 1      ERROR MATRIX ACCURATE 
  EXT PARAMETER                                   STEP         FIRST   
  NO.   NAME      VALUE            ERROR          SIZE      DERIVATIVE 
   1  p0           1.06699e+00   1.78097e-03   2.07930e-06  -1.53775e-05
   2  p1           2.25987e-02   1.25856e-03   1.46938e-06   1.37665e-05
SaveSource cannot open file: /home/zhangfy/nl_target/toyMC/results/data_10147.C
1.07387	0.00394714
1.06917	0.00351772
1.07962	0.00352263
1.07837	0.00350582
1.08585	0.00344078
1.09023	0.00327189
1.11616	0.00349041
1.1458	0.00500846
 FCN=5.63899 FROM MIGRAD    STATUS=CONVERGED      36 CALLS          37 TOTAL
                     EDM=8.67275e-17    STRATEGY= 1      ERROR MATRIX ACCURATE 
  EXT PARAMETER                                   STEP         FIRST   
  NO.   NAME      VALUE            ERROR          SIZE      DERIVATIVE 
   1  p0           1.06978e+00   1.78326e-03   1.61513e-06  -4.19307e-06
   2  p1           1.97341e-02   1.25502e-03   1.13670e-06   5.44222e-06
SaveSource cannot open file: /home/zhangfy/nl_target/toyMC/results/data_10148.C
1.07521	0.00395204
1.07314	0.00353078
1.06601	0.00347822
1.07398	0.00349155
1.08126	0.00342622
1.09335	0.00328124
1.11967	0.00350138
1.14204	0.00499203
 FCN=8.76727 FROM MIGRAD    STATUS=CONVERGED      36 CALLS          37 TOTAL
                     EDM=5.42349e-16    STRATEGY= 1      ERROR MATRIX ACCURATE 
  EXT PARAMETER                                   STEP         FIRST   
  NO.   NAME      VALUE            ERROR          SIZE      DERIVATIVE 
   1  p0           1.06683e+00   1.77863e-03   1.95595e-06  -2.40781e-05
   2  p1           2.10108e-02   1.25355e-03   1.37852e-06  -1.45128e-05
SaveSource cannot open file: /home/zhangfy/nl_target/toyMC/results/data_10149.C
1.06617	0.00391881
1.06989	0.0035201
1.07323	0.0035018
1.08358	0.00352276
1.08149	0.00342696
1.09268	0.00327925
1.11478	0.00348608
1.14338	0.00499789
 FCN=5.50119 FROM MIGRAD    STATUS=CONVERGED      36 CALLS          37 TOTAL
                     EDM=6.04735e-16    STRATEGY= 1      ERROR MATRIX ACCURATE 
  EXT PARAMETER                                   STEP         FIRST   
  NO.   NAME      VALUE            ERROR          SIZE      DERIVATIVE 
   1  p0           1.06792e+00   1.77947e-03   1.59613e-06  -1.56226e-05
   2  p1           2.01471e-02   1.25241e-03   1.12337e-06   7.30744e-06
SaveSource cannot open file: /home/zhangfy/nl_target/toyMC/results/data_10150.C
1.06728	0.00392289
1.07331	0.00353135
1.06971	0.00349029
1.08322	0.00352159
1.08554	0.00343978
1.08119	0.00324476
1.1234	0.00351304
1.14404	0.00500074
 FCN=15.1601 FROM MIGRAD    STATUS=CONVERGED      36 CALLS          37 TOTAL
                     EDM=2.09265e-16    STRATEGY= 1      ERROR MATRIX ACCURATE 
  EXT PARAMETER                                   STEP         FIRST   
  NO.   NAME      VALUE            ERROR          SIZE      DERIVATIVE 
   1  p0           1.06667e+00   1.77967e-03   2.51649e-06   1.38707e-05
   2  p1           2.14332e-02   1.25571e-03   1.77559e-06   2.16893e-05
SaveSource cannot open file: /home/zhangfy/nl_target/toyMC/results/data_10151.C
1.07214	0.00394075
1.07	0.00352046
1.07062	0.00349328
1.08183	0.00351708
1.07996	0.00342211
1.08705	0.00326236
1.11826	0.00349696
1.14525	0.00500605
 FCN=3.0903 FROM MIGRAD    STATUS=CONVERGED      36 CALLS          37 TOTAL
                     EDM=3.61782e-17    STRATEGY= 1      ERROR MATRIX ACCURATE 
  EXT PARAMETER                                   STEP         FIRST   
  NO.   NAME      VALUE            ERROR          SIZE      DERIVATIVE 
   1  p0           1.06674e+00   1.77943e-03   1.26554e-06   3.10547e-06
   2  p1           2.09224e-02   1.25470e-03   8.92350e-07  -2.93621e-06
SaveSource cannot open file: /home/zhangfy/nl_target/toyMC/results/data_10152.C
1.073	0.00394392
1.07108	0.00352402
1.07609	0.00351111
1.08238	0.00351886
1.08463	0.00343692
1.09236	0.00327827
1.12111	0.00350589
1.13885	0.00497808
 FCN=2.37402 FROM MIGRAD    STATUS=CONVERGED      38 CALLS          39 TOTAL
                     EDM=1.03051e-16    STRATEGY= 1      ERROR MATRIX ACCURATE 
  EXT PARAMETER                                   STEP         FIRST   
  NO.   NAME      VALUE            ERROR          SIZE      DERIVATIVE 
   1  p0           1.07056e+00   1.78268e-03   1.15204e-06  -1.78251e-06
   2  p1           1.95509e-02   1.25307e-03   8.09785e-07   9.55182e-06
SaveSource cannot open file: /home/zhangfy/nl_target/toyMC/results/data_10153.C
1.07364	0.00394627
1.0662	0.00350796
1.07621	0.00351153
1.08294	0.00352069
1.07047	0.00339204
1.09099	0.00327418
1.11747	0.0034945
1.14415	0.00500125
 FCN=14.2892 FROM MIGRAD    STATUS=CONVERGED      36 CALLS          37 TOTAL
                     EDM=9.55693e-17    STRATEGY= 1      ERROR MATRIX ACCURATE 
  EXT PARAMETER                                   STEP         FIRST   
  NO.   NAME      VALUE            ERROR          SIZE      DERIVATIVE 
   1  p0           1.06648e+00   1.77881e-03   2.44592e-06   8.61518e-06
   2  p1           2.07926e-02   1.25395e-03   1.72422e-06   1.51187e-05
SaveSource cannot open file: /home/zhangfy/nl_target/toyMC/results/data_10154.C
1.07417	0.00394824
1.0714	0.00352508
1.07132	0.00349554
1.0752	0.00349553
1.07407	0.00340346
1.08842	0.00326646
1.11683	0.00349249
1.15405	0.00504453
 FCN=7.95143 FROM MIGRAD    STATUS=CONVERGED      34 CALLS          35 TOTAL
                     EDM=1.5136e-16    STRATEGY= 1      ERROR MATRIX ACCURATE 
  EXT PARAMETER                                   STEP         FIRST   
  NO.   NAME      VALUE            ERROR          SIZE      DERIVATIVE 
   1  p0           1.06461e+00   1.77914e-03   1.87102e-06  -9.37536e-06
   2  p1           2.24400e-02   1.25865e-03   1.32365e-06   8.05205e-07
SaveSource cannot open file: /home/zhangfy/nl_target/toyMC/results/data_10155.C
1.07127	0.00393756
1.06714	0.00351104
1.08067	0.00352607
1.07397	0.00349152
1.08088	0.00342502
1.09106	0.00327439
1.11478	0.00348609
1.14742	0.00501552
 FCN=9.2956 FROM MIGRAD    STATUS=CONVERGED      36 CALLS          37 TOTAL
                     EDM=3.30579e-16    STRATEGY= 1      ERROR MATRIX ACCURATE 
  EXT PARAMETER                                   STEP         FIRST   
  NO.   NAME      VALUE            ERROR          SIZE      DERIVATIVE 
   1  p0           1.06730e+00   1.78029e-03   2.00825e-06   1.28632e-05
   2  p1           2.05803e-02   1.25482e-03   1.41550e-06  -3.05890e-06
SaveSource cannot open file: /home/zhangfy/nl_target/toyMC/results/data_10156.C
1.07191	0.00393991
1.07721	0.00354418
1.0795	0.00352224
1.08753	0.0035356
1.08235	0.00342968
1.08981	0.00327062
1.11727	0.00349386
1.14576	0.00500826
 FCN=5.45642 FROM MIGRAD    STATUS=CONVERGED      36 CALLS          37 TOTAL
                     EDM=8.50758e-17    STRATEGY= 1      ERROR MATRIX ACCURATE 
  EXT PARAMETER                                   STEP         FIRST   
  NO.   NAME      VALUE            ERROR          SIZE      DERIVATIVE 
   1  p0           1.07222e+00   1.78680e-03   1.59521e-06   6.77183e-06
   2  p1           1.89393e-02   1.25614e-03   1.12145e-06  -1.04345e-06
SaveSource cannot open file: /home/zhangfy/nl_target/toyMC/results/data_10157.C
1.06895	0.00392903
1.0702	0.00352112
1.07716	0.00351462
1.07276	0.00348758
1.08346	0.00343321
1.09062	0.00327305
1.11889	0.00349892
1.14769	0.00501671
 FCN=4.73162 FROM MIGRAD    STATUS=CONVERGED      36 CALLS          37 TOTAL
                     EDM=1.25248e-15    STRATEGY= 1      ERROR MATRIX ACCURATE 
  EXT PARAMETER                                   STEP         FIRST   
  NO.   NAME      VALUE            ERROR          SIZE      DERIVATIVE 
   1  p0           1.06673e+00   1.77989e-03   1.49894e-06  -2.39534e-05
   2  p1           2.15681e-02   1.25613e-03   1.05785e-06   7.91961e-06
SaveSource cannot open file: /home/zhangfy/nl_target/toyMC/results/data_10158.C
1.07483	0.00395065
1.0766	0.00354218
1.07234	0.00349888
1.07228	0.00348603
1.08502	0.00343813
1.09258	0.00327896
1.11272	0.00347963
1.14735	0.00501524
 FCN=10.9273 FROM MIGRAD    STATUS=CONVERGED      36 CALLS          37 TOTAL
                     EDM=8.0007e-16    STRATEGY= 1      ERROR MATRIX ACCURATE 
  EXT PARAMETER                                   STEP         FIRST   
  NO.   NAME      VALUE            ERROR          SIZE      DERIVATIVE 
   1  p0           1.06908e+00   1.78255e-03   2.16320e-06  -2.24693e-05
   2  p1           1.95997e-02   1.25469e-03   1.52263e-06  -5.83319e-08
SaveSource cannot open file: /home/zhangfy/nl_target/toyMC/results/data_10159.C
1.07123	0.00393743
1.07223	0.00352779
1.07428	0.00350521
1.07512	0.00349525
1.0836	0.00343365
1.08839	0.00326637
1.11185	0.00347693
1.14573	0.00500813
 FCN=4.81029 FROM MIGRAD    STATUS=CONVERGED      36 CALLS          37 TOTAL
                     EDM=8.32686e-17    STRATEGY= 1      ERROR MATRIX ACCURATE 
  EXT PARAMETER                                   STEP         FIRST   
  NO.   NAME      VALUE            ERROR          SIZE      DERIVATIVE 
   1  p0           1.06776e+00   1.78034e-03   1.50791e-06  -9.97637e-06
   2  p1           1.95438e-02   1.25311e-03   1.06136e-06  -8.42064e-06
SaveSource cannot open file: /home/zhangfy/nl_target/toyMC/results/data_10160.C
1.07053	0.00393484
1.06787	0.00351346
1.0744	0.00350561
1.08126	0.00351522
1.08117	0.00342596
1.08637	0.0032603
1.11595	0.00348974
1.14336	0.00499779
 FCN=3.40876 FROM MIGRAD    STATUS=CONVERGED      36 CALLS          37 TOTAL
                     EDM=2.10534e-16    STRATEGY= 1      ERROR MATRIX ACCURATE 
  EXT PARAMETER                                   STEP         FIRST   
  NO.   NAME      VALUE            ERROR          SIZE      DERIVATIVE 
   1  p0           1.06712e+00   1.77918e-03   1.31343e-06   1.06768e-05
   2  p1           2.01358e-02   1.25296e-03   9.24958e-07  -1.68762e-06
SaveSource cannot open file: /home/zhangfy/nl_target/toyMC/results/data_10161.C
1.07199	0.00394021
1.06769	0.00351285
1.07876	0.00351983
1.08189	0.00351727
1.0847	0.00343712
1.08926	0.00326898
1.11739	0.00349425
1.15213	0.00503614
 FCN=7.55916 FROM MIGRAD    STATUS=CONVERGED      36 CALLS          37 TOTAL
                     EDM=1.3409e-15    STRATEGY= 1      ERROR MATRIX ACCURATE 
  EXT PARAMETER                                   STEP         FIRST   
  NO.   NAME      VALUE            ERROR          SIZE      DERIVATIVE 
   1  p0           1.06852e+00   1.78323e-03   1.83422e-06  -2.35540e-05
   2  p1           2.12463e-02   1.25831e-03   1.29429e-06  -5.65710e-05
SaveSource cannot open file: /home/zhangfy/nl_target/toyMC/results/data_10162.C
1.06864	0.00392789
1.07617	0.00354076
1.07314	0.0035015
1.07677	0.00350062
1.07654	0.00341128
1.09004	0.00327131
1.11627	0.00349074
1.15282	0.00503915
 FCN=6.43306 FROM MIGRAD    STATUS=CONVERGED      36 CALLS          37 TOTAL
                     EDM=1.30022e-17    STRATEGY= 1      ERROR MATRIX ACCURATE 
  EXT PARAMETER                                   STEP         FIRST   
  NO.   NAME      VALUE            ERROR          SIZE      DERIVATIVE 
   1  p0           1.06619e+00   1.78061e-03   1.70647e-06  -3.79038e-06
   2  p1           2.17887e-02   1.25805e-03   1.20567e-06  -4.95410e-06
SaveSource cannot open file: /home/zhangfy/nl_target/toyMC/results/data_10163.C
1.0761	0.00395533
1.07552	0.00353861
1.06669	0.00348044
1.07924	0.00350866
1.08433	0.00343598
1.09313	0.00328061
1.11225	0.00347818
1.14869	0.00502109
 FCN=12.8585 FROM MIGRAD    STATUS=CONVERGED      36 CALLS          37 TOTAL
                     EDM=1.09854e-16    STRATEGY= 1      ERROR MATRIX ACCURATE 
  EXT PARAMETER                                   STEP         FIRST   
  NO.   NAME      VALUE            ERROR          SIZE      DERIVATIVE 
   1  p0           1.06899e+00   1.78247e-03   2.33213e-06   9.85435e-06
   2  p1           1.98624e-02   1.25501e-03   1.64202e-06   3.55105e-06
SaveSource cannot open file: /home/zhangfy/nl_target/toyMC/results/data_10164.C
1.06845	0.00392721
1.07448	0.0035352
1.06923	0.00348873
1.0768	0.00350071
1.08239	0.00342981
1.09401	0.00328323
1.1231	0.00351212
1.14297	0.00499608
 FCN=4.59838 FROM MIGRAD    STATUS=CONVERGED      36 CALLS          37 TOTAL
                     EDM=1.32648e-15    STRATEGY= 1      ERROR MATRIX ACCURATE 
  EXT PARAMETER                                   STEP         FIRST   
  NO.   NAME      VALUE            ERROR          SIZE      DERIVATIVE 
   1  p0           1.06715e+00   1.77928e-03   1.48224e-06  -2.28000e-05
   2  p1           2.17670e-02   1.25500e-03   1.04549e-06   1.13837e-05
SaveSource cannot open file: /home/zhangfy/nl_target/toyMC/results/data_10165.C
1.06808	0.00392586
1.07155	0.00352558
1.07427	0.00350519
1.07549	0.00349647
1.07883	0.00341853
1.09502	0.00328627
1.12064	0.0035044
1.14846	0.00502009
 FCN=2.75013 FROM MIGRAD    STATUS=CONVERGED      36 CALLS          37 TOTAL
                     EDM=1.67978e-17    STRATEGY= 1      ERROR MATRIX ACCURATE 
  EXT PARAMETER                                   STEP         FIRST   
  NO.   NAME      VALUE            ERROR          SIZE      DERIVATIVE 
   1  p0           1.06634e+00   1.77946e-03   1.21287e-06  -3.32847e-06
   2  p1           2.23577e-02   1.25694e-03   8.56720e-07  -6.38489e-06
SaveSource cannot open file: /home/zhangfy/nl_target/toyMC/results/data_10166.C
1.07095	0.00393641
1.06776	0.00351309
1.0689	0.00348767
1.07795	0.00350447
1.08209	0.00342887
1.09473	0.00328538
1.1158	0.00348928
1.14669	0.00501236
 FCN=5.78525 FROM MIGRAD    STATUS=CONVERGED      36 CALLS          37 TOTAL
                     EDM=3.67628e-16    STRATEGY= 1      ERROR MATRIX ACCURATE 
  EXT PARAMETER                                   STEP         FIRST   
  NO.   NAME      VALUE            ERROR          SIZE      DERIVATIVE 
   1  p0           1.06630e+00   1.77825e-03   1.63006e-06   6.23337e-06
   2  p1           2.14265e-02   1.25415e-03   1.14963e-06  -1.45341e-05
SaveSource cannot open file: /home/zhangfy/nl_target/toyMC/results/data_10167.C
1.07828	0.00396335
1.07491	0.00353661
1.07177	0.00349704
1.07668	0.00350031
1.08137	0.00342659
1.0946	0.00328501
1.11743	0.00349436
1.14808	0.00501843
 FCN=6.22567 FROM MIGRAD    STATUS=CONVERGED      36 CALLS          37 TOTAL
                     EDM=1.65037e-16    STRATEGY= 1      ERROR MATRIX ACCURATE 
  EXT PARAMETER                                   STEP         FIRST   
  NO.   NAME      VALUE            ERROR          SIZE      DERIVATIVE 
   1  p0           1.06934e+00   1.78348e-03   1.68545e-06   8.26946e-06
   2  p1           2.05011e-02   1.25677e-03   1.18769e-06  -3.58579e-06
SaveSource cannot open file: /home/zhangfy/nl_target/toyMC/results/data_10168.C
1.07152	0.00393851
1.0687	0.00351617
1.07118	0.00349509
1.07745	0.00350282
1.08192	0.00342831
1.09551	0.00328773
1.11653	0.00349154
1.14623	0.00501034
 FCN=4.59211 FROM MIGRAD    STATUS=CONVERGED      36 CALLS          37 TOTAL
                     EDM=2.30005e-16    STRATEGY= 1      ERROR MATRIX ACCURATE 
  EXT PARAMETER                                   STEP         FIRST   
  NO.   NAME      VALUE            ERROR          SIZE      DERIVATIVE 
   1  p0           1.06712e+00   1.77933e-03   1.48062e-06  -5.87121e-06
   2  p1           2.11948e-02   1.25443e-03   1.04384e-06   1.02361e-05
SaveSource cannot open file: /home/zhangfy/nl_target/toyMC/results/data_10169.C
1.06522	0.00391534
1.07272	0.00352942
1.07243	0.00349919
1.08069	0.00351338
1.08259	0.00343044
1.09011	0.00327153
1.11736	0.00349416
1.15515	0.00504932
 FCN=5.6742 FROM MIGRAD    STATUS=CONVERGED      34 CALLS          35 TOTAL
                     EDM=3.9053e-16    STRATEGY= 1      ERROR MATRIX ACCURATE 
  EXT PARAMETER                                   STEP         FIRST   
  NO.   NAME      VALUE            ERROR          SIZE      DERIVATIVE 
   1  p0           1.06619e+00   1.78072e-03   1.61813e-06  -1.69744e-05
   2  p1           2.25706e-02   1.25915e-03   1.14418e-06  -2.73630e-06
SaveSource cannot open file: /home/zhangfy/nl_target/toyMC/results/data_10170.C
1.06032	0.00389731
1.07702	0.00354355
1.07473	0.0035067
1.07326	0.00348921
1.08097	0.00342532
1.0918	0.00327659
1.11503	0.00348687
1.1512	0.00503204
 FCN=13.6401 FROM MIGRAD    STATUS=CONVERGED      36 CALLS          37 TOTAL
                     EDM=8.35221e-17    STRATEGY= 1      ERROR MATRIX ACCURATE 
  EXT PARAMETER                                   STEP         FIRST   
  NO.   NAME      VALUE            ERROR          SIZE      DERIVATIVE 
   1  p0           1.06573e+00   1.77894e-03   2.39395e-06  -8.19932e-06
   2  p1           2.18146e-02   1.25627e-03   1.69059e-06  -2.06207e-06
SaveSource cannot open file: /home/zhangfy/nl_target/toyMC/results/data_10171.C
1.07003	0.00393301
1.07237	0.00352825
1.06827	0.00348559
1.08228	0.00351854
1.07836	0.00341705
1.09162	0.00327607
1.11532	0.00348778
1.14828	0.00501927
 FCN=5.86033 FROM MIGRAD    STATUS=CONVERGED      34 CALLS          35 TOTAL
                     EDM=3.35927e-16    STRATEGY= 1      ERROR MATRIX ACCURATE 
  EXT PARAMETER                                   STEP         FIRST   
  NO.   NAME      VALUE            ERROR          SIZE      DERIVATIVE 
   1  p0           1.06662e+00   1.77943e-03   1.63913e-06   1.11596e-05
   2  p1           2.11477e-02   1.25511e-03   1.15615e-06  -6.24754e-06
SaveSource cannot open file: /home/zhangfy/nl_target/toyMC/results/data_10172.C
1.07087	0.0039361
1.07753	0.00354522
1.06949	0.00348958
1.07907	0.0035081
1.08037	0.00342342
1.08907	0.00326841
1.11604	0.00349002
1.14457	0.00500309
 FCN=4.51715 FROM MIGRAD    STATUS=CONVERGED      36 CALLS          37 TOTAL
                     EDM=5.51564e-16    STRATEGY= 1      ERROR MATRIX ACCURATE 
  EXT PARAMETER                                   STEP         FIRST   
  NO.   NAME      VALUE            ERROR          SIZE      DERIVATIVE 
   1  p0           1.06797e+00   1.78078e-03   1.47030e-06  -5.72214e-06
   2  p1           2.00338e-02   1.25405e-03   1.03541e-06  -3.14706e-05
SaveSource cannot open file: /home/zhangfy/nl_target/toyMC/results/data_10173.C
1.07075	0.00393566
1.07034	0.00352157
1.07425	0.00350512
1.08319	0.00352151
1.08605	0.00344143
1.08961	0.00327003
1.11328	0.0034814
1.14297	0.0049961
 FCN=5.27249 FROM MIGRAD    STATUS=CONVERGED      36 CALLS          37 TOTAL
                     EDM=3.98491e-15    STRATEGY= 1      ERROR MATRIX ACCURATE 
  EXT PARAMETER                                   STEP         FIRST   
  NO.   NAME      VALUE            ERROR          SIZE      DERIVATIVE 
   1  p0           1.06960e+00   1.78177e-03   1.56865e-06   3.65202e-05
   2  p1           1.90182e-02   1.25229e-03   1.10251e-06  -2.46212e-05
SaveSource cannot open file: /home/zhangfy/nl_target/toyMC/results/data_10174.C
1.07755	0.00396065
1.06815	0.00351436
1.0771	0.00351442
1.07763	0.0035034
1.07317	0.00340061
1.09612	0.00328958
1.11734	0.0034941
1.14968	0.00502541
 FCN=14.4865 FROM MIGRAD    STATUS=CONVERGED      36 CALLS          37 TOTAL
                     EDM=5.05753e-17    STRATEGY= 1      ERROR MATRIX ACCURATE 
  EXT PARAMETER                                   STEP         FIRST   
  NO.   NAME      VALUE            ERROR          SIZE      DERIVATIVE 
   1  p0           1.06751e+00   1.78144e-03   2.46523e-06  -7.51008e-06
   2  p1           2.13671e-02   1.25713e-03   1.73966e-06  -9.67741e-06
SaveSource cannot open file: /home/zhangfy/nl_target/toyMC/results/data_10175.C
1.07424	0.00394851
1.06653	0.00350904
1.07454	0.00350605
1.08013	0.00351155
1.07952	0.00342071
1.08982	0.00327066
1.11843	0.0034975
1.14476	0.00500389
 FCN=3.72054 FROM MIGRAD    STATUS=CONVERGED      34 CALLS          35 TOTAL
                     EDM=1.64314e-16    STRATEGY= 1      ERROR MATRIX ACCURATE 
  EXT PARAMETER                                   STEP         FIRST   
  NO.   NAME      VALUE            ERROR          SIZE      DERIVATIVE 
   1  p0           1.06721e+00   1.77982e-03   1.36007e-06   7.59567e-06
   2  p1           2.08577e-02   1.25460e-03   9.58716e-07  -4.71319e-06
SaveSource cannot open file: /home/zhangfy/nl_target/toyMC/results/data_10176.C
1.06573	0.0039172
1.07001	0.0035205
1.07199	0.00349776
1.07687	0.00350095
1.07715	0.00341321
1.09538	0.00328735
1.12395	0.00351475
1.14262	0.00499456
 FCN=5.53114 FROM MIGRAD    STATUS=CONVERGED      34 CALLS          35 TOTAL
                     EDM=9.48965e-18    STRATEGY= 1      ERROR MATRIX ACCURATE 
  EXT PARAMETER                                   STEP         FIRST   
  NO.   NAME      VALUE            ERROR          SIZE      DERIVATIVE 
   1  p0           1.06544e+00   1.77684e-03   1.59957e-06  -3.15944e-06
   2  p1           2.25535e-02   1.25457e-03   1.12940e-06  -4.37836e-06
SaveSource cannot open file: /home/zhangfy/nl_target/toyMC/results/data_10177.C
1.07305	0.0039441
1.07025	0.00352128
1.07628	0.00351172
1.07768	0.00350358
1.0829	0.00343143
1.08634	0.00326021
1.12127	0.00350638
1.14147	0.00498951
 FCN=3.70047 FROM MIGRAD    STATUS=CONVERGED      36 CALLS          37 TOTAL
                     EDM=1.193e-15    STRATEGY= 1      ERROR MATRIX ACCURATE 
  EXT PARAMETER                                   STEP         FIRST   
  NO.   NAME      VALUE            ERROR          SIZE      DERIVATIVE 
   1  p0           1.06809e+00   1.78071e-03   1.35765e-06   7.61165e-06
   2  p1           2.03486e-02   1.25420e-03   9.56225e-07  -3.06633e-05
SaveSource cannot open file: /home/zhangfy/nl_target/toyMC/results/data_10178.C
1.0711	0.00393695
1.07294	0.00353014
1.07792	0.00351708
1.07585	0.00349763
1.08592	0.003441
1.08825	0.00326594
1.12219	0.00350926
1.14728	0.00501493
 FCN=4.55644 FROM MIGRAD    STATUS=CONVERGED      34 CALLS          35 TOTAL
                     EDM=7.44684e-17    STRATEGY= 1      ERROR MATRIX ACCURATE 
  EXT PARAMETER                                   STEP         FIRST   
  NO.   NAME      VALUE            ERROR          SIZE      DERIVATIVE 
   1  p0           1.06852e+00   1.78272e-03   1.47790e-06   3.98445e-06
   2  p1           2.12731e-02   1.25762e-03   1.04258e-06  -4.89206e-06
SaveSource cannot open file: /home/zhangfy/nl_target/toyMC/results/data_10179.C
1.06284	0.00390657
1.07275	0.0035295
1.07684	0.00351356
1.08495	0.00352721
1.08907	0.00345099
1.0943	0.00328411
1.11989	0.00350206
1.13985	0.00498243
 FCN=12.7241 FROM MIGRAD    STATUS=CONVERGED      36 CALLS          37 TOTAL
                     EDM=2.21405e-17    STRATEGY= 1      ERROR MATRIX ACCURATE 
  EXT PARAMETER                                   STEP         FIRST   
  NO.   NAME      VALUE            ERROR          SIZE      DERIVATIVE 
   1  p0           1.07067e+00   1.78231e-03   2.32428e-06   4.31808e-06
   2  p1           1.98180e-02   1.25270e-03   1.63362e-06   7.19025e-06
SaveSource cannot open file: /home/zhangfy/nl_target/toyMC/results/data_10180.C
1.06522	0.00391535
1.07021	0.00352117
1.07382	0.00350371
1.07663	0.00350017
1.08138	0.00342662
1.09173	0.00327641
1.11501	0.00348679
1.14798	0.00501799
 FCN=3.63898 FROM MIGRAD    STATUS=CONVERGED      34 CALLS          35 TOTAL
                     EDM=2.9339e-16    STRATEGY= 1      ERROR MATRIX ACCURATE 
  EXT PARAMETER                                   STEP         FIRST   
  NO.   NAME      VALUE            ERROR          SIZE      DERIVATIVE 
   1  p0           1.06599e+00   1.77831e-03   1.34735e-06   8.18731e-06
   2  p1           2.13614e-02   1.25454e-03   9.50516e-07  -9.35585e-06
SaveSource cannot open file: /home/zhangfy/nl_target/toyMC/results/data_10181.C
1.06899	0.0039292
1.06923	0.00351794
1.07913	0.00352105
1.08158	0.00351626
1.0835	0.00343334
1.09722	0.00329287
1.12247	0.00351014
1.1476	0.0050163
 FCN=5.15954 FROM MIGRAD    STATUS=CONVERGED      36 CALLS          37 TOTAL
                     EDM=8.77166e-16    STRATEGY= 1      ERROR MATRIX ACCURATE 
  EXT PARAMETER                                   STEP         FIRST   
  NO.   NAME      VALUE            ERROR          SIZE      DERIVATIVE 
   1  p0           1.06937e+00   1.78303e-03   1.55790e-06   3.17767e-05
   2  p1           2.17459e-02   1.25759e-03   1.09881e-06   2.38653e-05
SaveSource cannot open file: /home/zhangfy/nl_target/toyMC/results/data_10182.C
1.07183	0.00393963
1.06953	0.00351893
1.06955	0.00348979
1.08163	0.00351642
1.08259	0.00343044
1.09457	0.00328491
1.11874	0.00349848
1.13966	0.0049816
 FCN=5.23325 FROM MIGRAD    STATUS=CONVERGED      34 CALLS          35 TOTAL
                     EDM=1.00253e-15    STRATEGY= 1      ERROR MATRIX ACCURATE 
  EXT PARAMETER                                   STEP         FIRST   
  NO.   NAME      VALUE            ERROR          SIZE      DERIVATIVE 
   1  p0           1.06835e+00   1.77944e-03   1.56365e-06  -1.18048e-05
   2  p1           2.02477e-02   1.25197e-03   1.10015e-06   2.20299e-05
SaveSource cannot open file: /home/zhangfy/nl_target/toyMC/results/data_10183.C
1.07628	0.003956
1.07426	0.00353448
1.07799	0.00351732
1.08392	0.00352388
1.08626	0.00344206
1.09096	0.00327408
1.12017	0.00350293
1.15223	0.00503657
 FCN=3.24345 FROM MIGRAD    STATUS=CONVERGED      36 CALLS          37 TOTAL
                     EDM=9.5317e-17    STRATEGY= 1      ERROR MATRIX ACCURATE 
  EXT PARAMETER                                   STEP         FIRST   
  NO.   NAME      VALUE            ERROR          SIZE      DERIVATIVE 
   1  p0           1.07144e+00   1.78758e-03   1.29432e-06   6.30629e-06
   2  p1           2.06845e-02   1.26027e-03   9.12512e-07  -2.65477e-06
SaveSource cannot open file: /home/zhangfy/nl_target/toyMC/results/data_10184.C
1.06599	0.00391818
1.07027	0.00352134
1.06673	0.00348059
1.07837	0.00350582
1.08532	0.00343911
1.08422	0.00325385
1.11783	0.00349562
1.15165	0.00503403
 FCN=9.32719 FROM MIGRAD    STATUS=CONVERGED      36 CALLS          37 TOTAL
                     EDM=4.19486e-17    STRATEGY= 1      ERROR MATRIX ACCURATE 
  EXT PARAMETER                                   STEP         FIRST   
  NO.   NAME      VALUE            ERROR          SIZE      DERIVATIVE 
   1  p0           1.06407e+00   1.77728e-03   2.00909e-06  -1.39697e-06
   2  p1           2.26727e-02   1.25695e-03   1.42090e-06  -8.51672e-06
SaveSource cannot open file: /home/zhangfy/nl_target/toyMC/results/data_10185.C
1.07465	0.00395
1.0686	0.00351584
1.07607	0.00351106
1.07805	0.00350477
1.08197	0.00342849
1.08715	0.00326264
1.11454	0.00348533
1.14411	0.00500107
 FCN=4.09174 FROM MIGRAD    STATUS=CONVERGED      36 CALLS          37 TOTAL
                     EDM=5.88767e-17    STRATEGY= 1      ERROR MATRIX ACCURATE 
  EXT PARAMETER                                   STEP         FIRST   
  NO.   NAME      VALUE            ERROR          SIZE      DERIVATIVE 
   1  p0           1.06808e+00   1.78074e-03   1.41205e-06  -2.03166e-06
   2  p1           1.95853e-02   1.25333e-03   9.93840e-07   6.40101e-06
SaveSource cannot open file: /home/zhangfy/nl_target/toyMC/results/data_10186.C
1.074	0.00394761
1.07442	0.00353501
1.077	0.00351409
1.07801	0.00350464
1.08746	0.00344588
1.09444	0.00328454
1.12163	0.0035075
1.13892	0.00497838
 FCN=3.46862 FROM MIGRAD    STATUS=CONVERGED      36 CALLS          37 TOTAL
                     EDM=5.43014e-16    STRATEGY= 1      ERROR MATRIX ACCURATE 
  EXT PARAMETER                                   STEP         FIRST   
  NO.   NAME      VALUE            ERROR          SIZE      DERIVATIVE 
   1  p0           1.07165e+00   1.78421e-03   1.32688e-06  -1.99139e-05
   2  p1           1.93279e-02   1.25364e-03   9.32307e-07  -3.09974e-06
SaveSource cannot open file: /home/zhangfy/nl_target/toyMC/results/data_10187.C
1.07083	0.00393596
1.06911	0.00351754
1.07397	0.00350421
1.08858	0.00353901
1.08194	0.0034284
1.09545	0.00328756
1.11352	0.00348215
1.15014	0.00502741
 FCN=13.7201 FROM MIGRAD    STATUS=CONVERGED      36 CALLS          37 TOTAL
                     EDM=3.95604e-16    STRATEGY= 1      ERROR MATRIX ACCURATE 
  EXT PARAMETER                                   STEP         FIRST   
  NO.   NAME      VALUE            ERROR          SIZE      DERIVATIVE 
   1  p0           1.06959e+00   1.78318e-03   2.40595e-06  -1.22893e-05
   2  p1           2.03774e-02   1.25592e-03   1.69454e-06   6.43385e-06
SaveSource cannot open file: /home/zhangfy/nl_target/toyMC/results/data_10188.C
1.0728	0.00394319
1.0723	0.00352803
1.0738	0.00350366
1.07991	0.00351085
1.08428	0.00343579
1.09251	0.00327873
1.12504	0.00351816
1.14812	0.0050186
 FCN=0.849926 FROM MIGRAD    STATUS=CONVERGED      36 CALLS          37 TOTAL
                     EDM=4.30287e-17    STRATEGY= 1      ERROR MATRIX ACCURATE 
  EXT PARAMETER                                   STEP         FIRST   
  NO.   NAME      VALUE            ERROR          SIZE      DERIVATIVE 
   1  p0           1.06862e+00   1.78294e-03   8.53490e-07   1.67484e-06
   2  p1           2.21482e-02   1.25886e-03   6.02611e-07  -5.52384e-06
SaveSource cannot open file: /home/zhangfy/nl_target/toyMC/results/data_10189.C
1.06869	0.0039281
1.07208	0.0035273
1.07655	0.00351263
1.07624	0.00349889
1.08687	0.003444
1.08613	0.00325958
1.12148	0.00350705
1.14573	0.00500815
 FCN=6.40434 FROM MIGRAD    STATUS=CONVERGED      36 CALLS          37 TOTAL
                     EDM=8.42525e-16    STRATEGY= 1      ERROR MATRIX ACCURATE 
  EXT PARAMETER                                   STEP         FIRST   
  NO.   NAME      VALUE            ERROR          SIZE      DERIVATIVE 
   1  p0           1.06771e+00   1.78114e-03   1.70465e-06   7.60319e-06
   2  p1           2.11836e-02   1.25625e-03   1.20230e-06   3.92176e-05
SaveSource cannot open file: /home/zhangfy/nl_target/toyMC/results/data_10190.C
1.06816	0.00392615
1.07142	0.00352515
1.07611	0.00351119
1.07572	0.0034972
1.07723	0.00341346
1.08913	0.00326859
1.12143	0.00350688
1.14902	0.00502252
 FCN=2.35201 FROM MIGRAD    STATUS=CONVERGED      36 CALLS          37 TOTAL
                     EDM=3.87916e-17    STRATEGY= 1      ERROR MATRIX ACCURATE 
  EXT PARAMETER                                   STEP         FIRST   
  NO.   NAME      VALUE            ERROR          SIZE      DERIVATIVE 
   1  p0           1.06557e+00   1.77920e-03   1.14593e-06  -6.85227e-06
   2  p1           2.24084e-02   1.25756e-03   8.09950e-07  -6.19981e-06
SaveSource cannot open file: /home/zhangfy/nl_target/toyMC/results/data_10191.C
1.06613	0.00391869
1.06983	0.0035199
1.07323	0.00350177
1.08431	0.00352514
1.08387	0.0034345
1.09416	0.0032837
1.12354	0.00351347
1.13981	0.00498225
 FCN=7.78746 FROM MIGRAD    STATUS=CONVERGED      36 CALLS          37 TOTAL
                     EDM=4.65851e-16    STRATEGY= 1      ERROR MATRIX ACCURATE 
  EXT PARAMETER                                   STEP         FIRST   
  NO.   NAME      VALUE            ERROR          SIZE      DERIVATIVE 
   1  p0           1.06856e+00   1.77998e-03   1.85835e-06  -9.11073e-06
   2  p1           2.10964e-02   1.25349e-03   1.30868e-06   1.35313e-05
SaveSource cannot open file: /home/zhangfy/nl_target/toyMC/results/data_10192.C
1.07162	0.00393886
1.07449	0.00353522
1.07291	0.00350076
1.07539	0.00349614
1.07989	0.00342189
1.09291	0.00327993
1.11859	0.003498
1.1498	0.00502593
 FCN=2.74451 FROM MIGRAD    STATUS=CONVERGED      36 CALLS          37 TOTAL
                     EDM=1.62955e-16    STRATEGY= 1      ERROR MATRIX ACCURATE 
  EXT PARAMETER                                   STEP         FIRST   
  NO.   NAME      VALUE            ERROR          SIZE      DERIVATIVE 
   1  p0           1.06725e+00   1.78118e-03   1.21220e-06  -6.41825e-06
   2  p1           2.16373e-02   1.25741e-03   8.55746e-07   6.47001e-06
SaveSource cannot open file: /home/zhangfy/nl_target/toyMC/results/data_10193.C
1.06517	0.00391515
1.07297	0.00353024
1.07189	0.00349743
1.07712	0.00350176
1.08097	0.00342533
1.09198	0.00327715
1.12208	0.00350892
1.1393	0.00498005
 FCN=3.98234 FROM MIGRAD    STATUS=CONVERGED      34 CALLS          35 TOTAL
                     EDM=3.98447e-15    STRATEGY= 1      ERROR MATRIX ACCURATE 
  EXT PARAMETER                                   STEP         FIRST   
  NO.   NAME      VALUE            ERROR          SIZE      DERIVATIVE 
   1  p0           1.06673e+00   1.77773e-03   1.39700e-06  -8.25075e-06
   2  p1           2.11462e-02   1.25259e-03   9.84326e-07  -7.88798e-05
SaveSource cannot open file: /home/zhangfy/nl_target/toyMC/results/data_10194.C
1.06854	0.00392755
1.06909	0.00351747
1.07913	0.00352103
1.08035	0.00351226
1.0837	0.00343396
1.08857	0.00326691
1.12275	0.003511
1.14451	0.0050028
 FCN=4.94663 FROM MIGRAD    STATUS=CONVERGED      36 CALLS          37 TOTAL
                     EDM=9.38143e-17    STRATEGY= 1      ERROR MATRIX ACCURATE 
  EXT PARAMETER                                   STEP         FIRST   
  NO.   NAME      VALUE            ERROR          SIZE      DERIVATIVE 
   1  p0           1.06817e+00   1.78132e-03   1.52837e-06   6.36335e-06
   2  p1           2.12428e-02   1.25603e-03   1.07767e-06  -2.49722e-06
SaveSource cannot open file: /home/zhangfy/nl_target/toyMC/results/data_10195.C
1.0655	0.00391635
1.06554	0.00350577
1.08214	0.00353085
1.07891	0.00350758
1.09056	0.00345569
1.09188	0.00327683
1.126	0.00352117
1.15215	0.0050362
 FCN=16.3407 FROM MIGRAD    STATUS=CONVERGED      36 CALLS          37 TOTAL
                     EDM=9.37509e-16    STRATEGY= 1      ERROR MATRIX ACCURATE 
  EXT PARAMETER                                   STEP         FIRST   
  NO.   NAME      VALUE            ERROR          SIZE      DERIVATIVE 
   1  p0           1.06787e+00   1.78255e-03   2.61411e-06  -1.18204e-05
   2  p1           2.33561e-02   1.26062e-03   1.84870e-06   2.05866e-05
SaveSource cannot open file: /home/zhangfy/nl_target/toyMC/results/data_10196.C
1.07266	0.00394268
1.07404	0.00353376
1.07013	0.00349169
1.07396	0.00349148
1.07714	0.00341318
1.09019	0.00327176
1.11496	0.00348666
1.15009	0.0050272
 FCN=6.08144 FROM MIGRAD    STATUS=CONVERGED      36 CALLS          37 TOTAL
                     EDM=3.97861e-17    STRATEGY= 1      ERROR MATRIX ACCURATE 
  EXT PARAMETER                                   STEP         FIRST   
  NO.   NAME      VALUE            ERROR          SIZE      DERIVATIVE 
   1  p0           1.06574e+00   1.77921e-03   1.66428e-06  -6.87902e-06
   2  p1           2.13516e-02   1.25611e-03   1.17497e-06  -5.65426e-06
SaveSource cannot open file: /home/zhangfy/nl_target/toyMC/results/data_10197.C
1.07171	0.00393919
1.07584	0.00353969
1.07513	0.00350798
1.08086	0.00351391
1.08038	0.00342343
1.09118	0.00327473
1.11864	0.00349815
1.14471	0.00500368
 FCN=0.896713 FROM MIGRAD    STATUS=CONVERGED      38 CALLS          39 TOTAL
                     EDM=2.76924e-16    STRATEGY= 1      ERROR MATRIX ACCURATE 
  EXT PARAMETER                                   STEP         FIRST   
  NO.   NAME      VALUE            ERROR          SIZE      DERIVATIVE 
   1  p0           1.06949e+00   1.78296e-03   8.63314e-07   9.05755e-06
   2  p1           2.00727e-02   1.25536e-03   6.07848e-07  -7.37168e-06
SaveSource cannot open file: /home/zhangfy/nl_target/toyMC/results/data_10198.C
1.06643	0.0039198
1.06886	0.0035167
1.07315	0.00350152
1.06979	0.00347792
1.08455	0.00343665
1.08754	0.00326381
1.11942	0.00350058
1.15048	0.0050289
 FCN=7.24034 FROM MIGRAD    STATUS=CONVERGED      34 CALLS          35 TOTAL
                     EDM=7.1068e-17    STRATEGY= 1      ERROR MATRIX ACCURATE 
  EXT PARAMETER                                   STEP         FIRST   
  NO.   NAME      VALUE            ERROR          SIZE      DERIVATIVE 
   1  p0           1.06395e+00   1.77698e-03   1.79483e-06  -4.18027e-06
   2  p1           2.29186e-02   1.25698e-03   1.26961e-06   4.37755e-06
SaveSource cannot open file: /home/zhangfy/nl_target/toyMC/results/data_10199.C
