000 (8910046.000.000) 08/30 16:47:27 Job submitted from host: <10.10.47.121:35195>
...
001 (8910046.000.000) 08/30 16:47:44 Job executing on host: <10.10.47.131:46968>
...
006 (8910046.000.000) 08/30 16:47:52 Image size of job updated: 315632
	28  -  MemoryUsage of job (MB)
	27740  -  ResidentSetSize of job (KB)
...
006 (8910046.000.000) 08/30 16:48:49 Image size of job updated: 316336
	28  -  MemoryUsage of job (MB)
	27740  -  ResidentSetSize of job (KB)
...
005 (8910046.000.000) 08/30 16:48:49 Job terminated.
	(1) Normal termination (return value 0)
		Usr 0 00:00:00, Sys 0 00:00:00  -  Run Remote Usage
		Usr 0 00:00:00, Sys 0 00:00:00  -  Run Local Usage
		Usr 0 00:00:00, Sys 0 00:00:00  -  Total Remote Usage
		Usr 0 00:00:00, Sys 0 00:00:00  -  Total Local Usage
	91389  -  Run Bytes Sent By Job
	4013  -  Run Bytes Received By Job
	91389  -  Total Bytes Sent By Job
	4013  -  Total Bytes Received By Job
	Partitionable Resources :    Usage  Request          
	   Cpus                 :                 1          
	   Disk (KB)            :      105      105          
	   Memory (MB)          :       28       28          
...
