1.07408	0.0039479
1.07042	0.00352183
1.07872	0.00351971
1.08063	0.00351316
1.0794	0.00342034
1.08857	0.00326692
1.11758	0.00349483
1.14788	0.00501753
 FCN=4.33646 FROM MIGRAD    STATUS=CONVERGED      36 CALLS          37 TOTAL
                     EDM=1.24906e-15    STRATEGY= 1      ERROR MATRIX ACCURATE 
  EXT PARAMETER                                   STEP         FIRST   
  NO.   NAME      VALUE            ERROR          SIZE      DERIVATIVE 
   1  p0           1.06864e+00   1.78277e-03   1.44742e-06   3.09958e-05
   2  p1           2.04316e-02   1.25653e-03   1.02018e-06   6.44035e-06
SaveSource cannot open file: /home/zhangfy/nl_target/toyMC/results/data_12600.C
1.08003	0.00396975
1.072	0.00352704
1.07336	0.00350222
1.07681	0.00350077
1.07445	0.00340466
1.09397	0.00328312
1.12407	0.00351513
1.13951	0.00498094
 FCN=13.0895 FROM MIGRAD    STATUS=CONVERGED      36 CALLS          37 TOTAL
                     EDM=5.17702e-17    STRATEGY= 1      ERROR MATRIX ACCURATE 
  EXT PARAMETER                                   STEP         FIRST   
  NO.   NAME      VALUE            ERROR          SIZE      DERIVATIVE 
   1  p0           1.06849e+00   1.78102e-03   2.35199e-06  -3.77252e-06
   2  p1           2.06197e-02   1.25446e-03   1.65662e-06   3.42057e-06
SaveSource cannot open file: /home/zhangfy/nl_target/toyMC/results/data_12601.C
1.07417	0.00394824
1.06792	0.00351363
1.07229	0.00349872
1.08085	0.00351388
1.08303	0.00343183
1.09087	0.00327382
1.1175	0.00349458
1.15107	0.00503151
 FCN=4.687 FROM MIGRAD    STATUS=CONVERGED      36 CALLS          37 TOTAL
                     EDM=2.38499e-15    STRATEGY= 1      ERROR MATRIX ACCURATE 
  EXT PARAMETER                                   STEP         FIRST   
  NO.   NAME      VALUE            ERROR          SIZE      DERIVATIVE 
   1  p0           1.06738e+00   1.78137e-03   1.49405e-06   4.46156e-06
   2  p1           2.16191e-02   1.25750e-03   1.05468e-06   5.91178e-05
SaveSource cannot open file: /home/zhangfy/nl_target/toyMC/results/data_12602.C
1.07271	0.00394288
1.06847	0.00351541
1.07653	0.00351255
1.07593	0.00349789
1.08252	0.00343023
1.09348	0.00328164
1.11566	0.00348883
1.14911	0.00502292
 FCN=5.40698 FROM MIGRAD    STATUS=CONVERGED      36 CALLS          37 TOTAL
                     EDM=6.77887e-16    STRATEGY= 1      ERROR MATRIX ACCURATE 
  EXT PARAMETER                                   STEP         FIRST   
  NO.   NAME      VALUE            ERROR          SIZE      DERIVATIVE 
   1  p0           1.06778e+00   1.78119e-03   1.58550e-06   1.05161e-05
   2  p1           2.09852e-02   1.25600e-03   1.11801e-06  -1.69312e-05
SaveSource cannot open file: /home/zhangfy/nl_target/toyMC/results/data_12603.C
1.06865	0.00392792
1.06918	0.00351777
1.07392	0.00350406
1.08154	0.00351614
1.08458	0.00343674
1.09665	0.00329114
1.1172	0.00349364
1.14667	0.00501225
 FCN=5.95344 FROM MIGRAD    STATUS=CONVERGED      36 CALLS          37 TOTAL
                     EDM=3.051e-16    STRATEGY= 1      ERROR MATRIX ACCURATE 
  EXT PARAMETER                                   STEP         FIRST   
  NO.   NAME      VALUE            ERROR          SIZE      DERIVATIVE 
   1  p0           1.06864e+00   1.78122e-03   1.65307e-06  -1.09553e-05
   2  p1           2.10065e-02   1.25504e-03   1.16475e-06   5.40267e-06
SaveSource cannot open file: /home/zhangfy/nl_target/toyMC/results/data_12604.C
1.06922	0.00393004
1.07241	0.0035284
1.07459	0.00350622
1.07544	0.00349629
1.08525	0.00343888
1.09288	0.00327984
1.1241	0.00351524
1.15016	0.00502751
 FCN=2.36317 FROM MIGRAD    STATUS=CONVERGED      36 CALLS          37 TOTAL
                     EDM=5.61174e-17    STRATEGY= 1      ERROR MATRIX ACCURATE 
  EXT PARAMETER                                   STEP         FIRST   
  NO.   NAME      VALUE            ERROR          SIZE      DERIVATIVE 
   1  p0           1.06735e+00   1.78158e-03   1.15008e-06  -3.31659e-06
   2  p1           2.27717e-02   1.25922e-03   8.12868e-07   4.45118e-06
SaveSource cannot open file: /home/zhangfy/nl_target/toyMC/results/data_12605.C
1.07163	0.0039389
1.07449	0.00353524
1.06889	0.00348763
1.07784	0.00350412
1.07628	0.00341044
1.08394	0.003253
1.11239	0.00347863
1.14946	0.00502446
 FCN=9.39802 FROM MIGRAD    STATUS=CONVERGED      36 CALLS          37 TOTAL
                     EDM=2.20786e-16    STRATEGY= 1      ERROR MATRIX ACCURATE 
  EXT PARAMETER                                   STEP         FIRST   
  NO.   NAME      VALUE            ERROR          SIZE      DERIVATIVE 
   1  p0           1.06530e+00   1.77864e-03   2.01455e-06  -5.19358e-06
   2  p1           2.06024e-02   1.25492e-03   1.42137e-06  -2.09989e-05
SaveSource cannot open file: /home/zhangfy/nl_target/toyMC/results/data_12606.C
1.06162	0.00390208
1.07376	0.00353283
1.07533	0.00350865
1.07535	0.003496
1.08814	0.00344802
1.09373	0.0032824
1.11451	0.00348525
1.15928	0.00506737
 FCN=19.6614 FROM MIGRAD    STATUS=CONVERGED      36 CALLS          37 TOTAL
                     EDM=2.92362e-15    STRATEGY= 1      ERROR MATRIX ACCURATE 
  EXT PARAMETER                                   STEP         FIRST   
  NO.   NAME      VALUE            ERROR          SIZE      DERIVATIVE 
   1  p0           1.06660e+00   1.78160e-03   2.84866e-06   4.60356e-05
   2  p1           2.27767e-02   1.26016e-03   2.01490e-06   6.62089e-06
SaveSource cannot open file: /home/zhangfy/nl_target/toyMC/results/data_12607.C
1.07038	0.00393431
1.07595	0.00354003
1.07251	0.00349945
1.08097	0.00351428
1.07581	0.00340896
1.08618	0.00325973
1.11767	0.00349512
1.14282	0.00499545
 FCN=5.13296 FROM MIGRAD    STATUS=CONVERGED      36 CALLS          37 TOTAL
                     EDM=1.18861e-16    STRATEGY= 1      ERROR MATRIX ACCURATE 
  EXT PARAMETER                                   STEP         FIRST   
  NO.   NAME      VALUE            ERROR          SIZE      DERIVATIVE 
   1  p0           1.06739e+00   1.78004e-03   1.54936e-06  -7.88800e-06
   2  p1           2.00301e-02   1.25371e-03   1.09123e-06  -1.70618e-05
SaveSource cannot open file: /home/zhangfy/nl_target/toyMC/results/data_12608.C
1.06885	0.00392868
1.08023	0.00355412
1.0781	0.00351768
1.07972	0.00351022
1.0815	0.00342699
1.0897	0.00327031
1.12259	0.0035105
1.14685	0.00501302
 FCN=5.53697 FROM MIGRAD    STATUS=CONVERGED      36 CALLS          37 TOTAL
                     EDM=4.77899e-16    STRATEGY= 1      ERROR MATRIX ACCURATE 
  EXT PARAMETER                                   STEP         FIRST   
  NO.   NAME      VALUE            ERROR          SIZE      DERIVATIVE 
   1  p0           1.06994e+00   1.78467e-03   1.60434e-06   1.04882e-05
   2  p1           2.07426e-02   1.25803e-03   1.13091e-06  -1.17923e-05
SaveSource cannot open file: /home/zhangfy/nl_target/toyMC/results/data_12609.C
1.0717	0.00393916
1.0664	0.00350861
1.07188	0.00349738
1.07988	0.00351073
1.08327	0.00343261
1.09427	0.003284
1.11325	0.00348129
1.14525	0.00500607
 FCN=7.49823 FROM MIGRAD    STATUS=CONVERGED      36 CALLS          37 TOTAL
                     EDM=1.76681e-16    STRATEGY= 1      ERROR MATRIX ACCURATE 
  EXT PARAMETER                                   STEP         FIRST   
  NO.   NAME      VALUE            ERROR          SIZE      DERIVATIVE 
   1  p0           1.06760e+00   1.77936e-03   1.82464e-06  -1.25830e-05
   2  p1           2.03161e-02   1.25283e-03   1.28471e-06  -4.68904e-06
SaveSource cannot open file: /home/zhangfy/nl_target/toyMC/results/data_12610.C
1.07322	0.00394474
1.06803	0.00351397
1.07354	0.00350281
1.08219	0.00351823
1.08532	0.00343911
1.08486	0.00325578
1.11762	0.00349496
1.14825	0.00501914
 FCN=8.34323 FROM MIGRAD    STATUS=CONVERGED      34 CALLS          35 TOTAL
                     EDM=9.16897e-16    STRATEGY= 1      ERROR MATRIX ACCURATE 
  EXT PARAMETER                                   STEP         FIRST   
  NO.   NAME      VALUE            ERROR          SIZE      DERIVATIVE 
   1  p0           1.06762e+00   1.78135e-03   1.91413e-06   7.45436e-06
   2  p1           2.08387e-02   1.25623e-03   1.34987e-06   4.05641e-05
SaveSource cannot open file: /home/zhangfy/nl_target/toyMC/results/data_12611.C
1.07151	0.00393845
1.07175	0.00352621
1.07184	0.00349727
1.08295	0.00352071
1.0818	0.00342794
1.09268	0.00327925
1.11574	0.00348908
1.14765	0.00501653
 FCN=3.65811 FROM MIGRAD    STATUS=CONVERGED      36 CALLS          37 TOTAL
                     EDM=1.47917e-15    STRATEGY= 1      ERROR MATRIX ACCURATE 
  EXT PARAMETER                                   STEP         FIRST   
  NO.   NAME      VALUE            ERROR          SIZE      DERIVATIVE 
   1  p0           1.06852e+00   1.78171e-03   1.35230e-06  -2.23473e-06
   2  p1           2.05539e-02   1.25536e-03   9.52799e-07  -4.54670e-05
SaveSource cannot open file: /home/zhangfy/nl_target/toyMC/results/data_12612.C
1.07043	0.00393449
1.07067	0.00352267
1.07202	0.00349783
1.07721	0.00350204
1.08335	0.00343285
1.09425	0.00328394
1.12538	0.00351924
1.14934	0.00502392
 FCN=1.54319 FROM MIGRAD    STATUS=CONVERGED      36 CALLS          37 TOTAL
                     EDM=1.99837e-17    STRATEGY= 1      ERROR MATRIX ACCURATE 
  EXT PARAMETER                                   STEP         FIRST   
  NO.   NAME      VALUE            ERROR          SIZE      DERIVATIVE 
   1  p0           1.06680e+00   1.78061e-03   9.99952e-07   2.30342e-06
   2  p1           2.31784e-02   1.25900e-03   7.07024e-07  -2.18111e-06
SaveSource cannot open file: /home/zhangfy/nl_target/toyMC/results/data_12613.C
1.06621	0.00391896
1.06792	0.0035136
1.07032	0.00349229
1.0757	0.00349714
1.08109	0.0034257
1.09303	0.0032803
1.11458	0.00348547
1.15409	0.0050447
 FCN=6.51872 FROM MIGRAD    STATUS=CONVERGED      36 CALLS          37 TOTAL
                     EDM=1.4288e-15    STRATEGY= 1      ERROR MATRIX ACCURATE 
  EXT PARAMETER                                   STEP         FIRST   
  NO.   NAME      VALUE            ERROR          SIZE      DERIVATIVE 
   1  p0           1.06424e+00   1.77731e-03   1.71479e-06  -2.17476e-05
   2  p1           2.28409e-02   1.25702e-03   1.21280e-06   1.49781e-05
SaveSource cannot open file: /home/zhangfy/nl_target/toyMC/results/data_12614.C
1.07259	0.00394241
1.07262	0.00352908
1.07485	0.00350707
1.07726	0.0035022
1.08633	0.00344229
1.09067	0.0032732
1.12524	0.0035188
1.14237	0.00499345
 FCN=4.16517 FROM MIGRAD    STATUS=CONVERGED      36 CALLS          37 TOTAL
                     EDM=2.96291e-16    STRATEGY= 1      ERROR MATRIX ACCURATE 
  EXT PARAMETER                                   STEP         FIRST   
  NO.   NAME      VALUE            ERROR          SIZE      DERIVATIVE 
   1  p0           1.06907e+00   1.78220e-03   1.42545e-06   1.93779e-06
   2  p1           2.11282e-02   1.25605e-03   1.00462e-06   2.11850e-05
SaveSource cannot open file: /home/zhangfy/nl_target/toyMC/results/data_12615.C
1.07028	0.00393392
1.07319	0.00353097
1.07477	0.0035068
1.08196	0.00351748
1.08152	0.00342706
1.08784	0.00326472
1.11996	0.00350228
1.15068	0.00502977
 FCN=2.69372 FROM MIGRAD    STATUS=CONVERGED      36 CALLS          37 TOTAL
                     EDM=1.56603e-16    STRATEGY= 1      ERROR MATRIX ACCURATE 
  EXT PARAMETER                                   STEP         FIRST   
  NO.   NAME      VALUE            ERROR          SIZE      DERIVATIVE 
   1  p0           1.06782e+00   1.78244e-03   1.20452e-06   6.20028e-06
   2  p1           2.15730e-02   1.25843e-03   8.50406e-07  -6.46756e-06
SaveSource cannot open file: /home/zhangfy/nl_target/toyMC/results/data_12616.C
1.07164	0.00393892
1.07215	0.00352753
1.07555	0.00350937
1.08164	0.00351644
1.07949	0.00342062
1.09577	0.00328852
1.11922	0.00349998
1.14916	0.00502314
 FCN=2.85636 FROM MIGRAD    STATUS=CONVERGED      36 CALLS          37 TOTAL
                     EDM=3.67613e-16    STRATEGY= 1      ERROR MATRIX ACCURATE 
  EXT PARAMETER                                   STEP         FIRST   
  NO.   NAME      VALUE            ERROR          SIZE      DERIVATIVE 
   1  p0           1.06885e+00   1.78284e-03   1.23166e-06   2.08292e-05
   2  p1           2.13411e-02   1.25748e-03   8.68720e-07   2.39816e-05
SaveSource cannot open file: /home/zhangfy/nl_target/toyMC/results/data_12617.C
1.06164	0.00390216
1.06984	0.00351995
1.06997	0.00349117
1.07985	0.00351065
1.08131	0.00342639
1.09596	0.00328909
1.11445	0.00348505
1.15281	0.00503911
 FCN=11.9954 FROM MIGRAD    STATUS=CONVERGED      36 CALLS          37 TOTAL
                     EDM=6.86059e-16    STRATEGY= 1      ERROR MATRIX ACCURATE 
  EXT PARAMETER                                   STEP         FIRST   
  NO.   NAME      VALUE            ERROR          SIZE      DERIVATIVE 
   1  p0           1.06508e+00   1.77766e-03   2.25575e-06  -4.61266e-06
   2  p1           2.26364e-02   1.25625e-03   1.59411e-06   2.45848e-05
SaveSource cannot open file: /home/zhangfy/nl_target/toyMC/results/data_12618.C
1.07623	0.00395579
1.07052	0.00352216
1.06809	0.00348501
1.08603	0.00353074
1.08255	0.00343033
1.09962	0.00330007
1.11856	0.00349791
1.14976	0.00502577
 FCN=14.4182 FROM MIGRAD    STATUS=CONVERGED      36 CALLS          37 TOTAL
                     EDM=1.15266e-15    STRATEGY= 1      ERROR MATRIX ACCURATE 
  EXT PARAMETER                                   STEP         FIRST   
  NO.   NAME      VALUE            ERROR          SIZE      DERIVATIVE 
   1  p0           1.06957e+00   1.78338e-03   2.46456e-06  -8.63472e-06
   2  p1           2.14192e-02   1.25747e-03   1.73776e-06   2.86602e-05
SaveSource cannot open file: /home/zhangfy/nl_target/toyMC/results/data_12619.C
1.06484	0.00391393
1.06837	0.00351509
1.07053	0.00349299
1.08332	0.00352192
1.08016	0.00342274
1.08951	0.00326973
1.11301	0.00348054
1.14759	0.0050163
 FCN=7.79691 FROM MIGRAD    STATUS=CONVERGED      36 CALLS          37 TOTAL
                     EDM=5.58284e-16    STRATEGY= 1      ERROR MATRIX ACCURATE 
  EXT PARAMETER                                   STEP         FIRST   
  NO.   NAME      VALUE            ERROR          SIZE      DERIVATIVE 
   1  p0           1.06566e+00   1.77753e-03   1.85429e-06   3.75404e-06
   2  p1           2.10399e-02   1.25346e-03   1.30759e-06   3.00738e-05
SaveSource cannot open file: /home/zhangfy/nl_target/toyMC/results/data_12620.C
1.07266	0.0039427
1.06911	0.00351755
1.07937	0.00352182
1.0801	0.00351145
1.07933	0.0034201
1.09155	0.00327585
1.11362	0.00348245
1.14645	0.00501131
 FCN=6.02697 FROM MIGRAD    STATUS=CONVERGED      36 CALLS          37 TOTAL
                     EDM=2.69883e-16    STRATEGY= 1      ERROR MATRIX ACCURATE 
  EXT PARAMETER                                   STEP         FIRST   
  NO.   NAME      VALUE            ERROR          SIZE      DERIVATIVE 
   1  p0           1.06886e+00   1.78202e-03   1.66021e-06  -1.35550e-05
   2  p1           1.97023e-02   1.25434e-03   1.16860e-06  -1.08305e-06
SaveSource cannot open file: /home/zhangfy/nl_target/toyMC/results/data_12621.C
1.06708	0.00392218
1.07033	0.00352154
1.07225	0.00349858
1.08242	0.00351898
1.07896	0.00341893
1.08873	0.00326738
1.11246	0.00347883
1.14299	0.00499615
 FCN=4.14894 FROM MIGRAD    STATUS=CONVERGED      36 CALLS          37 TOTAL
                     EDM=1.79582e-17    STRATEGY= 1      ERROR MATRIX ACCURATE 
  EXT PARAMETER                                   STEP         FIRST   
  NO.   NAME      VALUE            ERROR          SIZE      DERIVATIVE 
   1  p0           1.06691e+00   1.77828e-03   1.41861e-06  -2.32750e-06
   2  p1           1.97165e-02   1.25142e-03   9.98312e-07  -6.45018e-06
SaveSource cannot open file: /home/zhangfy/nl_target/toyMC/results/data_12622.C
1.06737	0.00392322
1.0688	0.0035165
1.07078	0.0034938
1.07728	0.00350227
1.08927	0.0034516
1.09312	0.00328057
1.11691	0.00349273
1.15263	0.00503831
 FCN=10.4025 FROM MIGRAD    STATUS=CONVERGED      36 CALLS          37 TOTAL
                     EDM=2.27901e-16    STRATEGY= 1      ERROR MATRIX ACCURATE 
  EXT PARAMETER                                   STEP         FIRST   
  NO.   NAME      VALUE            ERROR          SIZE      DERIVATIVE 
   1  p0           1.06658e+00   1.78005e-03   2.11540e-06   8.39097e-06
   2  p1           2.23603e-02   1.25748e-03   1.49438e-06  -6.42786e-06
SaveSource cannot open file: /home/zhangfy/nl_target/toyMC/results/data_12623.C
1.07342	0.00394548
1.07275	0.0035295
1.07913	0.00352104
1.0782	0.00350527
1.08385	0.00343445
1.09374	0.00328242
1.12019	0.00350301
1.15129	0.00503245
 FCN=2.45792 FROM MIGRAD    STATUS=CONVERGED      36 CALLS          37 TOTAL
                     EDM=1.69009e-17    STRATEGY= 1      ERROR MATRIX ACCURATE 
  EXT PARAMETER                                   STEP         FIRST   
  NO.   NAME      VALUE            ERROR          SIZE      DERIVATIVE 
   1  p0           1.06972e+00   1.78488e-03   1.16722e-06   1.57147e-06
   2  p1           2.13259e-02   1.25929e-03   8.23509e-07  -2.78395e-06
SaveSource cannot open file: /home/zhangfy/nl_target/toyMC/results/data_12624.C
1.07445	0.00394925
1.07206	0.00352723
1.07505	0.00350772
1.07546	0.00349636
1.08876	0.00345
1.08335	0.00325125
1.11905	0.00349943
1.15045	0.00502878
 FCN=13.1952 FROM MIGRAD    STATUS=CONVERGED      36 CALLS          37 TOTAL
                     EDM=4.95347e-17    STRATEGY= 1      ERROR MATRIX ACCURATE 
  EXT PARAMETER                                   STEP         FIRST   
  NO.   NAME      VALUE            ERROR          SIZE      DERIVATIVE 
   1  p0           1.06794e+00   1.78283e-03   2.36051e-06  -5.12661e-06
   2  p1           2.10640e-02   1.25821e-03   1.66590e-06  -1.09803e-05
SaveSource cannot open file: /home/zhangfy/nl_target/toyMC/results/data_12625.C
1.07124	0.00393745
1.06696	0.00351046
1.07483	0.003507
1.07058	0.00348049
1.0809	0.0034251
1.08957	0.00326991
1.11605	0.00349005
1.15477	0.00504766
 FCN=8.95667 FROM MIGRAD    STATUS=CONVERGED      36 CALLS          37 TOTAL
                     EDM=4.9894e-16    STRATEGY= 1      ERROR MATRIX ACCURATE 
  EXT PARAMETER                                   STEP         FIRST   
  NO.   NAME      VALUE            ERROR          SIZE      DERIVATIVE 
   1  p0           1.06432e+00   1.77839e-03   1.97332e-06   1.39529e-05
   2  p1           2.27621e-02   1.25834e-03   1.39626e-06   3.43818e-05
SaveSource cannot open file: /home/zhangfy/nl_target/toyMC/results/data_12626.C
1.06977	0.00393205
1.07812	0.00354716
1.07231	0.00349878
1.07993	0.00351089
1.07806	0.00341611
1.09044	0.00327253
1.11823	0.00349686
1.14979	0.00502589
 FCN=5.09427 FROM MIGRAD    STATUS=CONVERGED      34 CALLS          35 TOTAL
                     EDM=1.73131e-17    STRATEGY= 1      ERROR MATRIX ACCURATE 
  EXT PARAMETER                                   STEP         FIRST   
  NO.   NAME      VALUE            ERROR          SIZE      DERIVATIVE 
   1  p0           1.06780e+00   1.78210e-03   1.54665e-06  -4.58547e-06
   2  p1           2.11994e-02   1.25751e-03   1.09137e-06  -4.43328e-06
SaveSource cannot open file: /home/zhangfy/nl_target/toyMC/results/data_12627.C
1.07538	0.00395269
1.07061	0.00352248
1.07501	0.00350759
1.08004	0.00351125
1.07971	0.00342132
1.09263	0.0032791
1.12084	0.00350504
1.14633	0.00501078
 FCN=1.92941 FROM MIGRAD    STATUS=CONVERGED      36 CALLS          37 TOTAL
                     EDM=4.23188e-16    STRATEGY= 1      ERROR MATRIX ACCURATE 
  EXT PARAMETER                                   STEP         FIRST   
  NO.   NAME      VALUE            ERROR          SIZE      DERIVATIVE 
   1  p0           1.06859e+00   1.78227e-03   1.07298e-06   1.57357e-06
   2  p1           2.10879e-02   1.25667e-03   7.56558e-07   2.46424e-05
SaveSource cannot open file: /home/zhangfy/nl_target/toyMC/results/data_12628.C
1.06864	0.00392791
1.06988	0.00352008
1.0785	0.00351898
1.07288	0.00348797
1.07724	0.00341348
1.08595	0.00325904
1.11593	0.00348968
1.14351	0.00499843
 FCN=5.67458 FROM MIGRAD    STATUS=CONVERGED      34 CALLS          35 TOTAL
                     EDM=1.84423e-16    STRATEGY= 1      ERROR MATRIX ACCURATE 
  EXT PARAMETER                                   STEP         FIRST   
  NO.   NAME      VALUE            ERROR          SIZE      DERIVATIVE 
   1  p0           1.06570e+00   1.77776e-03   1.61439e-06   8.60317e-06
   2  p1           2.04359e-02   1.25300e-03   1.13785e-06  -4.08631e-06
SaveSource cannot open file: /home/zhangfy/nl_target/toyMC/results/data_12629.C
1.07445	0.00394926
1.07301	0.00353037
1.07583	0.00351027
1.07706	0.00350156
1.07483	0.00340586
1.08865	0.00326714
1.11516	0.00348727
1.15223	0.00503656
 FCN=8.71043 FROM MIGRAD    STATUS=CONVERGED      36 CALLS          37 TOTAL
                     EDM=2.03457e-16    STRATEGY= 1      ERROR MATRIX ACCURATE 
  EXT PARAMETER                                   STEP         FIRST   
  NO.   NAME      VALUE            ERROR          SIZE      DERIVATIVE 
   1  p0           1.06683e+00   1.78155e-03   1.95038e-06   1.27850e-05
   2  p1           2.10856e-02   1.25776e-03   1.37696e-06   3.22514e-06
SaveSource cannot open file: /home/zhangfy/nl_target/toyMC/results/data_12630.C
1.07535	0.00395257
1.07354	0.00353212
1.07464	0.00350639
1.07896	0.00350775
1.08684	0.00344392
1.08663	0.00326108
1.11376	0.0034829
1.14865	0.00502093
 FCN=7.9827 FROM MIGRAD    STATUS=CONVERGED      36 CALLS          37 TOTAL
                     EDM=9.29502e-16    STRATEGY= 1      ERROR MATRIX ACCURATE 
  EXT PARAMETER                                   STEP         FIRST   
  NO.   NAME      VALUE            ERROR          SIZE      DERIVATIVE 
   1  p0           1.06962e+00   1.78393e-03   1.87802e-06  -1.98514e-06
   2  p1           1.94826e-02   1.25586e-03   1.32210e-06   3.23133e-05
SaveSource cannot open file: /home/zhangfy/nl_target/toyMC/results/data_12631.C
1.07636	0.00395628
1.06865	0.00351603
1.07507	0.00350779
1.07776	0.00350384
1.08644	0.00344266
1.09486	0.0032858
1.11579	0.00348925
1.15581	0.00505221
 FCN=10.9694 FROM MIGRAD    STATUS=CONVERGED      36 CALLS          37 TOTAL
                     EDM=1.85361e-16    STRATEGY= 1      ERROR MATRIX ACCURATE 
  EXT PARAMETER                                   STEP         FIRST   
  NO.   NAME      VALUE            ERROR          SIZE      DERIVATIVE 
   1  p0           1.06878e+00   1.78410e-03   2.17038e-06   9.59024e-06
   2  p1           2.16610e-02   1.25971e-03   1.53246e-06   2.11690e-05
SaveSource cannot open file: /home/zhangfy/nl_target/toyMC/results/data_12632.C
1.07701	0.00395866
1.07569	0.0035392
1.07481	0.00350693
1.07911	0.00350824
1.08081	0.0034248
1.0941	0.00328352
1.12038	0.00350358
1.14906	0.00502269
 FCN=2.58009 FROM MIGRAD    STATUS=CONVERGED      36 CALLS          37 TOTAL
                     EDM=9.20406e-17    STRATEGY= 1      ERROR MATRIX ACCURATE 
  EXT PARAMETER                                   STEP         FIRST   
  NO.   NAME      VALUE            ERROR          SIZE      DERIVATIVE 
   1  p0           1.06999e+00   1.78492e-03   1.18747e-06  -4.22492e-06
   2  p1           2.08672e-02   1.25846e-03   8.37232e-07   5.72197e-06
SaveSource cannot open file: /home/zhangfy/nl_target/toyMC/results/data_12633.C
1.07332	0.00394509
1.0645	0.00350236
1.07018	0.00349182
1.07439	0.00349289
1.08518	0.00343865
1.09548	0.00328765
1.12113	0.00350595
1.1543	0.0050456
 FCN=9.60697 FROM MIGRAD    STATUS=CONVERGED      36 CALLS          37 TOTAL
                     EDM=2.6603e-16    STRATEGY= 1      ERROR MATRIX ACCURATE 
  EXT PARAMETER                                   STEP         FIRST   
  NO.   NAME      VALUE            ERROR          SIZE      DERIVATIVE 
   1  p0           1.06520e+00   1.77914e-03   2.04033e-06   3.89604e-06
   2  p1           2.38381e-02   1.25961e-03   1.44453e-06  -1.40649e-05
SaveSource cannot open file: /home/zhangfy/nl_target/toyMC/results/data_12634.C
1.07717	0.00395927
1.07471	0.00353594
1.07871	0.00351967
1.07711	0.00350173
1.08535	0.00343918
1.09688	0.00329186
1.11876	0.00349854
1.147	0.00501369
 FCN=4.34023 FROM MIGRAD    STATUS=CONVERGED      36 CALLS          37 TOTAL
                     EDM=1.53933e-15    STRATEGY= 1      ERROR MATRIX ACCURATE 
  EXT PARAMETER                                   STEP         FIRST   
  NO.   NAME      VALUE            ERROR          SIZE      DERIVATIVE 
   1  p0           1.07180e+00   1.78633e-03   1.45145e-06  -3.49868e-05
   2  p1           1.98982e-02   1.25714e-03   1.02146e-06  -8.67993e-06
SaveSource cannot open file: /home/zhangfy/nl_target/toyMC/results/data_12635.C
1.06673	0.00392087
1.07486	0.00353647
1.07136	0.00349569
1.07584	0.0034976
1.08384	0.00343442
1.09149	0.00327568
1.11992	0.00350217
1.14428	0.00500182
 FCN=3.40388 FROM MIGRAD    STATUS=CONVERGED      36 CALLS          37 TOTAL
                     EDM=8.58077e-16    STRATEGY= 1      ERROR MATRIX ACCURATE 
  EXT PARAMETER                                   STEP         FIRST   
  NO.   NAME      VALUE            ERROR          SIZE      DERIVATIVE 
   1  p0           1.06716e+00   1.77950e-03   1.31406e-06  -2.36990e-06
   2  p1           2.12514e-02   1.25468e-03   9.26505e-07   3.05984e-05
SaveSource cannot open file: /home/zhangfy/nl_target/toyMC/results/data_12636.C
1.06707	0.00392213
1.07574	0.00353936
1.07174	0.00349694
1.07709	0.00350168
1.08003	0.00342235
1.0932	0.00328079
1.11683	0.00349248
1.15072	0.00502994
 FCN=4.75785 FROM MIGRAD    STATUS=CONVERGED      36 CALLS          37 TOTAL
                     EDM=4.90063e-16    STRATEGY= 1      ERROR MATRIX ACCURATE 
  EXT PARAMETER                                   STEP         FIRST   
  NO.   NAME      VALUE            ERROR          SIZE      DERIVATIVE 
   1  p0           1.06681e+00   1.78044e-03   1.50267e-06  -3.56266e-06
   2  p1           2.17179e-02   1.25699e-03   1.06088e-06   2.11394e-05
SaveSource cannot open file: /home/zhangfy/nl_target/toyMC/results/data_12637.C
1.07629	0.00395601
1.06624	0.0035081
1.07189	0.00349742
1.0761	0.00349845
1.08799	0.00344754
1.08806	0.00326538
1.11974	0.0035016
1.13811	0.00497486
 FCN=11.1335 FROM MIGRAD    STATUS=CONVERGED      36 CALLS          37 TOTAL
                     EDM=2.10947e-15    STRATEGY= 1      ERROR MATRIX ACCURATE 
  EXT PARAMETER                                   STEP         FIRST   
  NO.   NAME      VALUE            ERROR          SIZE      DERIVATIVE 
   1  p0           1.06809e+00   1.77931e-03   2.18039e-06  -2.55611e-06
   2  p1           1.98881e-02   1.25166e-03   1.53380e-06   4.93078e-05
SaveSource cannot open file: /home/zhangfy/nl_target/toyMC/results/data_12638.C
1.07376	0.00394672
1.06859	0.00351581
1.07697	0.003514
1.08361	0.00352287
1.08367	0.00343388
1.09044	0.00327252
1.12167	0.00350763
1.14212	0.00499237
 FCN=4.19912 FROM MIGRAD    STATUS=CONVERGED      36 CALLS          37 TOTAL
                     EDM=2.1663e-16    STRATEGY= 1      ERROR MATRIX ACCURATE 
  EXT PARAMETER                                   STEP         FIRST   
  NO.   NAME      VALUE            ERROR          SIZE      DERIVATIVE 
   1  p0           1.06975e+00   1.78265e-03   1.42992e-06  -4.13989e-06
   2  p1           2.02623e-02   1.25484e-03   1.00654e-06   1.19588e-05
SaveSource cannot open file: /home/zhangfy/nl_target/toyMC/results/data_12639.C
1.07093	0.00393631
1.0767	0.0035425
1.07204	0.0034979
1.08467	0.0035263
1.08201	0.00342861
1.09304	0.00328032
1.12366	0.00351385
1.14173	0.00499067
 FCN=4.59699 FROM MIGRAD    STATUS=CONVERGED      36 CALLS          37 TOTAL
                     EDM=5.81612e-17    STRATEGY= 1      ERROR MATRIX ACCURATE 
  EXT PARAMETER                                   STEP         FIRST   
  NO.   NAME      VALUE            ERROR          SIZE      DERIVATIVE 
   1  p0           1.07016e+00   1.78318e-03   1.48452e-06   6.38979e-06
   2  p1           2.05156e-02   1.25540e-03   1.04514e-06   7.22348e-07
SaveSource cannot open file: /home/zhangfy/nl_target/toyMC/results/data_12640.C
1.07157	0.00393867
1.0684	0.00351518
1.07255	0.00349957
1.07986	0.00351067
1.08509	0.00343838
1.09287	0.0032798
1.11794	0.00349597
1.14242	0.00499368
 FCN=3.47518 FROM MIGRAD    STATUS=CONVERGED      36 CALLS          37 TOTAL
                     EDM=1.06208e-15    STRATEGY= 1      ERROR MATRIX ACCURATE 
  EXT PARAMETER                                   STEP         FIRST   
  NO.   NAME      VALUE            ERROR          SIZE      DERIVATIVE 
   1  p0           1.06836e+00   1.78017e-03   1.32510e-06   2.34260e-05
   2  p1           2.03931e-02   1.25317e-03   9.32817e-07  -4.81191e-06
SaveSource cannot open file: /home/zhangfy/nl_target/toyMC/results/data_12641.C
1.07142	0.00393813
1.07095	0.00352357
1.07847	0.0035189
1.0801	0.00351144
1.08263	0.00343057
1.091	0.00327419
1.12059	0.00350426
1.1472	0.00501456
 FCN=1.55588 FROM MIGRAD    STATUS=CONVERGED      36 CALLS          37 TOTAL
                     EDM=3.01429e-16    STRATEGY= 1      ERROR MATRIX ACCURATE 
  EXT PARAMETER                                   STEP         FIRST   
  NO.   NAME      VALUE            ERROR          SIZE      DERIVATIVE 
   1  p0           1.06894e+00   1.78288e-03   1.00250e-06  -1.12676e-05
   2  p1           2.10175e-02   1.25703e-03   7.06818e-07   4.69492e-06
SaveSource cannot open file: /home/zhangfy/nl_target/toyMC/results/data_12642.C
1.07085	0.00393601
1.07084	0.00352323
1.08237	0.00353162
1.07614	0.00349857
1.08599	0.00344122
1.09595	0.00328906
1.12526	0.00351886
1.15059	0.0050294
 FCN=7.1708 FROM MIGRAD    STATUS=CONVERGED      36 CALLS          37 TOTAL
                     EDM=2.08921e-15    STRATEGY= 1      ERROR MATRIX ACCURATE 
  EXT PARAMETER                                   STEP         FIRST   
  NO.   NAME      VALUE            ERROR          SIZE      DERIVATIVE 
   1  p0           1.06958e+00   1.78466e-03   1.79566e-06   7.64565e-06
   2  p1           2.23768e-02   1.26040e-03   1.26816e-06   5.81916e-05
SaveSource cannot open file: /home/zhangfy/nl_target/toyMC/results/data_12643.C
1.06841	0.00392707
1.07217	0.0035276
1.07594	0.00351063
1.07855	0.00350641
1.08516	0.0034386
1.09669	0.00329127
1.11348	0.00348203
1.14835	0.00501959
 FCN=8.20222 FROM MIGRAD    STATUS=CONVERGED      36 CALLS          37 TOTAL
                     EDM=1.30073e-15    STRATEGY= 1      ERROR MATRIX ACCURATE 
  EXT PARAMETER                                   STEP         FIRST   
  NO.   NAME      VALUE            ERROR          SIZE      DERIVATIVE 
   1  p0           1.06931e+00   1.78237e-03   1.90160e-06   2.04110e-05
   2  p1           2.02612e-02   1.25497e-03   1.33892e-06  -1.47596e-05
SaveSource cannot open file: /home/zhangfy/nl_target/toyMC/results/data_12644.C
1.06715	0.00392241
1.06913	0.00351759
1.07047	0.00349279
1.07843	0.00350603
1.08501	0.00343813
1.09389	0.00328288
1.1227	0.00351084
1.14461	0.00500324
 FCN=4.31991 FROM MIGRAD    STATUS=CONVERGED      36 CALLS          37 TOTAL
                     EDM=4.954e-16    STRATEGY= 1      ERROR MATRIX ACCURATE 
  EXT PARAMETER                                   STEP         FIRST   
  NO.   NAME      VALUE            ERROR          SIZE      DERIVATIVE 
   1  p0           1.06659e+00   1.77858e-03   1.44482e-06   1.91950e-05
   2  p1           2.22752e-02   1.25530e-03   1.01973e-06   3.21831e-06
SaveSource cannot open file: /home/zhangfy/nl_target/toyMC/results/data_12645.C
1.06624	0.0039191
1.06684	0.00351005
1.07648	0.0035124
1.0806	0.00351307
1.0897	0.00345296
1.09321	0.00328083
1.12283	0.00351125
1.14989	0.00502633
 FCN=9.39209 FROM MIGRAD    STATUS=CONVERGED      36 CALLS          37 TOTAL
                     EDM=7.4388e-16    STRATEGY= 1      ERROR MATRIX ACCURATE 
  EXT PARAMETER                                   STEP         FIRST   
  NO.   NAME      VALUE            ERROR          SIZE      DERIVATIVE 
   1  p0           1.06785e+00   1.78149e-03   2.02231e-06   6.31994e-06
   2  p1           2.26218e-02   1.25829e-03   1.42839e-06  -2.37685e-05
SaveSource cannot open file: /home/zhangfy/nl_target/toyMC/results/data_12646.C
1.07095	0.00393638
1.07188	0.00352663
1.07506	0.00350775
1.07774	0.00350378
1.07985	0.00342176
1.09483	0.00328569
1.11996	0.00350229
1.1478	0.00501719
 FCN=1.64081 FROM MIGRAD    STATUS=CONVERGED      36 CALLS          37 TOTAL
                     EDM=1.1472e-16    STRATEGY= 1      ERROR MATRIX ACCURATE 
  EXT PARAMETER                                   STEP         FIRST   
  NO.   NAME      VALUE            ERROR          SIZE      DERIVATIVE 
   1  p0           1.06783e+00   1.78129e-03   1.01849e-06  -7.56818e-06
   2  p1           2.15828e-02   1.25680e-03   7.18605e-07   1.80993e-06
SaveSource cannot open file: /home/zhangfy/nl_target/toyMC/results/data_12647.C
1.06698	0.00392178
1.07709	0.00354379
1.07915	0.00352109
1.08056	0.00351296
1.08181	0.00342799
1.09131	0.00327514
1.12022	0.00350309
1.14898	0.00502237
 FCN=4.36117 FROM MIGRAD    STATUS=CONVERGED      36 CALLS          37 TOTAL
                     EDM=9.34042e-16    STRATEGY= 1      ERROR MATRIX ACCURATE 
  EXT PARAMETER                                   STEP         FIRST   
  NO.   NAME      VALUE            ERROR          SIZE      DERIVATIVE 
   1  p0           1.06945e+00   1.78404e-03   1.45257e-06  -3.32018e-05
   2  p1           2.09859e-02   1.25801e-03   1.02428e-06  -3.81969e-05
SaveSource cannot open file: /home/zhangfy/nl_target/toyMC/results/data_12648.C
1.06672	0.00392083
1.07383	0.00353305
1.07973	0.00352301
1.08119	0.00351498
1.08628	0.00344214
1.08945	0.00326954
1.11891	0.00349898
1.14579	0.00500841
 FCN=5.56111 FROM MIGRAD    STATUS=CONVERGED      36 CALLS          37 TOTAL
                     EDM=2.4503e-16    STRATEGY= 1      ERROR MATRIX ACCURATE 
  EXT PARAMETER                                   STEP         FIRST   
  NO.   NAME      VALUE            ERROR          SIZE      DERIVATIVE 
   1  p0           1.06987e+00   1.78351e-03   1.60644e-06   8.73837e-06
   2  p1           2.02078e-02   1.25582e-03   1.13115e-06  -6.58393e-06
SaveSource cannot open file: /home/zhangfy/nl_target/toyMC/results/data_12649.C
1.07807	0.00396257
1.07191	0.00352675
1.07363	0.00350309
1.07884	0.00350736
1.08269	0.00343077
1.08925	0.00326896
1.12237	0.00350983
1.14743	0.00501559
 FCN=3.74289 FROM MIGRAD    STATUS=CONVERGED      36 CALLS          37 TOTAL
                     EDM=9.38856e-17    STRATEGY= 1      ERROR MATRIX ACCURATE 
  EXT PARAMETER                                   STEP         FIRST   
  NO.   NAME      VALUE            ERROR          SIZE      DERIVATIVE 
   1  p0           1.06875e+00   1.78324e-03   1.36564e-06   1.06661e-05
   2  p1           2.12106e-02   1.25798e-03   9.63389e-07   1.07866e-05
SaveSource cannot open file: /home/zhangfy/nl_target/toyMC/results/data_12650.C
1.07495	0.00395109
1.0694	0.00351849
1.06949	0.00348959
1.08156	0.00351618
1.0802	0.00342288
1.08831	0.00326612
1.11964	0.00350128
1.14378	0.00499962
 FCN=4.38326 FROM MIGRAD    STATUS=CONVERGED      36 CALLS          37 TOTAL
                     EDM=8.05852e-16    STRATEGY= 1      ERROR MATRIX ACCURATE 
  EXT PARAMETER                                   STEP         FIRST   
  NO.   NAME      VALUE            ERROR          SIZE      DERIVATIVE 
   1  p0           1.06711e+00   1.77965e-03   1.45231e-06   2.65572e-05
   2  p1           2.08872e-02   1.25451e-03   1.02376e-06   9.17234e-06
SaveSource cannot open file: /home/zhangfy/nl_target/toyMC/results/data_12651.C
1.06722	0.00392267
1.0733	0.00353131
1.06961	0.00348996
1.07387	0.0034912
1.08611	0.00344161
1.0926	0.00327901
1.12518	0.00351861
1.14437	0.00500221
 FCN=7.47789 FROM MIGRAD    STATUS=CONVERGED      36 CALLS          37 TOTAL
                     EDM=6.14458e-17    STRATEGY= 1      ERROR MATRIX ACCURATE 
  EXT PARAMETER                                   STEP         FIRST   
  NO.   NAME      VALUE            ERROR          SIZE      DERIVATIVE 
   1  p0           1.06640e+00   1.77879e-03   1.82407e-06   8.22287e-06
   2  p1           2.25706e-02   1.25617e-03   1.28815e-06   1.07752e-05
SaveSource cannot open file: /home/zhangfy/nl_target/toyMC/results/data_12652.C
1.06882	0.00392855
1.06869	0.00351614
1.07664	0.00351291
1.08426	0.00352496
1.08148	0.00342691
1.09473	0.0032854
1.11365	0.00348254
1.15439	0.00504602
 FCN=11.7654 FROM MIGRAD    STATUS=CONVERGED      36 CALLS          37 TOTAL
                     EDM=7.27169e-18    STRATEGY= 1      ERROR MATRIX ACCURATE 
  EXT PARAMETER                                   STEP         FIRST   
  NO.   NAME      VALUE            ERROR          SIZE      DERIVATIVE 
   1  p0           1.06827e+00   1.78263e-03   2.23972e-06   2.96031e-06
   2  p1           2.13495e-02   1.25790e-03   1.58044e-06   3.16116e-06
SaveSource cannot open file: /home/zhangfy/nl_target/toyMC/results/data_12653.C
1.07151	0.00393844
1.07653	0.00354196
1.07141	0.00349583
1.08601	0.00353065
1.08327	0.0034326
1.10126	0.003305
1.12344	0.00351318
1.14617	0.00501008
 FCN=9.3519 FROM MIGRAD    STATUS=CONVERGED      36 CALLS          37 TOTAL
                     EDM=9.03303e-17    STRATEGY= 1      ERROR MATRIX ACCURATE 
  EXT PARAMETER                                   STEP         FIRST   
  NO.   NAME      VALUE            ERROR          SIZE      DERIVATIVE 
   1  p0           1.07125e+00   1.78508e-03   2.02227e-06  -8.91794e-06
   2  p1           2.12583e-02   1.25765e-03   1.42476e-06  -3.21046e-06
SaveSource cannot open file: /home/zhangfy/nl_target/toyMC/results/data_12654.C
1.07459	0.00394977
1.07513	0.00353733
1.07129	0.00349545
1.07529	0.00349582
1.07578	0.00340886
1.0909	0.00327391
1.1167	0.00349208
1.14029	0.00498439
 FCN=4.85972 FROM MIGRAD    STATUS=CONVERGED      36 CALLS          37 TOTAL
                     EDM=1.1437e-16    STRATEGY= 1      ERROR MATRIX ACCURATE 
  EXT PARAMETER                                   STEP         FIRST   
  NO.   NAME      VALUE            ERROR          SIZE      DERIVATIVE 
   1  p0           1.06759e+00   1.77941e-03   1.51423e-06  -4.61471e-06
   2  p1           1.96634e-02   1.25214e-03   1.06554e-06   6.56628e-06
SaveSource cannot open file: /home/zhangfy/nl_target/toyMC/results/data_12655.C
1.07007	0.00393317
1.07311	0.00353068
1.06665	0.00348033
1.07982	0.00351055
1.0864	0.00344251
1.09298	0.00328015
1.12007	0.00350261
1.14808	0.00501844
 FCN=7.00233 FROM MIGRAD    STATUS=CONVERGED      36 CALLS          37 TOTAL
                     EDM=8.07261e-16    STRATEGY= 1      ERROR MATRIX ACCURATE 
  EXT PARAMETER                                   STEP         FIRST   
  NO.   NAME      VALUE            ERROR          SIZE      DERIVATIVE 
   1  p0           1.06739e+00   1.78052e-03   1.77275e-06  -1.87945e-05
   2  p1           2.19018e-02   1.25660e-03   1.25112e-06   7.11506e-06
SaveSource cannot open file: /home/zhangfy/nl_target/toyMC/results/data_12656.C
1.06714	0.00392238
1.07216	0.00352758
1.07578	0.00351011
1.07993	0.00351091
1.07916	0.00341956
1.09555	0.00328785
1.11349	0.00348206
1.14653	0.00501163
 FCN=6.62451 FROM MIGRAD    STATUS=CONVERGED      34 CALLS          35 TOTAL
                     EDM=1.74077e-16    STRATEGY= 1      ERROR MATRIX ACCURATE 
  EXT PARAMETER                                   STEP         FIRST   
  NO.   NAME      VALUE            ERROR          SIZE      DERIVATIVE 
   1  p0           1.06820e+00   1.78065e-03   1.72917e-06  -9.14417e-06
   2  p1           2.02629e-02   1.25388e-03   1.21762e-06   2.56579e-06
SaveSource cannot open file: /home/zhangfy/nl_target/toyMC/results/data_12657.C
1.06865	0.00392796
1.07453	0.00353535
1.06957	0.00348983
1.07843	0.00350601
1.0828	0.0034311
1.09288	0.00327985
1.12555	0.00351977
1.14629	0.00501061
 FCN=3.52827 FROM MIGRAD    STATUS=CONVERGED      36 CALLS          37 TOTAL
                     EDM=4.56691e-16    STRATEGY= 1      ERROR MATRIX ACCURATE 
  EXT PARAMETER                                   STEP         FIRST   
  NO.   NAME      VALUE            ERROR          SIZE      DERIVATIVE 
   1  p0           1.06704e+00   1.78027e-03   1.33394e-06   5.01620e-06
   2  p1           2.26153e-02   1.25756e-03   9.42274e-07  -1.85608e-05
SaveSource cannot open file: /home/zhangfy/nl_target/toyMC/results/data_12658.C
1.07437	0.00394897
1.06847	0.00351542
1.07027	0.00349213
1.08154	0.00351611
1.08393	0.00343469
1.09205	0.00327736
1.11729	0.00349393
1.15104	0.00503136
 FCN=6.06627 FROM MIGRAD    STATUS=CONVERGED      34 CALLS          35 TOTAL
                     EDM=1.39327e-16    STRATEGY= 1      ERROR MATRIX ACCURATE 
  EXT PARAMETER                                   STEP         FIRST   
  NO.   NAME      VALUE            ERROR          SIZE      DERIVATIVE 
   1  p0           1.06756e+00   1.78143e-03   1.66569e-06   1.19348e-05
   2  p1           2.16207e-02   1.25737e-03   1.17568e-06   6.44787e-06
SaveSource cannot open file: /home/zhangfy/nl_target/toyMC/results/data_12659.C
1.07053	0.00393484
1.07442	0.00353499
1.07524	0.00350834
1.06829	0.00347304
1.08163	0.00342739
1.09069	0.00327327
1.11262	0.00347934
1.14522	0.00500594
 FCN=10.9448 FROM MIGRAD    STATUS=CONVERGED      36 CALLS          37 TOTAL
                     EDM=9.89133e-17    STRATEGY= 1      ERROR MATRIX ACCURATE 
  EXT PARAMETER                                   STEP         FIRST   
  NO.   NAME      VALUE            ERROR          SIZE      DERIVATIVE 
   1  p0           1.06695e+00   1.77932e-03   2.16117e-06   4.46725e-06
   2  p1           1.99182e-02   1.25306e-03   1.52198e-06  -5.85026e-06
SaveSource cannot open file: /home/zhangfy/nl_target/toyMC/results/data_12660.C
1.07276	0.00394307
1.06962	0.00351919
1.08047	0.0035254
1.08388	0.00352373
1.08227	0.00342945
1.08975	0.00327045
1.11681	0.00349244
1.14767	0.00501664
 FCN=6.11752 FROM MIGRAD    STATUS=CONVERGED      36 CALLS          37 TOTAL
                     EDM=2.21578e-16    STRATEGY= 1      ERROR MATRIX ACCURATE 
  EXT PARAMETER                                   STEP         FIRST   
  NO.   NAME      VALUE            ERROR          SIZE      DERIVATIVE 
   1  p0           1.06996e+00   1.78411e-03   1.67298e-06   4.93601e-06
   2  p1           1.99821e-02   1.25629e-03   1.17804e-06   2.08448e-05
SaveSource cannot open file: /home/zhangfy/nl_target/toyMC/results/data_12661.C
1.07552	0.0039532
1.06696	0.00351045
1.07489	0.00350722
1.07672	0.00350045
1.0807	0.00342445
1.09269	0.00327927
1.12191	0.00350837
1.14345	0.00499819
 FCN=4.76761 FROM MIGRAD    STATUS=CONVERGED      36 CALLS          37 TOTAL
                     EDM=5.86514e-16    STRATEGY= 1      ERROR MATRIX ACCURATE 
  EXT PARAMETER                                   STEP         FIRST   
  NO.   NAME      VALUE            ERROR          SIZE      DERIVATIVE 
   1  p0           1.06753e+00   1.78011e-03   1.50441e-06  -1.33811e-05
   2  p1           2.13163e-02   1.25516e-03   1.06077e-06  -3.67679e-05
SaveSource cannot open file: /home/zhangfy/nl_target/toyMC/results/data_12662.C
1.06717	0.00392249
1.06662	0.00350935
1.07316	0.00350155
1.07516	0.00349538
1.0823	0.00342952
1.0907	0.00327329
1.11745	0.00349443
1.14716	0.00501439
 FCN=2.69144 FROM MIGRAD    STATUS=CONVERGED      36 CALLS          37 TOTAL
                     EDM=7.21736e-17    STRATEGY= 1      ERROR MATRIX ACCURATE 
  EXT PARAMETER                                   STEP         FIRST   
  NO.   NAME      VALUE            ERROR          SIZE      DERIVATIVE 
   1  p0           1.06508e+00   1.77714e-03   1.20154e-06   2.89344e-06
   2  p1           2.19713e-02   1.25470e-03   8.48316e-07  -6.26754e-06
SaveSource cannot open file: /home/zhangfy/nl_target/toyMC/results/data_12663.C
1.06705	0.00392206
1.07595	0.00354005
1.07362	0.00350305
1.07816	0.00350515
1.08743	0.00344578
1.09173	0.0032764
1.12088	0.00350517
1.14383	0.00499982
 FCN=4.89254 FROM MIGRAD    STATUS=CONVERGED      36 CALLS          37 TOTAL
                     EDM=2.06267e-15    STRATEGY= 1      ERROR MATRIX ACCURATE 
  EXT PARAMETER                                   STEP         FIRST   
  NO.   NAME      VALUE            ERROR          SIZE      DERIVATIVE 
   1  p0           1.06911e+00   1.78196e-03   1.52202e-06  -3.50132e-06
   2  p1           2.07228e-02   1.25518e-03   1.07208e-06  -5.44919e-05
SaveSource cannot open file: /home/zhangfy/nl_target/toyMC/results/data_12664.C
1.0716	0.0039388
1.07032	0.00352151
1.07209	0.00349807
1.07856	0.00350645
1.07993	0.00342202
1.08957	0.0032699
1.11543	0.00348811
1.14144	0.00498941
 FCN=0.560386 FROM MIGRAD    STATUS=CONVERGED      36 CALLS          37 TOTAL
                     EDM=1.14728e-15    STRATEGY= 1      ERROR MATRIX ACCURATE 
  EXT PARAMETER                                   STEP         FIRST   
  NO.   NAME      VALUE            ERROR          SIZE      DERIVATIVE 
   1  p0           1.06729e+00   1.77880e-03   7.81310e-07   4.14792e-06
   2  p1           1.98522e-02   1.25187e-03   5.49864e-07  -3.39383e-05
SaveSource cannot open file: /home/zhangfy/nl_target/toyMC/results/data_12665.C
1.07257	0.00394234
1.0765	0.00354186
1.08007	0.00352411
1.08139	0.00351565
1.08044	0.00342365
1.09426	0.003284
1.11551	0.00348837
1.15094	0.00503092
 FCN=5.84754 FROM MIGRAD    STATUS=CONVERGED      36 CALLS          37 TOTAL
                     EDM=3.8615e-16    STRATEGY= 1      ERROR MATRIX ACCURATE 
  EXT PARAMETER                                   STEP         FIRST   
  NO.   NAME      VALUE            ERROR          SIZE      DERIVATIVE 
   1  p0           1.07097e+00   1.78616e-03   1.64242e-06   1.70479e-05
   2  p1           1.99530e-02   1.25795e-03   1.15672e-06   3.22110e-06
SaveSource cannot open file: /home/zhangfy/nl_target/toyMC/results/data_12666.C
1.07738	0.00396002
1.06842	0.00351528
1.06906	0.00348818
1.07957	0.00350972
1.08077	0.00342467
1.09312	0.00328057
1.12322	0.00351248
1.14775	0.00501698
 FCN=6.26858 FROM MIGRAD    STATUS=CONVERGED      36 CALLS          37 TOTAL
                     EDM=5.50236e-16    STRATEGY= 1      ERROR MATRIX ACCURATE 
  EXT PARAMETER                                   STEP         FIRST   
  NO.   NAME      VALUE            ERROR          SIZE      DERIVATIVE 
   1  p0           1.06703e+00   1.78059e-03   1.68963e-06  -7.97171e-06
   2  p1           2.23547e-02   1.25770e-03   1.19345e-06  -3.29129e-05
SaveSource cannot open file: /home/zhangfy/nl_target/toyMC/results/data_12667.C
1.06903	0.00392935
1.06963	0.00351925
1.07428	0.00350521
1.08109	0.00351467
1.08432	0.00343591
1.09218	0.00327775
1.12355	0.00351352
1.14012	0.00498364
 FCN=4.02699 FROM MIGRAD    STATUS=CONVERGED      36 CALLS          37 TOTAL
                     EDM=4.37258e-17    STRATEGY= 1      ERROR MATRIX ACCURATE 
  EXT PARAMETER                                   STEP         FIRST   
  NO.   NAME      VALUE            ERROR          SIZE      DERIVATIVE 
   1  p0           1.06848e+00   1.78028e-03   1.40528e-06   7.18143e-06
   2  p1           2.09638e-02   1.25386e-03   9.89749e-07   5.81052e-06
SaveSource cannot open file: /home/zhangfy/nl_target/toyMC/results/data_12668.C
1.07181	0.00393954
1.07682	0.00354291
1.07538	0.00350879
1.08021	0.00351181
1.08296	0.00343162
1.09198	0.00327713
1.11743	0.00349436
1.14404	0.00500078
 FCN=0.899208 FROM MIGRAD    STATUS=CONVERGED      38 CALLS          39 TOTAL
                     EDM=3.44654e-17    STRATEGY= 1      ERROR MATRIX ACCURATE 
  EXT PARAMETER                                   STEP         FIRST   
  NO.   NAME      VALUE            ERROR          SIZE      DERIVATIVE 
   1  p0           1.07038e+00   1.78376e-03   8.64179e-07   1.19615e-06
   2  p1           1.95317e-02   1.25477e-03   6.07899e-07  -5.32238e-06
SaveSource cannot open file: /home/zhangfy/nl_target/toyMC/results/data_12669.C
1.07216	0.00394085
1.06575	0.00350648
1.0728	0.00350038
1.08071	0.00351344
1.08325	0.00343253
1.09171	0.00327633
1.11811	0.00349649
1.14545	0.00500694
 FCN=4.48009 FROM MIGRAD    STATUS=CONVERGED      36 CALLS          37 TOTAL
                     EDM=4.45835e-16    STRATEGY= 1      ERROR MATRIX ACCURATE 
  EXT PARAMETER                                   STEP         FIRST   
  NO.   NAME      VALUE            ERROR          SIZE      DERIVATIVE 
   1  p0           1.06726e+00   1.77960e-03   1.46585e-06  -1.99043e-05
   2  p1           2.11467e-02   1.25457e-03   1.03338e-06  -7.22397e-06
SaveSource cannot open file: /home/zhangfy/nl_target/toyMC/results/data_12670.C
1.06977	0.00393205
1.07378	0.0035329
1.07328	0.00350195
1.07649	0.00349972
1.0819	0.00342826
1.08665	0.00326116
1.12401	0.00351493
1.13825	0.00497543
 FCN=5.31128 FROM MIGRAD    STATUS=CONVERGED      36 CALLS          37 TOTAL
                     EDM=4.41523e-16    STRATEGY= 1      ERROR MATRIX ACCURATE 
  EXT PARAMETER                                   STEP         FIRST   
  NO.   NAME      VALUE            ERROR          SIZE      DERIVATIVE 
   1  p0           1.06743e+00   1.77919e-03   1.57261e-06  -1.42112e-05
   2  p1           2.06333e-02   1.25320e-03   1.10769e-06   4.74280e-06
SaveSource cannot open file: /home/zhangfy/nl_target/toyMC/results/data_12671.C
1.07846	0.00396401
1.07536	0.00353808
1.07506	0.00350776
1.07865	0.00350674
1.07617	0.00341009
1.09458	0.00328494
1.12659	0.00352303
1.14793	0.00501774
 FCN=8.21327 FROM MIGRAD    STATUS=CONVERGED      36 CALLS          37 TOTAL
                     EDM=5.27649e-16    STRATEGY= 1      ERROR MATRIX ACCURATE 
  EXT PARAMETER                                   STEP         FIRST   
  NO.   NAME      VALUE            ERROR          SIZE      DERIVATIVE 
   1  p0           1.06912e+00   1.78421e-03   1.90535e-06  -1.35649e-05
   2  p1           2.20116e-02   1.25989e-03   1.34543e-06   8.43333e-06
SaveSource cannot open file: /home/zhangfy/nl_target/toyMC/results/data_12672.C
1.06495	0.00391434
1.06863	0.00351594
1.07604	0.00351097
1.07387	0.0034912
1.0818	0.00342796
1.08804	0.00326533
1.1109	0.00347396
1.13957	0.00498123
 FCN=5.12976 FROM MIGRAD    STATUS=CONVERGED      36 CALLS          37 TOTAL
                     EDM=6.20776e-16    STRATEGY= 1      ERROR MATRIX ACCURATE 
  EXT PARAMETER                                   STEP         FIRST   
  NO.   NAME      VALUE            ERROR          SIZE      DERIVATIVE 
   1  p0           1.06617e+00   1.77631e-03   1.54610e-06   2.75384e-05
   2  p1           1.92196e-02   1.24893e-03   1.08707e-06   2.80347e-05
SaveSource cannot open file: /home/zhangfy/nl_target/toyMC/results/data_12673.C
1.06657	0.00392029
1.07294	0.00353012
1.07239	0.00349906
1.07961	0.00350984
1.07654	0.00341129
1.09696	0.00329209
1.11826	0.00349697
1.148	0.00501808
 FCN=6.74027 FROM MIGRAD    STATUS=CONVERGED      36 CALLS          37 TOTAL
                     EDM=5.87383e-16    STRATEGY= 1      ERROR MATRIX ACCURATE 
  EXT PARAMETER                                   STEP         FIRST   
  NO.   NAME      VALUE            ERROR          SIZE      DERIVATIVE 
   1  p0           1.06674e+00   1.77946e-03   1.74240e-06   1.03695e-05
   2  p1           2.18785e-02   1.25588e-03   1.22973e-06  -1.49688e-05
SaveSource cannot open file: /home/zhangfy/nl_target/toyMC/results/data_12674.C
1.06739	0.00392331
1.07495	0.00353675
1.0785	0.00351898
1.0802	0.00351178
1.07973	0.0034214
1.09276	0.00327948
1.12021	0.00350306
1.14561	0.00500764
 FCN=3.13441 FROM MIGRAD    STATUS=CONVERGED      36 CALLS          37 TOTAL
                     EDM=2.58317e-16    STRATEGY= 1      ERROR MATRIX ACCURATE 
  EXT PARAMETER                                   STEP         FIRST   
  NO.   NAME      VALUE            ERROR          SIZE      DERIVATIVE 
   1  p0           1.06899e+00   1.78244e-03   1.27483e-06  -8.03997e-06
   2  p1           2.07873e-02   1.25608e-03   8.98365e-07   8.20836e-06
SaveSource cannot open file: /home/zhangfy/nl_target/toyMC/results/data_12675.C
1.07082	0.00393592
1.07445	0.00353509
1.07239	0.00349905
1.07928	0.00350879
1.08279	0.00343108
1.09563	0.00328809
1.12216	0.00350916
1.14745	0.00501566
 FCN=1.73792 FROM MIGRAD    STATUS=CONVERGED      36 CALLS          37 TOTAL
                     EDM=1.48677e-16    STRATEGY= 1      ERROR MATRIX ACCURATE 
  EXT PARAMETER                                   STEP         FIRST   
  NO.   NAME      VALUE            ERROR          SIZE      DERIVATIVE 
   1  p0           1.06867e+00   1.78236e-03   1.03798e-06   1.05318e-05
   2  p1           2.17269e-02   1.25747e-03   7.32308e-07   1.84580e-06
SaveSource cannot open file: /home/zhangfy/nl_target/toyMC/results/data_12676.C
1.07267	0.00394271
1.079	0.00355007
1.07205	0.00349795
1.07607	0.00349835
1.07948	0.00342059
1.09588	0.00328884
1.12039	0.00350363
1.14256	0.00499429
 FCN=6.85052 FROM MIGRAD    STATUS=CONVERGED      36 CALLS          37 TOTAL
                     EDM=6.44867e-15    STRATEGY= 1      ERROR MATRIX ACCURATE 
  EXT PARAMETER                                   STEP         FIRST   
  NO.   NAME      VALUE            ERROR          SIZE      DERIVATIVE 
   1  p0           1.06936e+00   1.78225e-03   1.75660e-06  -1.26912e-05
   2  p1           2.03373e-02   1.25481e-03   1.23675e-06   7.70668e-05
SaveSource cannot open file: /home/zhangfy/nl_target/toyMC/results/data_12677.C
1.06521	0.00391528
1.07868	0.003549
1.06885	0.00348749
1.07999	0.0035111
1.07814	0.00341634
1.09238	0.00327836
1.11968	0.00350141
1.14573	0.00500813
 FCN=8.39512 FROM MIGRAD    STATUS=CONVERGED      36 CALLS          37 TOTAL
                     EDM=9.6205e-16    STRATEGY= 1      ERROR MATRIX ACCURATE 
  EXT PARAMETER                                   STEP         FIRST   
  NO.   NAME      VALUE            ERROR          SIZE      DERIVATIVE 
   1  p0           1.06689e+00   1.77958e-03   1.91922e-06   2.62860e-05
   2  p1           2.14740e-02   1.25538e-03   1.35388e-06   3.47693e-06
SaveSource cannot open file: /home/zhangfy/nl_target/toyMC/results/data_12678.C
1.07018	0.00393357
1.07571	0.00353924
1.07426	0.00350516
1.07455	0.0034934
1.07899	0.00341905
1.09422	0.00328388
1.11623	0.00349062
1.14712	0.00501421
 FCN=5.05462 FROM MIGRAD    STATUS=CONVERGED      36 CALLS          37 TOTAL
                     EDM=8.75433e-17    STRATEGY= 1      ERROR MATRIX ACCURATE 
  EXT PARAMETER                                   STEP         FIRST   
  NO.   NAME      VALUE            ERROR          SIZE      DERIVATIVE 
   1  p0           1.06780e+00   1.78095e-03   1.54096e-06  -3.38479e-06
   2  p1           2.07278e-02   1.25534e-03   1.08618e-06   6.62547e-06
SaveSource cannot open file: /home/zhangfy/nl_target/toyMC/results/data_12679.C
1.0751	0.00395167
1.06974	0.0035196
1.07531	0.00350859
1.08175	0.00351681
1.07338	0.00340125
1.08919	0.00326877
1.11388	0.00348326
1.15095	0.00503096
 FCN=11.6403 FROM MIGRAD    STATUS=CONVERGED      36 CALLS          37 TOTAL
                     EDM=3.62922e-16    STRATEGY= 1      ERROR MATRIX ACCURATE 
  EXT PARAMETER                                   STEP         FIRST   
  NO.   NAME      VALUE            ERROR          SIZE      DERIVATIVE 
   1  p0           1.06698e+00   1.78112e-03   2.22488e-06  -3.81637e-06
   2  p1           2.07353e-02   1.25656e-03   1.56962e-06  -2.48410e-05
SaveSource cannot open file: /home/zhangfy/nl_target/toyMC/results/data_12680.C
1.06443	0.00391242
1.06866	0.00351606
1.07869	0.00351961
1.07656	0.00349995
1.08024	0.003423
1.09718	0.00329275
1.11775	0.00349538
1.14774	0.00501691
 FCN=9.79798 FROM MIGRAD    STATUS=CONVERGED      36 CALLS          37 TOTAL
                     EDM=1.15866e-16    STRATEGY= 1      ERROR MATRIX ACCURATE 
  EXT PARAMETER                                   STEP         FIRST   
  NO.   NAME      VALUE            ERROR          SIZE      DERIVATIVE 
   1  p0           1.06692e+00   1.77938e-03   2.05818e-06   1.18672e-05
   2  p1           2.17987e-02   1.25545e-03   1.45215e-06   1.16362e-05
SaveSource cannot open file: /home/zhangfy/nl_target/toyMC/results/data_12681.C
1.06954	0.00393123
1.06724	0.00351138
1.07159	0.00349644
1.08343	0.00352228
1.08154	0.0034271
1.09067	0.00327321
1.11994	0.00350222
1.14063	0.00498584
 FCN=4.74615 FROM MIGRAD    STATUS=CONVERGED      36 CALLS          37 TOTAL
                     EDM=1.48044e-16    STRATEGY= 1      ERROR MATRIX ACCURATE 
  EXT PARAMETER                                   STEP         FIRST   
  NO.   NAME      VALUE            ERROR          SIZE      DERIVATIVE 
   1  p0           1.06729e+00   1.77856e-03   1.50054e-06  -1.26195e-05
   2  p1           2.07614e-02   1.25262e-03   1.05681e-06  -7.74042e-06
SaveSource cannot open file: /home/zhangfy/nl_target/toyMC/results/data_12682.C
1.0768	0.0039579
1.06952	0.00351888
1.07807	0.00351757
1.08001	0.00351115
1.08154	0.00342711
1.09427	0.00328401
1.11848	0.00349764
1.15312	0.00504044
 FCN=5.83957 FROM MIGRAD    STATUS=CONVERGED      36 CALLS          37 TOTAL
                     EDM=7.58564e-17    STRATEGY= 1      ERROR MATRIX ACCURATE 
  EXT PARAMETER                                   STEP         FIRST   
  NO.   NAME      VALUE            ERROR          SIZE      DERIVATIVE 
   1  p0           1.06929e+00   1.78462e-03   1.64107e-06  -8.35506e-06
   2  p1           2.14338e-02   1.25958e-03   1.15825e-06  -1.30054e-05
SaveSource cannot open file: /home/zhangfy/nl_target/toyMC/results/data_12683.C
1.07145	0.00393823
1.06991	0.00352017
1.07094	0.00349431
1.07643	0.00349951
1.08612	0.00344162
1.09622	0.00328988
1.11967	0.00350138
1.14843	0.00501993
 FCN=5.83263 FROM MIGRAD    STATUS=CONVERGED      36 CALLS          37 TOTAL
                     EDM=1.43974e-15    STRATEGY= 1      ERROR MATRIX ACCURATE 
  EXT PARAMETER                                   STEP         FIRST   
  NO.   NAME      VALUE            ERROR          SIZE      DERIVATIVE 
   1  p0           1.06761e+00   1.78069e-03   1.63848e-06  -1.92708e-05
   2  p1           2.19622e-02   1.25667e-03   1.15631e-06   1.89686e-05
SaveSource cannot open file: /home/zhangfy/nl_target/toyMC/results/data_12684.C
1.07261	0.0039425
1.06537	0.00350524
1.07396	0.00350417
1.08269	0.00351987
1.08102	0.00342548
1.09013	0.0032716
1.11807	0.00349637
1.15059	0.00502938
 FCN=6.25924 FROM MIGRAD    STATUS=CONVERGED      36 CALLS          37 TOTAL
                     EDM=2.03102e-16    STRATEGY= 1      ERROR MATRIX ACCURATE 
  EXT PARAMETER                                   STEP         FIRST   
  NO.   NAME      VALUE            ERROR          SIZE      DERIVATIVE 
   1  p0           1.06675e+00   1.78043e-03   1.68738e-06  -8.92849e-06
   2  p1           2.18606e-02   1.25721e-03   1.19151e-06   4.42222e-06
SaveSource cannot open file: /home/zhangfy/nl_target/toyMC/results/data_12685.C
1.06731	0.00392303
1.07131	0.00352477
1.07641	0.00351218
1.07636	0.00349929
1.07558	0.00340823
1.09487	0.00328582
1.11713	0.00349345
1.14149	0.0049896
 FCN=5.96717 FROM MIGRAD    STATUS=CONVERGED      36 CALLS          37 TOTAL
                     EDM=1.49141e-16    STRATEGY= 1      ERROR MATRIX ACCURATE 
  EXT PARAMETER                                   STEP         FIRST   
  NO.   NAME      VALUE            ERROR          SIZE      DERIVATIVE 
   1  p0           1.06704e+00   1.77836e-03   1.65152e-06   1.24835e-05
   2  p1           2.05000e-02   1.25234e-03   1.16301e-06   7.09275e-06
SaveSource cannot open file: /home/zhangfy/nl_target/toyMC/results/data_12686.C
1.0723	0.00394135
1.07201	0.00352708
1.07759	0.00351602
1.08029	0.00351206
1.08585	0.00344076
1.09469	0.00328528
1.11586	0.00348947
1.14895	0.00502221
 FCN=4.17753 FROM MIGRAD    STATUS=CONVERGED      34 CALLS          35 TOTAL
                     EDM=1.87038e-16    STRATEGY= 1      ERROR MATRIX ACCURATE 
  EXT PARAMETER                                   STEP         FIRST   
  NO.   NAME      VALUE            ERROR          SIZE      DERIVATIVE 
   1  p0           1.07038e+00   1.78445e-03   1.42769e-06  -8.12164e-06
   2  p1           2.01929e-02   1.25654e-03   1.00532e-06   4.95629e-06
SaveSource cannot open file: /home/zhangfy/nl_target/toyMC/results/data_12687.C
1.07016	0.00393348
1.07788	0.00354639
1.0728	0.00350039
1.07797	0.00350451
1.08508	0.00343833
1.0914	0.00327539
1.12488	0.00351766
1.14039	0.00498481
 FCN=5.71884 FROM MIGRAD    STATUS=CONVERGED      36 CALLS          37 TOTAL
                     EDM=8.09732e-16    STRATEGY= 1      ERROR MATRIX ACCURATE 
  EXT PARAMETER                                   STEP         FIRST   
  NO.   NAME      VALUE            ERROR          SIZE      DERIVATIVE 
   1  p0           1.06958e+00   1.78234e-03   1.62580e-06   2.99510e-05
   2  p1           2.06252e-02   1.25505e-03   1.14482e-06   2.00842e-05
SaveSource cannot open file: /home/zhangfy/nl_target/toyMC/results/data_12688.C
1.06226	0.00390446
1.06797	0.00351377
1.07728	0.00351502
1.07492	0.00349459
1.08692	0.00344415
1.09175	0.00327646
1.11474	0.00348597
1.15099	0.00503115
 FCN=13.6898 FROM MIGRAD    STATUS=CONVERGED      36 CALLS          37 TOTAL
                     EDM=2.83885e-17    STRATEGY= 1      ERROR MATRIX ACCURATE 
  EXT PARAMETER                                   STEP         FIRST   
  NO.   NAME      VALUE            ERROR          SIZE      DERIVATIVE 
   1  p0           1.06605e+00   1.77884e-03   2.39878e-06  -5.00780e-06
   2  p1           2.18401e-02   1.25578e-03   1.69344e-06  -8.06131e-06
SaveSource cannot open file: /home/zhangfy/nl_target/toyMC/results/data_12689.C
1.06668	0.0039207
1.06707	0.00351083
1.07942	0.003522
1.08688	0.00353351
1.07903	0.00341916
1.09218	0.00327776
1.12126	0.00350634
1.14617	0.00501007
 FCN=11.1352 FROM MIGRAD    STATUS=CONVERGED      36 CALLS          37 TOTAL
                     EDM=7.97997e-16    STRATEGY= 1      ERROR MATRIX ACCURATE 
  EXT PARAMETER                                   STEP         FIRST   
  NO.   NAME      VALUE            ERROR          SIZE      DERIVATIVE 
   1  p0           1.06817e+00   1.78124e-03   2.18380e-06  -1.30189e-05
   2  p1           2.14762e-02   1.25618e-03   1.54007e-06  -4.16818e-05
SaveSource cannot open file: /home/zhangfy/nl_target/toyMC/results/data_12690.C
1.07516	0.00395185
1.07461	0.00353564
1.07159	0.00349644
1.07889	0.00350753
1.0822	0.0034292
1.09516	0.0032867
1.11915	0.00349976
1.14712	0.00501422
 FCN=3.0657 FROM MIGRAD    STATUS=CONVERGED      36 CALLS          37 TOTAL
                     EDM=4.58178e-16    STRATEGY= 1      ERROR MATRIX ACCURATE 
  EXT PARAMETER                                   STEP         FIRST   
  NO.   NAME      VALUE            ERROR          SIZE      DERIVATIVE 
   1  p0           1.06931e+00   1.78307e-03   1.26460e-06   1.85819e-05
   2  p1           2.08202e-02   1.25663e-03   8.91233e-07   3.47056e-06
SaveSource cannot open file: /home/zhangfy/nl_target/toyMC/results/data_12691.C
1.0752	0.00395202
1.07116	0.00352427
1.07782	0.00351676
1.0836	0.00352284
1.08331	0.00343271
1.08639	0.00326037
1.11963	0.00350125
1.15139	0.0050329
 FCN=6.98909 FROM MIGRAD    STATUS=CONVERGED      36 CALLS          37 TOTAL
                     EDM=9.06791e-16    STRATEGY= 1      ERROR MATRIX ACCURATE 
  EXT PARAMETER                                   STEP         FIRST   
  NO.   NAME      VALUE            ERROR          SIZE      DERIVATIVE 
   1  p0           1.06935e+00   1.78485e-03   1.77295e-06  -1.20544e-05
   2  p1           2.09333e-02   1.25921e-03   1.25082e-06   1.96426e-05
SaveSource cannot open file: /home/zhangfy/nl_target/toyMC/results/data_12692.C
1.07246	0.00394194
1.06308	0.0034977
1.06927	0.00348888
1.08454	0.00352589
1.07893	0.00341886
1.0905	0.00327269
1.12626	0.00352199
1.14666	0.00501221
 FCN=11.5011 FROM MIGRAD    STATUS=CONVERGED      36 CALLS          37 TOTAL
                     EDM=3.22277e-17    STRATEGY= 1      ERROR MATRIX ACCURATE 
  EXT PARAMETER                                   STEP         FIRST   
  NO.   NAME      VALUE            ERROR          SIZE      DERIVATIVE 
   1  p0           1.06510e+00   1.77780e-03   2.21402e-06  -4.72567e-06
   2  p1           2.34275e-02   1.25736e-03   1.56588e-06  -4.39586e-07
SaveSource cannot open file: /home/zhangfy/nl_target/toyMC/results/data_12693.C
1.06719	0.00392257
1.07309	0.00353063
1.07044	0.00349267
1.07534	0.00349598
1.08114	0.00342586
1.09564	0.00328812
1.11839	0.00349738
1.14943	0.00502431
 FCN=4.76043 FROM MIGRAD    STATUS=CONVERGED      36 CALLS          37 TOTAL
                     EDM=1.79744e-15    STRATEGY= 1      ERROR MATRIX ACCURATE 
  EXT PARAMETER                                   STEP         FIRST   
  NO.   NAME      VALUE            ERROR          SIZE      DERIVATIVE 
   1  p0           1.06618e+00   1.77910e-03   1.50286e-06   2.91507e-05
   2  p1           2.22656e-02   1.25651e-03   1.06142e-06  -8.69839e-06
SaveSource cannot open file: /home/zhangfy/nl_target/toyMC/results/data_12694.C
1.07271	0.00394288
1.07094	0.00352357
1.07795	0.0035172
1.07621	0.0034988
1.0793	0.00342002
1.0899	0.00327089
1.1158	0.00348927
1.14389	0.00500011
 FCN=2.73273 FROM MIGRAD    STATUS=CONVERGED      36 CALLS          37 TOTAL
                     EDM=4.86766e-16    STRATEGY= 1      ERROR MATRIX ACCURATE 
  EXT PARAMETER                                   STEP         FIRST   
  NO.   NAME      VALUE            ERROR          SIZE      DERIVATIVE 
   1  p0           1.06814e+00   1.78084e-03   1.20936e-06   1.98577e-05
   2  p1           1.98397e-02   1.25370e-03   8.51387e-07   5.18868e-06
SaveSource cannot open file: /home/zhangfy/nl_target/toyMC/results/data_12695.C
1.07104	0.00393673
1.0692	0.00351784
1.07108	0.00349477
1.07773	0.00350375
1.08799	0.00344756
1.09014	0.00327162
1.11955	0.00350101
1.15217	0.00503628
 FCN=6.10377 FROM MIGRAD    STATUS=CONVERGED      36 CALLS          37 TOTAL
                     EDM=3.72455e-16    STRATEGY= 1      ERROR MATRIX ACCURATE 
  EXT PARAMETER                                   STEP         FIRST   
  NO.   NAME      VALUE            ERROR          SIZE      DERIVATIVE 
   1  p0           1.06680e+00   1.78090e-03   1.67007e-06   6.23162e-06
   2  p1           2.23940e-02   1.25846e-03   1.18014e-06  -1.46212e-05
SaveSource cannot open file: /home/zhangfy/nl_target/toyMC/results/data_12696.C
1.07264	0.00394262
1.06791	0.00351357
1.07865	0.00351947
1.07603	0.00349821
1.08237	0.00342976
1.09064	0.00327311
1.11806	0.00349634
1.14839	0.00501978
 FCN=4.8933 FROM MIGRAD    STATUS=CONVERGED      36 CALLS          37 TOTAL
                     EDM=2.10992e-15    STRATEGY= 1      ERROR MATRIX ACCURATE 
  EXT PARAMETER                                   STEP         FIRST   
  NO.   NAME      VALUE            ERROR          SIZE      DERIVATIVE 
   1  p0           1.06764e+00   1.78129e-03   1.52066e-06   4.51344e-06
   2  p1           2.11610e-02   1.25651e-03   1.07266e-06   5.59322e-05
SaveSource cannot open file: /home/zhangfy/nl_target/toyMC/results/data_12697.C
1.06987	0.00393242
1.0699	0.00352012
1.07143	0.00349593
1.07531	0.00349587
1.08368	0.00343389
1.0903	0.00327209
1.11241	0.00347868
1.14875	0.00502134
 FCN=5.8064 FROM MIGRAD    STATUS=CONVERGED      36 CALLS          37 TOTAL
                     EDM=4.51412e-16    STRATEGY= 1      ERROR MATRIX ACCURATE 
  EXT PARAMETER                                   STEP         FIRST   
  NO.   NAME      VALUE            ERROR          SIZE      DERIVATIVE 
   1  p0           1.06632e+00   1.77890e-03   1.63168e-06  -2.29233e-05
   2  p1           2.07729e-02   1.25427e-03   1.15047e-06  -2.76477e-05
SaveSource cannot open file: /home/zhangfy/nl_target/toyMC/results/data_12698.C
1.06582	0.00391753
1.07331	0.00353134
1.0748	0.0035069
1.07398	0.00349154
1.07874	0.00341825
1.09758	0.00329395
1.11837	0.00349732
1.14152	0.00498976
 FCN=8.66768 FROM MIGRAD    STATUS=CONVERGED      36 CALLS          37 TOTAL
                     EDM=1.20483e-17    STRATEGY= 1      ERROR MATRIX ACCURATE 
  EXT PARAMETER                                   STEP         FIRST   
  NO.   NAME      VALUE            ERROR          SIZE      DERIVATIVE 
   1  p0           1.06727e+00   1.77852e-03   1.94648e-06   3.08002e-06
   2  p1           2.08585e-02   1.25269e-03   1.37099e-06   7.02902e-07
SaveSource cannot open file: /home/zhangfy/nl_target/toyMC/results/data_12699.C
