1.07296	0.00394378
1.06767	0.00351279
1.07135	0.00349564
1.08237	0.00351884
1.08165	0.00342748
1.09144	0.00327551
1.11877	0.00349857
1.14297	0.0049961
 FCN=3.75682 FROM MIGRAD    STATUS=CONVERGED      36 CALLS          37 TOTAL
                     EDM=4.55093e-16    STRATEGY= 1      ERROR MATRIX ACCURATE 
  EXT PARAMETER                                   STEP         FIRST   
  NO.   NAME      VALUE            ERROR          SIZE      DERIVATIVE 
   1  p0           1.06774e+00   1.77976e-03   1.36574e-06   2.95086e-06
   2  p1           2.06955e-02   1.25370e-03   9.62058e-07   2.67788e-05
SaveSource cannot open file: /home/zhangfy/nl_target/toyMC/results/data_12700.C
1.06994	0.0039327
1.07256	0.00352888
1.07448	0.00350586
1.08329	0.00352181
1.07695	0.00341259
1.09208	0.00327745
1.12025	0.0035032
1.15407	0.00504461
 FCN=4.68041 FROM MIGRAD    STATUS=CONVERGED      36 CALLS          37 TOTAL
                     EDM=2.96997e-15    STRATEGY= 1      ERROR MATRIX ACCURATE 
  EXT PARAMETER                                   STEP         FIRST   
  NO.   NAME      VALUE            ERROR          SIZE      DERIVATIVE 
   1  p0           1.06717e+00   1.78225e-03   1.49409e-06   1.26159e-05
   2  p1           2.25261e-02   1.26007e-03   1.05634e-06  -4.74214e-05
SaveSource cannot open file: /home/zhangfy/nl_target/toyMC/results/data_12701.C
1.07265	0.00394265
1.07101	0.00352379
1.07119	0.00349514
1.07239	0.00348637
1.08488	0.00343769
1.09628	0.00329005
1.11877	0.00349857
1.15	0.00502681
 FCN=8.31201 FROM MIGRAD    STATUS=CONVERGED      36 CALLS          37 TOTAL
                     EDM=2.86914e-16    STRATEGY= 1      ERROR MATRIX ACCURATE 
  EXT PARAMETER                                   STEP         FIRST   
  NO.   NAME      VALUE            ERROR          SIZE      DERIVATIVE 
   1  p0           1.06703e+00   1.78046e-03   1.91205e-06  -1.70245e-05
   2  p1           2.21206e-02   1.25723e-03   1.35015e-06  -8.89726e-06
SaveSource cannot open file: /home/zhangfy/nl_target/toyMC/results/data_12702.C
1.07871	0.00396491
1.07202	0.00352711
1.06821	0.00348541
1.0768	0.00350071
1.08082	0.00342485
1.09362	0.00328206
1.11834	0.00349722
1.13986	0.0049825
 FCN=8.07844 FROM MIGRAD    STATUS=CONVERGED      36 CALLS          37 TOTAL
                     EDM=3.35199e-16    STRATEGY= 1      ERROR MATRIX ACCURATE 
  EXT PARAMETER                                   STEP         FIRST   
  NO.   NAME      VALUE            ERROR          SIZE      DERIVATIVE 
   1  p0           1.06852e+00   1.78026e-03   1.88673e-06   1.02459e-05
   2  p1           1.98564e-02   1.25245e-03   1.32735e-06  -7.71182e-06
SaveSource cannot open file: /home/zhangfy/nl_target/toyMC/results/data_12703.C
1.07396	0.00394744
1.07685	0.00354298
1.073	0.00350105
1.07574	0.00349727
1.08478	0.00343739
1.08776	0.00326447
1.11974	0.00350159
1.14792	0.00501772
 FCN=5.26656 FROM MIGRAD    STATUS=CONVERGED      36 CALLS          37 TOTAL
                     EDM=8.60713e-16    STRATEGY= 1      ERROR MATRIX ACCURATE 
  EXT PARAMETER                                   STEP         FIRST   
  NO.   NAME      VALUE            ERROR          SIZE      DERIVATIVE 
   1  p0           1.06864e+00   1.78307e-03   1.56897e-06   1.19516e-05
   2  p1           2.07701e-02   1.25736e-03   1.10638e-06  -1.88954e-05
SaveSource cannot open file: /home/zhangfy/nl_target/toyMC/results/data_12704.C
1.06583	0.00391758
1.08088	0.00355625
1.07946	0.00352211
1.07892	0.00350762
1.07857	0.00341771
1.0869	0.00326188
1.12016	0.00350289
1.14774	0.00501695
 FCN=12.1091 FROM MIGRAD    STATUS=CONVERGED      36 CALLS          37 TOTAL
                     EDM=2.04058e-16    STRATEGY= 1      ERROR MATRIX ACCURATE 
  EXT PARAMETER                                   STEP         FIRST   
  NO.   NAME      VALUE            ERROR          SIZE      DERIVATIVE 
   1  p0           1.06874e+00   1.78338e-03   2.26925e-06  -8.65574e-06
   2  p1           2.06482e-02   1.25751e-03   1.60011e-06  -2.19392e-05
SaveSource cannot open file: /home/zhangfy/nl_target/toyMC/results/data_12705.C
1.06568	0.00391703
1.06911	0.00351752
1.06474	0.00347409
1.08635	0.00353175
1.08259	0.00343046
1.09039	0.00327238
1.11886	0.00349884
1.1421	0.00499227
 FCN=13.4603 FROM MIGRAD    STATUS=CONVERGED      36 CALLS          37 TOTAL
                     EDM=1.97301e-15    STRATEGY= 1      ERROR MATRIX ACCURATE 
  EXT PARAMETER                                   STEP         FIRST   
  NO.   NAME      VALUE            ERROR          SIZE      DERIVATIVE 
   1  p0           1.06605e+00   1.77692e-03   2.37892e-06  -6.49448e-06
   2  p1           2.13492e-02   1.25247e-03   1.67679e-06   4.33286e-05
SaveSource cannot open file: /home/zhangfy/nl_target/toyMC/results/data_12706.C
1.06713	0.00392235
1.07164	0.00352585
1.07553	0.00350929
1.08154	0.00351612
1.08485	0.00343762
1.09564	0.00328813
1.11453	0.0034853
1.14403	0.00500072
 FCN=6.17424 FROM MIGRAD    STATUS=CONVERGED      36 CALLS          37 TOTAL
                     EDM=8.12649e-16    STRATEGY= 1      ERROR MATRIX ACCURATE 
  EXT PARAMETER                                   STEP         FIRST   
  NO.   NAME      VALUE            ERROR          SIZE      DERIVATIVE 
   1  p0           1.06960e+00   1.78168e-03   1.67873e-06  -2.50783e-05
   2  p1           1.97604e-02   1.25306e-03   1.18065e-06  -5.35997e-06
SaveSource cannot open file: /home/zhangfy/nl_target/toyMC/results/data_12707.C
1.06561	0.00391675
1.07449	0.00353524
1.07301	0.00350108
1.07946	0.00350938
1.0849	0.00343777
1.09738	0.00329336
1.11793	0.00349592
1.14663	0.0050121
 FCN=7.05592 FROM MIGRAD    STATUS=CONVERGED      36 CALLS          37 TOTAL
                     EDM=8.92117e-17    STRATEGY= 1      ERROR MATRIX ACCURATE 
  EXT PARAMETER                                   STEP         FIRST   
  NO.   NAME      VALUE            ERROR          SIZE      DERIVATIVE 
   1  p0           1.06879e+00   1.78150e-03   1.77967e-06  -4.78232e-06
   2  p1           2.10850e-02   1.25535e-03   1.25406e-06   4.74523e-06
SaveSource cannot open file: /home/zhangfy/nl_target/toyMC/results/data_12708.C
1.06531	0.00391566
1.0749	0.00353657
1.07319	0.00350165
1.08398	0.00352405
1.082	0.00342859
1.09137	0.00327532
1.12236	0.0035098
1.15122	0.00503214
 FCN=4.5262 FROM MIGRAD    STATUS=CONVERGED      36 CALLS          37 TOTAL
                     EDM=1.27844e-15    STRATEGY= 1      ERROR MATRIX ACCURATE 
  EXT PARAMETER                                   STEP         FIRST   
  NO.   NAME      VALUE            ERROR          SIZE      DERIVATIVE 
   1  p0           1.06767e+00   1.78209e-03   1.47426e-06   5.05763e-06
   2  p1           2.24551e-02   1.25917e-03   1.04166e-06  -3.48629e-05
SaveSource cannot open file: /home/zhangfy/nl_target/toyMC/results/data_12709.C
1.0711	0.00393694
1.06526	0.00350486
1.07998	0.00352381
1.08447	0.00352564
1.08762	0.00344637
1.09296	0.00328008
1.12286	0.00351136
1.14578	0.00500838
 FCN=10.7969 FROM MIGRAD    STATUS=CONVERGED      36 CALLS          37 TOTAL
                     EDM=1.36755e-17    STRATEGY= 1      ERROR MATRIX ACCURATE 
  EXT PARAMETER                                   STEP         FIRST   
  NO.   NAME      VALUE            ERROR          SIZE      DERIVATIVE 
   1  p0           1.06992e+00   1.78341e-03   2.15611e-06   3.13690e-06
   2  p1           2.12254e-02   1.25685e-03   1.51950e-06   5.73414e-06
SaveSource cannot open file: /home/zhangfy/nl_target/toyMC/results/data_12710.C
1.0742	0.00394833
1.06772	0.00351297
1.07673	0.00351322
1.08433	0.0035252
1.08068	0.00342438
1.09005	0.00327135
1.11897	0.00349919
1.1498	0.00502592
 FCN=6.04485 FROM MIGRAD    STATUS=CONVERGED      36 CALLS          37 TOTAL
                     EDM=1.03957e-15    STRATEGY= 1      ERROR MATRIX ACCURATE 
  EXT PARAMETER                                   STEP         FIRST   
  NO.   NAME      VALUE            ERROR          SIZE      DERIVATIVE 
   1  p0           1.06847e+00   1.78280e-03   1.66394e-06   3.39884e-05
   2  p1           2.12055e-02   1.25771e-03   1.17386e-06   4.39415e-05
SaveSource cannot open file: /home/zhangfy/nl_target/toyMC/results/data_12711.C
1.06278	0.00390635
1.07366	0.00353251
1.07777	0.00351661
1.07847	0.00350615
1.08336	0.0034329
1.09029	0.00327206
1.12008	0.00350265
1.14849	0.00502021
 FCN=6.07453 FROM MIGRAD    STATUS=CONVERGED      36 CALLS          37 TOTAL
                     EDM=2.30286e-15    STRATEGY= 1      ERROR MATRIX ACCURATE 
  EXT PARAMETER                                   STEP         FIRST   
  NO.   NAME      VALUE            ERROR          SIZE      DERIVATIVE 
   1  p0           1.06736e+00   1.78085e-03   1.66651e-06  -4.23634e-05
   2  p1           2.17345e-02   1.25692e-03   1.17622e-06  -9.29545e-06
SaveSource cannot open file: /home/zhangfy/nl_target/toyMC/results/data_12712.C
1.07687	0.00395814
1.06542	0.00350538
1.07839	0.00351861
1.08144	0.00351579
1.07366	0.00340214
1.09223	0.00327789
1.12407	0.00351514
1.14975	0.00502573
 FCN=13.7521 FROM MIGRAD    STATUS=CONVERGED      36 CALLS          37 TOTAL
                     EDM=2.57542e-15    STRATEGY= 1      ERROR MATRIX ACCURATE 
  EXT PARAMETER                                   STEP         FIRST   
  NO.   NAME      VALUE            ERROR          SIZE      DERIVATIVE 
   1  p0           1.06694e+00   1.78144e-03   2.40740e-06   1.14020e-05
   2  p1           2.25830e-02   1.25925e-03   1.70173e-06  -4.46117e-05
SaveSource cannot open file: /home/zhangfy/nl_target/toyMC/results/data_12713.C
1.06843	0.00392712
1.06408	0.00350098
1.07572	0.0035099
1.0749	0.00349454
1.07745	0.00341417
1.09608	0.00328945
1.11665	0.00349193
1.14686	0.0050131
 FCN=9.47142 FROM MIGRAD    STATUS=CONVERGED      36 CALLS          37 TOTAL
                     EDM=1.46751e-16    STRATEGY= 1      ERROR MATRIX ACCURATE 
  EXT PARAMETER                                   STEP         FIRST   
  NO.   NAME      VALUE            ERROR          SIZE      DERIVATIVE 
   1  p0           1.06514e+00   1.77682e-03   2.02389e-06  -5.51411e-06
   2  p1           2.20188e-02   1.25425e-03   1.42866e-06  -1.78580e-05
SaveSource cannot open file: /home/zhangfy/nl_target/toyMC/results/data_12714.C
1.07051	0.00393478
1.07305	0.0035305
1.07248	0.00349934
1.07672	0.00350045
1.07886	0.00341863
1.08906	0.00326838
1.11951	0.00350087
1.15271	0.00503865
 FCN=2.07708 FROM MIGRAD    STATUS=CONVERGED      36 CALLS          37 TOTAL
                     EDM=1.64911e-17    STRATEGY= 1      ERROR MATRIX ACCURATE 
  EXT PARAMETER                                   STEP         FIRST   
  NO.   NAME      VALUE            ERROR          SIZE      DERIVATIVE 
   1  p0           1.06581e+00   1.78031e-03   1.09824e-06   2.50348e-06
   2  p1           2.24798e-02   1.25891e-03   7.76603e-07  -1.32666e-06
SaveSource cannot open file: /home/zhangfy/nl_target/toyMC/results/data_12715.C
1.07033	0.0039341
1.07792	0.00354651
1.07859	0.00351929
1.07922	0.00350859
1.08661	0.00344319
1.09281	0.00327965
1.11654	0.0034916
1.1383	0.00497569
 FCN=2.91878 FROM MIGRAD    STATUS=CONVERGED      36 CALLS          37 TOTAL
                     EDM=1.21779e-16    STRATEGY= 1      ERROR MATRIX ACCURATE 
  EXT PARAMETER                                   STEP         FIRST   
  NO.   NAME      VALUE            ERROR          SIZE      DERIVATIVE 
   1  p0           1.07229e+00   1.78456e-03   1.24186e-06   2.86964e-06
   2  p1           1.80270e-02   1.25183e-03   8.71132e-07   1.49532e-05
SaveSource cannot open file: /home/zhangfy/nl_target/toyMC/results/data_12716.C
1.07264	0.00394262
1.06767	0.00351279
1.07374	0.00350344
1.07618	0.00349871
1.08105	0.00342555
1.0931	0.00328052
1.11773	0.00349532
1.14253	0.00499414
 FCN=2.92526 FROM MIGRAD    STATUS=CONVERGED      36 CALLS          37 TOTAL
                     EDM=3.19417e-16    STRATEGY= 1      ERROR MATRIX ACCURATE 
  EXT PARAMETER                                   STEP         FIRST   
  NO.   NAME      VALUE            ERROR          SIZE      DERIVATIVE 
   1  p0           1.06724e+00   1.77893e-03   1.24002e-06  -1.75053e-05
   2  p1           2.06563e-02   1.25307e-03   8.73474e-07  -7.94783e-06
SaveSource cannot open file: /home/zhangfy/nl_target/toyMC/results/data_12717.C
1.07995	0.00396947
1.0695	0.00351881
1.07691	0.0035138
1.08443	0.00352554
1.08498	0.00343801
1.09558	0.00328796
1.12102	0.0035056
1.13892	0.0049784
 FCN=6.91045 FROM MIGRAD    STATUS=CONVERGED      36 CALLS          37 TOTAL
                     EDM=8.59239e-16    STRATEGY= 1      ERROR MATRIX ACCURATE 
  EXT PARAMETER                                   STEP         FIRST   
  NO.   NAME      VALUE            ERROR          SIZE      DERIVATIVE 
   1  p0           1.07258e+00   1.78534e-03   1.76634e-06   2.01323e-05
   2  p1           1.89582e-02   1.25367e-03   1.24032e-06  -5.93815e-06
SaveSource cannot open file: /home/zhangfy/nl_target/toyMC/results/data_12718.C
1.06909	0.00392957
1.07644	0.00354165
1.0727	0.00350006
1.07723	0.0035021
1.08384	0.00343442
1.09132	0.00327517
1.11534	0.00348785
1.14905	0.00502264
 FCN=4.75407 FROM MIGRAD    STATUS=CONVERGED      36 CALLS          37 TOTAL
                     EDM=4.15825e-15    STRATEGY= 1      ERROR MATRIX ACCURATE 
  EXT PARAMETER                                   STEP         FIRST   
  NO.   NAME      VALUE            ERROR          SIZE      DERIVATIVE 
   1  p0           1.06829e+00   1.78198e-03   1.50275e-06   1.08647e-05
   2  p1           2.06048e-02   1.25605e-03   1.05923e-06  -6.10542e-05
SaveSource cannot open file: /home/zhangfy/nl_target/toyMC/results/data_12719.C
1.06949	0.00393102
1.07652	0.00354191
1.07625	0.00351164
1.07941	0.00350919
1.08615	0.00344172
1.09236	0.00327828
1.11524	0.00348753
1.14971	0.00502556
 FCN=5.23767 FROM MIGRAD    STATUS=CONVERGED      36 CALLS          37 TOTAL
                     EDM=1.69073e-16    STRATEGY= 1      ERROR MATRIX ACCURATE 
  EXT PARAMETER                                   STEP         FIRST   
  NO.   NAME      VALUE            ERROR          SIZE      DERIVATIVE 
   1  p0           1.07010e+00   1.78443e-03   1.56655e-06  -7.97295e-06
   2  p1           2.01183e-02   1.25676e-03   1.10331e-06   4.29476e-06
SaveSource cannot open file: /home/zhangfy/nl_target/toyMC/results/data_12720.C
1.06832	0.00392671
1.07153	0.00352551
1.07149	0.00349612
1.08084	0.00351387
1.08428	0.0034358
1.0943	0.00328411
1.12478	0.00351735
1.13565	0.00496407
 FCN=8.44683 FROM MIGRAD    STATUS=CONVERGED      36 CALLS          37 TOTAL
                     EDM=1.34004e-16    STRATEGY= 1      ERROR MATRIX ACCURATE 
  EXT PARAMETER                                   STEP         FIRST   
  NO.   NAME      VALUE            ERROR          SIZE      DERIVATIVE 
   1  p0           1.06879e+00   1.77945e-03   1.92635e-06   5.65961e-06
   2  p1           2.05916e-02   1.25188e-03   1.35523e-06  -6.14738e-06
SaveSource cannot open file: /home/zhangfy/nl_target/toyMC/results/data_12721.C
1.06494	0.00391432
1.07551	0.00353861
1.07272	0.00350011
1.08443	0.00352551
1.07741	0.00341404
1.09572	0.00328836
1.12374	0.0035141
1.14777	0.00501705
 FCN=8.43531 FROM MIGRAD    STATUS=CONVERGED      36 CALLS          37 TOTAL
                     EDM=3.68269e-17    STRATEGY= 1      ERROR MATRIX ACCURATE 
  EXT PARAMETER                                   STEP         FIRST   
  NO.   NAME      VALUE            ERROR          SIZE      DERIVATIVE 
   1  p0           1.06772e+00   1.78122e-03   1.92639e-06  -5.61801e-06
   2  p1           2.24127e-02   1.25782e-03   1.36033e-06  -1.81837e-06
SaveSource cannot open file: /home/zhangfy/nl_target/toyMC/results/data_12722.C
1.07652	0.00395687
1.07465	0.00353578
1.07807	0.00351759
1.08502	0.00352743
1.07973	0.00342137
1.08608	0.00325943
1.11292	0.00348028
1.14783	0.00501734
 FCN=9.999 FROM MIGRAD    STATUS=CONVERGED      36 CALLS          37 TOTAL
                     EDM=3.1984e-15    STRATEGY= 1      ERROR MATRIX ACCURATE 
  EXT PARAMETER                                   STEP         FIRST   
  NO.   NAME      VALUE            ERROR          SIZE      DERIVATIVE 
   1  p0           1.07074e+00   1.78548e-03   2.07871e-06   4.59427e-05
   2  p1           1.86339e-02   1.25568e-03   1.46190e-06   2.38160e-06
SaveSource cannot open file: /home/zhangfy/nl_target/toyMC/results/data_12723.C
1.07156	0.00393863
1.06676	0.0035098
1.07697	0.00351399
1.08356	0.00352268
1.07526	0.00340723
1.09051	0.00327273
1.11744	0.00349441
1.1405	0.00498527
 FCN=7.91704 FROM MIGRAD    STATUS=CONVERGED      36 CALLS          37 TOTAL
                     EDM=1.09653e-14    STRATEGY= 1      ERROR MATRIX ACCURATE 
  EXT PARAMETER                                   STEP         FIRST   
  NO.   NAME      VALUE            ERROR          SIZE      DERIVATIVE 
   1  p0           1.06772e+00   1.77930e-03   1.86865e-06  -2.01232e-05
   2  p1           1.99476e-02   1.25215e-03   1.31503e-06   9.66252e-05
SaveSource cannot open file: /home/zhangfy/nl_target/toyMC/results/data_12724.C
1.06956	0.00393129
1.07517	0.00353745
1.07387	0.00350388
1.07281	0.00348775
1.0809	0.00342508
1.08779	0.00326458
1.11656	0.00349164
1.15851	0.00506401
 FCN=10.3595 FROM MIGRAD    STATUS=CONVERGED      36 CALLS          37 TOTAL
                     EDM=7.48064e-15    STRATEGY= 1      ERROR MATRIX ACCURATE 
  EXT PARAMETER                                   STEP         FIRST   
  NO.   NAME      VALUE            ERROR          SIZE      DERIVATIVE 
   1  p0           1.06546e+00   1.78123e-03   2.10992e-06   6.56897e-05
   2  p1           2.27340e-02   1.26094e-03   1.49362e-06  -5.92863e-06
SaveSource cannot open file: /home/zhangfy/nl_target/toyMC/results/data_12725.C
1.06958	0.00393136
1.07598	0.00354014
1.07223	0.00349853
1.07677	0.00350062
1.08299	0.00343171
1.09262	0.00327906
1.11677	0.0034923
1.15104	0.00503137
 FCN=4.38324 FROM MIGRAD    STATUS=CONVERGED      36 CALLS          37 TOTAL
                     EDM=7.74146e-17    STRATEGY= 1      ERROR MATRIX ACCURATE 
  EXT PARAMETER                                   STEP         FIRST   
  NO.   NAME      VALUE            ERROR          SIZE      DERIVATIVE 
   1  p0           1.06783e+00   1.78194e-03   1.45386e-06  -2.12139e-06
   2  p1           2.13499e-02   1.25745e-03   1.02593e-06  -1.17414e-05
SaveSource cannot open file: /home/zhangfy/nl_target/toyMC/results/data_12726.C
1.07041	0.00393443
1.07555	0.00353873
1.07188	0.00349738
1.07555	0.00349666
1.08024	0.003423
1.0896	0.00326999
1.11914	0.00349971
1.15064	0.00502961
 FCN=2.9962 FROM MIGRAD    STATUS=CONVERGED      36 CALLS          37 TOTAL
                     EDM=2.76961e-15    STRATEGY= 1      ERROR MATRIX ACCURATE 
  EXT PARAMETER                                   STEP         FIRST   
  NO.   NAME      VALUE            ERROR          SIZE      DERIVATIVE 
   1  p0           1.06656e+00   1.78076e-03   1.25177e-06   5.04623e-05
   2  p1           2.18937e-02   1.25794e-03   8.84260e-07   7.87851e-05
SaveSource cannot open file: /home/zhangfy/nl_target/toyMC/results/data_12727.C
1.06815	0.00392612
1.07002	0.00352052
1.07353	0.00350278
1.08406	0.00352431
1.07979	0.00342156
1.08475	0.00325544
1.12218	0.00350922
1.14459	0.00500316
 FCN=6.75791 FROM MIGRAD    STATUS=CONVERGED      36 CALLS          37 TOTAL
                     EDM=8.09062e-16    STRATEGY= 1      ERROR MATRIX ACCURATE 
  EXT PARAMETER                                   STEP         FIRST   
  NO.   NAME      VALUE            ERROR          SIZE      DERIVATIVE 
   1  p0           1.06655e+00   1.77941e-03   1.74346e-06   1.49647e-06
   2  p1           2.14802e-02   1.25557e-03   1.23020e-06  -3.05308e-05
SaveSource cannot open file: /home/zhangfy/nl_target/toyMC/results/data_12728.C
1.06616	0.00391878
1.0733	0.00353133
1.07293	0.00350079
1.08043	0.00351252
1.0835	0.00343332
1.08516	0.00325667
1.11891	0.00349899
1.14864	0.00502088
 FCN=5.46078 FROM MIGRAD    STATUS=CONVERGED      36 CALLS          37 TOTAL
                     EDM=7.65636e-16    STRATEGY= 1      ERROR MATRIX ACCURATE 
  EXT PARAMETER                                   STEP         FIRST   
  NO.   NAME      VALUE            ERROR          SIZE      DERIVATIVE 
   1  p0           1.06661e+00   1.78018e-03   1.59114e-06   1.84486e-05
   2  p1           2.14896e-02   1.25658e-03   1.12315e-06  -6.67628e-06
SaveSource cannot open file: /home/zhangfy/nl_target/toyMC/results/data_12729.C
1.07079	0.00393582
1.07288	0.00352995
1.06885	0.00348751
1.07607	0.00349835
1.08699	0.00344438
1.08902	0.00326827
1.12092	0.00350529
1.14439	0.00500231
 FCN=5.89636 FROM MIGRAD    STATUS=CONVERGED      36 CALLS          37 TOTAL
                     EDM=2.20084e-15    STRATEGY= 1      ERROR MATRIX ACCURATE 
  EXT PARAMETER                                   STEP         FIRST   
  NO.   NAME      VALUE            ERROR          SIZE      DERIVATIVE 
   1  p0           1.06715e+00   1.77971e-03   1.64449e-06   1.77691e-06
   2  p1           2.13293e-02   1.25510e-03   1.15973e-06   5.45763e-05
SaveSource cannot open file: /home/zhangfy/nl_target/toyMC/results/data_12730.C
1.06997	0.00393278
1.07426	0.00353448
1.07919	0.00352123
1.07704	0.00350152
1.08513	0.00343849
1.09355	0.00328186
1.12128	0.0035064
1.14663	0.00501208
 FCN=2.85858 FROM MIGRAD    STATUS=CONVERGED      36 CALLS          37 TOTAL
                     EDM=1.2552e-15    STRATEGY= 1      ERROR MATRIX ACCURATE 
  EXT PARAMETER                                   STEP         FIRST   
  NO.   NAME      VALUE            ERROR          SIZE      DERIVATIVE 
   1  p0           1.06982e+00   1.78381e-03   1.23263e-06  -2.44622e-06
   2  p1           2.08984e-02   1.25715e-03   8.68699e-07   3.73696e-05
SaveSource cannot open file: /home/zhangfy/nl_target/toyMC/results/data_12731.C
1.07086	0.00393608
1.07654	0.00354199
1.07544	0.00350902
1.07869	0.00350686
1.07749	0.00341428
1.09082	0.00327365
1.11985	0.00350194
1.15235	0.00503708
 FCN=4.19942 FROM MIGRAD    STATUS=CONVERGED      36 CALLS          37 TOTAL
                     EDM=7.95807e-18    STRATEGY= 1      ERROR MATRIX ACCURATE 
  EXT PARAMETER                                   STEP         FIRST   
  NO.   NAME      VALUE            ERROR          SIZE      DERIVATIVE 
   1  p0           1.06771e+00   1.78285e-03   1.42927e-06  -2.99060e-06
   2  p1           2.18287e-02   1.25944e-03   1.00966e-06  -2.07604e-06
SaveSource cannot open file: /home/zhangfy/nl_target/toyMC/results/data_12732.C
1.0607	0.00389873
1.06855	0.0035157
1.07959	0.00352253
1.07945	0.00350935
1.08527	0.00343893
1.09274	0.00327942
1.11313	0.00348092
1.14568	0.00500794
 FCN=15.2108 FROM MIGRAD    STATUS=CONVERGED      36 CALLS          37 TOTAL
                     EDM=9.83005e-16    STRATEGY= 1      ERROR MATRIX ACCURATE 
  EXT PARAMETER                                   STEP         FIRST   
  NO.   NAME      VALUE            ERROR          SIZE      DERIVATIVE 
   1  p0           1.06771e+00   1.77944e-03   2.52039e-06  -1.22458e-06
   2  p1           2.03371e-02   1.25283e-03   1.77450e-06  -3.65758e-05
SaveSource cannot open file: /home/zhangfy/nl_target/toyMC/results/data_12733.C
1.06288	0.00390672
1.07124	0.00352453
1.07465	0.00350641
1.07447	0.00349314
1.07424	0.00340398
1.09819	0.00329576
1.12369	0.00351396
1.14644	0.00501124
 FCN=12.0972 FROM MIGRAD    STATUS=CONVERGED      36 CALLS          37 TOTAL
                     EDM=8.97764e-17    STRATEGY= 1      ERROR MATRIX ACCURATE 
  EXT PARAMETER                                   STEP         FIRST   
  NO.   NAME      VALUE            ERROR          SIZE      DERIVATIVE 
   1  p0           1.06474e+00   1.77681e-03   2.26536e-06  -8.49028e-06
   2  p1           2.33816e-02   1.25634e-03   1.60178e-06  -2.09321e-06
SaveSource cannot open file: /home/zhangfy/nl_target/toyMC/results/data_12734.C
1.08005	0.00396985
1.07454	0.00353538
1.0757	0.00350985
1.07606	0.00349831
1.08193	0.00342834
1.09453	0.0032848
1.11624	0.00349066
1.14139	0.00498917
 FCN=5.53556 FROM MIGRAD    STATUS=CONVERGED      36 CALLS          37 TOTAL
                     EDM=3.89277e-16    STRATEGY= 1      ERROR MATRIX ACCURATE 
  EXT PARAMETER                                   STEP         FIRST   
  NO.   NAME      VALUE            ERROR          SIZE      DERIVATIVE 
   1  p0           1.07117e+00   1.78420e-03   1.60306e-06   3.83681e-06
   2  p1           1.86898e-02   1.25342e-03   1.12617e-06  -1.81198e-05
SaveSource cannot open file: /home/zhangfy/nl_target/toyMC/results/data_12735.C
1.06539	0.00391594
1.06882	0.00351657
1.07057	0.00349312
1.06915	0.00347585
1.08509	0.00343838
1.09111	0.00327454
1.11572	0.00348902
1.14335	0.00499772
 FCN=9.06073 FROM MIGRAD    STATUS=CONVERGED      34 CALLS          35 TOTAL
                     EDM=7.25385e-18    STRATEGY= 1      ERROR MATRIX ACCURATE 
  EXT PARAMETER                                   STEP         FIRST   
  NO.   NAME      VALUE            ERROR          SIZE      DERIVATIVE 
   1  p0           1.06455e+00   1.77522e-03   1.98164e-06   2.76542e-06
   2  p1           2.13983e-02   1.25194e-03   1.39752e-06   1.59202e-06
SaveSource cannot open file: /home/zhangfy/nl_target/toyMC/results/data_12736.C
1.07515	0.00395183
1.06502	0.00350407
1.06858	0.00348662
1.0779	0.00350429
1.08157	0.00342721
1.08769	0.00326428
1.11628	0.00349078
1.14743	0.0050156
 FCN=7.21499 FROM MIGRAD    STATUS=CONVERGED      36 CALLS          37 TOTAL
                     EDM=2.41804e-15    STRATEGY= 1      ERROR MATRIX ACCURATE 
  EXT PARAMETER                                   STEP         FIRST   
  NO.   NAME      VALUE            ERROR          SIZE      DERIVATIVE 
   1  p0           1.06522e+00   1.77767e-03   1.79192e-06  -9.86852e-06
   2  p1           2.15004e-02   1.25472e-03   1.26478e-06   4.48029e-05
SaveSource cannot open file: /home/zhangfy/nl_target/toyMC/results/data_12737.C
1.07528	0.00395232
1.07362	0.00353238
1.07515	0.00350805
1.08402	0.00352419
1.08318	0.00343231
1.0908	0.00327359
1.11922	0.00349996
1.14895	0.00502221
 FCN=2.28989 FROM MIGRAD    STATUS=CONVERGED      36 CALLS          37 TOTAL
                     EDM=1.3792e-16    STRATEGY= 1      ERROR MATRIX ACCURATE 
  EXT PARAMETER                                   STEP         FIRST   
  NO.   NAME      VALUE            ERROR          SIZE      DERIVATIVE 
   1  p0           1.07028e+00   1.78510e-03   1.13824e-06  -2.57570e-06
   2  p1           2.04860e-02   1.25792e-03   8.02093e-07  -1.54749e-05
SaveSource cannot open file: /home/zhangfy/nl_target/toyMC/results/data_12738.C
1.07101	0.00393661
1.07219	0.00352766
1.07493	0.00350733
1.08056	0.00351294
1.08179	0.00342793
1.09028	0.00327205
1.1196	0.00350115
1.14941	0.00502422
 FCN=0.796038 FROM MIGRAD    STATUS=CONVERGED      36 CALLS          37 TOTAL
                     EDM=9.45631e-16    STRATEGY= 1      ERROR MATRIX ACCURATE 
  EXT PARAMETER                                   STEP         FIRST   
  NO.   NAME      VALUE            ERROR          SIZE      DERIVATIVE 
   1  p0           1.06803e+00   1.78218e-03   8.39975e-07   4.91850e-06
   2  p1           2.14232e-02   1.25763e-03   5.92742e-07  -2.93784e-05
SaveSource cannot open file: /home/zhangfy/nl_target/toyMC/results/data_12739.C
1.06718	0.00392254
1.07281	0.00352971
1.07369	0.00350328
1.08225	0.00351845
1.08152	0.00342704
1.09544	0.00328751
1.11681	0.00349244
1.14209	0.00499222
 FCN=4.28326 FROM MIGRAD    STATUS=CONVERGED      36 CALLS          37 TOTAL
                     EDM=5.81485e-16    STRATEGY= 1      ERROR MATRIX ACCURATE 
  EXT PARAMETER                                   STEP         FIRST   
  NO.   NAME      VALUE            ERROR          SIZE      DERIVATIVE 
   1  p0           1.06903e+00   1.78076e-03   1.44019e-06  -2.22786e-05
   2  p1           2.00267e-02   1.25276e-03   1.01317e-06  -7.11606e-06
SaveSource cannot open file: /home/zhangfy/nl_target/toyMC/results/data_12740.C
1.07042	0.00393443
1.0795	0.00355173
1.07829	0.0035183
1.08143	0.00351576
1.08042	0.00342357
1.09426	0.003284
1.11476	0.00348603
1.15575	0.00505194
 FCN=10.8751 FROM MIGRAD    STATUS=CONVERGED      36 CALLS          37 TOTAL
                     EDM=1.73911e-17    STRATEGY= 1      ERROR MATRIX ACCURATE 
  EXT PARAMETER                                   STEP         FIRST   
  NO.   NAME      VALUE            ERROR          SIZE      DERIVATIVE 
   1  p0           1.07042e+00   1.78658e-03   2.16313e-06  -4.31128e-07
   2  p1           2.06537e-02   1.26005e-03   1.52563e-06   4.23531e-06
SaveSource cannot open file: /home/zhangfy/nl_target/toyMC/results/data_12741.C
1.07031	0.00393405
1.07323	0.0035311
1.07694	0.0035139
1.07237	0.0034863
1.08172	0.00342769
1.08486	0.00325579
1.12529	0.00351895
1.13778	0.00497339
 FCN=11.4983 FROM MIGRAD    STATUS=CONVERGED      36 CALLS          37 TOTAL
                     EDM=2.86997e-17    STRATEGY= 1      ERROR MATRIX ACCURATE 
  EXT PARAMETER                                   STEP         FIRST   
  NO.   NAME      VALUE            ERROR          SIZE      DERIVATIVE 
   1  p0           1.06710e+00   1.77906e-03   2.21253e-06   2.79998e-06
   2  p1           2.07040e-02   1.25349e-03   1.55890e-06   8.07901e-06
SaveSource cannot open file: /home/zhangfy/nl_target/toyMC/results/data_12742.C
1.06451	0.00391272
1.06766	0.00351278
1.07611	0.0035112
1.08084	0.00351385
1.0843	0.00343585
1.09152	0.00327576
1.12044	0.0035038
1.14676	0.00501264
 FCN=5.40219 FROM MIGRAD    STATUS=CONVERGED      36 CALLS          37 TOTAL
                     EDM=1.03088e-15    STRATEGY= 1      ERROR MATRIX ACCURATE 
  EXT PARAMETER                                   STEP         FIRST   
  NO.   NAME      VALUE            ERROR          SIZE      DERIVATIVE 
   1  p0           1.06690e+00   1.77947e-03   1.58496e-06  -1.15998e-05
   2  p1           2.19351e-02   1.25576e-03   1.11850e-06   2.27703e-05
SaveSource cannot open file: /home/zhangfy/nl_target/toyMC/results/data_12743.C
1.07047	0.00393464
1.0731	0.00353067
1.07333	0.0035021
1.07233	0.00348618
1.08439	0.00343617
1.08932	0.00326916
1.11549	0.00348831
1.15208	0.00503592
 FCN=7.52679 FROM MIGRAD    STATUS=CONVERGED      36 CALLS          37 TOTAL
                     EDM=1.48341e-15    STRATEGY= 1      ERROR MATRIX ACCURATE 
  EXT PARAMETER                                   STEP         FIRST   
  NO.   NAME      VALUE            ERROR          SIZE      DERIVATIVE 
   1  p0           1.06650e+00   1.78057e-03   1.82781e-06  -2.51709e-05
   2  p1           2.15268e-02   1.25732e-03   1.29068e-06   1.01623e-05
SaveSource cannot open file: /home/zhangfy/nl_target/toyMC/results/data_12744.C
1.07511	0.00395167
1.07176	0.00352625
1.07675	0.00351328
1.08075	0.00351355
1.08382	0.00343435
1.08967	0.00327021
1.10974	0.00347033
1.15545	0.00505061
 FCN=14.6876 FROM MIGRAD    STATUS=CONVERGED      36 CALLS          37 TOTAL
                     EDM=5.43527e-17    STRATEGY= 1      ERROR MATRIX ACCURATE 
  EXT PARAMETER                                   STEP         FIRST   
  NO.   NAME      VALUE            ERROR          SIZE      DERIVATIVE 
   1  p0           1.06940e+00   1.78479e-03   2.48228e-06  -6.31172e-06
   2  p1           1.99030e-02   1.25786e-03   1.74944e-06  -1.00523e-06
SaveSource cannot open file: /home/zhangfy/nl_target/toyMC/results/data_12745.C
1.06603	0.0039183
1.07083	0.0035232
1.07427	0.0035052
1.08212	0.00351801
1.08028	0.00342312
1.09599	0.00328917
1.12016	0.00350291
1.16324	0.0050847
 FCN=8.2577 FROM MIGRAD    STATUS=CONVERGED      36 CALLS          37 TOTAL
                     EDM=1.20908e-15    STRATEGY= 1      ERROR MATRIX ACCURATE 
  EXT PARAMETER                                   STEP         FIRST   
  NO.   NAME      VALUE            ERROR          SIZE      DERIVATIVE 
   1  p0           1.06600e+00   1.78240e-03   1.90873e-06  -4.56017e-06
   2  p1           2.45417e-02   1.26410e-03   1.35370e-06   3.41670e-05
SaveSource cannot open file: /home/zhangfy/nl_target/toyMC/results/data_12746.C
1.06859	0.00392771
1.07348	0.00353191
1.07047	0.00349279
1.07833	0.0035057
1.08104	0.00342553
1.09101	0.00327422
1.12222	0.00350934
1.14597	0.00500919
 FCN=1.26824 FROM MIGRAD    STATUS=CONVERGED      36 CALLS          37 TOTAL
                     EDM=1.82852e-17    STRATEGY= 1      ERROR MATRIX ACCURATE 
  EXT PARAMETER                                   STEP         FIRST   
  NO.   NAME      VALUE            ERROR          SIZE      DERIVATIVE 
   1  p0           1.06661e+00   1.77951e-03   9.43207e-07   4.59546e-06
   2  p1           2.20036e-02   1.25626e-03   6.65864e-07   5.58893e-06
SaveSource cannot open file: /home/zhangfy/nl_target/toyMC/results/data_12747.C
1.07776	0.00396143
1.07241	0.00352837
1.07227	0.00349865
1.07845	0.00350607
1.08486	0.00343765
1.08669	0.00326125
1.11609	0.00349019
1.14394	0.00500033
 FCN=5.69518 FROM MIGRAD    STATUS=CONVERGED      36 CALLS          37 TOTAL
                     EDM=3.29884e-16    STRATEGY= 1      ERROR MATRIX ACCURATE 
  EXT PARAMETER                                   STEP         FIRST   
  NO.   NAME      VALUE            ERROR          SIZE      DERIVATIVE 
   1  p0           1.06917e+00   1.78241e-03   1.62055e-06   1.17287e-05
   2  p1           1.93909e-02   1.25414e-03   1.14025e-06  -5.02606e-06
SaveSource cannot open file: /home/zhangfy/nl_target/toyMC/results/data_12748.C
1.06555	0.00391655
1.06876	0.00351636
1.07602	0.0035109
1.07838	0.00350586
1.08302	0.00343182
1.0912	0.0032748
1.12075	0.00350474
1.14414	0.00500119
 FCN=3.18208 FROM MIGRAD    STATUS=CONVERGED      36 CALLS          37 TOTAL
                     EDM=9.4746e-16    STRATEGY= 1      ERROR MATRIX ACCURATE 
  EXT PARAMETER                                   STEP         FIRST   
  NO.   NAME      VALUE            ERROR          SIZE      DERIVATIVE 
   1  p0           1.06684e+00   1.77892e-03   1.28050e-06  -5.55763e-06
   2  p1           2.15545e-02   1.25462e-03   9.03095e-07  -3.96897e-05
SaveSource cannot open file: /home/zhangfy/nl_target/toyMC/results/data_12749.C
1.06873	0.00392822
1.07791	0.0035465
1.06977	0.0034905
1.0844	0.00352544
1.08148	0.00342694
1.08618	0.00325973
1.11815	0.00349661
1.14216	0.00499254
 FCN=8.47619 FROM MIGRAD    STATUS=CONVERGED      36 CALLS          37 TOTAL
                     EDM=6.15514e-17    STRATEGY= 1      ERROR MATRIX ACCURATE 
  EXT PARAMETER                                   STEP         FIRST   
  NO.   NAME      VALUE            ERROR          SIZE      DERIVATIVE 
   1  p0           1.06866e+00   1.78128e-03   1.92765e-06  -1.21179e-06
   2  p1           1.97386e-02   1.25358e-03   1.35658e-06   7.56852e-06
SaveSource cannot open file: /home/zhangfy/nl_target/toyMC/results/data_12750.C
1.07088	0.00393613
1.07303	0.00353044
1.07127	0.0034954
1.08188	0.00351722
1.08195	0.00342841
1.08903	0.0032683
1.12396	0.0035148
1.14709	0.00501407
 FCN=2.39625 FROM MIGRAD    STATUS=CONVERGED      36 CALLS          37 TOTAL
                     EDM=1.68413e-15    STRATEGY= 1      ERROR MATRIX ACCURATE 
  EXT PARAMETER                                   STEP         FIRST   
  NO.   NAME      VALUE            ERROR          SIZE      DERIVATIVE 
   1  p0           1.06749e+00   1.78129e-03   1.15510e-06  -1.55033e-05
   2  p1           2.20172e-02   1.25772e-03   8.15585e-07   2.81236e-05
SaveSource cannot open file: /home/zhangfy/nl_target/toyMC/results/data_12751.C
1.07186	0.00393973
1.06988	0.00352006
1.07311	0.00350139
1.07691	0.00350109
1.08269	0.00343078
1.09139	0.00327538
1.12331	0.00351275
1.14487	0.0050044
 FCN=1.5053 FROM MIGRAD    STATUS=CONVERGED      36 CALLS          37 TOTAL
                     EDM=2.3977e-17    STRATEGY= 1      ERROR MATRIX ACCURATE 
  EXT PARAMETER                                   STEP         FIRST   
  NO.   NAME      VALUE            ERROR          SIZE      DERIVATIVE 
   1  p0           1.06713e+00   1.78001e-03   9.91639e-07   9.40371e-07
   2  p1           2.18775e-02   1.25619e-03   6.99819e-07  -4.50470e-06
SaveSource cannot open file: /home/zhangfy/nl_target/toyMC/results/data_12752.C
1.06822	0.00392635
1.07807	0.00354701
1.07269	0.00350004
1.07906	0.00350807
1.07682	0.00341215
1.0967	0.00329132
1.11754	0.00349472
1.14011	0.00498358
 FCN=8.52441 FROM MIGRAD    STATUS=CONVERGED      36 CALLS          37 TOTAL
                     EDM=1.08723e-17    STRATEGY= 1      ERROR MATRIX ACCURATE 
  EXT PARAMETER                                   STEP         FIRST   
  NO.   NAME      VALUE            ERROR          SIZE      DERIVATIVE 
   1  p0           1.06904e+00   1.78068e-03   1.93324e-06  -3.57432e-06
   2  p1           1.97486e-02   1.25230e-03   1.35959e-06  -2.84826e-06
SaveSource cannot open file: /home/zhangfy/nl_target/toyMC/results/data_12753.C
1.06987	0.00393244
1.07457	0.00353549
1.06819	0.00348535
1.07579	0.00349742
1.08384	0.00343439
1.09459	0.00328496
1.11654	0.0034916
1.14664	0.00501213
 FCN=6.72565 FROM MIGRAD    STATUS=CONVERGED      36 CALLS          37 TOTAL
                     EDM=1.71236e-15    STRATEGY= 1      ERROR MATRIX ACCURATE 
  EXT PARAMETER                                   STEP         FIRST   
  NO.   NAME      VALUE            ERROR          SIZE      DERIVATIVE 
   1  p0           1.06734e+00   1.77986e-03   1.74051e-06   3.45599e-05
   2  p1           2.10959e-02   1.25478e-03   1.22704e-06   3.53776e-06
SaveSource cannot open file: /home/zhangfy/nl_target/toyMC/results/data_12754.C
1.07283	0.00394329
1.07186	0.00352659
1.0759	0.00351049
1.07949	0.00350945
1.07931	0.00342004
1.09713	0.00329258
1.11439	0.00348485
1.14833	0.00501952
 FCN=6.82053 FROM MIGRAD    STATUS=CONVERGED      36 CALLS          37 TOTAL
                     EDM=2.16828e-16    STRATEGY= 1      ERROR MATRIX ACCURATE 
  EXT PARAMETER                                   STEP         FIRST   
  NO.   NAME      VALUE            ERROR          SIZE      DERIVATIVE 
   1  p0           1.06917e+00   1.78260e-03   1.75290e-06  -6.41092e-06
   2  p1           2.03140e-02   1.25552e-03   1.23460e-06   8.92060e-06
SaveSource cannot open file: /home/zhangfy/nl_target/toyMC/results/data_12755.C
1.06397	0.00391072
1.07142	0.00352514
1.07368	0.00350327
1.08203	0.00351774
1.07639	0.00341081
1.08912	0.00326855
1.11769	0.00349518
1.16084	0.00507421
 FCN=10.7037 FROM MIGRAD    STATUS=CONVERGED      36 CALLS          37 TOTAL
                     EDM=2.49782e-16    STRATEGY= 1      ERROR MATRIX ACCURATE 
  EXT PARAMETER                                   STEP         FIRST   
  NO.   NAME      VALUE            ERROR          SIZE      DERIVATIVE 
   1  p0           1.06431e+00   1.77990e-03   2.14158e-06  -1.68588e-05
   2  p1           2.38963e-02   1.26184e-03   1.51825e-06  -1.19837e-05
SaveSource cannot open file: /home/zhangfy/nl_target/toyMC/results/data_12756.C
1.06408	0.00391114
1.07298	0.00353028
1.0771	0.00351442
1.07666	0.00350028
1.0803	0.00342319
1.092	0.00327721
1.11379	0.00348297
1.15168	0.00503414
 FCN=8.59534 FROM MIGRAD    STATUS=CONVERGED      36 CALLS          37 TOTAL
                     EDM=2.19785e-16    STRATEGY= 1      ERROR MATRIX ACCURATE 
  EXT PARAMETER                                   STEP         FIRST   
  NO.   NAME      VALUE            ERROR          SIZE      DERIVATIVE 
   1  p0           1.06666e+00   1.78018e-03   1.93891e-06   1.34447e-05
   2  p1           2.13317e-02   1.25634e-03   1.36836e-06   3.71599e-06
SaveSource cannot open file: /home/zhangfy/nl_target/toyMC/results/data_12757.C
1.072	0.00394026
1.07361	0.00353233
1.07281	0.00350042
1.08264	0.0035197
1.08191	0.0034283
1.08996	0.00327109
1.11372	0.00348276
1.15701	0.00505743
 FCN=10.086 FROM MIGRAD    STATUS=CONVERGED      34 CALLS          35 TOTAL
                     EDM=8.68015e-17    STRATEGY= 1      ERROR MATRIX ACCURATE 
  EXT PARAMETER                                   STEP         FIRST   
  NO.   NAME      VALUE            ERROR          SIZE      DERIVATIVE 
   1  p0           1.06803e+00   1.78361e-03   2.08677e-06   4.59461e-06
   2  p1           2.13652e-02   1.25959e-03   1.47368e-06  -4.83661e-06
SaveSource cannot open file: /home/zhangfy/nl_target/toyMC/results/data_12758.C
1.06778	0.00392473
1.07543	0.00353833
1.07537	0.00350876
1.07917	0.00350843
1.07809	0.00341619
1.08628	0.00326004
1.1165	0.00349145
1.15036	0.00502839
 FCN=5.94134 FROM MIGRAD    STATUS=CONVERGED      36 CALLS          37 TOTAL
                     EDM=4.91662e-16    STRATEGY= 1      ERROR MATRIX ACCURATE 
  EXT PARAMETER                                   STEP         FIRST   
  NO.   NAME      VALUE            ERROR          SIZE      DERIVATIVE 
   1  p0           1.06682e+00   1.78099e-03   1.64899e-06   1.97943e-05
   2  p1           2.10903e-02   1.25701e-03   1.16384e-06   4.81161e-06
SaveSource cannot open file: /home/zhangfy/nl_target/toyMC/results/data_12759.C
1.07419	0.0039483
1.06619	0.00350793
1.07274	0.0035002
1.08217	0.00351818
1.07519	0.003407
1.09347	0.00328162
1.11649	0.00349142
1.14646	0.00501135
 FCN=8.8739 FROM MIGRAD    STATUS=CONVERGED      36 CALLS          37 TOTAL
                     EDM=1.89044e-15    STRATEGY= 1      ERROR MATRIX ACCURATE 
  EXT PARAMETER                                   STEP         FIRST   
  NO.   NAME      VALUE            ERROR          SIZE      DERIVATIVE 
   1  p0           1.06673e+00   1.77924e-03   1.96660e-06  -5.80120e-06
   2  p1           2.11133e-02   1.25466e-03   1.38678e-06   4.29430e-05
SaveSource cannot open file: /home/zhangfy/nl_target/toyMC/results/data_12760.C
1.06433	0.00391207
1.07099	0.00352372
1.07446	0.00350581
1.08338	0.00352211
1.08492	0.00343784
1.09423	0.00328389
1.11948	0.00350079
1.15446	0.00504632
 FCN=7.11518 FROM MIGRAD    STATUS=CONVERGED      34 CALLS          35 TOTAL
                     EDM=1.3966e-15    STRATEGY= 1      ERROR MATRIX ACCURATE 
  EXT PARAMETER                                   STEP         FIRST   
  NO.   NAME      VALUE            ERROR          SIZE      DERIVATIVE 
   1  p0           1.06752e+00   1.78200e-03   1.78674e-06   7.17182e-06
   2  p1           2.27468e-02   1.25955e-03   1.26291e-06  -3.42849e-05
SaveSource cannot open file: /home/zhangfy/nl_target/toyMC/results/data_12761.C
1.06981	0.0039322
1.07194	0.00352686
1.0738	0.00350365
1.08016	0.00351166
1.081	0.00342542
1.09312	0.00328056
1.12054	0.00350409
1.15345	0.00504189
 FCN=1.23391 FROM MIGRAD    STATUS=CONVERGED      36 CALLS          37 TOTAL
                     EDM=2.60771e-16    STRATEGY= 1      ERROR MATRIX ACCURATE 
  EXT PARAMETER                                   STEP         FIRST   
  NO.   NAME      VALUE            ERROR          SIZE      DERIVATIVE 
   1  p0           1.06720e+00   1.78195e-03   9.37067e-07  -2.70966e-06
   2  p1           2.26213e-02   1.25972e-03   6.62447e-07   1.52595e-05
SaveSource cannot open file: /home/zhangfy/nl_target/toyMC/results/data_12762.C
1.07557	0.00395339
1.07481	0.00353628
1.07642	0.00351221
1.07717	0.00350194
1.07901	0.00341909
1.09132	0.00327517
1.12464	0.00351691
1.15212	0.00503606
 FCN=3.62795 FROM MIGRAD    STATUS=CONVERGED      36 CALLS          37 TOTAL
                     EDM=1.24407e-15    STRATEGY= 1      ERROR MATRIX ACCURATE 
  EXT PARAMETER                                   STEP         FIRST   
  NO.   NAME      VALUE            ERROR          SIZE      DERIVATIVE 
   1  p0           1.06824e+00   1.78405e-03   1.34980e-06  -3.33773e-05
   2  p1           2.24229e-02   1.26119e-03   9.54209e-07  -5.29451e-05
SaveSource cannot open file: /home/zhangfy/nl_target/toyMC/results/data_12763.C
1.06778	0.00392473
1.07355	0.00353215
1.07703	0.00351418
1.07761	0.00350336
1.07773	0.00341505
1.09234	0.00327823
1.12254	0.00351035
1.14992	0.00502647
 FCN=2.85461 FROM MIGRAD    STATUS=CONVERGED      36 CALLS          37 TOTAL
                     EDM=1.97214e-16    STRATEGY= 1      ERROR MATRIX ACCURATE 
  EXT PARAMETER                                   STEP         FIRST   
  NO.   NAME      VALUE            ERROR          SIZE      DERIVATIVE 
   1  p0           1.06693e+00   1.78111e-03   1.23040e-06  -6.17317e-06
   2  p1           2.24380e-02   1.25866e-03   8.69491e-07  -2.05256e-05
SaveSource cannot open file: /home/zhangfy/nl_target/toyMC/results/data_12764.C
1.07233	0.00394148
1.06849	0.00351549
1.0792	0.00352127
1.07729	0.00350231
1.07846	0.00341736
1.09148	0.00327565
1.11592	0.00348964
1.14949	0.00502457
 FCN=6.27968 FROM MIGRAD    STATUS=CONVERGED      36 CALLS          37 TOTAL
                     EDM=1.63601e-14    STRATEGY= 1      ERROR MATRIX ACCURATE 
  EXT PARAMETER                                   STEP         FIRST   
  NO.   NAME      VALUE            ERROR          SIZE      DERIVATIVE 
   1  p0           1.06748e+00   1.78122e-03   1.68955e-06   5.80822e-05
   2  p1           2.09703e-02   1.25639e-03   1.19173e-06  -7.40535e-05
SaveSource cannot open file: /home/zhangfy/nl_target/toyMC/results/data_12765.C
1.06769	0.0039244
1.07331	0.00353134
1.0731	0.00350138
1.08045	0.00351257
1.0755	0.00340797
1.09611	0.00328953
1.12199	0.00350864
1.14738	0.00501535
 FCN=5.77847 FROM MIGRAD    STATUS=CONVERGED      36 CALLS          37 TOTAL
                     EDM=4.49609e-16    STRATEGY= 1      ERROR MATRIX ACCURATE 
  EXT PARAMETER                                   STEP         FIRST   
  NO.   NAME      VALUE            ERROR          SIZE      DERIVATIVE 
   1  p0           1.06691e+00   1.78003e-03   1.63138e-06  -9.36152e-06
   2  p1           2.22826e-02   1.25696e-03   1.15200e-06   1.26712e-05
SaveSource cannot open file: /home/zhangfy/nl_target/toyMC/results/data_12766.C
1.07541	0.0039528
1.07577	0.00353944
1.07164	0.00349661
1.07838	0.00350584
1.08317	0.00343229
1.09121	0.00327482
1.11779	0.0034955
1.14856	0.0050205
 FCN=3.43927 FROM MIGRAD    STATUS=CONVERGED      36 CALLS          37 TOTAL
                     EDM=8.88711e-17    STRATEGY= 1      ERROR MATRIX ACCURATE 
  EXT PARAMETER                                   STEP         FIRST   
  NO.   NAME      VALUE            ERROR          SIZE      DERIVATIVE 
   1  p0           1.06910e+00   1.78339e-03   1.32089e-06  -2.61231e-06
   2  p1           2.05779e-02   1.25703e-03   9.31033e-07   7.69258e-06
SaveSource cannot open file: /home/zhangfy/nl_target/toyMC/results/data_12767.C
1.0643	0.00391197
1.06959	0.00351911
1.07606	0.00351101
1.07814	0.00350508
1.08074	0.00342459
1.09197	0.00327712
1.12135	0.00350664
1.14497	0.00500482
 FCN=3.20558 FROM MIGRAD    STATUS=CONVERGED      36 CALLS          37 TOTAL
                     EDM=2.47536e-17    STRATEGY= 1      ERROR MATRIX ACCURATE 
  EXT PARAMETER                                   STEP         FIRST   
  NO.   NAME      VALUE            ERROR          SIZE      DERIVATIVE 
   1  p0           1.06632e+00   1.77850e-03   1.28394e-06   2.62349e-06
   2  p1           2.19680e-02   1.25515e-03   9.06124e-07   7.49972e-06
SaveSource cannot open file: /home/zhangfy/nl_target/toyMC/results/data_12768.C
1.07565	0.00395367
1.06603	0.00350741
1.0713	0.00349549
1.07654	0.00349987
1.07788	0.00341552
1.08792	0.00326497
1.12052	0.00350403
1.14746	0.00501569
 FCN=5.0373 FROM MIGRAD    STATUS=CONVERGED      36 CALLS          37 TOTAL
                     EDM=3.49838e-16    STRATEGY= 1      ERROR MATRIX ACCURATE 
  EXT PARAMETER                                   STEP         FIRST   
  NO.   NAME      VALUE            ERROR          SIZE      DERIVATIVE 
   1  p0           1.06500e+00   1.77803e-03   1.53679e-06   2.01702e-06
   2  p1           2.21915e-02   1.25631e-03   1.08586e-06  -1.89743e-05
SaveSource cannot open file: /home/zhangfy/nl_target/toyMC/results/data_12769.C
1.07113	0.00393705
1.0684	0.0035152
1.07342	0.00350239
1.08312	0.00352126
1.08014	0.00342268
1.09105	0.00327435
1.11823	0.00349686
1.14128	0.00498871
 FCN=3.06328 FROM MIGRAD    STATUS=CONVERGED      36 CALLS          37 TOTAL
                     EDM=2.23614e-17    STRATEGY= 1      ERROR MATRIX ACCURATE 
  EXT PARAMETER                                   STEP         FIRST   
  NO.   NAME      VALUE            ERROR          SIZE      DERIVATIVE 
   1  p0           1.06803e+00   1.77972e-03   1.26206e-06   5.14046e-06
   2  p1           2.02223e-02   1.25272e-03   8.88354e-07   5.96632e-06
SaveSource cannot open file: /home/zhangfy/nl_target/toyMC/results/data_12770.C
1.06599	0.00391818
1.07281	0.00352971
1.07546	0.00350906
1.07658	0.0035
1.08047	0.00342373
1.09347	0.00328161
1.11358	0.00348233
1.14667	0.00501226
 FCN=5.35318 FROM MIGRAD    STATUS=CONVERGED      36 CALLS          37 TOTAL
                     EDM=1.16799e-16    STRATEGY= 1      ERROR MATRIX ACCURATE 
  EXT PARAMETER                                   STEP         FIRST   
  NO.   NAME      VALUE            ERROR          SIZE      DERIVATIVE 
   1  p0           1.06736e+00   1.77973e-03   1.57750e-06   3.51893e-06
   2  p1           2.04717e-02   1.25383e-03   1.11136e-06  -8.18160e-06
SaveSource cannot open file: /home/zhangfy/nl_target/toyMC/results/data_12771.C
1.06754	0.00392387
1.0677	0.00351291
1.07297	0.00350093
1.07566	0.003497
1.08357	0.00343354
1.0961	0.00328951
1.1222	0.00350928
1.14298	0.00499611
 FCN=6.05052 FROM MIGRAD    STATUS=CONVERGED      36 CALLS          37 TOTAL
                     EDM=1.34541e-15    STRATEGY= 1      ERROR MATRIX ACCURATE 
  EXT PARAMETER                                   STEP         FIRST   
  NO.   NAME      VALUE            ERROR          SIZE      DERIVATIVE 
   1  p0           1.06658e+00   1.77806e-03   1.66297e-06  -5.80692e-06
   2  p1           2.20537e-02   1.25430e-03   1.17311e-06  -4.66287e-05
SaveSource cannot open file: /home/zhangfy/nl_target/toyMC/results/data_12772.C
1.06742	0.00392342
1.06939	0.00351845
1.06875	0.00348718
1.0841	0.00352445
1.08202	0.00342864
1.09489	0.00328588
1.1192	0.00349989
1.14433	0.00500205
 FCN=7.33784 FROM MIGRAD    STATUS=CONVERGED      36 CALLS          37 TOTAL
                     EDM=5.609e-16    STRATEGY= 1      ERROR MATRIX ACCURATE 
  EXT PARAMETER                                   STEP         FIRST   
  NO.   NAME      VALUE            ERROR          SIZE      DERIVATIVE 
   1  p0           1.06720e+00   1.77893e-03   1.80854e-06  -1.59425e-05
   2  p1           2.14851e-02   1.25410e-03   1.27497e-06   5.48246e-06
SaveSource cannot open file: /home/zhangfy/nl_target/toyMC/results/data_12773.C
1.07452	0.00394952
1.07477	0.00353616
1.0767	0.0035131
1.08319	0.00352149
1.08472	0.0034372
1.09293	0.00327999
1.12338	0.00351297
1.14902	0.00502253
 FCN=0.342169 FROM MIGRAD    STATUS=CONVERGED      38 CALLS          39 TOTAL
                     EDM=4.92415e-18    STRATEGY= 1      ERROR MATRIX ACCURATE 
  EXT PARAMETER                                   STEP         FIRST   
  NO.   NAME      VALUE            ERROR          SIZE      DERIVATIVE 
   1  p0           1.07093e+00   1.78620e-03   7.27866e-07   2.39858e-06
   2  p1           2.11275e-02   1.25946e-03   5.13223e-07   1.90797e-06
SaveSource cannot open file: /home/zhangfy/nl_target/toyMC/results/data_12774.C
1.06965	0.0039316
1.07501	0.00353693
1.07319	0.00350167
1.07958	0.00350974
1.08035	0.00342335
1.09329	0.00328108
1.11965	0.0035013
1.14491	0.00500456
 FCN=1.27682 FROM MIGRAD    STATUS=CONVERGED      36 CALLS          37 TOTAL
                     EDM=3.76706e-17    STRATEGY= 1      ERROR MATRIX ACCURATE 
  EXT PARAMETER                                   STEP         FIRST   
  NO.   NAME      VALUE            ERROR          SIZE      DERIVATIVE 
   1  p0           1.06843e+00   1.78140e-03   9.45607e-07   6.67438e-06
   2  p1           2.08445e-02   1.25535e-03   6.66369e-07   7.68396e-06
SaveSource cannot open file: /home/zhangfy/nl_target/toyMC/results/data_12775.C
1.0698	0.00393217
1.07234	0.00352814
1.07434	0.00350542
1.08216	0.00351813
1.08725	0.0034452
1.09412	0.00328356
1.1159	0.0034896
1.15511	0.00504913
 FCN=8.00665 FROM MIGRAD    STATUS=CONVERGED      36 CALLS          37 TOTAL
                     EDM=7.36583e-17    STRATEGY= 1      ERROR MATRIX ACCURATE 
  EXT PARAMETER                                   STEP         FIRST   
  NO.   NAME      VALUE            ERROR          SIZE      DERIVATIVE 
   1  p0           1.06918e+00   1.78425e-03   1.88315e-06  -1.33476e-06
   2  p1           2.15148e-02   1.25928e-03   1.32908e-06   8.22968e-06
SaveSource cannot open file: /home/zhangfy/nl_target/toyMC/results/data_12776.C
1.06459	0.00391303
1.07301	0.00353035
1.07639	0.0035121
1.07599	0.00349809
1.0794	0.00342033
1.09401	0.00328325
1.11221	0.00347804
1.1501	0.00502726
 FCN=9.93982 FROM MIGRAD    STATUS=CONVERGED      36 CALLS          37 TOTAL
                     EDM=1.59705e-16    STRATEGY= 1      ERROR MATRIX ACCURATE 
  EXT PARAMETER                                   STEP         FIRST   
  NO.   NAME      VALUE            ERROR          SIZE      DERIVATIVE 
   1  p0           1.06683e+00   1.77975e-03   2.06982e-06   7.83126e-06
   2  p1           2.08907e-02   1.25501e-03   1.45955e-06  -4.07715e-06
SaveSource cannot open file: /home/zhangfy/nl_target/toyMC/results/data_12777.C
1.07222	0.00394107
1.06578	0.00350659
1.07529	0.0035085
1.07696	0.00350125
1.07752	0.00341437
1.09559	0.00328797
1.1184	0.0034974
1.14322	0.00499718
 FCN=6.88709 FROM MIGRAD    STATUS=CONVERGED      36 CALLS          37 TOTAL
                     EDM=1.32159e-15    STRATEGY= 1      ERROR MATRIX ACCURATE 
  EXT PARAMETER                                   STEP         FIRST   
  NO.   NAME      VALUE            ERROR          SIZE      DERIVATIVE 
   1  p0           1.06678e+00   1.77846e-03   1.75777e-06   2.66728e-05
   2  p1           2.11484e-02   1.25353e-03   1.23895e-06  -4.39807e-06
SaveSource cannot open file: /home/zhangfy/nl_target/toyMC/results/data_12778.C
1.06782	0.00392491
1.07764	0.00354558
1.07051	0.00349291
1.08195	0.00351745
1.07886	0.00341862
1.09043	0.00327248
1.11959	0.00350112
1.13682	0.0049692
 FCN=6.28159 FROM MIGRAD    STATUS=CONVERGED      34 CALLS          35 TOTAL
                     EDM=2.13211e-15    STRATEGY= 1      ERROR MATRIX ACCURATE 
  EXT PARAMETER                                   STEP         FIRST   
  NO.   NAME      VALUE            ERROR          SIZE      DERIVATIVE 
   1  p0           1.06869e+00   1.77981e-03   1.68941e-06   7.64943e-06
   2  p1           1.94774e-02   1.25117e-03   1.18762e-06   5.91467e-05
SaveSource cannot open file: /home/zhangfy/nl_target/toyMC/results/data_12779.C
1.07088	0.00393613
1.07553	0.00353866
1.07104	0.00349464
1.07907	0.00350809
1.07579	0.0034089
1.09737	0.00329332
1.11891	0.00349901
1.14806	0.00501834
 FCN=8.09109 FROM MIGRAD    STATUS=CONVERGED      36 CALLS          37 TOTAL
                     EDM=1.62345e-15    STRATEGY= 1      ERROR MATRIX ACCURATE 
  EXT PARAMETER                                   STEP         FIRST   
  NO.   NAME      VALUE            ERROR          SIZE      DERIVATIVE 
   1  p0           1.06762e+00   1.78098e-03   1.88937e-06  -3.99460e-05
   2  p1           2.15855e-02   1.25660e-03   1.33308e-06  -1.94581e-05
SaveSource cannot open file: /home/zhangfy/nl_target/toyMC/results/data_12780.C
1.07091	0.00393624
1.06798	0.00351382
1.07483	0.00350699
1.08343	0.00352228
1.07675	0.00341194
1.0929	0.0032799
1.11988	0.00350203
1.15019	0.00502762
 FCN=5.48237 FROM MIGRAD    STATUS=CONVERGED      36 CALLS          37 TOTAL
                     EDM=1.46105e-15    STRATEGY= 1      ERROR MATRIX ACCURATE 
  EXT PARAMETER                                   STEP         FIRST   
  NO.   NAME      VALUE            ERROR          SIZE      DERIVATIVE 
   1  p0           1.06688e+00   1.78064e-03   1.59514e-06  -7.44862e-06
   2  p1           2.21564e-02   1.25771e-03   1.12669e-06   3.49911e-05
SaveSource cannot open file: /home/zhangfy/nl_target/toyMC/results/data_12781.C
1.07633	0.00395617
1.06993	0.00352022
1.07271	0.00350008
1.0802	0.00351178
1.07753	0.0034144
1.09351	0.00328174
1.11309	0.00348081
1.14827	0.00501925
 FCN=8.08906 FROM MIGRAD    STATUS=CONVERGED      36 CALLS          37 TOTAL
                     EDM=1.52732e-15    STRATEGY= 1      ERROR MATRIX ACCURATE 
  EXT PARAMETER                                   STEP         FIRST   
  NO.   NAME      VALUE            ERROR          SIZE      DERIVATIVE 
   1  p0           1.06807e+00   1.78134e-03   1.88764e-06   2.76550e-05
   2  p1           2.02117e-02   1.25494e-03   1.32983e-06  -6.53195e-06
SaveSource cannot open file: /home/zhangfy/nl_target/toyMC/results/data_12782.C
1.07375	0.0039467
1.06959	0.00351912
1.07907	0.00352084
1.07168	0.00348408
1.08087	0.00342501
1.08622	0.00325987
1.11875	0.00349849
1.14935	0.00502397
 FCN=9.5471 FROM MIGRAD    STATUS=CONVERGED      36 CALLS          37 TOTAL
                     EDM=1.24679e-15    STRATEGY= 1      ERROR MATRIX ACCURATE 
  EXT PARAMETER                                   STEP         FIRST   
  NO.   NAME      VALUE            ERROR          SIZE      DERIVATIVE 
   1  p0           1.06646e+00   1.78063e-03   2.03257e-06   2.60872e-05
   2  p1           2.14133e-02   1.25730e-03   1.43520e-06  -3.85237e-06
SaveSource cannot open file: /home/zhangfy/nl_target/toyMC/results/data_12783.C
1.06417	0.00391146
1.07514	0.00353738
1.06913	0.00348842
1.07664	0.0035002
1.08215	0.00342904
1.09335	0.00328127
1.11769	0.00349519
1.14622	0.00501029
 FCN=6.11107 FROM MIGRAD    STATUS=CONVERGED      36 CALLS          37 TOTAL
                     EDM=6.29286e-16    STRATEGY= 1      ERROR MATRIX ACCURATE 
  EXT PARAMETER                                   STEP         FIRST   
  NO.   NAME      VALUE            ERROR          SIZE      DERIVATIVE 
   1  p0           1.06625e+00   1.77835e-03   1.66893e-06  -9.33054e-06
   2  p1           2.16072e-02   1.25457e-03   1.17737e-06   1.74543e-05
SaveSource cannot open file: /home/zhangfy/nl_target/toyMC/results/data_12784.C
1.07328	0.00394497
1.07748	0.00354507
1.07438	0.00350554
1.08035	0.00351227
1.08032	0.00342324
1.09358	0.00328195
1.11723	0.00349374
1.14417	0.00500134
 FCN=2.13486 FROM MIGRAD    STATUS=CONVERGED      38 CALLS          39 TOTAL
                     EDM=4.05951e-15    STRATEGY= 1      ERROR MATRIX ACCURATE 
  EXT PARAMETER                                   STEP         FIRST   
  NO.   NAME      VALUE            ERROR          SIZE      DERIVATIVE 
   1  p0           1.07034e+00   1.78377e-03   1.11025e-06   9.20495e-06
   2  p1           1.95555e-02   1.25485e-03   7.81039e-07  -6.21040e-05
SaveSource cannot open file: /home/zhangfy/nl_target/toyMC/results/data_12785.C
1.0698	0.00393218
1.07694	0.00354329
1.08108	0.0035274
1.0755	0.0034965
1.07948	0.00342058
1.08882	0.00326764
1.12239	0.00350989
1.15073	0.00503001
 FCN=8.11218 FROM MIGRAD    STATUS=CONVERGED      36 CALLS          37 TOTAL
                     EDM=3.10998e-17    STRATEGY= 1      ERROR MATRIX ACCURATE 
  EXT PARAMETER                                   STEP         FIRST   
  NO.   NAME      VALUE            ERROR          SIZE      DERIVATIVE 
   1  p0           1.06833e+00   1.78373e-03   1.89293e-06   9.94723e-07
   2  p1           2.16703e-02   1.25974e-03   1.33686e-06   7.15534e-06
SaveSource cannot open file: /home/zhangfy/nl_target/toyMC/results/data_12786.C
1.07048	0.00393468
1.07272	0.00352941
1.07805	0.00351752
1.08798	0.00353707
1.08135	0.00342652
1.09465	0.00328515
1.11576	0.00348915
1.15093	0.00503089
 FCN=8.93924 FROM MIGRAD    STATUS=CONVERGED      36 CALLS          37 TOTAL
                     EDM=1.63256e-15    STRATEGY= 1      ERROR MATRIX ACCURATE 
  EXT PARAMETER                                   STEP         FIRST   
  NO.   NAME      VALUE            ERROR          SIZE      DERIVATIVE 
   1  p0           1.07072e+00   1.78540e-03   1.97893e-06  -8.53200e-06
   2  p1           2.03076e-02   1.25760e-03   1.39392e-06  -5.29974e-05
SaveSource cannot open file: /home/zhangfy/nl_target/toyMC/results/data_12787.C
1.0674	0.00392334
1.07243	0.00352847
1.07667	0.00351301
1.08324	0.00352167
1.07649	0.00341113
1.08554	0.0032578
1.11496	0.00348666
1.1442	0.00500146
 FCN=7.13487 FROM MIGRAD    STATUS=CONVERGED      36 CALLS          37 TOTAL
                     EDM=6.08234e-17    STRATEGY= 1      ERROR MATRIX ACCURATE 
  EXT PARAMETER                                   STEP         FIRST   
  NO.   NAME      VALUE            ERROR          SIZE      DERIVATIVE 
   1  p0           1.06742e+00   1.78001e-03   1.78408e-06   3.40396e-06
   2  p1           1.97959e-02   1.25334e-03   1.25621e-06  -4.72651e-06
SaveSource cannot open file: /home/zhangfy/nl_target/toyMC/results/data_12788.C
1.0709	0.00393621
1.06733	0.00351167
1.06895	0.00348782
1.07987	0.00351071
1.08083	0.00342488
1.09402	0.00328328
1.1214	0.00350678
1.14765	0.00501655
 FCN=3.64842 FROM MIGRAD    STATUS=CONVERGED      36 CALLS          37 TOTAL
                     EDM=6.69395e-17    STRATEGY= 1      ERROR MATRIX ACCURATE 
  EXT PARAMETER                                   STEP         FIRST   
  NO.   NAME      VALUE            ERROR          SIZE      DERIVATIVE 
   1  p0           1.06584e+00   1.77842e-03   1.35007e-06   7.87480e-06
   2  p1           2.26474e-02   1.25642e-03   9.53797e-07   1.22174e-05
SaveSource cannot open file: /home/zhangfy/nl_target/toyMC/results/data_12789.C
1.07296	0.00394379
1.07259	0.00352898
1.07158	0.00349639
1.0818	0.00351699
1.08074	0.00342457
1.0919	0.00327692
1.1252	0.00351868
1.13766	0.00497285
 FCN=5.80272 FROM MIGRAD    STATUS=CONVERGED      36 CALLS          37 TOTAL
                     EDM=7.39868e-17    STRATEGY= 1      ERROR MATRIX ACCURATE 
  EXT PARAMETER                                   STEP         FIRST   
  NO.   NAME      VALUE            ERROR          SIZE      DERIVATIVE 
   1  p0           1.06891e+00   1.78069e-03   1.63484e-06  -4.82842e-06
   2  p1           2.05798e-02   1.25348e-03   1.15081e-06   3.59652e-06
SaveSource cannot open file: /home/zhangfy/nl_target/toyMC/results/data_12790.C
1.06822	0.00392636
1.06887	0.00351674
1.06951	0.00348966
1.08281	0.00352026
1.08439	0.00343615
1.08688	0.00326183
1.12491	0.00351776
1.15394	0.00504404
 FCN=6.24044 FROM MIGRAD    STATUS=CONVERGED      36 CALLS          37 TOTAL
                     EDM=6.39966e-17    STRATEGY= 1      ERROR MATRIX ACCURATE 
  EXT PARAMETER                                   STEP         FIRST   
  NO.   NAME      VALUE            ERROR          SIZE      DERIVATIVE 
   1  p0           1.06522e+00   1.77990e-03   1.68593e-06  -3.97749e-06
   2  p1           2.39529e-02   1.26080e-03   1.19423e-06  -1.18996e-05
SaveSource cannot open file: /home/zhangfy/nl_target/toyMC/results/data_12791.C
1.07158	0.00393873
1.07248	0.00352861
1.07302	0.00350111
1.08072	0.00351346
1.08293	0.00343152
1.09096	0.00327409
1.11993	0.00350219
1.13601	0.00496565
 FCN=2.08012 FROM MIGRAD    STATUS=CONVERGED      36 CALLS          37 TOTAL
                     EDM=2.54277e-16    STRATEGY= 1      ERROR MATRIX ACCURATE 
  EXT PARAMETER                                   STEP         FIRST   
  NO.   NAME      VALUE            ERROR          SIZE      DERIVATIVE 
   1  p0           1.06946e+00   1.78051e-03   1.09932e-06   5.57071e-06
   2  p1           1.92468e-02   1.25096e-03   7.72365e-07   2.25964e-05
SaveSource cannot open file: /home/zhangfy/nl_target/toyMC/results/data_12792.C
1.07244	0.00394187
1.07227	0.00352794
1.07515	0.00350806
1.07415	0.00349209
1.0802	0.00342288
1.09395	0.00328306
1.11923	0.00349999
1.13602	0.00496571
 FCN=4.55819 FROM MIGRAD    STATUS=CONVERGED      36 CALLS          37 TOTAL
                     EDM=9.70689e-18    STRATEGY= 1      ERROR MATRIX ACCURATE 
  EXT PARAMETER                                   STEP         FIRST   
  NO.   NAME      VALUE            ERROR          SIZE      DERIVATIVE 
   1  p0           1.06872e+00   1.77953e-03   1.47600e-06  -2.51230e-06
   2  p1           1.94421e-02   1.25070e-03   1.03737e-06  -4.88241e-06
SaveSource cannot open file: /home/zhangfy/nl_target/toyMC/results/data_12793.C
1.07141	0.00393807
1.06595	0.00350715
1.07344	0.00350247
1.07799	0.00350458
1.07729	0.00341366
1.08797	0.00326511
1.12453	0.00351658
1.14441	0.00500236
 FCN=4.46428 FROM MIGRAD    STATUS=CONVERGED      36 CALLS          37 TOTAL
                     EDM=4.30847e-17    STRATEGY= 1      ERROR MATRIX ACCURATE 
  EXT PARAMETER                                   STEP         FIRST   
  NO.   NAME      VALUE            ERROR          SIZE      DERIVATIVE 
   1  p0           1.06493e+00   1.77735e-03   1.46242e-06   7.23641e-06
   2  p1           2.25575e-02   1.25590e-03   1.03336e-06   6.73635e-06
SaveSource cannot open file: /home/zhangfy/nl_target/toyMC/results/data_12794.C
1.06729	0.00392293
1.07025	0.00352127
1.07592	0.00351055
1.07548	0.00349644
1.07719	0.00341334
1.0911	0.00327451
1.11726	0.00349384
1.1437	0.00499927
 FCN=2.36056 FROM MIGRAD    STATUS=CONVERGED      36 CALLS          37 TOTAL
                     EDM=3.39887e-16    STRATEGY= 1      ERROR MATRIX ACCURATE 
  EXT PARAMETER                                   STEP         FIRST   
  NO.   NAME      VALUE            ERROR          SIZE      DERIVATIVE 
   1  p0           1.06607e+00   1.77786e-03   1.14645e-06  -6.56250e-06
   2  p1           2.09639e-02   1.25334e-03   8.08216e-07  -2.61478e-05
SaveSource cannot open file: /home/zhangfy/nl_target/toyMC/results/data_12795.C
1.06642	0.00391976
1.07395	0.00353345
1.07174	0.00349692
1.0837	0.00352315
1.08401	0.00343494
1.09063	0.00327309
1.11912	0.00349965
1.13979	0.00498216
 FCN=4.99844 FROM MIGRAD    STATUS=CONVERGED      36 CALLS          37 TOTAL
                     EDM=4.62129e-16    STRATEGY= 1      ERROR MATRIX ACCURATE 
  EXT PARAMETER                                   STEP         FIRST   
  NO.   NAME      VALUE            ERROR          SIZE      DERIVATIVE 
   1  p0           1.06890e+00   1.78044e-03   1.53425e-06  -9.76892e-06
   2  p1           1.99251e-02   1.25233e-03   1.07917e-06   1.24873e-05
SaveSource cannot open file: /home/zhangfy/nl_target/toyMC/results/data_12796.C
1.06806	0.00392578
1.06901	0.0035172
1.07033	0.00349231
1.08241	0.00351894
1.07849	0.00341747
1.09677	0.00329152
1.12188	0.0035083
1.15191	0.00503517
 FCN=5.56309 FROM MIGRAD    STATUS=CONVERGED      36 CALLS          37 TOTAL
                     EDM=4.57062e-16    STRATEGY= 1      ERROR MATRIX ACCURATE 
  EXT PARAMETER                                   STEP         FIRST   
  NO.   NAME      VALUE            ERROR          SIZE      DERIVATIVE 
   1  p0           1.06595e+00   1.77953e-03   1.60546e-06   1.64930e-05
   2  p1           2.34238e-02   1.25877e-03   1.13564e-06  -9.99127e-07
SaveSource cannot open file: /home/zhangfy/nl_target/toyMC/results/data_12797.C
1.07055	0.00393493
1.06873	0.00351627
1.0742	0.00350494
1.07958	0.00350977
1.08144	0.00342682
1.08746	0.00326357
1.11577	0.00348919
1.15108	0.00503152
 FCN=4.20825 FROM MIGRAD    STATUS=CONVERGED      36 CALLS          37 TOTAL
                     EDM=9.78327e-16    STRATEGY= 1      ERROR MATRIX ACCURATE 
  EXT PARAMETER                                   STEP         FIRST   
  NO.   NAME      VALUE            ERROR          SIZE      DERIVATIVE 
   1  p0           1.06639e+00   1.78016e-03   1.42825e-06  -1.45097e-05
   2  p1           2.14312e-02   1.25676e-03   1.00832e-06   1.76721e-05
SaveSource cannot open file: /home/zhangfy/nl_target/toyMC/results/data_12798.C
1.06803	0.00392566
1.0698	0.00351979
1.08154	0.00352889
1.08446	0.00352562
1.08639	0.00344248
1.08966	0.00327018
1.11603	0.00349
1.13822	0.00497531
 FCN=8.80192 FROM MIGRAD    STATUS=CONVERGED      36 CALLS          37 TOTAL
                     EDM=8.59824e-18    STRATEGY= 1      ERROR MATRIX ACCURATE 
  EXT PARAMETER                                   STEP         FIRST   
  NO.   NAME      VALUE            ERROR          SIZE      DERIVATIVE 
   1  p0           1.07119e+00   1.78288e-03   1.96255e-06   3.13400e-06
   2  p1           1.83039e-02   1.25109e-03   1.37716e-06   3.90185e-06
SaveSource cannot open file: /home/zhangfy/nl_target/toyMC/results/data_12799.C
