1.07119	0.00393727
1.06695	0.00351043
1.07559	0.00350948
1.07666	0.00350025
1.08309	0.00343204
1.09693	0.00329198
1.11465	0.00348568
1.14824	0.00501911
 FCN=9.10123 FROM MIGRAD    STATUS=CONVERGED      36 CALLS          37 TOTAL
                     EDM=5.43493e-16    STRATEGY= 1      ERROR MATRIX ACCURATE 
  EXT PARAMETER                                   STEP         FIRST   
  NO.   NAME      VALUE            ERROR          SIZE      DERIVATIVE 
   1  p0           1.06778e+00   1.78043e-03   1.99083e-06  -1.10508e-05
   2  p1           2.09948e-02   1.25494e-03   1.40324e-06  -3.45906e-05
SaveSource cannot open file: /home/zhangfy/nl_target/toyMC/results/data_13100.C
1.07711	0.00395903
1.07183	0.00352648
1.07299	0.00350102
1.08646	0.00353211
1.08276	0.00343099
1.08979	0.00327058
1.11798	0.00349608
1.14016	0.00498382
 FCN=5.44061 FROM MIGRAD    STATUS=CONVERGED      36 CALLS          37 TOTAL
                     EDM=1.09197e-15    STRATEGY= 1      ERROR MATRIX ACCURATE 
  EXT PARAMETER                                   STEP         FIRST   
  NO.   NAME      VALUE            ERROR          SIZE      DERIVATIVE 
   1  p0           1.07093e+00   1.78357e-03   1.59122e-06  -1.68638e-05
   2  p1           1.88366e-02   1.25301e-03   1.11788e-06   1.63909e-05
SaveSource cannot open file: /home/zhangfy/nl_target/toyMC/results/data_13101.C
1.06477	0.00391368
1.07548	0.00353848
1.07255	0.00349958
1.08559	0.0035293
1.08384	0.00343441
1.0903	0.00327209
1.11948	0.00350077
1.14323	0.00499722
 FCN=7.48172 FROM MIGRAD    STATUS=CONVERGED      36 CALLS          37 TOTAL
                     EDM=1.12018e-15    STRATEGY= 1      ERROR MATRIX ACCURATE 
  EXT PARAMETER                                   STEP         FIRST   
  NO.   NAME      VALUE            ERROR          SIZE      DERIVATIVE 
   1  p0           1.06902e+00   1.78152e-03   1.82536e-06   1.85629e-05
   2  p1           2.03965e-02   1.25428e-03   1.28515e-06  -1.43233e-05
SaveSource cannot open file: /home/zhangfy/nl_target/toyMC/results/data_13102.C
1.06144	0.00390144
1.06614	0.00350776
1.07723	0.00351485
1.07477	0.00349413
1.07848	0.00341742
1.09157	0.0032759
1.11808	0.00349639
1.1504	0.00502854
 FCN=7.61985 FROM MIGRAD    STATUS=CONVERGED      36 CALLS          37 TOTAL
                     EDM=1.31776e-16    STRATEGY= 1      ERROR MATRIX ACCURATE 
  EXT PARAMETER                                   STEP         FIRST   
  NO.   NAME      VALUE            ERROR          SIZE      DERIVATIVE 
   1  p0           1.06373e+00   1.77613e-03   1.83553e-06  -5.33841e-06
   2  p1           2.30417e-02   1.25618e-03   1.29820e-06   6.49100e-06
SaveSource cannot open file: /home/zhangfy/nl_target/toyMC/results/data_13103.C
1.06733	0.0039231
1.07569	0.00353917
1.06901	0.00348802
1.07658	0.00350001
1.08299	0.00343171
1.09194	0.00327702
1.11179	0.00347673
1.1419	0.00499138
 FCN=6.71507 FROM MIGRAD    STATUS=CONVERGED      36 CALLS          37 TOTAL
                     EDM=3.53032e-16    STRATEGY= 1      ERROR MATRIX ACCURATE 
  EXT PARAMETER                                   STEP         FIRST   
  NO.   NAME      VALUE            ERROR          SIZE      DERIVATIVE 
   1  p0           1.06767e+00   1.77879e-03   1.73716e-06  -8.69564e-06
   2  p1           1.93574e-02   1.25081e-03   1.22153e-06   1.07066e-05
SaveSource cannot open file: /home/zhangfy/nl_target/toyMC/results/data_13104.C
1.06693	0.00392163
1.07299	0.0035303
1.07403	0.0035044
1.07619	0.00349875
1.08598	0.00344119
1.09323	0.0032809
1.1211	0.00350585
1.14174	0.00499072
 FCN=4.50185 FROM MIGRAD    STATUS=CONVERGED      36 CALLS          37 TOTAL
                     EDM=3.0654e-17    STRATEGY= 1      ERROR MATRIX ACCURATE 
  EXT PARAMETER                                   STEP         FIRST   
  NO.   NAME      VALUE            ERROR          SIZE      DERIVATIVE 
   1  p0           1.06826e+00   1.78018e-03   1.46976e-06   5.92669e-06
   2  p1           2.08805e-02   1.25387e-03   1.03523e-06   4.34768e-06
SaveSource cannot open file: /home/zhangfy/nl_target/toyMC/results/data_13105.C
1.07274	0.00394296
1.07357	0.00353222
1.07285	0.00350055
1.07879	0.00350718
1.07952	0.00342073
1.09442	0.00328447
1.11243	0.00347872
1.14308	0.00499658
 FCN=4.22997 FROM MIGRAD    STATUS=CONVERGED      36 CALLS          37 TOTAL
                     EDM=9.37048e-16    STRATEGY= 1      ERROR MATRIX ACCURATE 
  EXT PARAMETER                                   STEP         FIRST   
  NO.   NAME      VALUE            ERROR          SIZE      DERIVATIVE 
   1  p0           1.06905e+00   1.78112e-03   1.43182e-06   2.10287e-05
   2  p1           1.91487e-02   1.25218e-03   1.00661e-06  -6.28670e-06
SaveSource cannot open file: /home/zhangfy/nl_target/toyMC/results/data_13106.C
1.06933	0.00393044
1.07784	0.00354625
1.07812	0.00351776
1.07987	0.00351071
1.08155	0.00342714
1.0944	0.00328442
1.12324	0.00351253
1.14607	0.00500961
 FCN=2.81553 FROM MIGRAD    STATUS=CONVERGED      36 CALLS          37 TOTAL
                     EDM=5.11437e-17    STRATEGY= 1      ERROR MATRIX ACCURATE 
  EXT PARAMETER                                   STEP         FIRST   
  NO.   NAME      VALUE            ERROR          SIZE      DERIVATIVE 
   1  p0           1.07022e+00   1.78449e-03   1.22629e-06   3.41210e-06
   2  p1           2.09901e-02   1.25771e-03   8.64294e-07  -3.88831e-06
SaveSource cannot open file: /home/zhangfy/nl_target/toyMC/results/data_13107.C
1.06986	0.0039324
1.07357	0.00353221
1.07182	0.00349718
1.08079	0.00351368
1.07919	0.00341966
1.09484	0.00328572
1.11251	0.00347899
1.14845	0.00502004
 FCN=7.22038 FROM MIGRAD    STATUS=CONVERGED      36 CALLS          37 TOTAL
                     EDM=3.34793e-16    STRATEGY= 1      ERROR MATRIX ACCURATE 
  EXT PARAMETER                                   STEP         FIRST   
  NO.   NAME      VALUE            ERROR          SIZE      DERIVATIVE 
   1  p0           1.06811e+00   1.78105e-03   1.79538e-06   1.17677e-05
   2  p1           2.03069e-02   1.25461e-03   1.26471e-06  -5.16176e-06
SaveSource cannot open file: /home/zhangfy/nl_target/toyMC/results/data_13108.C
1.07198	0.0039402
1.06533	0.00350511
1.07676	0.0035133
1.07297	0.00348828
1.08648	0.00344278
1.09076	0.00327348
1.11776	0.00349541
1.15119	0.00503202
 FCN=10.7001 FROM MIGRAD    STATUS=CONVERGED      36 CALLS          37 TOTAL
                     EDM=4.04216e-16    STRATEGY= 1      ERROR MATRIX ACCURATE 
  EXT PARAMETER                                   STEP         FIRST   
  NO.   NAME      VALUE            ERROR          SIZE      DERIVATIVE 
   1  p0           1.06641e+00   1.78009e-03   2.14191e-06   8.36383e-06
   2  p1           2.20497e-02   1.25736e-03   1.51292e-06  -1.27304e-05
SaveSource cannot open file: /home/zhangfy/nl_target/toyMC/results/data_13109.C
1.0742	0.00394834
1.07169	0.00352601
1.07616	0.00351135
1.08608	0.00353089
1.08308	0.00343198
1.09217	0.00327773
1.11974	0.0035016
1.16114	0.00507551
 FCN=8.47343 FROM MIGRAD    STATUS=CONVERGED      36 CALLS          37 TOTAL
                     EDM=3.11369e-16    STRATEGY= 1      ERROR MATRIX ACCURATE 
  EXT PARAMETER                                   STEP         FIRST   
  NO.   NAME      VALUE            ERROR          SIZE      DERIVATIVE 
   1  p0           1.06917e+00   1.78657e-03   1.93337e-06   1.03708e-05
   2  p1           2.27214e-02   1.26401e-03   1.36787e-06  -6.51264e-06
SaveSource cannot open file: /home/zhangfy/nl_target/toyMC/results/data_13110.C
1.06523	0.00391535
1.06832	0.00351492
1.07319	0.00350166
1.0743	0.00349259
1.08197	0.00342849
1.08885	0.00326774
1.11312	0.00348088
1.15516	0.00504938
 FCN=8.50247 FROM MIGRAD    STATUS=CONVERGED      36 CALLS          37 TOTAL
                     EDM=1.97206e-16    STRATEGY= 1      ERROR MATRIX ACCURATE 
  EXT PARAMETER                                   STEP         FIRST   
  NO.   NAME      VALUE            ERROR          SIZE      DERIVATIVE 
   1  p0           1.06408e+00   1.77759e-03   1.92689e-06  -7.42110e-06
   2  p1           2.24889e-02   1.25719e-03   1.36278e-06   6.59235e-06
SaveSource cannot open file: /home/zhangfy/nl_target/toyMC/results/data_13111.C
1.07525	0.00395218
1.06984	0.00351992
1.06754	0.00348322
1.07433	0.00349268
1.0777	0.00341497
1.09757	0.00329392
1.11928	0.00350017
1.14551	0.00500718
 FCN=10.9303 FROM MIGRAD    STATUS=CONVERGED      36 CALLS          37 TOTAL
                     EDM=1.63189e-15    STRATEGY= 1      ERROR MATRIX ACCURATE 
  EXT PARAMETER                                   STEP         FIRST   
  NO.   NAME      VALUE            ERROR          SIZE      DERIVATIVE 
   1  p0           1.06607e+00   1.77819e-03   2.16195e-06  -7.16474e-06
   2  p1           2.19227e-02   1.25493e-03   1.52577e-06   3.78960e-05
SaveSource cannot open file: /home/zhangfy/nl_target/toyMC/results/data_13112.C
1.07011	0.00393332
1.0711	0.00352407
1.07759	0.00351601
1.07242	0.00348647
1.07904	0.00341919
1.09084	0.00327371
1.11592	0.00348966
1.14925	0.00502355
 FCN=5.97731 FROM MIGRAD    STATUS=CONVERGED      36 CALLS          37 TOTAL
                     EDM=6.34176e-17    STRATEGY= 1      ERROR MATRIX ACCURATE 
  EXT PARAMETER                                   STEP         FIRST   
  NO.   NAME      VALUE            ERROR          SIZE      DERIVATIVE 
   1  p0           1.06640e+00   1.77982e-03   1.65287e-06  -8.26719e-06
   2  p1           2.12601e-02   1.25606e-03   1.16647e-06  -5.08823e-06
SaveSource cannot open file: /home/zhangfy/nl_target/toyMC/results/data_13113.C
1.07136	0.00393791
1.06988	0.00352006
1.07426	0.00350514
1.07816	0.00350513
1.08216	0.00342908
1.09021	0.00327183
1.11797	0.00349607
1.1524	0.0050373
 FCN=2.3801 FROM MIGRAD    STATUS=CONVERGED      36 CALLS          37 TOTAL
                     EDM=3.70049e-16    STRATEGY= 1      ERROR MATRIX ACCURATE 
  EXT PARAMETER                                   STEP         FIRST   
  NO.   NAME      VALUE            ERROR          SIZE      DERIVATIVE 
   1  p0           1.06681e+00   1.78114e-03   1.15160e-06  -1.71457e-06
   2  p1           2.19912e-02   1.25830e-03   8.13560e-07  -2.32331e-05
SaveSource cannot open file: /home/zhangfy/nl_target/toyMC/results/data_13114.C
1.06729	0.00392296
1.07575	0.00353937
1.06923	0.00348874
1.07672	0.00350045
1.08202	0.00342866
1.09388	0.00328283
1.1169	0.00349271
1.14549	0.00500709
 FCN=5.3556 FROM MIGRAD    STATUS=CONVERGED      36 CALLS          37 TOTAL
                     EDM=1.61652e-15    STRATEGY= 1      ERROR MATRIX ACCURATE 
  EXT PARAMETER                                   STEP         FIRST   
  NO.   NAME      VALUE            ERROR          SIZE      DERIVATIVE 
   1  p0           1.06720e+00   1.77945e-03   1.57831e-06   7.76442e-06
   2  p1           2.10004e-02   1.25427e-03   1.11249e-06  -3.69944e-05
SaveSource cannot open file: /home/zhangfy/nl_target/toyMC/results/data_13115.C
1.06765	0.00392427
1.0702	0.00352113
1.07135	0.00349566
1.0844	0.00352543
1.08284	0.00343123
1.0954	0.00328741
1.12333	0.00351281
1.14816	0.00501877
 FCN=4.86092 FROM MIGRAD    STATUS=CONVERGED      36 CALLS          37 TOTAL
                     EDM=3.83733e-16    STRATEGY= 1      ERROR MATRIX ACCURATE 
  EXT PARAMETER                                   STEP         FIRST   
  NO.   NAME      VALUE            ERROR          SIZE      DERIVATIVE 
   1  p0           1.06768e+00   1.78094e-03   1.51839e-06   1.59647e-05
   2  p1           2.25497e-02   1.25764e-03   1.07224e-06   8.49050e-07
SaveSource cannot open file: /home/zhangfy/nl_target/toyMC/results/data_13116.C
1.06945	0.00393088
1.07515	0.00353739
1.07952	0.00352232
1.0858	0.00352997
1.08205	0.00342873
1.08978	0.00327054
1.1135	0.00348208
1.13729	0.00497126
 FCN=4.45188 FROM MIGRAD    STATUS=CONVERGED      34 CALLS          35 TOTAL
                     EDM=1.75466e-16    STRATEGY= 1      ERROR MATRIX ACCURATE 
  EXT PARAMETER                                   STEP         FIRST   
  NO.   NAME      VALUE            ERROR          SIZE      DERIVATIVE 
   1  p0           1.07195e+00   1.78376e-03   1.46338e-06   8.85672e-06
   2  p1           1.73105e-02   1.25022e-03   1.02567e-06  -3.13474e-06
SaveSource cannot open file: /home/zhangfy/nl_target/toyMC/results/data_13117.C
1.07998	0.00396958
1.07672	0.00354257
1.06646	0.00347971
1.07827	0.0035055
1.078	0.00341591
1.09847	0.00329662
1.12001	0.00350244
1.13823	0.00497538
 FCN=18.1648 FROM MIGRAD    STATUS=CONVERGED      36 CALLS          37 TOTAL
                     EDM=4.77524e-15    STRATEGY= 1      ERROR MATRIX ACCURATE 
  EXT PARAMETER                                   STEP         FIRST   
  NO.   NAME      VALUE            ERROR          SIZE      DERIVATIVE 
   1  p0           1.06992e+00   1.78174e-03   2.74423e-06   1.44026e-05
   2  p1           1.96143e-02   1.25256e-03   1.92918e-06  -6.24061e-05
SaveSource cannot open file: /home/zhangfy/nl_target/toyMC/results/data_13118.C
1.0742	0.00394834
1.07381	0.003533
1.0753	0.00350853
1.07557	0.00349671
1.08422	0.00343562
1.09488	0.00328585
1.1183	0.00349708
1.14399	0.00500053
 FCN=3.16826 FROM MIGRAD    STATUS=CONVERGED      36 CALLS          37 TOTAL
                     EDM=5.42196e-16    STRATEGY= 1      ERROR MATRIX ACCURATE 
  EXT PARAMETER                                   STEP         FIRST   
  NO.   NAME      VALUE            ERROR          SIZE      DERIVATIVE 
   1  p0           1.06982e+00   1.78288e-03   1.28019e-06   1.69328e-05
   2  p1           2.00543e-02   1.25483e-03   9.01022e-07  -3.01885e-06
SaveSource cannot open file: /home/zhangfy/nl_target/toyMC/results/data_13119.C
1.07734	0.00395987
1.07164	0.00352586
1.07217	0.00349834
1.07334	0.00348946
1.08383	0.00343437
1.09644	0.00329053
1.12171	0.00350776
1.14566	0.00500782
 FCN=8.25291 FROM MIGRAD    STATUS=CONVERGED      36 CALLS          37 TOTAL
                     EDM=1.71549e-16    STRATEGY= 1      ERROR MATRIX ACCURATE 
  EXT PARAMETER                                   STEP         FIRST   
  NO.   NAME      VALUE            ERROR          SIZE      DERIVATIVE 
   1  p0           1.06856e+00   1.78189e-03   1.90745e-06   8.20686e-06
   2  p1           2.14005e-02   1.25654e-03   1.34508e-06  -4.05435e-06
SaveSource cannot open file: /home/zhangfy/nl_target/toyMC/results/data_13120.C
1.06903	0.00392934
1.07427	0.0035345
1.07627	0.00351172
1.08257	0.00351947
1.0797	0.0034213
1.09106	0.00327438
1.11985	0.00350193
1.14538	0.00500663
 FCN=1.94078 FROM MIGRAD    STATUS=CONVERGED      36 CALLS          37 TOTAL
                     EDM=2.35163e-16    STRATEGY= 1      ERROR MATRIX ACCURATE 
  EXT PARAMETER                                   STEP         FIRST   
  NO.   NAME      VALUE            ERROR          SIZE      DERIVATIVE 
   1  p0           1.06892e+00   1.78235e-03   1.07495e-06   5.67202e-06
   2  p1           2.06318e-02   1.25585e-03   7.57410e-07  -1.06821e-05
SaveSource cannot open file: /home/zhangfy/nl_target/toyMC/results/data_13121.C
1.06975	0.00393197
1.07652	0.00354191
1.06691	0.00348116
1.07865	0.00350674
1.08271	0.00343083
1.08842	0.00326647
1.11499	0.00348673
1.15263	0.00503833
 FCN=10.0212 FROM MIGRAD    STATUS=CONVERGED      36 CALLS          37 TOTAL
                     EDM=2.08678e-15    STRATEGY= 1      ERROR MATRIX ACCURATE 
  EXT PARAMETER                                   STEP         FIRST   
  NO.   NAME      VALUE            ERROR          SIZE      DERIVATIVE 
   1  p0           1.06646e+00   1.78060e-03   2.07794e-06   6.03748e-06
   2  p1           2.15090e-02   1.25737e-03   1.46734e-06   5.69435e-05
SaveSource cannot open file: /home/zhangfy/nl_target/toyMC/results/data_13122.C
1.07027	0.00393388
1.07011	0.00352084
1.07332	0.00350209
1.08547	0.0035289
1.07738	0.00341394
1.08846	0.00326658
1.1206	0.00350428
1.14872	0.00502123
 FCN=5.97272 FROM MIGRAD    STATUS=CONVERGED      36 CALLS          37 TOTAL
                     EDM=2.34342e-16    STRATEGY= 1      ERROR MATRIX ACCURATE 
  EXT PARAMETER                                   STEP         FIRST   
  NO.   NAME      VALUE            ERROR          SIZE      DERIVATIVE 
   1  p0           1.06692e+00   1.78070e-03   1.65392e-06  -1.04396e-05
   2  p1           2.18002e-02   1.25731e-03   1.16779e-06   3.27422e-06
SaveSource cannot open file: /home/zhangfy/nl_target/toyMC/results/data_13123.C
1.0778	0.00396155
1.07191	0.00352673
1.07943	0.00352202
1.07858	0.00350649
1.07981	0.00342165
1.08837	0.00326632
1.11766	0.00349511
1.13925	0.00497984
 FCN=4.30626 FROM MIGRAD    STATUS=CONVERGED      36 CALLS          37 TOTAL
                     EDM=6.68176e-16    STRATEGY= 1      ERROR MATRIX ACCURATE 
  EXT PARAMETER                                   STEP         FIRST   
  NO.   NAME      VALUE            ERROR          SIZE      DERIVATIVE 
   1  p0           1.07036e+00   1.78307e-03   1.44321e-06  -1.51670e-05
   2  p1           1.85674e-02   1.25267e-03   1.01390e-06   9.71263e-06
SaveSource cannot open file: /home/zhangfy/nl_target/toyMC/results/data_13124.C
1.07051	0.00393476
1.07259	0.00352897
1.08037	0.0035251
1.07568	0.00349707
1.07944	0.00342046
1.0925	0.00327871
1.11635	0.003491
1.14427	0.00500177
 FCN=4.86862 FROM MIGRAD    STATUS=CONVERGED      36 CALLS          37 TOTAL
                     EDM=4.44294e-15    STRATEGY= 1      ERROR MATRIX ACCURATE 
  EXT PARAMETER                                   STEP         FIRST   
  NO.   NAME      VALUE            ERROR          SIZE      DERIVATIVE 
   1  p0           1.06884e+00   1.78175e-03   1.51743e-06  -4.82154e-05
   2  p1           1.98949e-02   1.25420e-03   1.06815e-06   9.18196e-06
SaveSource cannot open file: /home/zhangfy/nl_target/toyMC/results/data_13125.C
1.0718	0.00393951
1.07662	0.00354223
1.07684	0.00351356
1.07756	0.0035032
1.08296	0.00343161
1.09141	0.00327542
1.11432	0.00348465
1.1415	0.00498967
 FCN=1.87691 FROM MIGRAD    STATUS=CONVERGED      38 CALLS          39 TOTAL
                     EDM=3.27072e-16    STRATEGY= 1      ERROR MATRIX ACCURATE 
  EXT PARAMETER                                   STEP         FIRST   
  NO.   NAME      VALUE            ERROR          SIZE      DERIVATIVE 
   1  p0           1.07049e+00   1.78309e-03   1.06278e-06   9.20714e-06
   2  p1           1.85436e-02   1.25250e-03   7.46530e-07  -9.01006e-06
SaveSource cannot open file: /home/zhangfy/nl_target/toyMC/results/data_13126.C
1.07369	0.00394646
1.075	0.00353691
1.07851	0.00351902
1.07309	0.00348866
1.07506	0.0034066
1.08637	0.00326029
1.11584	0.00348938
1.1512	0.00503204
 FCN=12.5501 FROM MIGRAD    STATUS=CONVERGED      36 CALLS          37 TOTAL
                     EDM=8.99888e-16    STRATEGY= 1      ERROR MATRIX ACCURATE 
  EXT PARAMETER                                   STEP         FIRST   
  NO.   NAME      VALUE            ERROR          SIZE      DERIVATIVE 
   1  p0           1.06675e+00   1.78159e-03   2.30333e-06   4.02187e-06
   2  p1           2.08693e-02   1.25765e-03   1.62596e-06  -2.95248e-05
SaveSource cannot open file: /home/zhangfy/nl_target/toyMC/results/data_13127.C
1.07288	0.00394348
1.06873	0.00351627
1.07062	0.00349327
1.07966	0.00351003
1.0802	0.00342286
1.09217	0.0032777
1.11424	0.00348439
1.14998	0.00502673
 FCN=5.43524 FROM MIGRAD    STATUS=CONVERGED      36 CALLS          37 TOTAL
                     EDM=1.01178e-16    STRATEGY= 1      ERROR MATRIX ACCURATE 
  EXT PARAMETER                                   STEP         FIRST   
  NO.   NAME      VALUE            ERROR          SIZE      DERIVATIVE 
   1  p0           1.06666e+00   1.77981e-03   1.58767e-06  -7.23753e-06
   2  p1           2.12029e-02   1.25566e-03   1.12010e-06   1.47091e-06
SaveSource cannot open file: /home/zhangfy/nl_target/toyMC/results/data_13128.C
1.0743	0.00394869
1.07311	0.0035307
1.07622	0.00351156
1.07985	0.00351065
1.07359	0.00340192
1.09167	0.00327621
1.11453	0.0034853
1.1385	0.00497654
 FCN=5.91154 FROM MIGRAD    STATUS=CONVERGED      36 CALLS          37 TOTAL
                     EDM=1.47965e-16    STRATEGY= 1      ERROR MATRIX ACCURATE 
  EXT PARAMETER                                   STEP         FIRST   
  NO.   NAME      VALUE            ERROR          SIZE      DERIVATIVE 
   1  p0           1.06904e+00   1.78063e-03   1.64512e-06   4.80904e-06
   2  p1           1.85704e-02   1.25081e-03   1.15562e-06  -8.08732e-06
SaveSource cannot open file: /home/zhangfy/nl_target/toyMC/results/data_13129.C
1.063	0.00390719
1.07134	0.00352485
1.08008	0.00352413
1.07907	0.00350811
1.08145	0.00342683
1.08839	0.00326637
1.1203	0.00350335
1.14538	0.0050066
 FCN=7.52919 FROM MIGRAD    STATUS=CONVERGED      36 CALLS          37 TOTAL
                     EDM=1.15419e-15    STRATEGY= 1      ERROR MATRIX ACCURATE 
  EXT PARAMETER                                   STEP         FIRST   
  NO.   NAME      VALUE            ERROR          SIZE      DERIVATIVE 
   1  p0           1.06717e+00   1.77998e-03   1.82880e-06   2.25347e-05
   2  p1           2.12786e-02   1.25538e-03   1.28981e-06  -8.41659e-06
SaveSource cannot open file: /home/zhangfy/nl_target/toyMC/results/data_13130.C
1.07543	0.00395287
1.07291	0.00353003
1.06942	0.00348934
1.0808	0.00351371
1.07877	0.00341836
1.09227	0.00327802
1.1162	0.00349052
1.14614	0.00500992
 FCN=5.00827 FROM MIGRAD    STATUS=CONVERGED      36 CALLS          37 TOTAL
                     EDM=1.15153e-15    STRATEGY= 1      ERROR MATRIX ACCURATE 
  EXT PARAMETER                                   STEP         FIRST   
  NO.   NAME      VALUE            ERROR          SIZE      DERIVATIVE 
   1  p0           1.06807e+00   1.78113e-03   1.53502e-06   2.48513e-05
   2  p1           2.04215e-02   1.25489e-03   1.08149e-06  -4.11447e-06
SaveSource cannot open file: /home/zhangfy/nl_target/toyMC/results/data_13131.C
1.07345	0.00394559
1.07244	0.0035285
1.06862	0.00348674
1.07817	0.00350517
1.08192	0.00342833
1.09007	0.00327139
1.11782	0.0034956
1.14934	0.00502392
 FCN=3.65894 FROM MIGRAD    STATUS=CONVERGED      36 CALLS          37 TOTAL
                     EDM=8.53294e-17    STRATEGY= 1      ERROR MATRIX ACCURATE 
  EXT PARAMETER                                   STEP         FIRST   
  NO.   NAME      VALUE            ERROR          SIZE      DERIVATIVE 
   1  p0           1.06679e+00   1.78039e-03   1.35144e-06   5.31107e-06
   2  p1           2.15310e-02   1.25671e-03   9.53934e-07  -3.65095e-06
SaveSource cannot open file: /home/zhangfy/nl_target/toyMC/results/data_13132.C
1.06722	0.0039227
1.07336	0.00353153
1.07575	0.00351002
1.07983	0.00351058
1.08479	0.00343741
1.09492	0.00328596
1.11883	0.00349875
1.14274	0.00499509
 FCN=3.27903 FROM MIGRAD    STATUS=CONVERGED      36 CALLS          37 TOTAL
                     EDM=2.45379e-16    STRATEGY= 1      ERROR MATRIX ACCURATE 
  EXT PARAMETER                                   STEP         FIRST   
  NO.   NAME      VALUE            ERROR          SIZE      DERIVATIVE 
   1  p0           1.06952e+00   1.78181e-03   1.29697e-06   5.98354e-07
   2  p1           2.02678e-02   1.25393e-03   9.12729e-07   1.82457e-05
SaveSource cannot open file: /home/zhangfy/nl_target/toyMC/results/data_13133.C
1.07281	0.00394323
1.06738	0.00351184
1.07074	0.00349368
1.07731	0.00350237
1.08572	0.00344037
1.09004	0.00327131
1.11374	0.00348283
1.13984	0.00498239
 FCN=5.66131 FROM MIGRAD    STATUS=CONVERGED      36 CALLS          37 TOTAL
                     EDM=8.79653e-16    STRATEGY= 1      ERROR MATRIX ACCURATE 
  EXT PARAMETER                                   STEP         FIRST   
  NO.   NAME      VALUE            ERROR          SIZE      DERIVATIVE 
   1  p0           1.06769e+00   1.77846e-03   1.61422e-06  -1.09659e-05
   2  p1           1.93779e-02   1.25034e-03   1.13487e-06   2.07885e-05
SaveSource cannot open file: /home/zhangfy/nl_target/toyMC/results/data_13134.C
1.06688	0.00392144
1.07427	0.00353451
1.07411	0.00350467
1.07974	0.00351029
1.07521	0.00340705
1.09003	0.00327128
1.11453	0.00348531
1.14715	0.00501433
 FCN=5.52549 FROM MIGRAD    STATUS=CONVERGED      36 CALLS          37 TOTAL
                     EDM=1.88588e-16    STRATEGY= 1      ERROR MATRIX ACCURATE 
  EXT PARAMETER                                   STEP         FIRST   
  NO.   NAME      VALUE            ERROR          SIZE      DERIVATIVE 
   1  p0           1.06662e+00   1.77942e-03   1.59790e-06  -9.47710e-06
   2  p1           2.06387e-02   1.25448e-03   1.12651e-06   2.75360e-06
SaveSource cannot open file: /home/zhangfy/nl_target/toyMC/results/data_13135.C
1.06925	0.00393016
1.06958	0.00351907
1.06884	0.00348746
1.07836	0.0035058
1.08319	0.00343235
1.09024	0.00327191
1.11953	0.00350092
1.13567	0.00496416
 FCN=4.47681 FROM MIGRAD    STATUS=CONVERGED      36 CALLS          37 TOTAL
                     EDM=3.3668e-17    STRATEGY= 1      ERROR MATRIX ACCURATE 
  EXT PARAMETER                                   STEP         FIRST   
  NO.   NAME      VALUE            ERROR          SIZE      DERIVATIVE 
   1  p0           1.06697e+00   1.77688e-03   1.46364e-06  -5.72696e-06
   2  p1           2.00836e-02   1.24983e-03   1.02950e-06  -2.70035e-06
SaveSource cannot open file: /home/zhangfy/nl_target/toyMC/results/data_13136.C
1.07433	0.00394883
1.0727	0.00352933
1.07553	0.00350929
1.08034	0.00351223
1.08822	0.00344827
1.08566	0.00325819
1.11906	0.00349947
1.1407	0.00498618
 FCN=6.25374 FROM MIGRAD    STATUS=CONVERGED      36 CALLS          37 TOTAL
                     EDM=8.93813e-17    STRATEGY= 1      ERROR MATRIX ACCURATE 
  EXT PARAMETER                                   STEP         FIRST   
  NO.   NAME      VALUE            ERROR          SIZE      DERIVATIVE 
   1  p0           1.07032e+00   1.78323e-03   1.68814e-06   4.20509e-06
   2  p1           1.90973e-02   1.25357e-03   1.18672e-06  -5.60576e-06
SaveSource cannot open file: /home/zhangfy/nl_target/toyMC/results/data_13137.C
1.06713	0.00392234
1.07716	0.00354401
1.0788	0.00351996
1.08591	0.00353032
1.07467	0.00340537
1.09406	0.00328339
1.11807	0.00349638
1.14422	0.00500153
 FCN=12.1402 FROM MIGRAD    STATUS=CONVERGED      36 CALLS          37 TOTAL
                     EDM=2.13465e-16    STRATEGY= 1      ERROR MATRIX ACCURATE 
  EXT PARAMETER                                   STEP         FIRST   
  NO.   NAME      VALUE            ERROR          SIZE      DERIVATIVE 
   1  p0           1.07006e+00   1.78337e-03   2.27308e-06   8.29926e-06
   2  p1           1.98486e-02   1.25497e-03   1.59958e-06  -5.92181e-06
SaveSource cannot open file: /home/zhangfy/nl_target/toyMC/results/data_13138.C
1.07113	0.00393704
1.07466	0.00353578
1.074	0.0035043
1.0776	0.00350333
1.08477	0.00343736
1.09443	0.00328449
1.1215	0.00350709
1.15932	0.00506754
 FCN=3.88608 FROM MIGRAD    STATUS=CONVERGED      36 CALLS          37 TOTAL
                     EDM=1.4947e-15    STRATEGY= 1      ERROR MATRIX ACCURATE 
  EXT PARAMETER                                   STEP         FIRST   
  NO.   NAME      VALUE            ERROR          SIZE      DERIVATIVE 
   1  p0           1.06787e+00   1.78439e-03   1.38764e-06   3.19952e-05
   2  p1           2.33908e-02   1.26330e-03   9.82411e-07   2.82751e-06
SaveSource cannot open file: /home/zhangfy/nl_target/toyMC/results/data_13139.C
1.06959	0.00393141
1.07459	0.00353556
1.06745	0.00348294
1.0715	0.00348348
1.0839	0.00343459
1.09101	0.00327422
1.11784	0.00349564
1.15264	0.00503835
 FCN=9.18441 FROM MIGRAD    STATUS=CONVERGED      36 CALLS          37 TOTAL
                     EDM=4.68217e-16    STRATEGY= 1      ERROR MATRIX ACCURATE 
  EXT PARAMETER                                   STEP         FIRST   
  NO.   NAME      VALUE            ERROR          SIZE      DERIVATIVE 
   1  p0           1.06515e+00   1.77894e-03   1.99707e-06   8.91707e-06
   2  p1           2.26376e-02   1.25796e-03   1.41221e-06  -1.38207e-05
SaveSource cannot open file: /home/zhangfy/nl_target/toyMC/results/data_13140.C
1.07465	0.00395
1.07449	0.00353525
1.07615	0.00351131
1.08284	0.00352035
1.08169	0.0034276
1.09195	0.00327705
1.12179	0.003508
1.14987	0.00502625
 FCN=1.06599 FROM MIGRAD    STATUS=CONVERGED      38 CALLS          39 TOTAL
                     EDM=4.92937e-17    STRATEGY= 1      ERROR MATRIX ACCURATE 
  EXT PARAMETER                                   STEP         FIRST   
  NO.   NAME      VALUE            ERROR          SIZE      DERIVATIVE 
   1  p0           1.07000e+00   1.78522e-03   9.02323e-07   2.37444e-06
   2  p1           2.11759e-02   1.25925e-03   6.36475e-07  -5.16758e-06
SaveSource cannot open file: /home/zhangfy/nl_target/toyMC/results/data_13141.C
1.07397	0.00394748
1.07598	0.00354013
1.07549	0.00350915
1.07813	0.00350503
1.08467	0.00343704
1.09131	0.00327512
1.11799	0.00349612
1.15437	0.00504591
 FCN=4.5796 FROM MIGRAD    STATUS=CONVERGED      36 CALLS          37 TOTAL
                     EDM=3.77793e-16    STRATEGY= 1      ERROR MATRIX ACCURATE 
  EXT PARAMETER                                   STEP         FIRST   
  NO.   NAME      VALUE            ERROR          SIZE      DERIVATIVE 
   1  p0           1.06938e+00   1.78525e-03   1.48218e-06   1.70783e-05
   2  p1           2.12934e-02   1.26018e-03   1.04624e-06   3.66097e-06
SaveSource cannot open file: /home/zhangfy/nl_target/toyMC/results/data_13142.C
1.08237	0.00397837
1.07001	0.00352049
1.07476	0.00350677
1.07931	0.00350887
1.08342	0.00343307
1.0937	0.00328232
1.11795	0.00349601
1.1531	0.00504036
 FCN=10.2183 FROM MIGRAD    STATUS=CONVERGED      36 CALLS          37 TOTAL
                     EDM=1.88699e-15    STRATEGY= 1      ERROR MATRIX ACCURATE 
  EXT PARAMETER                                   STEP         FIRST   
  NO.   NAME      VALUE            ERROR          SIZE      DERIVATIVE 
   1  p0           1.06987e+00   1.78552e-03   2.10216e-06  -2.45055e-06
   2  p1           2.10517e-02   1.25967e-03   1.48306e-06   4.62938e-05
SaveSource cannot open file: /home/zhangfy/nl_target/toyMC/results/data_13143.C
1.06292	0.00390689
1.06863	0.00351597
1.07641	0.00351216
1.07769	0.00350361
1.08341	0.00343304
1.08923	0.00326889
1.11825	0.00349694
1.13688	0.00496948
 FCN=6.61986 FROM MIGRAD    STATUS=CONVERGED      36 CALLS          37 TOTAL
                     EDM=2.80127e-16    STRATEGY= 1      ERROR MATRIX ACCURATE 
  EXT PARAMETER                                   STEP         FIRST   
  NO.   NAME      VALUE            ERROR          SIZE      DERIVATIVE 
   1  p0           1.06693e+00   1.77698e-03   1.72626e-06  -1.09269e-05
   2  p1           2.00348e-02   1.24994e-03   1.21427e-06   4.50391e-06
SaveSource cannot open file: /home/zhangfy/nl_target/toyMC/results/data_13144.C
1.07153	0.00393854
1.0715	0.00352539
1.07481	0.00350695
1.07821	0.00350531
1.08658	0.0034431
1.09341	0.00328142
1.11752	0.00349465
1.14924	0.0050235
 FCN=3.56825 FROM MIGRAD    STATUS=CONVERGED      36 CALLS          37 TOTAL
                     EDM=4.14314e-16    STRATEGY= 1      ERROR MATRIX ACCURATE 
  EXT PARAMETER                                   STEP         FIRST   
  NO.   NAME      VALUE            ERROR          SIZE      DERIVATIVE 
   1  p0           1.06894e+00   1.78277e-03   1.34024e-06   9.71356e-06
   2  p1           2.09965e-02   1.25687e-03   9.44874e-07   3.01974e-05
SaveSource cannot open file: /home/zhangfy/nl_target/toyMC/results/data_13145.C
1.07083	0.00393596
1.07271	0.00352939
1.06907	0.00348822
1.07386	0.00349117
1.08412	0.00343528
1.09488	0.00328585
1.11932	0.00350027
1.14549	0.0050071
 FCN=5.9206 FROM MIGRAD    STATUS=CONVERGED      36 CALLS          37 TOTAL
                     EDM=1.43857e-16    STRATEGY= 1      ERROR MATRIX ACCURATE 
  EXT PARAMETER                                   STEP         FIRST   
  NO.   NAME      VALUE            ERROR          SIZE      DERIVATIVE 
   1  p0           1.06698e+00   1.77934e-03   1.64747e-06   3.07297e-06
   2  p1           2.15641e-02   1.25503e-03   1.16202e-06  -1.01256e-05
SaveSource cannot open file: /home/zhangfy/nl_target/toyMC/results/data_13146.C
1.07071	0.00393551
1.07199	0.003527
1.07935	0.00352177
1.08173	0.00351676
1.08418	0.00343548
1.09132	0.00327515
1.11675	0.00349223
1.14569	0.00500797
 FCN=2.8052 FROM MIGRAD    STATUS=CONVERGED      36 CALLS          37 TOTAL
                     EDM=2.15235e-15    STRATEGY= 1      ERROR MATRIX ACCURATE 
  EXT PARAMETER                                   STEP         FIRST   
  NO.   NAME      VALUE            ERROR          SIZE      DERIVATIVE 
   1  p0           1.07024e+00   1.78377e-03   1.22329e-06  -2.34083e-06
   2  p1           1.97377e-02   1.25520e-03   8.60804e-07  -5.45242e-05
SaveSource cannot open file: /home/zhangfy/nl_target/toyMC/results/data_13147.C
1.06979	0.00393215
1.07422	0.00353434
1.07309	0.00350134
1.07927	0.00350875
1.08236	0.00342972
1.09439	0.00328436
1.12006	0.00350258
1.14798	0.005018
 FCN=1.28137 FROM MIGRAD    STATUS=CONVERGED      36 CALLS          37 TOTAL
                     EDM=6.09761e-16    STRATEGY= 1      ERROR MATRIX ACCURATE 
  EXT PARAMETER                                   STEP         FIRST   
  NO.   NAME      VALUE            ERROR          SIZE      DERIVATIVE 
   1  p0           1.06839e+00   1.78202e-03   9.47030e-07  -1.23237e-05
   2  p1           2.14601e-02   1.25700e-03   6.68016e-07   1.26517e-05
SaveSource cannot open file: /home/zhangfy/nl_target/toyMC/results/data_13148.C
1.07011	0.00393331
1.06808	0.00351416
1.07248	0.00349935
1.08031	0.00351213
1.08231	0.00342955
1.08589	0.00325886
1.11393	0.00348343
1.146	0.00500931
 FCN=4.55725 FROM MIGRAD    STATUS=CONVERGED      36 CALLS          37 TOTAL
                     EDM=9.18055e-16    STRATEGY= 1      ERROR MATRIX ACCURATE 
  EXT PARAMETER                                   STEP         FIRST   
  NO.   NAME      VALUE            ERROR          SIZE      DERIVATIVE 
   1  p0           1.06647e+00   1.77880e-03   1.47404e-06  -2.07201e-05
   2  p1           2.03672e-02   1.25346e-03   1.03871e-06   6.43448e-06
SaveSource cannot open file: /home/zhangfy/nl_target/toyMC/results/data_13149.C
1.07302	0.00394399
1.07256	0.0035289
1.07035	0.00349241
1.07562	0.00349688
1.07523	0.00340713
1.09669	0.00329128
1.11238	0.00347857
1.14277	0.00499522
 FCN=10.4422 FROM MIGRAD    STATUS=CONVERGED      36 CALLS          37 TOTAL
                     EDM=3.37158e-17    STRATEGY= 1      ERROR MATRIX ACCURATE 
  EXT PARAMETER                                   STEP         FIRST   
  NO.   NAME      VALUE            ERROR          SIZE      DERIVATIVE 
   1  p0           1.06723e+00   1.77858e-03   2.11557e-06  -4.79655e-06
   2  p1           1.98135e-02   1.25158e-03   1.48871e-06  -3.75863e-07
SaveSource cannot open file: /home/zhangfy/nl_target/toyMC/results/data_13150.C
1.06943	0.00393082
1.08067	0.00355556
1.07138	0.00349574
1.08034	0.00351224
1.07796	0.00341577
1.08559	0.00325795
1.11902	0.00349935
1.13356	0.00495496
 FCN=10.0477 FROM MIGRAD    STATUS=CONVERGED      36 CALLS          37 TOTAL
                     EDM=3.52568e-15    STRATEGY= 1      ERROR MATRIX ACCURATE 
  EXT PARAMETER                                   STEP         FIRST   
  NO.   NAME      VALUE            ERROR          SIZE      DERIVATIVE 
   1  p0           1.06909e+00   1.78009e-03   2.07963e-06  -8.88125e-06
   2  p1           1.83612e-02   1.24973e-03   1.46003e-06   5.77913e-05
SaveSource cannot open file: /home/zhangfy/nl_target/toyMC/results/data_13151.C
1.07421	0.00394837
1.06516	0.00350453
1.07138	0.00349574
1.07378	0.0034909
1.08348	0.00343326
1.10282	0.00330969
1.1241	0.00351522
1.14754	0.00501607
 FCN=18.3128 FROM MIGRAD    STATUS=CONVERGED      36 CALLS          37 TOTAL
                     EDM=1.66037e-16    STRATEGY= 1      ERROR MATRIX ACCURATE 
  EXT PARAMETER                                   STEP         FIRST   
  NO.   NAME      VALUE            ERROR          SIZE      DERIVATIVE 
   1  p0           1.06684e+00   1.77945e-03   2.75591e-06  -2.52991e-06
   2  p1           2.32568e-02   1.25737e-03   1.94735e-06  -1.67387e-05
SaveSource cannot open file: /home/zhangfy/nl_target/toyMC/results/data_13152.C
1.07015	0.00393347
1.07587	0.00353976
1.07297	0.00350094
1.07926	0.00350871
1.0828	0.0034311
1.09383	0.00328268
1.12082	0.00350496
1.14576	0.0050083
 FCN=1.44487 FROM MIGRAD    STATUS=CONVERGED      36 CALLS          37 TOTAL
                     EDM=1.35485e-15    STRATEGY= 1      ERROR MATRIX ACCURATE 
  EXT PARAMETER                                   STEP         FIRST   
  NO.   NAME      VALUE            ERROR          SIZE      DERIVATIVE 
   1  p0           1.06899e+00   1.78241e-03   9.80539e-07  -3.96489e-05
   2  p1           2.10206e-02   1.25630e-03   6.91118e-07  -4.76062e-05
SaveSource cannot open file: /home/zhangfy/nl_target/toyMC/results/data_13153.C
1.0684	0.003927
1.07218	0.00352763
1.07258	0.00349968
1.08227	0.00351852
1.08488	0.00343771
1.09786	0.00329479
1.11839	0.00349738
1.14462	0.00500329
 FCN=6.14594 FROM MIGRAD    STATUS=CONVERGED      36 CALLS          37 TOTAL
                     EDM=2.7366e-17    STRATEGY= 1      ERROR MATRIX ACCURATE 
  EXT PARAMETER                                   STEP         FIRST   
  NO.   NAME      VALUE            ERROR          SIZE      DERIVATIVE 
   1  p0           1.06948e+00   1.78188e-03   1.67664e-06   5.00602e-06
   2  p1           2.06986e-02   1.25459e-03   1.18049e-06   7.84359e-06
SaveSource cannot open file: /home/zhangfy/nl_target/toyMC/results/data_13154.C
1.07451	0.00394946
1.06734	0.0035117
1.07454	0.00350606
1.08159	0.0035163
1.0869	0.0034441
1.08937	0.00326932
1.1159	0.00348959
1.14206	0.0049921
 FCN=6.42185 FROM MIGRAD    STATUS=CONVERGED      36 CALLS          37 TOTAL
                     EDM=2.57238e-15    STRATEGY= 1      ERROR MATRIX ACCURATE 
  EXT PARAMETER                                   STEP         FIRST   
  NO.   NAME      VALUE            ERROR          SIZE      DERIVATIVE 
   1  p0           1.06944e+00   1.78164e-03   1.70663e-06   3.60657e-06
   2  p1           1.93753e-02   1.25272e-03   1.19997e-06  -5.35787e-05
SaveSource cannot open file: /home/zhangfy/nl_target/toyMC/results/data_13155.C
1.0729	0.00394355
1.07546	0.00353843
1.07348	0.0035026
1.07868	0.00350682
1.08382	0.00343434
1.09434	0.00328423
1.12651	0.00352275
1.1533	0.00504124
 FCN=1.06774 FROM MIGRAD    STATUS=CONVERGED      36 CALLS          37 TOTAL
                     EDM=4.19353e-16    STRATEGY= 1      ERROR MATRIX ACCURATE 
  EXT PARAMETER                                   STEP         FIRST   
  NO.   NAME      VALUE            ERROR          SIZE      DERIVATIVE 
   1  p0           1.06861e+00   1.78440e-03   9.03124e-07   1.00286e-05
   2  p1           2.31471e-02   1.26214e-03   6.38793e-07  -1.07165e-05
SaveSource cannot open file: /home/zhangfy/nl_target/toyMC/results/data_13156.C
1.06837	0.00392693
1.07245	0.00352852
1.07425	0.00350512
1.08541	0.00352871
1.08402	0.00343498
1.09146	0.00327559
1.11772	0.00349527
1.14648	0.00501144
 FCN=4.3505 FROM MIGRAD    STATUS=CONVERGED      36 CALLS          37 TOTAL
                     EDM=3.16944e-16    STRATEGY= 1      ERROR MATRIX ACCURATE 
  EXT PARAMETER                                   STEP         FIRST   
  NO.   NAME      VALUE            ERROR          SIZE      DERIVATIVE 
   1  p0           1.06933e+00   1.78259e-03   1.45029e-06  -1.64970e-05
   2  p1           2.04610e-02   1.25550e-03   1.02145e-06  -5.40844e-06
SaveSource cannot open file: /home/zhangfy/nl_target/toyMC/results/data_13157.C
1.07664	0.00395729
1.06829	0.00351485
1.07235	0.0034989
1.08132	0.0035154
1.08402	0.00343497
1.09973	0.00330039
1.11816	0.00349664
1.13634	0.00496711
 FCN=12.1796 FROM MIGRAD    STATUS=CONVERGED      36 CALLS          37 TOTAL
                     EDM=5.45882e-15    STRATEGY= 1      ERROR MATRIX ACCURATE 
  EXT PARAMETER                                   STEP         FIRST   
  NO.   NAME      VALUE            ERROR          SIZE      DERIVATIVE 
   1  p0           1.07086e+00   1.78162e-03   2.27659e-06   3.04306e-05
   2  p1           1.90681e-02   1.25062e-03   1.59806e-06   1.07530e-04
SaveSource cannot open file: /home/zhangfy/nl_target/toyMC/results/data_13158.C
1.0739	0.00394723
1.08025	0.00355417
1.07944	0.00352207
1.08034	0.00351223
1.08683	0.00344388
1.09764	0.00329412
1.11712	0.0034934
1.14679	0.00501277
 FCN=4.24468 FROM MIGRAD    STATUS=CONVERGED      36 CALLS          37 TOTAL
                     EDM=8.0414e-16    STRATEGY= 1      ERROR MATRIX ACCURATE 
  EXT PARAMETER                                   STEP         FIRST   
  NO.   NAME      VALUE            ERROR          SIZE      DERIVATIVE 
   1  p0           1.07372e+00   1.78860e-03   1.43975e-06   2.13832e-05
   2  p1           1.89654e-02   1.25691e-03   1.01176e-06  -2.07832e-06
SaveSource cannot open file: /home/zhangfy/nl_target/toyMC/results/data_13159.C
1.07603	0.00395506
1.07574	0.00353935
1.06946	0.00348949
1.08646	0.00353211
1.0791	0.00341939
1.08993	0.00327098
1.11687	0.00349263
1.15039	0.0050285
 FCN=10.8376 FROM MIGRAD    STATUS=CONVERGED      36 CALLS          37 TOTAL
                     EDM=4.45549e-16    STRATEGY= 1      ERROR MATRIX ACCURATE 
  EXT PARAMETER                                   STEP         FIRST   
  NO.   NAME      VALUE            ERROR          SIZE      DERIVATIVE 
   1  p0           1.06919e+00   1.78398e-03   2.15709e-06  -2.08962e-05
   2  p1           2.05471e-02   1.25771e-03   1.52076e-06  -1.01739e-05
SaveSource cannot open file: /home/zhangfy/nl_target/toyMC/results/data_13160.C
1.06586	0.00391768
1.07886	0.0035496
1.07001	0.00349129
1.08113	0.0035148
1.07897	0.00341898
1.097	0.00329222
1.11471	0.00348587
1.14312	0.00499673
 FCN=12.2345 FROM MIGRAD    STATUS=CONVERGED      36 CALLS          37 TOTAL
                     EDM=8.83925e-17    STRATEGY= 1      ERROR MATRIX ACCURATE 
  EXT PARAMETER                                   STEP         FIRST   
  NO.   NAME      VALUE            ERROR          SIZE      DERIVATIVE 
   1  p0           1.06885e+00   1.78071e-03   2.27873e-06  -1.02120e-05
   2  p1           1.98636e-02   1.25268e-03   1.60303e-06  -8.25277e-06
SaveSource cannot open file: /home/zhangfy/nl_target/toyMC/results/data_13161.C
1.06669	0.00392074
1.07664	0.00354232
1.07259	0.00349971
1.07928	0.00350879
1.07598	0.00340949
1.0915	0.0032757
1.11286	0.00348007
1.15534	0.00505013
 FCN=12.651 FROM MIGRAD    STATUS=CONVERGED      36 CALLS          37 TOTAL
                     EDM=8.17399e-15    STRATEGY= 1      ERROR MATRIX ACCURATE 
  EXT PARAMETER                                   STEP         FIRST   
  NO.   NAME      VALUE            ERROR          SIZE      DERIVATIVE 
   1  p0           1.06632e+00   1.78087e-03   2.31249e-06   6.41410e-06
   2  p1           2.16070e-02   1.25807e-03   1.63362e-06  -9.51181e-05
SaveSource cannot open file: /home/zhangfy/nl_target/toyMC/results/data_13162.C
1.07092	0.0039363
1.0733	0.00353133
1.07038	0.00349248
1.0856	0.00352933
1.08217	0.00342912
1.0906	0.003273
1.11591	0.00348962
1.15281	0.00503907
 FCN=8.33775 FROM MIGRAD    STATUS=CONVERGED      36 CALLS          37 TOTAL
                     EDM=8.27674e-17    STRATEGY= 1      ERROR MATRIX ACCURATE 
  EXT PARAMETER                                   STEP         FIRST   
  NO.   NAME      VALUE            ERROR          SIZE      DERIVATIVE 
   1  p0           1.06819e+00   1.78275e-03   1.91530e-06   1.75289e-06
   2  p1           2.12705e-02   1.25805e-03   1.35159e-06  -8.34564e-06
SaveSource cannot open file: /home/zhangfy/nl_target/toyMC/results/data_13163.C
1.0784	0.00396379
1.0712	0.00352439
1.07252	0.00349947
1.07865	0.00350674
1.0812	0.00342605
1.09037	0.0032723
1.11827	0.003497
1.15136	0.00503275
 FCN=5.45327 FROM MIGRAD    STATUS=CONVERGED      36 CALLS          37 TOTAL
                     EDM=1.24843e-16    STRATEGY= 1      ERROR MATRIX ACCURATE 
  EXT PARAMETER                                   STEP         FIRST   
  NO.   NAME      VALUE            ERROR          SIZE      DERIVATIVE 
   1  p0           1.06807e+00   1.78290e-03   1.59213e-06  -4.34152e-06
   2  p1           2.13211e-02   1.25846e-03   1.12380e-06   7.48053e-06
SaveSource cannot open file: /home/zhangfy/nl_target/toyMC/results/data_13164.C
1.07303	0.00394402
1.07207	0.00352726
1.07645	0.00351229
1.08227	0.00351852
1.07848	0.00341742
1.09085	0.00327375
1.11314	0.00348097
1.15091	0.00503077
 FCN=7.09393 FROM MIGRAD    STATUS=CONVERGED      36 CALLS          37 TOTAL
                     EDM=1.4127e-15    STRATEGY= 1      ERROR MATRIX ACCURATE 
  EXT PARAMETER                                   STEP         FIRST   
  NO.   NAME      VALUE            ERROR          SIZE      DERIVATIVE 
   1  p0           1.06872e+00   1.78304e-03   1.78233e-06  -9.81079e-06
   2  p1           2.01832e-02   1.25653e-03   1.25603e-06   3.14320e-05
SaveSource cannot open file: /home/zhangfy/nl_target/toyMC/results/data_13165.C
1.07218	0.00394093
1.06908	0.00351742
1.07146	0.00349602
1.07637	0.00349931
1.07332	0.00340106
1.09258	0.00327895
1.11365	0.00348254
1.15747	0.00505946
 FCN=12.5824 FROM MIGRAD    STATUS=CONVERGED      36 CALLS          37 TOTAL
                     EDM=1.56942e-16    STRATEGY= 1      ERROR MATRIX ACCURATE 
  EXT PARAMETER                                   STEP         FIRST   
  NO.   NAME      VALUE            ERROR          SIZE      DERIVATIVE 
   1  p0           1.06422e+00   1.77870e-03   2.30467e-06  -4.10624e-06
   2  p1           2.28015e-02   1.25894e-03   1.63122e-06  -1.74644e-05
SaveSource cannot open file: /home/zhangfy/nl_target/toyMC/results/data_13166.C
1.0726	0.00394244
1.0717	0.00352604
1.07667	0.00351302
1.07777	0.00350388
1.0799	0.00342193
1.09295	0.00328006
1.11983	0.00350189
1.14838	0.00501972
 FCN=1.48774 FROM MIGRAD    STATUS=CONVERGED      36 CALLS          37 TOTAL
                     EDM=3.25572e-16    STRATEGY= 1      ERROR MATRIX ACCURATE 
  EXT PARAMETER                                   STEP         FIRST   
  NO.   NAME      VALUE            ERROR          SIZE      DERIVATIVE 
   1  p0           1.06817e+00   1.78212e-03   9.88643e-07   6.50862e-06
   2  p1           2.13531e-02   1.25729e-03   6.97488e-07  -1.27777e-05
SaveSource cannot open file: /home/zhangfy/nl_target/toyMC/results/data_13167.C
1.07415	0.00394814
1.07057	0.00352235
1.08021	0.00352455
1.08572	0.00352972
1.08226	0.00342939
1.09235	0.00327826
1.11523	0.0034875
1.15188	0.00503504
 FCN=8.74314 FROM MIGRAD    STATUS=CONVERGED      36 CALLS          37 TOTAL
                     EDM=9.22794e-16    STRATEGY= 1      ERROR MATRIX ACCURATE 
  EXT PARAMETER                                   STEP         FIRST   
  NO.   NAME      VALUE            ERROR          SIZE      DERIVATIVE 
   1  p0           1.07077e+00   1.78596e-03   1.95907e-06   4.69009e-06
   2  p1           2.01213e-02   1.25811e-03   1.38006e-06  -2.91863e-05
SaveSource cannot open file: /home/zhangfy/nl_target/toyMC/results/data_13168.C
1.07896	0.00396584
1.07022	0.00352117
1.06988	0.00349085
1.08121	0.00351504
1.08236	0.00342972
1.09465	0.00328516
1.1249	0.00351772
1.15644	0.00505496
 FCN=6.78224 FROM MIGRAD    STATUS=CONVERGED      36 CALLS          37 TOTAL
                     EDM=4.37255e-15    STRATEGY= 1      ERROR MATRIX ACCURATE 
  EXT PARAMETER                                   STEP         FIRST   
  NO.   NAME      VALUE            ERROR          SIZE      DERIVATIVE 
   1  p0           1.06777e+00   1.78392e-03   1.75145e-06   6.69131e-06
   2  p1           2.36178e-02   1.26301e-03   1.24003e-06  -6.71761e-05
SaveSource cannot open file: /home/zhangfy/nl_target/toyMC/results/data_13169.C
1.06904	0.00392938
1.06903	0.00351726
1.0795	0.00352223
1.08006	0.00351132
1.08134	0.00342647
1.09221	0.00327783
1.11631	0.00349085
1.14335	0.00499774
 FCN=4.21431 FROM MIGRAD    STATUS=CONVERGED      36 CALLS          37 TOTAL
                     EDM=2.10588e-16    STRATEGY= 1      ERROR MATRIX ACCURATE 
  EXT PARAMETER                                   STEP         FIRST   
  NO.   NAME      VALUE            ERROR          SIZE      DERIVATIVE 
   1  p0           1.06880e+00   1.78110e-03   1.43034e-06   1.53997e-05
   2  p1           1.99289e-02   1.25338e-03   1.00655e-06   1.07454e-05
SaveSource cannot open file: /home/zhangfy/nl_target/toyMC/results/data_13170.C
1.06854	0.00392754
1.07011	0.00352083
1.07342	0.00350242
1.07474	0.00349402
1.07521	0.00340707
1.09088	0.00327384
1.12268	0.00351079
1.15128	0.00503242
 FCN=2.26488 FROM MIGRAD    STATUS=CONVERGED      36 CALLS          37 TOTAL
                     EDM=6.79114e-17    STRATEGY= 1      ERROR MATRIX ACCURATE 
  EXT PARAMETER                                   STEP         FIRST   
  NO.   NAME      VALUE            ERROR          SIZE      DERIVATIVE 
   1  p0           1.06413e+00   1.77787e-03   1.13057e-06   3.71085e-06
   2  p1           2.35482e-02   1.25876e-03   8.00462e-07  -4.81975e-06
SaveSource cannot open file: /home/zhangfy/nl_target/toyMC/results/data_13171.C
1.06532	0.0039157
1.07422	0.00353436
1.07175	0.00349697
1.07454	0.00349337
1.08934	0.00345182
1.09221	0.00327784
1.11827	0.00349699
1.14828	0.00501929
 FCN=10.2338 FROM MIGRAD    STATUS=CONVERGED      36 CALLS          37 TOTAL
                     EDM=2.63275e-16    STRATEGY= 1      ERROR MATRIX ACCURATE 
  EXT PARAMETER                                   STEP         FIRST   
  NO.   NAME      VALUE            ERROR          SIZE      DERIVATIVE 
   1  p0           1.06737e+00   1.78037e-03   2.09979e-06   8.46393e-06
   2  p1           2.15979e-02   1.25606e-03   1.48141e-06  -7.77615e-06
SaveSource cannot open file: /home/zhangfy/nl_target/toyMC/results/data_13172.C
1.0706	0.00393512
1.07023	0.00352123
1.07749	0.0035157
1.07533	0.00349593
1.078	0.00341589
1.09373	0.00328239
1.10933	0.00346903
1.15102	0.00503126
 FCN=13.0434 FROM MIGRAD    STATUS=CONVERGED      36 CALLS          37 TOTAL
                     EDM=1.23357e-15    STRATEGY= 1      ERROR MATRIX ACCURATE 
  EXT PARAMETER                                   STEP         FIRST   
  NO.   NAME      VALUE            ERROR          SIZE      DERIVATIVE 
   1  p0           1.06724e+00   1.78051e-03   2.34461e-06   2.92446e-05
   2  p1           2.02294e-02   1.25481e-03   1.65236e-06   2.83006e-06
SaveSource cannot open file: /home/zhangfy/nl_target/toyMC/results/data_13173.C
1.07824	0.0039632
1.07189	0.00352669
1.07129	0.00349547
1.07509	0.00349516
1.08233	0.00342962
1.08886	0.00326779
1.11532	0.00348778
1.14417	0.00500133
 FCN=5.89628 FROM MIGRAD    STATUS=CONVERGED      36 CALLS          37 TOTAL
                     EDM=6.46842e-16    STRATEGY= 1      ERROR MATRIX ACCURATE 
  EXT PARAMETER                                   STEP         FIRST   
  NO.   NAME      VALUE            ERROR          SIZE      DERIVATIVE 
   1  p0           1.06813e+00   1.78099e-03   1.64363e-06  -1.59424e-05
   2  p1           1.97336e-02   1.25379e-03   1.15709e-06   7.88513e-06
SaveSource cannot open file: /home/zhangfy/nl_target/toyMC/results/data_13174.C
1.0752	0.00395202
1.06738	0.00351183
1.07876	0.00351984
1.08139	0.00351566
1.0813	0.00342637
1.08728	0.00326303
1.11631	0.00349088
1.15265	0.00503841
 FCN=10.0158 FROM MIGRAD    STATUS=CONVERGED      36 CALLS          37 TOTAL
                     EDM=4.28289e-16    STRATEGY= 1      ERROR MATRIX ACCURATE 
  EXT PARAMETER                                   STEP         FIRST   
  NO.   NAME      VALUE            ERROR          SIZE      DERIVATIVE 
   1  p0           1.06807e+00   1.78308e-03   2.07962e-06   1.53004e-05
   2  p1           2.10319e-02   1.25838e-03   1.46765e-06   3.23010e-05
SaveSource cannot open file: /home/zhangfy/nl_target/toyMC/results/data_13175.C
1.07619	0.00395565
1.07077	0.003523
1.07764	0.00351618
1.07912	0.00350827
1.07821	0.00341658
1.08581	0.00325863
1.11624	0.00349066
1.14625	0.0050104
 FCN=6.36243 FROM MIGRAD    STATUS=CONVERGED      36 CALLS          37 TOTAL
                     EDM=6.26719e-17    STRATEGY= 1      ERROR MATRIX ACCURATE 
  EXT PARAMETER                                   STEP         FIRST   
  NO.   NAME      VALUE            ERROR          SIZE      DERIVATIVE 
   1  p0           1.06822e+00   1.78205e-03   1.69864e-06  -3.95686e-06
   2  p1           1.98803e-02   1.25535e-03   1.19659e-06   4.04900e-06
SaveSource cannot open file: /home/zhangfy/nl_target/toyMC/results/data_13176.C
1.07014	0.00393341
1.07402	0.00353368
1.06579	0.00347752
1.07463	0.00349367
1.08687	0.00344402
1.09079	0.00327356
1.11546	0.00348821
1.15296	0.00503976
 FCN=12.8431 FROM MIGRAD    STATUS=CONVERGED      36 CALLS          37 TOTAL
                     EDM=2.27859e-15    STRATEGY= 1      ERROR MATRIX ACCURATE 
  EXT PARAMETER                                   STEP         FIRST   
  NO.   NAME      VALUE            ERROR          SIZE      DERIVATIVE 
   1  p0           1.06597e+00   1.77972e-03   2.32889e-06   3.48290e-05
   2  p1           2.20577e-02   1.25738e-03   1.64537e-06  -6.07281e-06
SaveSource cannot open file: /home/zhangfy/nl_target/toyMC/results/data_13177.C
1.06713	0.00392237
1.06896	0.00351704
1.07134	0.00349561
1.07732	0.00350241
1.08064	0.00342427
1.08913	0.00326858
1.12312	0.00351215
1.14487	0.00500441
 FCN=1.11856 FROM MIGRAD    STATUS=CONVERGED      36 CALLS          37 TOTAL
                     EDM=1.49951e-17    STRATEGY= 1      ERROR MATRIX ACCURATE 
  EXT PARAMETER                                   STEP         FIRST   
  NO.   NAME      VALUE            ERROR          SIZE      DERIVATIVE 
   1  p0           1.06503e+00   1.77716e-03   9.10651e-07  -4.23457e-06
   2  p1           2.25261e-02   1.25548e-03   6.43332e-07  -3.56279e-06
SaveSource cannot open file: /home/zhangfy/nl_target/toyMC/results/data_13178.C
1.07574	0.00395399
1.07422	0.00353435
1.07233	0.00349885
1.07594	0.00349793
1.08808	0.00344785
1.09204	0.00327732
1.1166	0.00349178
1.15095	0.00503098
 FCN=8.09121 FROM MIGRAD    STATUS=CONVERGED      36 CALLS          37 TOTAL
                     EDM=9.91839e-17    STRATEGY= 1      ERROR MATRIX ACCURATE 
  EXT PARAMETER                                   STEP         FIRST   
  NO.   NAME      VALUE            ERROR          SIZE      DERIVATIVE 
   1  p0           1.06933e+00   1.78398e-03   1.89095e-06  -9.69931e-06
   2  p1           2.07441e-02   1.25778e-03   1.33320e-06  -4.32363e-06
SaveSource cannot open file: /home/zhangfy/nl_target/toyMC/results/data_13179.C
1.07317	0.00394455
1.06758	0.00351251
1.07327	0.00350192
1.07936	0.00350905
1.0811	0.00342572
1.08929	0.00326907
1.11963	0.00350126
1.14585	0.00500868
 FCN=2.11897 FROM MIGRAD    STATUS=CONVERGED      36 CALLS          37 TOTAL
                     EDM=2.13163e-16    STRATEGY= 1      ERROR MATRIX ACCURATE 
  EXT PARAMETER                                   STEP         FIRST   
  NO.   NAME      VALUE            ERROR          SIZE      DERIVATIVE 
   1  p0           1.06687e+00   1.77972e-03   1.10565e-06  -6.98793e-06
   2  p1           2.13357e-02   1.25545e-03   7.79946e-07   7.94718e-06
SaveSource cannot open file: /home/zhangfy/nl_target/toyMC/results/data_13180.C
1.07307	0.00394419
1.08141	0.00355799
1.06963	0.00349003
1.078	0.00350464
1.08629	0.00344218
1.09455	0.00328486
1.12196	0.00350853
1.14988	0.00502627
 FCN=9.0654 FROM MIGRAD    STATUS=CONVERGED      36 CALLS          37 TOTAL
                     EDM=1.55448e-15    STRATEGY= 1      ERROR MATRIX ACCURATE 
  EXT PARAMETER                                   STEP         FIRST   
  NO.   NAME      VALUE            ERROR          SIZE      DERIVATIVE 
   1  p0           1.07007e+00   1.78512e-03   1.99215e-06  -4.20873e-06
   2  p1           2.13782e-02   1.25925e-03   1.40529e-06  -4.82077e-05
SaveSource cannot open file: /home/zhangfy/nl_target/toyMC/results/data_13181.C
1.07386	0.00394709
1.07049	0.00352208
1.07497	0.00350745
1.08625	0.00353145
1.08134	0.0034265
1.09544	0.00328753
1.12099	0.00350549
1.14379	0.00499966
 FCN=4.87604 FROM MIGRAD    STATUS=CONVERGED      36 CALLS          37 TOTAL
                     EDM=2.16466e-15    STRATEGY= 1      ERROR MATRIX ACCURATE 
  EXT PARAMETER                                   STEP         FIRST   
  NO.   NAME      VALUE            ERROR          SIZE      DERIVATIVE 
   1  p0           1.07039e+00   1.78354e-03   1.52128e-06   2.12371e-05
   2  p1           2.04333e-02   1.25554e-03   1.07091e-06  -2.67678e-05
SaveSource cannot open file: /home/zhangfy/nl_target/toyMC/results/data_13182.C
1.06966	0.00393164
1.07373	0.00353273
1.07335	0.00350219
1.07958	0.00350977
1.08003	0.00342235
1.09383	0.00328269
1.12194	0.00350847
1.14185	0.00499117
 FCN=1.91172 FROM MIGRAD    STATUS=CONVERGED      36 CALLS          37 TOTAL
                     EDM=1.41598e-16    STRATEGY= 1      ERROR MATRIX ACCURATE 
  EXT PARAMETER                                   STEP         FIRST   
  NO.   NAME      VALUE            ERROR          SIZE      DERIVATIVE 
   1  p0           1.06838e+00   1.78067e-03   1.06935e-06  -1.12516e-05
   2  p1           2.08935e-02   1.25444e-03   7.53331e-07  -4.18324e-06
SaveSource cannot open file: /home/zhangfy/nl_target/toyMC/results/data_13183.C
1.07559	0.00395347
1.07475	0.00353608
1.07981	0.00352327
1.0831	0.00352122
1.08268	0.00343072
1.0953	0.00328709
1.11893	0.00349907
1.1409	0.00498701
 FCN=1.24866 FROM MIGRAD    STATUS=CONVERGED      38 CALLS          39 TOTAL
                     EDM=1.30423e-16    STRATEGY= 1      ERROR MATRIX ACCURATE 
  EXT PARAMETER                                   STEP         FIRST   
  NO.   NAME      VALUE            ERROR          SIZE      DERIVATIVE 
   1  p0           1.07281e+00   1.78616e-03   9.41697e-07  -1.23208e-05
   2  p1           1.86689e-02   1.25422e-03   6.61246e-07  -1.46659e-05
SaveSource cannot open file: /home/zhangfy/nl_target/toyMC/results/data_13184.C
1.06554	0.00391651
1.07909	0.00355037
1.08088	0.00352676
1.07702	0.00350144
1.08815	0.00344808
1.09016	0.00327169
1.11818	0.00349671
1.14701	0.00501375
 FCN=11.5549 FROM MIGRAD    STATUS=CONVERGED      36 CALLS          37 TOTAL
                     EDM=1.32324e-15    STRATEGY= 1      ERROR MATRIX ACCURATE 
  EXT PARAMETER                                   STEP         FIRST   
  NO.   NAME      VALUE            ERROR          SIZE      DERIVATIVE 
   1  p0           1.07064e+00   1.78490e-03   2.22324e-06   2.56377e-05
   2  p1           1.99392e-02   1.25654e-03   1.56513e-06  -6.16851e-06
SaveSource cannot open file: /home/zhangfy/nl_target/toyMC/results/data_13185.C
1.07792	0.00396203
1.0714	0.00352506
1.07401	0.00350434
1.077	0.00350138
1.07717	0.00341328
1.09526	0.00328697
1.11623	0.00349061
1.14892	0.00502209
 FCN=8.27652 FROM MIGRAD    STATUS=CONVERGED      34 CALLS          35 TOTAL
                     EDM=2.534e-16    STRATEGY= 1      ERROR MATRIX ACCURATE 
  EXT PARAMETER                                   STEP         FIRST   
  NO.   NAME      VALUE            ERROR          SIZE      DERIVATIVE 
   1  p0           1.06831e+00   1.78221e-03   1.90838e-06   7.70254e-06
   2  p1           2.07729e-02   1.25654e-03   1.34550e-06  -8.51543e-06
SaveSource cannot open file: /home/zhangfy/nl_target/toyMC/results/data_13186.C
1.07043	0.00393447
1.0744	0.00353494
1.07095	0.00349434
1.07894	0.00350767
1.08447	0.00343639
1.09569	0.00328828
1.11733	0.00349406
1.15196	0.00503538
 FCN=5.46357 FROM MIGRAD    STATUS=CONVERGED      36 CALLS          37 TOTAL
                     EDM=2.60416e-16    STRATEGY= 1      ERROR MATRIX ACCURATE 
  EXT PARAMETER                                   STEP         FIRST   
  NO.   NAME      VALUE            ERROR          SIZE      DERIVATIVE 
   1  p0           1.06833e+00   1.78251e-03   1.59425e-06  -1.12286e-05
   2  p1           2.16636e-02   1.25803e-03   1.12516e-06   3.02727e-06
SaveSource cannot open file: /home/zhangfy/nl_target/toyMC/results/data_13187.C
1.06913	0.00392971
1.07255	0.00352885
1.07395	0.00350413
1.07193	0.00348488
1.0825	0.00343015
1.09638	0.00329035
1.12825	0.00352821
1.14957	0.00502495
 FCN=6.89222 FROM MIGRAD    STATUS=CONVERGED      36 CALLS          37 TOTAL
                     EDM=8.34209e-17    STRATEGY= 1      ERROR MATRIX ACCURATE 
  EXT PARAMETER                                   STEP         FIRST   
  NO.   NAME      VALUE            ERROR          SIZE      DERIVATIVE 
   1  p0           1.06633e+00   1.78034e-03   1.76191e-06  -2.44614e-06
   2  p1           2.39156e-02   1.26005e-03   1.24701e-06   7.54981e-06
SaveSource cannot open file: /home/zhangfy/nl_target/toyMC/results/data_13188.C
1.0696	0.00393142
1.06967	0.00351937
1.07163	0.00349656
1.07936	0.00350905
1.08796	0.00344745
1.09399	0.00328318
1.11481	0.00348619
1.14573	0.00500815
 FCN=7.70005 FROM MIGRAD    STATUS=CONVERGED      36 CALLS          37 TOTAL
                     EDM=4.94957e-16    STRATEGY= 1      ERROR MATRIX ACCURATE 
  EXT PARAMETER                                   STEP         FIRST   
  NO.   NAME      VALUE            ERROR          SIZE      DERIVATIVE 
   1  p0           1.06849e+00   1.78070e-03   1.84781e-06  -6.80383e-06
   2  p1           2.03895e-02   1.25375e-03   1.30099e-06   1.74087e-05
SaveSource cannot open file: /home/zhangfy/nl_target/toyMC/results/data_13189.C
1.06613	0.0039187
1.06988	0.00352006
1.07323	0.00350179
1.07222	0.00348584
1.08634	0.00344233
1.09459	0.00328498
1.12112	0.00350591
1.14646	0.00501135
 FCN=7.84558 FROM MIGRAD    STATUS=CONVERGED      36 CALLS          37 TOTAL
                     EDM=1.1753e-15    STRATEGY= 1      ERROR MATRIX ACCURATE 
  EXT PARAMETER                                   STEP         FIRST   
  NO.   NAME      VALUE            ERROR          SIZE      DERIVATIVE 
   1  p0           1.06621e+00   1.77848e-03   1.86258e-06   7.89314e-06
   2  p1           2.23800e-02   1.25573e-03   1.31511e-06   4.55028e-05
SaveSource cannot open file: /home/zhangfy/nl_target/toyMC/results/data_13190.C
1.06601	0.00391825
1.06987	0.00352003
1.06845	0.0034862
1.07973	0.00351025
1.08705	0.00344456
1.08927	0.003269
1.11109	0.00347456
1.1495	0.00502463
 FCN=12.8252 FROM MIGRAD    STATUS=CONVERGED      36 CALLS          37 TOTAL
                     EDM=3.71848e-17    STRATEGY= 1      ERROR MATRIX ACCURATE 
  EXT PARAMETER                                   STEP         FIRST   
  NO.   NAME      VALUE            ERROR          SIZE      DERIVATIVE 
   1  p0           1.06623e+00   1.77851e-03   2.32537e-06  -6.50273e-06
   2  p1           2.08071e-02   1.25387e-03   1.63941e-06  -4.61585e-06
SaveSource cannot open file: /home/zhangfy/nl_target/toyMC/results/data_13191.C
1.0719	0.0039399
1.07632	0.00354126
1.07346	0.00350255
1.0812	0.00351503
1.07798	0.00341584
1.09328	0.00328104
1.12207	0.00350887
1.13761	0.00497265
 FCN=4.75338 FROM MIGRAD    STATUS=CONVERGED      36 CALLS          37 TOTAL
                     EDM=3.07778e-17    STRATEGY= 1      ERROR MATRIX ACCURATE 
  EXT PARAMETER                                   STEP         FIRST   
  NO.   NAME      VALUE            ERROR          SIZE      DERIVATIVE 
   1  p0           1.06970e+00   1.78161e-03   1.50343e-06  -6.05537e-06
   2  p1           1.97268e-02   1.25278e-03   1.05718e-06  -6.82195e-06
SaveSource cannot open file: /home/zhangfy/nl_target/toyMC/results/data_13192.C
1.06544	0.00391614
1.07471	0.00353597
1.07007	0.00349148
1.08199	0.0035176
1.08099	0.00342536
1.08971	0.00327033
1.11724	0.00349377
1.14581	0.0050085
 FCN=4.74574 FROM MIGRAD    STATUS=CONVERGED      36 CALLS          37 TOTAL
                     EDM=2.54251e-16    STRATEGY= 1      ERROR MATRIX ACCURATE 
  EXT PARAMETER                                   STEP         FIRST   
  NO.   NAME      VALUE            ERROR          SIZE      DERIVATIVE 
   1  p0           1.06699e+00   1.77944e-03   1.50035e-06   1.52435e-05
   2  p1           2.09728e-02   1.25448e-03   1.05773e-06   6.02488e-06
SaveSource cannot open file: /home/zhangfy/nl_target/toyMC/results/data_13193.C
1.06907	0.00392948
1.07407	0.00353384
1.07269	0.00350002
1.08042	0.00351248
1.07976	0.00342147
1.09486	0.00328577
1.12251	0.00351025
1.15173	0.00503438
 FCN=1.81143 FROM MIGRAD    STATUS=CONVERGED      36 CALLS          37 TOTAL
                     EDM=4.18609e-16    STRATEGY= 1      ERROR MATRIX ACCURATE 
  EXT PARAMETER                                   STEP         FIRST   
  NO.   NAME      VALUE            ERROR          SIZE      DERIVATIVE 
   1  p0           1.06741e+00   1.78189e-03   1.05155e-06  -1.75788e-05
   2  p1           2.27422e-02   1.25954e-03   7.43296e-07  -2.87079e-06
SaveSource cannot open file: /home/zhangfy/nl_target/toyMC/results/data_13194.C
1.07102	0.00393666
1.07265	0.00352919
1.07593	0.00351061
1.07139	0.00348313
1.08283	0.00343121
1.08836	0.00326626
1.11656	0.00349165
1.14584	0.00500861
 FCN=5.54744 FROM MIGRAD    STATUS=CONVERGED      36 CALLS          37 TOTAL
                     EDM=2.06199e-16    STRATEGY= 1      ERROR MATRIX ACCURATE 
  EXT PARAMETER                                   STEP         FIRST   
  NO.   NAME      VALUE            ERROR          SIZE      DERIVATIVE 
   1  p0           1.06704e+00   1.77998e-03   1.60110e-06  -1.57474e-05
   2  p1           2.05685e-02   1.25469e-03   1.12860e-06  -1.36933e-05
SaveSource cannot open file: /home/zhangfy/nl_target/toyMC/results/data_13195.C
1.06984	0.0039323
1.07138	0.00352499
1.07576	0.00351003
1.08075	0.00351355
1.09095	0.00345693
1.09289	0.00327987
1.11978	0.00350173
1.14055	0.00498552
 FCN=7.12749 FROM MIGRAD    STATUS=CONVERGED      36 CALLS          37 TOTAL
                     EDM=1.22102e-16    STRATEGY= 1      ERROR MATRIX ACCURATE 
  EXT PARAMETER                                   STEP         FIRST   
  NO.   NAME      VALUE            ERROR          SIZE      DERIVATIVE 
   1  p0           1.07076e+00   1.78293e-03   1.78856e-06   9.95659e-06
   2  p1           1.96766e-02   1.25331e-03   1.25727e-06   1.69809e-05
SaveSource cannot open file: /home/zhangfy/nl_target/toyMC/results/data_13196.C
1.06751	0.00392375
1.06916	0.00351769
1.074	0.00350431
1.07742	0.00350274
1.08001	0.00342226
1.08765	0.00326414
1.11603	0.00348999
1.145	0.00500494
 FCN=1.179 FROM MIGRAD    STATUS=CONVERGED      36 CALLS          37 TOTAL
                     EDM=3.10207e-17    STRATEGY= 1      ERROR MATRIX ACCURATE 
  EXT PARAMETER                                   STEP         FIRST   
  NO.   NAME      VALUE            ERROR          SIZE      DERIVATIVE 
   1  p0           1.06581e+00   1.77781e-03   9.22882e-07  -5.24902e-06
   2  p1           2.08960e-02   1.25350e-03   6.50705e-07  -1.88789e-06
SaveSource cannot open file: /home/zhangfy/nl_target/toyMC/results/data_13197.C
1.06128	0.00390086
1.07678	0.00354276
1.06853	0.00348646
1.08539	0.00352866
1.0833	0.00343271
1.09254	0.00327883
1.12032	0.0035034
1.14789	0.00501757
 FCN=13.7942 FROM MIGRAD    STATUS=CONVERGED      36 CALLS          37 TOTAL
                     EDM=5.23006e-15    STRATEGY= 1      ERROR MATRIX ACCURATE 
  EXT PARAMETER                                   STEP         FIRST   
  NO.   NAME      VALUE            ERROR          SIZE      DERIVATIVE 
   1  p0           1.06738e+00   1.78031e-03   2.41048e-06   6.78988e-05
   2  p1           2.19658e-02   1.25640e-03   1.70112e-06   2.40694e-05
SaveSource cannot open file: /home/zhangfy/nl_target/toyMC/results/data_13198.C
1.06176	0.00390261
1.07289	0.00352996
1.06654	0.00347995
1.08427	0.00352501
1.08651	0.00344287
1.09089	0.00327387
1.11774	0.00349533
1.14122	0.00498845
 FCN=15.1503 FROM MIGRAD    STATUS=CONVERGED      36 CALLS          37 TOTAL
                     EDM=1.37861e-15    STRATEGY= 1      ERROR MATRIX ACCURATE 
  EXT PARAMETER                                   STEP         FIRST   
  NO.   NAME      VALUE            ERROR          SIZE      DERIVATIVE 
   1  p0           1.06711e+00   1.77786e-03   2.51519e-06   9.32252e-06
   2  p1           2.07431e-02   1.25180e-03   1.77096e-06  -3.16712e-05
SaveSource cannot open file: /home/zhangfy/nl_target/toyMC/results/data_13199.C
