1.06639	0.00391964
1.07758	0.00354541
1.07268	0.0035
1.07765	0.00350347
1.07912	0.00341944
1.09388	0.00328285
1.11957	0.00350106
1.14017	0.00498383
 FCN=5.613 FROM MIGRAD    STATUS=CONVERGED      36 CALLS          37 TOTAL
                     EDM=5.50531e-15    STRATEGY= 1      ERROR MATRIX ACCURATE 
  EXT PARAMETER                                   STEP         FIRST   
  NO.   NAME      VALUE            ERROR          SIZE      DERIVATIVE 
   1  p0           1.06824e+00   1.77989e-03   1.61047e-06  -5.08486e-05
   2  p1           2.02816e-02   1.25277e-03   1.13353e-06   1.55261e-05
SaveSource cannot open file: /home/zhangfy/nl_target/toyMC/results/data_13700.C
1.07528	0.00395232
1.07364	0.00353244
1.07221	0.00349847
1.08083	0.00351382
1.07904	0.00341919
1.08807	0.00326541
1.11322	0.00348121
1.1489	0.00502199
 FCN=6.37963 FROM MIGRAD    STATUS=CONVERGED      36 CALLS          37 TOTAL
                     EDM=7.03152e-18    STRATEGY= 1      ERROR MATRIX ACCURATE 
  EXT PARAMETER                                   STEP         FIRST   
  NO.   NAME      VALUE            ERROR          SIZE      DERIVATIVE 
   1  p0           1.06821e+00   1.78214e-03   1.70065e-06  -1.01057e-06
   2  p1           1.99081e-02   1.25555e-03   1.19813e-06  -3.79918e-06
SaveSource cannot open file: /home/zhangfy/nl_target/toyMC/results/data_13701.C
1.06992	0.00393262
1.07321	0.00353103
1.07695	0.00351392
1.07958	0.00350975
1.08453	0.00343659
1.09302	0.00328025
1.11893	0.00349905
1.14589	0.00500885
 FCN=1.23107 FROM MIGRAD    STATUS=CONVERGED      36 CALLS          37 TOTAL
                     EDM=2.03609e-16    STRATEGY= 1      ERROR MATRIX ACCURATE 
  EXT PARAMETER                                   STEP         FIRST   
  NO.   NAME      VALUE            ERROR          SIZE      DERIVATIVE 
   1  p0           1.06959e+00   1.78301e-03   9.36756e-07   2.11457e-06
   2  p1           2.04914e-02   1.25582e-03   6.59780e-07  -1.38403e-05
SaveSource cannot open file: /home/zhangfy/nl_target/toyMC/results/data_13702.C
1.07013	0.00393336
1.07905	0.00355025
1.07697	0.00351399
1.08234	0.00351873
1.07815	0.00341639
1.0867	0.0032613
1.11985	0.00350193
1.14082	0.00498669
 FCN=6.70767 FROM MIGRAD    STATUS=CONVERGED      36 CALLS          37 TOTAL
                     EDM=1.9238e-16    STRATEGY= 1      ERROR MATRIX ACCURATE 
  EXT PARAMETER                                   STEP         FIRST   
  NO.   NAME      VALUE            ERROR          SIZE      DERIVATIVE 
   1  p0           1.06989e+00   1.78308e-03   1.73970e-06   9.00203e-06
   2  p1           1.92496e-02   1.25406e-03   1.22355e-06  -3.75474e-06
SaveSource cannot open file: /home/zhangfy/nl_target/toyMC/results/data_13703.C
1.07088	0.00393614
1.07562	0.00353897
1.074	0.0035043
1.08329	0.00352182
1.08028	0.00342312
1.08747	0.00326362
1.11955	0.00350101
1.14461	0.00500323
 FCN=3.34198 FROM MIGRAD    STATUS=CONVERGED      36 CALLS          37 TOTAL
                     EDM=2.79361e-17    STRATEGY= 1      ERROR MATRIX ACCURATE 
  EXT PARAMETER                                   STEP         FIRST   
  NO.   NAME      VALUE            ERROR          SIZE      DERIVATIVE 
   1  p0           1.06892e+00   1.78244e-03   1.30571e-06  -5.04899e-06
   2  p1           2.02233e-02   1.25549e-03   9.19694e-07  -7.94315e-06
SaveSource cannot open file: /home/zhangfy/nl_target/toyMC/results/data_13704.C
1.06998	0.00393284
1.06708	0.00351084
1.07472	0.00350665
1.0749	0.00349454
1.08228	0.00342948
1.09168	0.00327624
1.1093	0.00346894
1.14763	0.00501646
 FCN=9.65604 FROM MIGRAD    STATUS=CONVERGED      36 CALLS          37 TOTAL
                     EDM=2.60695e-15    STRATEGY= 1      ERROR MATRIX ACCURATE 
  EXT PARAMETER                                   STEP         FIRST   
  NO.   NAME      VALUE            ERROR          SIZE      DERIVATIVE 
   1  p0           1.06656e+00   1.77854e-03   2.04078e-06  -1.93671e-05
   2  p1           2.00655e-02   1.25265e-03   1.43735e-06   3.50520e-05
SaveSource cannot open file: /home/zhangfy/nl_target/toyMC/results/data_13705.C
1.07214	0.00394078
1.0753	0.00353789
1.06966	0.00349014
1.07465	0.00349372
1.08375	0.00343412
1.0927	0.00327931
1.11309	0.00348079
1.14531	0.00500629
 FCN=7.14588 FROM MIGRAD    STATUS=CONVERGED      36 CALLS          37 TOTAL
                     EDM=2.03834e-16    STRATEGY= 1      ERROR MATRIX ACCURATE 
  EXT PARAMETER                                   STEP         FIRST   
  NO.   NAME      VALUE            ERROR          SIZE      DERIVATIVE 
   1  p0           1.06811e+00   1.78054e-03   1.78648e-06   8.25792e-06
   2  p1           1.98421e-02   1.25332e-03   1.25750e-06   2.18601e-05
SaveSource cannot open file: /home/zhangfy/nl_target/toyMC/results/data_13706.C
1.07712	0.00395908
1.07799	0.00354673
1.07989	0.00352351
1.07973	0.00351025
1.08179	0.00342793
1.0866	0.003261
1.11865	0.00349817
1.15009	0.00502719
 FCN=7.86331 FROM MIGRAD    STATUS=CONVERGED      36 CALLS          37 TOTAL
                     EDM=1.58412e-16    STRATEGY= 1      ERROR MATRIX ACCURATE 
  EXT PARAMETER                                   STEP         FIRST   
  NO.   NAME      VALUE            ERROR          SIZE      DERIVATIVE 
   1  p0           1.07092e+00   1.78701e-03   1.86827e-06   5.73930e-06
   2  p1           1.98105e-02   1.25902e-03   1.31627e-06  -7.20653e-06
SaveSource cannot open file: /home/zhangfy/nl_target/toyMC/results/data_13707.C
1.06868	0.00392805
1.06871	0.00351623
1.07692	0.00351383
1.08101	0.00351442
1.08337	0.00343293
1.09044	0.00327251
1.11691	0.00349274
1.14073	0.00498628
 FCN=3.12046 FROM MIGRAD    STATUS=CONVERGED      36 CALLS          37 TOTAL
                     EDM=6.78321e-15    STRATEGY= 1      ERROR MATRIX ACCURATE 
  EXT PARAMETER                                   STEP         FIRST   
  NO.   NAME      VALUE            ERROR          SIZE      DERIVATIVE 
   1  p0           1.06865e+00   1.78024e-03   1.27106e-06   6.18371e-05
   2  p1           1.97082e-02   1.25210e-03   8.93974e-07  -7.15208e-06
SaveSource cannot open file: /home/zhangfy/nl_target/toyMC/results/data_13708.C
1.06603	0.0039183
1.07923	0.00355083
1.07266	0.00349992
1.0809	0.00351404
1.08173	0.00342772
1.09267	0.00327922
1.11368	0.00348265
1.13885	0.00497805
 FCN=6.79173 FROM MIGRAD    STATUS=CONVERGED      36 CALLS          37 TOTAL
                     EDM=1.01979e-14    STRATEGY= 1      ERROR MATRIX ACCURATE 
  EXT PARAMETER                                   STEP         FIRST   
  NO.   NAME      VALUE            ERROR          SIZE      DERIVATIVE 
   1  p0           1.06993e+00   1.78125e-03   1.74802e-06  -2.97433e-05
   2  p1           1.84680e-02   1.25048e-03   1.22715e-06   8.06553e-05
SaveSource cannot open file: /home/zhangfy/nl_target/toyMC/results/data_13709.C
1.06828	0.00392657
1.07094	0.00352356
1.07543	0.00350897
1.0761	0.00349845
1.07888	0.0034187
1.09235	0.00327825
1.12511	0.00351838
1.14696	0.00501353
 FCN=2.19229 FROM MIGRAD    STATUS=CONVERGED      36 CALLS          37 TOTAL
                     EDM=1.13335e-15    STRATEGY= 1      ERROR MATRIX ACCURATE 
  EXT PARAMETER                                   STEP         FIRST   
  NO.   NAME      VALUE            ERROR          SIZE      DERIVATIVE 
   1  p0           1.06616e+00   1.77945e-03   1.11930e-06   1.92744e-05
   2  p1           2.28161e-02   1.25769e-03   7.91103e-07  -1.34515e-05
SaveSource cannot open file: /home/zhangfy/nl_target/toyMC/results/data_13710.C
1.06898	0.00392917
1.07711	0.00354385
1.06599	0.00347817
1.08019	0.00351175
1.07967	0.00342118
1.09407	0.00328341
1.11664	0.00349189
1.15054	0.00502917
 FCN=10.3422 FROM MIGRAD    STATUS=CONVERGED      36 CALLS          37 TOTAL
                     EDM=2.93135e-16    STRATEGY= 1      ERROR MATRIX ACCURATE 
  EXT PARAMETER                                   STEP         FIRST   
  NO.   NAME      VALUE            ERROR          SIZE      DERIVATIVE 
   1  p0           1.06686e+00   1.78035e-03   2.10914e-06  -1.66654e-05
   2  p1           2.17216e-02   1.25680e-03   1.48890e-06  -7.32243e-06
SaveSource cannot open file: /home/zhangfy/nl_target/toyMC/results/data_13711.C
1.07037	0.00393428
1.07039	0.00352175
1.0683	0.00348571
1.07695	0.00350122
1.08404	0.00343505
1.09538	0.00328733
1.12088	0.00350515
1.1445	0.00500276
 FCN=5.33652 FROM MIGRAD    STATUS=CONVERGED      34 CALLS          35 TOTAL
                     EDM=1.79457e-16    STRATEGY= 1      ERROR MATRIX ACCURATE 
  EXT PARAMETER                                   STEP         FIRST   
  NO.   NAME      VALUE            ERROR          SIZE      DERIVATIVE 
   1  p0           1.06686e+00   1.77884e-03   1.57665e-06   7.83879e-06
   2  p1           2.18582e-02   1.25483e-03   1.11220e-06  -5.09691e-06
SaveSource cannot open file: /home/zhangfy/nl_target/toyMC/results/data_13712.C
1.0701	0.00393328
1.07959	0.00355202
1.07595	0.00351065
1.07626	0.00349898
1.07705	0.00341288
1.0916	0.003276
1.12382	0.00351435
1.14711	0.00501416
 FCN=7.28569 FROM MIGRAD    STATUS=CONVERGED      34 CALLS          35 TOTAL
                     EDM=1.76034e-16    STRATEGY= 1      ERROR MATRIX ACCURATE 
  EXT PARAMETER                                   STEP         FIRST   
  NO.   NAME      VALUE            ERROR          SIZE      DERIVATIVE 
   1  p0           1.06822e+00   1.78263e-03   1.80477e-06   8.14594e-06
   2  p1           2.16157e-02   1.25826e-03   1.27389e-06  -4.37504e-06
SaveSource cannot open file: /home/zhangfy/nl_target/toyMC/results/data_13713.C
1.06705	0.00392206
1.06616	0.00350784
1.07302	0.00350111
1.07583	0.00349758
1.07826	0.00341671
1.09345	0.00328156
1.1181	0.00349645
1.14362	0.00499894
 FCN=3.32352 FROM MIGRAD    STATUS=CONVERGED      36 CALLS          37 TOTAL
                     EDM=4.27448e-17    STRATEGY= 1      ERROR MATRIX ACCURATE 
  EXT PARAMETER                                   STEP         FIRST   
  NO.   NAME      VALUE            ERROR          SIZE      DERIVATIVE 
   1  p0           1.06500e+00   1.77604e-03   1.30000e-06   7.15238e-06
   2  p1           2.17588e-02   1.25302e-03   9.17168e-07   6.01008e-06
SaveSource cannot open file: /home/zhangfy/nl_target/toyMC/results/data_13714.C
1.07518	0.00395195
1.075	0.0035369
1.07544	0.00350902
1.08697	0.00353378
1.08317	0.00343229
1.09111	0.00327454
1.11505	0.00348694
1.14058	0.00498565
 FCN=3.27683 FROM MIGRAD    STATUS=CONVERGED      36 CALLS          37 TOTAL
                     EDM=3.46141e-15    STRATEGY= 1      ERROR MATRIX ACCURATE 
  EXT PARAMETER                                   STEP         FIRST   
  NO.   NAME      VALUE            ERROR          SIZE      DERIVATIVE 
   1  p0           1.07231e+00   1.78523e-03   1.29729e-06  -3.88620e-05
   2  p1           1.79497e-02   1.25262e-03   9.10255e-07   1.46789e-05
SaveSource cannot open file: /home/zhangfy/nl_target/toyMC/results/data_13715.C
1.06684	0.0039213
1.07679	0.00354279
1.07448	0.00350586
1.077	0.00350136
1.08259	0.00343044
1.08844	0.00326651
1.11549	0.00348832
1.1557	0.00505171
 FCN=9.29471 FROM MIGRAD    STATUS=CONVERGED      36 CALLS          37 TOTAL
                     EDM=5.18275e-17    STRATEGY= 1      ERROR MATRIX ACCURATE 
  EXT PARAMETER                                   STEP         FIRST   
  NO.   NAME      VALUE            ERROR          SIZE      DERIVATIVE 
   1  p0           1.06699e+00   1.78221e-03   2.00971e-06   5.00502e-06
   2  p1           2.17654e-02   1.25933e-03   1.42008e-06  -1.35721e-06
SaveSource cannot open file: /home/zhangfy/nl_target/toyMC/results/data_13716.C
1.07454	0.00394961
1.06643	0.00350873
1.07258	0.00349966
1.07812	0.003505
1.07924	0.00341983
1.09741	0.00329343
1.11445	0.00348506
1.1494	0.0050242
 FCN=11.025 FROM MIGRAD    STATUS=CONVERGED      36 CALLS          37 TOTAL
                     EDM=3.02337e-16    STRATEGY= 1      ERROR MATRIX ACCURATE 
  EXT PARAMETER                                   STEP         FIRST   
  NO.   NAME      VALUE            ERROR          SIZE      DERIVATIVE 
   1  p0           1.06716e+00   1.78001e-03   2.17145e-06  -1.78355e-05
   2  p1           2.12845e-02   1.25545e-03   1.53154e-06  -1.03459e-05
SaveSource cannot open file: /home/zhangfy/nl_target/toyMC/results/data_13717.C
1.07416	0.00394818
1.06892	0.00351691
1.07226	0.00349861
1.07368	0.00349059
1.086	0.00344124
1.08961	0.00327003
1.11395	0.00348349
1.15259	0.00503811
 FCN=10.6215 FROM MIGRAD    STATUS=CONVERGED      36 CALLS          37 TOTAL
                     EDM=1.56095e-16    STRATEGY= 1      ERROR MATRIX ACCURATE 
  EXT PARAMETER                                   STEP         FIRST   
  NO.   NAME      VALUE            ERROR          SIZE      DERIVATIVE 
   1  p0           1.06663e+00   1.78060e-03   2.13382e-06  -9.85030e-06
   2  p1           2.13508e-02   1.25699e-03   1.50634e-06  -1.95167e-05
SaveSource cannot open file: /home/zhangfy/nl_target/toyMC/results/data_13718.C
1.07144	0.00393818
1.06673	0.00350969
1.07509	0.00350785
1.07804	0.00350476
1.08784	0.00344709
1.08607	0.00325942
1.11684	0.00349254
1.14067	0.00498604
 FCN=8.20595 FROM MIGRAD    STATUS=CONVERGED      36 CALLS          37 TOTAL
                     EDM=5.59246e-17    STRATEGY= 1      ERROR MATRIX ACCURATE 
  EXT PARAMETER                                   STEP         FIRST   
  NO.   NAME      VALUE            ERROR          SIZE      DERIVATIVE 
   1  p0           1.06796e+00   1.77957e-03   1.89870e-06  -1.89452e-06
   2  p1           1.97069e-02   1.25195e-03   1.33576e-06  -1.00902e-05
SaveSource cannot open file: /home/zhangfy/nl_target/toyMC/results/data_13719.C
1.06821	0.00392632
1.06896	0.00351702
1.06765	0.00348358
1.07907	0.00350811
1.07676	0.00341196
1.09553	0.0032878
1.11735	0.00349411
1.14597	0.00500921
 FCN=6.32485 FROM MIGRAD    STATUS=CONVERGED      36 CALLS          37 TOTAL
                     EDM=1.00384e-15    STRATEGY= 1      ERROR MATRIX ACCURATE 
  EXT PARAMETER                                   STEP         FIRST   
  NO.   NAME      VALUE            ERROR          SIZE      DERIVATIVE 
   1  p0           1.06509e+00   1.77661e-03   1.69265e-06   2.10612e-05
   2  p1           2.20285e-02   1.25401e-03   1.19475e-06  -7.85220e-06
SaveSource cannot open file: /home/zhangfy/nl_target/toyMC/results/data_13720.C
1.06609	0.00391853
1.06879	0.00351648
1.07407	0.00350453
1.07932	0.0035089
1.08529	0.00343899
1.10142	0.00330547
1.11319	0.00348111
1.1492	0.0050233
 FCN=18.0463 FROM MIGRAD    STATUS=CONVERGED      36 CALLS          37 TOTAL
                     EDM=3.09541e-16    STRATEGY= 1      ERROR MATRIX ACCURATE 
  EXT PARAMETER                                   STEP         FIRST   
  NO.   NAME      VALUE            ERROR          SIZE      DERIVATIVE 
   1  p0           1.06840e+00   1.78071e-03   2.73545e-06  -7.41921e-06
   2  p1           2.10741e-02   1.25470e-03   1.92741e-06   1.10227e-05
SaveSource cannot open file: /home/zhangfy/nl_target/toyMC/results/data_13721.C
1.07305	0.00394411
1.07687	0.00354308
1.076	0.00351083
1.07711	0.00350174
1.08032	0.00342325
1.09191	0.00327694
1.11247	0.00347885
1.14183	0.00499109
 FCN=3.1938 FROM MIGRAD    STATUS=CONVERGED      36 CALLS          37 TOTAL
                     EDM=1.96544e-16    STRATEGY= 1      ERROR MATRIX ACCURATE 
  EXT PARAMETER                                   STEP         FIRST   
  NO.   NAME      VALUE            ERROR          SIZE      DERIVATIVE 
   1  p0           1.07017e+00   1.78267e-03   1.28255e-06  -5.10813e-06
   2  p1           1.83401e-02   1.25207e-03   9.00803e-07   9.89436e-06
SaveSource cannot open file: /home/zhangfy/nl_target/toyMC/results/data_13722.C
1.0777	0.00396119
1.07654	0.00354198
1.06816	0.00348525
1.07557	0.00349674
1.08417	0.00343544
1.08831	0.00326612
1.11752	0.00349466
1.14975	0.00502571
 FCN=10.8008 FROM MIGRAD    STATUS=CONVERGED      36 CALLS          37 TOTAL
                     EDM=1.84581e-16    STRATEGY= 1      ERROR MATRIX ACCURATE 
  EXT PARAMETER                                   STEP         FIRST   
  NO.   NAME      VALUE            ERROR          SIZE      DERIVATIVE 
   1  p0           1.06805e+00   1.78258e-03   2.15205e-06  -7.09864e-06
   2  p1           2.08464e-02   1.25746e-03   1.51809e-06   6.46788e-06
SaveSource cannot open file: /home/zhangfy/nl_target/toyMC/results/data_13723.C
1.06921	0.00392999
1.07311	0.0035307
1.07069	0.00349349
1.07471	0.00349392
1.07899	0.00341905
1.0865	0.00326069
1.11336	0.00348165
1.15632	0.00505444
 FCN=9.28281 FROM MIGRAD    STATUS=CONVERGED      36 CALLS          37 TOTAL
                     EDM=1.73223e-16    STRATEGY= 1      ERROR MATRIX ACCURATE 
  EXT PARAMETER                                   STEP         FIRST   
  NO.   NAME      VALUE            ERROR          SIZE      DERIVATIVE 
   1  p0           1.06446e+00   1.77900e-03   2.00466e-06   9.88017e-06
   2  p1           2.22085e-02   1.25838e-03   1.41800e-06  -1.15250e-06
SaveSource cannot open file: /home/zhangfy/nl_target/toyMC/results/data_13724.C
1.07399	0.00394755
1.07386	0.00353315
1.07542	0.00350895
1.0848	0.00352673
1.07397	0.00340312
1.08883	0.00326768
1.1148	0.00348614
1.14936	0.005024
 FCN=11.2165 FROM MIGRAD    STATUS=CONVERGED      36 CALLS          37 TOTAL
                     EDM=3.94554e-16    STRATEGY= 1      ERROR MATRIX ACCURATE 
  EXT PARAMETER                                   STEP         FIRST   
  NO.   NAME      VALUE            ERROR          SIZE      DERIVATIVE 
   1  p0           1.06849e+00   1.78286e-03   2.18909e-06  -1.42005e-05
   2  p1           2.01164e-02   1.25646e-03   1.54275e-06   3.02536e-06
SaveSource cannot open file: /home/zhangfy/nl_target/toyMC/results/data_13725.C
1.07547	0.003953
1.07506	0.00353711
1.075	0.00350756
1.07511	0.00349524
1.08502	0.00343815
1.09027	0.003272
1.1201	0.00350272
1.14925	0.00502352
 FCN=4.22662 FROM MIGRAD    STATUS=CONVERGED      36 CALLS          37 TOTAL
                     EDM=1.40668e-17    STRATEGY= 1      ERROR MATRIX ACCURATE 
  EXT PARAMETER                                   STEP         FIRST   
  NO.   NAME      VALUE            ERROR          SIZE      DERIVATIVE 
   1  p0           1.06908e+00   1.78386e-03   1.43375e-06   3.65492e-06
   2  p1           2.10001e-02   1.25823e-03   1.01129e-06   1.63358e-06
SaveSource cannot open file: /home/zhangfy/nl_target/toyMC/results/data_13726.C
1.06824	0.00392643
1.06728	0.00351152
1.07289	0.00350069
1.07033	0.00347967
1.07599	0.00340952
1.09107	0.00327442
1.11848	0.00349767
1.1424	0.00499359
 FCN=4.14547 FROM MIGRAD    STATUS=CONVERGED      36 CALLS          37 TOTAL
                     EDM=7.93895e-16    STRATEGY= 1      ERROR MATRIX ACCURATE 
  EXT PARAMETER                                   STEP         FIRST   
  NO.   NAME      VALUE            ERROR          SIZE      DERIVATIVE 
   1  p0           1.06374e+00   1.77456e-03   1.41664e-06   5.13324e-06
   2  p1           2.18191e-02   1.25250e-03   9.99879e-07  -2.63377e-05
SaveSource cannot open file: /home/zhangfy/nl_target/toyMC/results/data_13727.C
1.06896	0.00392908
1.0733	0.00353131
1.07251	0.00349943
1.07823	0.00350536
1.08242	0.00342992
1.09184	0.00327671
1.11533	0.00348781
1.14453	0.0050029
 FCN=1.75879 FROM MIGRAD    STATUS=CONVERGED      36 CALLS          37 TOTAL
                     EDM=7.02827e-16    STRATEGY= 1      ERROR MATRIX ACCURATE 
  EXT PARAMETER                                   STEP         FIRST   
  NO.   NAME      VALUE            ERROR          SIZE      DERIVATIVE 
   1  p0           1.06797e+00   1.78023e-03   1.03984e-06  -1.96343e-05
   2  p1           2.01934e-02   1.25349e-03   7.32173e-07   2.81963e-06
SaveSource cannot open file: /home/zhangfy/nl_target/toyMC/results/data_13728.C
1.07637	0.00395632
1.0751	0.00353725
1.07364	0.00350312
1.0831	0.00352119
1.08024	0.003423
1.09497	0.00328612
1.11461	0.00348555
1.15557	0.00505116
 FCN=10.0413 FROM MIGRAD    STATUS=CONVERGED      36 CALLS          37 TOTAL
                     EDM=8.98452e-16    STRATEGY= 1      ERROR MATRIX ACCURATE 
  EXT PARAMETER                                   STEP         FIRST   
  NO.   NAME      VALUE            ERROR          SIZE      DERIVATIVE 
   1  p0           1.06993e+00   1.78577e-03   2.08525e-06  -2.85057e-05
   2  p1           2.08482e-02   1.25974e-03   1.47099e-06  -4.49828e-05
SaveSource cannot open file: /home/zhangfy/nl_target/toyMC/results/data_13729.C
1.07185	0.00393971
1.07322	0.00353104
1.07251	0.00349944
1.08021	0.0035118
1.07704	0.00341287
1.08984	0.00327071
1.12134	0.0035066
1.1459	0.0050089
 FCN=2.11942 FROM MIGRAD    STATUS=CONVERGED      36 CALLS          37 TOTAL
                     EDM=1.05296e-16    STRATEGY= 1      ERROR MATRIX ACCURATE 
  EXT PARAMETER                                   STEP         FIRST   
  NO.   NAME      VALUE            ERROR          SIZE      DERIVATIVE 
   1  p0           1.06713e+00   1.78048e-03   1.10610e-06   3.77109e-06
   2  p1           2.14444e-02   1.25633e-03   7.80477e-07  -7.18359e-06
SaveSource cannot open file: /home/zhangfy/nl_target/toyMC/results/data_13730.C
1.07432	0.00394879
1.07152	0.00352548
1.07012	0.00349165
1.07791	0.00350432
1.08871	0.00344983
1.09325	0.00328096
1.11473	0.00348593
1.14552	0.00500723
 FCN=8.72111 FROM MIGRAD    STATUS=CONVERGED      36 CALLS          37 TOTAL
                     EDM=9.76013e-17    STRATEGY= 1      ERROR MATRIX ACCURATE 
  EXT PARAMETER                                   STEP         FIRST   
  NO.   NAME      VALUE            ERROR          SIZE      DERIVATIVE 
   1  p0           1.06926e+00   1.78195e-03   1.95381e-06  -2.08883e-06
   2  p1           1.99268e-02   1.25403e-03   1.37498e-06  -1.29935e-05
SaveSource cannot open file: /home/zhangfy/nl_target/toyMC/results/data_13731.C
1.06703	0.00392197
1.07423	0.00353438
1.07549	0.00350916
1.08401	0.00352416
1.08135	0.00342653
1.0899	0.00327089
1.11234	0.00347845
1.14343	0.00499808
 FCN=5.65045 FROM MIGRAD    STATUS=CONVERGED      36 CALLS          37 TOTAL
                     EDM=7.08428e-18    STRATEGY= 1      ERROR MATRIX ACCURATE 
  EXT PARAMETER                                   STEP         FIRST   
  NO.   NAME      VALUE            ERROR          SIZE      DERIVATIVE 
   1  p0           1.06938e+00   1.78167e-03   1.61475e-06  -1.48511e-06
   2  p1           1.89152e-02   1.25228e-03   1.13496e-06  -4.05956e-06
SaveSource cannot open file: /home/zhangfy/nl_target/toyMC/results/data_13732.C
1.064	0.00391087
1.07412	0.00353401
1.06619	0.00347881
1.0808	0.00351372
1.08792	0.00344735
1.0919	0.00327691
1.11322	0.00348119
1.14942	0.00502428
 FCN=16.5456 FROM MIGRAD    STATUS=CONVERGED      36 CALLS          37 TOTAL
                     EDM=5.84501e-16    STRATEGY= 1      ERROR MATRIX ACCURATE 
  EXT PARAMETER                                   STEP         FIRST   
  NO.   NAME      VALUE            ERROR          SIZE      DERIVATIVE 
   1  p0           1.06691e+00   1.77937e-03   2.62199e-06   2.51177e-05
   2  p1           2.11175e-02   1.25462e-03   1.84876e-06   1.55416e-05
SaveSource cannot open file: /home/zhangfy/nl_target/toyMC/results/data_13733.C
1.0745	0.00394943
1.07148	0.00352532
1.07897	0.00352051
1.07632	0.00349917
1.08207	0.00342881
1.09534	0.00328723
1.11507	0.00348699
1.1529	0.00503947
 FCN=8.57961 FROM MIGRAD    STATUS=CONVERGED      34 CALLS          35 TOTAL
                     EDM=8.81332e-17    STRATEGY= 1      ERROR MATRIX ACCURATE 
  EXT PARAMETER                                   STEP         FIRST   
  NO.   NAME      VALUE            ERROR          SIZE      DERIVATIVE 
   1  p0           1.06925e+00   1.78415e-03   1.94113e-06   5.72176e-06
   2  p1           2.08642e-02   1.25828e-03   1.36899e-06  -3.15633e-06
SaveSource cannot open file: /home/zhangfy/nl_target/toyMC/results/data_13734.C
1.07467	0.00395005
1.07179	0.00352634
1.07184	0.00349725
1.07806	0.00350482
1.08533	0.00343912
1.09596	0.00328909
1.11797	0.00349607
1.15228	0.00503678
 FCN=5.8007 FROM MIGRAD    STATUS=CONVERGED      36 CALLS          37 TOTAL
                     EDM=2.9158e-16    STRATEGY= 1      ERROR MATRIX ACCURATE 
  EXT PARAMETER                                   STEP         FIRST   
  NO.   NAME      VALUE            ERROR          SIZE      DERIVATIVE 
   1  p0           1.06870e+00   1.78321e-03   1.63586e-06   4.57564e-06
   2  p1           2.16741e-02   1.25858e-03   1.15458e-06  -1.41140e-05
SaveSource cannot open file: /home/zhangfy/nl_target/toyMC/results/data_13735.C
1.06776	0.00392469
1.06501	0.00350404
1.07453	0.00350604
1.07283	0.00348781
1.07323	0.00340079
1.09241	0.00327844
1.11874	0.00349848
1.14427	0.00500175
 FCN=6.56274 FROM MIGRAD    STATUS=CONVERGED      36 CALLS          37 TOTAL
                     EDM=9.11995e-17    STRATEGY= 1      ERROR MATRIX ACCURATE 
  EXT PARAMETER                                   STEP         FIRST   
  NO.   NAME      VALUE            ERROR          SIZE      DERIVATIVE 
   1  p0           1.06343e+00   1.77454e-03   1.71772e-06   6.09235e-06
   2  p1           2.23102e-02   1.25343e-03   1.21329e-06  -2.82201e-06
SaveSource cannot open file: /home/zhangfy/nl_target/toyMC/results/data_13736.C
1.0691	0.0039296
1.07224	0.00352783
1.07678	0.00351336
1.0804	0.00351243
1.07615	0.00341003
1.08926	0.00326899
1.11555	0.00348848
1.14627	0.0050105
 FCN=4.15115 FROM MIGRAD    STATUS=CONVERGED      36 CALLS          37 TOTAL
                     EDM=1.20847e-15    STRATEGY= 1      ERROR MATRIX ACCURATE 
  EXT PARAMETER                                   STEP         FIRST   
  NO.   NAME      VALUE            ERROR          SIZE      DERIVATIVE 
   1  p0           1.06740e+00   1.78040e-03   1.42036e-06  -7.64451e-06
   2  p1           2.03643e-02   1.25460e-03   1.00090e-06   3.08699e-05
SaveSource cannot open file: /home/zhangfy/nl_target/toyMC/results/data_13737.C
1.06312	0.00390761
1.06862	0.00351594
1.0676	0.0034834
1.07923	0.00350863
1.07476	0.00340564
1.09137	0.00327532
1.1158	0.00348926
1.15107	0.00503149
 FCN=6.04857 FROM MIGRAD    STATUS=CONVERGED      36 CALLS          37 TOTAL
                     EDM=5.46913e-17    STRATEGY= 1      ERROR MATRIX ACCURATE 
  EXT PARAMETER                                   STEP         FIRST   
  NO.   NAME      VALUE            ERROR          SIZE      DERIVATIVE 
   1  p0           1.06270e+00   1.77476e-03   1.65830e-06   6.06560e-06
   2  p1           2.30742e-02   1.25553e-03   1.17314e-06   1.15286e-05
SaveSource cannot open file: /home/zhangfy/nl_target/toyMC/results/data_13738.C
1.0665	0.00392003
1.07476	0.00353612
1.07439	0.00350557
1.07367	0.00349054
1.07621	0.00341024
1.08707	0.0032624
1.11789	0.00349582
1.15043	0.00502869
 FCN=5.74503 FROM MIGRAD    STATUS=CONVERGED      34 CALLS          35 TOTAL
                     EDM=1.1454e-16    STRATEGY= 1      ERROR MATRIX ACCURATE 
  EXT PARAMETER                                   STEP         FIRST   
  NO.   NAME      VALUE            ERROR          SIZE      DERIVATIVE 
   1  p0           1.06481e+00   1.77849e-03   1.62391e-06  -1.04615e-05
   2  p1           2.20666e-02   1.25705e-03   1.14779e-06  -4.66803e-06
SaveSource cannot open file: /home/zhangfy/nl_target/toyMC/results/data_13739.C
1.07445	0.00394924
1.08055	0.00355519
1.07036	0.00349242
1.07802	0.00350469
1.08143	0.00342677
1.09679	0.00329159
1.11687	0.00349261
1.14439	0.00500228
 FCN=9.13602 FROM MIGRAD    STATUS=CONVERGED      36 CALLS          37 TOTAL
                     EDM=4.05229e-15    STRATEGY= 1      ERROR MATRIX ACCURATE 
  EXT PARAMETER                                   STEP         FIRST   
  NO.   NAME      VALUE            ERROR          SIZE      DERIVATIVE 
   1  p0           1.07055e+00   1.78389e-03   1.99689e-06  -1.98372e-05
   2  p1           1.96271e-02   1.25486e-03   1.40470e-06   4.92398e-05
SaveSource cannot open file: /home/zhangfy/nl_target/toyMC/results/data_13740.C
1.07245	0.00394189
1.07528	0.00353782
1.06937	0.00348919
1.0762	0.00349878
1.0829	0.00343142
1.08973	0.00327039
1.11206	0.00347757
1.14662	0.00501203
 FCN=6.7278 FROM MIGRAD    STATUS=CONVERGED      36 CALLS          37 TOTAL
                     EDM=9.43162e-17    STRATEGY= 1      ERROR MATRIX ACCURATE 
  EXT PARAMETER                                   STEP         FIRST   
  NO.   NAME      VALUE            ERROR          SIZE      DERIVATIVE 
   1  p0           1.06776e+00   1.78055e-03   1.73935e-06  -1.05191e-05
   2  p1           1.97610e-02   1.25366e-03   1.22465e-06  -1.24743e-05
SaveSource cannot open file: /home/zhangfy/nl_target/toyMC/results/data_13741.C
1.07639	0.00395639
1.06976	0.00351965
1.07641	0.00351218
1.07712	0.00350176
1.08373	0.00343405
1.09353	0.0032818
1.11615	0.00349037
1.14053	0.00498543
 FCN=3.93985 FROM MIGRAD    STATUS=CONVERGED      36 CALLS          37 TOTAL
                     EDM=2.25769e-15    STRATEGY= 1      ERROR MATRIX ACCURATE 
  EXT PARAMETER                                   STEP         FIRST   
  NO.   NAME      VALUE            ERROR          SIZE      DERIVATIVE 
   1  p0           1.07004e+00   1.78214e-03   1.39272e-06   1.18020e-05
   2  p1           1.90783e-02   1.25235e-03   9.78693e-07  -4.06226e-05
SaveSource cannot open file: /home/zhangfy/nl_target/toyMC/results/data_13742.C
1.0712	0.00393732
1.07129	0.0035247
1.07653	0.00351256
1.0841	0.00352445
1.08665	0.00344332
1.09242	0.00327847
1.11828	0.00349703
1.14766	0.0050166
 FCN=3.64229 FROM MIGRAD    STATUS=CONVERGED      36 CALLS          37 TOTAL
                     EDM=1.33432e-17    STRATEGY= 1      ERROR MATRIX ACCURATE 
  EXT PARAMETER                                   STEP         FIRST   
  NO.   NAME      VALUE            ERROR          SIZE      DERIVATIVE 
   1  p0           1.07033e+00   1.78426e-03   1.35208e-06   1.85985e-06
   2  p1           2.04072e-02   1.25659e-03   9.52216e-07   5.47640e-06
SaveSource cannot open file: /home/zhangfy/nl_target/toyMC/results/data_13743.C
1.07327	0.00394491
1.07667	0.0035424
1.07386	0.00350384
1.07299	0.00348834
1.08586	0.00344082
1.09238	0.00327834
1.11887	0.00349886
1.14871	0.00502119
 FCN=6.7084 FROM MIGRAD    STATUS=CONVERGED      36 CALLS          37 TOTAL
                     EDM=6.23867e-17    STRATEGY= 1      ERROR MATRIX ACCURATE 
  EXT PARAMETER                                   STEP         FIRST   
  NO.   NAME      VALUE            ERROR          SIZE      DERIVATIVE 
   1  p0           1.06893e+00   1.78320e-03   1.74084e-06   8.66705e-06
   2  p1           2.09297e-02   1.25739e-03   1.22752e-06   7.77097e-06
SaveSource cannot open file: /home/zhangfy/nl_target/toyMC/results/data_13744.C
1.06689	0.00392148
1.07016	0.00352099
1.07339	0.00350232
1.08197	0.00351754
1.07763	0.00341473
1.08611	0.00325953
1.11932	0.00350028
1.14978	0.00502585
 FCN=4.36437 FROM MIGRAD    STATUS=CONVERGED      36 CALLS          37 TOTAL
                     EDM=2.10315e-15    STRATEGY= 1      ERROR MATRIX ACCURATE 
  EXT PARAMETER                                   STEP         FIRST   
  NO.   NAME      VALUE            ERROR          SIZE      DERIVATIVE 
   1  p0           1.06534e+00   1.77883e-03   1.44902e-06   2.62649e-05
   2  p1           2.21620e-02   1.25702e-03   1.02397e-06  -1.83236e-05
SaveSource cannot open file: /home/zhangfy/nl_target/toyMC/results/data_13745.C
1.06886	0.00392873
1.07109	0.00352405
1.07382	0.00350373
1.07882	0.00350728
1.08099	0.00342537
1.08617	0.0032597
1.12377	0.00351418
1.15052	0.0050291
 FCN=2.58242 FROM MIGRAD    STATUS=CONVERGED      36 CALLS          37 TOTAL
                     EDM=1.96697e-16    STRATEGY= 1      ERROR MATRIX ACCURATE 
  EXT PARAMETER                                   STEP         FIRST   
  NO.   NAME      VALUE            ERROR          SIZE      DERIVATIVE 
   1  p0           1.06573e+00   1.78005e-03   1.18532e-06  -2.45822e-06
   2  p1           2.28735e-02   1.25910e-03   8.38425e-07   1.31424e-05
SaveSource cannot open file: /home/zhangfy/nl_target/toyMC/results/data_13746.C
1.06741	0.00392339
1.0736	0.00353231
1.07065	0.00349336
1.07351	0.00349003
1.08632	0.00344225
1.08755	0.00326384
1.11976	0.00350165
1.15228	0.00503679
 FCN=7.33429 FROM MIGRAD    STATUS=CONVERGED      36 CALLS          37 TOTAL
                     EDM=1.67723e-15    STRATEGY= 1      ERROR MATRIX ACCURATE 
  EXT PARAMETER                                   STEP         FIRST   
  NO.   NAME      VALUE            ERROR          SIZE      DERIVATIVE 
   1  p0           1.06551e+00   1.77960e-03   1.80722e-06  -5.05345e-06
   2  p1           2.26556e-02   1.25847e-03   1.27801e-06  -5.06895e-05
SaveSource cannot open file: /home/zhangfy/nl_target/toyMC/results/data_13747.C
1.07024	0.0039338
1.07059	0.0035224
1.07762	0.00351611
1.07776	0.00350383
1.08172	0.00342769
1.0916	0.00327601
1.11645	0.0034913
1.15265	0.00503839
 FCN=4.42913 FROM MIGRAD    STATUS=CONVERGED      36 CALLS          37 TOTAL
                     EDM=6.95483e-16    STRATEGY= 1      ERROR MATRIX ACCURATE 
  EXT PARAMETER                                   STEP         FIRST   
  NO.   NAME      VALUE            ERROR          SIZE      DERIVATIVE 
   1  p0           1.06759e+00   1.78205e-03   1.45996e-06   1.29961e-05
   2  p1           2.15316e-02   1.25811e-03   1.03071e-06  -1.37422e-05
SaveSource cannot open file: /home/zhangfy/nl_target/toyMC/results/data_13748.C
1.06548	0.0039163
1.071	0.00352375
1.07843	0.00351875
1.08349	0.00352248
1.08145	0.00342685
1.09196	0.00327707
1.11545	0.00348819
1.14687	0.00501313
 FCN=6.92263 FROM MIGRAD    STATUS=CONVERGED      36 CALLS          37 TOTAL
                     EDM=2.56078e-15    STRATEGY= 1      ERROR MATRIX ACCURATE 
  EXT PARAMETER                                   STEP         FIRST   
  NO.   NAME      VALUE            ERROR          SIZE      DERIVATIVE 
   1  p0           1.06867e+00   1.78163e-03   1.76355e-06   2.79138e-06
   2  p1           2.03520e-02   1.25478e-03   1.24205e-06  -5.42127e-05
SaveSource cannot open file: /home/zhangfy/nl_target/toyMC/results/data_13749.C
1.07105	0.00393676
1.07388	0.00353322
1.07802	0.00351743
1.07716	0.0035019
1.08419	0.0034355
1.09161	0.00327605
1.12279	0.00351114
1.14138	0.00498913
 FCN=2.60761 FROM MIGRAD    STATUS=CONVERGED      36 CALLS          37 TOTAL
                     EDM=5.44861e-17    STRATEGY= 1      ERROR MATRIX ACCURATE 
  EXT PARAMETER                                   STEP         FIRST   
  NO.   NAME      VALUE            ERROR          SIZE      DERIVATIVE 
   1  p0           1.06972e+00   1.78262e-03   1.19118e-06  -5.22722e-06
   2  p1           2.03431e-02   1.25494e-03   8.38568e-07   1.22068e-06
SaveSource cannot open file: /home/zhangfy/nl_target/toyMC/results/data_13750.C
1.0733	0.00394503
1.07089	0.00352338
1.07609	0.00351113
1.07958	0.00350976
1.08257	0.00343038
1.09355	0.00328184
1.11973	0.00350155
1.14727	0.0050149
 FCN=1.0793 FROM MIGRAD    STATUS=CONVERGED      38 CALLS          39 TOTAL
                     EDM=3.65451e-16    STRATEGY= 1      ERROR MATRIX ACCURATE 
  EXT PARAMETER                                   STEP         FIRST   
  NO.   NAME      VALUE            ERROR          SIZE      DERIVATIVE 
   1  p0           1.06904e+00   1.78279e-03   9.04279e-07  -1.06306e-05
   2  p1           2.09952e-02   1.25676e-03   6.37464e-07   8.10814e-06
SaveSource cannot open file: /home/zhangfy/nl_target/toyMC/results/data_13751.C
1.07488	0.00395083
1.07674	0.00354265
1.07209	0.00349808
1.08142	0.00351574
1.08024	0.00342299
1.08928	0.00326904
1.11737	0.00349417
1.14797	0.00501792
 FCN=4.15248 FROM MIGRAD    STATUS=CONVERGED      36 CALLS          37 TOTAL
                     EDM=1.22032e-15    STRATEGY= 1      ERROR MATRIX ACCURATE 
  EXT PARAMETER                                   STEP         FIRST   
  NO.   NAME      VALUE            ERROR          SIZE      DERIVATIVE 
   1  p0           1.06918e+00   1.78352e-03   1.42271e-06   5.61547e-06
   2  p1           2.02309e-02   1.25671e-03   1.00247e-06  -3.33575e-05
SaveSource cannot open file: /home/zhangfy/nl_target/toyMC/results/data_13752.C
1.07299	0.0039439
1.07564	0.00353903
1.07506	0.00350776
1.06976	0.00347782
1.08644	0.00344263
1.09182	0.00327667
1.11497	0.00348669
1.13884	0.00497803
 FCN=10.3749 FROM MIGRAD    STATUS=CONVERGED      36 CALLS          37 TOTAL
                     EDM=5.46239e-16    STRATEGY= 1      ERROR MATRIX ACCURATE 
  EXT PARAMETER                                   STEP         FIRST   
  NO.   NAME      VALUE            ERROR          SIZE      DERIVATIVE 
   1  p0           1.06951e+00   1.78111e-03   2.11163e-06  -1.49002e-05
   2  p1           1.86883e-02   1.25106e-03   1.48322e-06   6.83549e-06
SaveSource cannot open file: /home/zhangfy/nl_target/toyMC/results/data_13753.C
1.06841	0.00392704
1.07115	0.00352423
1.06958	0.00348987
1.07628	0.00349904
1.08441	0.00343622
1.09489	0.00328588
1.11674	0.00349222
1.14309	0.00499662
 FCN=5.42994 FROM MIGRAD    STATUS=CONVERGED      36 CALLS          37 TOTAL
                     EDM=2.81614e-16    STRATEGY= 1      ERROR MATRIX ACCURATE 
  EXT PARAMETER                                   STEP         FIRST   
  NO.   NAME      VALUE            ERROR          SIZE      DERIVATIVE 
   1  p0           1.06719e+00   1.77853e-03   1.58724e-06  -6.46309e-06
   2  p1           2.08187e-02   1.25277e-03   1.11803e-06   1.13919e-05
SaveSource cannot open file: /home/zhangfy/nl_target/toyMC/results/data_13754.C
1.07292	0.00394364
1.07375	0.00353278
1.0766	0.00351278
1.0729	0.00348805
1.07856	0.00341768
1.08802	0.00326527
1.11578	0.00348922
1.15498	0.00504858
 FCN=9.76877 FROM MIGRAD    STATUS=CONVERGED      36 CALLS          37 TOTAL
                     EDM=1.95527e-16    STRATEGY= 1      ERROR MATRIX ACCURATE 
  EXT PARAMETER                                   STEP         FIRST   
  NO.   NAME      VALUE            ERROR          SIZE      DERIVATIVE 
   1  p0           1.06638e+00   1.78168e-03   2.05422e-06   4.87495e-06
   2  p1           2.17157e-02   1.25925e-03   1.45188e-06  -1.01091e-05
SaveSource cannot open file: /home/zhangfy/nl_target/toyMC/results/data_13755.C
1.07034	0.00393416
1.07053	0.00352222
1.07457	0.00350617
1.07986	0.00351067
1.08623	0.00344199
1.09302	0.00328027
1.11907	0.0034995
1.14416	0.00500128
 FCN=2.49442 FROM MIGRAD    STATUS=CONVERGED      36 CALLS          37 TOTAL
                     EDM=1.8429e-16    STRATEGY= 1      ERROR MATRIX ACCURATE 
  EXT PARAMETER                                   STEP         FIRST   
  NO.   NAME      VALUE            ERROR          SIZE      DERIVATIVE 
   1  p0           1.06906e+00   1.78169e-03   1.17187e-06   1.42913e-05
   2  p1           2.05692e-02   1.25467e-03   8.25234e-07   9.56808e-06
SaveSource cannot open file: /home/zhangfy/nl_target/toyMC/results/data_13756.C
1.07274	0.00394298
1.06826	0.00351475
1.07609	0.00351113
1.0871	0.0035342
1.07842	0.00341723
1.09607	0.00328942
1.12223	0.00350939
1.1339	0.00495645
 FCN=13.6177 FROM MIGRAD    STATUS=CONVERGED      36 CALLS          37 TOTAL
                     EDM=2.90483e-17    STRATEGY= 1      ERROR MATRIX ACCURATE 
  EXT PARAMETER                                   STEP         FIRST   
  NO.   NAME      VALUE            ERROR          SIZE      DERIVATIVE 
   1  p0           1.07054e+00   1.78121e-03   2.39734e-06   5.75178e-06
   2  p1           1.92847e-02   1.25069e-03   1.68331e-06   7.18117e-06
SaveSource cannot open file: /home/zhangfy/nl_target/toyMC/results/data_13757.C
1.07271	0.00394286
1.06952	0.00351888
1.07552	0.00350927
1.07902	0.00350794
1.08214	0.00342901
1.08779	0.00326457
1.12086	0.00350509
1.13649	0.00496776
 FCN=3.47585 FROM MIGRAD    STATUS=CONVERGED      36 CALLS          37 TOTAL
                     EDM=5.24231e-16    STRATEGY= 1      ERROR MATRIX ACCURATE 
  EXT PARAMETER                                   STEP         FIRST   
  NO.   NAME      VALUE            ERROR          SIZE      DERIVATIVE 
   1  p0           1.06854e+00   1.77980e-03   1.32444e-06   1.77501e-05
   2  p1           1.95639e-02   1.25144e-03   9.31258e-07  -8.96516e-07
SaveSource cannot open file: /home/zhangfy/nl_target/toyMC/results/data_13758.C
1.07653	0.00395689
1.07041	0.00352181
1.07513	0.003508
1.08042	0.00351249
1.08231	0.00342955
1.09848	0.00329666
1.11843	0.00349749
1.1478	0.00501718
 FCN=5.98903 FROM MIGRAD    STATUS=CONVERGED      36 CALLS          37 TOTAL
                     EDM=1.99312e-15    STRATEGY= 1      ERROR MATRIX ACCURATE 
  EXT PARAMETER                                   STEP         FIRST   
  NO.   NAME      VALUE            ERROR          SIZE      DERIVATIVE 
   1  p0           1.07012e+00   1.78394e-03   1.65915e-06   3.71646e-05
   2  p1           2.07355e-02   1.25678e-03   1.16887e-06   3.73282e-06
SaveSource cannot open file: /home/zhangfy/nl_target/toyMC/results/data_13759.C
1.07355	0.00394596
1.07159	0.00352568
1.07145	0.003496
1.08001	0.00351117
1.07656	0.00341133
1.09049	0.00327266
1.11457	0.00348543
1.14678	0.00501271
 FCN=4.248 FROM MIGRAD    STATUS=CONVERGED      36 CALLS          37 TOTAL
                     EDM=1.47191e-15    STRATEGY= 1      ERROR MATRIX ACCURATE 
  EXT PARAMETER                                   STEP         FIRST   
  NO.   NAME      VALUE            ERROR          SIZE      DERIVATIVE 
   1  p0           1.06709e+00   1.77998e-03   1.43335e-06  -1.70296e-05
   2  p1           2.04388e-02   1.25447e-03   1.01018e-06   2.28270e-05
SaveSource cannot open file: /home/zhangfy/nl_target/toyMC/results/data_13760.C
1.06745	0.00392353
1.07447	0.00353518
1.07215	0.00349826
1.07845	0.00350609
1.08394	0.00343474
1.09237	0.00327831
1.12143	0.00350689
1.15302	0.00503999
 FCN=2.32986 FROM MIGRAD    STATUS=CONVERGED      36 CALLS          37 TOTAL
                     EDM=3.52578e-18    STRATEGY= 1      ERROR MATRIX ACCURATE 
  EXT PARAMETER                                   STEP         FIRST   
  NO.   NAME      VALUE            ERROR          SIZE      DERIVATIVE 
   1  p0           1.06707e+00   1.78167e-03   1.14408e-06   2.06501e-06
   2  p1           2.27780e-02   1.25969e-03   8.08898e-07   2.13975e-06
SaveSource cannot open file: /home/zhangfy/nl_target/toyMC/results/data_13761.C
1.06884	0.00392863
1.07441	0.00353495
1.07814	0.00351782
1.07918	0.00350844
1.08175	0.0034278
1.09031	0.00327214
1.11904	0.00349941
1.14364	0.00499902
 FCN=1.63003 FROM MIGRAD    STATUS=CONVERGED      38 CALLS          39 TOTAL
                     EDM=1.23355e-16    STRATEGY= 1      ERROR MATRIX ACCURATE 
  EXT PARAMETER                                   STEP         FIRST   
  NO.   NAME      VALUE            ERROR          SIZE      DERIVATIVE 
   1  p0           1.06917e+00   1.78222e-03   1.01634e-06  -6.69851e-06
   2  p1           2.01122e-02   1.25475e-03   7.15541e-07   3.87508e-06
SaveSource cannot open file: /home/zhangfy/nl_target/toyMC/results/data_13762.C
1.0763	0.00395606
1.07434	0.00353474
1.07691	0.00351381
1.0723	0.00348608
1.07838	0.00341712
1.09698	0.00329215
1.11122	0.00347496
1.15059	0.00502939
 FCN=17.1633 FROM MIGRAD    STATUS=CONVERGED      36 CALLS          37 TOTAL
                     EDM=1.50663e-15    STRATEGY= 1      ERROR MATRIX ACCURATE 
  EXT PARAMETER                                   STEP         FIRST   
  NO.   NAME      VALUE            ERROR          SIZE      DERIVATIVE 
   1  p0           1.06898e+00   1.78308e-03   2.66997e-06  -9.15132e-06
   2  p1           1.99145e-02   1.25594e-03   1.88065e-06   3.36730e-05
SaveSource cannot open file: /home/zhangfy/nl_target/toyMC/results/data_13763.C
1.0723	0.00394137
1.06942	0.00351856
1.06579	0.00347752
1.08396	0.00352399
1.07688	0.00341236
1.08882	0.00326766
1.12176	0.0035079
1.14803	0.00501819
 FCN=8.72708 FROM MIGRAD    STATUS=CONVERGED      36 CALLS          37 TOTAL
                     EDM=1.06375e-16    STRATEGY= 1      ERROR MATRIX ACCURATE 
  EXT PARAMETER                                   STEP         FIRST   
  NO.   NAME      VALUE            ERROR          SIZE      DERIVATIVE 
   1  p0           1.06514e+00   1.77819e-03   1.95163e-06   1.10816e-05
   2  p1           2.25952e-02   1.25685e-03   1.37944e-06   8.22220e-06
SaveSource cannot open file: /home/zhangfy/nl_target/toyMC/results/data_13764.C
1.06999	0.00393286
1.07685	0.00354298
1.07549	0.00350915
1.07658	0.0035
1.08008	0.0034225
1.09095	0.00327406
1.12105	0.00350568
1.14701	0.00501372
 FCN=2.47604 FROM MIGRAD    STATUS=CONVERGED      36 CALLS          37 TOTAL
                     EDM=1.01707e-15    STRATEGY= 1      ERROR MATRIX ACCURATE 
  EXT PARAMETER                                   STEP         FIRST   
  NO.   NAME      VALUE            ERROR          SIZE      DERIVATIVE 
   1  p0           1.06819e+00   1.78212e-03   1.16851e-06   1.93861e-05
   2  p1           2.12093e-02   1.25710e-03   8.24257e-07  -1.08577e-05
SaveSource cannot open file: /home/zhangfy/nl_target/toyMC/results/data_13765.C
1.07034	0.00393417
1.06826	0.00351473
1.07819	0.00351797
1.07386	0.00349115
1.08226	0.00342939
1.09359	0.00328198
1.11774	0.00349535
1.15144	0.00503313
 FCN=6.76973 FROM MIGRAD    STATUS=CONVERGED      36 CALLS          37 TOTAL
                     EDM=7.96457e-16    STRATEGY= 1      ERROR MATRIX ACCURATE 
  EXT PARAMETER                                   STEP         FIRST   
  NO.   NAME      VALUE            ERROR          SIZE      DERIVATIVE 
   1  p0           1.06685e+00   1.78071e-03   1.74608e-06   2.35196e-05
   2  p1           2.19998e-02   1.25766e-03   1.23320e-06   2.32272e-06
SaveSource cannot open file: /home/zhangfy/nl_target/toyMC/results/data_13766.C
1.07079	0.00393581
1.0715	0.00352538
1.07258	0.00349968
1.0803	0.00351209
1.08049	0.00342379
1.08534	0.00325721
1.12307	0.003512
1.1463	0.00501065
 FCN=3.59982 FROM MIGRAD    STATUS=CONVERGED      36 CALLS          37 TOTAL
                     EDM=1.66127e-15    STRATEGY= 1      ERROR MATRIX ACCURATE 
  EXT PARAMETER                                   STEP         FIRST   
  NO.   NAME      VALUE            ERROR          SIZE      DERIVATIVE 
   1  p0           1.06646e+00   1.77996e-03   1.34281e-06  -1.80736e-06
   2  p1           2.18500e-02   1.25690e-03   9.48208e-07   4.40479e-05
SaveSource cannot open file: /home/zhangfy/nl_target/toyMC/results/data_13767.C
1.0755	0.00395311
1.0743	0.00353461
1.07495	0.0035074
1.07759	0.00350328
1.08889	0.00345042
1.09169	0.00327627
1.11926	0.00350008
1.16038	0.00507218
 FCN=9.86263 FROM MIGRAD    STATUS=CONVERGED      36 CALLS          37 TOTAL
                     EDM=4.44933e-16    STRATEGY= 1      ERROR MATRIX ACCURATE 
  EXT PARAMETER                                   STEP         FIRST   
  NO.   NAME      VALUE            ERROR          SIZE      DERIVATIVE 
   1  p0           1.06923e+00   1.78652e-03   2.06992e-06  -4.13640e-06
   2  p1           2.24647e-02   1.26356e-03   1.46401e-06   1.91710e-05
SaveSource cannot open file: /home/zhangfy/nl_target/toyMC/results/data_13768.C
1.07258	0.00394238
1.07235	0.00352818
1.07322	0.00350175
1.08039	0.00351239
1.08343	0.00343311
1.09309	0.00328048
1.11423	0.00348435
1.14796	0.00501788
 FCN=3.70132 FROM MIGRAD    STATUS=CONVERGED      36 CALLS          37 TOTAL
                     EDM=1.11233e-16    STRATEGY= 1      ERROR MATRIX ACCURATE 
  EXT PARAMETER                                   STEP         FIRST   
  NO.   NAME      VALUE            ERROR          SIZE      DERIVATIVE 
   1  p0           1.06909e+00   1.78248e-03   1.35874e-06   3.66631e-06
   2  p1           2.01184e-02   1.25522e-03   9.56824e-07  -7.66276e-06
SaveSource cannot open file: /home/zhangfy/nl_target/toyMC/results/data_13769.C
1.06585	0.00391766
1.07196	0.00352693
1.07578	0.00351009
1.08083	0.00351381
1.08519	0.00343868
1.09561	0.00328802
1.11229	0.00347829
1.13811	0.00497483
 FCN=7.99847 FROM MIGRAD    STATUS=CONVERGED      36 CALLS          37 TOTAL
                     EDM=6.76713e-16    STRATEGY= 1      ERROR MATRIX ACCURATE 
  EXT PARAMETER                                   STEP         FIRST   
  NO.   NAME      VALUE            ERROR          SIZE      DERIVATIVE 
   1  p0           1.07012e+00   1.78061e-03   1.87873e-06  -1.35504e-05
   2  p1           1.84071e-02   1.24930e-03   1.31813e-06   1.25582e-05
SaveSource cannot open file: /home/zhangfy/nl_target/toyMC/results/data_13770.C
1.07052	0.0039348
1.06999	0.00352042
1.07649	0.00351243
1.08092	0.00351411
1.07829	0.00341681
1.08893	0.00326798
1.11787	0.00349574
1.14393	0.00500029
 FCN=2.19859 FROM MIGRAD    STATUS=CONVERGED      36 CALLS          37 TOTAL
                     EDM=7.04672e-16    STRATEGY= 1      ERROR MATRIX ACCURATE 
  EXT PARAMETER                                   STEP         FIRST   
  NO.   NAME      VALUE            ERROR          SIZE      DERIVATIVE 
   1  p0           1.06765e+00   1.78026e-03   1.11955e-06   8.71875e-06
   2  p1           2.04071e-02   1.25415e-03   7.88697e-07  -1.99889e-05
SaveSource cannot open file: /home/zhangfy/nl_target/toyMC/results/data_13771.C
1.07051	0.00393478
1.07627	0.0035411
1.07434	0.00350543
1.07357	0.00349021
1.07732	0.00341375
1.08261	0.00324903
1.11289	0.00348019
1.13944	0.00498066
 FCN=6.51343 FROM MIGRAD    STATUS=CONVERGED      36 CALLS          37 TOTAL
                     EDM=1.83529e-15    STRATEGY= 1      ERROR MATRIX ACCURATE 
  EXT PARAMETER                                   STEP         FIRST   
  NO.   NAME      VALUE            ERROR          SIZE      DERIVATIVE 
   1  p0           1.06686e+00   1.77844e-03   1.71194e-06  -2.82040e-05
   2  p1           1.86460e-02   1.25042e-03   1.20367e-06   1.10555e-05
SaveSource cannot open file: /home/zhangfy/nl_target/toyMC/results/data_13772.C
1.07123	0.00393742
1.07352	0.00353203
1.07918	0.0035212
1.08283	0.00352034
1.08286	0.0034313
1.09216	0.00327769
1.11593	0.00348969
1.14199	0.00499182
 FCN=1.82816 FROM MIGRAD    STATUS=CONVERGED      38 CALLS          39 TOTAL
                     EDM=3.23156e-16    STRATEGY= 1      ERROR MATRIX ACCURATE 
  EXT PARAMETER                                   STEP         FIRST   
  NO.   NAME      VALUE            ERROR          SIZE      DERIVATIVE 
   1  p0           1.07116e+00   1.78399e-03   1.05460e-06  -1.97432e-05
   2  p1           1.87863e-02   1.25327e-03   7.40871e-07  -2.09720e-05
SaveSource cannot open file: /home/zhangfy/nl_target/toyMC/results/data_13773.C
1.07042	0.00393445
1.06998	0.0035204
1.07008	0.00349151
1.0782	0.00350527
1.08383	0.00343439
1.09516	0.0032867
1.1192	0.0034999
1.14179	0.00499094
 FCN=4.38077 FROM MIGRAD    STATUS=CONVERGED      36 CALLS          37 TOTAL
                     EDM=1.81019e-15    STRATEGY= 1      ERROR MATRIX ACCURATE 
  EXT PARAMETER                                   STEP         FIRST   
  NO.   NAME      VALUE            ERROR          SIZE      DERIVATIVE 
   1  p0           1.06771e+00   1.77914e-03   1.45277e-06   3.21580e-05
   2  p1           2.08832e-02   1.25306e-03   1.02320e-06  -3.31808e-06
SaveSource cannot open file: /home/zhangfy/nl_target/toyMC/results/data_13774.C
1.07203	0.00394037
1.06554	0.0035058
1.0696	0.00348996
1.07763	0.00350341
1.08154	0.00342713
1.09009	0.00327146
1.11922	0.00349996
1.15274	0.00503877
 FCN=4.0421 FROM MIGRAD    STATUS=CONVERGED      36 CALLS          37 TOTAL
                     EDM=8.53253e-17    STRATEGY= 1      ERROR MATRIX ACCURATE 
  EXT PARAMETER                                   STEP         FIRST   
  NO.   NAME      VALUE            ERROR          SIZE      DERIVATIVE 
   1  p0           1.06456e+00   1.77816e-03   1.40503e-06   2.40213e-06
   2  p1           2.31372e-02   1.25817e-03   9.94155e-07  -7.73684e-06
SaveSource cannot open file: /home/zhangfy/nl_target/toyMC/results/data_13775.C
1.07311	0.00394434
1.07671	0.00354254
1.07956	0.00352244
1.07759	0.00350329
1.0814	0.00342669
1.08572	0.00325837
1.12323	0.0035125
1.15762	0.00506013
 FCN=10.3746 FROM MIGRAD    STATUS=CONVERGED      36 CALLS          37 TOTAL
                     EDM=3.62497e-17    STRATEGY= 1      ERROR MATRIX ACCURATE 
  EXT PARAMETER                                   STEP         FIRST   
  NO.   NAME      VALUE            ERROR          SIZE      DERIVATIVE 
   1  p0           1.06818e+00   1.78564e-03   2.11632e-06  -5.94267e-06
   2  p1           2.25842e-02   1.26370e-03   1.49773e-06  -8.80928e-06
SaveSource cannot open file: /home/zhangfy/nl_target/toyMC/results/data_13776.C
1.06854	0.00392754
1.07094	0.00352355
1.07219	0.00349839
1.07438	0.00349287
1.08089	0.00342507
1.08963	0.00327008
1.11957	0.00350106
1.14482	0.00500417
 FCN=0.780014 FROM MIGRAD    STATUS=CONVERGED      36 CALLS          37 TOTAL
                     EDM=8.29367e-16    STRATEGY= 1      ERROR MATRIX ACCURATE 
  EXT PARAMETER                                   STEP         FIRST   
  NO.   NAME      VALUE            ERROR          SIZE      DERIVATIVE 
   1  p0           1.06569e+00   1.77787e-03   8.34561e-07   8.88381e-06
   2  p1           2.16185e-02   1.25459e-03   5.88926e-07  -2.24405e-05
SaveSource cannot open file: /home/zhangfy/nl_target/toyMC/results/data_13777.C
1.06907	0.00392948
1.06988	0.00352008
1.07282	0.00350044
1.07921	0.00350857
1.08595	0.00344111
1.09025	0.00327195
1.11973	0.00350155
1.14996	0.00502662
 FCN=2.94031 FROM MIGRAD    STATUS=CONVERGED      34 CALLS          35 TOTAL
                     EDM=5.28587e-18    STRATEGY= 1      ERROR MATRIX ACCURATE 
  EXT PARAMETER                                   STEP         FIRST   
  NO.   NAME      VALUE            ERROR          SIZE      DERIVATIVE 
   1  p0           1.06711e+00   1.78077e-03   1.24374e-06   2.31280e-06
   2  p1           2.20099e-02   1.25745e-03   8.78241e-07   3.32723e-06
SaveSource cannot open file: /home/zhangfy/nl_target/toyMC/results/data_13778.C
1.07222	0.00394104
1.07232	0.00352809
1.07179	0.00349708
1.0875	0.0035355
1.0899	0.00345362
1.08844	0.00326651
1.12129	0.00350643
1.1414	0.00498922
 FCN=11.3192 FROM MIGRAD    STATUS=CONVERGED      36 CALLS          37 TOTAL
                     EDM=3.23805e-16    STRATEGY= 1      ERROR MATRIX ACCURATE 
  EXT PARAMETER                                   STEP         FIRST   
  NO.   NAME      VALUE            ERROR          SIZE      DERIVATIVE 
   1  p0           1.07086e+00   1.78374e-03   2.20233e-06   5.44442e-06
   2  p1           1.97427e-02   1.25441e-03   1.54878e-06  -1.41360e-05
SaveSource cannot open file: /home/zhangfy/nl_target/toyMC/results/data_13779.C
1.07737	0.00395999
1.0688	0.00351652
1.08116	0.00352768
1.07191	0.00348483
1.08085	0.00342493
1.09389	0.00328287
1.1194	0.00350052
1.15245	0.00503753
 FCN=13.5965 FROM MIGRAD    STATUS=CONVERGED      36 CALLS          37 TOTAL
                     EDM=1.33087e-15    STRATEGY= 1      ERROR MATRIX ACCURATE 
  EXT PARAMETER                                   STEP         FIRST   
  NO.   NAME      VALUE            ERROR          SIZE      DERIVATIVE 
   1  p0           1.06815e+00   1.78331e-03   2.39562e-06  -5.11821e-06
   2  p1           2.17690e-02   1.25947e-03   1.69191e-06  -4.56581e-05
SaveSource cannot open file: /home/zhangfy/nl_target/toyMC/results/data_13780.C
1.07403	0.00394772
1.06911	0.00351754
1.06917	0.00348855
1.07469	0.00349386
1.07943	0.00342043
1.08923	0.0032689
1.11611	0.00349026
1.1331	0.00495293
 FCN=3.89111 FROM MIGRAD    STATUS=CONVERGED      36 CALLS          37 TOTAL
                     EDM=5.115e-15    STRATEGY= 1      ERROR MATRIX ACCURATE 
  EXT PARAMETER                                   STEP         FIRST   
  NO.   NAME      VALUE            ERROR          SIZE      DERIVATIVE 
   1  p0           1.06675e+00   1.77607e-03   1.38152e-06  -1.13954e-06
   2  p1           1.89824e-02   1.24764e-03   9.70475e-07  -8.21849e-05
SaveSource cannot open file: /home/zhangfy/nl_target/toyMC/results/data_13781.C
1.07185	0.00393969
1.06753	0.00351232
1.07076	0.00349374
1.07768	0.00350357
1.0822	0.00342922
1.09121	0.00327483
1.11712	0.0034934
1.14921	0.00502338
 FCN=3.10037 FROM MIGRAD    STATUS=CONVERGED      36 CALLS          37 TOTAL
                     EDM=2.08275e-17    STRATEGY= 1      ERROR MATRIX ACCURATE 
  EXT PARAMETER                                   STEP         FIRST   
  NO.   NAME      VALUE            ERROR          SIZE      DERIVATIVE 
   1  p0           1.06600e+00   1.77895e-03   1.26727e-06  -4.47315e-06
   2  p1           2.18385e-02   1.25600e-03   8.94735e-07  -2.03374e-06
SaveSource cannot open file: /home/zhangfy/nl_target/toyMC/results/data_13782.C
1.07216	0.00394084
1.07372	0.0035327
1.07264	0.00349985
1.08287	0.00352046
1.0808	0.00342479
1.09499	0.00328618
1.12062	0.00350436
1.15041	0.0050286
 FCN=2.37542 FROM MIGRAD    STATUS=CONVERGED      36 CALLS          37 TOTAL
                     EDM=1.39777e-16    STRATEGY= 1      ERROR MATRIX ACCURATE 
  EXT PARAMETER                                   STEP         FIRST   
  NO.   NAME      VALUE            ERROR          SIZE      DERIVATIVE 
   1  p0           1.06884e+00   1.78330e-03   1.15269e-06  -1.07045e-05
   2  p1           2.17356e-02   1.25860e-03   8.13536e-07  -2.96410e-06
SaveSource cannot open file: /home/zhangfy/nl_target/toyMC/results/data_13783.C
1.07007	0.00393317
1.07252	0.00352874
1.07572	0.0035099
1.07625	0.00349893
1.08405	0.00343508
1.09164	0.00327611
1.12136	0.00350667
1.14384	0.00499989
 FCN=1.64456 FROM MIGRAD    STATUS=CONVERGED      36 CALLS          37 TOTAL
                     EDM=3.11147e-16    STRATEGY= 1      ERROR MATRIX ACCURATE 
  EXT PARAMETER                                   STEP         FIRST   
  NO.   NAME      VALUE            ERROR          SIZE      DERIVATIVE 
   1  p0           1.06834e+00   1.78119e-03   1.01914e-06  -2.01591e-06
   2  p1           2.09734e-02   1.25532e-03   7.18256e-07  -2.17483e-05
SaveSource cannot open file: /home/zhangfy/nl_target/toyMC/results/data_13784.C
1.06709	0.00392222
1.06834	0.00351499
1.07055	0.00349306
1.07722	0.0035021
1.07808	0.00341616
1.08759	0.00326395
1.11793	0.00349592
1.14515	0.00500561
 FCN=0.300964 FROM MIGRAD    STATUS=CONVERGED      36 CALLS          37 TOTAL
                     EDM=1.82324e-17    STRATEGY= 1      ERROR MATRIX ACCURATE 
  EXT PARAMETER                                   STEP         FIRST   
  NO.   NAME      VALUE            ERROR          SIZE      DERIVATIVE 
   1  p0           1.06426e+00   1.77592e-03   7.12657e-07  -4.54994e-06
   2  p1           2.18103e-02   1.25379e-03   5.03131e-07  -5.74688e-06
SaveSource cannot open file: /home/zhangfy/nl_target/toyMC/results/data_13785.C
1.06736	0.0039232
1.06796	0.00351374
1.07034	0.00349236
1.08056	0.00351294
1.08582	0.00344067
1.09081	0.00327363
1.11508	0.00348702
1.14973	0.00502565
 FCN=7.41174 FROM MIGRAD    STATUS=CONVERGED      36 CALLS          37 TOTAL
                     EDM=5.77192e-16    STRATEGY= 1      ERROR MATRIX ACCURATE 
  EXT PARAMETER                                   STEP         FIRST   
  NO.   NAME      VALUE            ERROR          SIZE      DERIVATIVE 
   1  p0           1.06637e+00   1.77904e-03   1.81528e-06  -6.05972e-06
   2  p1           2.15647e-02   1.25537e-03   1.28094e-06  -3.23029e-05
SaveSource cannot open file: /home/zhangfy/nl_target/toyMC/results/data_13786.C
1.07089	0.00393618
1.07632	0.00354125
1.07284	0.00350051
1.07541	0.00349619
1.07803	0.00341601
1.09666	0.00329118
1.12403	0.00351501
1.15066	0.00502969
 FCN=5.67172 FROM MIGRAD    STATUS=CONVERGED      36 CALLS          37 TOTAL
                     EDM=3.63379e-15    STRATEGY= 1      ERROR MATRIX ACCURATE 
  EXT PARAMETER                                   STEP         FIRST   
  NO.   NAME      VALUE            ERROR          SIZE      DERIVATIVE 
   1  p0           1.06728e+00   1.78177e-03   1.61989e-06  -2.14521e-05
   2  p1           2.28751e-02   1.25967e-03   1.14523e-06   4.30137e-05
SaveSource cannot open file: /home/zhangfy/nl_target/toyMC/results/data_13787.C
1.07768	0.00396115
1.07563	0.00353899
1.07731	0.00351509
1.07558	0.00349674
1.08239	0.0034298
1.09138	0.00327535
1.121	0.00350554
1.14026	0.00498425
 FCN=4.11355 FROM MIGRAD    STATUS=CONVERGED      36 CALLS          37 TOTAL
                     EDM=1.0433e-16    STRATEGY= 1      ERROR MATRIX ACCURATE 
  EXT PARAMETER                                   STEP         FIRST   
  NO.   NAME      VALUE            ERROR          SIZE      DERIVATIVE 
   1  p0           1.07075e+00   1.78399e-03   1.41822e-06  -4.16778e-06
   2  p1           1.93140e-02   1.25438e-03   9.97196e-07   6.58210e-06
SaveSource cannot open file: /home/zhangfy/nl_target/toyMC/results/data_13788.C
1.06861	0.0039278
1.07744	0.00354492
1.07231	0.00349878
1.08118	0.00351495
1.08901	0.0034508
1.08676	0.00326148
1.12005	0.00350257
1.14782	0.00501727
 FCN=9.32037 FROM MIGRAD    STATUS=CONVERGED      36 CALLS          37 TOTAL
                     EDM=8.20189e-17    STRATEGY= 1      ERROR MATRIX ACCURATE 
  EXT PARAMETER                                   STEP         FIRST   
  NO.   NAME      VALUE            ERROR          SIZE      DERIVATIVE 
   1  p0           1.06928e+00   1.78352e-03   2.01462e-06  -9.95699e-06
   2  p1           2.07414e-02   1.25719e-03   1.42010e-06  -1.03666e-05
SaveSource cannot open file: /home/zhangfy/nl_target/toyMC/results/data_13789.C
1.06848	0.00392733
1.06649	0.00350891
1.07773	0.00351646
1.07153	0.00348358
1.08252	0.00343022
1.09658	0.00329095
1.11047	0.00347262
1.15422	0.00504525
 FCN=21.1554 FROM MIGRAD    STATUS=CONVERGED      36 CALLS          37 TOTAL
                     EDM=1.06737e-16    STRATEGY= 1      ERROR MATRIX ACCURATE 
  EXT PARAMETER                                   STEP         FIRST   
  NO.   NAME      VALUE            ERROR          SIZE      DERIVATIVE 
   1  p0           1.06612e+00   1.77941e-03   2.94545e-06  -2.34902e-06
   2  p1           2.15846e-02   1.25622e-03   2.07942e-06  -1.36895e-05
SaveSource cannot open file: /home/zhangfy/nl_target/toyMC/results/data_13790.C
1.07606	0.00395518
1.06677	0.00350982
1.07631	0.00351184
1.08251	0.0035193
1.08587	0.00344083
1.09437	0.00328432
1.12285	0.00351133
1.14579	0.0050084
 FCN=6.30561 FROM MIGRAD    STATUS=CONVERGED      36 CALLS          37 TOTAL
                     EDM=1.23653e-15    STRATEGY= 1      ERROR MATRIX ACCURATE 
  EXT PARAMETER                                   STEP         FIRST   
  NO.   NAME      VALUE            ERROR          SIZE      DERIVATIVE 
   1  p0           1.06991e+00   1.78358e-03   1.69667e-06   1.36904e-05
   2  p1           2.11895e-02   1.25705e-03   1.19580e-06  -2.35359e-05
SaveSource cannot open file: /home/zhangfy/nl_target/toyMC/results/data_13791.C
1.06771	0.00392449
1.06674	0.00350974
1.07714	0.00351456
1.08026	0.00351195
1.08347	0.00343324
1.09368	0.00328224
1.12059	0.00350427
1.14426	0.00500174
 FCN=5.09823 FROM MIGRAD    STATUS=CONVERGED      36 CALLS          37 TOTAL
                     EDM=1.8309e-15    STRATEGY= 1      ERROR MATRIX ACCURATE 
  EXT PARAMETER                                   STEP         FIRST   
  NO.   NAME      VALUE            ERROR          SIZE      DERIVATIVE 
   1  p0           1.06781e+00   1.78004e-03   1.54740e-06  -2.67189e-05
   2  p1           2.13722e-02   1.25480e-03   1.09080e-06   1.34696e-05
SaveSource cannot open file: /home/zhangfy/nl_target/toyMC/results/data_13792.C
1.07086	0.00393607
1.0675	0.00351225
1.07761	0.00351607
1.08027	0.00351199
1.08321	0.0034324
1.0893	0.00326909
1.11792	0.0034959
1.14665	0.00501215
 FCN=4.0079 FROM MIGRAD    STATUS=CONVERGED      36 CALLS          37 TOTAL
                     EDM=8.474e-17    STRATEGY= 1      ERROR MATRIX ACCURATE 
  EXT PARAMETER                                   STEP         FIRST   
  NO.   NAME      VALUE            ERROR          SIZE      DERIVATIVE 
   1  p0           1.06795e+00   1.78110e-03   1.40174e-06   1.01095e-05
   2  p1           2.08097e-02   1.25547e-03   9.88066e-07   1.08543e-05
SaveSource cannot open file: /home/zhangfy/nl_target/toyMC/results/data_13793.C
1.0716	0.00393878
1.06638	0.00350853
1.07398	0.00350424
1.07482	0.00349429
1.08637	0.00344241
1.09476	0.0032855
1.1134	0.00348176
1.14557	0.00500746
 FCN=10.5784 FROM MIGRAD    STATUS=CONVERGED      36 CALLS          37 TOTAL
                     EDM=2.89737e-17    STRATEGY= 1      ERROR MATRIX ACCURATE 
  EXT PARAMETER                                   STEP         FIRST   
  NO.   NAME      VALUE            ERROR          SIZE      DERIVATIVE 
   1  p0           1.06766e+00   1.77952e-03   2.13005e-06   5.21428e-06
   2  p1           2.03910e-02   1.25308e-03   1.49990e-06   2.22947e-06
SaveSource cannot open file: /home/zhangfy/nl_target/toyMC/results/data_13794.C
1.07205	0.00394043
1.07137	0.00352497
1.08488	0.0035398
1.0809	0.00351406
1.08411	0.00343526
1.09192	0.00327696
1.12036	0.00350354
1.14502	0.00500504
 FCN=6.62444 FROM MIGRAD    STATUS=CONVERGED      36 CALLS          37 TOTAL
                     EDM=4.33163e-16    STRATEGY= 1      ERROR MATRIX ACCURATE 
  EXT PARAMETER                                   STEP         FIRST   
  NO.   NAME      VALUE            ERROR          SIZE      DERIVATIVE 
   1  p0           1.07133e+00   1.78551e-03   1.73350e-06   6.93223e-06
   2  p1           1.98497e-02   1.25646e-03   1.21986e-06  -1.54903e-05
SaveSource cannot open file: /home/zhangfy/nl_target/toyMC/results/data_13795.C
1.06935	0.0039305
1.07276	0.00352953
1.06955	0.0034898
1.07554	0.00349664
1.07983	0.0034217
1.08415	0.00325363
1.11775	0.00349536
1.14739	0.00501539
 FCN=3.69199 FROM MIGRAD    STATUS=CONVERGED      36 CALLS          37 TOTAL
                     EDM=1.58953e-17    STRATEGY= 1      ERROR MATRIX ACCURATE 
  EXT PARAMETER                                   STEP         FIRST   
  NO.   NAME      VALUE            ERROR          SIZE      DERIVATIVE 
   1  p0           1.06478e+00   1.77766e-03   1.35378e-06   2.30528e-06
   2  p1           2.15743e-02   1.25533e-03   9.55996e-07  -1.56198e-06
SaveSource cannot open file: /home/zhangfy/nl_target/toyMC/results/data_13796.C
1.06784	0.00392498
1.06727	0.00351147
1.07434	0.00350542
1.07422	0.00349235
1.07584	0.00340905
1.0927	0.0032793
1.11481	0.00348618
1.14772	0.00501685
 FCN=5.17609 FROM MIGRAD    STATUS=CONVERGED      36 CALLS          37 TOTAL
                     EDM=1.10172e-14    STRATEGY= 1      ERROR MATRIX ACCURATE 
  EXT PARAMETER                                   STEP         FIRST   
  NO.   NAME      VALUE            ERROR          SIZE      DERIVATIVE 
   1  p0           1.06460e+00   1.77657e-03   1.55313e-06  -5.19181e-05
   2  p1           2.17166e-02   1.25418e-03   1.09644e-06   5.48308e-05
SaveSource cannot open file: /home/zhangfy/nl_target/toyMC/results/data_13797.C
1.07457	0.00394969
1.06861	0.00351589
1.07054	0.00349303
1.07824	0.00350539
1.08319	0.00343234
1.09208	0.00327744
1.12	0.00350241
1.1451	0.00500539
 FCN=3.32278 FROM MIGRAD    STATUS=CONVERGED      36 CALLS          37 TOTAL
                     EDM=3.72505e-16    STRATEGY= 1      ERROR MATRIX ACCURATE 
  EXT PARAMETER                                   STEP         FIRST   
  NO.   NAME      VALUE            ERROR          SIZE      DERIVATIVE 
   1  p0           1.06738e+00   1.78002e-03   1.30223e-06  -8.66792e-06
   2  p1           2.13187e-02   1.25523e-03   9.18304e-07  -2.83811e-05
SaveSource cannot open file: /home/zhangfy/nl_target/toyMC/results/data_13798.C
1.07048	0.00393468
1.07284	0.00352982
1.07371	0.00350336
1.07832	0.00350565
1.07949	0.00342062
1.08719	0.00326276
1.12355	0.0035135
1.15873	0.00506499
 FCN=4.03439 FROM MIGRAD    STATUS=CONVERGED      36 CALLS          37 TOTAL
                     EDM=4.70431e-15    STRATEGY= 1      ERROR MATRIX ACCURATE 
  EXT PARAMETER                                   STEP         FIRST   
  NO.   NAME      VALUE            ERROR          SIZE      DERIVATIVE 
   1  p0           1.06537e+00   1.78179e-03   1.40611e-06   1.93050e-05
   2  p1           2.40258e-02   1.26336e-03   9.96990e-07  -5.53447e-05
SaveSource cannot open file: /home/zhangfy/nl_target/toyMC/results/data_13799.C
