1.07502	0.00395136
1.07802	0.00354686
1.07393	0.00350407
1.07681	0.00350076
1.08089	0.00342506
1.09238	0.00327833
1.11554	0.00348845
1.1511	0.00503161
 FCN=6.56719 FROM MIGRAD    STATUS=CONVERGED      36 CALLS          37 TOTAL
                     EDM=4.7975e-16    STRATEGY= 1      ERROR MATRIX ACCURATE 
  EXT PARAMETER                                   STEP         FIRST   
  NO.   NAME      VALUE            ERROR          SIZE      DERIVATIVE 
   1  p0           1.06935e+00   1.78430e-03   1.72468e-06   1.12807e-05
   2  p1           2.03930e-02   1.25780e-03   1.21577e-06  -1.06569e-05
SaveSource cannot open file: /home/zhangfy/nl_target/toyMC/results/data_13800.C
1.07137	0.00393795
1.07245	0.00352854
1.07595	0.00351066
1.0776	0.00350333
1.08119	0.003426
1.09109	0.00327447
1.11407	0.00348386
1.14015	0.00498373
 FCN=0.837949 FROM MIGRAD    STATUS=CONVERGED      38 CALLS          39 TOTAL
                     EDM=6.83624e-17    STRATEGY= 1      ERROR MATRIX ACCURATE 
  EXT PARAMETER                                   STEP         FIRST   
  NO.   NAME      VALUE            ERROR          SIZE      DERIVATIVE 
   1  p0           1.06905e+00   1.78069e-03   8.48584e-07   1.78502e-06
   2  p1           1.88618e-02   1.25123e-03   5.96271e-07  -7.40123e-06
SaveSource cannot open file: /home/zhangfy/nl_target/toyMC/results/data_13801.C
1.0626	0.0039057
1.0717	0.00352606
1.07604	0.00351097
1.07605	0.00349829
1.07688	0.00341236
1.09224	0.00327792
1.11699	0.00349299
1.14104	0.00498765
 FCN=5.76775 FROM MIGRAD    STATUS=CONVERGED      36 CALLS          37 TOTAL
                     EDM=2.94756e-16    STRATEGY= 1      ERROR MATRIX ACCURATE 
  EXT PARAMETER                                   STEP         FIRST   
  NO.   NAME      VALUE            ERROR          SIZE      DERIVATIVE 
   1  p0           1.06602e+00   1.77685e-03   1.62650e-06  -3.45525e-06
   2  p1           2.07131e-02   1.25168e-03   1.14576e-06   1.56723e-05
SaveSource cannot open file: /home/zhangfy/nl_target/toyMC/results/data_13802.C
1.06653	0.00392014
1.06916	0.00351771
1.07417	0.00350484
1.07602	0.00349818
1.08317	0.00343229
1.09054	0.00327281
1.11695	0.00349288
1.15062	0.00502951
 FCN=3.42386 FROM MIGRAD    STATUS=CONVERGED      36 CALLS          37 TOTAL
                     EDM=4.37382e-15    STRATEGY= 1      ERROR MATRIX ACCURATE 
  EXT PARAMETER                                   STEP         FIRST   
  NO.   NAME      VALUE            ERROR          SIZE      DERIVATIVE 
   1  p0           1.06575e+00   1.77892e-03   1.31628e-06  -3.63949e-05
   2  p1           2.20754e-02   1.25654e-03   9.29760e-07   2.87837e-05
SaveSource cannot open file: /home/zhangfy/nl_target/toyMC/results/data_13803.C
1.06246	0.0039052
1.07042	0.00352185
1.07154	0.00349627
1.07479	0.0034942
1.08731	0.0034454
1.09351	0.00328174
1.1134	0.00348175
1.14425	0.00500169
 FCN=12.0737 FROM MIGRAD    STATUS=CONVERGED      34 CALLS          35 TOTAL
                     EDM=3.40093e-16    STRATEGY= 1      ERROR MATRIX ACCURATE 
  EXT PARAMETER                                   STEP         FIRST   
  NO.   NAME      VALUE            ERROR          SIZE      DERIVATIVE 
   1  p0           1.06643e+00   1.77733e-03   2.26150e-06  -6.14244e-06
   2  p1           2.07118e-02   1.25184e-03   1.59286e-06   1.38173e-05
SaveSource cannot open file: /home/zhangfy/nl_target/toyMC/results/data_13804.C
1.07308	0.00394423
1.06812	0.00351427
1.07938	0.00352184
1.08335	0.00352201
1.08131	0.00342638
1.09134	0.00327523
1.11447	0.00348512
1.14291	0.00499581
 FCN=5.90393 FROM MIGRAD    STATUS=CONVERGED      36 CALLS          37 TOTAL
                     EDM=7.17806e-16    STRATEGY= 1      ERROR MATRIX ACCURATE 
  EXT PARAMETER                                   STEP         FIRST   
  NO.   NAME      VALUE            ERROR          SIZE      DERIVATIVE 
   1  p0           1.06998e+00   1.78253e-03   1.64634e-06   2.03251e-05
   2  p1           1.90478e-02   1.25293e-03   1.15720e-06  -1.86508e-06
SaveSource cannot open file: /home/zhangfy/nl_target/toyMC/results/data_13805.C
1.07655	0.00395699
1.07178	0.00352632
1.0728	0.0035004
1.07502	0.00349495
1.0754	0.00340766
1.09279	0.00327957
1.11355	0.00348225
1.15029	0.00502806
 FCN=10.1206 FROM MIGRAD    STATUS=CONVERGED      36 CALLS          37 TOTAL
                     EDM=1.0523e-16    STRATEGY= 1      ERROR MATRIX ACCURATE 
  EXT PARAMETER                                   STEP         FIRST   
  NO.   NAME      VALUE            ERROR          SIZE      DERIVATIVE 
   1  p0           1.06684e+00   1.78057e-03   2.08674e-06  -1.12047e-05
   2  p1           2.08248e-02   1.25607e-03   1.47205e-06  -9.38227e-06
SaveSource cannot open file: /home/zhangfy/nl_target/toyMC/results/data_13806.C
1.07916	0.00396656
1.06941	0.00351851
1.07282	0.00350046
1.08574	0.00352978
1.08268	0.00343072
1.0923	0.00327811
1.11695	0.00349286
1.14919	0.00502328
 FCN=9.04997 FROM MIGRAD    STATUS=CONVERGED      36 CALLS          37 TOTAL
                     EDM=3.23821e-15    STRATEGY= 1      ERROR MATRIX ACCURATE 
  EXT PARAMETER                                   STEP         FIRST   
  NO.   NAME      VALUE            ERROR          SIZE      DERIVATIVE 
   1  p0           1.07005e+00   1.78449e-03   1.98875e-06   2.79015e-05
   2  p1           2.03344e-02   1.25714e-03   1.40103e-06  -2.98272e-05
SaveSource cannot open file: /home/zhangfy/nl_target/toyMC/results/data_13807.C
1.07034	0.00393414
1.07451	0.00353531
1.07735	0.00351523
1.07964	0.00350994
1.08645	0.00344268
1.08968	0.00327023
1.11461	0.00348556
1.15053	0.00502912
 FCN=6.19629 FROM MIGRAD    STATUS=CONVERGED      34 CALLS          35 TOTAL
                     EDM=1.20133e-16    STRATEGY= 1      ERROR MATRIX ACCURATE 
  EXT PARAMETER                                   STEP         FIRST   
  NO.   NAME      VALUE            ERROR          SIZE      DERIVATIVE 
   1  p0           1.06974e+00   1.78428e-03   1.68201e-06   5.75967e-06
   2  p1           2.00836e-02   1.25694e-03   1.18490e-06  -5.16088e-06
SaveSource cannot open file: /home/zhangfy/nl_target/toyMC/results/data_13808.C
1.07156	0.00393862
1.07627	0.0035411
1.0762	0.00351148
1.07862	0.00350662
1.08253	0.00343024
1.09552	0.00328775
1.12003	0.0035025
1.14149	0.00498962
 FCN=1.96861 FROM MIGRAD    STATUS=CONVERGED      36 CALLS          37 TOTAL
                     EDM=9.69256e-18    STRATEGY= 1      ERROR MATRIX ACCURATE 
  EXT PARAMETER                                   STEP         FIRST   
  NO.   NAME      VALUE            ERROR          SIZE      DERIVATIVE 
   1  p0           1.07060e+00   1.78339e-03   1.08087e-06  -1.34400e-06
   2  p1           1.97734e-02   1.25427e-03   7.60185e-07   1.90372e-06
SaveSource cannot open file: /home/zhangfy/nl_target/toyMC/results/data_13809.C
1.07517	0.00395189
1.0724	0.00352834
1.07373	0.00350343
1.07808	0.00350489
1.08056	0.00342403
1.09313	0.00328059
1.11734	0.00349411
1.15206	0.0050358
 FCN=3.75822 FROM MIGRAD    STATUS=CONVERGED      36 CALLS          37 TOTAL
                     EDM=3.0345e-16    STRATEGY= 1      ERROR MATRIX ACCURATE 
  EXT PARAMETER                                   STEP         FIRST   
  NO.   NAME      VALUE            ERROR          SIZE      DERIVATIVE 
   1  p0           1.06815e+00   1.78284e-03   1.36733e-06   3.87632e-06
   2  p1           2.14139e-02   1.25840e-03   9.65120e-07   2.29839e-05
SaveSource cannot open file: /home/zhangfy/nl_target/toyMC/results/data_13810.C
1.07154	0.00393856
1.06905	0.00351733
1.07818	0.00351794
1.07974	0.00351029
1.07683	0.00341219
1.08959	0.00326998
1.1209	0.00350522
1.14441	0.00500236
 FCN=4.16781 FROM MIGRAD    STATUS=CONVERGED      36 CALLS          37 TOTAL
                     EDM=4.67035e-16    STRATEGY= 1      ERROR MATRIX ACCURATE 
  EXT PARAMETER                                   STEP         FIRST   
  NO.   NAME      VALUE            ERROR          SIZE      DERIVATIVE 
   1  p0           1.06738e+00   1.78036e-03   1.42353e-06   7.11432e-06
   2  p1           2.10760e-02   1.25542e-03   1.00380e-06  -1.62363e-05
SaveSource cannot open file: /home/zhangfy/nl_target/toyMC/results/data_13811.C
1.06977	0.00393206
1.07491	0.00353661
1.07037	0.00349245
1.08562	0.00352939
1.08544	0.00343948
1.08811	0.00326554
1.11518	0.00348732
1.15298	0.00503982
 FCN=11.6954 FROM MIGRAD    STATUS=CONVERGED      36 CALLS          37 TOTAL
                     EDM=4.06555e-16    STRATEGY= 1      ERROR MATRIX ACCURATE 
  EXT PARAMETER                                   STEP         FIRST   
  NO.   NAME      VALUE            ERROR          SIZE      DERIVATIVE 
   1  p0           1.06862e+00   1.78338e-03   2.23342e-06   9.93195e-06
   2  p1           2.09024e-02   1.25799e-03   1.57544e-06   3.00487e-05
SaveSource cannot open file: /home/zhangfy/nl_target/toyMC/results/data_13812.C
1.07503	0.00395138
1.06217	0.00349469
1.07604	0.00351097
1.07598	0.00349806
1.08352	0.00343338
1.09458	0.00328495
1.1163	0.00349085
1.15051	0.00502902
 FCN=13.8316 FROM MIGRAD    STATUS=CONVERGED      36 CALLS          37 TOTAL
                     EDM=1.5856e-15    STRATEGY= 1      ERROR MATRIX ACCURATE 
  EXT PARAMETER                                   STEP         FIRST   
  NO.   NAME      VALUE            ERROR          SIZE      DERIVATIVE 
   1  p0           1.06680e+00   1.78004e-03   2.41188e-06   1.13606e-05
   2  p1           2.17960e-02   1.25651e-03   1.70252e-06   5.44507e-05
SaveSource cannot open file: /home/zhangfy/nl_target/toyMC/results/data_13813.C
1.07295	0.00394376
1.07082	0.00352315
1.07414	0.00350477
1.07689	0.003501
1.07665	0.00341164
1.08901	0.00326823
1.12116	0.00350602
1.1421	0.00499226
 FCN=2.5524 FROM MIGRAD    STATUS=CONVERGED      36 CALLS          37 TOTAL
                     EDM=3.46058e-17    STRATEGY= 1      ERROR MATRIX ACCURATE 
  EXT PARAMETER                                   STEP         FIRST   
  NO.   NAME      VALUE            ERROR          SIZE      DERIVATIVE 
   1  p0           1.06673e+00   1.77906e-03   1.17942e-06  -5.26634e-06
   2  p1           2.09585e-02   1.25423e-03   8.31488e-07  -9.05950e-06
SaveSource cannot open file: /home/zhangfy/nl_target/toyMC/results/data_13814.C
1.0698	0.00393216
1.06922	0.00351789
1.07479	0.00350687
1.07878	0.00350715
1.08035	0.00342335
1.09234	0.00327821
1.11702	0.00349308
1.14806	0.00501833
 FCN=1.90006 FROM MIGRAD    STATUS=CONVERGED      36 CALLS          37 TOTAL
                     EDM=1.40863e-16    STRATEGY= 1      ERROR MATRIX ACCURATE 
  EXT PARAMETER                                   STEP         FIRST   
  NO.   NAME      VALUE            ERROR          SIZE      DERIVATIVE 
   1  p0           1.06704e+00   1.78003e-03   1.06628e-06   4.91830e-07
   2  p1           2.13140e-02   1.25566e-03   7.52172e-07   1.38414e-05
SaveSource cannot open file: /home/zhangfy/nl_target/toyMC/results/data_13815.C
1.07229	0.00394132
1.07423	0.00353439
1.07136	0.00349569
1.07815	0.00350512
1.0838	0.00343428
1.0948	0.0032856
1.11836	0.00349727
1.1476	0.00501633
 FCN=2.9698 FROM MIGRAD    STATUS=CONVERGED      36 CALLS          37 TOTAL
                     EDM=2.16317e-15    STRATEGY= 1      ERROR MATRIX ACCURATE 
  EXT PARAMETER                                   STEP         FIRST   
  NO.   NAME      VALUE            ERROR          SIZE      DERIVATIVE 
   1  p0           1.06873e+00   1.78220e-03   1.24914e-06   1.28754e-05
   2  p1           2.10132e-02   1.25633e-03   8.80560e-07  -3.80073e-05
SaveSource cannot open file: /home/zhangfy/nl_target/toyMC/results/data_13816.C
1.06938	0.00393064
1.06994	0.00352026
1.07265	0.00349989
1.08171	0.00351668
1.08009	0.00342251
1.08753	0.00326378
1.11672	0.00349217
1.14232	0.00499322
 FCN=1.88115 FROM MIGRAD    STATUS=CONVERGED      36 CALLS          37 TOTAL
                     EDM=1.06304e-16    STRATEGY= 1      ERROR MATRIX ACCURATE 
  EXT PARAMETER                                   STEP         FIRST   
  NO.   NAME      VALUE            ERROR          SIZE      DERIVATIVE 
   1  p0           1.06710e+00   1.77890e-03   1.06181e-06   4.52092e-06
   2  p1           2.02005e-02   1.25265e-03   7.47696e-07  -6.22824e-06
SaveSource cannot open file: /home/zhangfy/nl_target/toyMC/results/data_13817.C
1.06682	0.00392123
1.07121	0.00352445
1.07793	0.00351711
1.07517	0.00349541
1.07955	0.00342082
1.09077	0.00327351
1.12425	0.00351571
1.14009	0.00498351
 FCN=5.98374 FROM MIGRAD    STATUS=CONVERGED      36 CALLS          37 TOTAL
                     EDM=1.47387e-16    STRATEGY= 1      ERROR MATRIX ACCURATE 
  EXT PARAMETER                                   STEP         FIRST   
  NO.   NAME      VALUE            ERROR          SIZE      DERIVATIVE 
   1  p0           1.06696e+00   1.77875e-03   1.65463e-06   4.45934e-06
   2  p1           2.13538e-02   1.25400e-03   1.16649e-06   1.72936e-05
SaveSource cannot open file: /home/zhangfy/nl_target/toyMC/results/data_13818.C
1.07686	0.00395811
1.0693	0.00351815
1.07782	0.00351676
1.0743	0.00349258
1.08019	0.00342284
1.08818	0.00326572
1.11689	0.00349267
1.14901	0.0050225
 FCN=7.7602 FROM MIGRAD    STATUS=CONVERGED      36 CALLS          37 TOTAL
                     EDM=1.46991e-16    STRATEGY= 1      ERROR MATRIX ACCURATE 
  EXT PARAMETER                                   STEP         FIRST   
  NO.   NAME      VALUE            ERROR          SIZE      DERIVATIVE 
   1  p0           1.06749e+00   1.78166e-03   1.85313e-06  -1.33601e-05
   2  p1           2.07798e-02   1.25675e-03   1.30717e-06  -1.37151e-05
SaveSource cannot open file: /home/zhangfy/nl_target/toyMC/results/data_13819.C
1.06893	0.00392898
1.06224	0.00349492
1.0753	0.00350853
1.07837	0.00350583
1.0819	0.00342826
1.08915	0.00326865
1.11752	0.00349465
1.1438	0.00499969
 FCN=6.89642 FROM MIGRAD    STATUS=CONVERGED      36 CALLS          37 TOTAL
                     EDM=2.67722e-15    STRATEGY= 1      ERROR MATRIX ACCURATE 
  EXT PARAMETER                                   STEP         FIRST   
  NO.   NAME      VALUE            ERROR          SIZE      DERIVATIVE 
   1  p0           1.06553e+00   1.77688e-03   1.75705e-06   4.71372e-06
   2  p1           2.13180e-02   1.25302e-03   1.23904e-06  -5.35648e-05
SaveSource cannot open file: /home/zhangfy/nl_target/toyMC/results/data_13820.C
1.07165	0.00393898
1.06667	0.00350951
1.07462	0.00350632
1.07757	0.00350323
1.07954	0.00342077
1.09587	0.0032888
1.12298	0.00351172
1.14047	0.00498515
 FCN=6.70395 FROM MIGRAD    STATUS=CONVERGED      36 CALLS          37 TOTAL
                     EDM=6.24582e-16    STRATEGY= 1      ERROR MATRIX ACCURATE 
  EXT PARAMETER                                   STEP         FIRST   
  NO.   NAME      VALUE            ERROR          SIZE      DERIVATIVE 
   1  p0           1.06730e+00   1.77870e-03   1.73853e-06  -2.61954e-05
   2  p1           2.14445e-02   1.25363e-03   1.22532e-06  -1.70088e-05
SaveSource cannot open file: /home/zhangfy/nl_target/toyMC/results/data_13821.C
1.07294	0.00394371
1.07113	0.00352417
1.06834	0.00348582
1.08367	0.00352304
1.08123	0.00342612
1.09364	0.00328213
1.11729	0.00349394
1.1468	0.00501283
 FCN=6.27827 FROM MIGRAD    STATUS=CONVERGED      36 CALLS          37 TOTAL
                     EDM=6.71161e-16    STRATEGY= 1      ERROR MATRIX ACCURATE 
  EXT PARAMETER                                   STEP         FIRST   
  NO.   NAME      VALUE            ERROR          SIZE      DERIVATIVE 
   1  p0           1.06801e+00   1.78089e-03   1.69022e-06  -2.84877e-05
   2  p1           2.09688e-02   1.25527e-03   1.19136e-06  -2.60372e-05
SaveSource cannot open file: /home/zhangfy/nl_target/toyMC/results/data_13822.C
1.06562	0.0039168
1.06331	0.00349845
1.07707	0.00351431
1.07858	0.0035065
1.07591	0.00340928
1.09149	0.00327566
1.11614	0.00349032
1.14355	0.0049986
 FCN=8.41521 FROM MIGRAD    STATUS=CONVERGED      36 CALLS          37 TOTAL
                     EDM=3.89785e-16    STRATEGY= 1      ERROR MATRIX ACCURATE 
  EXT PARAMETER                                   STEP         FIRST   
  NO.   NAME      VALUE            ERROR          SIZE      DERIVATIVE 
   1  p0           1.06488e+00   1.77580e-03   1.91749e-06   1.06629e-05
   2  p1           2.13370e-02   1.25230e-03   1.35221e-06  -8.96905e-06
SaveSource cannot open file: /home/zhangfy/nl_target/toyMC/results/data_13823.C
1.07067	0.00393535
1.06836	0.00351507
1.07766	0.00351626
1.07995	0.00351095
1.07774	0.00341507
1.09099	0.00327417
1.11513	0.00348719
1.14536	0.00500653
 FCN=4.39223 FROM MIGRAD    STATUS=CONVERGED      36 CALLS          37 TOTAL
                     EDM=1.57479e-15    STRATEGY= 1      ERROR MATRIX ACCURATE 
  EXT PARAMETER                                   STEP         FIRST   
  NO.   NAME      VALUE            ERROR          SIZE      DERIVATIVE 
   1  p0           1.06756e+00   1.78010e-03   1.45334e-06  -4.76071e-06
   2  p1           2.02827e-02   1.25389e-03   1.02372e-06  -4.91822e-05
SaveSource cannot open file: /home/zhangfy/nl_target/toyMC/results/data_13824.C
1.07033	0.00393411
1.07607	0.00354042
1.07382	0.00350371
1.0777	0.00350366
1.08779	0.00344694
1.09172	0.00327636
1.11435	0.00348474
1.15018	0.00502761
 FCN=7.66492 FROM MIGRAD    STATUS=CONVERGED      36 CALLS          37 TOTAL
                     EDM=2.45828e-16    STRATEGY= 1      ERROR MATRIX ACCURATE 
  EXT PARAMETER                                   STEP         FIRST   
  NO.   NAME      VALUE            ERROR          SIZE      DERIVATIVE 
   1  p0           1.06951e+00   1.78369e-03   1.84553e-06   1.94790e-06
   2  p1           2.02250e-02   1.25654e-03   1.30010e-06   1.94530e-05
SaveSource cannot open file: /home/zhangfy/nl_target/toyMC/results/data_13825.C
1.06681	0.00392119
1.07157	0.00352562
1.07189	0.00349743
1.08015	0.00351159
1.08133	0.00342647
1.09549	0.00328769
1.12281	0.00351119
1.14342	0.00499804
 FCN=3.78127 FROM MIGRAD    STATUS=CONVERGED      36 CALLS          37 TOTAL
                     EDM=2.02139e-16    STRATEGY= 1      ERROR MATRIX ACCURATE 
  EXT PARAMETER                                   STEP         FIRST   
  NO.   NAME      VALUE            ERROR          SIZE      DERIVATIVE 
   1  p0           1.06739e+00   1.77941e-03   1.37021e-06   5.04143e-06
   2  p1           2.18497e-02   1.25501e-03   9.66405e-07  -1.02176e-05
SaveSource cannot open file: /home/zhangfy/nl_target/toyMC/results/data_13826.C
1.07466	0.00395004
1.06628	0.00350823
1.07626	0.00351168
1.08088	0.00351397
1.08043	0.00342362
1.09047	0.0032726
1.12301	0.00351182
1.15148	0.00503326
 FCN=4.90797 FROM MIGRAD    STATUS=CONVERGED      36 CALLS          37 TOTAL
                     EDM=6.35961e-16    STRATEGY= 1      ERROR MATRIX ACCURATE 
  EXT PARAMETER                                   STEP         FIRST   
  NO.   NAME      VALUE            ERROR          SIZE      DERIVATIVE 
   1  p0           1.06709e+00   1.78177e-03   1.52376e-06   1.32067e-05
   2  p1           2.26371e-02   1.25962e-03   1.07722e-06  -1.19554e-05
SaveSource cannot open file: /home/zhangfy/nl_target/toyMC/results/data_13827.C
1.06167	0.00390228
1.06733	0.00351169
1.07411	0.00350467
1.0764	0.00349944
1.08331	0.00343273
1.08532	0.00325716
1.12278	0.00351109
1.15197	0.00503543
 FCN=6.61873 FROM MIGRAD    STATUS=CONVERGED      36 CALLS          37 TOTAL
                     EDM=1.90415e-16    STRATEGY= 1      ERROR MATRIX ACCURATE 
  EXT PARAMETER                                   STEP         FIRST   
  NO.   NAME      VALUE            ERROR          SIZE      DERIVATIVE 
   1  p0           1.06330e+00   1.77669e-03   1.72631e-06  -1.02333e-05
   2  p1           2.39204e-02   1.25853e-03   1.22285e-06  -2.14991e-05
SaveSource cannot open file: /home/zhangfy/nl_target/toyMC/results/data_13828.C
1.07431	0.00394876
1.07465	0.00353575
1.07623	0.00351157
1.07549	0.00349647
1.0839	0.00343458
1.09508	0.00328644
1.11446	0.00348509
1.15167	0.00503412
 FCN=7.73974 FROM MIGRAD    STATUS=CONVERGED      36 CALLS          37 TOTAL
                     EDM=4.74852e-16    STRATEGY= 1      ERROR MATRIX ACCURATE 
  EXT PARAMETER                                   STEP         FIRST   
  NO.   NAME      VALUE            ERROR          SIZE      DERIVATIVE 
   1  p0           1.06964e+00   1.78433e-03   1.85406e-06   1.90660e-05
   2  p1           2.04463e-02   1.25756e-03   1.30671e-06   3.90152e-06
SaveSource cannot open file: /home/zhangfy/nl_target/toyMC/results/data_13829.C
1.07092	0.00393627
1.07559	0.00353885
1.07562	0.0035096
1.08409	0.00352442
1.08498	0.00343802
1.09002	0.00327125
1.11883	0.00349875
1.14021	0.00498402
 FCN=2.10505 FROM MIGRAD    STATUS=CONVERGED      38 CALLS          39 TOTAL
                     EDM=9.06958e-17    STRATEGY= 1      ERROR MATRIX ACCURATE 
  EXT PARAMETER                                   STEP         FIRST   
  NO.   NAME      VALUE            ERROR          SIZE      DERIVATIVE 
   1  p0           1.07115e+00   1.78384e-03   1.10520e-06  -3.65696e-06
   2  p1           1.89695e-02   1.25329e-03   7.76487e-07  -1.36832e-05
SaveSource cannot open file: /home/zhangfy/nl_target/toyMC/results/data_13830.C
1.07282	0.00394329
1.06991	0.00352018
1.07945	0.00352207
1.07822	0.00350535
1.07914	0.00341953
1.08783	0.00326469
1.11889	0.00349894
1.1503	0.00502812
 FCN=5.45017 FROM MIGRAD    STATUS=CONVERGED      36 CALLS          37 TOTAL
                     EDM=1.8378e-15    STRATEGY= 1      ERROR MATRIX ACCURATE 
  EXT PARAMETER                                   STEP         FIRST   
  NO.   NAME      VALUE            ERROR          SIZE      DERIVATIVE 
   1  p0           1.06751e+00   1.78207e-03   1.59093e-06   3.85280e-05
   2  p1           2.13286e-02   1.25798e-03   1.12305e-06   6.57898e-05
SaveSource cannot open file: /home/zhangfy/nl_target/toyMC/results/data_13831.C
1.0753	0.00395237
1.07232	0.00352808
1.07171	0.00349683
1.07761	0.00350335
1.08819	0.00344818
1.09038	0.00327234
1.12053	0.00350405
1.14999	0.00502676
 FCN=5.70525 FROM MIGRAD    STATUS=CONVERGED      36 CALLS          37 TOTAL
                     EDM=4.39948e-16    STRATEGY= 1      ERROR MATRIX ACCURATE 
  EXT PARAMETER                                   STEP         FIRST   
  NO.   NAME      VALUE            ERROR          SIZE      DERIVATIVE 
   1  p0           1.06867e+00   1.78320e-03   1.62404e-06   4.34507e-06
   2  p1           2.14919e-02   1.25838e-03   1.14606e-06  -1.88805e-05
SaveSource cannot open file: /home/zhangfy/nl_target/toyMC/results/data_13832.C
1.06866	0.00392798
1.07447	0.00353516
1.07602	0.00351088
1.07553	0.00349659
1.07782	0.00341535
1.09567	0.00328822
1.12601	0.00352121
1.14669	0.00501233
 FCN=5.67738 FROM MIGRAD    STATUS=CONVERGED      36 CALLS          37 TOTAL
                     EDM=6.62354e-17    STRATEGY= 1      ERROR MATRIX ACCURATE 
  EXT PARAMETER                                   STEP         FIRST   
  NO.   NAME      VALUE            ERROR          SIZE      DERIVATIVE 
   1  p0           1.06728e+00   1.78091e-03   1.62026e-06  -7.22897e-06
   2  p1           2.26532e-02   1.25819e-03   1.14470e-06  -1.68177e-06
SaveSource cannot open file: /home/zhangfy/nl_target/toyMC/results/data_13833.C
1.06947	0.00393097
1.0773	0.00354448
1.07521	0.00350825
1.07328	0.00348926
1.07417	0.00340377
1.09085	0.00327376
1.11811	0.00349651
1.15145	0.00503316
 FCN=9.90959 FROM MIGRAD    STATUS=CONVERGED      36 CALLS          37 TOTAL
                     EDM=2.00074e-16    STRATEGY= 1      ERROR MATRIX ACCURATE 
  EXT PARAMETER                                   STEP         FIRST   
  NO.   NAME      VALUE            ERROR          SIZE      DERIVATIVE 
   1  p0           1.06607e+00   1.78049e-03   2.06735e-06  -7.93083e-06
   2  p1           2.18925e-02   1.25814e-03   1.46083e-06   5.90362e-06
SaveSource cannot open file: /home/zhangfy/nl_target/toyMC/results/data_13834.C
1.06706	0.00392209
1.07118	0.00352434
1.06965	0.00349011
1.07804	0.00350476
1.07728	0.00341361
1.09067	0.00327322
1.11905	0.00349943
1.14937	0.00502408
 FCN=1.44367 FROM MIGRAD    STATUS=CONVERGED      36 CALLS          37 TOTAL
                     EDM=3.30565e-16    STRATEGY= 1      ERROR MATRIX ACCURATE 
  EXT PARAMETER                                   STEP         FIRST   
  NO.   NAME      VALUE            ERROR          SIZE      DERIVATIVE 
   1  p0           1.06464e+00   1.77752e-03   9.77736e-07   1.23934e-05
   2  p1           2.25868e-02   1.25648e-03   6.91139e-07  -3.94202e-06
SaveSource cannot open file: /home/zhangfy/nl_target/toyMC/results/data_13835.C
1.07393	0.00394733
1.07089	0.0035234
1.06865	0.00348684
1.08382	0.00352353
1.07771	0.00341499
1.08975	0.00327044
1.12175	0.00350789
1.14609	0.0050097
 FCN=6.288 FROM MIGRAD    STATUS=CONVERGED      36 CALLS          37 TOTAL
                     EDM=3.89743e-16    STRATEGY= 1      ERROR MATRIX ACCURATE 
  EXT PARAMETER                                   STEP         FIRST   
  NO.   NAME      VALUE            ERROR          SIZE      DERIVATIVE 
   1  p0           1.06688e+00   1.78008e-03   1.69070e-06  -1.23716e-05
   2  p1           2.17089e-02   1.25637e-03   1.19328e-06   6.12944e-06
SaveSource cannot open file: /home/zhangfy/nl_target/toyMC/results/data_13836.C
1.06642	0.00391976
1.0684	0.0035152
1.07954	0.00352236
1.07852	0.0035063
1.08326	0.00343257
1.0916	0.00327601
1.11317	0.00348106
1.1437	0.00499926
 FCN=7.50003 FROM MIGRAD    STATUS=CONVERGED      36 CALLS          37 TOTAL
                     EDM=3.25225e-17    STRATEGY= 1      ERROR MATRIX ACCURATE 
  EXT PARAMETER                                   STEP         FIRST   
  NO.   NAME      VALUE            ERROR          SIZE      DERIVATIVE 
   1  p0           1.06828e+00   1.78007e-03   1.82489e-06  -5.37806e-06
   2  p1           1.96582e-02   1.25225e-03   1.28378e-06  -8.64634e-06
SaveSource cannot open file: /home/zhangfy/nl_target/toyMC/results/data_13837.C
1.07152	0.00393849
1.0752	0.00353756
1.07567	0.00350975
1.07519	0.00349548
1.08297	0.00343166
1.09733	0.00329319
1.12024	0.00350317
1.14432	0.00500197
 FCN=4.81102 FROM MIGRAD    STATUS=CONVERGED      36 CALLS          37 TOTAL
                     EDM=1.50703e-17    STRATEGY= 1      ERROR MATRIX ACCURATE 
  EXT PARAMETER                                   STEP         FIRST   
  NO.   NAME      VALUE            ERROR          SIZE      DERIVATIVE 
   1  p0           1.06960e+00   1.78267e-03   1.51206e-06  -7.56274e-07
   2  p1           2.06658e-02   1.25552e-03   1.06493e-06   3.55919e-06
SaveSource cannot open file: /home/zhangfy/nl_target/toyMC/results/data_13838.C
1.06559	0.00391669
1.0699	0.00352012
1.07428	0.00350521
1.07302	0.00348842
1.07986	0.00342181
1.0879	0.00326488
1.11492	0.00348654
1.14719	0.00501454
 FCN=3.3118 FROM MIGRAD    STATUS=CONVERGED      36 CALLS          37 TOTAL
                     EDM=1.85845e-16    STRATEGY= 1      ERROR MATRIX ACCURATE 
  EXT PARAMETER                                   STEP         FIRST   
  NO.   NAME      VALUE            ERROR          SIZE      DERIVATIVE 
   1  p0           1.06467e+00   1.77679e-03   1.29743e-06   2.31898e-06
   2  p1           2.13933e-02   1.25401e-03   9.15693e-07  -1.29113e-05
SaveSource cannot open file: /home/zhangfy/nl_target/toyMC/results/data_13839.C
1.07151	0.00393846
1.07121	0.00352446
1.07085	0.00349404
1.07579	0.00349745
1.07726	0.00341356
1.09165	0.00327614
1.11816	0.00349665
1.14456	0.00500303
 FCN=1.69675 FROM MIGRAD    STATUS=CONVERGED      36 CALLS          37 TOTAL
                     EDM=2.06443e-16    STRATEGY= 1      ERROR MATRIX ACCURATE 
  EXT PARAMETER                                   STEP         FIRST   
  NO.   NAME      VALUE            ERROR          SIZE      DERIVATIVE 
   1  p0           1.06599e+00   1.77812e-03   1.02719e-06  -9.52297e-06
   2  p1           2.12601e-02   1.25416e-03   7.24507e-07   3.59344e-06
SaveSource cannot open file: /home/zhangfy/nl_target/toyMC/results/data_13840.C
1.07826	0.00396327
1.07397	0.00353352
1.07565	0.00350968
1.0757	0.00349713
1.07878	0.00341837
1.08887	0.00326782
1.11832	0.00349717
1.13837	0.00497598
 FCN=4.66339 FROM MIGRAD    STATUS=CONVERGED      36 CALLS          37 TOTAL
                     EDM=4.34222e-16    STRATEGY= 1      ERROR MATRIX ACCURATE 
  EXT PARAMETER                                   STEP         FIRST   
  NO.   NAME      VALUE            ERROR          SIZE      DERIVATIVE 
   1  p0           1.06946e+00   1.78177e-03   1.49014e-06   1.15929e-05
   2  p1           1.88637e-02   1.25227e-03   1.04731e-06   3.17703e-05
SaveSource cannot open file: /home/zhangfy/nl_target/toyMC/results/data_13841.C
1.06412	0.0039113
1.07608	0.00354047
1.07697	0.00351399
1.07625	0.00349893
1.08305	0.00343191
1.08922	0.00326885
1.11389	0.00348331
1.14853	0.00502038
 FCN=8.7656 FROM MIGRAD    STATUS=CONVERGED      36 CALLS          37 TOTAL
                     EDM=8.09186e-16    STRATEGY= 1      ERROR MATRIX ACCURATE 
  EXT PARAMETER                                   STEP         FIRST   
  NO.   NAME      VALUE            ERROR          SIZE      DERIVATIVE 
   1  p0           1.06770e+00   1.78101e-03   1.95626e-06  -3.00673e-05
   2  p1           2.03840e-02   1.25512e-03   1.37863e-06  -3.87837e-05
SaveSource cannot open file: /home/zhangfy/nl_target/toyMC/results/data_13842.C
1.06912	0.00392966
1.07324	0.0035311
1.0718	0.00349712
1.07552	0.00349655
1.07512	0.00340678
1.0944	0.0032844
1.1224	0.00350992
1.14319	0.00499704
 FCN=5.46524 FROM MIGRAD    STATUS=CONVERGED      36 CALLS          37 TOTAL
                     EDM=5.53363e-17    STRATEGY= 1      ERROR MATRIX ACCURATE 
  EXT PARAMETER                                   STEP         FIRST   
  NO.   NAME      VALUE            ERROR          SIZE      DERIVATIVE 
   1  p0           1.06603e+00   1.77808e-03   1.59146e-06  -6.82265e-06
   2  p1           2.19263e-02   1.25485e-03   1.12314e-06  -2.04026e-06
SaveSource cannot open file: /home/zhangfy/nl_target/toyMC/results/data_13843.C
1.07797	0.0039622
1.07167	0.00352594
1.07297	0.00350093
1.0747	0.00349388
1.0798	0.00342161
1.09073	0.00327338
1.11602	0.00348996
1.14541	0.00500675
 FCN=5.34623 FROM MIGRAD    STATUS=CONVERGED      36 CALLS          37 TOTAL
                     EDM=2.86487e-16    STRATEGY= 1      ERROR MATRIX ACCURATE 
  EXT PARAMETER                                   STEP         FIRST   
  NO.   NAME      VALUE            ERROR          SIZE      DERIVATIVE 
   1  p0           1.06794e+00   1.78107e-03   1.57703e-06   6.21769e-06
   2  p1           2.01451e-02   1.25464e-03   1.11090e-06  -1.18627e-05
SaveSource cannot open file: /home/zhangfy/nl_target/toyMC/results/data_13844.C
1.07087	0.00393612
1.06864	0.00351598
1.07522	0.00350827
1.07414	0.00349208
1.08158	0.00342724
1.09044	0.00327252
1.11899	0.00349926
1.15669	0.00505605
 FCN=4.96868 FROM MIGRAD    STATUS=CONVERGED      36 CALLS          37 TOTAL
                     EDM=6.99624e-16    STRATEGY= 1      ERROR MATRIX ACCURATE 
  EXT PARAMETER                                   STEP         FIRST   
  NO.   NAME      VALUE            ERROR          SIZE      DERIVATIVE 
   1  p0           1.06530e+00   1.78037e-03   1.52990e-06  -2.79388e-06
   2  p1           2.32562e-02   1.26053e-03   1.08319e-06  -3.22757e-05
SaveSource cannot open file: /home/zhangfy/nl_target/toyMC/results/data_13845.C
1.0712	0.00393732
1.07052	0.00352216
1.0682	0.00348539
1.07856	0.00350645
1.08565	0.00344014
1.09104	0.00327433
1.11788	0.00349579
1.15202	0.00503563
 FCN=5.87466 FROM MIGRAD    STATUS=CONVERGED      36 CALLS          37 TOTAL
                     EDM=5.54162e-15    STRATEGY= 1      ERROR MATRIX ACCURATE 
  EXT PARAMETER                                   STEP         FIRST   
  NO.   NAME      VALUE            ERROR          SIZE      DERIVATIVE 
   1  p0           1.06645e+00   1.78023e-03   1.64216e-06  -4.51619e-06
   2  p1           2.22327e-02   1.25775e-03   1.16020e-06  -8.80084e-05
SaveSource cannot open file: /home/zhangfy/nl_target/toyMC/results/data_13846.C
1.0731	0.00394431
1.0724	0.00352836
1.07454	0.00350607
1.07589	0.00349776
1.08321	0.00343241
1.09171	0.00327634
1.12744	0.00352566
1.14456	0.00500304
 FCN=4.11124 FROM MIGRAD    STATUS=CONVERGED      36 CALLS          37 TOTAL
                     EDM=8.52112e-16    STRATEGY= 1      ERROR MATRIX ACCURATE 
  EXT PARAMETER                                   STEP         FIRST   
  NO.   NAME      VALUE            ERROR          SIZE      DERIVATIVE 
   1  p0           1.06801e+00   1.78162e-03   1.41792e-06  -9.85948e-06
   2  p1           2.21690e-02   1.25776e-03   1.00100e-06   2.15613e-05
SaveSource cannot open file: /home/zhangfy/nl_target/toyMC/results/data_13847.C
1.06776	0.00392466
1.07594	0.00353999
1.07738	0.00351534
1.07698	0.00350131
1.08282	0.00343119
1.08816	0.00326568
1.12157	0.00350732
1.14892	0.00502209
 FCN=4.19547 FROM MIGRAD    STATUS=CONVERGED      36 CALLS          37 TOTAL
                     EDM=6.04262e-15    STRATEGY= 1      ERROR MATRIX ACCURATE 
  EXT PARAMETER                                   STEP         FIRST   
  NO.   NAME      VALUE            ERROR          SIZE      DERIVATIVE 
   1  p0           1.06795e+00   1.78238e-03   1.42869e-06   1.87357e-05
   2  p1           2.15474e-02   1.25815e-03   1.00848e-06  -6.68456e-05
SaveSource cannot open file: /home/zhangfy/nl_target/toyMC/results/data_13848.C
1.07824	0.0039632
1.0738	0.00353297
1.06858	0.00348661
1.07831	0.00350564
1.08583	0.0034407
1.09349	0.00328166
1.11467	0.00348573
1.14559	0.00500752
 FCN=9.40894 FROM MIGRAD    STATUS=CONVERGED      36 CALLS          37 TOTAL
                     EDM=3.41666e-15    STRATEGY= 1      ERROR MATRIX ACCURATE 
  EXT PARAMETER                                   STEP         FIRST   
  NO.   NAME      VALUE            ERROR          SIZE      DERIVATIVE 
   1  p0           1.06975e+00   1.78290e-03   2.02212e-06  -7.09359e-06
   2  p1           1.96221e-02   1.25442e-03   1.42273e-06  -7.24944e-05
SaveSource cannot open file: /home/zhangfy/nl_target/toyMC/results/data_13849.C
1.06869	0.00392807
1.07127	0.00352465
1.07221	0.00349847
1.08257	0.00351949
1.07753	0.00341441
1.09384	0.00328272
1.12071	0.00350463
1.14663	0.00501208
 FCN=3.43581 FROM MIGRAD    STATUS=CONVERGED      36 CALLS          37 TOTAL
                     EDM=1.04203e-16    STRATEGY= 1      ERROR MATRIX ACCURATE 
  EXT PARAMETER                                   STEP         FIRST   
  NO.   NAME      VALUE            ERROR          SIZE      DERIVATIVE 
   1  p0           1.06706e+00   1.77994e-03   1.31938e-06  -7.94351e-06
   2  p1           2.18418e-02   1.25612e-03   9.31099e-07  -1.59421e-05
SaveSource cannot open file: /home/zhangfy/nl_target/toyMC/results/data_13850.C
1.06835	0.00392682
1.06674	0.00350975
1.06794	0.00348454
1.07877	0.00350714
1.08526	0.00343891
1.09268	0.00327924
1.12702	0.00352436
1.14917	0.00502318
 FCN=5.78216 FROM MIGRAD    STATUS=CONVERGED      34 CALLS          35 TOTAL
                     EDM=3.7402e-17    STRATEGY= 1      ERROR MATRIX ACCURATE 
  EXT PARAMETER                                   STEP         FIRST   
  NO.   NAME      VALUE            ERROR          SIZE      DERIVATIVE 
   1  p0           1.06495e+00   1.77797e-03   1.63164e-06   6.54442e-06
   2  p1           2.41887e-02   1.25870e-03   1.15510e-06   4.75385e-06
SaveSource cannot open file: /home/zhangfy/nl_target/toyMC/results/data_13851.C
1.066	0.0039182
1.07393	0.00353338
1.0756	0.00350954
1.08284	0.00352036
1.0869	0.00344409
1.08985	0.00327074
1.11588	0.00348951
1.15036	0.00502838
 FCN=7.98753 FROM MIGRAD    STATUS=CONVERGED      36 CALLS          37 TOTAL
                     EDM=5.90854e-17    STRATEGY= 1      ERROR MATRIX ACCURATE 
  EXT PARAMETER                                   STEP         FIRST   
  NO.   NAME      VALUE            ERROR          SIZE      DERIVATIVE 
   1  p0           1.06904e+00   1.78310e-03   1.87953e-06   7.17572e-06
   2  p1           2.06852e-02   1.25683e-03   1.32480e-06   2.47387e-06
SaveSource cannot open file: /home/zhangfy/nl_target/toyMC/results/data_13852.C
1.07044	0.00393454
1.07034	0.00352159
1.07064	0.00349335
1.08124	0.00351515
1.08181	0.00342798
1.09265	0.00327914
1.12035	0.0035035
1.14199	0.00499181
 FCN=2.38607 FROM MIGRAD    STATUS=CONVERGED      36 CALLS          37 TOTAL
                     EDM=7.25505e-16    STRATEGY= 1      ERROR MATRIX ACCURATE 
  EXT PARAMETER                                   STEP         FIRST   
  NO.   NAME      VALUE            ERROR          SIZE      DERIVATIVE 
   1  p0           1.06771e+00   1.77951e-03   1.15249e-06   6.13373e-06
   2  p1           2.09221e-02   1.25366e-03   8.11918e-07   3.57645e-05
SaveSource cannot open file: /home/zhangfy/nl_target/toyMC/results/data_13853.C
1.06997	0.00393279
1.07668	0.00354243
1.07138	0.00349574
1.07808	0.00350487
1.08603	0.00344135
1.09244	0.00327852
1.11984	0.00350191
1.14873	0.00502128
 FCN=4.00342 FROM MIGRAD    STATUS=CONVERGED      34 CALLS          35 TOTAL
                     EDM=4.08439e-18    STRATEGY= 1      ERROR MATRIX ACCURATE 
  EXT PARAMETER                                   STEP         FIRST   
  NO.   NAME      VALUE            ERROR          SIZE      DERIVATIVE 
   1  p0           1.06872e+00   1.78272e-03   1.40273e-06  -1.48639e-06
   2  p1           2.13129e-02   1.25743e-03   9.89405e-07  -3.15313e-06
SaveSource cannot open file: /home/zhangfy/nl_target/toyMC/results/data_13854.C
1.06937	0.00393057
1.06566	0.00350619
1.07142	0.00349588
1.07843	0.00350602
1.08365	0.00343382
1.09283	0.00327969
1.12161	0.00350743
1.14263	0.00499461
 FCN=4.7361 FROM MIGRAD    STATUS=CONVERGED      36 CALLS          37 TOTAL
                     EDM=5.17825e-17    STRATEGY= 1      ERROR MATRIX ACCURATE 
  EXT PARAMETER                                   STEP         FIRST   
  NO.   NAME      VALUE            ERROR          SIZE      DERIVATIVE 
   1  p0           1.06629e+00   1.77770e-03   1.49928e-06   7.91449e-06
   2  p1           2.18425e-02   1.25388e-03   1.05751e-06   7.15158e-06
SaveSource cannot open file: /home/zhangfy/nl_target/toyMC/results/data_13855.C
1.06985	0.00393234
1.06828	0.0035148
1.07621	0.00351151
1.07939	0.00350914
1.08425	0.00343572
1.091	0.00327419
1.11982	0.00350185
1.14806	0.00501833
 FCN=2.57352 FROM MIGRAD    STATUS=CONVERGED      36 CALLS          37 TOTAL
                     EDM=3.77645e-16    STRATEGY= 1      ERROR MATRIX ACCURATE 
  EXT PARAMETER                                   STEP         FIRST   
  NO.   NAME      VALUE            ERROR          SIZE      DERIVATIVE 
   1  p0           1.06764e+00   1.78104e-03   1.18457e-06  -1.96707e-05
   2  p1           2.15807e-02   1.25668e-03   8.35817e-07  -1.06862e-05
SaveSource cannot open file: /home/zhangfy/nl_target/toyMC/results/data_13856.C
1.06205	0.00390369
1.06762	0.00351263
1.0734	0.00350233
1.08121	0.00351506
1.0846	0.00343682
1.09138	0.00327533
1.11632	0.0034909
1.14989	0.00502633
 FCN=8.90834 FROM MIGRAD    STATUS=CONVERGED      36 CALLS          37 TOTAL
                     EDM=3.12904e-16    STRATEGY= 1      ERROR MATRIX ACCURATE 
  EXT PARAMETER                                   STEP         FIRST   
  NO.   NAME      VALUE            ERROR          SIZE      DERIVATIVE 
   1  p0           1.06584e+00   1.77831e-03   1.97010e-06  -1.16765e-05
   2  p1           2.20846e-02   1.25559e-03   1.39100e-06   4.50154e-06
SaveSource cannot open file: /home/zhangfy/nl_target/toyMC/results/data_13857.C
1.07044	0.00393453
1.07641	0.00354156
1.07059	0.00349318
1.07899	0.00350785
1.08451	0.00343653
1.08519	0.00325676
1.1245	0.00351648
1.14875	0.00502133
 FCN=7.61197 FROM MIGRAD    STATUS=CONVERGED      36 CALLS          37 TOTAL
                     EDM=5.90364e-17    STRATEGY= 1      ERROR MATRIX ACCURATE 
  EXT PARAMETER                                   STEP         FIRST   
  NO.   NAME      VALUE            ERROR          SIZE      DERIVATIVE 
   1  p0           1.06721e+00   1.78175e-03   1.83914e-06   7.59409e-06
   2  p1           2.21555e-02   1.25888e-03   1.29943e-06   3.63972e-06
SaveSource cannot open file: /home/zhangfy/nl_target/toyMC/results/data_13858.C
1.07248	0.00394202
1.0725	0.00352868
1.07257	0.00349963
1.07678	0.00350065
1.08186	0.00342814
1.09339	0.00328138
1.11837	0.00349732
1.14827	0.00501925
 FCN=1.76022 FROM MIGRAD    STATUS=CONVERGED      36 CALLS          37 TOTAL
                     EDM=1.20609e-15    STRATEGY= 1      ERROR MATRIX ACCURATE 
  EXT PARAMETER                                   STEP         FIRST   
  NO.   NAME      VALUE            ERROR          SIZE      DERIVATIVE 
   1  p0           1.06775e+00   1.78125e-03   1.04095e-06  -2.03207e-05
   2  p1           2.13225e-02   1.25653e-03   7.34308e-07  -5.31028e-05
SaveSource cannot open file: /home/zhangfy/nl_target/toyMC/results/data_13859.C
1.0784	0.00396377
1.06739	0.00351188
1.06743	0.00348287
1.07388	0.00349122
1.082	0.00342857
1.09413	0.00328359
1.11614	0.00349033
1.15015	0.00502748
 FCN=13.1691 FROM MIGRAD    STATUS=CONVERGED      34 CALLS          35 TOTAL
                     EDM=5.31533e-16    STRATEGY= 1      ERROR MATRIX ACCURATE 
  EXT PARAMETER                                   STEP         FIRST   
  NO.   NAME      VALUE            ERROR          SIZE      DERIVATIVE 
   1  p0           1.06603e+00   1.77919e-03   2.35585e-06   1.04752e-05
   2  p1           2.18534e-02   1.25631e-03   1.66350e-06  -1.33614e-05
SaveSource cannot open file: /home/zhangfy/nl_target/toyMC/results/data_13860.C
1.06898	0.00392916
1.07492	0.00353665
1.07464	0.00350638
1.07808	0.00350487
1.0856	0.00343998
1.09076	0.00327348
1.11841	0.00349743
1.1476	0.00501634
 FCN=2.60274 FROM MIGRAD    STATUS=CONVERGED      36 CALLS          37 TOTAL
                     EDM=2.95011e-16    STRATEGY= 1      ERROR MATRIX ACCURATE 
  EXT PARAMETER                                   STEP         FIRST   
  NO.   NAME      VALUE            ERROR          SIZE      DERIVATIVE 
   1  p0           1.06874e+00   1.78242e-03   1.18979e-06  -1.40290e-05
   2  p1           2.08013e-02   1.25637e-03   8.38646e-07  -8.34012e-07
SaveSource cannot open file: /home/zhangfy/nl_target/toyMC/results/data_13861.C
1.07149	0.00393838
1.0734	0.00353165
1.07512	0.00350794
1.07325	0.00348918
1.08156	0.00342717
1.09438	0.00328434
1.11813	0.00349657
1.14878	0.00502149
 FCN=4.53697 FROM MIGRAD    STATUS=CONVERGED      36 CALLS          37 TOTAL
                     EDM=8.45448e-16    STRATEGY= 1      ERROR MATRIX ACCURATE 
  EXT PARAMETER                                   STEP         FIRST   
  NO.   NAME      VALUE            ERROR          SIZE      DERIVATIVE 
   1  p0           1.06768e+00   1.78133e-03   1.47431e-06  -2.19438e-05
   2  p1           2.13752e-02   1.25678e-03   1.04017e-06   2.27133e-06
SaveSource cannot open file: /home/zhangfy/nl_target/toyMC/results/data_13862.C
1.06495	0.00391436
1.06867	0.00351607
1.07568	0.00350978
1.08624	0.00353142
1.08462	0.00343687
1.0876	0.00326401
1.11682	0.00349245
1.14832	0.00501945
 FCN=11.1514 FROM MIGRAD    STATUS=CONVERGED      36 CALLS          37 TOTAL
                     EDM=2.74175e-16    STRATEGY= 1      ERROR MATRIX ACCURATE 
  EXT PARAMETER                                   STEP         FIRST   
  NO.   NAME      VALUE            ERROR          SIZE      DERIVATIVE 
   1  p0           1.06771e+00   1.78086e-03   2.18339e-06   4.09636e-06
   2  p1           2.09990e-02   1.25563e-03   1.53944e-06  -1.41439e-05
SaveSource cannot open file: /home/zhangfy/nl_target/toyMC/results/data_13863.C
1.07372	0.00394659
1.07563	0.003539
1.07469	0.00350655
1.07687	0.00350096
1.07707	0.00341296
1.09686	0.00329178
1.12324	0.00351255
1.15441	0.00504608
 FCN=6.03376 FROM MIGRAD    STATUS=CONVERGED      36 CALLS          37 TOTAL
                     EDM=1.2379e-15    STRATEGY= 1      ERROR MATRIX ACCURATE 
  EXT PARAMETER                                   STEP         FIRST   
  NO.   NAME      VALUE            ERROR          SIZE      DERIVATIVE 
   1  p0           1.06787e+00   1.78359e-03   1.66431e-06  -3.00718e-05
   2  p1           2.29765e-02   1.26164e-03   1.17727e-06  -4.63790e-06
SaveSource cannot open file: /home/zhangfy/nl_target/toyMC/results/data_13864.C
1.06697	0.00392176
1.07216	0.00352755
1.07043	0.00349265
1.0748	0.00349421
1.08182	0.00342802
1.09634	0.00329021
1.12254	0.00351034
1.15061	0.00502946
 FCN=4.14903 FROM MIGRAD    STATUS=CONVERGED      36 CALLS          37 TOTAL
                     EDM=2.15501e-16    STRATEGY= 1      ERROR MATRIX ACCURATE 
  EXT PARAMETER                                   STEP         FIRST   
  NO.   NAME      VALUE            ERROR          SIZE      DERIVATIVE 
   1  p0           1.06568e+00   1.77902e-03   1.42164e-06   1.22921e-05
   2  p1           2.33915e-02   1.25834e-03   1.00555e-06   2.27663e-05
SaveSource cannot open file: /home/zhangfy/nl_target/toyMC/results/data_13865.C
1.07089	0.00393618
1.0694	0.00351848
1.07329	0.00350198
1.08254	0.00351939
1.07775	0.0034151
1.09373	0.0032824
1.11819	0.00349675
1.1573	0.00505873
 FCN=6.84499 FROM MIGRAD    STATUS=CONVERGED      36 CALLS          37 TOTAL
                     EDM=9.74671e-17    STRATEGY= 1      ERROR MATRIX ACCURATE 
  EXT PARAMETER                                   STEP         FIRST   
  NO.   NAME      VALUE            ERROR          SIZE      DERIVATIVE 
   1  p0           1.06639e+00   1.78159e-03   1.75536e-06  -8.29175e-06
   2  p1           2.30325e-02   1.26070e-03   1.24214e-06  -9.58153e-07
SaveSource cannot open file: /home/zhangfy/nl_target/toyMC/results/data_13866.C
1.0682	0.00392627
1.0719	0.00352671
1.07101	0.00349453
1.07587	0.00349768
1.08711	0.00344478
1.09383	0.00328268
1.11851	0.00349776
1.14362	0.00499891
 FCN=5.82054 FROM MIGRAD    STATUS=CONVERGED      36 CALLS          37 TOTAL
                     EDM=1.25513e-15    STRATEGY= 1      ERROR MATRIX ACCURATE 
  EXT PARAMETER                                   STEP         FIRST   
  NO.   NAME      VALUE            ERROR          SIZE      DERIVATIVE 
   1  p0           1.06776e+00   1.77963e-03   1.63579e-06   9.29288e-06
   2  p1           2.09487e-02   1.25379e-03   1.15245e-06   4.79561e-05
SaveSource cannot open file: /home/zhangfy/nl_target/toyMC/results/data_13867.C
1.07079	0.00393579
1.06992	0.0035202
1.07687	0.00351367
1.07727	0.00350225
1.07903	0.00341918
1.09587	0.00328882
1.12049	0.00350393
1.15581	0.00505222
 FCN=4.79018 FROM MIGRAD    STATUS=CONVERGED      36 CALLS          37 TOTAL
                     EDM=2.63955e-17    STRATEGY= 1      ERROR MATRIX ACCURATE 
  EXT PARAMETER                                   STEP         FIRST   
  NO.   NAME      VALUE            ERROR          SIZE      DERIVATIVE 
   1  p0           1.06682e+00   1.78197e-03   1.50882e-06   5.53339e-06
   2  p1           2.31625e-02   1.26087e-03   1.06760e-06   6.62434e-06
SaveSource cannot open file: /home/zhangfy/nl_target/toyMC/results/data_13868.C
1.07327	0.00394491
1.07403	0.00353372
1.07706	0.00351429
1.08023	0.00351187
1.07889	0.00341873
1.09132	0.00327516
1.12003	0.00350249
1.15608	0.00505338
 FCN=4.32041 FROM MIGRAD    STATUS=CONVERGED      36 CALLS          37 TOTAL
                     EDM=7.22988e-16    STRATEGY= 1      ERROR MATRIX ACCURATE 
  EXT PARAMETER                                   STEP         FIRST   
  NO.   NAME      VALUE            ERROR          SIZE      DERIVATIVE 
   1  p0           1.06820e+00   1.78440e-03   1.44697e-06   3.78727e-06
   2  p1           2.22325e-02   1.26153e-03   1.02297e-06  -2.61773e-05
SaveSource cannot open file: /home/zhangfy/nl_target/toyMC/results/data_13869.C
1.06798	0.00392548
1.07603	0.00354029
1.07944	0.00352206
1.07592	0.00349787
1.08698	0.00344434
1.08906	0.00326838
1.12294	0.00351159
1.14422	0.00500154
 FCN=7.40137 FROM MIGRAD    STATUS=CONVERGED      36 CALLS          37 TOTAL
                     EDM=9.00843e-17    STRATEGY= 1      ERROR MATRIX ACCURATE 
  EXT PARAMETER                                   STEP         FIRST   
  NO.   NAME      VALUE            ERROR          SIZE      DERIVATIVE 
   1  p0           1.06955e+00   1.78327e-03   1.81806e-06   5.43368e-06
   2  p1           2.06902e-02   1.25645e-03   1.28097e-06   1.44740e-05
SaveSource cannot open file: /home/zhangfy/nl_target/toyMC/results/data_13870.C
1.07137	0.00393794
1.06539	0.00350531
1.07851	0.00351903
1.07897	0.00350777
1.08297	0.00343164
1.08656	0.00326087
1.11547	0.00348824
1.14421	0.00500149
 FCN=7.54265 FROM MIGRAD    STATUS=CONVERGED      36 CALLS          37 TOTAL
                     EDM=9.66691e-17    STRATEGY= 1      ERROR MATRIX ACCURATE 
  EXT PARAMETER                                   STEP         FIRST   
  NO.   NAME      VALUE            ERROR          SIZE      DERIVATIVE 
   1  p0           1.06746e+00   1.77981e-03   1.82874e-06  -8.39373e-06
   2  p1           2.00560e-02   1.25333e-03   1.28778e-06  -1.24145e-06
SaveSource cannot open file: /home/zhangfy/nl_target/toyMC/results/data_13871.C
1.06537	0.0039159
1.06928	0.0035181
1.07221	0.00349845
1.0814	0.00351567
1.08254	0.0034303
1.09233	0.0032782
1.11636	0.00349103
1.14141	0.00498927
 FCN=4.28677 FROM MIGRAD    STATUS=CONVERGED      36 CALLS          37 TOTAL
                     EDM=2.10856e-16    STRATEGY= 1      ERROR MATRIX ACCURATE 
  EXT PARAMETER                                   STEP         FIRST   
  NO.   NAME      VALUE            ERROR          SIZE      DERIVATIVE 
   1  p0           1.06724e+00   1.77816e-03   1.43879e-06   1.26996e-05
   2  p1           2.04115e-02   1.25169e-03   1.01280e-06   2.50150e-06
SaveSource cannot open file: /home/zhangfy/nl_target/toyMC/results/data_13872.C
1.07391	0.00394728
1.0693	0.00351816
1.07189	0.00349743
1.07868	0.00350682
1.08175	0.00342778
1.09215	0.00327764
1.1143	0.00348458
1.15104	0.00503136
 FCN=5.64253 FROM MIGRAD    STATUS=CONVERGED      36 CALLS          37 TOTAL
                     EDM=4.82282e-17    STRATEGY= 1      ERROR MATRIX ACCURATE 
  EXT PARAMETER                                   STEP         FIRST   
  NO.   NAME      VALUE            ERROR          SIZE      DERIVATIVE 
   1  p0           1.06726e+00   1.78093e-03   1.61381e-06  -1.80381e-06
   2  p1           2.11174e-02   1.25642e-03   1.13852e-06  -9.37114e-06
SaveSource cannot open file: /home/zhangfy/nl_target/toyMC/results/data_13873.C
1.06613	0.00391869
1.06799	0.00351384
1.07094	0.00349431
1.07483	0.0034943
1.08618	0.00344182
1.09099	0.00327418
1.11617	0.00349042
1.14455	0.00500297
 FCN=6.02263 FROM MIGRAD    STATUS=CONVERGED      36 CALLS          37 TOTAL
                     EDM=1.86797e-16    STRATEGY= 1      ERROR MATRIX ACCURATE 
  EXT PARAMETER                                   STEP         FIRST   
  NO.   NAME      VALUE            ERROR          SIZE      DERIVATIVE 
   1  p0           1.06572e+00   1.77701e-03   1.65723e-06  -9.72734e-06
   2  p1           2.12804e-02   1.25292e-03   1.16847e-06   2.23096e-06
SaveSource cannot open file: /home/zhangfy/nl_target/toyMC/results/data_13874.C
1.06426	0.00391181
1.07091	0.00352345
1.07323	0.0035018
1.07554	0.00349662
1.08614	0.00344169
1.0982	0.00329582
1.11582	0.00348932
1.14813	0.00501865
 FCN=12.2946 FROM MIGRAD    STATUS=CONVERGED      36 CALLS          37 TOTAL
                     EDM=2.06065e-16    STRATEGY= 1      ERROR MATRIX ACCURATE 
  EXT PARAMETER                                   STEP         FIRST   
  NO.   NAME      VALUE            ERROR          SIZE      DERIVATIVE 
   1  p0           1.06730e+00   1.77950e-03   2.28410e-06   3.89242e-06
   2  p1           2.15671e-02   1.25489e-03   1.61072e-06  -1.18554e-05
SaveSource cannot open file: /home/zhangfy/nl_target/toyMC/results/data_13875.C
1.06928	0.00393024
1.07059	0.0035224
1.08034	0.00352499
1.07592	0.00349786
1.0768	0.00341209
1.09457	0.00328492
1.11049	0.00347268
1.14768	0.00501668
 FCN=13.0876 FROM MIGRAD    STATUS=CONVERGED      36 CALLS          37 TOTAL
                     EDM=3.17119e-17    STRATEGY= 1      ERROR MATRIX ACCURATE 
  EXT PARAMETER                                   STEP         FIRST   
  NO.   NAME      VALUE            ERROR          SIZE      DERIVATIVE 
   1  p0           1.06795e+00   1.78069e-03   2.34888e-06  -6.17293e-06
   2  p1           1.97740e-02   1.25366e-03   1.65368e-06  -5.36018e-06
SaveSource cannot open file: /home/zhangfy/nl_target/toyMC/results/data_13876.C
1.07228	0.0039413
1.07238	0.0035283
1.07996	0.00352375
1.07558	0.00349674
1.08327	0.0034326
1.09167	0.0032762
1.11961	0.00350118
1.15713	0.00505796
 FCN=6.96038 FROM MIGRAD    STATUS=CONVERGED      36 CALLS          37 TOTAL
                     EDM=4.66826e-15    STRATEGY= 1      ERROR MATRIX ACCURATE 
  EXT PARAMETER                                   STEP         FIRST   
  NO.   NAME      VALUE            ERROR          SIZE      DERIVATIVE 
   1  p0           1.06815e+00   1.78443e-03   1.77010e-06   5.37518e-06
   2  p1           2.23962e-02   1.26182e-03   1.25169e-06   8.16556e-05
SaveSource cannot open file: /home/zhangfy/nl_target/toyMC/results/data_13877.C
1.07505	0.00395147
1.0668	0.00350994
1.07272	0.00350011
1.0763	0.00349908
1.08303	0.00343183
1.08924	0.00326892
1.11827	0.00349699
1.14372	0.00499937
 FCN=4.23497 FROM MIGRAD    STATUS=CONVERGED      36 CALLS          37 TOTAL
                     EDM=8.32373e-16    STRATEGY= 1      ERROR MATRIX ACCURATE 
  EXT PARAMETER                                   STEP         FIRST   
  NO.   NAME      VALUE            ERROR          SIZE      DERIVATIVE 
   1  p0           1.06697e+00   1.77921e-03   1.43184e-06   1.75950e-05
   2  p1           2.07721e-02   1.25393e-03   1.00911e-06  -9.80058e-06
SaveSource cannot open file: /home/zhangfy/nl_target/toyMC/results/data_13878.C
1.06553	0.00391648
1.07474	0.00353606
1.07328	0.00350194
1.08389	0.00352377
1.08026	0.00342305
1.08851	0.00326672
1.11188	0.00347701
1.14885	0.00502178
 FCN=9.77063 FROM MIGRAD    STATUS=CONVERGED      36 CALLS          37 TOTAL
                     EDM=3.49542e-17    STRATEGY= 1      ERROR MATRIX ACCURATE 
  EXT PARAMETER                                   STEP         FIRST   
  NO.   NAME      VALUE            ERROR          SIZE      DERIVATIVE 
   1  p0           1.06778e+00   1.78095e-03   2.05400e-06   2.48638e-07
   2  p1           2.00427e-02   1.25454e-03   1.44688e-06  -6.41480e-06
SaveSource cannot open file: /home/zhangfy/nl_target/toyMC/results/data_13879.C
1.06099	0.00389979
1.073	0.00353034
1.07887	0.00352021
1.08353	0.00352261
1.0822	0.00342921
1.0929	0.00327991
1.11663	0.00349186
1.13918	0.0049795
 FCN=11.2995 FROM MIGRAD    STATUS=CONVERGED      36 CALLS          37 TOTAL
                     EDM=1.09523e-16    STRATEGY= 1      ERROR MATRIX ACCURATE 
  EXT PARAMETER                                   STEP         FIRST   
  NO.   NAME      VALUE            ERROR          SIZE      DERIVATIVE 
   1  p0           1.06933e+00   1.78042e-03   2.19685e-06  -1.15366e-05
   2  p1           1.94161e-02   1.25115e-03   1.54379e-06  -1.14374e-05
SaveSource cannot open file: /home/zhangfy/nl_target/toyMC/results/data_13880.C
1.07263	0.00394257
1.07053	0.00352222
1.07379	0.00350361
1.07688	0.00350096
1.08041	0.00342355
1.09334	0.00328121
1.11964	0.00350128
1.14857	0.00502055
 FCN=1.43856 FROM MIGRAD    STATUS=CONVERGED      36 CALLS          37 TOTAL
                     EDM=3.86204e-16    STRATEGY= 1      ERROR MATRIX ACCURATE 
  EXT PARAMETER                                   STEP         FIRST   
  NO.   NAME      VALUE            ERROR          SIZE      DERIVATIVE 
   1  p0           1.06724e+00   1.78080e-03   9.78329e-07   9.40057e-06
   2  p1           2.17511e-02   1.25700e-03   6.90569e-07  -1.06839e-05
SaveSource cannot open file: /home/zhangfy/nl_target/toyMC/results/data_13881.C
1.06639	0.00391964
1.07096	0.00352363
1.0714	0.00349582
1.07721	0.00350206
1.0737	0.00340229
1.09291	0.00327992
1.11805	0.0034963
1.15275	0.00503885
 FCN=5.2775 FROM MIGRAD    STATUS=CONVERGED      34 CALLS          35 TOTAL
                     EDM=6.75243e-16    STRATEGY= 1      ERROR MATRIX ACCURATE 
  EXT PARAMETER                                   STEP         FIRST   
  NO.   NAME      VALUE            ERROR          SIZE      DERIVATIVE 
   1  p0           1.06404e+00   1.77744e-03   1.56699e-06  -2.74618e-06
   2  p1           2.31377e-02   1.25778e-03   1.10886e-06   2.63925e-05
SaveSource cannot open file: /home/zhangfy/nl_target/toyMC/results/data_13882.C
1.07212	0.0039407
1.06497	0.00350389
1.07645	0.00351229
1.08112	0.00351476
1.08199	0.00342853
1.09254	0.00327883
1.11892	0.00349904
1.1446	0.00500323
 FCN=5.71262 FROM MIGRAD    STATUS=CONVERGED      36 CALLS          37 TOTAL
                     EDM=1.00849e-16    STRATEGY= 1      ERROR MATRIX ACCURATE 
  EXT PARAMETER                                   STEP         FIRST   
  NO.   NAME      VALUE            ERROR          SIZE      DERIVATIVE 
   1  p0           1.06787e+00   1.78028e-03   1.62300e-06  -2.42567e-06
   2  p1           2.09682e-02   1.25459e-03   1.14374e-06   8.65857e-06
SaveSource cannot open file: /home/zhangfy/nl_target/toyMC/results/data_13883.C
1.07057	0.003935
1.06941	0.00351853
1.07449	0.0035059
1.08075	0.00351356
1.08039	0.00342348
1.09325	0.00328097
1.12079	0.00350487
1.14612	0.00500986
 FCN=1.37059 FROM MIGRAD    STATUS=CONVERGED      36 CALLS          37 TOTAL
                     EDM=8.41843e-17    STRATEGY= 1      ERROR MATRIX ACCURATE 
  EXT PARAMETER                                   STEP         FIRST   
  NO.   NAME      VALUE            ERROR          SIZE      DERIVATIVE 
   1  p0           1.06766e+00   1.78062e-03   9.64802e-07   5.42180e-06
   2  p1           2.15531e-02   1.25604e-03   6.80563e-07  -3.39154e-06
SaveSource cannot open file: /home/zhangfy/nl_target/toyMC/results/data_13884.C
1.06658	0.00392032
1.06376	0.00349994
1.07563	0.00350963
1.0858	0.00352997
1.07415	0.0034037
1.09632	0.00329017
1.11697	0.00349293
1.13977	0.00498209
 FCN=18.7966 FROM MIGRAD    STATUS=CONVERGED      36 CALLS          37 TOTAL
                     EDM=3.07763e-15    STRATEGY= 1      ERROR MATRIX ACCURATE 
  EXT PARAMETER                                   STEP         FIRST   
  NO.   NAME      VALUE            ERROR          SIZE      DERIVATIVE 
   1  p0           1.06687e+00   1.77714e-03   2.78373e-06  -2.76466e-05
   2  p1           2.05966e-02   1.25090e-03   1.95942e-06  -8.31780e-05
SaveSource cannot open file: /home/zhangfy/nl_target/toyMC/results/data_13885.C
1.07797	0.00396219
1.07368	0.00353258
1.07222	0.00349849
1.07974	0.00351028
1.08261	0.00343051
1.08821	0.00326584
1.12044	0.00350379
1.14353	0.00499854
 FCN=3.98792 FROM MIGRAD    STATUS=CONVERGED      36 CALLS          37 TOTAL
                     EDM=7.5032e-15    STRATEGY= 1      ERROR MATRIX ACCURATE 
  EXT PARAMETER                                   STEP         FIRST   
  NO.   NAME      VALUE            ERROR          SIZE      DERIVATIVE 
   1  p0           1.06934e+00   1.78291e-03   1.39981e-06   1.02448e-05
   2  p1           2.00710e-02   1.25546e-03   9.85700e-07  -8.69132e-05
SaveSource cannot open file: /home/zhangfy/nl_target/toyMC/results/data_13886.C
1.06924	0.00393013
1.06593	0.00350709
1.07504	0.00350768
1.0748	0.00349421
1.08349	0.00343328
1.09359	0.00328196
1.12176	0.00350791
1.1473	0.00501501
 FCN=4.7077 FROM MIGRAD    STATUS=CONVERGED      36 CALLS          37 TOTAL
                     EDM=1.91884e-14    STRATEGY= 1      ERROR MATRIX ACCURATE 
  EXT PARAMETER                                   STEP         FIRST   
  NO.   NAME      VALUE            ERROR          SIZE      DERIVATIVE 
   1  p0           1.06602e+00   1.77866e-03   1.49615e-06  -7.53184e-05
   2  p1           2.25679e-02   1.25643e-03   1.05687e-06   6.17684e-05
SaveSource cannot open file: /home/zhangfy/nl_target/toyMC/results/data_13887.C
1.07572	0.00395394
1.06901	0.00351721
1.07575	0.00351001
1.08016	0.00351165
1.08356	0.00343353
1.08649	0.00326066
1.11361	0.00348241
1.15205	0.00503575
 FCN=9.98286 FROM MIGRAD    STATUS=CONVERGED      36 CALLS          37 TOTAL
                     EDM=3.77331e-15    STRATEGY= 1      ERROR MATRIX ACCURATE 
  EXT PARAMETER                                   STEP         FIRST   
  NO.   NAME      VALUE            ERROR          SIZE      DERIVATIVE 
   1  p0           1.06817e+00   1.78284e-03   2.07556e-06  -5.28163e-05
   2  p1           2.04119e-02   1.25717e-03   1.46358e-06  -8.76597e-06
SaveSource cannot open file: /home/zhangfy/nl_target/toyMC/results/data_13888.C
1.06889	0.00392881
1.07442	0.00353501
1.06914	0.00348844
1.07801	0.00350465
1.08262	0.00343053
1.09001	0.00327124
1.11632	0.00349091
1.15091	0.00503078
 FCN=4.64769 FROM MIGRAD    STATUS=CONVERGED      36 CALLS          37 TOTAL
                     EDM=1.46792e-15    STRATEGY= 1      ERROR MATRIX ACCURATE 
  EXT PARAMETER                                   STEP         FIRST   
  NO.   NAME      VALUE            ERROR          SIZE      DERIVATIVE 
   1  p0           1.06650e+00   1.78015e-03   1.48770e-06  -7.42241e-06
   2  p1           2.16285e-02   1.25684e-03   1.05036e-06   3.51472e-05
SaveSource cannot open file: /home/zhangfy/nl_target/toyMC/results/data_13889.C
1.07405	0.0039478
1.07403	0.00353371
1.07274	0.0035002
1.07906	0.00350805
1.07998	0.00342216
1.09205	0.00327734
1.11824	0.00349691
1.15098	0.00503112
 FCN=2.57512 FROM MIGRAD    STATUS=CONVERGED      36 CALLS          37 TOTAL
                     EDM=5.04863e-17    STRATEGY= 1      ERROR MATRIX ACCURATE 
  EXT PARAMETER                                   STEP         FIRST   
  NO.   NAME      VALUE            ERROR          SIZE      DERIVATIVE 
   1  p0           1.06808e+00   1.78263e-03   1.18510e-06  -3.51488e-06
   2  p1           2.13831e-02   1.25816e-03   8.36432e-07   3.68069e-06
SaveSource cannot open file: /home/zhangfy/nl_target/toyMC/results/data_13890.C
1.07495	0.0039511
1.07634	0.00354132
1.07517	0.00350813
1.08054	0.00351287
1.08404	0.00343503
1.09173	0.00327639
1.11931	0.00350026
1.14588	0.00500879
 FCN=0.767025 FROM MIGRAD    STATUS=CONVERGED      36 CALLS          37 TOTAL
                     EDM=6.71482e-16    STRATEGY= 1      ERROR MATRIX ACCURATE 
  EXT PARAMETER                                   STEP         FIRST   
  NO.   NAME      VALUE            ERROR          SIZE      DERIVATIVE 
   1  p0           1.07077e+00   1.78501e-03   8.34151e-07  -3.13161e-06
   2  p1           1.99276e-02   1.25654e-03   5.87191e-07   2.59007e-05
SaveSource cannot open file: /home/zhangfy/nl_target/toyMC/results/data_13891.C
1.07116	0.00393716
1.07054	0.00352222
1.07473	0.00350669
1.08023	0.00351188
1.08147	0.00342691
1.08351	0.00325173
1.12162	0.00350749
1.15222	0.00503651
 FCN=6.62491 FROM MIGRAD    STATUS=CONVERGED      36 CALLS          37 TOTAL
                     EDM=1.77005e-17    STRATEGY= 1      ERROR MATRIX ACCURATE 
  EXT PARAMETER                                   STEP         FIRST   
  NO.   NAME      VALUE            ERROR          SIZE      DERIVATIVE 
   1  p0           1.06618e+00   1.78114e-03   1.72923e-06  -3.64546e-06
   2  p1           2.23704e-02   1.25950e-03   1.22280e-06  -6.49902e-06
SaveSource cannot open file: /home/zhangfy/nl_target/toyMC/results/data_13892.C
1.07559	0.00395344
1.06735	0.00351173
1.07298	0.00350098
1.07535	0.00349602
1.08184	0.00342806
1.09903	0.0032983
1.11932	0.00350027
1.15231	0.00503689
 FCN=10.422 FROM MIGRAD    STATUS=CONVERGED      36 CALLS          37 TOTAL
                     EDM=3.7078e-17    STRATEGY= 1      ERROR MATRIX ACCURATE 
  EXT PARAMETER                                   STEP         FIRST   
  NO.   NAME      VALUE            ERROR          SIZE      DERIVATIVE 
   1  p0           1.06726e+00   1.78127e-03   2.11892e-06   6.33358e-06
   2  p1           2.25775e-02   1.25864e-03   1.49723e-06   3.96267e-06
SaveSource cannot open file: /home/zhangfy/nl_target/toyMC/results/data_13893.C
1.07138	0.00393798
1.07307	0.00353057
1.08052	0.00352558
1.07859	0.00350652
1.08402	0.00343499
1.08945	0.00326955
1.11038	0.00347233
1.1463	0.00501062
 FCN=7.96258 FROM MIGRAD    STATUS=CONVERGED      36 CALLS          37 TOTAL
                     EDM=1.26516e-15    STRATEGY= 1      ERROR MATRIX ACCURATE 
  EXT PARAMETER                                   STEP         FIRST   
  NO.   NAME      VALUE            ERROR          SIZE      DERIVATIVE 
   1  p0           1.07028e+00   1.78369e-03   1.87540e-06  -2.85341e-06
   2  p1           1.84950e-02   1.25356e-03   1.31801e-06  -4.28417e-05
SaveSource cannot open file: /home/zhangfy/nl_target/toyMC/results/data_13894.C
1.07047	0.00393464
1.0687	0.00351617
1.07327	0.00350192
1.07955	0.00350967
1.07263	0.0033989
1.09946	0.00329958
1.11739	0.00349424
1.14506	0.00500522
 FCN=14.1948 FROM MIGRAD    STATUS=CONVERGED      34 CALLS          35 TOTAL
                     EDM=4.2085e-17    STRATEGY= 1      ERROR MATRIX ACCURATE 
  EXT PARAMETER                                   STEP         FIRST   
  NO.   NAME      VALUE            ERROR          SIZE      DERIVATIVE 
   1  p0           1.06664e+00   1.77847e-03   2.44012e-06   3.51068e-06
   2  p1           2.14447e-02   1.25408e-03   1.72064e-06  -2.92422e-06
SaveSource cannot open file: /home/zhangfy/nl_target/toyMC/results/data_13895.C
1.06443	0.00391241
1.07281	0.00352971
1.07726	0.00351494
1.07277	0.00348762
1.07709	0.00341301
1.09271	0.00327934
1.12444	0.00351629
1.15359	0.00504251
 FCN=6.73192 FROM MIGRAD    STATUS=CONVERGED      36 CALLS          37 TOTAL
                     EDM=7.4027e-16    STRATEGY= 1      ERROR MATRIX ACCURATE 
  EXT PARAMETER                                   STEP         FIRST   
  NO.   NAME      VALUE            ERROR          SIZE      DERIVATIVE 
   1  p0           1.06468e+00   1.77918e-03   1.74156e-06  -3.74461e-06
   2  p1           2.40952e-02   1.26061e-03   1.23395e-06  -3.39468e-05
SaveSource cannot open file: /home/zhangfy/nl_target/toyMC/results/data_13896.C
1.0615	0.00390167
1.07117	0.00352432
1.07234	0.00349888
1.08179	0.00351695
1.08071	0.00342449
1.09301	0.00328023
1.13068	0.00353582
1.15885	0.00506548
 FCN=4.45178 FROM MIGRAD    STATUS=CONVERGED      36 CALLS          37 TOTAL
                     EDM=5.44411e-16    STRATEGY= 1      ERROR MATRIX ACCURATE 
  EXT PARAMETER                                   STEP         FIRST   
  NO.   NAME      VALUE            ERROR          SIZE      DERIVATIVE 
   1  p0           1.06423e+00   1.77991e-03   1.46466e-06  -1.20189e-05
   2  p1           2.63406e-02   1.26486e-03   1.04084e-06   1.13493e-05
SaveSource cannot open file: /home/zhangfy/nl_target/toyMC/results/data_13897.C
1.0647	0.00391341
1.06431	0.00350173
1.07354	0.00350281
1.0788	0.00350721
1.08452	0.00343658
1.08891	0.00326794
1.1212	0.00350616
1.14676	0.00501267
 FCN=6.20453 FROM MIGRAD    STATUS=CONVERGED      36 CALLS          37 TOTAL
                     EDM=5.87797e-15    STRATEGY= 1      ERROR MATRIX ACCURATE 
  EXT PARAMETER                                   STEP         FIRST   
  NO.   NAME      VALUE            ERROR          SIZE      DERIVATIVE 
   1  p0           1.06485e+00   1.77688e-03   1.67930e-06  -5.42584e-05
   2  p1           2.26909e-02   1.25548e-03   1.18653e-06   1.30679e-05
SaveSource cannot open file: /home/zhangfy/nl_target/toyMC/results/data_13898.C
1.06885	0.00392867
1.07716	0.00354402
1.07584	0.00351032
1.07498	0.00349481
1.08392	0.00343465
1.09339	0.00328137
1.12394	0.00351473
1.14594	0.00500906
 FCN=4.56782 FROM MIGRAD    STATUS=CONVERGED      36 CALLS          37 TOTAL
                     EDM=4.50783e-15    STRATEGY= 1      ERROR MATRIX ACCURATE 
  EXT PARAMETER                                   STEP         FIRST   
  NO.   NAME      VALUE            ERROR          SIZE      DERIVATIVE 
   1  p0           1.06880e+00   1.78261e-03   1.48019e-06  -5.21662e-05
   2  p1           2.15774e-02   1.25749e-03   1.04415e-06   2.22225e-06
SaveSource cannot open file: /home/zhangfy/nl_target/toyMC/results/data_13899.C
