1.06824	0.00392645
1.07821	0.00354746
1.07025	0.00349207
1.08574	0.0035298
1.08836	0.00344872
1.0895	0.00326969
1.11625	0.00349067
1.14669	0.00501235
 FCN=11.9896 FROM MIGRAD    STATUS=CONVERGED      36 CALLS          37 TOTAL
                     EDM=1.26347e-16    STRATEGY= 1      ERROR MATRIX ACCURATE 
  EXT PARAMETER                                   STEP         FIRST   
  NO.   NAME      VALUE            ERROR          SIZE      DERIVATIVE 
   1  p0           1.07037e+00   1.78404e-03   2.26049e-06   1.21509e-05
   2  p1           1.97666e-02   1.25544e-03   1.59072e-06   9.58127e-06
SaveSource cannot open file: /home/zhangfy/nl_target/toyMC/results/data_13900.C
1.06733	0.00392308
1.07812	0.00354717
1.0757	0.00350984
1.07977	0.00351038
1.07506	0.00340657
1.09284	0.00327971
1.10864	0.0034669
1.14272	0.004995
 FCN=12.0244 FROM MIGRAD    STATUS=CONVERGED      36 CALLS          37 TOTAL
                     EDM=1.66128e-15    STRATEGY= 1      ERROR MATRIX ACCURATE 
  EXT PARAMETER                                   STEP         FIRST   
  NO.   NAME      VALUE            ERROR          SIZE      DERIVATIVE 
   1  p0           1.06905e+00   1.78095e-03   2.25772e-06   1.19986e-06
   2  p1           1.82502e-02   1.25086e-03   1.58573e-06  -4.48787e-05
SaveSource cannot open file: /home/zhangfy/nl_target/toyMC/results/data_13901.C
1.07128	0.00393761
1.06496	0.00350387
1.07438	0.00350553
1.08047	0.00351266
1.08872	0.00344987
1.08867	0.00326722
1.12409	0.0035152
1.14813	0.00501865
 FCN=9.76484 FROM MIGRAD    STATUS=CONVERGED      36 CALLS          37 TOTAL
                     EDM=4.11781e-15    STRATEGY= 1      ERROR MATRIX ACCURATE 
  EXT PARAMETER                                   STEP         FIRST   
  NO.   NAME      VALUE            ERROR          SIZE      DERIVATIVE 
   1  p0           1.06720e+00   1.78076e-03   2.05677e-06   5.68182e-05
   2  p1           2.24776e-02   1.25788e-03   1.45285e-06   1.28228e-05
SaveSource cannot open file: /home/zhangfy/nl_target/toyMC/results/data_13902.C
1.07544	0.00395291
1.07104	0.00352388
1.07472	0.00350666
1.08322	0.00352161
1.09122	0.00345779
1.08991	0.00327093
1.11876	0.00349852
1.14651	0.00501156
 FCN=8.14465 FROM MIGRAD    STATUS=CONVERGED      36 CALLS          37 TOTAL
                     EDM=1.09802e-17    STRATEGY= 1      ERROR MATRIX ACCURATE 
  EXT PARAMETER                                   STEP         FIRST   
  NO.   NAME      VALUE            ERROR          SIZE      DERIVATIVE 
   1  p0           1.07109e+00   1.78521e-03   1.89818e-06  -3.63800e-06
   2  p1           1.99274e-02   1.25643e-03   1.33594e-06  -3.82280e-06
SaveSource cannot open file: /home/zhangfy/nl_target/toyMC/results/data_13903.C
1.07342	0.00394546
1.07436	0.00353481
1.07232	0.00349883
1.07947	0.00350939
1.07147	0.0033952
1.09044	0.00327252
1.11518	0.00348733
1.15165	0.00503403
 FCN=11.8265 FROM MIGRAD    STATUS=CONVERGED      36 CALLS          37 TOTAL
                     EDM=1.06675e-15    STRATEGY= 1      ERROR MATRIX ACCURATE 
  EXT PARAMETER                                   STEP         FIRST   
  NO.   NAME      VALUE            ERROR          SIZE      DERIVATIVE 
   1  p0           1.06629e+00   1.78056e-03   2.24092e-06  -1.73599e-05
   2  p1           2.13085e-02   1.25728e-03   1.58235e-06   1.51271e-05
SaveSource cannot open file: /home/zhangfy/nl_target/toyMC/results/data_13904.C
1.06327	0.00390816
1.07066	0.00352264
1.07196	0.00349764
1.07245	0.00348658
1.0761	0.00340989
1.09158	0.00327595
1.12005	0.00350256
1.14813	0.00501862
 FCN=3.32626 FROM MIGRAD    STATUS=CONVERGED      36 CALLS          37 TOTAL
                     EDM=2.30178e-17    STRATEGY= 1      ERROR MATRIX ACCURATE 
  EXT PARAMETER                                   STEP         FIRST   
  NO.   NAME      VALUE            ERROR          SIZE      DERIVATIVE 
   1  p0           1.06320e+00   1.77529e-03   1.29986e-06  -4.93676e-06
   2  p1           2.31465e-02   1.25576e-03   9.19463e-07  -2.86774e-06
SaveSource cannot open file: /home/zhangfy/nl_target/toyMC/results/data_13905.C
1.07181	0.00393955
1.07019	0.00352108
1.07505	0.00350773
1.07655	0.00349991
1.08545	0.00343951
1.09145	0.00327556
1.124	0.0035149
1.14171	0.00499058
 FCN=3.97213 FROM MIGRAD    STATUS=CONVERGED      36 CALLS          37 TOTAL
                     EDM=1.34554e-15    STRATEGY= 1      ERROR MATRIX ACCURATE 
  EXT PARAMETER                                   STEP         FIRST   
  NO.   NAME      VALUE            ERROR          SIZE      DERIVATIVE 
   1  p0           1.06835e+00   1.78082e-03   1.39768e-06  -3.09829e-05
   2  p1           2.11640e-02   1.25502e-03   9.85002e-07  -3.93367e-06
SaveSource cannot open file: /home/zhangfy/nl_target/toyMC/results/data_13906.C
1.06583	0.00391756
1.0779	0.00354646
1.07963	0.00352266
1.07664	0.00350021
1.07631	0.00341053
1.09102	0.00327427
1.11848	0.00349766
1.15164	0.00503399
 FCN=10.8076 FROM MIGRAD    STATUS=CONVERGED      36 CALLS          37 TOTAL
                     EDM=9.01168e-16    STRATEGY= 1      ERROR MATRIX ACCURATE 
  EXT PARAMETER                                   STEP         FIRST   
  NO.   NAME      VALUE            ERROR          SIZE      DERIVATIVE 
   1  p0           1.06751e+00   1.78228e-03   2.15298e-06  -5.04324e-06
   2  p1           2.15652e-02   1.25855e-03   1.52031e-06  -3.82949e-05
SaveSource cannot open file: /home/zhangfy/nl_target/toyMC/results/data_13907.C
1.06714	0.00392238
1.07422	0.00353434
1.07045	0.00349273
1.07509	0.00349517
1.08205	0.00342874
1.09142	0.00327547
1.11258	0.00347921
1.14492	0.00500461
 FCN=5.17503 FROM MIGRAD    STATUS=CONVERGED      36 CALLS          37 TOTAL
                     EDM=4.65367e-15    STRATEGY= 1      ERROR MATRIX ACCURATE 
  EXT PARAMETER                                   STEP         FIRST   
  NO.   NAME      VALUE            ERROR          SIZE      DERIVATIVE 
   1  p0           1.06675e+00   1.77850e-03   1.55394e-06  -1.20186e-05
   2  p1           2.01737e-02   1.25248e-03   1.09434e-06   6.41987e-05
SaveSource cannot open file: /home/zhangfy/nl_target/toyMC/results/data_13908.C
1.07053	0.00393484
1.06719	0.00351122
1.07315	0.00350152
1.07604	0.00349823
1.08063	0.00342422
1.09487	0.00328582
1.12481	0.00351745
1.14586	0.00500873
 FCN=3.83986 FROM MIGRAD    STATUS=CONVERGED      36 CALLS          37 TOTAL
                     EDM=9.63935e-16    STRATEGY= 1      ERROR MATRIX ACCURATE 
  EXT PARAMETER                                   STEP         FIRST   
  NO.   NAME      VALUE            ERROR          SIZE      DERIVATIVE 
   1  p0           1.06600e+00   1.77857e-03   1.37813e-06   2.88970e-05
   2  p1           2.29182e-02   1.25676e-03   9.73801e-07   9.60414e-06
SaveSource cannot open file: /home/zhangfy/nl_target/toyMC/results/data_13909.C
1.07598	0.0039549
1.07072	0.00352282
1.07503	0.00350767
1.07999	0.00351108
1.08554	0.0034398
1.09747	0.00329361
1.12359	0.00351362
1.15164	0.00503399
 FCN=3.30466 FROM MIGRAD    STATUS=CONVERGED      36 CALLS          37 TOTAL
                     EDM=1.37464e-16    STRATEGY= 1      ERROR MATRIX ACCURATE 
  EXT PARAMETER                                   STEP         FIRST   
  NO.   NAME      VALUE            ERROR          SIZE      DERIVATIVE 
   1  p0           1.06978e+00   1.78491e-03   1.30346e-06  -5.61221e-06
   2  p1           2.22664e-02   1.26039e-03   9.20420e-07   6.33383e-06
SaveSource cannot open file: /home/zhangfy/nl_target/toyMC/results/data_13910.C
1.06296	0.00390703
1.06882	0.00351656
1.07177	0.00349703
1.07487	0.00349444
1.08001	0.00342229
1.08508	0.00325643
1.11764	0.00349504
1.14639	0.00501105
 FCN=2.50511 FROM MIGRAD    STATUS=CONVERGED      36 CALLS          37 TOTAL
                     EDM=2.15833e-15    STRATEGY= 1      ERROR MATRIX ACCURATE 
  EXT PARAMETER                                   STEP         FIRST   
  NO.   NAME      VALUE            ERROR          SIZE      DERIVATIVE 
   1  p0           1.06329e+00   1.77496e-03   1.16911e-06   4.27432e-06
   2  p1           2.21746e-02   1.25404e-03   8.25993e-07   5.64054e-05
SaveSource cannot open file: /home/zhangfy/nl_target/toyMC/results/data_13911.C
1.07382	0.00394696
1.06767	0.00351281
1.0756	0.00350952
1.07938	0.00350911
1.07858	0.00341774
1.09306	0.00328039
1.12028	0.00350327
1.14479	0.00500404
 FCN=3.50971 FROM MIGRAD    STATUS=CONVERGED      36 CALLS          37 TOTAL
                     EDM=5.06968e-15    STRATEGY= 1      ERROR MATRIX ACCURATE 
  EXT PARAMETER                                   STEP         FIRST   
  NO.   NAME      VALUE            ERROR          SIZE      DERIVATIVE 
   1  p0           1.06765e+00   1.78043e-03   1.33028e-06   5.27622e-05
   2  p1           2.11885e-02   1.25533e-03   9.37936e-07  -7.49748e-06
SaveSource cannot open file: /home/zhangfy/nl_target/toyMC/results/data_13912.C
1.07024	0.0039338
1.06863	0.00351596
1.06897	0.0034879
1.07379	0.00349095
1.0739	0.0034029
1.09195	0.00327705
1.11531	0.00348774
1.15407	0.0050446
 FCN=7.13861 FROM MIGRAD    STATUS=CONVERGED      36 CALLS          37 TOTAL
                     EDM=9.80298e-16    STRATEGY= 1      ERROR MATRIX ACCURATE 
  EXT PARAMETER                                   STEP         FIRST   
  NO.   NAME      VALUE            ERROR          SIZE      DERIVATIVE 
   1  p0           1.06297e+00   1.77626e-03   1.78243e-06  -2.17444e-05
   2  p1           2.31134e-02   1.25737e-03   1.26174e-06   6.08902e-06
SaveSource cannot open file: /home/zhangfy/nl_target/toyMC/results/data_13913.C
1.07462	0.00394987
1.06958	0.00351908
1.07563	0.00350963
1.08256	0.00351943
1.07828	0.0034168
1.09159	0.00327596
1.11991	0.00350211
1.15121	0.00503212
 FCN=4.30238 FROM MIGRAD    STATUS=CONVERGED      36 CALLS          37 TOTAL
                     EDM=8.78376e-16    STRATEGY= 1      ERROR MATRIX ACCURATE 
  EXT PARAMETER                                   STEP         FIRST   
  NO.   NAME      VALUE            ERROR          SIZE      DERIVATIVE 
   1  p0           1.06797e+00   1.78265e-03   1.44359e-06  -8.00294e-06
   2  p1           2.17436e-02   1.25874e-03   1.01933e-06   2.44192e-05
SaveSource cannot open file: /home/zhangfy/nl_target/toyMC/results/data_13914.C
1.07563	0.00395361
1.06918	0.00351778
1.07493	0.00350733
1.08741	0.00353522
1.07443	0.00340459
1.09757	0.00329392
1.11528	0.00348766
1.14027	0.00498428
 FCN=16.3778 FROM MIGRAD    STATUS=CONVERGED      36 CALLS          37 TOTAL
                     EDM=5.17054e-16    STRATEGY= 1      ERROR MATRIX ACCURATE 
  EXT PARAMETER                                   STEP         FIRST   
  NO.   NAME      VALUE            ERROR          SIZE      DERIVATIVE 
   1  p0           1.07027e+00   1.78206e-03   2.61262e-06   6.44219e-06
   2  p1           1.90174e-02   1.25187e-03   1.83533e-06  -1.84621e-05
SaveSource cannot open file: /home/zhangfy/nl_target/toyMC/results/data_13915.C
1.0722	0.00394099
1.07406	0.00353381
1.06933	0.00348905
1.08437	0.00352532
1.07957	0.00342087
1.0872	0.00326279
1.11556	0.00348851
1.14036	0.00498468
 FCN=5.6475 FROM MIGRAD    STATUS=CONVERGED      36 CALLS          37 TOTAL
                     EDM=1.03227e-16    STRATEGY= 1      ERROR MATRIX ACCURATE 
  EXT PARAMETER                                   STEP         FIRST   
  NO.   NAME      VALUE            ERROR          SIZE      DERIVATIVE 
   1  p0           1.06845e+00   1.78028e-03   1.61337e-06   9.14537e-06
   2  p1           1.91619e-02   1.25173e-03   1.13437e-06   2.38805e-06
SaveSource cannot open file: /home/zhangfy/nl_target/toyMC/results/data_13916.C
1.07364	0.00394629
1.06962	0.00351919
1.07325	0.00350185
1.08081	0.00351375
1.08299	0.00343173
1.08899	0.00326815
1.12173	0.00350781
1.14732	0.00501509
 FCN=2.18608 FROM MIGRAD    STATUS=CONVERGED      36 CALLS          37 TOTAL
                     EDM=1.57476e-16    STRATEGY= 1      ERROR MATRIX ACCURATE 
  EXT PARAMETER                                   STEP         FIRST   
  NO.   NAME      VALUE            ERROR          SIZE      DERIVATIVE 
   1  p0           1.06775e+00   1.78149e-03   1.11861e-06  -3.51421e-06
   2  p1           2.15667e-02   1.25716e-03   7.89384e-07   1.01995e-05
SaveSource cannot open file: /home/zhangfy/nl_target/toyMC/results/data_13917.C
1.06485	0.00391396
1.07344	0.00353176
1.07324	0.00350183
1.08164	0.00351646
1.07781	0.00341531
1.08942	0.00326946
1.12054	0.00350411
1.14453	0.0050029
 FCN=3.82759 FROM MIGRAD    STATUS=CONVERGED      36 CALLS          37 TOTAL
                     EDM=2.12983e-16    STRATEGY= 1      ERROR MATRIX ACCURATE 
  EXT PARAMETER                                   STEP         FIRST   
  NO.   NAME      VALUE            ERROR          SIZE      DERIVATIVE 
   1  p0           1.06654e+00   1.77898e-03   1.37527e-06   1.55320e-05
   2  p1           2.14489e-02   1.25492e-03   9.70138e-07   1.95978e-05
SaveSource cannot open file: /home/zhangfy/nl_target/toyMC/results/data_13918.C
1.07172	0.00393923
1.07324	0.00353111
1.07805	0.0035175
1.07759	0.00350329
1.0839	0.0034346
1.0948	0.0032856
1.11509	0.00348705
1.14702	0.0050138
 FCN=4.13513 FROM MIGRAD    STATUS=CONVERGED      36 CALLS          37 TOTAL
                     EDM=3.29299e-17    STRATEGY= 1      ERROR MATRIX ACCURATE 
  EXT PARAMETER                                   STEP         FIRST   
  NO.   NAME      VALUE            ERROR          SIZE      DERIVATIVE 
   1  p0           1.07002e+00   1.78354e-03   1.42094e-06  -3.38315e-06
   2  p1           1.98615e-02   1.25530e-03   1.00009e-06   2.12477e-06
SaveSource cannot open file: /home/zhangfy/nl_target/toyMC/results/data_13919.C
1.07156	0.00393863
1.0714	0.00352507
1.07259	0.0034997
1.07453	0.00349333
1.08206	0.00342875
1.09156	0.00327588
1.12047	0.00350388
1.14167	0.00499042
 FCN=2.0032 FROM MIGRAD    STATUS=CONVERGED      36 CALLS          37 TOTAL
                     EDM=2.22409e-16    STRATEGY= 1      ERROR MATRIX ACCURATE 
  EXT PARAMETER                                   STEP         FIRST   
  NO.   NAME      VALUE            ERROR          SIZE      DERIVATIVE 
   1  p0           1.06723e+00   1.77914e-03   1.08486e-06   3.76550e-06
   2  p1           2.08866e-02   1.25365e-03   7.64439e-07  -1.26716e-05
SaveSource cannot open file: /home/zhangfy/nl_target/toyMC/results/data_13920.C
1.06767	0.00392435
1.06956	0.003519
1.07278	0.00350031
1.08235	0.00351877
1.08134	0.0034265
1.09409	0.00328346
1.11897	0.00349918
1.14296	0.00499604
 FCN=3.53917 FROM MIGRAD    STATUS=CONVERGED      36 CALLS          37 TOTAL
                     EDM=2.96542e-16    STRATEGY= 1      ERROR MATRIX ACCURATE 
  EXT PARAMETER                                   STEP         FIRST   
  NO.   NAME      VALUE            ERROR          SIZE      DERIVATIVE 
   1  p0           1.06777e+00   1.77950e-03   1.33445e-06  -6.83713e-06
   2  p1           2.09287e-02   1.25357e-03   9.40058e-07   1.13968e-05
SaveSource cannot open file: /home/zhangfy/nl_target/toyMC/results/data_13921.C
1.07047	0.00393465
1.07538	0.00353815
1.07475	0.00350676
1.08184	0.0035171
1.07923	0.00341979
1.09393	0.003283
1.11893	0.00349906
1.14011	0.00498359
 FCN=2.36503 FROM MIGRAD    STATUS=CONVERGED      36 CALLS          37 TOTAL
                     EDM=2.18795e-15    STRATEGY= 1      ERROR MATRIX ACCURATE 
  EXT PARAMETER                                   STEP         FIRST   
  NO.   NAME      VALUE            ERROR          SIZE      DERIVATIVE 
   1  p0           1.06986e+00   1.78200e-03   1.14979e-06  -7.15819e-06
   2  p1           1.95735e-02   1.25297e-03   8.08450e-07   4.52219e-05
SaveSource cannot open file: /home/zhangfy/nl_target/toyMC/results/data_13922.C
1.07447	0.00394935
1.06736	0.00351177
1.07458	0.00350618
1.08402	0.00352419
1.08471	0.00343716
1.0876	0.003264
1.11619	0.00349051
1.15021	0.00502774
 FCN=9.12005 FROM MIGRAD    STATUS=CONVERGED      36 CALLS          37 TOTAL
                     EDM=2.37019e-16    STRATEGY= 1      ERROR MATRIX ACCURATE 
  EXT PARAMETER                                   STEP         FIRST   
  NO.   NAME      VALUE            ERROR          SIZE      DERIVATIVE 
   1  p0           1.06843e+00   1.78261e-03   1.99339e-06   1.33245e-05
   2  p1           2.07282e-02   1.25692e-03   1.40554e-06   2.38389e-05
SaveSource cannot open file: /home/zhangfy/nl_target/toyMC/results/data_13923.C
1.06708	0.00392216
1.06601	0.00350733
1.06966	0.00349014
1.08024	0.00351191
1.08465	0.00343698
1.08912	0.00326855
1.1137	0.00348271
1.15336	0.00504152
 FCN=10.1355 FROM MIGRAD    STATUS=CONVERGED      36 CALLS          37 TOTAL
                     EDM=2.54379e-16    STRATEGY= 1      ERROR MATRIX ACCURATE 
  EXT PARAMETER                                   STEP         FIRST   
  NO.   NAME      VALUE            ERROR          SIZE      DERIVATIVE 
   1  p0           1.06493e+00   1.77801e-03   2.08705e-06  -6.19838e-06
   2  p1           2.22205e-02   1.25643e-03   1.47481e-06   1.07197e-05
SaveSource cannot open file: /home/zhangfy/nl_target/toyMC/results/data_13924.C
1.06381	0.00391014
1.07509	0.00353721
1.07779	0.00351665
1.07561	0.00349686
1.0803	0.00342319
1.09114	0.00327461
1.12622	0.00352186
1.14247	0.00499389
 FCN=8.79523 FROM MIGRAD    STATUS=CONVERGED      36 CALLS          37 TOTAL
                     EDM=1.83543e-15    STRATEGY= 1      ERROR MATRIX ACCURATE 
  EXT PARAMETER                                   STEP         FIRST   
  NO.   NAME      VALUE            ERROR          SIZE      DERIVATIVE 
   1  p0           1.06716e+00   1.77977e-03   1.96102e-06  -2.18080e-05
   2  p1           2.19756e-02   1.25593e-03   1.38383e-06   2.13728e-05
SaveSource cannot open file: /home/zhangfy/nl_target/toyMC/results/data_13925.C
1.07009	0.00393324
1.07345	0.00353182
1.06876	0.00348722
1.07253	0.00348683
1.08131	0.00342639
1.08977	0.00327051
1.11837	0.00349732
1.13667	0.00496855
 FCN=4.72891 FROM MIGRAD    STATUS=CONVERGED      36 CALLS          37 TOTAL
                     EDM=8.20509e-17    STRATEGY= 1      ERROR MATRIX ACCURATE 
  EXT PARAMETER                                   STEP         FIRST   
  NO.   NAME      VALUE            ERROR          SIZE      DERIVATIVE 
   1  p0           1.06642e+00   1.77671e-03   1.49610e-06   9.81026e-07
   2  p1           2.00217e-02   1.25016e-03   1.05272e-06   1.11643e-05
SaveSource cannot open file: /home/zhangfy/nl_target/toyMC/results/data_13926.C
1.06626	0.00391917
1.0719	0.00352671
1.07297	0.00350094
1.07957	0.00350972
1.08023	0.00342298
1.0946	0.00328502
1.12463	0.00351689
1.14756	0.00501616
 FCN=2.34501 FROM MIGRAD    STATUS=CONVERGED      36 CALLS          37 TOTAL
                     EDM=3.24584e-15    STRATEGY= 1      ERROR MATRIX ACCURATE 
  EXT PARAMETER                                   STEP         FIRST   
  NO.   NAME      VALUE            ERROR          SIZE      DERIVATIVE 
   1  p0           1.06664e+00   1.77981e-03   1.14635e-06   1.03083e-05
   2  p1           2.28969e-02   1.25771e-03   8.10074e-07  -5.30871e-05
SaveSource cannot open file: /home/zhangfy/nl_target/toyMC/results/data_13927.C
1.07379	0.00394682
1.07505	0.00353706
1.07598	0.00351077
1.08361	0.00352286
1.07845	0.00341732
1.08872	0.00326734
1.11259	0.00347925
1.14613	0.00500991
 FCN=6.04219 FROM MIGRAD    STATUS=CONVERGED      36 CALLS          37 TOTAL
                     EDM=2.54566e-15    STRATEGY= 1      ERROR MATRIX ACCURATE 
  EXT PARAMETER                                   STEP         FIRST   
  NO.   NAME      VALUE            ERROR          SIZE      DERIVATIVE 
   1  p0           1.06990e+00   1.78360e-03   1.66234e-06  -2.39364e-05
   2  p1           1.88529e-02   1.25431e-03   1.16903e-06   2.77026e-05
SaveSource cannot open file: /home/zhangfy/nl_target/toyMC/results/data_13928.C
1.0752	0.00395202
1.06891	0.00351688
1.07834	0.00351845
1.0841	0.00352444
1.08554	0.00343979
1.09334	0.00328123
1.11233	0.00347842
1.14373	0.00499942
 FCN=7.71454 FROM MIGRAD    STATUS=CONVERGED      36 CALLS          37 TOTAL
                     EDM=1.74922e-17    STRATEGY= 1      ERROR MATRIX ACCURATE 
  EXT PARAMETER                                   STEP         FIRST   
  NO.   NAME      VALUE            ERROR          SIZE      DERIVATIVE 
   1  p0           1.07158e+00   1.78446e-03   1.85131e-06  -4.53490e-06
   2  p1           1.83922e-02   1.25294e-03   1.29988e-06  -5.30565e-06
SaveSource cannot open file: /home/zhangfy/nl_target/toyMC/results/data_13929.C
1.07172	0.00393924
1.06844	0.00351533
1.07669	0.00351308
1.08368	0.00352309
1.08473	0.00343723
1.09089	0.00327386
1.11919	0.00349987
1.15042	0.00502865
 FCN=4.759 FROM MIGRAD    STATUS=CONVERGED      36 CALLS          37 TOTAL
                     EDM=1.88673e-15    STRATEGY= 1      ERROR MATRIX ACCURATE 
  EXT PARAMETER                                   STEP         FIRST   
  NO.   NAME      VALUE            ERROR          SIZE      DERIVATIVE 
   1  p0           1.06883e+00   1.78319e-03   1.50514e-06  -3.37682e-05
   2  p1           2.13591e-02   1.25801e-03   1.06185e-06   1.37595e-06
SaveSource cannot open file: /home/zhangfy/nl_target/toyMC/results/data_13930.C
1.07338	0.00394534
1.07833	0.00354787
1.07024	0.00349205
1.08022	0.00351183
1.08025	0.00342303
1.09205	0.00327735
1.1214	0.0035068
1.15179	0.00503463
 FCN=5.06807 FROM MIGRAD    STATUS=CONVERGED      36 CALLS          37 TOTAL
                     EDM=2.3832e-15    STRATEGY= 1      ERROR MATRIX ACCURATE 
  EXT PARAMETER                                   STEP         FIRST   
  NO.   NAME      VALUE            ERROR          SIZE      DERIVATIVE 
   1  p0           1.06838e+00   1.78359e-03   1.54512e-06  -3.63651e-05
   2  p1           2.19135e-02   1.25977e-03   1.09134e-06   4.63484e-06
SaveSource cannot open file: /home/zhangfy/nl_target/toyMC/results/data_13931.C
1.06258	0.00390561
1.06822	0.0035146
1.07387	0.00350387
1.07796	0.00350449
1.08205	0.00342873
1.09178	0.00327653
1.12224	0.00350941
1.14428	0.00500182
 FCN=4.41517 FROM MIGRAD    STATUS=CONVERGED      36 CALLS          37 TOTAL
                     EDM=5.77665e-15    STRATEGY= 1      ERROR MATRIX ACCURATE 
  EXT PARAMETER                                   STEP         FIRST   
  NO.   NAME      VALUE            ERROR          SIZE      DERIVATIVE 
   1  p0           1.06539e+00   1.77697e-03   1.45630e-06  -3.89488e-05
   2  p1           2.24462e-02   1.25468e-03   1.02827e-06   3.76601e-05
SaveSource cannot open file: /home/zhangfy/nl_target/toyMC/results/data_13932.C
1.07484	0.00395069
1.08081	0.00355604
1.07635	0.00351198
1.07827	0.0035055
1.07473	0.00340555
1.0932	0.0032808
1.11822	0.00349683
1.14221	0.00499276
 FCN=9.51746 FROM MIGRAD    STATUS=CONVERGED      36 CALLS          37 TOTAL
                     EDM=1.44209e-15    STRATEGY= 1      ERROR MATRIX ACCURATE 
  EXT PARAMETER                                   STEP         FIRST   
  NO.   NAME      VALUE            ERROR          SIZE      DERIVATIVE 
   1  p0           1.07046e+00   1.78400e-03   2.03312e-06  -2.66153e-05
   2  p1           1.91687e-02   1.25456e-03   1.42976e-06   6.74632e-06
SaveSource cannot open file: /home/zhangfy/nl_target/toyMC/results/data_13933.C
1.06865	0.00392793
1.06846	0.0035154
1.07328	0.00350196
1.08321	0.00352157
1.08306	0.00343192
1.09524	0.00328692
1.11658	0.00349171
1.14322	0.00499716
 FCN=5.88645 FROM MIGRAD    STATUS=CONVERGED      36 CALLS          37 TOTAL
                     EDM=1.59056e-16    STRATEGY= 1      ERROR MATRIX ACCURATE 
  EXT PARAMETER                                   STEP         FIRST   
  NO.   NAME      VALUE            ERROR          SIZE      DERIVATIVE 
   1  p0           1.06856e+00   1.78025e-03   1.64405e-06  -1.21837e-05
   2  p1           2.03805e-02   1.25302e-03   1.15716e-06  -1.88529e-05
SaveSource cannot open file: /home/zhangfy/nl_target/toyMC/results/data_13934.C
1.06581	0.0039175
1.06847	0.00351543
1.06889	0.00348762
1.084	0.00352412
1.08216	0.00342909
1.09439	0.00328438
1.11646	0.00349133
1.15644	0.00505497
 FCN=11.223 FROM MIGRAD    STATUS=CONVERGED      36 CALLS          37 TOTAL
                     EDM=7.6082e-16    STRATEGY= 1      ERROR MATRIX ACCURATE 
  EXT PARAMETER                                   STEP         FIRST   
  NO.   NAME      VALUE            ERROR          SIZE      DERIVATIVE 
   1  p0           1.06559e+00   1.77957e-03   2.18980e-06  -2.12939e-06
   2  p1           2.31953e-02   1.25900e-03   1.54923e-06  -3.29937e-05
SaveSource cannot open file: /home/zhangfy/nl_target/toyMC/results/data_13935.C
1.06236	0.00390484
1.06687	0.00351017
1.06994	0.00349106
1.0819	0.00351731
1.07672	0.00341184
1.09444	0.00328451
1.11515	0.00348725
1.1451	0.0050054
 FCN=9.70068 FROM MIGRAD    STATUS=CONVERGED      36 CALLS          37 TOTAL
                     EDM=4.81957e-16    STRATEGY= 1      ERROR MATRIX ACCURATE 
  EXT PARAMETER                                   STEP         FIRST   
  NO.   NAME      VALUE            ERROR          SIZE      DERIVATIVE 
   1  p0           1.06459e+00   1.77526e-03   2.04446e-06  -1.62478e-05
   2  p1           2.17815e-02   1.25242e-03   1.44234e-06   2.44777e-06
SaveSource cannot open file: /home/zhangfy/nl_target/toyMC/results/data_13936.C
1.0712	0.00393733
1.06625	0.00350812
1.06914	0.00348846
1.07607	0.00349835
1.08355	0.00343349
1.09444	0.00328452
1.1169	0.00349272
1.14489	0.00500448
 FCN=6.54492 FROM MIGRAD    STATUS=CONVERGED      36 CALLS          37 TOTAL
                     EDM=4.78023e-17    STRATEGY= 1      ERROR MATRIX ACCURATE 
  EXT PARAMETER                                   STEP         FIRST   
  NO.   NAME      VALUE            ERROR          SIZE      DERIVATIVE 
   1  p0           1.06604e+00   1.77749e-03   1.71856e-06   3.38126e-06
   2  p1           2.14827e-02   1.25346e-03   1.21191e-06  -3.66987e-06
SaveSource cannot open file: /home/zhangfy/nl_target/toyMC/results/data_13937.C
1.06904	0.00392938
1.0782	0.00354743
1.07127	0.00349541
1.07789	0.00350425
1.08009	0.00342251
1.09098	0.00327414
1.11043	0.00347248
1.15146	0.00503319
 FCN=11.8399 FROM MIGRAD    STATUS=CONVERGED      36 CALLS          37 TOTAL
                     EDM=3.44511e-16    STRATEGY= 1      ERROR MATRIX ACCURATE 
  EXT PARAMETER                                   STEP         FIRST   
  NO.   NAME      VALUE            ERROR          SIZE      DERIVATIVE 
   1  p0           1.06778e+00   1.78164e-03   2.24282e-06  -1.37515e-05
   2  p1           2.01324e-02   1.25564e-03   1.58065e-06   1.93858e-06
SaveSource cannot open file: /home/zhangfy/nl_target/toyMC/results/data_13938.C
1.07346	0.00394561
1.07289	0.00352996
1.07647	0.00351235
1.07749	0.00350295
1.08299	0.00343173
1.09473	0.00328538
1.11084	0.00347377
1.14577	0.00500834
 FCN=6.70048 FROM MIGRAD    STATUS=CONVERGED      36 CALLS          37 TOTAL
                     EDM=1.46797e-17    STRATEGY= 1      ERROR MATRIX ACCURATE 
  EXT PARAMETER                                   STEP         FIRST   
  NO.   NAME      VALUE            ERROR          SIZE      DERIVATIVE 
   1  p0           1.07009e+00   1.78299e-03   1.73865e-06   2.40224e-06
   2  p1           1.88949e-02   1.25328e-03   1.22212e-06   5.92848e-06
SaveSource cannot open file: /home/zhangfy/nl_target/toyMC/results/data_13939.C
1.0687	0.00392814
1.06845	0.00351536
1.07778	0.00351662
1.08132	0.00351541
1.07573	0.0034087
1.09488	0.00328585
1.12325	0.00351258
1.14361	0.00499888
 FCN=7.74285 FROM MIGRAD    STATUS=CONVERGED      36 CALLS          37 TOTAL
                     EDM=3.24695e-16    STRATEGY= 1      ERROR MATRIX ACCURATE 
  EXT PARAMETER                                   STEP         FIRST   
  NO.   NAME      VALUE            ERROR          SIZE      DERIVATIVE 
   1  p0           1.06737e+00   1.77982e-03   1.85272e-06  -8.00586e-06
   2  p1           2.17768e-02   1.25549e-03   1.30692e-06   1.07104e-05
SaveSource cannot open file: /home/zhangfy/nl_target/toyMC/results/data_13940.C
1.07057	0.00393501
1.06911	0.00351752
1.06685	0.00348098
1.0778	0.00350398
1.07917	0.00341959
1.08934	0.00326923
1.12242	0.00350996
1.14616	0.00501005
 FCN=2.59062 FROM MIGRAD    STATUS=CONVERGED      36 CALLS          37 TOTAL
                     EDM=2.33996e-15    STRATEGY= 1      ERROR MATRIX ACCURATE 
  EXT PARAMETER                                   STEP         FIRST   
  NO.   NAME      VALUE            ERROR          SIZE      DERIVATIVE 
   1  p0           1.06447e+00   1.77679e-03   1.18517e-06  -4.26872e-05
   2  p1           2.27483e-02   1.25588e-03   8.37706e-07  -9.11815e-06
SaveSource cannot open file: /home/zhangfy/nl_target/toyMC/results/data_13941.C
1.06921	0.00392999
1.06961	0.00351916
1.06862	0.00348676
1.07874	0.00350703
1.07646	0.00341103
1.09352	0.00328176
1.11749	0.00349456
1.15273	0.00503876
 FCN=4.86549 FROM MIGRAD    STATUS=CONVERGED      36 CALLS          37 TOTAL
                     EDM=1.93904e-15    STRATEGY= 1      ERROR MATRIX ACCURATE 
  EXT PARAMETER                                   STEP         FIRST   
  NO.   NAME      VALUE            ERROR          SIZE      DERIVATIVE 
   1  p0           1.06458e+00   1.77792e-03   1.51520e-06   2.00767e-05
   2  p1           2.29558e-02   1.25760e-03   1.07177e-06   6.47736e-05
SaveSource cannot open file: /home/zhangfy/nl_target/toyMC/results/data_13942.C
1.07515	0.00395183
1.06658	0.0035092
1.07206	0.00349797
1.0759	0.00349779
1.08009	0.00342254
1.09205	0.00327736
1.11984	0.00350189
1.1459	0.00500887
 FCN=4.20668 FROM MIGRAD    STATUS=CONVERGED      36 CALLS          37 TOTAL
                     EDM=6.02344e-17    STRATEGY= 1      ERROR MATRIX ACCURATE 
  EXT PARAMETER                                   STEP         FIRST   
  NO.   NAME      VALUE            ERROR          SIZE      DERIVATIVE 
   1  p0           1.06625e+00   1.77885e-03   1.42822e-06   7.77505e-06
   2  p1           2.17219e-02   1.25541e-03   1.00795e-06   3.97628e-06
SaveSource cannot open file: /home/zhangfy/nl_target/toyMC/results/data_13943.C
1.06923	0.00393007
1.0754	0.00353824
1.07084	0.00349399
1.0847	0.00352639
1.08481	0.00343747
1.09184	0.00327671
1.11204	0.00347751
1.15043	0.00502871
 FCN=11.1454 FROM MIGRAD    STATUS=CONVERGED      36 CALLS          37 TOTAL
                     EDM=7.77211e-18    STRATEGY= 1      ERROR MATRIX ACCURATE 
  EXT PARAMETER                                   STEP         FIRST   
  NO.   NAME      VALUE            ERROR          SIZE      DERIVATIVE 
   1  p0           1.06939e+00   1.78320e-03   2.18423e-06   3.05991e-06
   2  p1           1.99655e-02   1.25570e-03   1.53809e-06   2.74291e-06
SaveSource cannot open file: /home/zhangfy/nl_target/toyMC/results/data_13944.C
1.06614	0.00391873
1.07387	0.0035332
1.07051	0.0034929
1.08194	0.00351742
1.07885	0.00341861
1.09267	0.00327921
1.12194	0.00350849
1.15443	0.00504617
 FCN=3.95521 FROM MIGRAD    STATUS=CONVERGED      36 CALLS          37 TOTAL
                     EDM=3.05335e-16    STRATEGY= 1      ERROR MATRIX ACCURATE 
  EXT PARAMETER                                   STEP         FIRST   
  NO.   NAME      VALUE            ERROR          SIZE      DERIVATIVE 
   1  p0           1.06591e+00   1.78053e-03   1.39500e-06  -1.19577e-05
   2  p1           2.34698e-02   1.26030e-03   9.87414e-07   3.65871e-06
SaveSource cannot open file: /home/zhangfy/nl_target/toyMC/results/data_13945.C
1.06494	0.0039143
1.07146	0.00352525
1.07853	0.00351908
1.07291	0.00348806
1.08197	0.00342847
1.0944	0.0032844
1.12073	0.00350468
1.14134	0.00498896
 FCN=8.48931 FROM MIGRAD    STATUS=CONVERGED      36 CALLS          37 TOTAL
                     EDM=6.73762e-16    STRATEGY= 1      ERROR MATRIX ACCURATE 
  EXT PARAMETER                                   STEP         FIRST   
  NO.   NAME      VALUE            ERROR          SIZE      DERIVATIVE 
   1  p0           1.06735e+00   1.77889e-03   1.92894e-06  -3.16098e-06
   2  p1           2.10707e-02   1.25338e-03   1.35911e-06  -3.22177e-05
SaveSource cannot open file: /home/zhangfy/nl_target/toyMC/results/data_13946.C
1.07003	0.00393301
1.07138	0.00352501
1.07305	0.0035012
1.08037	0.00351232
1.07711	0.00341309
1.09577	0.00328853
1.12165	0.00350757
1.138	0.00497435
 FCN=6.13844 FROM MIGRAD    STATUS=CONVERGED      36 CALLS          37 TOTAL
                     EDM=7.54988e-17    STRATEGY= 1      ERROR MATRIX ACCURATE 
  EXT PARAMETER                                   STEP         FIRST   
  NO.   NAME      VALUE            ERROR          SIZE      DERIVATIVE 
   1  p0           1.06812e+00   1.77915e-03   1.67341e-06  -6.92907e-06
   2  p1           2.05251e-02   1.25218e-03   1.17776e-06  -1.35988e-05
SaveSource cannot open file: /home/zhangfy/nl_target/toyMC/results/data_13947.C
1.07373	0.00394661
1.06977	0.00351972
1.07987	0.00352347
1.07013	0.00347903
1.08347	0.00343324
1.09749	0.00329369
1.11314	0.00348095
1.15079	0.00503027
 FCN=19.2809 FROM MIGRAD    STATUS=CONVERGED      36 CALLS          37 TOTAL
                     EDM=1.11098e-16    STRATEGY= 1      ERROR MATRIX ACCURATE 
  EXT PARAMETER                                   STEP         FIRST   
  NO.   NAME      VALUE            ERROR          SIZE      DERIVATIVE 
   1  p0           1.06855e+00   1.78235e-03   2.82204e-06  -1.15883e-05
   2  p1           2.06377e-02   1.25628e-03   1.98911e-06  -1.22124e-05
SaveSource cannot open file: /home/zhangfy/nl_target/toyMC/results/data_13948.C
1.06944	0.00393083
1.07352	0.00353204
1.07415	0.00350479
1.08458	0.00352601
1.08573	0.0034404
1.09794	0.00329503
1.11894	0.00349908
1.15855	0.00506419
 FCN=8.28999 FROM MIGRAD    STATUS=CONVERGED      36 CALLS          37 TOTAL
                     EDM=2.62245e-16    STRATEGY= 1      ERROR MATRIX ACCURATE 
  EXT PARAMETER                                   STEP         FIRST   
  NO.   NAME      VALUE            ERROR          SIZE      DERIVATIVE 
   1  p0           1.06953e+00   1.78561e-03   1.91499e-06   9.09053e-06
   2  p1           2.26081e-02   1.26210e-03   1.35354e-06  -6.68327e-06
SaveSource cannot open file: /home/zhangfy/nl_target/toyMC/results/data_13949.C
1.07039	0.00393435
1.07477	0.00353614
1.07417	0.00350484
1.0851	0.00352771
1.08266	0.00343065
1.09932	0.00329917
1.12178	0.00350797
1.15222	0.00503652
 FCN=5.20312 FROM MIGRAD    STATUS=CONVERGED      36 CALLS          37 TOTAL
                     EDM=3.00995e-16    STRATEGY= 1      ERROR MATRIX ACCURATE 
  EXT PARAMETER                                   STEP         FIRST   
  NO.   NAME      VALUE            ERROR          SIZE      DERIVATIVE 
   1  p0           1.07018e+00   1.78521e-03   1.56497e-06   5.02412e-06
   2  p1           2.20338e-02   1.26004e-03   1.10459e-06  -1.38502e-05
SaveSource cannot open file: /home/zhangfy/nl_target/toyMC/results/data_13950.C
1.0697	0.00393181
1.06926	0.00351804
1.07384	0.00350377
1.08538	0.00352861
1.08028	0.00342311
1.09499	0.00328617
1.12477	0.00351733
1.14116	0.00498817
 FCN=7.46345 FROM MIGRAD    STATUS=CONVERGED      36 CALLS          37 TOTAL
                     EDM=8.16202e-17    STRATEGY= 1      ERROR MATRIX ACCURATE 
  EXT PARAMETER                                   STEP         FIRST   
  NO.   NAME      VALUE            ERROR          SIZE      DERIVATIVE 
   1  p0           1.06869e+00   1.78080e-03   1.82444e-06   2.68240e-06
   2  p1           2.13747e-02   1.25482e-03   1.28558e-06  -7.16788e-06
SaveSource cannot open file: /home/zhangfy/nl_target/toyMC/results/data_13951.C
1.07383	0.00394699
1.07288	0.00352993
1.07527	0.00350845
1.06987	0.00347818
1.08401	0.00343493
1.08753	0.00326377
1.11322	0.00348122
1.15202	0.00503564
 FCN=13.6516 FROM MIGRAD    STATUS=CONVERGED      36 CALLS          37 TOTAL
                     EDM=5.35386e-17    STRATEGY= 1      ERROR MATRIX ACCURATE 
  EXT PARAMETER                                   STEP         FIRST   
  NO.   NAME      VALUE            ERROR          SIZE      DERIVATIVE 
   1  p0           1.06684e+00   1.78117e-03   2.39513e-06  -3.13349e-06
   2  p1           2.07713e-02   1.25685e-03   1.69008e-06   4.50376e-06
SaveSource cannot open file: /home/zhangfy/nl_target/toyMC/results/data_13952.C
1.06982	0.00393224
1.07936	0.00355126
1.07153	0.00349624
1.07775	0.00350382
1.08027	0.00342311
1.09572	0.00328836
1.12249	0.00351018
1.1426	0.00499444
 FCN=6.89763 FROM MIGRAD    STATUS=CONVERGED      36 CALLS          37 TOTAL
                     EDM=1.03054e-18    STRATEGY= 1      ERROR MATRIX ACCURATE 
  EXT PARAMETER                                   STEP         FIRST   
  NO.   NAME      VALUE            ERROR          SIZE      DERIVATIVE 
   1  p0           1.06912e+00   1.78196e-03   1.76228e-06  -7.57250e-07
   2  p1           2.08594e-02   1.25533e-03   1.24146e-06  -1.58646e-06
SaveSource cannot open file: /home/zhangfy/nl_target/toyMC/results/data_13953.C
1.07283	0.00394331
1.07189	0.00352668
1.07831	0.00351836
1.08324	0.00352165
1.08124	0.00342618
1.09992	0.00330098
1.11528	0.00348765
1.15478	0.00504771
 FCN=11.7745 FROM MIGRAD    STATUS=CONVERGED      36 CALLS          37 TOTAL
                     EDM=4.67735e-16    STRATEGY= 1      ERROR MATRIX ACCURATE 
  EXT PARAMETER                                   STEP         FIRST   
  NO.   NAME      VALUE            ERROR          SIZE      DERIVATIVE 
   1  p0           1.07048e+00   1.78577e-03   2.24454e-06  -5.09274e-06
   2  p1           2.10808e-02   1.25935e-03   1.58288e-06   1.87132e-05
SaveSource cannot open file: /home/zhangfy/nl_target/toyMC/results/data_13954.C
1.07261	0.0039425
1.07431	0.00353463
1.07181	0.00349714
1.08185	0.00351714
1.08111	0.00342577
1.09611	0.00328955
1.11922	0.00349996
1.14478	0.00500399
 FCN=3.17971 FROM MIGRAD    STATUS=CONVERGED      36 CALLS          37 TOTAL
                     EDM=5.05322e-17    STRATEGY= 1      ERROR MATRIX ACCURATE 
  EXT PARAMETER                                   STEP         FIRST   
  NO.   NAME      VALUE            ERROR          SIZE      DERIVATIVE 
   1  p0           1.06953e+00   1.78255e-03   1.28217e-06   1.85908e-06
   2  p1           2.05543e-02   1.25532e-03   9.02936e-07  -5.94866e-06
SaveSource cannot open file: /home/zhangfy/nl_target/toyMC/results/data_13955.C
1.06694	0.00392165
1.06899	0.00351714
1.07397	0.0035042
1.06989	0.00347825
1.08124	0.00342617
1.09746	0.00329359
1.11531	0.00348774
1.15012	0.00502733
 FCN=12.8999 FROM MIGRAD    STATUS=CONVERGED      36 CALLS          37 TOTAL
                     EDM=1.2154e-15    STRATEGY= 1      ERROR MATRIX ACCURATE 
  EXT PARAMETER                                   STEP         FIRST   
  NO.   NAME      VALUE            ERROR          SIZE      DERIVATIVE 
   1  p0           1.06527e+00   1.77766e-03   2.33255e-06   5.27375e-06
   2  p1           2.22461e-02   1.25555e-03   1.64746e-06  -3.37220e-05
SaveSource cannot open file: /home/zhangfy/nl_target/toyMC/results/data_13956.C
1.0743	0.0039487
1.07719	0.00354412
1.07646	0.00351233
1.07517	0.00349541
1.07795	0.00341575
1.09726	0.00329298
1.11376	0.0034829
1.13926	0.00497988
 FCN=8.73484 FROM MIGRAD    STATUS=CONVERGED      36 CALLS          37 TOTAL
                     EDM=5.99866e-16    STRATEGY= 1      ERROR MATRIX ACCURATE 
  EXT PARAMETER                                   STEP         FIRST   
  NO.   NAME      VALUE            ERROR          SIZE      DERIVATIVE 
   1  p0           1.07066e+00   1.78257e-03   1.95487e-06   3.27126e-06
   2  p1           1.82949e-02   1.25126e-03   1.37221e-06   3.07126e-05
SaveSource cannot open file: /home/zhangfy/nl_target/toyMC/results/data_13957.C
1.0727	0.00394282
1.0668	0.00350993
1.07334	0.00350214
1.07834	0.00350572
1.07467	0.00340534
1.09355	0.00328184
1.11479	0.00348611
1.14202	0.00499195
 FCN=6.56502 FROM MIGRAD    STATUS=CONVERGED      36 CALLS          37 TOTAL
                     EDM=1.32815e-15    STRATEGY= 1      ERROR MATRIX ACCURATE 
  EXT PARAMETER                                   STEP         FIRST   
  NO.   NAME      VALUE            ERROR          SIZE      DERIVATIVE 
   1  p0           1.06645e+00   1.77762e-03   1.71969e-06  -3.11436e-05
   2  p1           2.02992e-02   1.25173e-03   1.21094e-06  -5.67608e-05
SaveSource cannot open file: /home/zhangfy/nl_target/toyMC/results/data_13958.C
1.06711	0.00392227
1.07288	0.00352995
1.07049	0.00349286
1.07462	0.00349364
1.08246	0.00343004
1.08969	0.00327027
1.11919	0.00349987
1.14545	0.00500691
 FCN=2.15303 FROM MIGRAD    STATUS=CONVERGED      36 CALLS          37 TOTAL
                     EDM=1.1596e-17    STRATEGY= 1      ERROR MATRIX ACCURATE 
  EXT PARAMETER                                   STEP         FIRST   
  NO.   NAME      VALUE            ERROR          SIZE      DERIVATIVE 
   1  p0           1.06578e+00   1.77805e-03   1.11086e-06  -3.62207e-06
   2  p1           2.16500e-02   1.25476e-03   7.83930e-07  -4.58433e-06
SaveSource cannot open file: /home/zhangfy/nl_target/toyMC/results/data_13959.C
1.07055	0.00393491
1.07453	0.00353538
1.07145	0.00349597
1.08118	0.00351495
1.07908	0.00341934
1.09156	0.00327588
1.11776	0.00349539
1.14932	0.00502386
 FCN=2.87407 FROM MIGRAD    STATUS=CONVERGED      36 CALLS          37 TOTAL
                     EDM=2.68632e-16    STRATEGY= 1      ERROR MATRIX ACCURATE 
  EXT PARAMETER                                   STEP         FIRST   
  NO.   NAME      VALUE            ERROR          SIZE      DERIVATIVE 
   1  p0           1.06760e+00   1.78140e-03   1.23301e-06  -9.79649e-06
   2  p1           2.12848e-02   1.25688e-03   8.69958e-07  -2.51280e-05
SaveSource cannot open file: /home/zhangfy/nl_target/toyMC/results/data_13960.C
1.06441	0.00391237
1.07026	0.0035213
1.07015	0.00349174
1.07903	0.00350796
1.0767	0.00341177
1.09397	0.0032831
1.12348	0.00351329
1.14937	0.00502406
 FCN=3.36786 FROM MIGRAD    STATUS=CONVERGED      36 CALLS          37 TOTAL
                     EDM=1.15313e-17    STRATEGY= 1      ERROR MATRIX ACCURATE 
  EXT PARAMETER                                   STEP         FIRST   
  NO.   NAME      VALUE            ERROR          SIZE      DERIVATIVE 
   1  p0           1.06431e+00   1.77706e-03   1.30811e-06   1.49375e-06
   2  p1           2.37424e-02   1.25765e-03   9.25769e-07   4.96367e-06
SaveSource cannot open file: /home/zhangfy/nl_target/toyMC/results/data_13961.C
1.06632	0.00391936
1.06989	0.00352009
1.07949	0.00352222
1.07437	0.00349283
1.07486	0.00340595
1.09216	0.00327767
1.11597	0.00348982
1.14949	0.00502457
 FCN=9.54998 FROM MIGRAD    STATUS=CONVERGED      36 CALLS          37 TOTAL
                     EDM=2.20024e-16    STRATEGY= 1      ERROR MATRIX ACCURATE 
  EXT PARAMETER                                   STEP         FIRST   
  NO.   NAME      VALUE            ERROR          SIZE      DERIVATIVE 
   1  p0           1.06556e+00   1.77863e-03   2.03166e-06  -9.58273e-06
   2  p1           2.16914e-02   1.25589e-03   1.43456e-06   4.12961e-06
SaveSource cannot open file: /home/zhangfy/nl_target/toyMC/results/data_13962.C
1.07535	0.00395257
1.07857	0.00354866
1.07377	0.00350356
1.08326	0.00352173
1.08372	0.00343402
1.08984	0.00327071
1.11843	0.00349749
1.14798	0.005018
 FCN=3.83581 FROM MIGRAD    STATUS=CONVERGED      36 CALLS          37 TOTAL
                     EDM=9.1655e-17    STRATEGY= 1      ERROR MATRIX ACCURATE 
  EXT PARAMETER                                   STEP         FIRST   
  NO.   NAME      VALUE            ERROR          SIZE      DERIVATIVE 
   1  p0           1.07108e+00   1.78606e-03   1.38018e-06   6.31861e-06
   2  p1           1.98075e-02   1.25751e-03   9.71741e-07  -2.38327e-06
SaveSource cannot open file: /home/zhangfy/nl_target/toyMC/results/data_13963.C
1.06946	0.00393093
1.06876	0.00351638
1.07593	0.00351059
1.07944	0.0035093
1.08113	0.00342582
1.09861	0.00329704
1.11835	0.00349724
1.15003	0.00502692
 FCN=6.87181 FROM MIGRAD    STATUS=CONVERGED      36 CALLS          37 TOTAL
                     EDM=8.09885e-18    STRATEGY= 1      ERROR MATRIX ACCURATE 
  EXT PARAMETER                                   STEP         FIRST   
  NO.   NAME      VALUE            ERROR          SIZE      DERIVATIVE 
   1  p0           1.06796e+00   1.78135e-03   1.75916e-06  -2.19248e-06
   2  p1           2.19073e-02   1.25713e-03   1.24146e-06  -4.44102e-06
SaveSource cannot open file: /home/zhangfy/nl_target/toyMC/results/data_13964.C
1.06944	0.00393083
1.07755	0.00354532
1.07152	0.00349621
1.07869	0.00350686
1.08346	0.00343321
1.09204	0.00327732
1.11867	0.00349824
1.15106	0.00503145
 FCN=4.27748 FROM MIGRAD    STATUS=CONVERGED      36 CALLS          37 TOTAL
                     EDM=7.04928e-16    STRATEGY= 1      ERROR MATRIX ACCURATE 
  EXT PARAMETER                                   STEP         FIRST   
  NO.   NAME      VALUE            ERROR          SIZE      DERIVATIVE 
   1  p0           1.06827e+00   1.78274e-03   1.44028e-06  -6.89747e-06
   2  p1           2.15000e-02   1.25822e-03   1.01652e-06  -3.57799e-05
SaveSource cannot open file: /home/zhangfy/nl_target/toyMC/results/data_13965.C
1.07139	0.00393802
1.07588	0.00353982
1.06675	0.00348065
1.07823	0.00350538
1.08164	0.00342743
1.09153	0.00327578
1.11827	0.003497
1.14569	0.00500799
 FCN=5.53619 FROM MIGRAD    STATUS=CONVERGED      36 CALLS          37 TOTAL
                     EDM=6.00817e-15    STRATEGY= 1      ERROR MATRIX ACCURATE 
  EXT PARAMETER                                   STEP         FIRST   
  NO.   NAME      VALUE            ERROR          SIZE      DERIVATIVE 
   1  p0           1.06726e+00   1.78003e-03   1.60073e-06  -3.12039e-05
   2  p1           2.10475e-02   1.25505e-03   1.12863e-06   5.06208e-05
SaveSource cannot open file: /home/zhangfy/nl_target/toyMC/results/data_13966.C
1.06815	0.00392611
1.07453	0.00353537
1.072	0.00349777
1.0757	0.00349714
1.07974	0.00342141
1.09431	0.00328414
1.11392	0.00348338
1.14075	0.00498637
 FCN=4.41255 FROM MIGRAD    STATUS=CONVERGED      36 CALLS          37 TOTAL
                     EDM=2.11299e-15    STRATEGY= 1      ERROR MATRIX ACCURATE 
  EXT PARAMETER                                   STEP         FIRST   
  NO.   NAME      VALUE            ERROR          SIZE      DERIVATIVE 
   1  p0           1.06778e+00   1.77885e-03   1.45548e-06   2.02368e-05
   2  p1           1.95921e-02   1.25103e-03   1.02361e-06  -2.76902e-05
SaveSource cannot open file: /home/zhangfy/nl_target/toyMC/results/data_13967.C
1.06782	0.0039249
1.07903	0.00355016
1.0811	0.00352747
1.07891	0.00350759
1.07707	0.00341294
1.0965	0.00329072
1.12218	0.00350924
1.15372	0.00504305
 FCN=10.8977 FROM MIGRAD    STATUS=CONVERGED      36 CALLS          37 TOTAL
                     EDM=4.27422e-15    STRATEGY= 1      ERROR MATRIX ACCURATE 
  EXT PARAMETER                                   STEP         FIRST   
  NO.   NAME      VALUE            ERROR          SIZE      DERIVATIVE 
   1  p0           1.06939e+00   1.78532e-03   2.16601e-06   4.53622e-05
   2  p1           2.21414e-02   1.26126e-03   1.53020e-06  -1.23342e-05
SaveSource cannot open file: /home/zhangfy/nl_target/toyMC/results/data_13968.C
1.06793	0.0039253
1.07118	0.00352434
1.07819	0.00351797
1.08126	0.00351523
1.08185	0.0034281
1.09076	0.00327348
1.11464	0.00348566
1.14364	0.00499903
 FCN=3.53156 FROM MIGRAD    STATUS=CONVERGED      36 CALLS          37 TOTAL
                     EDM=6.55789e-17    STRATEGY= 1      ERROR MATRIX ACCURATE 
  EXT PARAMETER                                   STEP         FIRST   
  NO.   NAME      VALUE            ERROR          SIZE      DERIVATIVE 
   1  p0           1.06899e+00   1.78134e-03   1.33318e-06   8.52336e-06
   2  p1           1.95349e-02   1.25304e-03   9.37790e-07   5.68495e-06
SaveSource cannot open file: /home/zhangfy/nl_target/toyMC/results/data_13969.C
1.07177	0.0039394
1.07276	0.00352953
1.07687	0.00351366
1.08246	0.00351911
1.07272	0.00339919
1.09405	0.00328336
1.12532	0.00351904
1.14631	0.00501068
 FCN=9.93145 FROM MIGRAD    STATUS=CONVERGED      36 CALLS          37 TOTAL
                     EDM=2.1255e-16    STRATEGY= 1      ERROR MATRIX ACCURATE 
  EXT PARAMETER                                   STEP         FIRST   
  NO.   NAME      VALUE            ERROR          SIZE      DERIVATIVE 
   1  p0           1.06789e+00   1.78183e-03   2.07324e-06   5.66776e-06
   2  p1           2.20851e-02   1.25807e-03   1.46382e-06  -9.76871e-06
SaveSource cannot open file: /home/zhangfy/nl_target/toyMC/results/data_13970.C
1.0689	0.00392887
1.07491	0.0035366
1.06647	0.00347974
1.07568	0.00349709
1.07799	0.00341587
1.09289	0.00327986
1.11749	0.00349457
1.14028	0.00498434
 FCN=6.21676 FROM MIGRAD    STATUS=CONVERGED      36 CALLS          37 TOTAL
                     EDM=1.69621e-15    STRATEGY= 1      ERROR MATRIX ACCURATE 
  EXT PARAMETER                                   STEP         FIRST   
  NO.   NAME      VALUE            ERROR          SIZE      DERIVATIVE 
   1  p0           1.06610e+00   1.77694e-03   1.67964e-06  -4.30569e-06
   2  p1           2.06566e-02   1.25162e-03   1.18308e-06   4.20881e-05
SaveSource cannot open file: /home/zhangfy/nl_target/toyMC/results/data_13971.C
1.07072	0.00393556
1.06994	0.00352026
1.07244	0.00349921
1.07605	0.00349828
1.07795	0.00341573
1.09308	0.00328045
1.1121	0.00347771
1.14487	0.0050044
 FCN=4.49797 FROM MIGRAD    STATUS=CONVERGED      36 CALLS          37 TOTAL
                     EDM=2.04811e-16    STRATEGY= 1      ERROR MATRIX ACCURATE 
  EXT PARAMETER                                   STEP         FIRST   
  NO.   NAME      VALUE            ERROR          SIZE      DERIVATIVE 
   1  p0           1.06658e+00   1.77825e-03   1.46604e-06   6.79747e-06
   2  p1           2.01664e-02   1.25232e-03   1.03245e-06  -7.89291e-06
SaveSource cannot open file: /home/zhangfy/nl_target/toyMC/results/data_13972.C
1.07452	0.00394951
1.07212	0.00352745
1.07035	0.0034924
1.08214	0.00351807
1.0874	0.00344568
1.09177	0.0032765
1.1237	0.00351397
1.14789	0.00501759
 FCN=4.81832 FROM MIGRAD    STATUS=CONVERGED      36 CALLS          37 TOTAL
                     EDM=2.94344e-16    STRATEGY= 1      ERROR MATRIX ACCURATE 
  EXT PARAMETER                                   STEP         FIRST   
  NO.   NAME      VALUE            ERROR          SIZE      DERIVATIVE 
   1  p0           1.06913e+00   1.78333e-03   1.51380e-06  -1.09057e-05
   2  p1           2.17465e-02   1.25831e-03   1.06813e-06   5.02448e-06
SaveSource cannot open file: /home/zhangfy/nl_target/toyMC/results/data_13973.C
1.06579	0.00391743
1.07216	0.00352756
1.07659	0.00351274
1.08091	0.00351407
1.07973	0.00342139
1.08718	0.00326274
1.11791	0.00349586
1.14455	0.005003
 FCN=3.68966 FROM MIGRAD    STATUS=CONVERGED      36 CALLS          37 TOTAL
                     EDM=3.31051e-16    STRATEGY= 1      ERROR MATRIX ACCURATE 
  EXT PARAMETER                                   STEP         FIRST   
  NO.   NAME      VALUE            ERROR          SIZE      DERIVATIVE 
   1  p0           1.06722e+00   1.77982e-03   1.35532e-06  -1.76487e-05
   2  p1           2.06088e-02   1.25429e-03   9.55134e-07  -7.59844e-06
SaveSource cannot open file: /home/zhangfy/nl_target/toyMC/results/data_13974.C
1.06782	0.00392491
1.06904	0.00351729
1.07639	0.0035121
1.0781	0.00350494
1.08568	0.00344025
1.08768	0.00326423
1.12304	0.0035119
1.14257	0.00499434
 FCN=5.57244 FROM MIGRAD    STATUS=CONVERGED      36 CALLS          37 TOTAL
                     EDM=7.20396e-16    STRATEGY= 1      ERROR MATRIX ACCURATE 
  EXT PARAMETER                                   STEP         FIRST   
  NO.   NAME      VALUE            ERROR          SIZE      DERIVATIVE 
   1  p0           1.06741e+00   1.77979e-03   1.60574e-06  -1.01775e-05
   2  p1           2.13004e-02   1.25485e-03   1.13214e-06   1.83969e-05
SaveSource cannot open file: /home/zhangfy/nl_target/toyMC/results/data_13975.C
1.06458	0.00391298
1.07159	0.00352569
1.07252	0.00349947
1.07395	0.00349145
1.07928	0.00341996
1.09245	0.00327856
1.11269	0.00347954
1.14996	0.00502662
 FCN=7.00466 FROM MIGRAD    STATUS=CONVERGED      36 CALLS          37 TOTAL
                     EDM=1.4423e-16    STRATEGY= 1      ERROR MATRIX ACCURATE 
  EXT PARAMETER                                   STEP         FIRST   
  NO.   NAME      VALUE            ERROR          SIZE      DERIVATIVE 
   1  p0           1.06502e+00   1.77738e-03   1.76857e-06   1.01821e-06
   2  p1           2.15428e-02   1.25462e-03   1.24840e-06  -1.24967e-05
SaveSource cannot open file: /home/zhangfy/nl_target/toyMC/results/data_13976.C
1.06695	0.0039217
1.07099	0.00352372
1.07386	0.00350384
1.08338	0.00352211
1.08242	0.00342991
1.09014	0.00327161
1.12114	0.00350596
1.14463	0.00500335
 FCN=3.04546 FROM MIGRAD    STATUS=CONVERGED      36 CALLS          37 TOTAL
                     EDM=5.63265e-16    STRATEGY= 1      ERROR MATRIX ACCURATE 
  EXT PARAMETER                                   STEP         FIRST   
  NO.   NAME      VALUE            ERROR          SIZE      DERIVATIVE 
   1  p0           1.06777e+00   1.78045e-03   1.26018e-06  -4.76489e-06
   2  p1           2.12773e-02   1.25531e-03   8.88493e-07   2.16048e-05
SaveSource cannot open file: /home/zhangfy/nl_target/toyMC/results/data_13977.C
1.07014	0.00393341
1.07373	0.00353273
1.06926	0.00348882
1.08106	0.00351457
1.08197	0.00342849
1.08673	0.00326138
1.11728	0.00349391
1.14529	0.00500623
 FCN=3.91668 FROM MIGRAD    STATUS=CONVERGED      36 CALLS          37 TOTAL
                     EDM=1.20905e-15    STRATEGY= 1      ERROR MATRIX ACCURATE 
  EXT PARAMETER                                   STEP         FIRST   
  NO.   NAME      VALUE            ERROR          SIZE      DERIVATIVE 
   1  p0           1.06713e+00   1.77987e-03   1.38764e-06   2.51186e-05
   2  p1           2.06150e-02   1.25448e-03   9.78028e-07  -4.90164e-06
SaveSource cannot open file: /home/zhangfy/nl_target/toyMC/results/data_13978.C
1.06932	0.00393039
1.06656	0.00350913
1.07268	0.00349998
1.07883	0.00350731
1.08067	0.00342435
1.09021	0.00327182
1.12405	0.00351508
1.14977	0.0050258
 FCN=1.46762 FROM MIGRAD    STATUS=CONVERGED      36 CALLS          37 TOTAL
                     EDM=1.86015e-16    STRATEGY= 1      ERROR MATRIX ACCURATE 
  EXT PARAMETER                                   STEP         FIRST   
  NO.   NAME      VALUE            ERROR          SIZE      DERIVATIVE 
   1  p0           1.06508e+00   1.77849e-03   9.83617e-07  -6.55725e-06
   2  p1           2.33994e-02   1.25834e-03   6.95944e-07   7.37336e-06
SaveSource cannot open file: /home/zhangfy/nl_target/toyMC/results/data_13979.C
1.06979	0.00393213
1.074	0.00353362
1.07949	0.00352221
1.07896	0.00350773
1.08326	0.00343257
1.09397	0.00328312
1.11767	0.00349513
1.14608	0.00500969
 FCN=2.73422 FROM MIGRAD    STATUS=CONVERGED      36 CALLS          37 TOTAL
                     EDM=2.20168e-15    STRATEGY= 1      ERROR MATRIX ACCURATE 
  EXT PARAMETER                                   STEP         FIRST   
  NO.   NAME      VALUE            ERROR          SIZE      DERIVATIVE 
   1  p0           1.07013e+00   1.78371e-03   1.21209e-06   1.24060e-05
   2  p1           2.01042e-02   1.25570e-03   8.53293e-07  -3.90722e-05
SaveSource cannot open file: /home/zhangfy/nl_target/toyMC/results/data_13980.C
1.07421	0.00394837
1.07748	0.00354507
1.07134	0.00349561
1.07413	0.00349204
1.0782	0.00341652
1.10053	0.0033028
1.12214	0.0035091
1.15016	0.0050275
 FCN=13.0765 FROM MIGRAD    STATUS=CONVERGED      36 CALLS          37 TOTAL
                     EDM=2.11836e-15    STRATEGY= 1      ERROR MATRIX ACCURATE 
  EXT PARAMETER                                   STEP         FIRST   
  NO.   NAME      VALUE            ERROR          SIZE      DERIVATIVE 
   1  p0           1.06829e+00   1.78268e-03   2.35395e-06  -1.40550e-06
   2  p1           2.23001e-02   1.25906e-03   1.66253e-06   5.02981e-05
SaveSource cannot open file: /home/zhangfy/nl_target/toyMC/results/data_13981.C
1.0737	0.00394651
1.06696	0.00351046
1.06806	0.00348492
1.08068	0.00351332
1.08604	0.00344137
1.08504	0.0032563
1.12082	0.00350496
1.14355	0.00499862
 FCN=10.4787 FROM MIGRAD    STATUS=CONVERGED      36 CALLS          37 TOTAL
                     EDM=1.40367e-16    STRATEGY= 1      ERROR MATRIX ACCURATE 
  EXT PARAMETER                                   STEP         FIRST   
  NO.   NAME      VALUE            ERROR          SIZE      DERIVATIVE 
   1  p0           1.06640e+00   1.77865e-03   2.12007e-06  -1.29347e-05
   2  p1           2.12770e-02   1.25441e-03   1.49521e-06  -1.46633e-05
SaveSource cannot open file: /home/zhangfy/nl_target/toyMC/results/data_13982.C
1.07608	0.00395524
1.07016	0.003521
1.06955	0.00348977
1.08121	0.00351505
1.07288	0.00339967
1.09521	0.00328683
1.12039	0.00350363
1.14107	0.0049878
 FCN=12.2695 FROM MIGRAD    STATUS=CONVERGED      36 CALLS          37 TOTAL
                     EDM=3.72392e-15    STRATEGY= 1      ERROR MATRIX ACCURATE 
  EXT PARAMETER                                   STEP         FIRST   
  NO.   NAME      VALUE            ERROR          SIZE      DERIVATIVE 
   1  p0           1.06724e+00   1.77900e-03   2.28040e-06   6.30380e-06
   2  p1           2.08773e-02   1.25343e-03   1.60670e-06   7.47521e-05
SaveSource cannot open file: /home/zhangfy/nl_target/toyMC/results/data_13983.C
1.0706	0.00393511
1.07603	0.0035403
1.07125	0.00349534
1.07316	0.0034889
1.07991	0.00342195
1.09221	0.00327783
1.11736	0.00349416
1.14559	0.00500754
 FCN=4.64343 FROM MIGRAD    STATUS=CONVERGED      36 CALLS          37 TOTAL
                     EDM=5.53922e-16    STRATEGY= 1      ERROR MATRIX ACCURATE 
  EXT PARAMETER                                   STEP         FIRST   
  NO.   NAME      VALUE            ERROR          SIZE      DERIVATIVE 
   1  p0           1.06700e+00   1.77973e-03   1.48685e-06   7.14587e-06
   2  p1           2.08981e-02   1.25478e-03   1.04828e-06  -1.84705e-05
SaveSource cannot open file: /home/zhangfy/nl_target/toyMC/results/data_13984.C
1.06628	0.00391923
1.06815	0.00351439
1.07079	0.00349383
1.08351	0.00352254
1.08293	0.00343154
1.08767	0.00326421
1.12502	0.00351809
1.1454	0.00500669
 FCN=6.7883 FROM MIGRAD    STATUS=CONVERGED      36 CALLS          37 TOTAL
                     EDM=5.35859e-16    STRATEGY= 1      ERROR MATRIX ACCURATE 
  EXT PARAMETER                                   STEP         FIRST   
  NO.   NAME      VALUE            ERROR          SIZE      DERIVATIVE 
   1  p0           1.06580e+00   1.77834e-03   1.74753e-06  -1.03695e-05
   2  p1           2.26857e-02   1.25640e-03   1.23463e-06   1.36414e-05
SaveSource cannot open file: /home/zhangfy/nl_target/toyMC/results/data_13985.C
1.07277	0.0039431
1.07517	0.00353747
1.07432	0.00350536
1.07931	0.00350888
1.07819	0.0034165
1.09218	0.00327773
1.12598	0.00352111
1.14245	0.00499379
 FCN=4.36173 FROM MIGRAD    STATUS=CONVERGED      36 CALLS          37 TOTAL
                     EDM=5.21377e-16    STRATEGY= 1      ERROR MATRIX ACCURATE 
  EXT PARAMETER                                   STEP         FIRST   
  NO.   NAME      VALUE            ERROR          SIZE      DERIVATIVE 
   1  p0           1.06862e+00   1.78191e-03   1.45199e-06  -2.89332e-06
   2  p1           2.13445e-02   1.25645e-03   1.02382e-06   2.26855e-05
SaveSource cannot open file: /home/zhangfy/nl_target/toyMC/results/data_13986.C
1.06808	0.00392586
1.07059	0.00352241
1.06575	0.00347737
1.08361	0.00352286
1.08241	0.00342986
1.09422	0.00328388
1.12251	0.00351026
1.14874	0.0050213
 FCN=7.90166 FROM MIGRAD    STATUS=CONVERGED      36 CALLS          37 TOTAL
                     EDM=1.71838e-15    STRATEGY= 1      ERROR MATRIX ACCURATE 
  EXT PARAMETER                                   STEP         FIRST   
  NO.   NAME      VALUE            ERROR          SIZE      DERIVATIVE 
   1  p0           1.06619e+00   1.77907e-03   1.86939e-06   1.49424e-05
   2  p1           2.29673e-02   1.25729e-03   1.32113e-06   5.87075e-05
SaveSource cannot open file: /home/zhangfy/nl_target/toyMC/results/data_13987.C
1.07668	0.00395745
1.07201	0.00352707
1.06851	0.00348638
1.07643	0.00349952
1.08284	0.00343124
1.09103	0.0032743
1.11078	0.00347359
1.1511	0.00503161
 FCN=12.6121 FROM MIGRAD    STATUS=CONVERGED      36 CALLS          37 TOTAL
                     EDM=1.71213e-15    STRATEGY= 1      ERROR MATRIX ACCURATE 
  EXT PARAMETER                                   STEP         FIRST   
  NO.   NAME      VALUE            ERROR          SIZE      DERIVATIVE 
   1  p0           1.06745e+00   1.78111e-03   2.30894e-06  -1.40404e-05
   2  p1           2.03037e-02   1.25547e-03   1.62753e-06   3.05195e-05
SaveSource cannot open file: /home/zhangfy/nl_target/toyMC/results/data_13988.C
1.0733	0.00394503
1.0694	0.00351847
1.07233	0.00349884
1.08256	0.00351944
1.08068	0.00342441
1.08173	0.00324638
1.11466	0.0034857
1.15322	0.0050409
 FCN=13.8583 FROM MIGRAD    STATUS=CONVERGED      36 CALLS          37 TOTAL
                     EDM=2.89562e-16    STRATEGY= 1      ERROR MATRIX ACCURATE 
  EXT PARAMETER                                   STEP         FIRST   
  NO.   NAME      VALUE            ERROR          SIZE      DERIVATIVE 
   1  p0           1.06613e+00   1.78080e-03   2.41129e-06  -1.02952e-05
   2  p1           2.11946e-02   1.25769e-03   1.70297e-06  -2.61296e-05
SaveSource cannot open file: /home/zhangfy/nl_target/toyMC/results/data_13989.C
1.06619	0.00391889
1.07213	0.00352747
1.07222	0.00349849
1.07698	0.00350132
1.08199	0.00342855
1.09681	0.00329165
1.12065	0.00350446
1.144	0.0050006
 FCN=4.96351 FROM MIGRAD    STATUS=CONVERGED      36 CALLS          37 TOTAL
                     EDM=6.87656e-17    STRATEGY= 1      ERROR MATRIX ACCURATE 
  EXT PARAMETER                                   STEP         FIRST   
  NO.   NAME      VALUE            ERROR          SIZE      DERIVATIVE 
   1  p0           1.06722e+00   1.77908e-03   1.52980e-06   6.80880e-06
   2  p1           2.16871e-02   1.25456e-03   1.07877e-06   1.29262e-05
SaveSource cannot open file: /home/zhangfy/nl_target/toyMC/results/data_13990.C
1.07016	0.00393351
1.06964	0.00351926
1.07904	0.00352075
1.07805	0.00350479
1.08544	0.00343947
1.09029	0.00327208
1.11679	0.00349237
1.15459	0.00504688
 FCN=7.7845 FROM MIGRAD    STATUS=CONVERGED      36 CALLS          37 TOTAL
                     EDM=5.88574e-17    STRATEGY= 1      ERROR MATRIX ACCURATE 
  EXT PARAMETER                                   STEP         FIRST   
  NO.   NAME      VALUE            ERROR          SIZE      DERIVATIVE 
   1  p0           1.06802e+00   1.78310e-03   1.85808e-06  -5.96317e-06
   2  p1           2.16864e-02   1.25926e-03   1.31221e-06   2.45361e-07
SaveSource cannot open file: /home/zhangfy/nl_target/toyMC/results/data_13991.C
1.0696	0.00393144
1.06946	0.0035187
1.07564	0.00350965
1.07912	0.00350826
1.08048	0.00342375
1.0921	0.0032775
1.11589	0.00348957
1.14767	0.00501665
 FCN=2.51508 FROM MIGRAD    STATUS=CONVERGED      36 CALLS          37 TOTAL
                     EDM=1.70265e-15    STRATEGY= 1      ERROR MATRIX ACCURATE 
  EXT PARAMETER                                   STEP         FIRST   
  NO.   NAME      VALUE            ERROR          SIZE      DERIVATIVE 
   1  p0           1.06740e+00   1.78033e-03   1.17390e-06  -4.57023e-06
   2  p1           2.09180e-02   1.25518e-03   8.27626e-07   4.17595e-05
SaveSource cannot open file: /home/zhangfy/nl_target/toyMC/results/data_13992.C
1.07341	0.00394545
1.0705	0.00352211
1.07528	0.00350847
1.08473	0.0035265
1.08512	0.00343846
1.08853	0.00326679
1.12207	0.00350888
1.1477	0.00501675
 FCN=4.47805 FROM MIGRAD    STATUS=CONVERGED      36 CALLS          37 TOTAL
                     EDM=6.80705e-17    STRATEGY= 1      ERROR MATRIX ACCURATE 
  EXT PARAMETER                                   STEP         FIRST   
  NO.   NAME      VALUE            ERROR          SIZE      DERIVATIVE 
   1  p0           1.06938e+00   1.78375e-03   1.46839e-06  -5.42868e-07
   2  p1           2.11109e-02   1.25784e-03   1.03546e-06   8.72561e-06
SaveSource cannot open file: /home/zhangfy/nl_target/toyMC/results/data_13993.C
1.07434	0.00394885
1.07557	0.00353878
1.06112	0.00346227
1.08035	0.00351225
1.08824	0.00344836
1.09233	0.0032782
1.11668	0.00349203
1.14584	0.00500861
 FCN=20.8249 FROM MIGRAD    STATUS=CONVERGED      36 CALLS          37 TOTAL
                     EDM=2.35815e-15    STRATEGY= 1      ERROR MATRIX ACCURATE 
  EXT PARAMETER                                   STEP         FIRST   
  NO.   NAME      VALUE            ERROR          SIZE      DERIVATIVE 
   1  p0           1.06825e+00   1.78089e-03   2.92670e-06   1.46123e-05
   2  p1           2.06477e-02   1.25459e-03   2.06178e-06  -3.82751e-05
SaveSource cannot open file: /home/zhangfy/nl_target/toyMC/results/data_13994.C
1.07137	0.00393793
1.07257	0.00352891
1.07896	0.0035205
1.08231	0.00351862
1.08113	0.00342583
1.09181	0.00327663
1.12189	0.00350831
1.1432	0.00499708
 FCN=1.93925 FROM MIGRAD    STATUS=CONVERGED      38 CALLS          39 TOTAL
                     EDM=1.62923e-16    STRATEGY= 1      ERROR MATRIX ACCURATE 
  EXT PARAMETER                                   STEP         FIRST   
  NO.   NAME      VALUE            ERROR          SIZE      DERIVATIVE 
   1  p0           1.07000e+00   1.78337e-03   1.07546e-06   1.97406e-06
   2  p1           2.03400e-02   1.25565e-03   7.57218e-07  -1.22888e-05
SaveSource cannot open file: /home/zhangfy/nl_target/toyMC/results/data_13995.C
1.06764	0.00392422
1.06957	0.00351905
1.07534	0.00350868
1.08346	0.00352237
1.08471	0.00343716
1.09341	0.00328143
1.11913	0.0034997
1.14285	0.00499555
 FCN=4.51677 FROM MIGRAD    STATUS=CONVERGED      36 CALLS          37 TOTAL
                     EDM=1.2579e-15    STRATEGY= 1      ERROR MATRIX ACCURATE 
  EXT PARAMETER                                   STEP         FIRST   
  NO.   NAME      VALUE            ERROR          SIZE      DERIVATIVE 
   1  p0           1.06908e+00   1.78120e-03   1.47234e-06  -2.68594e-05
   2  p1           2.04836e-02   1.25386e-03   1.03644e-06   2.60085e-06
SaveSource cannot open file: /home/zhangfy/nl_target/toyMC/results/data_13996.C
1.0692	0.00392995
1.0674	0.0035119
1.07341	0.00350239
1.07921	0.00350854
1.07828	0.0034168
1.09857	0.00329693
1.11748	0.00349452
1.14131	0.00498883
 FCN=8.98448 FROM MIGRAD    STATUS=CONVERGED      36 CALLS          37 TOTAL
                     EDM=2.51649e-17    STRATEGY= 1      ERROR MATRIX ACCURATE 
  EXT PARAMETER                                   STEP         FIRST   
  NO.   NAME      VALUE            ERROR          SIZE      DERIVATIVE 
   1  p0           1.06739e+00   1.77826e-03   1.97820e-06  -4.90962e-06
   2  p1           2.07885e-02   1.25211e-03   1.39289e-06  -7.44456e-06
SaveSource cannot open file: /home/zhangfy/nl_target/toyMC/results/data_13997.C
1.07754	0.00396063
1.07359	0.00353226
1.07401	0.00350432
1.08088	0.00351398
1.07743	0.00341409
1.09025	0.00327196
1.11949	0.00350081
1.14267	0.00499477
 FCN=4.00617 FROM MIGRAD    STATUS=CONVERGED      36 CALLS          37 TOTAL
                     EDM=1.33367e-15    STRATEGY= 1      ERROR MATRIX ACCURATE 
  EXT PARAMETER                                   STEP         FIRST   
  NO.   NAME      VALUE            ERROR          SIZE      DERIVATIVE 
   1  p0           1.06931e+00   1.78257e-03   1.40204e-06   3.09144e-05
   2  p1           1.98385e-02   1.25475e-03   9.86893e-07   4.12863e-06
SaveSource cannot open file: /home/zhangfy/nl_target/toyMC/results/data_13998.C
1.07412	0.00394803
1.06593	0.00350708
1.07134	0.00349563
1.07225	0.00348593
1.07962	0.00342104
1.0888	0.00326759
1.11729	0.00349392
1.14665	0.00501217
 FCN=5.01662 FROM MIGRAD    STATUS=CONVERGED      36 CALLS          37 TOTAL
                     EDM=4.88744e-15    STRATEGY= 1      ERROR MATRIX ACCURATE 
  EXT PARAMETER                                   STEP         FIRST   
  NO.   NAME      VALUE            ERROR          SIZE      DERIVATIVE 
   1  p0           1.06458e+00   1.77684e-03   1.53297e-06  -4.37869e-06
   2  p1           2.17576e-02   1.25463e-03   1.08243e-06  -8.29769e-05
SaveSource cannot open file: /home/zhangfy/nl_target/toyMC/results/data_13999.C
