000 (8910068.000.000) 08/30 16:47:29 Job submitted from host: <10.10.47.121:35195>
...
001 (8910068.000.000) 08/30 16:47:45 Job executing on host: <10.10.47.124:39625>
...
006 (8910068.000.000) 08/30 16:47:53 Image size of job updated: 315628
	30  -  MemoryUsage of job (MB)
	29900  -  ResidentSetSize of job (KB)
...
005 (8910068.000.000) 08/30 16:48:52 Job terminated.
	(1) Normal termination (return value 0)
		Usr 0 00:00:00, Sys 0 00:00:00  -  Run Remote Usage
		Usr 0 00:00:00, Sys 0 00:00:00  -  Run Local Usage
		Usr 0 00:00:00, Sys 0 00:00:00  -  Total Remote Usage
		Usr 0 00:00:00, Sys 0 00:00:00  -  Total Local Usage
	91400  -  Run Bytes Sent By Job
	4013  -  Run Bytes Received By Job
	91400  -  Total Bytes Sent By Job
	4013  -  Total Bytes Received By Job
	Partitionable Resources :    Usage  Request          
	   Cpus                 :                 1          
	   Disk (KB)            :      105      105          
	   Memory (MB)          :       30       30          
...
