1.07414	0.00394812
1.06817	0.00351443
1.07893	0.00352038
1.07641	0.00349945
1.07465	0.0034053
1.09289	0.00327986
1.11822	0.00349683
1.14427	0.00500175
 FCN=8.38427 FROM MIGRAD    STATUS=CONVERGED      36 CALLS          37 TOTAL
                     EDM=4.46445e-15    STRATEGY= 1      ERROR MATRIX ACCURATE 
  EXT PARAMETER                                   STEP         FIRST   
  NO.   NAME      VALUE            ERROR          SIZE      DERIVATIVE 
   1  p0           1.06738e+00   1.78007e-03   1.91766e-06  -5.81495e-05
   2  p1           2.06965e-02   1.25454e-03   1.35151e-06  -1.09584e-05
SaveSource cannot open file: /home/zhangfy/nl_target/toyMC/results/data_14500.C
1.07159	0.00393876
1.07063	0.00352254
1.07824	0.00351812
1.08061	0.00351312
1.08679	0.00344374
1.09127	0.00327501
1.11737	0.00349418
1.14289	0.00499571
 FCN=3.23567 FROM MIGRAD    STATUS=CONVERGED      36 CALLS          37 TOTAL
                     EDM=6.87406e-16    STRATEGY= 1      ERROR MATRIX ACCURATE 
  EXT PARAMETER                                   STEP         FIRST   
  NO.   NAME      VALUE            ERROR          SIZE      DERIVATIVE 
   1  p0           1.07036e+00   1.78315e-03   1.29048e-06  -1.06197e-05
   2  p1           1.94853e-02   1.25389e-03   9.07447e-07  -3.79761e-05
SaveSource cannot open file: /home/zhangfy/nl_target/toyMC/results/data_14501.C
1.07592	0.00395466
1.07396	0.0035335
1.07629	0.00351178
1.07738	0.00350261
1.08181	0.00342796
1.09158	0.00327594
1.11766	0.0034951
1.14743	0.00501559
 FCN=2.27971 FROM MIGRAD    STATUS=CONVERGED      36 CALLS          37 TOTAL
                     EDM=3.99933e-17    STRATEGY= 1      ERROR MATRIX ACCURATE 
  EXT PARAMETER                                   STEP         FIRST   
  NO.   NAME      VALUE            ERROR          SIZE      DERIVATIVE 
   1  p0           1.06954e+00   1.78376e-03   1.13544e-06   6.48895e-06
   2  p1           2.02124e-02   1.25659e-03   7.99870e-07   8.98039e-06
SaveSource cannot open file: /home/zhangfy/nl_target/toyMC/results/data_14502.C
1.07371	0.00394655
1.07408	0.00353389
1.07047	0.00349279
1.07591	0.00349783
1.0809	0.00342509
1.09046	0.00327258
1.12191	0.00350837
1.15284	0.00503923
 FCN=3.19179 FROM MIGRAD    STATUS=CONVERGED      36 CALLS          37 TOTAL
                     EDM=1.17746e-14    STRATEGY= 1      ERROR MATRIX ACCURATE 
  EXT PARAMETER                                   STEP         FIRST   
  NO.   NAME      VALUE            ERROR          SIZE      DERIVATIVE 
   1  p0           1.06647e+00   1.78142e-03   1.28291e-06   1.33227e-05
   2  p1           2.27504e-02   1.26000e-03   9.07405e-07  -1.07969e-04
SaveSource cannot open file: /home/zhangfy/nl_target/toyMC/results/data_14503.C
1.06778	0.00392474
1.06823	0.00351464
1.07035	0.00349239
1.07922	0.00350858
1.08228	0.00342946
1.09483	0.00328569
1.11949	0.0035008
1.14089	0.00498698
 FCN=4.74758 FROM MIGRAD    STATUS=CONVERGED      36 CALLS          37 TOTAL
                     EDM=2.65937e-16    STRATEGY= 1      ERROR MATRIX ACCURATE 
  EXT PARAMETER                                   STEP         FIRST   
  NO.   NAME      VALUE            ERROR          SIZE      DERIVATIVE 
   1  p0           1.06681e+00   1.77761e-03   1.50059e-06  -1.74429e-05
   2  p1           2.11649e-02   1.25234e-03   1.05718e-06  -1.26420e-05
SaveSource cannot open file: /home/zhangfy/nl_target/toyMC/results/data_14504.C
1.06579	0.00391744
1.06941	0.0035185
1.072	0.00349778
1.0811	0.0035147
1.07901	0.00341911
1.08998	0.00327115
1.12022	0.0035031
1.13847	0.0049764
 FCN=3.50543 FROM MIGRAD    STATUS=CONVERGED      36 CALLS          37 TOTAL
                     EDM=1.17428e-16    STRATEGY= 1      ERROR MATRIX ACCURATE 
  EXT PARAMETER                                   STEP         FIRST   
  NO.   NAME      VALUE            ERROR          SIZE      DERIVATIVE 
   1  p0           1.06637e+00   1.77690e-03   1.32756e-06  -7.87782e-06
   2  p1           2.07586e-02   1.25139e-03   9.34943e-07   1.46416e-06
SaveSource cannot open file: /home/zhangfy/nl_target/toyMC/results/data_14505.C
1.06662	0.00392049
1.0711	0.00352408
1.07926	0.00352145
1.07559	0.0034968
1.07329	0.00340096
1.09236	0.00327829
1.1229	0.00351148
1.13706	0.00497026
 FCN=12.147 FROM MIGRAD    STATUS=CONVERGED      36 CALLS          37 TOTAL
                     EDM=1.46308e-15    STRATEGY= 1      ERROR MATRIX ACCURATE 
  EXT PARAMETER                                   STEP         FIRST   
  NO.   NAME      VALUE            ERROR          SIZE      DERIVATIVE 
   1  p0           1.06669e+00   1.77759e-03   2.26852e-06  -1.48779e-05
   2  p1           2.07848e-02   1.25199e-03   1.59777e-06   2.57932e-05
SaveSource cannot open file: /home/zhangfy/nl_target/toyMC/results/data_14506.C
1.07378	0.00394679
1.06988	0.00352008
1.07174	0.00349692
1.07558	0.00349675
1.08202	0.00342863
1.09036	0.00327228
1.11575	0.00348911
1.15503	0.00504881
 FCN=6.48456 FROM MIGRAD    STATUS=CONVERGED      36 CALLS          37 TOTAL
                     EDM=6.85768e-17    STRATEGY= 1      ERROR MATRIX ACCURATE 
  EXT PARAMETER                                   STEP         FIRST   
  NO.   NAME      VALUE            ERROR          SIZE      DERIVATIVE 
   1  p0           1.06607e+00   1.78071e-03   1.71276e-06   5.01452e-06
   2  p1           2.21741e-02   1.25881e-03   1.21077e-06  -2.85356e-06
SaveSource cannot open file: /home/zhangfy/nl_target/toyMC/results/data_14507.C
1.06492	0.00391424
1.07425	0.00353443
1.07238	0.00349901
1.08104	0.0035145
1.08317	0.00343229
1.0898	0.0032706
1.11576	0.00348916
1.14622	0.0050103
 FCN=4.74274 FROM MIGRAD    STATUS=CONVERGED      36 CALLS          37 TOTAL
                     EDM=7.17905e-17    STRATEGY= 1      ERROR MATRIX ACCURATE 
  EXT PARAMETER                                   STEP         FIRST   
  NO.   NAME      VALUE            ERROR          SIZE      DERIVATIVE 
   1  p0           1.06758e+00   1.78015e-03   1.50027e-06   6.00301e-06
   2  p1           2.05969e-02   1.25431e-03   1.05711e-06  -1.41153e-06
SaveSource cannot open file: /home/zhangfy/nl_target/toyMC/results/data_14508.C
1.07175	0.00393933
1.06669	0.00350956
1.07591	0.00351053
1.07775	0.0035038
1.08296	0.00343163
1.08818	0.00326574
1.12126	0.00350635
1.14569	0.00500797
 FCN=3.69205 FROM MIGRAD    STATUS=CONVERGED      36 CALLS          37 TOTAL
                     EDM=1.37909e-16    STRATEGY= 1      ERROR MATRIX ACCURATE 
  EXT PARAMETER                                   STEP         FIRST   
  NO.   NAME      VALUE            ERROR          SIZE      DERIVATIVE 
   1  p0           1.06679e+00   1.77973e-03   1.35630e-06   5.99926e-06
   2  p1           2.15869e-02   1.25586e-03   9.57071e-07  -5.82447e-06
SaveSource cannot open file: /home/zhangfy/nl_target/toyMC/results/data_14509.C
1.07068	0.00393539
1.07318	0.00353093
1.06731	0.00348246
1.07595	0.00349794
1.07712	0.00341312
1.09071	0.00327332
1.11326	0.00348134
1.14631	0.00501066
 FCN=5.38838 FROM MIGRAD    STATUS=CONVERGED      36 CALLS          37 TOTAL
                     EDM=1.32325e-16    STRATEGY= 1      ERROR MATRIX ACCURATE 
  EXT PARAMETER                                   STEP         FIRST   
  NO.   NAME      VALUE            ERROR          SIZE      DERIVATIVE 
   1  p0           1.06546e+00   1.77747e-03   1.57954e-06   3.20371e-06
   2  p1           2.07849e-02   1.25330e-03   1.11374e-06  -9.40820e-06
SaveSource cannot open file: /home/zhangfy/nl_target/toyMC/results/data_14510.C
1.06746	0.00392356
1.06601	0.00350732
1.07085	0.00349402
1.07712	0.00350176
1.07905	0.00341922
1.09375	0.00328245
1.11461	0.00348556
1.14657	0.00501181
 FCN=4.86883 FROM MIGRAD    STATUS=CONVERGED      36 CALLS          37 TOTAL
                     EDM=9.80132e-17    STRATEGY= 1      ERROR MATRIX ACCURATE 
  EXT PARAMETER                                   STEP         FIRST   
  NO.   NAME      VALUE            ERROR          SIZE      DERIVATIVE 
   1  p0           1.06489e+00   1.77623e-03   1.51431e-06   1.09255e-05
   2  p1           2.16470e-02   1.25329e-03   1.06848e-06   1.02265e-05
SaveSource cannot open file: /home/zhangfy/nl_target/toyMC/results/data_14511.C
1.05746	0.00388679
1.07973	0.00355248
1.07087	0.00349408
1.07881	0.00350724
1.07967	0.0034212
1.0926	0.003279
1.1168	0.00349241
1.1474	0.00501546
 FCN=17.5494 FROM MIGRAD    STATUS=CONVERGED      36 CALLS          37 TOTAL
                     EDM=1.483e-14    STRATEGY= 1      ERROR MATRIX ACCURATE 
  EXT PARAMETER                                   STEP         FIRST   
  NO.   NAME      VALUE            ERROR          SIZE      DERIVATIVE 
   1  p0           1.06613e+00   1.77846e-03   2.69519e-06  -1.87839e-05
   2  p1           2.16066e-02   1.25484e-03   1.90167e-06   1.17440e-04
SaveSource cannot open file: /home/zhangfy/nl_target/toyMC/results/data_14512.C
1.07878	0.00396519
1.07206	0.00352725
1.07724	0.00351488
1.07754	0.00350312
1.08225	0.00342937
1.09595	0.00328905
1.12237	0.00350983
1.1493	0.00502375
 FCN=4.45311 FROM MIGRAD    STATUS=CONVERGED      36 CALLS          37 TOTAL
                     EDM=1.0951e-15    STRATEGY= 1      ERROR MATRIX ACCURATE 
  EXT PARAMETER                                   STEP         FIRST   
  NO.   NAME      VALUE            ERROR          SIZE      DERIVATIVE 
   1  p0           1.07011e+00   1.78514e-03   1.46633e-06   2.88776e-05
   2  p1           2.13427e-02   1.25920e-03   1.03432e-06   5.77698e-06
SaveSource cannot open file: /home/zhangfy/nl_target/toyMC/results/data_14513.C
1.07001	0.00393293
1.07504	0.00353705
1.07605	0.00351099
1.07355	0.00349015
1.07705	0.00341289
1.09459	0.00328496
1.12328	0.00351268
1.14297	0.0049961
 FCN=6.97519 FROM MIGRAD    STATUS=CONVERGED      36 CALLS          37 TOTAL
                     EDM=2.53886e-16    STRATEGY= 1      ERROR MATRIX ACCURATE 
  EXT PARAMETER                                   STEP         FIRST   
  NO.   NAME      VALUE            ERROR          SIZE      DERIVATIVE 
   1  p0           1.06753e+00   1.78024e-03   1.76927e-06   4.90834e-06
   2  p1           2.14602e-02   1.25553e-03   1.24779e-06   2.20569e-05
SaveSource cannot open file: /home/zhangfy/nl_target/toyMC/results/data_14514.C
1.07494	0.00395105
1.07035	0.0035216
1.07777	0.00351661
1.07994	0.00351093
1.07777	0.00341517
1.08773	0.0032644
1.11302	0.00348059
1.14849	0.00502021
 FCN=7.56396 FROM MIGRAD    STATUS=CONVERGED      36 CALLS          37 TOTAL
                     EDM=9.20899e-16    STRATEGY= 1      ERROR MATRIX ACCURATE 
  EXT PARAMETER                                   STEP         FIRST   
  NO.   NAME      VALUE            ERROR          SIZE      DERIVATIVE 
   1  p0           1.06821e+00   1.78210e-03   1.83182e-06   1.26912e-06
   2  p1           1.97692e-02   1.25530e-03   1.29033e-06   3.54149e-05
SaveSource cannot open file: /home/zhangfy/nl_target/toyMC/results/data_14515.C
1.06506	0.00391476
1.07733	0.00354457
1.07404	0.00350444
1.07854	0.00350639
1.08114	0.00342585
1.0899	0.0032709
1.11712	0.00349341
1.14773	0.00501688
 FCN=5.16024 FROM MIGRAD    STATUS=CONVERGED      36 CALLS          37 TOTAL
                     EDM=2.49326e-15    STRATEGY= 1      ERROR MATRIX ACCURATE 
  EXT PARAMETER                                   STEP         FIRST   
  NO.   NAME      VALUE            ERROR          SIZE      DERIVATIVE 
   1  p0           1.06760e+00   1.78095e-03   1.55430e-06  -2.73002e-06
   2  p1           2.08984e-02   1.25578e-03   1.09597e-06   5.34767e-05
SaveSource cannot open file: /home/zhangfy/nl_target/toyMC/results/data_14516.C
1.06902	0.00392931
1.07557	0.00353879
1.07062	0.00349327
1.07724	0.00350215
1.08085	0.00342495
1.09168	0.00327625
1.11768	0.00349515
1.1427	0.00499488
 FCN=2.31814 FROM MIGRAD    STATUS=CONVERGED      36 CALLS          37 TOTAL
                     EDM=5.35178e-16    STRATEGY= 1      ERROR MATRIX ACCURATE 
  EXT PARAMETER                                   STEP         FIRST   
  NO.   NAME      VALUE            ERROR          SIZE      DERIVATIVE 
   1  p0           1.06763e+00   1.77967e-03   1.14026e-06   1.94530e-06
   2  p1           2.04082e-02   1.25335e-03   8.03039e-07  -2.41113e-05
SaveSource cannot open file: /home/zhangfy/nl_target/toyMC/results/data_14517.C
1.06175	0.00390259
1.07229	0.003528
1.07114	0.00349495
1.08419	0.00352474
1.0832	0.00343237
1.09369	0.00328229
1.12121	0.00350618
1.14105	0.0049877
 FCN=10.2395 FROM MIGRAD    STATUS=CONVERGED      36 CALLS          37 TOTAL
                     EDM=6.0877e-18    STRATEGY= 1      ERROR MATRIX ACCURATE 
  EXT PARAMETER                                   STEP         FIRST   
  NO.   NAME      VALUE            ERROR          SIZE      DERIVATIVE 
   1  p0           1.06759e+00   1.77874e-03   2.10007e-06   1.92009e-06
   2  p1           2.12256e-02   1.25305e-03   1.47941e-06   3.86030e-06
SaveSource cannot open file: /home/zhangfy/nl_target/toyMC/results/data_14518.C
1.07785	0.00396174
1.06907	0.0035174
1.07343	0.00350246
1.08147	0.0035159
1.08749	0.00344597
1.0912	0.00327481
1.11628	0.00349077
1.15444	0.00504621
 FCN=10.7176 FROM MIGRAD    STATUS=CONVERGED      36 CALLS          37 TOTAL
                     EDM=4.4028e-17    STRATEGY= 1      ERROR MATRIX ACCURATE 
  EXT PARAMETER                                   STEP         FIRST   
  NO.   NAME      VALUE            ERROR          SIZE      DERIVATIVE 
   1  p0           1.06931e+00   1.78471e-03   2.14755e-06  -7.28723e-06
   2  p1           2.11768e-02   1.25937e-03   1.51540e-06  -7.66326e-06
SaveSource cannot open file: /home/zhangfy/nl_target/toyMC/results/data_14519.C
1.0678	0.00392482
1.07226	0.00352789
1.07757	0.00351595
1.07552	0.00349654
1.0788	0.00341843
1.09288	0.00327985
1.12367	0.0035139
1.14139	0.00498917
 FCN=4.99036 FROM MIGRAD    STATUS=CONVERGED      36 CALLS          37 TOTAL
                     EDM=8.78011e-17    STRATEGY= 1      ERROR MATRIX ACCURATE 
  EXT PARAMETER                                   STEP         FIRST   
  NO.   NAME      VALUE            ERROR          SIZE      DERIVATIVE 
   1  p0           1.06743e+00   1.77958e-03   1.53310e-06   3.68457e-06
   2  p1           2.13611e-02   1.25461e-03   1.08084e-06  -6.24526e-06
SaveSource cannot open file: /home/zhangfy/nl_target/toyMC/results/data_14520.C
1.0747	0.00395019
1.07474	0.00353604
1.0714	0.00349581
1.08051	0.00351277
1.079	0.00341908
1.09435	0.00328426
1.11815	0.00349661
1.15203	0.0050357
 FCN=5.05564 FROM MIGRAD    STATUS=CONVERGED      36 CALLS          37 TOTAL
                     EDM=4.33342e-17    STRATEGY= 1      ERROR MATRIX ACCURATE 
  EXT PARAMETER                                   STEP         FIRST   
  NO.   NAME      VALUE            ERROR          SIZE      DERIVATIVE 
   1  p0           1.06837e+00   1.78315e-03   1.54300e-06   2.42478e-06
   2  p1           2.15347e-02   1.25871e-03   1.08919e-06  -4.58689e-06
SaveSource cannot open file: /home/zhangfy/nl_target/toyMC/results/data_14521.C
1.07125	0.00393751
1.07482	0.0035363
1.07303	0.00350113
1.07704	0.00350151
1.07905	0.00341924
1.09239	0.00327836
1.12069	0.00350456
1.13796	0.0049742
 FCN=2.78678 FROM MIGRAD    STATUS=CONVERGED      36 CALLS          37 TOTAL
                     EDM=5.08747e-15    STRATEGY= 1      ERROR MATRIX ACCURATE 
  EXT PARAMETER                                   STEP         FIRST   
  NO.   NAME      VALUE            ERROR          SIZE      DERIVATIVE 
   1  p0           1.06846e+00   1.77993e-03   1.21856e-06  -7.24778e-06
   2  p1           1.99486e-02   1.25218e-03   8.57254e-07   7.30691e-05
SaveSource cannot open file: /home/zhangfy/nl_target/toyMC/results/data_14522.C
1.06737	0.00392324
1.07462	0.00353566
1.0764	0.00351214
1.07652	0.00349982
1.08117	0.00342596
1.08711	0.00326254
1.12057	0.0035042
1.14915	0.00502308
 FCN=3.77967 FROM MIGRAD    STATUS=CONVERGED      36 CALLS          37 TOTAL
                     EDM=5.85112e-16    STRATEGY= 1      ERROR MATRIX ACCURATE 
  EXT PARAMETER                                   STEP         FIRST   
  NO.   NAME      VALUE            ERROR          SIZE      DERIVATIVE 
   1  p0           1.06686e+00   1.78095e-03   1.36916e-06  -4.98040e-06
   2  p1           2.17272e-02   1.25767e-03   9.66873e-07   2.18284e-05
SaveSource cannot open file: /home/zhangfy/nl_target/toyMC/results/data_14523.C
1.06336	0.00390851
1.06905	0.00351734
1.07226	0.00349863
1.07846	0.00350613
1.08587	0.00344084
1.09312	0.00328055
1.12378	0.00351422
1.1447	0.00500364
 FCN=6.53399 FROM MIGRAD    STATUS=CONVERGED      36 CALLS          37 TOTAL
                     EDM=2.42607e-16    STRATEGY= 1      ERROR MATRIX ACCURATE 
  EXT PARAMETER                                   STEP         FIRST   
  NO.   NAME      VALUE            ERROR          SIZE      DERIVATIVE 
   1  p0           1.06623e+00   1.77814e-03   1.71934e-06   1.05628e-05
   2  p1           2.26206e-02   1.25551e-03   1.21400e-06  -3.47334e-06
SaveSource cannot open file: /home/zhangfy/nl_target/toyMC/results/data_14524.C
1.06872	0.00392819
1.07323	0.0035311
1.07541	0.00350889
1.07988	0.00351073
1.08204	0.00342869
1.09069	0.00327326
1.1251	0.00351834
1.15458	0.00504682
 FCN=1.01063 FROM MIGRAD    STATUS=CONVERGED      36 CALLS          37 TOTAL
                     EDM=2.97013e-17    STRATEGY= 1      ERROR MATRIX ACCURATE 
  EXT PARAMETER                                   STEP         FIRST   
  NO.   NAME      VALUE            ERROR          SIZE      DERIVATIVE 
   1  p0           1.06708e+00   1.78269e-03   8.89550e-07  -3.16468e-06
   2  p1           2.34442e-02   1.26190e-03   6.29680e-07   2.08934e-06
SaveSource cannot open file: /home/zhangfy/nl_target/toyMC/results/data_14525.C
1.06723	0.00392273
1.07454	0.0035354
1.07545	0.00350903
1.08596	0.0035305
1.07452	0.00340486
1.09192	0.00327696
1.11881	0.00349869
1.14007	0.00498343
 FCN=9.72538 FROM MIGRAD    STATUS=CONVERGED      36 CALLS          37 TOTAL
                     EDM=4.84362e-16    STRATEGY= 1      ERROR MATRIX ACCURATE 
  EXT PARAMETER                                   STEP         FIRST   
  NO.   NAME      VALUE            ERROR          SIZE      DERIVATIVE 
   1  p0           1.06882e+00   1.78072e-03   2.05118e-06  -8.74242e-06
   2  p1           1.97947e-02   1.25266e-03   1.44292e-06   1.45576e-05
SaveSource cannot open file: /home/zhangfy/nl_target/toyMC/results/data_14526.C
1.07354	0.00394593
1.07807	0.003547
1.07449	0.00350591
1.07726	0.00350222
1.0795	0.00342066
1.09221	0.00327784
1.12265	0.00351069
1.14797	0.00501793
 FCN=3.42352 FROM MIGRAD    STATUS=CONVERGED      36 CALLS          37 TOTAL
                     EDM=2.32006e-17    STRATEGY= 1      ERROR MATRIX ACCURATE 
  EXT PARAMETER                                   STEP         FIRST   
  NO.   NAME      VALUE            ERROR          SIZE      DERIVATIVE 
   1  p0           1.06893e+00   1.78360e-03   1.31924e-06  -1.32209e-06
   2  p1           2.13527e-02   1.25846e-03   9.30820e-07   3.94200e-06
SaveSource cannot open file: /home/zhangfy/nl_target/toyMC/results/data_14527.C
1.07789	0.00396191
1.07247	0.0035286
1.07277	0.0035003
1.07745	0.00350283
1.08045	0.00342367
1.09221	0.00327783
1.11761	0.00349493
1.15519	0.00504952
 FCN=7.13153 FROM MIGRAD    STATUS=CONVERGED      36 CALLS          37 TOTAL
                     EDM=1.22954e-16    STRATEGY= 1      ERROR MATRIX ACCURATE 
  EXT PARAMETER                                   STEP         FIRST   
  NO.   NAME      VALUE            ERROR          SIZE      DERIVATIVE 
   1  p0           1.06786e+00   1.78348e-03   1.78772e-06   6.02273e-06
   2  p1           2.18638e-02   1.26018e-03   1.26318e-06  -4.90961e-06
SaveSource cannot open file: /home/zhangfy/nl_target/toyMC/results/data_14528.C
1.07151	0.00393846
1.06744	0.00351205
1.08033	0.00352495
1.0817	0.00351665
1.09127	0.00345794
1.08928	0.00326905
1.12027	0.00350325
1.1432	0.00499707
 FCN=12.1502 FROM MIGRAD    STATUS=CONVERGED      36 CALLS          37 TOTAL
                     EDM=4.49259e-17    STRATEGY= 1      ERROR MATRIX ACCURATE 
  EXT PARAMETER                                   STEP         FIRST   
  NO.   NAME      VALUE            ERROR          SIZE      DERIVATIVE 
   1  p0           1.07062e+00   1.78375e-03   2.27529e-06   7.03620e-06
   2  p1           1.99353e-02   1.25494e-03   1.60076e-06   9.20493e-06
SaveSource cannot open file: /home/zhangfy/nl_target/toyMC/results/data_14529.C
1.06538	0.00391593
1.06999	0.00352043
1.07547	0.0035091
1.07479	0.00349419
1.0856	0.00343999
1.0931	0.00328051
1.11912	0.00349966
1.14633	0.00501078
 FCN=5.62384 FROM MIGRAD    STATUS=CONVERGED      36 CALLS          37 TOTAL
                     EDM=1.1956e-15    STRATEGY= 1      ERROR MATRIX ACCURATE 
  EXT PARAMETER                                   STEP         FIRST   
  NO.   NAME      VALUE            ERROR          SIZE      DERIVATIVE 
   1  p0           1.06687e+00   1.77925e-03   1.61177e-06  -1.09578e-05
   2  p1           2.16834e-02   1.25519e-03   1.13704e-06   2.65488e-05
SaveSource cannot open file: /home/zhangfy/nl_target/toyMC/results/data_14530.C
1.07388	0.00394717
1.07489	0.00353655
1.07347	0.00350256
1.07823	0.00350537
1.07791	0.00341562
1.09321	0.00328083
1.11397	0.00348355
1.14329	0.00499749
 FCN=3.66204 FROM MIGRAD    STATUS=CONVERGED      36 CALLS          37 TOTAL
                     EDM=1.15809e-16    STRATEGY= 1      ERROR MATRIX ACCURATE 
  EXT PARAMETER                                   STEP         FIRST   
  NO.   NAME      VALUE            ERROR          SIZE      DERIVATIVE 
   1  p0           1.06902e+00   1.78155e-03   1.35198e-06   4.77107e-06
   2  p1           1.92934e-02   1.25299e-03   9.50871e-07  -6.41238e-06
SaveSource cannot open file: /home/zhangfy/nl_target/toyMC/results/data_14531.C
1.06948	0.00393097
1.07238	0.00352828
1.07228	0.00349869
1.0818	0.00351699
1.08373	0.00343406
1.08632	0.00326015
1.11997	0.00350233
1.14678	0.00501274
 FCN=3.69521 FROM MIGRAD    STATUS=CONVERGED      36 CALLS          37 TOTAL
                     EDM=8.89317e-16    STRATEGY= 1      ERROR MATRIX ACCURATE 
  EXT PARAMETER                                   STEP         FIRST   
  NO.   NAME      VALUE            ERROR          SIZE      DERIVATIVE 
   1  p0           1.06749e+00   1.78093e-03   1.35713e-06  -1.95518e-05
   2  p1           2.11705e-02   1.25620e-03   9.57271e-07   7.76240e-06
SaveSource cannot open file: /home/zhangfy/nl_target/toyMC/results/data_14532.C
1.07378	0.00394681
1.0727	0.00352936
1.07282	0.00350044
1.08074	0.00351353
1.0881	0.00344791
1.08702	0.00326227
1.1212	0.00350617
1.15223	0.00503656
 FCN=6.87854 FROM MIGRAD    STATUS=CONVERGED      36 CALLS          37 TOTAL
                     EDM=1.47514e-15    STRATEGY= 1      ERROR MATRIX ACCURATE 
  EXT PARAMETER                                   STEP         FIRST   
  NO.   NAME      VALUE            ERROR          SIZE      DERIVATIVE 
   1  p0           1.06858e+00   1.78392e-03   1.76067e-06   2.78018e-05
   2  p1           2.17497e-02   1.25980e-03   1.24338e-06  -5.16814e-06
SaveSource cannot open file: /home/zhangfy/nl_target/toyMC/results/data_14533.C
1.0727	0.00394282
1.07842	0.00354816
1.07896	0.0035205
1.07055	0.00348041
1.08483	0.00343755
1.08911	0.00326853
1.11568	0.00348889
1.15057	0.00502931
 FCN=14.3006 FROM MIGRAD    STATUS=CONVERGED      36 CALLS          37 TOTAL
                     EDM=6.82595e-16    STRATEGY= 1      ERROR MATRIX ACCURATE 
  EXT PARAMETER                                   STEP         FIRST   
  NO.   NAME      VALUE            ERROR          SIZE      DERIVATIVE 
   1  p0           1.06921e+00   1.78426e-03   2.45166e-06   2.26423e-06
   2  p1           2.01891e-02   1.25765e-03   1.72807e-06   3.15192e-05
SaveSource cannot open file: /home/zhangfy/nl_target/toyMC/results/data_14534.C
1.07124	0.00393745
1.06952	0.00351887
1.07282	0.00350044
1.08017	0.00351167
1.08247	0.00343007
1.09308	0.00328044
1.11809	0.00349645
1.15053	0.00502914
 FCN=2.38991 FROM MIGRAD    STATUS=CONVERGED      36 CALLS          37 TOTAL
                     EDM=3.98946e-17    STRATEGY= 1      ERROR MATRIX ACCURATE 
  EXT PARAMETER                                   STEP         FIRST   
  NO.   NAME      VALUE            ERROR          SIZE      DERIVATIVE 
   1  p0           1.06740e+00   1.78113e-03   1.15369e-06   6.94088e-06
   2  p1           2.17923e-02   1.25734e-03   8.14421e-07   6.28438e-06
SaveSource cannot open file: /home/zhangfy/nl_target/toyMC/results/data_14535.C
1.07216	0.00394084
1.07475	0.00353608
1.08267	0.00353258
1.07795	0.00350447
1.07872	0.00341817
1.09038	0.00327235
1.11723	0.00349375
1.14775	0.005017
 FCN=6.975 FROM MIGRAD    STATUS=CONVERGED      36 CALLS          37 TOTAL
                     EDM=8.3603e-16    STRATEGY= 1      ERROR MATRIX ACCURATE 
  EXT PARAMETER                                   STEP         FIRST   
  NO.   NAME      VALUE            ERROR          SIZE      DERIVATIVE 
   1  p0           1.06976e+00   1.78429e-03   1.77052e-06  -1.47647e-05
   2  p1           1.99601e-02   1.25677e-03   1.24707e-06   1.42727e-05
SaveSource cannot open file: /home/zhangfy/nl_target/toyMC/results/data_14536.C
1.06945	0.00393087
1.074	0.00353364
1.07782	0.00351678
1.08196	0.00351751
1.08434	0.00343599
1.09181	0.00327662
1.11574	0.0034891
1.13953	0.00498106
 FCN=1.82561 FROM MIGRAD    STATUS=CONVERGED      38 CALLS          39 TOTAL
                     EDM=8.86987e-17    STRATEGY= 1      ERROR MATRIX ACCURATE 
  EXT PARAMETER                                   STEP         FIRST   
  NO.   NAME      VALUE            ERROR          SIZE      DERIVATIVE 
   1  p0           1.07095e+00   1.78296e-03   1.05369e-06   9.49892e-06
   2  p1           1.85344e-02   1.25177e-03   7.39769e-07   1.36683e-05
SaveSource cannot open file: /home/zhangfy/nl_target/toyMC/results/data_14537.C
1.06995	0.00393272
1.06888	0.00351677
1.07635	0.00351198
1.08433	0.0035252
1.08083	0.00342487
1.0964	0.0032904
1.11759	0.00349487
1.13589	0.00496514
 FCN=7.81678 FROM MIGRAD    STATUS=CONVERGED      36 CALLS          37 TOTAL
                     EDM=1.32325e-15    STRATEGY= 1      ERROR MATRIX ACCURATE 
  EXT PARAMETER                                   STEP         FIRST   
  NO.   NAME      VALUE            ERROR          SIZE      DERIVATIVE 
   1  p0           1.07023e+00   1.78076e-03   1.86076e-06   6.02617e-06
   2  p1           1.89557e-02   1.25003e-03   1.30619e-06   4.66380e-05
SaveSource cannot open file: /home/zhangfy/nl_target/toyMC/results/data_14538.C
1.07059	0.00393506
1.06915	0.00351768
1.0756	0.00350951
1.08181	0.00351701
1.08051	0.00342386
1.09264	0.00327913
1.11637	0.00349105
1.1398	0.00498223
 FCN=2.58534 FROM MIGRAD    STATUS=CONVERGED      36 CALLS          37 TOTAL
                     EDM=5.74711e-16    STRATEGY= 1      ERROR MATRIX ACCURATE 
  EXT PARAMETER                                   STEP         FIRST   
  NO.   NAME      VALUE            ERROR          SIZE      DERIVATIVE 
   1  p0           1.06887e+00   1.78023e-03   1.18565e-06  -5.08500e-06
   2  p1           1.94774e-02   1.25154e-03   8.33538e-07  -3.16003e-05
SaveSource cannot open file: /home/zhangfy/nl_target/toyMC/results/data_14539.C
1.07602	0.00395503
1.0734	0.00353166
1.07338	0.00350228
1.083	0.00352087
1.08429	0.00343584
1.09143	0.00327548
1.11521	0.00348742
1.14779	0.00501715
 FCN=4.14872 FROM MIGRAD    STATUS=CONVERGED      36 CALLS          37 TOTAL
                     EDM=3.25393e-17    STRATEGY= 1      ERROR MATRIX ACCURATE 
  EXT PARAMETER                                   STEP         FIRST   
  NO.   NAME      VALUE            ERROR          SIZE      DERIVATIVE 
   1  p0           1.07041e+00   1.78451e-03   1.42306e-06   3.48734e-06
   2  p1           1.96483e-02   1.25594e-03   1.00155e-06  -1.90219e-06
SaveSource cannot open file: /home/zhangfy/nl_target/toyMC/results/data_14540.C
1.07127	0.00393757
1.06798	0.00351381
1.07531	0.00350859
1.07776	0.00350383
1.08671	0.00344349
1.09366	0.00328218
1.11586	0.00348947
1.15337	0.00504152
 FCN=8.32003 FROM MIGRAD    STATUS=CONVERGED      36 CALLS          37 TOTAL
                     EDM=1.11995e-16    STRATEGY= 1      ERROR MATRIX ACCURATE 
  EXT PARAMETER                                   STEP         FIRST   
  NO.   NAME      VALUE            ERROR          SIZE      DERIVATIVE 
   1  p0           1.06784e+00   1.78206e-03   1.91361e-06  -7.20807e-06
   2  p1           2.17156e-02   1.25805e-03   1.35091e-06   2.26825e-06
SaveSource cannot open file: /home/zhangfy/nl_target/toyMC/results/data_14541.C
1.07316	0.00394451
1.07189	0.00352667
1.07315	0.00350151
1.08006	0.00351132
1.08572	0.00344036
1.08978	0.00327055
1.12198	0.00350861
1.14812	0.00501861
 FCN=2.07061 FROM MIGRAD    STATUS=CONVERGED      36 CALLS          37 TOTAL
                     EDM=4.52794e-16    STRATEGY= 1      ERROR MATRIX ACCURATE 
  EXT PARAMETER                                   STEP         FIRST   
  NO.   NAME      VALUE            ERROR          SIZE      DERIVATIVE 
   1  p0           1.06853e+00   1.78270e-03   1.09889e-06  -2.21166e-05
   2  p1           2.15103e-02   1.25785e-03   7.75361e-07  -1.38377e-05
SaveSource cannot open file: /home/zhangfy/nl_target/toyMC/results/data_14542.C
1.06854	0.00392754
1.07109	0.00352405
1.07738	0.00351532
1.07817	0.00350519
1.07782	0.00341533
1.08896	0.00326808
1.11568	0.0034889
1.14531	0.00500632
 FCN=2.84662 FROM MIGRAD    STATUS=CONVERGED      36 CALLS          37 TOTAL
                     EDM=2.98186e-17    STRATEGY= 1      ERROR MATRIX ACCURATE 
  EXT PARAMETER                                   STEP         FIRST   
  NO.   NAME      VALUE            ERROR          SIZE      DERIVATIVE 
   1  p0           1.06709e+00   1.77969e-03   1.22708e-06  -5.00008e-06
   2  p1           2.03863e-02   1.25401e-03   8.64631e-07  -8.36297e-06
SaveSource cannot open file: /home/zhangfy/nl_target/toyMC/results/data_14543.C
1.07174	0.00393929
1.07112	0.00352416
1.06917	0.00348853
1.0791	0.00350819
1.08008	0.00342248
1.0931	0.0032805
1.12119	0.00350612
1.14736	0.00501528
 FCN=2.08731 FROM MIGRAD    STATUS=CONVERGED      36 CALLS          37 TOTAL
                     EDM=2.01461e-15    STRATEGY= 1      ERROR MATRIX ACCURATE 
  EXT PARAMETER                                   STEP         FIRST   
  NO.   NAME      VALUE            ERROR          SIZE      DERIVATIVE 
   1  p0           1.06655e+00   1.77958e-03   1.10049e-06   2.24634e-05
   2  p1           2.21561e-02   1.25660e-03   7.77086e-07  -2.29592e-05
SaveSource cannot open file: /home/zhangfy/nl_target/toyMC/results/data_14544.C
1.07176	0.00393938
1.07288	0.00352995
1.07047	0.00349278
1.08011	0.00351147
1.08237	0.00342976
1.08758	0.00326394
1.11982	0.00350186
1.155	0.00504865
 FCN=4.55668 FROM MIGRAD    STATUS=CONVERGED      36 CALLS          37 TOTAL
                     EDM=3.71867e-15    STRATEGY= 1      ERROR MATRIX ACCURATE 
  EXT PARAMETER                                   STEP         FIRST   
  NO.   NAME      VALUE            ERROR          SIZE      DERIVATIVE 
   1  p0           1.06642e+00   1.78167e-03   1.47684e-06  -4.13240e-05
   2  p1           2.26215e-02   1.26027e-03   1.04465e-06   1.34355e-05
SaveSource cannot open file: /home/zhangfy/nl_target/toyMC/results/data_14545.C
1.07217	0.00394089
1.07462	0.00353565
1.07697	0.00351399
1.07613	0.00349854
1.07828	0.00341678
1.08756	0.00326389
1.11715	0.00349351
1.14651	0.00501154
 FCN=3.76764 FROM MIGRAD    STATUS=CONVERGED      36 CALLS          37 TOTAL
                     EDM=2.27839e-16    STRATEGY= 1      ERROR MATRIX ACCURATE 
  EXT PARAMETER                                   STEP         FIRST   
  NO.   NAME      VALUE            ERROR          SIZE      DERIVATIVE 
   1  p0           1.06780e+00   1.78150e-03   1.36693e-06   1.07333e-05
   2  p1           2.03278e-02   1.25563e-03   9.63435e-07  -2.42341e-06
SaveSource cannot open file: /home/zhangfy/nl_target/toyMC/results/data_14546.C
1.06511	0.00391493
1.07437	0.00353485
1.07748	0.00351565
1.07484	0.00349434
1.08313	0.00343217
1.09859	0.00329697
1.12418	0.00351546
1.14976	0.00502575
 FCN=8.40289 FROM MIGRAD    STATUS=CONVERGED      36 CALLS          37 TOTAL
                     EDM=2.2611e-16    STRATEGY= 1      ERROR MATRIX ACCURATE 
  EXT PARAMETER                                   STEP         FIRST   
  NO.   NAME      VALUE            ERROR          SIZE      DERIVATIVE 
   1  p0           1.06793e+00   1.78187e-03   1.92421e-06  -1.01086e-05
   2  p1           2.28598e-02   1.25901e-03   1.35959e-06   3.46234e-06
SaveSource cannot open file: /home/zhangfy/nl_target/toyMC/results/data_14547.C
1.07016	0.00393349
1.06868	0.00351611
1.07973	0.003523
1.08036	0.00351231
1.08231	0.00342954
1.09597	0.00328913
1.11306	0.00348072
1.13892	0.00497836
 FCN=7.67738 FROM MIGRAD    STATUS=CONVERGED      36 CALLS          37 TOTAL
                     EDM=8.05179e-15    STRATEGY= 1      ERROR MATRIX ACCURATE 
  EXT PARAMETER                                   STEP         FIRST   
  NO.   NAME      VALUE            ERROR          SIZE      DERIVATIVE 
   1  p0           1.07036e+00   1.78145e-03   1.84541e-06   9.50669e-06
   2  p1           1.84674e-02   1.25024e-03   1.29514e-06   1.10428e-04
SaveSource cannot open file: /home/zhangfy/nl_target/toyMC/results/data_14548.C
1.0696	0.00393144
1.07351	0.00353201
1.08115	0.00352764
1.08235	0.00351875
1.08016	0.00342275
1.09548	0.00328763
1.11361	0.00348243
1.14834	0.00501956
 FCN=8.65179 FROM MIGRAD    STATUS=CONVERGED      36 CALLS          37 TOTAL
                     EDM=3.56718e-17    STRATEGY= 1      ERROR MATRIX ACCURATE 
  EXT PARAMETER                                   STEP         FIRST   
  NO.   NAME      VALUE            ERROR          SIZE      DERIVATIVE 
   1  p0           1.07062e+00   1.78452e-03   1.94866e-06   1.89153e-06
   2  p1           1.95806e-02   1.25563e-03   1.37112e-06  -4.57655e-06
SaveSource cannot open file: /home/zhangfy/nl_target/toyMC/results/data_14549.C
1.06896	0.00392909
1.07156	0.00352559
1.0681	0.00348505
1.08043	0.00351253
1.08236	0.00342971
1.0942	0.00328382
1.11551	0.00348836
1.14036	0.00498465
 FCN=5.55405 FROM MIGRAD    STATUS=CONVERGED      36 CALLS          37 TOTAL
                     EDM=5.31375e-17    STRATEGY= 1      ERROR MATRIX ACCURATE 
  EXT PARAMETER                                   STEP         FIRST   
  NO.   NAME      VALUE            ERROR          SIZE      DERIVATIVE 
   1  p0           1.06773e+00   1.77848e-03   1.60211e-06   7.83200e-06
   2  p1           1.99977e-02   1.25107e-03   1.12701e-06   5.84170e-06
SaveSource cannot open file: /home/zhangfy/nl_target/toyMC/results/data_14550.C
1.06852	0.00392745
1.07668	0.00354245
1.07214	0.00349822
1.07594	0.00349791
1.07953	0.00342076
1.09279	0.00327956
1.11335	0.00348163
1.15104	0.00503136
 FCN=8.003 FROM MIGRAD    STATUS=CONVERGED      36 CALLS          37 TOTAL
                     EDM=3.39161e-16    STRATEGY= 1      ERROR MATRIX ACCURATE 
  EXT PARAMETER                                   STEP         FIRST   
  NO.   NAME      VALUE            ERROR          SIZE      DERIVATIVE 
   1  p0           1.06717e+00   1.78086e-03   1.87832e-06   1.18569e-05
   2  p1           2.09268e-02   1.25620e-03   1.32495e-06  -5.16838e-06
SaveSource cannot open file: /home/zhangfy/nl_target/toyMC/results/data_14551.C
1.06295	0.00390699
1.06599	0.00350727
1.07221	0.00349845
1.08451	0.00352578
1.08446	0.00343636
1.0944	0.0032844
1.11907	0.0034995
1.15394	0.00504403
 FCN=11.6634 FROM MIGRAD    STATUS=CONVERGED      36 CALLS          37 TOTAL
                     EDM=1.04641e-15    STRATEGY= 1      ERROR MATRIX ACCURATE 
  EXT PARAMETER                                   STEP         FIRST   
  NO.   NAME      VALUE            ERROR          SIZE      DERIVATIVE 
   1  p0           1.06582e+00   1.77925e-03   2.22969e-06   1.10401e-05
   2  p1           2.33568e-02   1.25845e-03   1.57704e-06  -2.37526e-05
SaveSource cannot open file: /home/zhangfy/nl_target/toyMC/results/data_14552.C
1.07765	0.00396102
1.06976	0.00351968
1.07502	0.00350762
1.08196	0.0035175
1.08485	0.00343761
1.09507	0.00328641
1.11744	0.0034944
1.14569	0.00500795
 FCN=4.85348 FROM MIGRAD    STATUS=CONVERGED      36 CALLS          37 TOTAL
                     EDM=3.58156e-15    STRATEGY= 1      ERROR MATRIX ACCURATE 
  EXT PARAMETER                                   STEP         FIRST   
  NO.   NAME      VALUE            ERROR          SIZE      DERIVATIVE 
   1  p0           1.07073e+00   1.78428e-03   1.51812e-06  -1.48530e-05
   2  p1           1.99009e-02   1.25553e-03   1.06824e-06   5.10297e-05
SaveSource cannot open file: /home/zhangfy/nl_target/toyMC/results/data_14553.C
1.06961	0.00393145
1.06775	0.00351306
1.07089	0.00349415
1.07645	0.00349959
1.08404	0.00343503
1.09281	0.00327964
1.12139	0.00350676
1.15172	0.00503434
 FCN=2.58767 FROM MIGRAD    STATUS=CONVERGED      36 CALLS          37 TOTAL
                     EDM=8.08886e-16    STRATEGY= 1      ERROR MATRIX ACCURATE 
  EXT PARAMETER                                   STEP         FIRST   
  NO.   NAME      VALUE            ERROR          SIZE      DERIVATIVE 
   1  p0           1.06548e+00   1.77905e-03   1.18633e-06   4.45433e-06
   2  p1           2.32639e-02   1.25847e-03   8.39186e-07  -2.72731e-05
SaveSource cannot open file: /home/zhangfy/nl_target/toyMC/results/data_14554.C
1.0691	0.00392958
1.07078	0.00352304
1.07073	0.00349363
1.07817	0.00350517
1.07971	0.00342132
1.09313	0.00328059
1.11556	0.00348852
1.14157	0.00498996
 FCN=2.0975 FROM MIGRAD    STATUS=CONVERGED      36 CALLS          37 TOTAL
                     EDM=1.44046e-15    STRATEGY= 1      ERROR MATRIX ACCURATE 
  EXT PARAMETER                                   STEP         FIRST   
  NO.   NAME      VALUE            ERROR          SIZE      DERIVATIVE 
   1  p0           1.06697e+00   1.77805e-03   1.10090e-06  -2.19264e-06
   2  p1           2.02808e-02   1.25171e-03   7.75012e-07   4.06622e-05
SaveSource cannot open file: /home/zhangfy/nl_target/toyMC/results/data_14555.C
1.074	0.0039476
1.07036	0.00352165
1.07322	0.00350176
1.08036	0.00351231
1.08704	0.00344455
1.09545	0.00328754
1.11288	0.00348015
1.14929	0.00502372
 FCN=9.45257 FROM MIGRAD    STATUS=CONVERGED      36 CALLS          37 TOTAL
                     EDM=1.55268e-16    STRATEGY= 1      ERROR MATRIX ACCURATE 
  EXT PARAMETER                                   STEP         FIRST   
  NO.   NAME      VALUE            ERROR          SIZE      DERIVATIVE 
   1  p0           1.06982e+00   1.78335e-03   2.02721e-06   2.86975e-06
   2  p1           2.00266e-02   1.25545e-03   1.42713e-06   1.65546e-05
SaveSource cannot open file: /home/zhangfy/nl_target/toyMC/results/data_14556.C
1.06668	0.00392071
1.07079	0.00352307
1.06904	0.00348811
1.07952	0.00350957
1.08188	0.00342818
1.08882	0.00326767
1.11719	0.00349362
1.14657	0.00501183
 FCN=2.51716 FROM MIGRAD    STATUS=CONVERGED      36 CALLS          37 TOTAL
                     EDM=2.91202e-16    STRATEGY= 1      ERROR MATRIX ACCURATE 
  EXT PARAMETER                                   STEP         FIRST   
  NO.   NAME      VALUE            ERROR          SIZE      DERIVATIVE 
   1  p0           1.06561e+00   1.77777e-03   1.17297e-06  -8.47149e-06
   2  p1           2.15477e-02   1.25447e-03   8.27695e-07   8.85823e-06
SaveSource cannot open file: /home/zhangfy/nl_target/toyMC/results/data_14557.C
1.07557	0.00395336
1.06986	0.00351999
1.0705	0.00349287
1.07425	0.00349243
1.07795	0.00341576
1.09003	0.0032713
1.12289	0.00351143
1.14684	0.00501302
 FCN=4.55272 FROM MIGRAD    STATUS=CONVERGED      36 CALLS          37 TOTAL
                     EDM=1.59052e-15    STRATEGY= 1      ERROR MATRIX ACCURATE 
  EXT PARAMETER                                   STEP         FIRST   
  NO.   NAME      VALUE            ERROR          SIZE      DERIVATIVE 
   1  p0           1.06548e+00   1.77873e-03   1.47477e-06   1.01027e-05
   2  p1           2.24108e-02   1.25699e-03   1.04219e-06  -3.37588e-05
SaveSource cannot open file: /home/zhangfy/nl_target/toyMC/results/data_14558.C
1.07669	0.00395748
1.06774	0.00351304
1.07188	0.00349737
1.07458	0.00349351
1.08455	0.00343666
1.0886	0.00326699
1.11855	0.00349787
1.14143	0.00498934
 FCN=6.6619 FROM MIGRAD    STATUS=CONVERGED      36 CALLS          37 TOTAL
                     EDM=3.11121e-17    STRATEGY= 1      ERROR MATRIX ACCURATE 
  EXT PARAMETER                                   STEP         FIRST   
  NO.   NAME      VALUE            ERROR          SIZE      DERIVATIVE 
   1  p0           1.06739e+00   1.77932e-03   1.73216e-06   5.32754e-06
   2  p1           2.03019e-02   1.25301e-03   1.21980e-06   2.09521e-06
SaveSource cannot open file: /home/zhangfy/nl_target/toyMC/results/data_14559.C
1.06822	0.00392634
1.06864	0.003516
1.06808	0.00348498
1.07956	0.00350968
1.08088	0.00342501
1.09331	0.00328113
1.10815	0.00346535
1.1448	0.00500409
 FCN=10.8446 FROM MIGRAD    STATUS=CONVERGED      36 CALLS          37 TOTAL
                     EDM=2.67316e-15    STRATEGY= 1      ERROR MATRIX ACCURATE 
  EXT PARAMETER                                   STEP         FIRST   
  NO.   NAME      VALUE            ERROR          SIZE      DERIVATIVE 
   1  p0           1.06631e+00   1.77707e-03   2.15053e-06   4.36545e-06
   2  p1           1.97712e-02   1.25052e-03   1.51332e-06  -5.39955e-05
SaveSource cannot open file: /home/zhangfy/nl_target/toyMC/results/data_14560.C
1.07209	0.00394058
1.0756	0.00353888
1.07875	0.0035198
1.07917	0.00350843
1.08458	0.00343675
1.09684	0.00329174
1.11522	0.00348746
1.14582	0.00500852
 FCN=4.41287 FROM MIGRAD    STATUS=CONVERGED      36 CALLS          37 TOTAL
                     EDM=2.97608e-16    STRATEGY= 1      ERROR MATRIX ACCURATE 
  EXT PARAMETER                                   STEP         FIRST   
  NO.   NAME      VALUE            ERROR          SIZE      DERIVATIVE 
   1  p0           1.07161e+00   1.78525e-03   1.46022e-06   2.25356e-06
   2  p1           1.92659e-02   1.25510e-03   1.02659e-06  -1.70764e-05
SaveSource cannot open file: /home/zhangfy/nl_target/toyMC/results/data_14561.C
1.06656	0.00392024
1.07721	0.00354418
1.0709	0.00349419
1.0791	0.0035082
1.0818	0.00342796
1.0892	0.00326881
1.12035	0.00350352
1.15167	0.0050341
 FCN=4.93067 FROM MIGRAD    STATUS=CONVERGED      36 CALLS          37 TOTAL
                     EDM=8.22355e-17    STRATEGY= 1      ERROR MATRIX ACCURATE 
  EXT PARAMETER                                   STEP         FIRST   
  NO.   NAME      VALUE            ERROR          SIZE      DERIVATIVE 
   1  p0           1.06673e+00   1.78114e-03   1.52569e-06  -5.15348e-06
   2  p1           2.22717e-02   1.25873e-03   1.07820e-06   3.67191e-06
SaveSource cannot open file: /home/zhangfy/nl_target/toyMC/results/data_14562.C
1.06933	0.00393043
1.07092	0.0035235
1.07658	0.00351272
1.08347	0.00352242
1.07748	0.00341426
1.08862	0.00326706
1.12281	0.0035112
1.14113	0.00498802
 FCN=5.58678 FROM MIGRAD    STATUS=CONVERGED      36 CALLS          37 TOTAL
                     EDM=6.40214e-17    STRATEGY= 1      ERROR MATRIX ACCURATE 
  EXT PARAMETER                                   STEP         FIRST   
  NO.   NAME      VALUE            ERROR          SIZE      DERIVATIVE 
   1  p0           1.06797e+00   1.78039e-03   1.60755e-06   8.31382e-06
   2  p1           2.07582e-02   1.25438e-03   1.13260e-06   5.16784e-06
SaveSource cannot open file: /home/zhangfy/nl_target/toyMC/results/data_14563.C
1.06887	0.00392876
1.07272	0.0035294
1.07475	0.00350673
1.07672	0.00350046
1.07891	0.0034188
1.09351	0.00328172
1.11312	0.00348091
1.14896	0.00502227
 FCN=5.51132 FROM MIGRAD    STATUS=CONVERGED      36 CALLS          37 TOTAL
                     EDM=2.98523e-16    STRATEGY= 1      ERROR MATRIX ACCURATE 
  EXT PARAMETER                                   STEP         FIRST   
  NO.   NAME      VALUE            ERROR          SIZE      DERIVATIVE 
   1  p0           1.06727e+00   1.78030e-03   1.59715e-06  -1.18937e-05
   2  p1           2.06528e-02   1.25498e-03   1.12586e-06   3.50660e-06
SaveSource cannot open file: /home/zhangfy/nl_target/toyMC/results/data_14564.C
1.075	0.00395128
1.07148	0.00352534
1.07131	0.00349552
1.07726	0.00350221
1.08153	0.0034271
1.09217	0.0032777
1.11822	0.00349683
1.14858	0.00502058
 FCN=2.73115 FROM MIGRAD    STATUS=CONVERGED      34 CALLS          35 TOTAL
                     EDM=1.01707e-16    STRATEGY= 1      ERROR MATRIX ACCURATE 
  EXT PARAMETER                                   STEP         FIRST   
  NO.   NAME      VALUE            ERROR          SIZE      DERIVATIVE 
   1  p0           1.06756e+00   1.78120e-03   1.21003e-06   4.67164e-06
   2  p1           2.13084e-02   1.25667e-03   8.53700e-07  -5.70522e-06
SaveSource cannot open file: /home/zhangfy/nl_target/toyMC/results/data_14565.C
1.06717	0.00392248
1.07584	0.00353968
1.06473	0.00347406
1.07373	0.00349073
1.08114	0.00342586
1.08829	0.00326606
1.11764	0.00349502
1.13562	0.00496396
 FCN=8.95518 FROM MIGRAD    STATUS=CONVERGED      36 CALLS          37 TOTAL
                     EDM=3.6675e-16    STRATEGY= 1      ERROR MATRIX ACCURATE 
  EXT PARAMETER                                   STEP         FIRST   
  NO.   NAME      VALUE            ERROR          SIZE      DERIVATIVE 
   1  p0           1.06564e+00   1.77531e-03   1.97074e-06   1.51993e-05
   2  p1           1.99969e-02   1.24910e-03   1.38660e-06   3.00736e-05
SaveSource cannot open file: /home/zhangfy/nl_target/toyMC/results/data_14566.C
1.06774	0.0039246
1.07439	0.00353491
1.07403	0.00350441
1.0774	0.00350266
1.08232	0.00342959
1.08817	0.00326569
1.11958	0.00350109
1.13827	0.00497552
 FCN=2.36384 FROM MIGRAD    STATUS=CONVERGED      36 CALLS          37 TOTAL
                     EDM=3.71975e-17    STRATEGY= 1      ERROR MATRIX ACCURATE 
  EXT PARAMETER                                   STEP         FIRST   
  NO.   NAME      VALUE            ERROR          SIZE      DERIVATIVE 
   1  p0           1.06804e+00   1.77942e-03   1.14790e-06  -6.33067e-06
   2  p1           1.98002e-02   1.25178e-03   8.07523e-07  -8.57769e-06
SaveSource cannot open file: /home/zhangfy/nl_target/toyMC/results/data_14567.C
1.06396	0.0039107
1.06922	0.0035179
1.07852	0.00351903
1.07467	0.0034938
1.08338	0.00343295
1.09333	0.00328119
1.11776	0.00349541
1.15294	0.00503966
 FCN=8.94485 FROM MIGRAD    STATUS=CONVERGED      36 CALLS          37 TOTAL
                     EDM=2.05601e-15    STRATEGY= 1      ERROR MATRIX ACCURATE 
  EXT PARAMETER                                   STEP         FIRST   
  NO.   NAME      VALUE            ERROR          SIZE      DERIVATIVE 
   1  p0           1.06610e+00   1.77985e-03   1.97506e-06  -4.05176e-06
   2  p1           2.25783e-02   1.25803e-03   1.39601e-06  -5.47792e-05
SaveSource cannot open file: /home/zhangfy/nl_target/toyMC/results/data_14568.C
1.07048	0.00393466
1.07719	0.00354411
1.07877	0.00351985
1.07568	0.00349707
1.08135	0.00342653
1.09522	0.00328685
1.11386	0.0034832
1.14942	0.00502428
 FCN=8.73867 FROM MIGRAD    STATUS=CONVERGED      36 CALLS          37 TOTAL
                     EDM=1.01499e-15    STRATEGY= 1      ERROR MATRIX ACCURATE 
  EXT PARAMETER                                   STEP         FIRST   
  NO.   NAME      VALUE            ERROR          SIZE      DERIVATIVE 
   1  p0           1.06988e+00   1.78407e-03   1.95667e-06  -2.09145e-05
   2  p1           1.99207e-02   1.25628e-03   1.37782e-06   8.17707e-06
SaveSource cannot open file: /home/zhangfy/nl_target/toyMC/results/data_14569.C
1.0719	0.00393989
1.06307	0.00349766
1.07322	0.00350176
1.07124	0.00348264
1.08583	0.0034407
1.09231	0.00327814
1.1218	0.00350804
1.15007	0.0050271
 FCN=10.9761 FROM MIGRAD    STATUS=CONVERGED      34 CALLS          35 TOTAL
                     EDM=4.06178e-17    STRATEGY= 1      ERROR MATRIX ACCURATE 
  EXT PARAMETER                                   STEP         FIRST   
  NO.   NAME      VALUE            ERROR          SIZE      DERIVATIVE 
   1  p0           1.06473e+00   1.77772e-03   2.16616e-06  -2.35354e-06
   2  p1           2.33518e-02   1.25758e-03   1.53237e-06   4.44851e-06
SaveSource cannot open file: /home/zhangfy/nl_target/toyMC/results/data_14570.C
1.07242	0.00394179
1.07423	0.00353439
1.07474	0.00350672
1.0753	0.00349585
1.08075	0.0034246
1.09518	0.00328675
1.12519	0.00351865
1.14002	0.00498319
 FCN=5.90915 FROM MIGRAD    STATUS=CONVERGED      36 CALLS          37 TOTAL
                     EDM=3.03448e-17    STRATEGY= 1      ERROR MATRIX ACCURATE 
  EXT PARAMETER                                   STEP         FIRST   
  NO.   NAME      VALUE            ERROR          SIZE      DERIVATIVE 
   1  p0           1.06883e+00   1.78119e-03   1.64813e-06   1.33513e-06
   2  p1           2.10322e-02   1.25481e-03   1.16107e-06  -4.74279e-06
SaveSource cannot open file: /home/zhangfy/nl_target/toyMC/results/data_14571.C
1.06558	0.00391667
1.07299	0.00353031
1.08207	0.00353062
1.07832	0.00350567
1.08631	0.00344222
1.09491	0.00328595
1.11738	0.0034942
1.14517	0.00500569
 FCN=9.27802 FROM MIGRAD    STATUS=CONVERGED      36 CALLS          37 TOTAL
                     EDM=4.88291e-16    STRATEGY= 1      ERROR MATRIX ACCURATE 
  EXT PARAMETER                                   STEP         FIRST   
  NO.   NAME      VALUE            ERROR          SIZE      DERIVATIVE 
   1  p0           1.07032e+00   1.78339e-03   2.01116e-06   1.42380e-05
   2  p1           2.00465e-02   1.25493e-03   1.41520e-06  -6.15674e-06
SaveSource cannot open file: /home/zhangfy/nl_target/toyMC/results/data_14572.C
1.07302	0.003944
1.078	0.00354679
1.07282	0.00350046
1.07629	0.00349905
1.07803	0.00341601
1.09451	0.00328475
1.11429	0.00348457
1.14067	0.00498605
 FCN=6.03139 FROM MIGRAD    STATUS=CONVERGED      36 CALLS          37 TOTAL
                     EDM=8.04721e-16    STRATEGY= 1      ERROR MATRIX ACCURATE 
  EXT PARAMETER                                   STEP         FIRST   
  NO.   NAME      VALUE            ERROR          SIZE      DERIVATIVE 
   1  p0           1.06949e+00   1.78151e-03   1.66046e-06  -2.63571e-05
   2  p1           1.88750e-02   1.25188e-03   1.16681e-06  -8.77473e-06
SaveSource cannot open file: /home/zhangfy/nl_target/toyMC/results/data_14573.C
1.06915	0.00392977
1.07066	0.00352262
1.07324	0.00350183
1.07412	0.00349199
1.07908	0.00341933
1.09037	0.00327232
1.11116	0.00347477
1.14986	0.00502621
 FCN=6.37336 FROM MIGRAD    STATUS=CONVERGED      36 CALLS          37 TOTAL
                     EDM=5.82112e-17    STRATEGY= 1      ERROR MATRIX ACCURATE 
  EXT PARAMETER                                   STEP         FIRST   
  NO.   NAME      VALUE            ERROR          SIZE      DERIVATIVE 
   1  p0           1.06565e+00   1.77838e-03   1.69730e-06  -8.33598e-06
   2  p1           2.08246e-02   1.25442e-03   1.19723e-06  -6.93082e-06
SaveSource cannot open file: /home/zhangfy/nl_target/toyMC/results/data_14574.C
1.06594	0.00391797
1.07209	0.00352735
1.08033	0.00352495
1.07134	0.00348297
1.08096	0.00342529
1.09211	0.00327754
1.11775	0.00349536
1.14462	0.0050033
 FCN=9.38303 FROM MIGRAD    STATUS=CONVERGED      36 CALLS          37 TOTAL
                     EDM=1.81778e-16    STRATEGY= 1      ERROR MATRIX ACCURATE 
  EXT PARAMETER                                   STEP         FIRST   
  NO.   NAME      VALUE            ERROR          SIZE      DERIVATIVE 
   1  p0           1.06710e+00   1.77951e-03   2.01690e-06  -4.30900e-06
   2  p1           2.08558e-02   1.25428e-03   1.42160e-06  -1.87901e-05
SaveSource cannot open file: /home/zhangfy/nl_target/toyMC/results/data_14575.C
1.0687	0.00392811
1.07076	0.00352296
1.07909	0.00352091
1.07932	0.00350892
1.08253	0.00343027
1.09564	0.00328811
1.12491	0.00351775
1.14258	0.00499436
 FCN=5.16355 FROM MIGRAD    STATUS=CONVERGED      36 CALLS          37 TOTAL
                     EDM=1.09165e-15    STRATEGY= 1      ERROR MATRIX ACCURATE 
  EXT PARAMETER                                   STEP         FIRST   
  NO.   NAME      VALUE            ERROR          SIZE      DERIVATIVE 
   1  p0           1.06921e+00   1.78196e-03   1.55768e-06  -1.79540e-05
   2  p1           2.13815e-02   1.25586e-03   1.09779e-06   1.47047e-05
SaveSource cannot open file: /home/zhangfy/nl_target/toyMC/results/data_14576.C
1.07292	0.00394362
1.0718	0.00352637
1.07427	0.00350518
1.07829	0.00350556
1.07951	0.00342067
1.09261	0.00327903
1.12382	0.00351436
1.14715	0.00501433
 FCN=1.12368 FROM MIGRAD    STATUS=CONVERGED      36 CALLS          37 TOTAL
                     EDM=1.36449e-15    STRATEGY= 1      ERROR MATRIX ACCURATE 
  EXT PARAMETER                                   STEP         FIRST   
  NO.   NAME      VALUE            ERROR          SIZE      DERIVATIVE 
   1  p0           1.06761e+00   1.78142e-03   9.13548e-07   1.00734e-05
   2  p1           2.20685e-02   1.25783e-03   6.45040e-07   5.01291e-05
SaveSource cannot open file: /home/zhangfy/nl_target/toyMC/results/data_14577.C
1.0715	0.00393842
1.07244	0.0035285
1.07171	0.00349684
1.07929	0.0035088
1.08337	0.00343291
1.08538	0.00325735
1.11916	0.00349978
1.14129	0.00498875
 FCN=3.22172 FROM MIGRAD    STATUS=CONVERGED      36 CALLS          37 TOTAL
                     EDM=2.95881e-15    STRATEGY= 1      ERROR MATRIX ACCURATE 
  EXT PARAMETER                                   STEP         FIRST   
  NO.   NAME      VALUE            ERROR          SIZE      DERIVATIVE 
   1  p0           1.06768e+00   1.77989e-03   1.28590e-06  -4.73134e-06
   2  p1           2.01035e-02   1.25323e-03   9.05409e-07  -6.58537e-05
SaveSource cannot open file: /home/zhangfy/nl_target/toyMC/results/data_14578.C
1.06955	0.00393124
1.06977	0.0035197
1.08212	0.00353079
1.07755	0.00350316
1.084	0.0034349
1.08749	0.00326366
1.12305	0.00351194
1.14259	0.00499442
 FCN=8.59264 FROM MIGRAD    STATUS=CONVERGED      36 CALLS          37 TOTAL
                     EDM=6.65553e-16    STRATEGY= 1      ERROR MATRIX ACCURATE 
  EXT PARAMETER                                   STEP         FIRST   
  NO.   NAME      VALUE            ERROR          SIZE      DERIVATIVE 
   1  p0           1.06871e+00   1.78183e-03   1.94119e-06  -3.31262e-06
   2  p1           2.06924e-02   1.25543e-03   1.36771e-06   2.56023e-05
SaveSource cannot open file: /home/zhangfy/nl_target/toyMC/results/data_14579.C
1.07386	0.00394709
1.0681	0.00351422
1.06971	0.00349029
1.07925	0.00350868
1.08402	0.00343497
1.09048	0.00327265
1.11525	0.00348754
1.15311	0.0050404
 FCN=7.8738 FROM MIGRAD    STATUS=CONVERGED      36 CALLS          37 TOTAL
                     EDM=1.19001e-15    STRATEGY= 1      ERROR MATRIX ACCURATE 
  EXT PARAMETER                                   STEP         FIRST   
  NO.   NAME      VALUE            ERROR          SIZE      DERIVATIVE 
   1  p0           1.06653e+00   1.78052e-03   1.86513e-06   2.01076e-05
   2  p1           2.18001e-02   1.25754e-03   1.31730e-06  -1.31814e-05
SaveSource cannot open file: /home/zhangfy/nl_target/toyMC/results/data_14580.C
1.06667	0.00392064
1.06666	0.00350948
1.0734	0.00350233
1.0745	0.00349323
1.07456	0.00340499
1.08787	0.00326482
1.11916	0.0034998
1.13949	0.00498088
 FCN=2.68923 FROM MIGRAD    STATUS=CONVERGED      36 CALLS          37 TOTAL
                     EDM=4.37444e-16    STRATEGY= 1      ERROR MATRIX ACCURATE 
  EXT PARAMETER                                   STEP         FIRST   
  NO.   NAME      VALUE            ERROR          SIZE      DERIVATIVE 
   1  p0           1.06378e+00   1.77406e-03   1.19910e-06   1.21123e-05
   2  p1           2.13674e-02   1.25121e-03   8.45700e-07  -8.23511e-06
SaveSource cannot open file: /home/zhangfy/nl_target/toyMC/results/data_14581.C
1.06881	0.00392853
1.06989	0.00352011
1.07312	0.00350143
1.08055	0.00351291
1.08416	0.00343543
1.09489	0.00328588
1.11792	0.00349591
1.1445	0.00500275
 FCN=3.46219 FROM MIGRAD    STATUS=CONVERGED      36 CALLS          37 TOTAL
                     EDM=4.20275e-15    STRATEGY= 1      ERROR MATRIX ACCURATE 
  EXT PARAMETER                                   STEP         FIRST   
  NO.   NAME      VALUE            ERROR          SIZE      DERIVATIVE 
   1  p0           1.06833e+00   1.78048e-03   1.32364e-06  -3.65031e-05
   2  p1           2.08146e-02   1.25415e-03   9.32356e-07   2.69174e-05
SaveSource cannot open file: /home/zhangfy/nl_target/toyMC/results/data_14582.C
1.06635	0.00391948
1.06981	0.00351985
1.07682	0.00351349
1.07776	0.00350384
1.08435	0.00343602
1.08885	0.00326774
1.12314	0.00351224
1.1499	0.00502635
 FCN=3.63918 FROM MIGRAD    STATUS=CONVERGED      36 CALLS          37 TOTAL
                     EDM=5.30112e-17    STRATEGY= 1      ERROR MATRIX ACCURATE 
  EXT PARAMETER                                   STEP         FIRST   
  NO.   NAME      VALUE            ERROR          SIZE      DERIVATIVE 
   1  p0           1.06650e+00   1.78041e-03   1.34959e-06  -8.01990e-06
   2  p1           2.26835e-02   1.25848e-03   9.53958e-07  -7.60431e-06
SaveSource cannot open file: /home/zhangfy/nl_target/toyMC/results/data_14583.C
1.07595	0.00395478
1.07059	0.00352239
1.07658	0.00351272
1.07758	0.00350326
1.07726	0.00341355
1.0875	0.00326369
1.11598	0.00348982
1.14437	0.00500222
 FCN=4.58183 FROM MIGRAD    STATUS=CONVERGED      36 CALLS          37 TOTAL
                     EDM=2.54179e-16    STRATEGY= 1      ERROR MATRIX ACCURATE 
  EXT PARAMETER                                   STEP         FIRST   
  NO.   NAME      VALUE            ERROR          SIZE      DERIVATIVE 
   1  p0           1.06786e+00   1.78094e-03   1.47846e-06  -7.77066e-06
   2  p1           1.98111e-02   1.25414e-03   1.04113e-06   8.46690e-06
SaveSource cannot open file: /home/zhangfy/nl_target/toyMC/results/data_14584.C
1.0681	0.00392593
1.0719	0.00352671
1.0785	0.00351898
1.0808	0.00351371
1.07711	0.00341309
1.09073	0.0032734
1.11732	0.00349402
1.14837	0.0050197
 FCN=4.84753 FROM MIGRAD    STATUS=CONVERGED      36 CALLS          37 TOTAL
                     EDM=2.22123e-16    STRATEGY= 1      ERROR MATRIX ACCURATE 
  EXT PARAMETER                                   STEP         FIRST   
  NO.   NAME      VALUE            ERROR          SIZE      DERIVATIVE 
   1  p0           1.06765e+00   1.78127e-03   1.51452e-06   1.32609e-05
   2  p1           2.09860e-02   1.25627e-03   1.06814e-06   3.13897e-06
SaveSource cannot open file: /home/zhangfy/nl_target/toyMC/results/data_14585.C
1.06614	0.00391873
1.06442	0.00350211
1.07638	0.00351205
1.07998	0.00351106
1.08915	0.00345124
1.09005	0.00327135
1.11993	0.00350218
1.1543	0.00504562
 FCN=12.7669 FROM MIGRAD    STATUS=CONVERGED      36 CALLS          37 TOTAL
                     EDM=1.12221e-15    STRATEGY= 1      ERROR MATRIX ACCURATE 
  EXT PARAMETER                                   STEP         FIRST   
  NO.   NAME      VALUE            ERROR          SIZE      DERIVATIVE 
   1  p0           1.06631e+00   1.78051e-03   2.32527e-06  -1.75323e-06
   2  p1           2.30695e-02   1.25928e-03   1.64457e-06   3.58605e-05
SaveSource cannot open file: /home/zhangfy/nl_target/toyMC/results/data_14586.C
1.06737	0.00392324
1.06609	0.00350761
1.08046	0.00352538
1.07461	0.0034936
1.08129	0.00342633
1.09161	0.00327604
1.11955	0.003501
1.14278	0.00499524
 FCN=8.30198 FROM MIGRAD    STATUS=CONVERGED      36 CALLS          37 TOTAL
                     EDM=6.3449e-16    STRATEGY= 1      ERROR MATRIX ACCURATE 
  EXT PARAMETER                                   STEP         FIRST   
  NO.   NAME      VALUE            ERROR          SIZE      DERIVATIVE 
   1  p0           1.06675e+00   1.77851e-03   1.90884e-06  -1.89259e-05
   2  p1           2.11258e-02   1.25363e-03   1.34549e-06   2.19488e-06
SaveSource cannot open file: /home/zhangfy/nl_target/toyMC/results/data_14587.C
1.06933	0.00393046
1.07228	0.00352798
1.07368	0.00350326
1.08016	0.00351166
1.08226	0.00342939
1.09152	0.00327577
1.11925	0.00350005
1.15115	0.00503182
 FCN=1.18914 FROM MIGRAD    STATUS=CONVERGED      36 CALLS          37 TOTAL
                     EDM=5.97287e-17    STRATEGY= 1      ERROR MATRIX ACCURATE 
  EXT PARAMETER                                   STEP         FIRST   
  NO.   NAME      VALUE            ERROR          SIZE      DERIVATIVE 
   1  p0           1.06748e+00   1.78166e-03   9.27289e-07   4.86302e-06
   2  p1           2.19157e-02   1.25815e-03   6.54820e-07  -2.35500e-06
SaveSource cannot open file: /home/zhangfy/nl_target/toyMC/results/data_14588.C
1.07013	0.00393338
1.07342	0.0035317
1.07617	0.00351139
1.07866	0.00350678
1.08193	0.00342835
1.08914	0.00326861
1.11261	0.0034793
1.14909	0.00502284
 FCN=4.99048 FROM MIGRAD    STATUS=CONVERGED      36 CALLS          37 TOTAL
                     EDM=1.11169e-15    STRATEGY= 1      ERROR MATRIX ACCURATE 
  EXT PARAMETER                                   STEP         FIRST   
  NO.   NAME      VALUE            ERROR          SIZE      DERIVATIVE 
   1  p0           1.06835e+00   1.78202e-03   1.53248e-06   3.51727e-05
   2  p1           1.99406e-02   1.25526e-03   1.07948e-06   2.37168e-05
SaveSource cannot open file: /home/zhangfy/nl_target/toyMC/results/data_14589.C
1.07321	0.0039447
1.07236	0.00352824
1.07089	0.00349416
1.07758	0.00350325
1.08225	0.00342938
1.09561	0.00328804
1.11564	0.00348877
1.14852	0.00502036
 FCN=5.30957 FROM MIGRAD    STATUS=CONVERGED      36 CALLS          37 TOTAL
                     EDM=6.25605e-16    STRATEGY= 1      ERROR MATRIX ACCURATE 
  EXT PARAMETER                                   STEP         FIRST   
  NO.   NAME      VALUE            ERROR          SIZE      DERIVATIVE 
   1  p0           1.06814e+00   1.78137e-03   1.57381e-06   6.47026e-06
   2  p1           2.09061e-02   1.25574e-03   1.10942e-06  -2.10151e-05
SaveSource cannot open file: /home/zhangfy/nl_target/toyMC/results/data_14590.C
1.07101	0.00393661
1.07526	0.00353777
1.0716	0.00349648
1.08187	0.00351721
1.08563	0.00344007
1.08947	0.0032696
1.11867	0.00349823
1.15083	0.00503044
 FCN=4.45865 FROM MIGRAD    STATUS=CONVERGED      36 CALLS          37 TOTAL
                     EDM=1.2162e-15    STRATEGY= 1      ERROR MATRIX ACCURATE 
  EXT PARAMETER                                   STEP         FIRST   
  NO.   NAME      VALUE            ERROR          SIZE      DERIVATIVE 
   1  p0           1.06875e+00   1.78335e-03   1.46506e-06  -2.70307e-05
   2  p1           2.12077e-02   1.25817e-03   1.03361e-06   1.26102e-06
SaveSource cannot open file: /home/zhangfy/nl_target/toyMC/results/data_14591.C
1.06743	0.00392346
1.07329	0.00353128
1.07109	0.0034948
1.07918	0.00350845
1.08348	0.00343326
1.09072	0.00327336
1.11752	0.00349465
1.14658	0.00501184
 FCN=2.36299 FROM MIGRAD    STATUS=CONVERGED      36 CALLS          37 TOTAL
                     EDM=3.73391e-17    STRATEGY= 1      ERROR MATRIX ACCURATE 
  EXT PARAMETER                                   STEP         FIRST   
  NO.   NAME      VALUE            ERROR          SIZE      DERIVATIVE 
   1  p0           1.06725e+00   1.77997e-03   1.14824e-06  -3.79684e-06
   2  p1           2.10982e-02   1.25505e-03   8.09622e-07   1.95408e-06
SaveSource cannot open file: /home/zhangfy/nl_target/toyMC/results/data_14592.C
1.07149	0.00393838
1.07721	0.00354417
1.06599	0.00347818
1.0808	0.00351373
1.08291	0.00343145
1.09369	0.00328226
1.12684	0.00352381
1.14531	0.00500629
 FCN=9.89065 FROM MIGRAD    STATUS=CONVERGED      36 CALLS          37 TOTAL
                     EDM=3.34775e-15    STRATEGY= 1      ERROR MATRIX ACCURATE 
  EXT PARAMETER                                   STEP         FIRST   
  NO.   NAME      VALUE            ERROR          SIZE      DERIVATIVE 
   1  p0           1.06799e+00   1.78144e-03   2.07009e-06   3.77352e-05
   2  p1           2.23805e-02   1.25777e-03   1.46157e-06  -1.53837e-05
SaveSource cannot open file: /home/zhangfy/nl_target/toyMC/results/data_14593.C
1.07044	0.00393451
1.07573	0.00353931
1.07352	0.00350274
1.07456	0.00349342
1.0825	0.00343017
1.09682	0.00329166
1.11578	0.0034892
1.15217	0.0050363
 FCN=8.70472 FROM MIGRAD    STATUS=CONVERGED      36 CALLS          37 TOTAL
                     EDM=2.31253e-16    STRATEGY= 1      ERROR MATRIX ACCURATE 
  EXT PARAMETER                                   STEP         FIRST   
  NO.   NAME      VALUE            ERROR          SIZE      DERIVATIVE 
   1  p0           1.06821e+00   1.78244e-03   1.95284e-06   3.28602e-06
   2  p1           2.14056e-02   1.25776e-03   1.37800e-06   1.99969e-05
SaveSource cannot open file: /home/zhangfy/nl_target/toyMC/results/data_14594.C
1.08289	0.00398029
1.07419	0.00353426
1.07472	0.00350664
1.0788	0.00350722
1.08147	0.0034269
1.09581	0.00328865
1.12069	0.00350457
1.14923	0.00502345
 FCN=7.72419 FROM MIGRAD    STATUS=CONVERGED      36 CALLS          37 TOTAL
                     EDM=5.40498e-17    STRATEGY= 1      ERROR MATRIX ACCURATE 
  EXT PARAMETER                                   STEP         FIRST   
  NO.   NAME      VALUE            ERROR          SIZE      DERIVATIVE 
   1  p0           1.07099e+00   1.78636e-03   1.85502e-06  -4.04584e-06
   2  p1           2.06361e-02   1.25901e-03   1.30740e-06   3.16576e-06
SaveSource cannot open file: /home/zhangfy/nl_target/toyMC/results/data_14595.C
1.06202	0.00390358
1.0716	0.00352573
1.07572	0.00350991
1.08295	0.00352071
1.07985	0.00342176
1.09157	0.00327592
1.11614	0.00349034
1.15231	0.00503689
 FCN=9.44772 FROM MIGRAD    STATUS=CONVERGED      36 CALLS          37 TOTAL
                     EDM=1.0441e-16    STRATEGY= 1      ERROR MATRIX ACCURATE 
  EXT PARAMETER                                   STEP         FIRST   
  NO.   NAME      VALUE            ERROR          SIZE      DERIVATIVE 
   1  p0           1.06650e+00   1.78013e-03   2.02407e-06  -6.06214e-06
   2  p1           2.19790e-02   1.25722e-03   1.42950e-06  -1.56417e-05
SaveSource cannot open file: /home/zhangfy/nl_target/toyMC/results/data_14596.C
1.0657	0.00391709
1.06704	0.00351071
1.07473	0.00350667
1.07617	0.00349867
1.08116	0.00342591
1.09453	0.00328481
1.12118	0.00350611
1.14973	0.00502563
 FCN=3.64491 FROM MIGRAD    STATUS=CONVERGED      36 CALLS          37 TOTAL
                     EDM=1.01129e-17    STRATEGY= 1      ERROR MATRIX ACCURATE 
  EXT PARAMETER                                   STEP         FIRST   
  NO.   NAME      VALUE            ERROR          SIZE      DERIVATIVE 
   1  p0           1.06528e+00   1.77812e-03   1.34944e-06  -2.84582e-06
   2  p1           2.31339e-02   1.25724e-03   9.54137e-07  -4.87893e-06
SaveSource cannot open file: /home/zhangfy/nl_target/toyMC/results/data_14597.C
1.06322	0.00390798
1.07956	0.00355191
1.07404	0.00350443
1.07924	0.00350867
1.08717	0.00344497
1.09318	0.00328075
1.12026	0.00350321
1.14529	0.0050062
 FCN=10.2507 FROM MIGRAD    STATUS=CONVERGED      36 CALLS          37 TOTAL
                     EDM=2.43007e-16    STRATEGY= 1      ERROR MATRIX ACCURATE 
  EXT PARAMETER                                   STEP         FIRST   
  NO.   NAME      VALUE            ERROR          SIZE      DERIVATIVE 
   1  p0           1.06951e+00   1.78267e-03   2.10398e-06   8.05026e-06
   2  p1           2.07731e-02   1.25576e-03   1.48209e-06  -7.58081e-06
SaveSource cannot open file: /home/zhangfy/nl_target/toyMC/results/data_14598.C
1.06587	0.00391772
1.07638	0.00354146
1.07551	0.00350922
1.08099	0.00351436
1.07422	0.00340391
1.08752	0.00326377
1.11594	0.00348971
1.14698	0.00501359
 FCN=8.96602 FROM MIGRAD    STATUS=CONVERGED      36 CALLS          37 TOTAL
                     EDM=1.44385e-16    STRATEGY= 1      ERROR MATRIX ACCURATE 
  EXT PARAMETER                                   STEP         FIRST   
  NO.   NAME      VALUE            ERROR          SIZE      DERIVATIVE 
   1  p0           1.06685e+00   1.78008e-03   1.97502e-06   6.21942e-06
   2  p1           2.05754e-02   1.25506e-03   1.39251e-06   1.80824e-05
SaveSource cannot open file: /home/zhangfy/nl_target/toyMC/results/data_14599.C
