1.06725	0.0039228
1.06944	0.00351861
1.07063	0.00349331
1.07827	0.00350549
1.07758	0.00341456
1.09459	0.00328497
1.11961	0.0035012
1.14436	0.00500215
 FCN=3.18044 FROM MIGRAD    STATUS=CONVERGED      36 CALLS          37 TOTAL
                     EDM=4.80469e-17    STRATEGY= 1      ERROR MATRIX ACCURATE 
  EXT PARAMETER                                   STEP         FIRST   
  NO.   NAME      VALUE            ERROR          SIZE      DERIVATIVE 
   1  p0           1.06560e+00   1.77716e-03   1.27924e-06   8.84369e-07
   2  p1           2.19532e-02   1.25409e-03   9.02725e-07  -6.89581e-06
SaveSource cannot open file: /home/zhangfy/nl_target/toyMC/results/data_14700.C
1.06715	0.00392241
1.0726	0.00352902
1.07181	0.00349716
1.08573	0.00352975
1.0841	0.00343523
1.09306	0.00328037
1.11799	0.00349611
1.14738	0.00501535
 FCN=6.28692 FROM MIGRAD    STATUS=CONVERGED      36 CALLS          37 TOTAL
                     EDM=3.80639e-16    STRATEGY= 1      ERROR MATRIX ACCURATE 
  EXT PARAMETER                                   STEP         FIRST   
  NO.   NAME      VALUE            ERROR          SIZE      DERIVATIVE 
   1  p0           1.06877e+00   1.78189e-03   1.69241e-06   8.35484e-06
   2  p1           2.09776e-02   1.25579e-03   1.19273e-06  -1.20226e-05
SaveSource cannot open file: /home/zhangfy/nl_target/toyMC/results/data_14701.C
1.07093	0.00393633
1.07718	0.00354408
1.07676	0.0035133
1.07812	0.00350502
1.07782	0.00341532
1.08955	0.00326984
1.11358	0.00348235
1.14944	0.00502435
 FCN=7.02427 FROM MIGRAD    STATUS=CONVERGED      34 CALLS          35 TOTAL
                     EDM=5.81047e-18    STRATEGY= 1      ERROR MATRIX ACCURATE 
  EXT PARAMETER                                   STEP         FIRST   
  NO.   NAME      VALUE            ERROR          SIZE      DERIVATIVE 
   1  p0           1.06857e+00   1.78283e-03   1.77401e-06  -2.64600e-06
   2  p1           1.99347e-02   1.25610e-03   1.24989e-06  -2.35211e-06
SaveSource cannot open file: /home/zhangfy/nl_target/toyMC/results/data_14702.C
1.06919	0.00392991
1.06555	0.00350582
1.07136	0.00349568
1.07846	0.00350613
1.08503	0.00343818
1.09071	0.00327333
1.12138	0.00350672
1.15939	0.00506785
 FCN=5.72652 FROM MIGRAD    STATUS=CONVERGED      36 CALLS          37 TOTAL
                     EDM=7.84529e-16    STRATEGY= 1      ERROR MATRIX ACCURATE 
  EXT PARAMETER                                   STEP         FIRST   
  NO.   NAME      VALUE            ERROR          SIZE      DERIVATIVE 
   1  p0           1.06452e+00   1.77974e-03   1.62481e-06  -1.10626e-05
   2  p1           2.45570e-02   1.26215e-03   1.15227e-06  -4.01109e-05
SaveSource cannot open file: /home/zhangfy/nl_target/toyMC/results/data_14703.C
1.06205	0.00390369
1.07339	0.00353162
1.07445	0.00350578
1.07896	0.00350775
1.07486	0.00340594
1.09427	0.00328403
1.11546	0.00348822
1.14967	0.00502535
 FCN=10.4818 FROM MIGRAD    STATUS=CONVERGED      34 CALLS          35 TOTAL
                     EDM=2.18747e-16    STRATEGY= 1      ERROR MATRIX ACCURATE 
  EXT PARAMETER                                   STEP         FIRST   
  NO.   NAME      VALUE            ERROR          SIZE      DERIVATIVE 
   1  p0           1.06561e+00   1.77829e-03   2.11990e-06   3.85455e-06
   2  p1           2.18537e-02   1.25555e-03   1.49673e-06  -1.24023e-05
SaveSource cannot open file: /home/zhangfy/nl_target/toyMC/results/data_14704.C
1.07507	0.00395155
1.07275	0.00352949
1.07284	0.00350052
1.08237	0.00351884
1.07986	0.00342179
1.09582	0.00328867
1.11847	0.00349761
1.14808	0.00501841
 FCN=4.018 FROM MIGRAD    STATUS=CONVERGED      36 CALLS          37 TOTAL
                     EDM=5.80158e-17    STRATEGY= 1      ERROR MATRIX ACCURATE 
  EXT PARAMETER                                   STEP         FIRST   
  NO.   NAME      VALUE            ERROR          SIZE      DERIVATIVE 
   1  p0           1.06940e+00   1.78330e-03   1.40507e-06  -4.50705e-06
   2  p1           2.08417e-02   1.25687e-03   9.90291e-07   2.79156e-06
SaveSource cannot open file: /home/zhangfy/nl_target/toyMC/results/data_14705.C
1.07083	0.00393595
1.06801	0.00351391
1.07719	0.00351471
1.0762	0.00349878
1.08091	0.00342513
1.09163	0.00327608
1.11083	0.00347374
1.14622	0.0050103
 FCN=7.18889 FROM MIGRAD    STATUS=CONVERGED      36 CALLS          37 TOTAL
                     EDM=8.99956e-17    STRATEGY= 1      ERROR MATRIX ACCURATE 
  EXT PARAMETER                                   STEP         FIRST   
  NO.   NAME      VALUE            ERROR          SIZE      DERIVATIVE 
   1  p0           1.06752e+00   1.77975e-03   1.79006e-06  -6.81618e-06
   2  p1           1.97355e-02   1.25280e-03   1.26006e-06  -1.48516e-05
SaveSource cannot open file: /home/zhangfy/nl_target/toyMC/results/data_14706.C
1.078	0.0039623
1.06995	0.00352029
1.07593	0.0035106
1.08394	0.00352392
1.08369	0.00343392
1.09282	0.00327965
1.12238	0.00350986
1.1388	0.00497786
 FCN=5.28898 FROM MIGRAD    STATUS=CONVERGED      36 CALLS          37 TOTAL
                     EDM=5.95052e-16    STRATEGY= 1      ERROR MATRIX ACCURATE 
  EXT PARAMETER                                   STEP         FIRST   
  NO.   NAME      VALUE            ERROR          SIZE      DERIVATIVE 
   1  p0           1.07133e+00   1.78395e-03   1.57381e-06  -1.10598e-05
   2  p1           1.94454e-02   1.25380e-03   1.10610e-06  -3.59835e-05
SaveSource cannot open file: /home/zhangfy/nl_target/toyMC/results/data_14707.C
1.06948	0.003931
1.06829	0.00351482
1.07853	0.00351908
1.08398	0.00352407
1.08183	0.00342804
1.09619	0.00328977
1.12593	0.00352096
1.14287	0.00499564
 FCN=7.84621 FROM MIGRAD    STATUS=CONVERGED      36 CALLS          37 TOTAL
                     EDM=1.20624e-16    STRATEGY= 1      ERROR MATRIX ACCURATE 
  EXT PARAMETER                                   STEP         FIRST   
  NO.   NAME      VALUE            ERROR          SIZE      DERIVATIVE 
   1  p0           1.06941e+00   1.78221e-03   1.86687e-06   4.34486e-06
   2  p1           2.16215e-02   1.25627e-03   1.31594e-06  -7.26740e-06
SaveSource cannot open file: /home/zhangfy/nl_target/toyMC/results/data_14708.C
1.07041	0.00393442
1.07722	0.00354423
1.07208	0.00349802
1.07876	0.0035071
1.08219	0.00342918
1.08615	0.00325965
1.11693	0.0034928
1.15096	0.00503101
 FCN=6.54728 FROM MIGRAD    STATUS=CONVERGED      36 CALLS          37 TOTAL
                     EDM=1.6403e-15    STRATEGY= 1      ERROR MATRIX ACCURATE 
  EXT PARAMETER                                   STEP         FIRST   
  NO.   NAME      VALUE            ERROR          SIZE      DERIVATIVE 
   1  p0           1.06758e+00   1.78219e-03   1.72052e-06   1.71064e-05
   2  p1           2.09956e-02   1.25766e-03   1.21415e-06  -2.52376e-05
SaveSource cannot open file: /home/zhangfy/nl_target/toyMC/results/data_14709.C
1.07776	0.00396141
1.08214	0.0035604
1.07617	0.00351138
1.08017	0.00351166
1.0767	0.00341178
1.09059	0.00327297
1.12121	0.00350618
1.15217	0.00503628
 FCN=11.5924 FROM MIGRAD    STATUS=CONVERGED      36 CALLS          37 TOTAL
                     EDM=1.25757e-16    STRATEGY= 1      ERROR MATRIX ACCURATE 
  EXT PARAMETER                                   STEP         FIRST   
  NO.   NAME      VALUE            ERROR          SIZE      DERIVATIVE 
   1  p0           1.07048e+00   1.78716e-03   2.22795e-06  -5.79840e-06
   2  p1           2.08134e-02   1.26096e-03   1.57197e-06   5.39301e-06
SaveSource cannot open file: /home/zhangfy/nl_target/toyMC/results/data_14710.C
1.07336	0.00394526
1.07094	0.00352356
1.07485	0.00350708
1.07502	0.00349494
1.07641	0.00341088
1.09562	0.00328807
1.11843	0.0034975
1.14397	0.00500044
 FCN=5.84016 FROM MIGRAD    STATUS=CONVERGED      36 CALLS          37 TOTAL
                     EDM=1.09614e-17    STRATEGY= 1      ERROR MATRIX ACCURATE 
  EXT PARAMETER                                   STEP         FIRST   
  NO.   NAME      VALUE            ERROR          SIZE      DERIVATIVE 
   1  p0           1.06744e+00   1.77981e-03   1.63756e-06   1.78308e-06
   2  p1           2.08795e-02   1.25434e-03   1.15409e-06   5.01199e-06
SaveSource cannot open file: /home/zhangfy/nl_target/toyMC/results/data_14711.C
1.07505	0.00395147
1.06213	0.00349457
1.07967	0.0035228
1.08095	0.00351422
1.08139	0.00342664
1.08939	0.00326936
1.12544	0.00351941
1.14817	0.00501879
 FCN=13.5449 FROM MIGRAD    STATUS=CONVERGED      36 CALLS          37 TOTAL
                     EDM=4.69171e-16    STRATEGY= 1      ERROR MATRIX ACCURATE 
  EXT PARAMETER                                   STEP         FIRST   
  NO.   NAME      VALUE            ERROR          SIZE      DERIVATIVE 
   1  p0           1.06717e+00   1.78122e-03   2.39089e-06   4.50054e-06
   2  p1           2.25628e-02   1.25865e-03   1.68946e-06   2.83152e-05
SaveSource cannot open file: /home/zhangfy/nl_target/toyMC/results/data_14712.C
1.06976	0.00393202
1.07279	0.00352964
1.07633	0.00351192
1.07672	0.00350045
1.082	0.00342859
1.09364	0.00328214
1.11781	0.00349556
1.14742	0.00501551
 FCN=2.09921 FROM MIGRAD    STATUS=CONVERGED      36 CALLS          37 TOTAL
                     EDM=2.07792e-15    STRATEGY= 1      ERROR MATRIX ACCURATE 
  EXT PARAMETER                                   STEP         FIRST   
  NO.   NAME      VALUE            ERROR          SIZE      DERIVATIVE 
   1  p0           1.06830e+00   1.78165e-03   1.10320e-06  -3.33849e-05
   2  p1           2.09416e-02   1.25599e-03   7.77710e-07   5.50179e-06
SaveSource cannot open file: /home/zhangfy/nl_target/toyMC/results/data_14713.C
1.0791	0.00396634
1.06527	0.00350488
1.07431	0.0035053
1.07562	0.00349689
1.08256	0.00343035
1.09738	0.00329336
1.11741	0.00349431
1.15266	0.00503843
 FCN=14.7723 FROM MIGRAD    STATUS=CONVERGED      36 CALLS          37 TOTAL
                     EDM=2.96664e-16    STRATEGY= 1      ERROR MATRIX ACCURATE 
  EXT PARAMETER                                   STEP         FIRST   
  NO.   NAME      VALUE            ERROR          SIZE      DERIVATIVE 
   1  p0           1.06776e+00   1.78204e-03   2.48980e-06  -1.05537e-05
   2  p1           2.19839e-02   1.25841e-03   1.75821e-06   5.72094e-06
SaveSource cannot open file: /home/zhangfy/nl_target/toyMC/results/data_14714.C
1.07034	0.00393417
1.07464	0.00353573
1.07028	0.00349217
1.085	0.00352738
1.07755	0.00341449
1.08705	0.00326236
1.12128	0.00350643
1.15416	0.00504498
 FCN=8.86217 FROM MIGRAD    STATUS=CONVERGED      36 CALLS          37 TOTAL
                     EDM=3.74041e-15    STRATEGY= 1      ERROR MATRIX ACCURATE 
  EXT PARAMETER                                   STEP         FIRST   
  NO.   NAME      VALUE            ERROR          SIZE      DERIVATIVE 
   1  p0           1.06646e+00   1.78179e-03   1.96764e-06  -3.64725e-06
   2  p1           2.26610e-02   1.26042e-03   1.39189e-06   6.49435e-05
SaveSource cannot open file: /home/zhangfy/nl_target/toyMC/results/data_14715.C
1.07315	0.00394449
1.0656	0.00350598
1.07734	0.00351519
1.07443	0.003493
1.08392	0.00343467
1.09116	0.00327468
1.11766	0.00349508
1.14571	0.00500804
 FCN=7.18112 FROM MIGRAD    STATUS=CONVERGED      36 CALLS          37 TOTAL
                     EDM=2.77606e-16    STRATEGY= 1      ERROR MATRIX ACCURATE 
  EXT PARAMETER                                   STEP         FIRST   
  NO.   NAME      VALUE            ERROR          SIZE      DERIVATIVE 
   1  p0           1.06725e+00   1.77986e-03   1.79072e-06   4.22831e-06
   2  p1           2.09664e-02   1.25475e-03   1.26240e-06  -1.41152e-05
SaveSource cannot open file: /home/zhangfy/nl_target/toyMC/results/data_14716.C
1.06944	0.00393083
1.07473	0.00353602
1.07156	0.00349634
1.07493	0.00349463
1.07995	0.00342207
1.09348	0.00328166
1.11832	0.00349715
1.14859	0.00502066
 FCN=3.32113 FROM MIGRAD    STATUS=CONVERGED      36 CALLS          37 TOTAL
                     EDM=2.7848e-18    STRATEGY= 1      ERROR MATRIX ACCURATE 
  EXT PARAMETER                                   STEP         FIRST   
  NO.   NAME      VALUE            ERROR          SIZE      DERIVATIVE 
   1  p0           1.06672e+00   1.78000e-03   1.30164e-06   1.81676e-06
   2  p1           2.17014e-02   1.25645e-03   9.18791e-07   2.08441e-06
SaveSource cannot open file: /home/zhangfy/nl_target/toyMC/results/data_14717.C
1.07097	0.00393647
1.07429	0.00353458
1.07605	0.00351098
1.08095	0.0035142
1.08249	0.00343014
1.09457	0.00328493
1.12333	0.00351283
1.15237	0.00503719
 FCN=0.43452 FROM MIGRAD    STATUS=CONVERGED      36 CALLS          37 TOTAL
                     EDM=2.21155e-16    STRATEGY= 1      ERROR MATRIX ACCURATE 
  EXT PARAMETER                                   STEP         FIRST   
  NO.   NAME      VALUE            ERROR          SIZE      DERIVATIVE 
   1  p0           1.06904e+00   1.78438e-03   7.52008e-07   8.72232e-06
   2  p1           2.23603e-02   1.26063e-03   5.31279e-07  -5.55290e-06
SaveSource cannot open file: /home/zhangfy/nl_target/toyMC/results/data_14718.C
1.06889	0.00392881
1.07553	0.00353867
1.07112	0.0034949
1.08125	0.0035152
1.0803	0.00342317
1.09061	0.00327304
1.11372	0.00348278
1.15191	0.00503517
 FCN=7.22626 FROM MIGRAD    STATUS=CONVERGED      36 CALLS          37 TOTAL
                     EDM=3.99196e-16    STRATEGY= 1      ERROR MATRIX ACCURATE 
  EXT PARAMETER                                   STEP         FIRST   
  NO.   NAME      VALUE            ERROR          SIZE      DERIVATIVE 
   1  p0           1.06752e+00   1.78156e-03   1.79604e-06  -1.29935e-05
   2  p1           2.09261e-02   1.25679e-03   1.26700e-06   5.37150e-06
SaveSource cannot open file: /home/zhangfy/nl_target/toyMC/results/data_14719.C
1.07683	0.00395801
1.06686	0.00351011
1.06699	0.00348142
1.07829	0.00350556
1.08304	0.00343189
1.09441	0.00328444
1.12198	0.00350861
1.14639	0.00501104
 FCN=9.51186 FROM MIGRAD    STATUS=CONVERGED      36 CALLS          37 TOTAL
                     EDM=5.71895e-16    STRATEGY= 1      ERROR MATRIX ACCURATE 
  EXT PARAMETER                                   STEP         FIRST   
  NO.   NAME      VALUE            ERROR          SIZE      DERIVATIVE 
   1  p0           1.06665e+00   1.77935e-03   2.03106e-06   5.82917e-06
   2  p1           2.22678e-02   1.25628e-03   1.43400e-06   3.19750e-05
SaveSource cannot open file: /home/zhangfy/nl_target/toyMC/results/data_14720.C
1.07029	0.00393397
1.07295	0.00353016
1.06462	0.00347371
1.08281	0.00352027
1.0734	0.00340134
1.09151	0.00327573
1.1148	0.00348616
1.15578	0.00505206
 FCN=16.7886 FROM MIGRAD    STATUS=CONVERGED      36 CALLS          37 TOTAL
                     EDM=2.55052e-17    STRATEGY= 1      ERROR MATRIX ACCURATE 
  EXT PARAMETER                                   STEP         FIRST   
  NO.   NAME      VALUE            ERROR          SIZE      DERIVATIVE 
   1  p0           1.06441e+00   1.77852e-03   2.63783e-06  -5.50853e-06
   2  p1           2.27479e-02   1.25839e-03   1.86639e-06  -6.28162e-06
SaveSource cannot open file: /home/zhangfy/nl_target/toyMC/results/data_14721.C
1.07066	0.00393531
1.06527	0.0035049
1.08072	0.00352623
1.07962	0.00350989
1.07871	0.00341814
1.09225	0.00327796
1.12038	0.00350359
1.15355	0.00504233
 FCN=9.125 FROM MIGRAD    STATUS=CONVERGED      36 CALLS          37 TOTAL
                     EDM=1.2824e-15    STRATEGY= 1      ERROR MATRIX ACCURATE 
  EXT PARAMETER                                   STEP         FIRST   
  NO.   NAME      VALUE            ERROR          SIZE      DERIVATIVE 
   1  p0           1.06668e+00   1.78135e-03   1.99418e-06   2.69792e-05
   2  p1           2.27166e-02   1.25961e-03   1.41011e-06  -2.88163e-06
SaveSource cannot open file: /home/zhangfy/nl_target/toyMC/results/data_14722.C
1.07761	0.00396088
1.07354	0.00353209
1.07317	0.00350158
1.08288	0.0035205
1.08167	0.00342754
1.0955	0.00328771
1.10947	0.00346948
1.13971	0.00498184
 FCN=7.58624 FROM MIGRAD    STATUS=CONVERGED      36 CALLS          37 TOTAL
                     EDM=2.39512e-15    STRATEGY= 1      ERROR MATRIX ACCURATE 
  EXT PARAMETER                                   STEP         FIRST   
  NO.   NAME      VALUE            ERROR          SIZE      DERIVATIVE 
   1  p0           1.07187e+00   1.78367e-03   1.83622e-06   3.56848e-05
   2  p1           1.72416e-02   1.25013e-03   1.28696e-06  -6.15083e-06
SaveSource cannot open file: /home/zhangfy/nl_target/toyMC/results/data_14723.C
1.06495	0.00391435
1.07119	0.00352439
1.07974	0.00352302
1.08229	0.00351856
1.08006	0.00342244
1.09132	0.00327516
1.11828	0.00349702
1.15	0.0050268
 FCN=7.00121 FROM MIGRAD    STATUS=CONVERGED      36 CALLS          37 TOTAL
                     EDM=1.87162e-15    STRATEGY= 1      ERROR MATRIX ACCURATE 
  EXT PARAMETER                                   STEP         FIRST   
  NO.   NAME      VALUE            ERROR          SIZE      DERIVATIVE 
   1  p0           1.06785e+00   1.78175e-03   1.77268e-06  -1.44123e-05
   2  p1           2.14646e-02   1.25726e-03   1.25087e-06   3.22186e-05
SaveSource cannot open file: /home/zhangfy/nl_target/toyMC/results/data_14724.C
1.06667	0.00392068
1.06719	0.00351121
1.07588	0.00351043
1.08302	0.00352094
1.08351	0.00343335
1.09693	0.00329199
1.1165	0.00349146
1.14727	0.0050149
 FCN=9.57258 FROM MIGRAD    STATUS=CONVERGED      36 CALLS          37 TOTAL
                     EDM=1.0423e-15    STRATEGY= 1      ERROR MATRIX ACCURATE 
  EXT PARAMETER                                   STEP         FIRST   
  NO.   NAME      VALUE            ERROR          SIZE      DERIVATIVE 
   1  p0           1.06833e+00   1.78077e-03   2.03802e-06   4.75027e-06
   2  p1           2.11382e-02   1.25494e-03   1.43622e-06  -3.13845e-05
SaveSource cannot open file: /home/zhangfy/nl_target/toyMC/results/data_14725.C
1.07469	0.00395014
1.07181	0.00352642
1.07254	0.00349953
1.08301	0.0035209
1.07563	0.00340838
1.09731	0.00329313
1.12078	0.00350485
1.1431	0.00499666
 FCN=8.76388 FROM MIGRAD    STATUS=CONVERGED      36 CALLS          37 TOTAL
                     EDM=1.11972e-15    STRATEGY= 1      ERROR MATRIX ACCURATE 
  EXT PARAMETER                                   STEP         FIRST   
  NO.   NAME      VALUE            ERROR          SIZE      DERIVATIVE 
   1  p0           1.06894e+00   1.78160e-03   1.95902e-06   1.77951e-05
   2  p1           2.07826e-02   1.25493e-03   1.37991e-06  -1.55088e-05
SaveSource cannot open file: /home/zhangfy/nl_target/toyMC/results/data_14726.C
1.07042	0.00393446
1.07079	0.00352305
1.06919	0.00348861
1.07273	0.0034875
1.07557	0.00340819
1.09979	0.00330057
1.12119	0.00350614
1.15262	0.00503828
 FCN=11.9297 FROM MIGRAD    STATUS=CONVERGED      36 CALLS          37 TOTAL
                     EDM=2.00444e-16    STRATEGY= 1      ERROR MATRIX ACCURATE 
  EXT PARAMETER                                   STEP         FIRST   
  NO.   NAME      VALUE            ERROR          SIZE      DERIVATIVE 
   1  p0           1.06451e+00   1.77794e-03   2.25138e-06   1.33046e-05
   2  p1           2.38955e-02   1.25882e-03   1.59402e-06   4.69157e-06
SaveSource cannot open file: /home/zhangfy/nl_target/toyMC/results/data_14727.C
1.06431	0.00391199
1.06566	0.00350618
1.08179	0.00352973
1.07968	0.0035101
1.07993	0.00342201
1.08707	0.00326241
1.11406	0.00348382
1.15382	0.0050435
 FCN=16.8975 FROM MIGRAD    STATUS=CONVERGED      36 CALLS          37 TOTAL
                     EDM=1.61958e-16    STRATEGY= 1      ERROR MATRIX ACCURATE 
  EXT PARAMETER                                   STEP         FIRST   
  NO.   NAME      VALUE            ERROR          SIZE      DERIVATIVE 
   1  p0           1.06564e+00   1.77959e-03   2.64665e-06  -4.76197e-06
   2  p1           2.17913e-02   1.25726e-03   1.86983e-06  -1.81452e-05
SaveSource cannot open file: /home/zhangfy/nl_target/toyMC/results/data_14728.C
1.06874	0.00392827
1.07528	0.00353785
1.07293	0.00350079
1.08231	0.00351863
1.08562	0.00344006
1.0901	0.00327151
1.11862	0.0034981
1.14468	0.00500356
 FCN=3.20919 FROM MIGRAD    STATUS=CONVERGED      36 CALLS          37 TOTAL
                     EDM=5.71134e-15    STRATEGY= 1      ERROR MATRIX ACCURATE 
  EXT PARAMETER                                   STEP         FIRST   
  NO.   NAME      VALUE            ERROR          SIZE      DERIVATIVE 
   1  p0           1.06941e+00   1.78253e-03   1.28616e-06  -2.89606e-06
   2  p1           2.02239e-02   1.25502e-03   9.05544e-07   8.22543e-05
SaveSource cannot open file: /home/zhangfy/nl_target/toyMC/results/data_14729.C
1.06769	0.00392443
1.06883	0.00351661
1.07163	0.00349656
1.07688	0.00350098
1.07733	0.00341376
1.09345	0.00328156
1.11761	0.00349493
1.14745	0.00501567
 FCN=2.37771 FROM MIGRAD    STATUS=CONVERGED      36 CALLS          37 TOTAL
                     EDM=2.87334e-17    STRATEGY= 1      ERROR MATRIX ACCURATE 
  EXT PARAMETER                                   STEP         FIRST   
  NO.   NAME      VALUE            ERROR          SIZE      DERIVATIVE 
   1  p0           1.06510e+00   1.77725e-03   1.14950e-06   1.89745e-06
   2  p1           2.20976e-02   1.25500e-03   8.11711e-07   7.58421e-06
SaveSource cannot open file: /home/zhangfy/nl_target/toyMC/results/data_14730.C
1.06297	0.00390706
1.07562	0.00353896
1.07651	0.00351249
1.07898	0.0035078
1.08151	0.00342704
1.08875	0.00326746
1.12055	0.00350414
1.15864	0.00506457
 FCN=9.04396 FROM MIGRAD    STATUS=CONVERGED      36 CALLS          37 TOTAL
                     EDM=2.39552e-15    STRATEGY= 1      ERROR MATRIX ACCURATE 
  EXT PARAMETER                                   STEP         FIRST   
  NO.   NAME      VALUE            ERROR          SIZE      DERIVATIVE 
   1  p0           1.06607e+00   1.78202e-03   1.98636e-06   4.47138e-05
   2  p1           2.34565e-02   1.26219e-03   1.40692e-06   1.31372e-05
SaveSource cannot open file: /home/zhangfy/nl_target/toyMC/results/data_14731.C
1.06922	0.00393003
1.07168	0.00352599
1.07511	0.00350792
1.07631	0.00349914
1.07976	0.00342148
1.09254	0.00327883
1.12353	0.00351346
1.14778	0.00501709
 FCN=1.12841 FROM MIGRAD    STATUS=CONVERGED      36 CALLS          37 TOTAL
                     EDM=8.50697e-16    STRATEGY= 1      ERROR MATRIX ACCURATE 
  EXT PARAMETER                                   STEP         FIRST   
  NO.   NAME      VALUE            ERROR          SIZE      DERIVATIVE 
   1  p0           1.06667e+00   1.78020e-03   9.14110e-07   1.62333e-05
   2  p1           2.24786e-02   1.25773e-03   6.45827e-07  -1.23808e-05
SaveSource cannot open file: /home/zhangfy/nl_target/toyMC/results/data_14732.C
1.07365	0.00394633
1.06689	0.00351023
1.06797	0.00348461
1.08176	0.00351686
1.08169	0.0034276
1.09628	0.00329004
1.11807	0.00349637
1.14584	0.00500861
 FCN=9.32437 FROM MIGRAD    STATUS=CONVERGED      36 CALLS          37 TOTAL
                     EDM=1.66991e-16    STRATEGY= 1      ERROR MATRIX ACCURATE 
  EXT PARAMETER                                   STEP         FIRST   
  NO.   NAME      VALUE            ERROR          SIZE      DERIVATIVE 
   1  p0           1.06722e+00   1.77934e-03   2.01253e-06   4.99801e-06
   2  p1           2.14836e-02   1.25465e-03   1.41907e-06  -8.72798e-06
SaveSource cannot open file: /home/zhangfy/nl_target/toyMC/results/data_14733.C
1.07403	0.00394771
1.07281	0.0035297
1.0741	0.00350461
1.0833	0.00352184
1.08149	0.00342697
1.09181	0.00327663
1.1224	0.0035099
1.14398	0.0050005
 FCN=1.60547 FROM MIGRAD    STATUS=CONVERGED      38 CALLS          39 TOTAL
                     EDM=1.18004e-16    STRATEGY= 1      ERROR MATRIX ACCURATE 
  EXT PARAMETER                                   STEP         FIRST   
  NO.   NAME      VALUE            ERROR          SIZE      DERIVATIVE 
   1  p0           1.06964e+00   1.78312e-03   1.01252e-06   7.09614e-06
   2  p1           2.06745e-02   1.25614e-03   7.13279e-07   1.68297e-05
SaveSource cannot open file: /home/zhangfy/nl_target/toyMC/results/data_14734.C
1.07324	0.00394483
1.06921	0.00351788
1.06629	0.00347915
1.08469	0.00352639
1.07807	0.00341613
1.09379	0.00328257
1.11518	0.00348733
1.14341	0.00499803
 FCN=11.3451 FROM MIGRAD    STATUS=CONVERGED      36 CALLS          37 TOTAL
                     EDM=9.38325e-16    STRATEGY= 1      ERROR MATRIX ACCURATE 
  EXT PARAMETER                                   STEP         FIRST   
  NO.   NAME      VALUE            ERROR          SIZE      DERIVATIVE 
   1  p0           1.06725e+00   1.77879e-03   2.19868e-06  -9.39005e-06
   2  p1           2.04267e-02   1.25257e-03   1.54825e-06   2.39764e-05
SaveSource cannot open file: /home/zhangfy/nl_target/toyMC/results/data_14735.C
1.07395	0.00394742
1.06932	0.00351824
1.07479	0.00350689
1.07638	0.00349936
1.0811	0.00342572
1.09435	0.00328425
1.1178	0.00349552
1.14867	0.00502101
 FCN=3.67567 FROM MIGRAD    STATUS=CONVERGED      36 CALLS          37 TOTAL
                     EDM=1.59508e-15    STRATEGY= 1      ERROR MATRIX ACCURATE 
  EXT PARAMETER                                   STEP         FIRST   
  NO.   NAME      VALUE            ERROR          SIZE      DERIVATIVE 
   1  p0           1.06769e+00   1.78118e-03   1.35477e-06   2.33309e-06
   2  p1           2.13456e-02   1.25653e-03   9.55716e-07   4.71811e-05
SaveSource cannot open file: /home/zhangfy/nl_target/toyMC/results/data_14736.C
1.0723	0.00394135
1.07881	0.00354944
1.07447	0.00350584
1.08184	0.0035171
1.07762	0.00341471
1.09215	0.00327766
1.1164	0.00349114
1.14649	0.00501148
 FCN=5.3253 FROM MIGRAD    STATUS=CONVERGED      36 CALLS          37 TOTAL
                     EDM=1.29996e-15    STRATEGY= 1      ERROR MATRIX ACCURATE 
  EXT PARAMETER                                   STEP         FIRST   
  NO.   NAME      VALUE            ERROR          SIZE      DERIVATIVE 
   1  p0           1.06987e+00   1.78385e-03   1.57666e-06  -6.95147e-06
   2  p1           1.97495e-02   1.25577e-03   1.10991e-06  -4.68331e-05
SaveSource cannot open file: /home/zhangfy/nl_target/toyMC/results/data_14737.C
1.07228	0.00394127
1.06983	0.00351989
1.07302	0.00350112
1.07963	0.00350993
1.08725	0.00344521
1.08362	0.00325204
1.11482	0.00348621
1.15371	0.00504302
 FCN=13.6056 FROM MIGRAD    STATUS=CONVERGED      36 CALLS          37 TOTAL
                     EDM=1.02844e-15    STRATEGY= 1      ERROR MATRIX ACCURATE 
  EXT PARAMETER                                   STEP         FIRST   
  NO.   NAME      VALUE            ERROR          SIZE      DERIVATIVE 
   1  p0           1.06705e+00   1.78182e-03   2.39271e-06  -7.19576e-06
   2  p1           2.11914e-02   1.25802e-03   1.68932e-06   2.82202e-05
SaveSource cannot open file: /home/zhangfy/nl_target/toyMC/results/data_14738.C
1.0702	0.00393364
1.07424	0.00353441
1.07253	0.00349952
1.07312	0.00348876
1.08409	0.00343519
1.09301	0.00328023
1.12464	0.00351691
1.15547	0.00505073
 FCN=4.05977 FROM MIGRAD    STATUS=CONVERGED      36 CALLS          37 TOTAL
                     EDM=1.7081e-16    STRATEGY= 1      ERROR MATRIX ACCURATE 
  EXT PARAMETER                                   STEP         FIRST   
  NO.   NAME      VALUE            ERROR          SIZE      DERIVATIVE 
   1  p0           1.06628e+00   1.78174e-03   1.41065e-06  -1.43869e-05
   2  p1           2.38867e-02   1.26204e-03   9.99192e-07  -1.37335e-05
SaveSource cannot open file: /home/zhangfy/nl_target/toyMC/results/data_14739.C
1.07072	0.00393555
1.07521	0.0035376
1.0739	0.00350398
1.07792	0.00350435
1.07421	0.00340389
1.09335	0.00328125
1.11692	0.00349277
1.14352	0.0049985
 FCN=5.61694 FROM MIGRAD    STATUS=CONVERGED      36 CALLS          37 TOTAL
                     EDM=3.14868e-16    STRATEGY= 1      ERROR MATRIX ACCURATE 
  EXT PARAMETER                                   STEP         FIRST   
  NO.   NAME      VALUE            ERROR          SIZE      DERIVATIVE 
   1  p0           1.06766e+00   1.78009e-03   1.61012e-06  -3.71932e-06
   2  p1           2.02991e-02   1.25377e-03   1.13405e-06   1.59869e-05
SaveSource cannot open file: /home/zhangfy/nl_target/toyMC/results/data_14740.C
1.0702	0.00393362
1.07209	0.00352735
1.07286	0.00350059
1.08176	0.00351685
1.08273	0.00343087
1.09339	0.00328138
1.11663	0.00349187
1.14337	0.00499782
 FCN=1.99079 FROM MIGRAD    STATUS=CONVERGED      36 CALLS          37 TOTAL
                     EDM=8.09093e-17    STRATEGY= 1      ERROR MATRIX ACCURATE 
  EXT PARAMETER                                   STEP         FIRST   
  NO.   NAME      VALUE            ERROR          SIZE      DERIVATIVE 
   1  p0           1.06900e+00   1.78126e-03   1.08355e-06  -5.95517e-06
   2  p1           2.00308e-02   1.25350e-03   7.62508e-07   2.24372e-06
SaveSource cannot open file: /home/zhangfy/nl_target/toyMC/results/data_14741.C
1.0752	0.00395201
1.06744	0.00351204
1.0804	0.00352517
1.07887	0.00350745
1.07977	0.0034215
1.08998	0.00327114
1.12081	0.00350494
1.14801	0.00501812
 FCN=6.75537 FROM MIGRAD    STATUS=CONVERGED      36 CALLS          37 TOTAL
                     EDM=4.50284e-15    STRATEGY= 1      ERROR MATRIX ACCURATE 
  EXT PARAMETER                                   STEP         FIRST   
  NO.   NAME      VALUE            ERROR          SIZE      DERIVATIVE 
   1  p0           1.06825e+00   1.78245e-03   1.74554e-06  -1.00748e-06
   2  p1           2.12464e-02   1.25753e-03   1.23149e-06   7.44660e-05
SaveSource cannot open file: /home/zhangfy/nl_target/toyMC/results/data_14742.C
1.07588	0.00395453
1.07498	0.00353686
1.07144	0.00349594
1.07838	0.00350587
1.07895	0.00341891
1.09053	0.0032728
1.11949	0.00350082
1.14099	0.00498744
 FCN=3.11167 FROM MIGRAD    STATUS=CONVERGED      36 CALLS          37 TOTAL
                     EDM=3.26407e-15    STRATEGY= 1      ERROR MATRIX ACCURATE 
  EXT PARAMETER                                   STEP         FIRST   
  NO.   NAME      VALUE            ERROR          SIZE      DERIVATIVE 
   1  p0           1.06876e+00   1.78131e-03   1.27001e-06   1.40166e-05
   2  p1           1.98672e-02   1.25366e-03   8.93817e-07  -4.90138e-05
SaveSource cannot open file: /home/zhangfy/nl_target/toyMC/results/data_14743.C
1.06995	0.00393272
1.06263	0.00349621
1.07491	0.00350728
1.07764	0.00350346
1.08689	0.00344407
1.08429	0.00325405
1.11537	0.00348794
1.14909	0.00502284
 FCN=14.3534 FROM MIGRAD    STATUS=CONVERGED      36 CALLS          37 TOTAL
                     EDM=6.10908e-16    STRATEGY= 1      ERROR MATRIX ACCURATE 
  EXT PARAMETER                                   STEP         FIRST   
  NO.   NAME      VALUE            ERROR          SIZE      DERIVATIVE 
   1  p0           1.06542e+00   1.77819e-03   2.45004e-06  -5.92712e-06
   2  p1           2.14318e-02   1.25513e-03   1.72935e-06  -3.30110e-05
SaveSource cannot open file: /home/zhangfy/nl_target/toyMC/results/data_14744.C
1.07209	0.00394057
1.06468	0.00350297
1.07243	0.00349916
1.08037	0.00351233
1.08477	0.00343735
1.08876	0.00326749
1.12409	0.00351521
1.15318	0.00504073
 FCN=6.09722 FROM MIGRAD    STATUS=CONVERGED      36 CALLS          37 TOTAL
                     EDM=2.49591e-16    STRATEGY= 1      ERROR MATRIX ACCURATE 
  EXT PARAMETER                                   STEP         FIRST   
  NO.   NAME      VALUE            ERROR          SIZE      DERIVATIVE 
   1  p0           1.06562e+00   1.78009e-03   1.66934e-06  -1.53604e-05
   2  p1           2.36536e-02   1.26024e-03   1.18183e-06  -6.69046e-06
SaveSource cannot open file: /home/zhangfy/nl_target/toyMC/results/data_14745.C
1.06698	0.00392179
1.06857	0.00351576
1.0761	0.00351117
1.07003	0.00347871
1.08099	0.00342538
1.09303	0.00328028
1.1201	0.00350272
1.1538	0.00504341
 FCN=7.38287 FROM MIGRAD    STATUS=CONVERGED      36 CALLS          37 TOTAL
                     EDM=2.72573e-15    STRATEGY= 1      ERROR MATRIX ACCURATE 
  EXT PARAMETER                                   STEP         FIRST   
  NO.   NAME      VALUE            ERROR          SIZE      DERIVATIVE 
   1  p0           1.06440e+00   1.77828e-03   1.81210e-06   5.01289e-06
   2  p1           2.35751e-02   1.25905e-03   1.28299e-06  -5.35127e-05
SaveSource cannot open file: /home/zhangfy/nl_target/toyMC/results/data_14746.C
1.06998	0.00393283
1.07573	0.00353932
1.06357	0.00347028
1.07485	0.00349439
1.08624	0.00344201
1.09208	0.00327745
1.11555	0.00348851
1.14316	0.00499689
 FCN=13.882 FROM MIGRAD    STATUS=CONVERGED      34 CALLS          35 TOTAL
                     EDM=8.29599e-16    STRATEGY= 1      ERROR MATRIX ACCURATE 
  EXT PARAMETER                                   STEP         FIRST   
  NO.   NAME      VALUE            ERROR          SIZE      DERIVATIVE 
   1  p0           1.06690e+00   1.77837e-03   2.41348e-06   1.44793e-05
   2  p1           2.05189e-02   1.25250e-03   1.69981e-06  -1.46958e-05
SaveSource cannot open file: /home/zhangfy/nl_target/toyMC/results/data_14747.C
1.07455	0.00394962
1.07515	0.00353741
1.07327	0.00350192
1.08174	0.00351677
1.0822	0.0034292
1.09878	0.00329756
1.11648	0.0034914
1.15493	0.00504837
 FCN=8.69254 FROM MIGRAD    STATUS=CONVERGED      36 CALLS          37 TOTAL
                     EDM=4.86072e-16    STRATEGY= 1      ERROR MATRIX ACCURATE 
  EXT PARAMETER                                   STEP         FIRST   
  NO.   NAME      VALUE            ERROR          SIZE      DERIVATIVE 
   1  p0           1.07009e+00   1.78558e-03   1.95489e-06  -1.57655e-05
   2  p1           2.13468e-02   1.25986e-03   1.37932e-06   3.30011e-06
SaveSource cannot open file: /home/zhangfy/nl_target/toyMC/results/data_14748.C
1.06787	0.00392507
1.07323	0.00353108
1.07244	0.00349921
1.07335	0.0034895
1.07989	0.0034219
1.0856	0.00325799
1.1199	0.0035021
1.1423	0.00499315
 FCN=3.13587 FROM MIGRAD    STATUS=CONVERGED      36 CALLS          37 TOTAL
                     EDM=3.17215e-17    STRATEGY= 1      ERROR MATRIX ACCURATE 
  EXT PARAMETER                                   STEP         FIRST   
  NO.   NAME      VALUE            ERROR          SIZE      DERIVATIVE 
   1  p0           1.06543e+00   1.77736e-03   1.27125e-06  -5.95525e-06
   2  p1           2.11050e-02   1.25355e-03   8.96596e-07  -7.69705e-06
SaveSource cannot open file: /home/zhangfy/nl_target/toyMC/results/data_14749.C
1.06771	0.00392449
1.07414	0.00353408
1.07333	0.00350212
1.07914	0.00350833
1.08324	0.00343251
1.09055	0.00327286
1.12155	0.00350726
1.14876	0.0050214
 FCN=1.30933 FROM MIGRAD    STATUS=CONVERGED      36 CALLS          37 TOTAL
                     EDM=3.17889e-17    STRATEGY= 1      ERROR MATRIX ACCURATE 
  EXT PARAMETER                                   STEP         FIRST   
  NO.   NAME      VALUE            ERROR          SIZE      DERIVATIVE 
   1  p0           1.06748e+00   1.78131e-03   9.52431e-07   6.02338e-06
   2  p1           2.19486e-02   1.25769e-03   6.72462e-07   7.46575e-06
SaveSource cannot open file: /home/zhangfy/nl_target/toyMC/results/data_14750.C
1.07346	0.00394561
1.0668	0.00350994
1.06992	0.00349099
1.07828	0.00350552
1.08801	0.00344762
1.09072	0.00327335
1.11858	0.00349795
1.14654	0.00501167
 FCN=8.1862 FROM MIGRAD    STATUS=CONVERGED      36 CALLS          37 TOTAL
                     EDM=2.00716e-16    STRATEGY= 1      ERROR MATRIX ACCURATE 
  EXT PARAMETER                                   STEP         FIRST   
  NO.   NAME      VALUE            ERROR          SIZE      DERIVATIVE 
   1  p0           1.06724e+00   1.77990e-03   1.89821e-06   8.58604e-06
   2  p1           2.13716e-02   1.25527e-03   1.33871e-06  -4.89300e-06
SaveSource cannot open file: /home/zhangfy/nl_target/toyMC/results/data_14751.C
1.07454	0.00394959
1.07178	0.00352631
1.06542	0.00347629
1.07611	0.00349847
1.08181	0.00342797
1.08941	0.00326942
1.11874	0.00349847
1.1464	0.00501109
 FCN=6.54246 FROM MIGRAD    STATUS=CONVERGED      36 CALLS          37 TOTAL
                     EDM=2.68892e-16    STRATEGY= 1      ERROR MATRIX ACCURATE 
  EXT PARAMETER                                   STEP         FIRST   
  NO.   NAME      VALUE            ERROR          SIZE      DERIVATIVE 
   1  p0           1.06585e+00   1.77853e-03   1.71815e-06  -1.57472e-05
   2  p1           2.15952e-02   1.25528e-03   1.21267e-06  -2.45818e-05
SaveSource cannot open file: /home/zhangfy/nl_target/toyMC/results/data_14752.C
1.07472	0.00395025
1.07657	0.00354209
1.07677	0.00351335
1.08154	0.00351612
1.07652	0.00341121
1.09397	0.0032831
1.11038	0.00347232
1.14697	0.00501357
 FCN=10.2832 FROM MIGRAD    STATUS=CONVERGED      36 CALLS          37 TOTAL
                     EDM=4.51946e-16    STRATEGY= 1      ERROR MATRIX ACCURATE 
  EXT PARAMETER                                   STEP         FIRST   
  NO.   NAME      VALUE            ERROR          SIZE      DERIVATIVE 
   1  p0           1.07060e+00   1.78435e-03   2.10498e-06  -1.77215e-06
   2  p1           1.85599e-02   1.25419e-03   1.47955e-06   2.21512e-05
SaveSource cannot open file: /home/zhangfy/nl_target/toyMC/results/data_14753.C
1.07661	0.0039572
1.07873	0.00354917
1.07151	0.00349618
1.07841	0.00350595
1.07604	0.00340969
1.09629	0.00329008
1.11182	0.00347684
1.14999	0.00502678
 FCN=16.1471 FROM MIGRAD    STATUS=CONVERGED      36 CALLS          37 TOTAL
                     EDM=1.57882e-15    STRATEGY= 1      ERROR MATRIX ACCURATE 
  EXT PARAMETER                                   STEP         FIRST   
  NO.   NAME      VALUE            ERROR          SIZE      DERIVATIVE 
   1  p0           1.06951e+00   1.78378e-03   2.59497e-06  -8.10835e-06
   2  p1           1.96940e-02   1.25602e-03   1.82722e-06  -5.19622e-05
SaveSource cannot open file: /home/zhangfy/nl_target/toyMC/results/data_14754.C
1.06944	0.00393085
1.06815	0.00351439
1.07889	0.00352027
1.0779	0.0035043
1.07815	0.00341636
1.08761	0.00326402
1.12048	0.00350391
1.13965	0.00498159
 FCN=5.15693 FROM MIGRAD    STATUS=CONVERGED      36 CALLS          37 TOTAL
                     EDM=1.84676e-15    STRATEGY= 1      ERROR MATRIX ACCURATE 
  EXT PARAMETER                                   STEP         FIRST   
  NO.   NAME      VALUE            ERROR          SIZE      DERIVATIVE 
   1  p0           1.06705e+00   1.77867e-03   1.55242e-06   1.31589e-05
   2  p1           2.04055e-02   1.25264e-03   1.09330e-06  -3.36531e-05
SaveSource cannot open file: /home/zhangfy/nl_target/toyMC/results/data_14755.C
1.06859	0.00392773
1.07196	0.00352692
1.07469	0.00350655
1.07726	0.00350222
1.08223	0.00342932
1.09214	0.00327761
1.11725	0.00349382
1.14567	0.00500787
 FCN=1.25169 FROM MIGRAD    STATUS=CONVERGED      36 CALLS          37 TOTAL
                     EDM=1.49597e-16    STRATEGY= 1      ERROR MATRIX ACCURATE 
  EXT PARAMETER                                   STEP         FIRST   
  NO.   NAME      VALUE            ERROR          SIZE      DERIVATIVE 
   1  p0           1.06767e+00   1.78030e-03   9.39676e-07   1.28663e-05
   2  p1           2.07971e-02   1.25466e-03   6.62234e-07   8.52743e-06
SaveSource cannot open file: /home/zhangfy/nl_target/toyMC/results/data_14756.C
1.0743	0.00394871
1.07449	0.00353522
1.07629	0.00351177
1.07628	0.00349902
1.0829	0.00343143
1.09044	0.00327252
1.11537	0.00348794
1.14093	0.00498718
 FCN=1.574 FROM MIGRAD    STATUS=CONVERGED      38 CALLS          39 TOTAL
                     EDM=8.63732e-17    STRATEGY= 1      ERROR MATRIX ACCURATE 
  EXT PARAMETER                                   STEP         FIRST   
  NO.   NAME      VALUE            ERROR          SIZE      DERIVATIVE 
   1  p0           1.06997e+00   1.78246e-03   1.00498e-06  -8.59321e-06
   2  p1           1.87573e-02   1.25250e-03   7.06177e-07  -2.77643e-06
SaveSource cannot open file: /home/zhangfy/nl_target/toyMC/results/data_14757.C
1.06406	0.00391108
1.07015	0.00352096
1.07609	0.00351111
1.07864	0.0035067
1.08049	0.00342379
1.08865	0.00326715
1.11563	0.00348876
1.14869	0.0050211
 FCN=4.68879 FROM MIGRAD    STATUS=CONVERGED      36 CALLS          37 TOTAL
                     EDM=1.35763e-16    STRATEGY= 1      ERROR MATRIX ACCURATE 
  EXT PARAMETER                                   STEP         FIRST   
  NO.   NAME      VALUE            ERROR          SIZE      DERIVATIVE 
   1  p0           1.06594e+00   1.77873e-03   1.49200e-06  -4.44388e-06
   2  p1           2.13808e-02   1.25521e-03   1.05287e-06   7.95075e-06
SaveSource cannot open file: /home/zhangfy/nl_target/toyMC/results/data_14758.C
1.07057	0.003935
1.07261	0.00352903
1.0742	0.00350495
1.07465	0.00349374
1.08087	0.003425
1.09543	0.00328749
1.11758	0.00349484
1.14525	0.00500606
 FCN=3.7152 FROM MIGRAD    STATUS=CONVERGED      36 CALLS          37 TOTAL
                     EDM=1.27076e-16    STRATEGY= 1      ERROR MATRIX ACCURATE 
  EXT PARAMETER                                   STEP         FIRST   
  NO.   NAME      VALUE            ERROR          SIZE      DERIVATIVE 
   1  p0           1.06780e+00   1.78034e-03   1.36005e-06   5.77538e-06
   2  p1           2.08753e-02   1.25465e-03   9.58465e-07  -5.56811e-06
SaveSource cannot open file: /home/zhangfy/nl_target/toyMC/results/data_14759.C
1.07131	0.00393773
1.06583	0.00350675
1.06751	0.00348313
1.07983	0.00351056
1.08071	0.00342448
1.09046	0.00327258
1.12456	0.00351666
1.14987	0.00502625
 FCN=4.1903 FROM MIGRAD    STATUS=CONVERGED      36 CALLS          37 TOTAL
                     EDM=2.52658e-16    STRATEGY= 1      ERROR MATRIX ACCURATE 
  EXT PARAMETER                                   STEP         FIRST   
  NO.   NAME      VALUE            ERROR          SIZE      DERIVATIVE 
   1  p0           1.06433e+00   1.77752e-03   1.42609e-06   1.51576e-05
   2  p1           2.38207e-02   1.25834e-03   1.00956e-06   5.85045e-06
SaveSource cannot open file: /home/zhangfy/nl_target/toyMC/results/data_14760.C
1.07128	0.00393762
1.06885	0.00351668
1.0693	0.00348896
1.07956	0.00350969
1.07378	0.00340253
1.08695	0.00326205
1.11178	0.00347671
1.15307	0.00504024
 FCN=10.5215 FROM MIGRAD    STATUS=CONVERGED      36 CALLS          37 TOTAL
                     EDM=2.97793e-17    STRATEGY= 1      ERROR MATRIX ACCURATE 
  EXT PARAMETER                                   STEP         FIRST   
  NO.   NAME      VALUE            ERROR          SIZE      DERIVATIVE 
   1  p0           1.06400e+00   1.77738e-03   2.12010e-06   1.62965e-06
   2  p1           2.16920e-02   1.25602e-03   1.49821e-06   7.51705e-06
SaveSource cannot open file: /home/zhangfy/nl_target/toyMC/results/data_14761.C
1.07038	0.00393431
1.07275	0.0035295
1.0737	0.00350331
1.07432	0.00349266
1.08726	0.00344524
1.09259	0.00327897
1.11517	0.00348729
1.14393	0.00500026
 FCN=6.1061 FROM MIGRAD    STATUS=CONVERGED      36 CALLS          37 TOTAL
                     EDM=3.1301e-17    STRATEGY= 1      ERROR MATRIX ACCURATE 
  EXT PARAMETER                                   STEP         FIRST   
  NO.   NAME      VALUE            ERROR          SIZE      DERIVATIVE 
   1  p0           1.06868e+00   1.78092e-03   1.66955e-06  -2.99508e-06
   2  p1           1.99091e-02   1.25326e-03   1.17489e-06   2.56650e-06
SaveSource cannot open file: /home/zhangfy/nl_target/toyMC/results/data_14762.C
1.06466	0.00391328
1.06887	0.00351673
1.0732	0.00350168
1.0739	0.00349129
1.08237	0.00342975
1.08388	0.00325283
1.11176	0.00347664
1.14188	0.00499131
 FCN=5.07042 FROM MIGRAD    STATUS=CONVERGED      36 CALLS          37 TOTAL
                     EDM=4.98547e-16    STRATEGY= 1      ERROR MATRIX ACCURATE 
  EXT PARAMETER                                   STEP         FIRST   
  NO.   NAME      VALUE            ERROR          SIZE      DERIVATIVE 
   1  p0           1.06481e+00   1.77539e-03   1.53763e-06  -6.82468e-06
   2  p1           1.99271e-02   1.25014e-03   1.08272e-06   1.75487e-05
SaveSource cannot open file: /home/zhangfy/nl_target/toyMC/results/data_14763.C
1.0685	0.00392738
1.0691	0.00351751
1.07442	0.00350566
1.07114	0.0034823
1.0795	0.00342066
1.09664	0.00329113
1.11942	0.00350058
1.15029	0.00502808
 FCN=7.72635 FROM MIGRAD    STATUS=CONVERGED      36 CALLS          37 TOTAL
                     EDM=2.42629e-15    STRATEGY= 1      ERROR MATRIX ACCURATE 
  EXT PARAMETER                                   STEP         FIRST   
  NO.   NAME      VALUE            ERROR          SIZE      DERIVATIVE 
   1  p0           1.06526e+00   1.77825e-03   1.84918e-06  -2.87105e-06
   2  p1           2.28819e-02   1.25715e-03   1.30730e-06  -5.81483e-05
SaveSource cannot open file: /home/zhangfy/nl_target/toyMC/results/data_14764.C
1.06716	0.00392245
1.07069	0.00352273
1.07115	0.00349499
1.08072	0.00351348
1.07505	0.00340655
1.09157	0.00327591
1.12316	0.00351228
1.14257	0.00499432
 FCN=4.80683 FROM MIGRAD    STATUS=CONVERGED      36 CALLS          37 TOTAL
                     EDM=1.87193e-15    STRATEGY= 1      ERROR MATRIX ACCURATE 
  EXT PARAMETER                                   STEP         FIRST   
  NO.   NAME      VALUE            ERROR          SIZE      DERIVATIVE 
   1  p0           1.06556e+00   1.77729e-03   1.50780e-06   2.98282e-05
   2  p1           2.20865e-02   1.25449e-03   1.06428e-06  -8.80437e-06
SaveSource cannot open file: /home/zhangfy/nl_target/toyMC/results/data_14765.C
1.07371	0.00394655
1.07174	0.00352617
1.07494	0.00350737
1.0832	0.00352152
1.08239	0.0034298
1.09279	0.00327958
1.11554	0.00348846
1.14802	0.00501816
 FCN=3.38116 FROM MIGRAD    STATUS=CONVERGED      36 CALLS          37 TOTAL
                     EDM=1.42878e-15    STRATEGY= 1      ERROR MATRIX ACCURATE 
  EXT PARAMETER                                   STEP         FIRST   
  NO.   NAME      VALUE            ERROR          SIZE      DERIVATIVE 
   1  p0           1.06977e+00   1.78359e-03   1.31243e-06   7.68104e-06
   2  p1           2.00730e-02   1.25591e-03   9.24146e-07  -3.42625e-05
SaveSource cannot open file: /home/zhangfy/nl_target/toyMC/results/data_14766.C
1.07444	0.00394921
1.07286	0.00352986
1.07114	0.00349496
1.08176	0.00351684
1.07813	0.00341631
1.08877	0.0032675
1.11508	0.00348702
1.15311	0.00504042
 FCN=7.78703 FROM MIGRAD    STATUS=CONVERGED      36 CALLS          37 TOTAL
                     EDM=2.49561e-16    STRATEGY= 1      ERROR MATRIX ACCURATE 
  EXT PARAMETER                                   STEP         FIRST   
  NO.   NAME      VALUE            ERROR          SIZE      DERIVATIVE 
   1  p0           1.06721e+00   1.78195e-03   1.85620e-06  -1.01321e-05
   2  p1           2.12168e-02   1.25803e-03   1.31046e-06   4.48171e-06
SaveSource cannot open file: /home/zhangfy/nl_target/toyMC/results/data_14767.C
1.06873	0.00392822
1.07106	0.00352394
1.07399	0.00350425
1.08187	0.0035172
1.08023	0.00342296
1.09449	0.00328466
1.11383	0.0034831
1.14404	0.00500076
 FCN=4.55569 FROM MIGRAD    STATUS=CONVERGED      36 CALLS          37 TOTAL
                     EDM=2.56316e-16    STRATEGY= 1      ERROR MATRIX ACCURATE 
  EXT PARAMETER                                   STEP         FIRST   
  NO.   NAME      VALUE            ERROR          SIZE      DERIVATIVE 
   1  p0           1.06852e+00   1.78045e-03   1.47594e-06   3.19691e-06
   2  p1           1.98578e-02   1.25274e-03   1.03848e-06  -1.46229e-05
SaveSource cannot open file: /home/zhangfy/nl_target/toyMC/results/data_14768.C
1.07255	0.00394229
1.07495	0.00353674
1.07593	0.00351059
1.08274	0.00352005
1.07874	0.00341825
1.08961	0.00327002
1.11587	0.0034895
1.15624	0.00505408
 FCN=8.58968 FROM MIGRAD    STATUS=CONVERGED      36 CALLS          37 TOTAL
                     EDM=3.64234e-16    STRATEGY= 1      ERROR MATRIX ACCURATE 
  EXT PARAMETER                                   STEP         FIRST   
  NO.   NAME      VALUE            ERROR          SIZE      DERIVATIVE 
   1  p0           1.06846e+00   1.78448e-03   1.94157e-06  -1.19327e-05
   2  p1           2.13443e-02   1.26026e-03   1.37120e-06   5.89764e-06
SaveSource cannot open file: /home/zhangfy/nl_target/toyMC/results/data_14769.C
1.07354	0.00394592
1.0665	0.00350894
1.07322	0.00350174
1.07709	0.00350166
1.08128	0.00342631
1.09412	0.00328356
1.11823	0.00349686
1.14723	0.0050147
 FCN=4.45116 FROM MIGRAD    STATUS=CONVERGED      36 CALLS          37 TOTAL
                     EDM=9.38914e-17    STRATEGY= 1      ERROR MATRIX ACCURATE 
  EXT PARAMETER                                   STEP         FIRST   
  NO.   NAME      VALUE            ERROR          SIZE      DERIVATIVE 
   1  p0           1.06687e+00   1.77960e-03   1.46202e-06  -9.82632e-06
   2  p1           2.15869e-02   1.25556e-03   1.03150e-06  -5.36867e-06
SaveSource cannot open file: /home/zhangfy/nl_target/toyMC/results/data_14770.C
1.06917	0.00392984
1.0722	0.00352771
1.07406	0.00350449
1.07948	0.00350944
1.08114	0.00342586
1.09015	0.00327166
1.1245	0.00351646
1.13713	0.00497055
 FCN=4.4584 FROM MIGRAD    STATUS=CONVERGED      36 CALLS          37 TOTAL
                     EDM=5.01743e-16    STRATEGY= 1      ERROR MATRIX ACCURATE 
  EXT PARAMETER                                   STEP         FIRST   
  NO.   NAME      VALUE            ERROR          SIZE      DERIVATIVE 
   1  p0           1.06813e+00   1.77950e-03   1.46338e-06   7.95995e-06
   2  p1           2.05861e-02   1.25275e-03   1.03020e-06  -1.61005e-05
SaveSource cannot open file: /home/zhangfy/nl_target/toyMC/results/data_14771.C
1.07002	0.00393299
1.06902	0.00351724
1.07394	0.00350411
1.07847	0.00350615
1.08609	0.00344154
1.08924	0.00326892
1.12338	0.00351297
1.13543	0.00496313
 FCN=7.42125 FROM MIGRAD    STATUS=CONVERGED      36 CALLS          37 TOTAL
                     EDM=1.21829e-15    STRATEGY= 1      ERROR MATRIX ACCURATE 
  EXT PARAMETER                                   STEP         FIRST   
  NO.   NAME      VALUE            ERROR          SIZE      DERIVATIVE 
   1  p0           1.06836e+00   1.77910e-03   1.81735e-06   3.11193e-05
   2  p1           2.01483e-02   1.25137e-03   1.27827e-06   7.45201e-06
SaveSource cannot open file: /home/zhangfy/nl_target/toyMC/results/data_14772.C
1.07738	0.00396002
1.07095	0.0035236
1.07207	0.00349801
1.08053	0.00351283
1.08204	0.00342872
1.0936	0.00328202
1.11828	0.00349704
1.14755	0.00501612
 FCN=3.98494 FROM MIGRAD    STATUS=CONVERGED      36 CALLS          37 TOTAL
                     EDM=1.28882e-16    STRATEGY= 1      ERROR MATRIX ACCURATE 
  EXT PARAMETER                                   STEP         FIRST   
  NO.   NAME      VALUE            ERROR          SIZE      DERIVATIVE 
   1  p0           1.06907e+00   1.78285e-03   1.39987e-06   1.23127e-05
   2  p1           2.07389e-02   1.25650e-03   9.86593e-07   1.43421e-05
SaveSource cannot open file: /home/zhangfy/nl_target/toyMC/results/data_14773.C
1.08146	0.00397503
1.07417	0.00353418
1.07981	0.00352324
1.07505	0.00349503
1.07994	0.00342204
1.09846	0.0032966
1.11939	0.00350051
1.14106	0.00498771
 FCN=11.7725 FROM MIGRAD    STATUS=CONVERGED      36 CALLS          37 TOTAL
                     EDM=1.28015e-16    STRATEGY= 1      ERROR MATRIX ACCURATE 
  EXT PARAMETER                                   STEP         FIRST   
  NO.   NAME      VALUE            ERROR          SIZE      DERIVATIVE 
   1  p0           1.07208e+00   1.78552e-03   2.24354e-06  -4.72486e-06
   2  p1           1.90125e-02   1.25458e-03   1.57640e-06   7.13291e-06
SaveSource cannot open file: /home/zhangfy/nl_target/toyMC/results/data_14774.C
1.0763	0.00395607
1.0706	0.00352244
1.07687	0.00351367
1.0755	0.00349648
1.07869	0.00341808
1.092	0.00327721
1.11821	0.0034968
1.13567	0.00496419
 FCN=4.87378 FROM MIGRAD    STATUS=CONVERGED      36 CALLS          37 TOTAL
                     EDM=5.13302e-16    STRATEGY= 1      ERROR MATRIX ACCURATE 
  EXT PARAMETER                                   STEP         FIRST   
  NO.   NAME      VALUE            ERROR          SIZE      DERIVATIVE 
   1  p0           1.06924e+00   1.78037e-03   1.51723e-06  -1.17737e-05
   2  p1           1.88338e-02   1.25050e-03   1.06568e-06   1.09701e-05
SaveSource cannot open file: /home/zhangfy/nl_target/toyMC/results/data_14775.C
1.07574	0.00395399
1.07707	0.00354373
1.07725	0.0035149
1.08165	0.00351648
1.094	0.00346659
1.09615	0.00328964
1.12613	0.00352158
1.14747	0.00501574
 FCN=5.8268 FROM MIGRAD    STATUS=CONVERGED      36 CALLS          37 TOTAL
                     EDM=1.66147e-15    STRATEGY= 1      ERROR MATRIX ACCURATE 
  EXT PARAMETER                                   STEP         FIRST   
  NO.   NAME      VALUE            ERROR          SIZE      DERIVATIVE 
   1  p0           1.07366e+00   1.78927e-03   1.64510e-06   1.81134e-06
   2  p1           2.07305e-02   1.26004e-03   1.15851e-06   4.74942e-05
SaveSource cannot open file: /home/zhangfy/nl_target/toyMC/results/data_14776.C
1.07487	0.0039508
1.0721	0.00352736
1.07497	0.00350747
1.07937	0.00350906
1.07932	0.00342009
1.09239	0.00327836
1.11322	0.00348122
1.14883	0.00502168
 FCN=5.22227 FROM MIGRAD    STATUS=CONVERGED      36 CALLS          37 TOTAL
                     EDM=1.68028e-16    STRATEGY= 1      ERROR MATRIX ACCURATE 
  EXT PARAMETER                                   STEP         FIRST   
  NO.   NAME      VALUE            ERROR          SIZE      DERIVATIVE 
   1  p0           1.06876e+00   1.78251e-03   1.56250e-06   8.62171e-06
   2  p1           1.99826e-02   1.25550e-03   1.10054e-06  -3.14544e-06
SaveSource cannot open file: /home/zhangfy/nl_target/toyMC/results/data_14777.C
1.07077	0.00393574
1.06971	0.00351951
1.07466	0.00350646
1.07901	0.00350791
1.08241	0.00342987
1.08561	0.00325803
1.11751	0.00349461
1.13605	0.00496582
 FCN=2.68711 FROM MIGRAD    STATUS=CONVERGED      36 CALLS          37 TOTAL
                     EDM=9.88035e-17    STRATEGY= 1      ERROR MATRIX ACCURATE 
  EXT PARAMETER                                   STEP         FIRST   
  NO.   NAME      VALUE            ERROR          SIZE      DERIVATIVE 
   1  p0           1.06800e+00   1.77873e-03   1.20092e-06   1.66034e-06
   2  p1           1.90270e-02   1.24994e-03   8.43901e-07  -9.47747e-06
SaveSource cannot open file: /home/zhangfy/nl_target/toyMC/results/data_14778.C
1.07249	0.00394207
1.07055	0.00352226
1.07457	0.00350617
1.0796	0.00350983
1.07791	0.00341562
1.08473	0.00325538
1.11475	0.00348598
1.16254	0.00508163
 FCN=16.3479 FROM MIGRAD    STATUS=CONVERGED      36 CALLS          37 TOTAL
                     EDM=1.42904e-17    STRATEGY= 1      ERROR MATRIX ACCURATE 
  EXT PARAMETER                                   STEP         FIRST   
  NO.   NAME      VALUE            ERROR          SIZE      DERIVATIVE 
   1  p0           1.06516e+00   1.78186e-03   2.60698e-06  -2.51431e-06
   2  p1           2.28527e-02   1.26235e-03   1.84690e-06   9.13714e-07
SaveSource cannot open file: /home/zhangfy/nl_target/toyMC/results/data_14779.C
1.07637	0.00395632
1.07332	0.00353138
1.07711	0.00351443
1.08491	0.00352708
1.07642	0.0034109
1.09332	0.00328116
1.12095	0.00350538
1.1435	0.0049984
 FCN=6.20235 FROM MIGRAD    STATUS=CONVERGED      36 CALLS          37 TOTAL
                     EDM=8.34054e-17    STRATEGY= 1      ERROR MATRIX ACCURATE 
  EXT PARAMETER                                   STEP         FIRST   
  NO.   NAME      VALUE            ERROR          SIZE      DERIVATIVE 
   1  p0           1.07054e+00   1.78430e-03   1.68380e-06  -5.51091e-06
   2  p1           1.99711e-02   1.25585e-03   1.18512e-06  -1.40333e-05
SaveSource cannot open file: /home/zhangfy/nl_target/toyMC/results/data_14780.C
1.07734	0.0039599
1.07905	0.00355024
1.07009	0.00349155
1.08012	0.0035115
1.08582	0.00344069
1.09225	0.00327796
1.12273	0.00351094
1.14778	0.00501711
 FCN=6.47298 FROM MIGRAD    STATUS=CONVERGED      36 CALLS          37 TOTAL
                     EDM=2.02888e-15    STRATEGY= 1      ERROR MATRIX ACCURATE 
  EXT PARAMETER                                   STEP         FIRST   
  NO.   NAME      VALUE            ERROR          SIZE      DERIVATIVE 
   1  p0           1.07063e+00   1.78563e-03   1.71661e-06   8.25255e-06
   2  p1           2.08488e-02   1.25868e-03   1.21003e-06   5.80238e-05
SaveSource cannot open file: /home/zhangfy/nl_target/toyMC/results/data_14781.C
1.07005	0.00393307
1.07365	0.00353248
1.07053	0.00349297
1.07894	0.00350766
1.08068	0.00342438
1.09084	0.00327371
1.12057	0.00350418
1.13877	0.00497771
 FCN=2.21161 FROM MIGRAD    STATUS=CONVERGED      36 CALLS          37 TOTAL
                     EDM=3.07351e-16    STRATEGY= 1      ERROR MATRIX ACCURATE 
  EXT PARAMETER                                   STEP         FIRST   
  NO.   NAME      VALUE            ERROR          SIZE      DERIVATIVE 
   1  p0           1.06779e+00   1.77913e-03   1.12185e-06   1.23198e-05
   2  p1           2.02888e-02   1.25226e-03   7.89627e-07  -3.12556e-06
SaveSource cannot open file: /home/zhangfy/nl_target/toyMC/results/data_14782.C
1.06051	0.00389803
1.07425	0.00353444
1.08131	0.00352815
1.08167	0.00351654
1.08526	0.00343892
1.09118	0.00327473
1.11532	0.00348778
1.1503	0.00502814
 FCN=15.9969 FROM MIGRAD    STATUS=CONVERGED      36 CALLS          37 TOTAL
                     EDM=4.51453e-16    STRATEGY= 1      ERROR MATRIX ACCURATE 
  EXT PARAMETER                                   STEP         FIRST   
  NO.   NAME      VALUE            ERROR          SIZE      DERIVATIVE 
   1  p0           1.06898e+00   1.78284e-03   2.58460e-06   2.18643e-05
   2  p1           2.06881e-02   1.25652e-03   1.82158e-06   1.29942e-05
SaveSource cannot open file: /home/zhangfy/nl_target/toyMC/results/data_14783.C
1.07041	0.00393443
1.07111	0.00352412
1.07469	0.00350654
1.06924	0.00347615
1.08836	0.00344874
1.0912	0.0032748
1.12341	0.00351307
1.14226	0.00499298
 FCN=13.1277 FROM MIGRAD    STATUS=CONVERGED      36 CALLS          37 TOTAL
                     EDM=2.09658e-16    STRATEGY= 1      ERROR MATRIX ACCURATE 
  EXT PARAMETER                                   STEP         FIRST   
  NO.   NAME      VALUE            ERROR          SIZE      DERIVATIVE 
   1  p0           1.06726e+00   1.77949e-03   2.35436e-06   1.37733e-05
   2  p1           2.15127e-02   1.25486e-03   1.66024e-06   5.28817e-06
SaveSource cannot open file: /home/zhangfy/nl_target/toyMC/results/data_14784.C
1.07347	0.00394566
1.07672	0.00354256
1.07542	0.00350893
1.07512	0.00349525
1.08076	0.00342466
1.08749	0.00326368
1.1188	0.00349864
1.15775	0.00506067
 FCN=9.47122 FROM MIGRAD    STATUS=CONVERGED      36 CALLS          37 TOTAL
                     EDM=4.74834e-17    STRATEGY= 1      ERROR MATRIX ACCURATE 
  EXT PARAMETER                                   STEP         FIRST   
  NO.   NAME      VALUE            ERROR          SIZE      DERIVATIVE 
   1  p0           1.06722e+00   1.78383e-03   2.02823e-06  -5.04251e-06
   2  p1           2.22854e-02   1.26195e-03   1.43485e-06   8.23276e-07
SaveSource cannot open file: /home/zhangfy/nl_target/toyMC/results/data_14785.C
1.06548	0.00391629
1.07027	0.00352135
1.07505	0.00350772
1.08244	0.00351907
1.08021	0.00342292
1.08662	0.00326107
1.12076	0.00350479
1.14405	0.00500081
 FCN=4.6539 FROM MIGRAD    STATUS=CONVERGED      36 CALLS          37 TOTAL
                     EDM=3.33273e-17    STRATEGY= 1      ERROR MATRIX ACCURATE 
  EXT PARAMETER                                   STEP         FIRST   
  NO.   NAME      VALUE            ERROR          SIZE      DERIVATIVE 
   1  p0           1.06659e+00   1.77900e-03   1.48820e-06   6.60973e-07
   2  p1           2.12976e-02   1.25471e-03   1.04961e-06  -5.82185e-06
SaveSource cannot open file: /home/zhangfy/nl_target/toyMC/results/data_14786.C
1.07148	0.00393833
1.06921	0.00351785
1.07824	0.00351815
1.08306	0.00352106
1.08061	0.00342417
1.09429	0.00328407
1.1138	0.00348301
1.1489	0.00502202
 FCN=7.69807 FROM MIGRAD    STATUS=CONVERGED      36 CALLS          37 TOTAL
                     EDM=1.08427e-15    STRATEGY= 1      ERROR MATRIX ACCURATE 
  EXT PARAMETER                                   STEP         FIRST   
  NO.   NAME      VALUE            ERROR          SIZE      DERIVATIVE 
   1  p0           1.06934e+00   1.78291e-03   1.84864e-06   3.62620e-05
   2  p1           2.01479e-02   1.25556e-03   1.30185e-06   3.67473e-05
SaveSource cannot open file: /home/zhangfy/nl_target/toyMC/results/data_14787.C
1.07113	0.00393704
1.06839	0.00351516
1.07449	0.00350589
1.07996	0.00351101
1.07701	0.00341277
1.099	0.00329822
1.12137	0.00350669
1.14438	0.00500223
 FCN=8.54724 FROM MIGRAD    STATUS=CONVERGED      36 CALLS          37 TOTAL
                     EDM=5.27654e-16    STRATEGY= 1      ERROR MATRIX ACCURATE 
  EXT PARAMETER                                   STEP         FIRST   
  NO.   NAME      VALUE            ERROR          SIZE      DERIVATIVE 
   1  p0           1.06766e+00   1.77991e-03   1.93649e-06  -1.26863e-05
   2  p1           2.17226e-02   1.25522e-03   1.36565e-06   9.93115e-06
SaveSource cannot open file: /home/zhangfy/nl_target/toyMC/results/data_14788.C
1.0746	0.00394981
1.06873	0.00351629
1.07759	0.00351601
1.07746	0.00350286
1.08223	0.0034293
1.09586	0.00328877
1.11616	0.00349039
1.14308	0.00499655
 FCN=5.60274 FROM MIGRAD    STATUS=CONVERGED      36 CALLS          37 TOTAL
                     EDM=4.12225e-16    STRATEGY= 1      ERROR MATRIX ACCURATE 
  EXT PARAMETER                                   STEP         FIRST   
  NO.   NAME      VALUE            ERROR          SIZE      DERIVATIVE 
   1  p0           1.06957e+00   1.78196e-03   1.61042e-06  -7.77641e-06
   2  p1           1.97481e-02   1.25345e-03   1.13280e-06  -2.91473e-05
SaveSource cannot open file: /home/zhangfy/nl_target/toyMC/results/data_14789.C
1.07275	0.00394303
1.07088	0.00352336
1.07279	0.00350036
1.08183	0.00351706
1.082	0.00342857
1.09161	0.00327602
1.11139	0.00347549
1.14442	0.00500243
 FCN=4.74248 FROM MIGRAD    STATUS=CONVERGED      36 CALLS          37 TOTAL
                     EDM=1.71774e-15    STRATEGY= 1      ERROR MATRIX ACCURATE 
  EXT PARAMETER                                   STEP         FIRST   
  NO.   NAME      VALUE            ERROR          SIZE      DERIVATIVE 
   1  p0           1.06901e+00   1.78127e-03   1.50021e-06  -4.37071e-06
   2  p1           1.90986e-02   1.25240e-03   1.05479e-06   4.22707e-05
SaveSource cannot open file: /home/zhangfy/nl_target/toyMC/results/data_14790.C
1.07587	0.00395449
1.07695	0.00354333
1.07154	0.00349626
1.07689	0.003501
1.08124	0.00342616
1.09499	0.00328618
1.12242	0.00350997
1.14454	0.00500292
 FCN=4.90587 FROM MIGRAD    STATUS=CONVERGED      36 CALLS          37 TOTAL
                     EDM=1.26031e-15    STRATEGY= 1      ERROR MATRIX ACCURATE 
  EXT PARAMETER                                   STEP         FIRST   
  NO.   NAME      VALUE            ERROR          SIZE      DERIVATIVE 
   1  p0           1.06945e+00   1.78311e-03   1.52444e-06   2.29554e-05
   2  p1           2.08878e-02   1.25658e-03   1.07429e-06  -9.74540e-06
SaveSource cannot open file: /home/zhangfy/nl_target/toyMC/results/data_14791.C
1.07213	0.00394073
1.07173	0.00352617
1.07409	0.00350459
1.07482	0.00349428
1.07672	0.00341185
1.09179	0.00327657
1.12213	0.00350907
1.1418	0.00499096
 FCN=3.57423 FROM MIGRAD    STATUS=CONVERGED      36 CALLS          37 TOTAL
                     EDM=5.53239e-17    STRATEGY= 1      ERROR MATRIX ACCURATE 
  EXT PARAMETER                                   STEP         FIRST   
  NO.   NAME      VALUE            ERROR          SIZE      DERIVATIVE 
   1  p0           1.06674e+00   1.77890e-03   1.33870e-06  -8.10671e-06
   2  p1           2.12454e-02   1.25434e-03   9.43945e-07  -6.67231e-06
SaveSource cannot open file: /home/zhangfy/nl_target/toyMC/results/data_14792.C
1.07329	0.00394499
1.07135	0.00352491
1.0738	0.00350366
1.07993	0.00351088
1.07968	0.00342123
1.08834	0.00326622
1.11675	0.00349223
1.14761	0.00501634
 FCN=2.15259 FROM MIGRAD    STATUS=CONVERGED      36 CALLS          37 TOTAL
                     EDM=8.7032e-16    STRATEGY= 1      ERROR MATRIX ACCURATE 
  EXT PARAMETER                                   STEP         FIRST   
  NO.   NAME      VALUE            ERROR          SIZE      DERIVATIVE 
   1  p0           1.06758e+00   1.78113e-03   1.11165e-06   6.13448e-06
   2  p1           2.06583e-02   1.25577e-03   7.83760e-07  -2.65884e-05
SaveSource cannot open file: /home/zhangfy/nl_target/toyMC/results/data_14793.C
1.07046	0.00393459
1.07498	0.00353685
1.07887	0.00352019
1.07908	0.00350814
1.07907	0.0034193
1.08888	0.00326783
1.11618	0.00349046
1.15258	0.00503809
 FCN=6.56289 FROM MIGRAD    STATUS=CONVERGED      36 CALLS          37 TOTAL
                     EDM=1.19039e-16    STRATEGY= 1      ERROR MATRIX ACCURATE 
  EXT PARAMETER                                   STEP         FIRST   
  NO.   NAME      VALUE            ERROR          SIZE      DERIVATIVE 
   1  p0           1.06832e+00   1.78347e-03   1.72333e-06  -8.18044e-06
   2  p1           2.09053e-02   1.25848e-03   1.21604e-06   9.34893e-07
SaveSource cannot open file: /home/zhangfy/nl_target/toyMC/results/data_14794.C
1.06916	0.00392982
1.07303	0.00353042
1.07649	0.00351242
1.07809	0.00350491
1.08255	0.00343031
1.09079	0.00327357
1.12118	0.00350608
1.14509	0.00500536
 FCN=0.903508 FROM MIGRAD    STATUS=CONVERGED      36 CALLS          37 TOTAL
                     EDM=8.21964e-17    STRATEGY= 1      ERROR MATRIX ACCURATE 
  EXT PARAMETER                                   STEP         FIRST   
  NO.   NAME      VALUE            ERROR          SIZE      DERIVATIVE 
   1  p0           1.06830e+00   1.78153e-03   8.64670e-07  -6.06106e-07
   2  p1           2.10561e-02   1.25594e-03   6.09576e-07   9.59371e-06
SaveSource cannot open file: /home/zhangfy/nl_target/toyMC/results/data_14795.C
1.0747	0.00395016
1.07122	0.00352448
1.07441	0.00350565
1.07781	0.00350401
1.0771	0.00341305
1.09382	0.00328266
1.11861	0.00349807
1.14662	0.00501203
 FCN=3.58907 FROM MIGRAD    STATUS=CONVERGED      36 CALLS          37 TOTAL
                     EDM=5.56259e-17    STRATEGY= 1      ERROR MATRIX ACCURATE 
  EXT PARAMETER                                   STEP         FIRST   
  NO.   NAME      VALUE            ERROR          SIZE      DERIVATIVE 
   1  p0           1.06780e+00   1.78112e-03   1.34193e-06   4.35839e-06
   2  p1           2.10326e-02   1.25593e-03   9.46244e-07  -2.83351e-06
SaveSource cannot open file: /home/zhangfy/nl_target/toyMC/results/data_14796.C
1.0686	0.00392776
1.07274	0.00352946
1.07063	0.00349331
1.07753	0.00350308
1.08217	0.00342913
1.0908	0.0032736
1.11537	0.00348794
1.1482	0.00501893
 FCN=2.80116 FROM MIGRAD    STATUS=CONVERGED      36 CALLS          37 TOTAL
                     EDM=1.64039e-15    STRATEGY= 1      ERROR MATRIX ACCURATE 
  EXT PARAMETER                                   STEP         FIRST   
  NO.   NAME      VALUE            ERROR          SIZE      DERIVATIVE 
   1  p0           1.06666e+00   1.77949e-03   1.22010e-06  -2.21511e-05
   2  p1           2.11074e-02   1.25510e-03   8.60556e-07   1.78488e-05
SaveSource cannot open file: /home/zhangfy/nl_target/toyMC/results/data_14797.C
1.07337	0.0039453
1.07076	0.00352296
1.07485	0.00350706
1.07714	0.00350183
1.07818	0.00341649
1.08318	0.00325072
1.12236	0.0035098
1.15192	0.0050352
 FCN=7.6015 FROM MIGRAD    STATUS=CONVERGED      36 CALLS          37 TOTAL
                     EDM=2.95336e-16    STRATEGY= 1      ERROR MATRIX ACCURATE 
  EXT PARAMETER                                   STEP         FIRST   
  NO.   NAME      VALUE            ERROR          SIZE      DERIVATIVE 
   1  p0           1.06541e+00   1.78042e-03   1.83567e-06   7.02786e-06
   2  p1           2.25728e-02   1.25965e-03   1.29874e-06  -1.10258e-05
SaveSource cannot open file: /home/zhangfy/nl_target/toyMC/results/data_14798.C
1.07628	0.00395598
1.06866	0.00351605
1.07625	0.00351165
1.07661	0.0035001
1.08463	0.0034369
1.09215	0.00327765
1.12403	0.00351502
1.13765	0.00497284
 FCN=7.65929 FROM MIGRAD    STATUS=CONVERGED      36 CALLS          37 TOTAL
                     EDM=1.36727e-16    STRATEGY= 1      ERROR MATRIX ACCURATE 
  EXT PARAMETER                                   STEP         FIRST   
  NO.   NAME      VALUE            ERROR          SIZE      DERIVATIVE 
   1  p0           1.06948e+00   1.78138e-03   1.84481e-06   1.05521e-05
   2  p1           2.01839e-02   1.25328e-03   1.29791e-06   2.83136e-06
SaveSource cannot open file: /home/zhangfy/nl_target/toyMC/results/data_14799.C
