1.06992	0.0039326
1.07587	0.00353976
1.0737	0.00350332
1.07778	0.0035039
1.08461	0.00343685
1.08931	0.00326913
1.11499	0.00348675
1.14623	0.00501031
 FCN=3.60248 FROM MIGRAD    STATUS=CONVERGED      36 CALLS          37 TOTAL
                     EDM=1.61137e-16    STRATEGY= 1      ERROR MATRIX ACCURATE 
  EXT PARAMETER                                   STEP         FIRST   
  NO.   NAME      VALUE            ERROR          SIZE      DERIVATIVE 
   1  p0           1.06882e+00   1.78206e-03   1.34374e-06   5.71744e-06
   2  p1           1.98574e-02   1.25465e-03   9.46050e-07  -7.42261e-06
SaveSource cannot open file: /home/zhangfy/nl_target/toyMC/results/data_14900.C
1.06982	0.00393222
1.07314	0.00353079
1.07188	0.00349739
1.07882	0.0035073
1.08116	0.00342591
1.09547	0.00328763
1.11776	0.00349541
1.14136	0.00498906
 FCN=2.94801 FROM MIGRAD    STATUS=CONVERGED      36 CALLS          37 TOTAL
                     EDM=4.14726e-16    STRATEGY= 1      ERROR MATRIX ACCURATE 
  EXT PARAMETER                                   STEP         FIRST   
  NO.   NAME      VALUE            ERROR          SIZE      DERIVATIVE 
   1  p0           1.06851e+00   1.78014e-03   1.24458e-06   9.38632e-06
   2  p1           2.02071e-02   1.25272e-03   8.75832e-07  -1.16368e-05
SaveSource cannot open file: /home/zhangfy/nl_target/toyMC/results/data_14901.C
1.07621	0.00395572
1.07319	0.00353096
1.07048	0.0034928
1.08715	0.00353438
1.08718	0.003445
1.09628	0.00329004
1.11476	0.00348603
1.14719	0.00501452
 FCN=11.4488 FROM MIGRAD    STATUS=CONVERGED      36 CALLS          37 TOTAL
                     EDM=3.6755e-17    STRATEGY= 1      ERROR MATRIX ACCURATE 
  EXT PARAMETER                                   STEP         FIRST   
  NO.   NAME      VALUE            ERROR          SIZE      DERIVATIVE 
   1  p0           1.07181e+00   1.78557e-03   2.21521e-06   1.85638e-06
   2  p1           1.94300e-02   1.25548e-03   1.55757e-06  -4.72723e-06
SaveSource cannot open file: /home/zhangfy/nl_target/toyMC/results/data_14902.C
1.07115	0.00393714
1.07552	0.00353864
1.07523	0.00350832
1.07801	0.00350464
1.08716	0.00344494
1.09624	0.00328993
1.114	0.00348364
1.14306	0.00499647
 FCN=5.96672 FROM MIGRAD    STATUS=CONVERGED      36 CALLS          37 TOTAL
                     EDM=1.09435e-16    STRATEGY= 1      ERROR MATRIX ACCURATE 
  EXT PARAMETER                                   STEP         FIRST   
  NO.   NAME      VALUE            ERROR          SIZE      DERIVATIVE 
   1  p0           1.07115e+00   1.78371e-03   1.65537e-06  -5.77454e-06
   2  p1           1.89033e-02   1.25301e-03   1.16286e-06   4.51206e-06
SaveSource cannot open file: /home/zhangfy/nl_target/toyMC/results/data_14903.C
1.07209	0.0039406
1.06632	0.00350835
1.06947	0.00348954
1.08826	0.00353799
1.08951	0.00345238
1.0908	0.00327359
1.11728	0.00349391
1.14526	0.00500609
 FCN=17.5863 FROM MIGRAD    STATUS=CONVERGED      36 CALLS          37 TOTAL
                     EDM=1.14459e-15    STRATEGY= 1      ERROR MATRIX ACCURATE 
  EXT PARAMETER                                   STEP         FIRST   
  NO.   NAME      VALUE            ERROR          SIZE      DERIVATIVE 
   1  p0           1.06914e+00   1.78164e-03   2.70261e-06  -1.41807e-05
   2  p1           2.04602e-02   1.25436e-03   1.90276e-06   2.13087e-05
SaveSource cannot open file: /home/zhangfy/nl_target/toyMC/results/data_14904.C
1.07244	0.00394189
1.07711	0.00354385
1.07614	0.00351127
1.07172	0.00348422
1.08169	0.00342759
1.0923	0.0032781
1.11659	0.00349175
1.14785	0.00501739
 FCN=7.71342 FROM MIGRAD    STATUS=CONVERGED      36 CALLS          37 TOTAL
                     EDM=6.61247e-17    STRATEGY= 1      ERROR MATRIX ACCURATE 
  EXT PARAMETER                                   STEP         FIRST   
  NO.   NAME      VALUE            ERROR          SIZE      DERIVATIVE 
   1  p0           1.06855e+00   1.78247e-03   1.84941e-06  -5.54208e-06
   2  p1           2.04379e-02   1.25623e-03   1.30341e-06   1.73594e-06
SaveSource cannot open file: /home/zhangfy/nl_target/toyMC/results/data_14905.C
1.06525	0.00391545
1.06642	0.00350869
1.07299	0.00350101
1.08007	0.00351134
1.08394	0.00343473
1.08881	0.00326762
1.11901	0.0034993
1.14831	0.00501943
 FCN=4.59397 FROM MIGRAD    STATUS=CONVERGED      36 CALLS          37 TOTAL
                     EDM=1.03635e-16    STRATEGY= 1      ERROR MATRIX ACCURATE 
  EXT PARAMETER                                   STEP         FIRST   
  NO.   NAME      VALUE            ERROR          SIZE      DERIVATIVE 
   1  p0           1.06541e+00   1.77790e-03   1.47995e-06   3.67886e-06
   2  p1           2.22693e-02   1.25575e-03   1.04531e-06  -7.22229e-06
SaveSource cannot open file: /home/zhangfy/nl_target/toyMC/results/data_14906.C
1.07891	0.00396564
1.07005	0.00352064
1.07387	0.00350388
1.07513	0.0034953
1.08533	0.00343913
1.08874	0.00326741
1.12091	0.00350526
1.14176	0.0049908
 FCN=7.56107 FROM MIGRAD    STATUS=CONVERGED      36 CALLS          37 TOTAL
                     EDM=2.03597e-16    STRATEGY= 1      ERROR MATRIX ACCURATE 
  EXT PARAMETER                                   STEP         FIRST   
  NO.   NAME      VALUE            ERROR          SIZE      DERIVATIVE 
   1  p0           1.06889e+00   1.78178e-03   1.83326e-06  -7.27325e-06
   2  p1           2.01504e-02   1.25450e-03   1.29075e-06   7.09443e-06
SaveSource cannot open file: /home/zhangfy/nl_target/toyMC/results/data_14907.C
1.0707	0.00393548
1.06981	0.00351983
1.07531	0.00350858
1.075	0.00349486
1.08741	0.00344573
1.08954	0.00326982
1.12122	0.00350621
1.14803	0.00501819
 FCN=5.19632 FROM MIGRAD    STATUS=CONVERGED      36 CALLS          37 TOTAL
                     EDM=3.91062e-16    STRATEGY= 1      ERROR MATRIX ACCURATE 
  EXT PARAMETER                                   STEP         FIRST   
  NO.   NAME      VALUE            ERROR          SIZE      DERIVATIVE 
   1  p0           1.06742e+00   1.78105e-03   1.55981e-06  -9.66865e-06
   2  p1           2.17905e-02   1.25719e-03   1.10102e-06  -2.94339e-05
SaveSource cannot open file: /home/zhangfy/nl_target/toyMC/results/data_14908.C
1.07221	0.00394104
1.07403	0.00353374
1.07075	0.00349369
1.08072	0.00351346
1.08094	0.00342522
1.09402	0.00328326
1.12045	0.00350381
1.15356	0.00504237
 FCN=2.93586 FROM MIGRAD    STATUS=CONVERGED      36 CALLS          37 TOTAL
                     EDM=7.35171e-17    STRATEGY= 1      ERROR MATRIX ACCURATE 
  EXT PARAMETER                                   STEP         FIRST   
  NO.   NAME      VALUE            ERROR          SIZE      DERIVATIVE 
   1  p0           1.06767e+00   1.78262e-03   1.24419e-06   9.30650e-06
   2  p1           2.24692e-02   1.25993e-03   8.79374e-07   1.07490e-05
SaveSource cannot open file: /home/zhangfy/nl_target/toyMC/results/data_14909.C
1.06662	0.00392047
1.07631	0.00354124
1.07404	0.00350442
1.07884	0.00350737
1.07736	0.00341386
1.09045	0.00327255
1.12154	0.00350721
1.13746	0.00497198
 FCN=5.50952 FROM MIGRAD    STATUS=CONVERGED      36 CALLS          37 TOTAL
                     EDM=3.04797e-16    STRATEGY= 1      ERROR MATRIX ACCURATE 
  EXT PARAMETER                                   STEP         FIRST   
  NO.   NAME      VALUE            ERROR          SIZE      DERIVATIVE 
   1  p0           1.06790e+00   1.77920e-03   1.59710e-06   2.16191e-06
   2  p1           2.01272e-02   1.25203e-03   1.12389e-06  -1.74650e-05
SaveSource cannot open file: /home/zhangfy/nl_target/toyMC/results/data_14910.C
1.07582	0.00395429
1.07344	0.00353179
1.07457	0.00350615
1.0863	0.00353162
1.08141	0.00342671
1.09662	0.00329106
1.1125	0.00347894
1.14669	0.00501234
 FCN=9.16404 FROM MIGRAD    STATUS=CONVERGED      36 CALLS          37 TOTAL
                     EDM=1.11376e-17    STRATEGY= 1      ERROR MATRIX ACCURATE 
  EXT PARAMETER                                   STEP         FIRST   
  NO.   NAME      VALUE            ERROR          SIZE      DERIVATIVE 
   1  p0           1.07171e+00   1.78536e-03   2.00043e-06  -3.66073e-06
   2  p1           1.88668e-02   1.25464e-03   1.40578e-06  -3.92034e-06
SaveSource cannot open file: /home/zhangfy/nl_target/toyMC/results/data_14911.C
1.06418	0.00391152
1.0684	0.00351519
1.07102	0.00349456
1.07763	0.00350341
1.07819	0.0034165
1.09066	0.00327317
1.12609	0.00352145
1.14644	0.00501125
 FCN=2.71613 FROM MIGRAD    STATUS=CONVERGED      36 CALLS          37 TOTAL
                     EDM=2.06885e-16    STRATEGY= 1      ERROR MATRIX ACCURATE 
  EXT PARAMETER                                   STEP         FIRST   
  NO.   NAME      VALUE            ERROR          SIZE      DERIVATIVE 
   1  p0           1.06375e+00   1.77597e-03   1.20605e-06   1.25504e-05
   2  p1           2.38211e-02   1.25687e-03   8.53533e-07   2.36864e-06
SaveSource cannot open file: /home/zhangfy/nl_target/toyMC/results/data_14912.C
1.07162	0.00393885
1.07074	0.00352288
1.07531	0.00350858
1.08611	0.003531
1.07981	0.00342163
1.09328	0.00328103
1.11869	0.00349831
1.14821	0.00501897
 FCN=4.92878 FROM MIGRAD    STATUS=CONVERGED      36 CALLS          37 TOTAL
                     EDM=3.94394e-16    STRATEGY= 1      ERROR MATRIX ACCURATE 
  EXT PARAMETER                                   STEP         FIRST   
  NO.   NAME      VALUE            ERROR          SIZE      DERIVATIVE 
   1  p0           1.06916e+00   1.78301e-03   1.52703e-06   1.55588e-05
   2  p1           2.09205e-02   1.25683e-03   1.07640e-06  -3.91942e-07
SaveSource cannot open file: /home/zhangfy/nl_target/toyMC/results/data_14913.C
1.07371	0.00394656
1.07731	0.0035445
1.07488	0.00350718
1.07966	0.00351
1.08131	0.00342638
1.09431	0.00328413
1.1221	0.00350896
1.14422	0.00500153
 FCN=1.64637 FROM MIGRAD    STATUS=CONVERGED      38 CALLS          39 TOTAL
                     EDM=4.17826e-16    STRATEGY= 1      ERROR MATRIX ACCURATE 
  EXT PARAMETER                                   STEP         FIRST   
  NO.   NAME      VALUE            ERROR          SIZE      DERIVATIVE 
   1  p0           1.07038e+00   1.78420e-03   1.02092e-06   1.37139e-05
   2  p1           2.04402e-02   1.25648e-03   7.18959e-07  -4.72837e-06
SaveSource cannot open file: /home/zhangfy/nl_target/toyMC/results/data_14914.C
1.06844	0.00392718
1.06898	0.0035171
1.0761	0.00351116
1.07517	0.00349543
1.08537	0.00343924
1.09593	0.00328898
1.11901	0.00349932
1.15394	0.00504401
 FCN=7.07151 FROM MIGRAD    STATUS=CONVERGED      36 CALLS          37 TOTAL
                     EDM=6.18899e-17    STRATEGY= 1      ERROR MATRIX ACCURATE 
  EXT PARAMETER                                   STEP         FIRST   
  NO.   NAME      VALUE            ERROR          SIZE      DERIVATIVE 
   1  p0           1.06703e+00   1.78128e-03   1.78114e-06   6.52120e-06
   2  p1           2.27574e-02   1.25916e-03   1.25906e-06   1.22127e-05
SaveSource cannot open file: /home/zhangfy/nl_target/toyMC/results/data_14915.C
1.07107	0.00393685
1.07191	0.00352675
1.07465	0.00350641
1.07879	0.00350717
1.07876	0.00341831
1.09516	0.00328669
1.11926	0.00350009
1.147	0.00501368
 FCN=2.22635 FROM MIGRAD    STATUS=CONVERGED      36 CALLS          37 TOTAL
                     EDM=1.57765e-16    STRATEGY= 1      ERROR MATRIX ACCURATE 
  EXT PARAMETER                                   STEP         FIRST   
  NO.   NAME      VALUE            ERROR          SIZE      DERIVATIVE 
   1  p0           1.06794e+00   1.78114e-03   1.12561e-06   9.70796e-06
   2  p1           2.13275e-02   1.25617e-03   7.93849e-07  -5.34239e-07
SaveSource cannot open file: /home/zhangfy/nl_target/toyMC/results/data_14916.C
1.07343	0.00394553
1.07421	0.00353431
1.07327	0.00350191
1.0785	0.00350624
1.07948	0.00342058
1.09571	0.00328834
1.12351	0.00351339
1.14927	0.00502364
 FCN=2.33961 FROM MIGRAD    STATUS=CONVERGED      36 CALLS          37 TOTAL
                     EDM=1.50401e-15    STRATEGY= 1      ERROR MATRIX ACCURATE 
  EXT PARAMETER                                   STEP         FIRST   
  NO.   NAME      VALUE            ERROR          SIZE      DERIVATIVE 
   1  p0           1.06829e+00   1.78271e-03   1.14648e-06   2.75615e-05
   2  p1           2.22206e-02   1.25900e-03   8.09678e-07  -6.21149e-06
SaveSource cannot open file: /home/zhangfy/nl_target/toyMC/results/data_14917.C
1.06932	0.0039304
1.07963	0.00355214
1.07392	0.00350404
1.07855	0.00350642
1.07559	0.00340826
1.09214	0.00327762
1.11574	0.00348908
1.15237	0.00503718
 FCN=10.8395 FROM MIGRAD    STATUS=CONVERGED      36 CALLS          37 TOTAL
                     EDM=4.09094e-16    STRATEGY= 1      ERROR MATRIX ACCURATE 
  EXT PARAMETER                                   STEP         FIRST   
  NO.   NAME      VALUE            ERROR          SIZE      DERIVATIVE 
   1  p0           1.06779e+00   1.78258e-03   2.15559e-06   7.41663e-06
   2  p1           2.11231e-02   1.25811e-03   1.52137e-06  -1.41455e-05
SaveSource cannot open file: /home/zhangfy/nl_target/toyMC/results/data_14918.C
1.07295	0.00394376
1.07694	0.00354328
1.07906	0.00352082
1.08009	0.00351143
1.084	0.00343493
1.09195	0.00327705
1.11852	0.00349777
1.14586	0.00500871
 FCN=1.22988 FROM MIGRAD    STATUS=CONVERGED      38 CALLS          39 TOTAL
                     EDM=1.07244e-16    STRATEGY= 1      ERROR MATRIX ACCURATE 
  EXT PARAMETER                                   STEP         FIRST   
  NO.   NAME      VALUE            ERROR          SIZE      DERIVATIVE 
   1  p0           1.07137e+00   1.78573e-03   9.37273e-07  -9.78162e-06
   2  p1           1.95706e-02   1.25642e-03   6.59453e-07  -3.67351e-06
SaveSource cannot open file: /home/zhangfy/nl_target/toyMC/results/data_14919.C
1.0769	0.00395827
1.07538	0.00353815
1.0692	0.00348862
1.07858	0.00350651
1.08252	0.00343023
1.0988	0.00329761
1.11547	0.00348825
1.14567	0.0050079
 FCN=10.9171 FROM MIGRAD    STATUS=CONVERGED      36 CALLS          37 TOTAL
                     EDM=4.23919e-17    STRATEGY= 1      ERROR MATRIX ACCURATE 
  EXT PARAMETER                                   STEP         FIRST   
  NO.   NAME      VALUE            ERROR          SIZE      DERIVATIVE 
   1  p0           1.07011e+00   1.78320e-03   2.16494e-06  -7.15897e-06
   2  p1           1.99201e-02   1.25476e-03   1.52338e-06  -6.66698e-06
SaveSource cannot open file: /home/zhangfy/nl_target/toyMC/results/data_14920.C
1.07104	0.00393671
1.0738	0.00353296
1.07071	0.00349356
1.08316	0.0035214
1.0835	0.00343334
1.09152	0.00327577
1.12	0.00350242
1.14978	0.00502583
 FCN=3.02277 FROM MIGRAD    STATUS=CONVERGED      36 CALLS          37 TOTAL
                     EDM=3.7944e-16    STRATEGY= 1      ERROR MATRIX ACCURATE 
  EXT PARAMETER                                   STEP         FIRST   
  NO.   NAME      VALUE            ERROR          SIZE      DERIVATIVE 
   1  p0           1.06839e+00   1.78254e-03   1.25768e-06   5.33834e-06
   2  p1           2.15694e-02   1.25789e-03   8.87510e-07  -1.59645e-05
SaveSource cannot open file: /home/zhangfy/nl_target/toyMC/results/data_14921.C
1.07223	0.00394109
1.06137	0.00349208
1.071	0.00349451
1.08297	0.00352077
1.08156	0.00342718
1.08895	0.00326806
1.11823	0.00349687
1.15559	0.00505125
 FCN=12.7071 FROM MIGRAD    STATUS=CONVERGED      34 CALLS          35 TOTAL
                     EDM=9.25887e-16    STRATEGY= 1      ERROR MATRIX ACCURATE 
  EXT PARAMETER                                   STEP         FIRST   
  NO.   NAME      VALUE            ERROR          SIZE      DERIVATIVE 
   1  p0           1.06456e+00   1.77869e-03   2.31710e-06  -5.21116e-06
   2  p1           2.33667e-02   1.25917e-03   1.64032e-06   2.86571e-05
SaveSource cannot open file: /home/zhangfy/nl_target/toyMC/results/data_14922.C
1.07328	0.00394496
1.07338	0.00353158
1.07471	0.00350662
1.07236	0.00348628
1.08411	0.00343526
1.08998	0.00327113
1.12069	0.00350456
1.15203	0.0050357
 FCN=5.669 FROM MIGRAD    STATUS=CONVERGED      36 CALLS          37 TOTAL
                     EDM=3.3506e-16    STRATEGY= 1      ERROR MATRIX ACCURATE 
  EXT PARAMETER                                   STEP         FIRST   
  NO.   NAME      VALUE            ERROR          SIZE      DERIVATIVE 
   1  p0           1.06716e+00   1.78204e-03   1.61836e-06  -7.46386e-06
   2  p1           2.21627e-02   1.25935e-03   1.14368e-06  -2.64237e-05
SaveSource cannot open file: /home/zhangfy/nl_target/toyMC/results/data_14923.C
1.06963	0.00393156
1.07413	0.00353404
1.07142	0.00349589
1.08143	0.00351578
1.0761	0.00340987
1.08888	0.00326784
1.12032	0.0035034
1.14411	0.00500108
 FCN=3.67833 FROM MIGRAD    STATUS=CONVERGED      36 CALLS          37 TOTAL
                     EDM=3.25844e-16    STRATEGY= 1      ERROR MATRIX ACCURATE 
  EXT PARAMETER                                   STEP         FIRST   
  NO.   NAME      VALUE            ERROR          SIZE      DERIVATIVE 
   1  p0           1.06683e+00   1.77952e-03   1.35379e-06  -8.61089e-06
   2  p1           2.10988e-02   1.25492e-03   9.54698e-07   9.87307e-06
SaveSource cannot open file: /home/zhangfy/nl_target/toyMC/results/data_14924.C
1.07276	0.00394306
1.07036	0.00352164
1.07675	0.00351327
1.07413	0.00349205
1.07707	0.00341296
1.0936	0.00328201
1.12255	0.00351037
1.14818	0.00501886
 FCN=4.88852 FROM MIGRAD    STATUS=CONVERGED      36 CALLS          37 TOTAL
                     EDM=8.1334e-17    STRATEGY= 1      ERROR MATRIX ACCURATE 
  EXT PARAMETER                                   STEP         FIRST   
  NO.   NAME      VALUE            ERROR          SIZE      DERIVATIVE 
   1  p0           1.06663e+00   1.78035e-03   1.52018e-06   4.68720e-06
   2  p1           2.23162e-02   1.25779e-03   1.07399e-06   1.35420e-05
SaveSource cannot open file: /home/zhangfy/nl_target/toyMC/results/data_14925.C
1.0681	0.00392594
1.07485	0.00353642
1.0736	0.00350299
1.07547	0.0034964
1.07901	0.00341912
1.09873	0.00329741
1.12128	0.00350642
1.14629	0.0050106
 FCN=7.36099 FROM MIGRAD    STATUS=CONVERGED      36 CALLS          37 TOTAL
                     EDM=4.36371e-17    STRATEGY= 1      ERROR MATRIX ACCURATE 
  EXT PARAMETER                                   STEP         FIRST   
  NO.   NAME      VALUE            ERROR          SIZE      DERIVATIVE 
   1  p0           1.06765e+00   1.78053e-03   1.81247e-06   3.80513e-06
   2  p1           2.19048e-02   1.25632e-03   1.27886e-06   1.00756e-05
SaveSource cannot open file: /home/zhangfy/nl_target/toyMC/results/data_14926.C
1.0682	0.0039263
1.07065	0.00352261
1.07241	0.00349912
1.08475	0.00352655
1.07585	0.0034091
1.08879	0.00326757
1.12024	0.00350316
1.14548	0.00500704
 FCN=5.93801 FROM MIGRAD    STATUS=CONVERGED      36 CALLS          37 TOTAL
                     EDM=1.19715e-16    STRATEGY= 1      ERROR MATRIX ACCURATE 
  EXT PARAMETER                                   STEP         FIRST   
  NO.   NAME      VALUE            ERROR          SIZE      DERIVATIVE 
   1  p0           1.06642e+00   1.77912e-03   1.64860e-06  -4.08100e-06
   2  p1           2.15077e-02   1.25533e-03   1.16324e-06   7.58957e-06
SaveSource cannot open file: /home/zhangfy/nl_target/toyMC/results/data_14927.C
1.07723	0.00395948
1.06729	0.00351153
1.07154	0.00349628
1.07572	0.00349722
1.08776	0.00344684
1.09352	0.00328176
1.12083	0.00350499
1.14636	0.0050109
 FCN=9.69005 FROM MIGRAD    STATUS=CONVERGED      36 CALLS          37 TOTAL
                     EDM=2.98725e-15    STRATEGY= 1      ERROR MATRIX ACCURATE 
  EXT PARAMETER                                   STEP         FIRST   
  NO.   NAME      VALUE            ERROR          SIZE      DERIVATIVE 
   1  p0           1.06816e+00   1.78131e-03   2.04962e-06   1.56218e-06
   2  p1           2.14747e-02   1.25629e-03   1.44552e-06   6.30409e-05
SaveSource cannot open file: /home/zhangfy/nl_target/toyMC/results/data_14928.C
1.07384	0.003947
1.06872	0.00351626
1.07321	0.00350172
1.07861	0.00350659
1.08023	0.00342297
1.08638	0.00326034
1.11663	0.00349186
1.14824	0.00501912
 FCN=3.79565 FROM MIGRAD    STATUS=CONVERGED      36 CALLS          37 TOTAL
                     EDM=3.21252e-16    STRATEGY= 1      ERROR MATRIX ACCURATE 
  EXT PARAMETER                                   STEP         FIRST   
  NO.   NAME      VALUE            ERROR          SIZE      DERIVATIVE 
   1  p0           1.06647e+00   1.77987e-03   1.37011e-06  -5.54499e-06
   2  p1           2.10275e-02   1.25578e-03   9.66673e-07  -2.48306e-05
SaveSource cannot open file: /home/zhangfy/nl_target/toyMC/results/data_14929.C
1.06822	0.00392635
1.07218	0.00352762
1.07813	0.00351778
1.07856	0.00350646
1.08142	0.00342674
1.10065	0.00330316
1.114	0.00348364
1.14083	0.00498672
 FCN=11.6924 FROM MIGRAD    STATUS=CONVERGED      36 CALLS          37 TOTAL
                     EDM=7.56635e-16    STRATEGY= 1      ERROR MATRIX ACCURATE 
  EXT PARAMETER                                   STEP         FIRST   
  NO.   NAME      VALUE            ERROR          SIZE      DERIVATIVE 
   1  p0           1.07032e+00   1.78169e-03   2.23316e-06   2.64187e-05
   2  p1           1.91553e-02   1.25147e-03   1.56859e-06   4.13064e-05
SaveSource cannot open file: /home/zhangfy/nl_target/toyMC/results/data_14930.C
1.06858	0.0039277
1.06824	0.00351468
1.07258	0.00349967
1.08346	0.00352236
1.07791	0.00341561
1.08708	0.00326243
1.11787	0.00349573
1.13517	0.004962
 FCN=5.35258 FROM MIGRAD    STATUS=CONVERGED      36 CALLS          37 TOTAL
                     EDM=1.7319e-16    STRATEGY= 1      ERROR MATRIX ACCURATE 
  EXT PARAMETER                                   STEP         FIRST   
  NO.   NAME      VALUE            ERROR          SIZE      DERIVATIVE 
   1  p0           1.06706e+00   1.77709e-03   1.57554e-06   8.73215e-06
   2  p1           1.94348e-02   1.24921e-03   1.10754e-06  -3.29597e-06
SaveSource cannot open file: /home/zhangfy/nl_target/toyMC/results/data_14931.C
1.07008	0.00393319
1.06754	0.00351236
1.07429	0.00350524
1.0841	0.00352446
1.08595	0.00344108
1.08968	0.00327022
1.12187	0.00350824
1.14815	0.00501874
 FCN=5.79604 FROM MIGRAD    STATUS=CONVERGED      36 CALLS          37 TOTAL
                     EDM=1.19613e-16    STRATEGY= 1      ERROR MATRIX ACCURATE 
  EXT PARAMETER                                   STEP         FIRST   
  NO.   NAME      VALUE            ERROR          SIZE      DERIVATIVE 
   1  p0           1.06799e+00   1.78163e-03   1.63449e-06  -6.68109e-06
   2  p1           2.18374e-02   1.25738e-03   1.15353e-06   3.67272e-06
SaveSource cannot open file: /home/zhangfy/nl_target/toyMC/results/data_14932.C
1.07085	0.00393602
1.06816	0.0035144
1.07495	0.00350738
1.0834	0.00352217
1.08234	0.00342964
1.09027	0.003272
1.11916	0.00349977
1.14672	0.00501249
 FCN=3.37443 FROM MIGRAD    STATUS=CONVERGED      36 CALLS          37 TOTAL
                     EDM=8.00577e-16    STRATEGY= 1      ERROR MATRIX ACCURATE 
  EXT PARAMETER                                   STEP         FIRST   
  NO.   NAME      VALUE            ERROR          SIZE      DERIVATIVE 
   1  p0           1.06801e+00   1.78119e-03   1.31050e-06  -1.96214e-05
   2  p1           2.11047e-02   1.25587e-03   9.23999e-07   5.46341e-06
SaveSource cannot open file: /home/zhangfy/nl_target/toyMC/results/data_14933.C
1.07046	0.00393458
1.06784	0.00351336
1.07123	0.00349525
1.07248	0.00348667
1.07828	0.0034168
1.09257	0.0032789
1.11787	0.00349573
1.14981	0.005026
 FCN=3.55542 FROM MIGRAD    STATUS=CONVERGED      36 CALLS          37 TOTAL
                     EDM=5.51479e-16    STRATEGY= 1      ERROR MATRIX ACCURATE 
  EXT PARAMETER                                   STEP         FIRST   
  NO.   NAME      VALUE            ERROR          SIZE      DERIVATIVE 
   1  p0           1.06426e+00   1.77697e-03   1.33456e-06   5.55712e-06
   2  p1           2.26454e-02   1.25625e-03   9.43484e-07  -2.03727e-05
SaveSource cannot open file: /home/zhangfy/nl_target/toyMC/results/data_14934.C
1.07531	0.00395243
1.07076	0.00352297
1.07012	0.00349165
1.08033	0.00351221
1.08362	0.00343372
1.08667	0.00326119
1.12042	0.00350372
1.15123	0.00503221
 FCN=5.98329 FROM MIGRAD    STATUS=CONVERGED      36 CALLS          37 TOTAL
                     EDM=1.2457e-15    STRATEGY= 1      ERROR MATRIX ACCURATE 
  EXT PARAMETER                                   STEP         FIRST   
  NO.   NAME      VALUE            ERROR          SIZE      DERIVATIVE 
   1  p0           1.06702e+00   1.78163e-03   1.65554e-06  -5.57277e-06
   2  p1           2.19590e-02   1.25871e-03   1.16962e-06   3.37730e-05
SaveSource cannot open file: /home/zhangfy/nl_target/toyMC/results/data_14935.C
1.06803	0.00392567
1.07265	0.00352918
1.06643	0.0034796
1.0811	0.00351468
1.08707	0.00344464
1.08574	0.00325841
1.1095	0.00346956
1.14736	0.00501529
 FCN=16.2458 FROM MIGRAD    STATUS=CONVERGED      36 CALLS          37 TOTAL
                     EDM=9.85519e-16    STRATEGY= 1      ERROR MATRIX ACCURATE 
  EXT PARAMETER                                   STEP         FIRST   
  NO.   NAME      VALUE            ERROR          SIZE      DERIVATIVE 
   1  p0           1.06688e+00   1.77907e-03   2.59622e-06  -3.51341e-06
   2  p1           1.97333e-02   1.25260e-03   1.82793e-06  -3.87257e-05
SaveSource cannot open file: /home/zhangfy/nl_target/toyMC/results/data_14936.C
1.06886	0.00392869
1.07505	0.00353709
1.0708	0.00349386
1.07576	0.00349733
1.08538	0.0034393
1.09235	0.00327826
1.11918	0.00349984
1.15471	0.00504741
 FCN=5.77516 FROM MIGRAD    STATUS=CONVERGED      36 CALLS          37 TOTAL
                     EDM=1.75012e-16    STRATEGY= 1      ERROR MATRIX ACCURATE 
  EXT PARAMETER                                   STEP         FIRST   
  NO.   NAME      VALUE            ERROR          SIZE      DERIVATIVE 
   1  p0           1.06687e+00   1.78170e-03   1.63147e-06  -1.35611e-05
   2  p1           2.26604e-02   1.25983e-03   1.15360e-06  -7.85897e-06
SaveSource cannot open file: /home/zhangfy/nl_target/toyMC/results/data_14937.C
1.07458	0.00394974
1.06586	0.00350685
1.07414	0.00350477
1.07455	0.00349339
1.08415	0.00343537
1.09224	0.00327792
1.11258	0.0034792
1.15337	0.00504152
 FCN=13.0962 FROM MIGRAD    STATUS=CONVERGED      36 CALLS          37 TOTAL
                     EDM=8.19496e-15    STRATEGY= 1      ERROR MATRIX ACCURATE 
  EXT PARAMETER                                   STEP         FIRST   
  NO.   NAME      VALUE            ERROR          SIZE      DERIVATIVE 
   1  p0           1.06661e+00   1.78043e-03   2.35007e-06   4.52484e-05
   2  p1           2.13890e-02   1.25682e-03   1.65894e-06  -4.63245e-05
SaveSource cannot open file: /home/zhangfy/nl_target/toyMC/results/data_14938.C
1.07289	0.00394353
1.07115	0.00352426
1.07082	0.00349393
1.07738	0.00350261
1.08347	0.00343324
1.09329	0.00328108
1.12093	0.00350532
1.149	0.00502244
 FCN=2.06405 FROM MIGRAD    STATUS=CONVERGED      34 CALLS          35 TOTAL
                     EDM=3.43895e-17    STRATEGY= 1      ERROR MATRIX ACCURATE 
  EXT PARAMETER                                   STEP         FIRST   
  NO.   NAME      VALUE            ERROR          SIZE      DERIVATIVE 
   1  p0           1.06732e+00   1.78095e-03   1.09704e-06   5.69273e-06
   2  p1           2.20823e-02   1.25755e-03   7.74636e-07   2.46944e-06
SaveSource cannot open file: /home/zhangfy/nl_target/toyMC/results/data_14939.C
1.07762	0.0039609
1.06418	0.00350133
1.07961	0.00352262
1.08407	0.00352436
1.08091	0.00342511
1.08734	0.00326322
1.12158	0.00350735
1.13919	0.00497957
 FCN=14.7194 FROM MIGRAD    STATUS=CONVERGED      36 CALLS          37 TOTAL
                     EDM=1.64275e-16    STRATEGY= 1      ERROR MATRIX ACCURATE 
  EXT PARAMETER                                   STEP         FIRST   
  NO.   NAME      VALUE            ERROR          SIZE      DERIVATIVE 
   1  p0           1.06946e+00   1.78190e-03   2.48445e-06   2.92252e-06
   2  p1           1.96804e-02   1.25339e-03   1.74757e-06   1.70310e-05
SaveSource cannot open file: /home/zhangfy/nl_target/toyMC/results/data_14940.C
1.07179	0.00393947
1.07107	0.00352398
1.07373	0.00350342
1.08152	0.00351607
1.08356	0.00343352
1.09502	0.00328628
1.12492	0.0035178
1.14821	0.005019
 FCN=1.39132 FROM MIGRAD    STATUS=CONVERGED      36 CALLS          37 TOTAL
                     EDM=1.4511e-16    STRATEGY= 1      ERROR MATRIX ACCURATE 
  EXT PARAMETER                                   STEP         FIRST   
  NO.   NAME      VALUE            ERROR          SIZE      DERIVATIVE 
   1  p0           1.06864e+00   1.78269e-03   9.70559e-07   1.28132e-05
   2  p1           2.23384e-02   1.25871e-03   6.85282e-07   9.11467e-06
SaveSource cannot open file: /home/zhangfy/nl_target/toyMC/results/data_14941.C
1.07953	0.00396793
1.0702	0.0035211
1.07697	0.00351401
1.07587	0.00349768
1.07832	0.00341691
1.09103	0.0032743
1.12321	0.00351245
1.15775	0.00506068
 FCN=9.76428 FROM MIGRAD    STATUS=CONVERGED      36 CALLS          37 TOTAL
                     EDM=3.10144e-17    STRATEGY= 1      ERROR MATRIX ACCURATE 
  EXT PARAMETER                                   STEP         FIRST   
  NO.   NAME      VALUE            ERROR          SIZE      DERIVATIVE 
   1  p0           1.06713e+00   1.78397e-03   2.05804e-06  -5.84555e-06
   2  p1           2.32726e-02   1.26342e-03   1.45752e-06  -3.84821e-06
SaveSource cannot open file: /home/zhangfy/nl_target/toyMC/results/data_14942.C
1.0721	0.00394063
1.07438	0.00353487
1.07432	0.00350534
1.0805	0.00351274
1.08569	0.00344028
1.08552	0.00325776
1.11728	0.0034939
1.13948	0.00498084
 FCN=3.85934 FROM MIGRAD    STATUS=CONVERGED      36 CALLS          37 TOTAL
                     EDM=1.36323e-16    STRATEGY= 1      ERROR MATRIX ACCURATE 
  EXT PARAMETER                                   STEP         FIRST   
  NO.   NAME      VALUE            ERROR          SIZE      DERIVATIVE 
   1  p0           1.06978e+00   1.78207e-03   1.38064e-06   8.53592e-06
   2  p1           1.87867e-02   1.25221e-03   9.70136e-07  -1.43737e-06
SaveSource cannot open file: /home/zhangfy/nl_target/toyMC/results/data_14943.C
1.07061	0.00393514
1.06728	0.00351151
1.07043	0.00349264
1.07766	0.00350353
1.07754	0.00341445
1.09232	0.00327816
1.11534	0.00348783
1.14135	0.004989
 FCN=2.89251 FROM MIGRAD    STATUS=CONVERGED      36 CALLS          37 TOTAL
                     EDM=1.28138e-15    STRATEGY= 1      ERROR MATRIX ACCURATE 
  EXT PARAMETER                                   STEP         FIRST   
  NO.   NAME      VALUE            ERROR          SIZE      DERIVATIVE 
   1  p0           1.06581e+00   1.77651e-03   1.23311e-06   1.85425e-05
   2  p1           2.05626e-02   1.25126e-03   8.68527e-07  -1.74805e-05
SaveSource cannot open file: /home/zhangfy/nl_target/toyMC/results/data_14944.C
1.06777	0.00392471
1.06969	0.00351945
1.07337	0.00350223
1.07714	0.00350181
1.08398	0.00343486
1.09374	0.00328243
1.11688	0.00349266
1.15023	0.0050278
 FCN=4.02768 FROM MIGRAD    STATUS=CONVERGED      36 CALLS          37 TOTAL
                     EDM=4.06526e-17    STRATEGY= 1      ERROR MATRIX ACCURATE 
  EXT PARAMETER                                   STEP         FIRST   
  NO.   NAME      VALUE            ERROR          SIZE      DERIVATIVE 
   1  p0           1.06678e+00   1.77994e-03   1.40430e-06  -6.61722e-06
   2  p1           2.18581e-02   1.25649e-03   9.91315e-07  -4.07662e-06
SaveSource cannot open file: /home/zhangfy/nl_target/toyMC/results/data_14945.C
1.06856	0.00392763
1.06861	0.00351587
1.07117	0.00349507
1.08374	0.00352329
1.07829	0.00341681
1.09069	0.00327328
1.11851	0.00349774
1.14778	0.00501712
 FCN=4.27503 FROM MIGRAD    STATUS=CONVERGED      36 CALLS          37 TOTAL
                     EDM=5.91229e-16    STRATEGY= 1      ERROR MATRIX ACCURATE 
  EXT PARAMETER                                   STEP         FIRST   
  NO.   NAME      VALUE            ERROR          SIZE      DERIVATIVE 
   1  p0           1.06614e+00   1.77887e-03   1.43753e-06   7.05120e-06
   2  p1           2.18218e-02   1.25570e-03   1.01475e-06   3.33476e-05
SaveSource cannot open file: /home/zhangfy/nl_target/toyMC/results/data_14946.C
1.06853	0.0039275
1.07338	0.00353159
1.07461	0.0035063
1.07777	0.00350389
1.07972	0.00342134
1.09045	0.00327256
1.11599	0.00348988
1.14562	0.00500768
 FCN=1.34961 FROM MIGRAD    STATUS=CONVERGED      36 CALLS          37 TOTAL
                     EDM=6.7774e-18    STRATEGY= 1      ERROR MATRIX ACCURATE 
  EXT PARAMETER                                   STEP         FIRST   
  NO.   NAME      VALUE            ERROR          SIZE      DERIVATIVE 
   1  p0           1.06744e+00   1.78013e-03   9.59415e-07  -9.85903e-07
   2  p1           2.04776e-02   1.25432e-03   6.76021e-07   1.78599e-06
SaveSource cannot open file: /home/zhangfy/nl_target/toyMC/results/data_14947.C
1.06933	0.00393044
1.06201	0.00349417
1.07259	0.0034997
1.08209	0.00351792
1.0804	0.00342351
1.09339	0.00328136
1.12206	0.00350885
1.15485	0.00504799
 FCN=7.91301 FROM MIGRAD    STATUS=CONVERGED      36 CALLS          37 TOTAL
                     EDM=3.57394e-16    STRATEGY= 1      ERROR MATRIX ACCURATE 
  EXT PARAMETER                                   STEP         FIRST   
  NO.   NAME      VALUE            ERROR          SIZE      DERIVATIVE 
   1  p0           1.06460e+00   1.77854e-03   1.86991e-06   1.15754e-05
   2  p1           2.42138e-02   1.25994e-03   1.32467e-06  -6.32778e-06
SaveSource cannot open file: /home/zhangfy/nl_target/toyMC/results/data_14948.C
1.06888	0.00392878
1.07011	0.00352081
1.07977	0.00352312
1.07914	0.00350831
1.08095	0.00342524
1.08828	0.00326604
1.1165	0.00349145
1.1403	0.0049844
 FCN=3.61394 FROM MIGRAD    STATUS=CONVERGED      36 CALLS          37 TOTAL
                     EDM=6.27013e-16    STRATEGY= 1      ERROR MATRIX ACCURATE 
  EXT PARAMETER                                   STEP         FIRST   
  NO.   NAME      VALUE            ERROR          SIZE      DERIVATIVE 
   1  p0           1.06859e+00   1.78041e-03   1.34451e-06   8.62905e-06
   2  p1           1.93401e-02   1.25197e-03   9.45448e-07  -1.83540e-05
SaveSource cannot open file: /home/zhangfy/nl_target/toyMC/results/data_14949.C
1.06543	0.00391612
1.07382	0.00353304
1.07295	0.00350088
1.08557	0.00352922
1.07733	0.00341377
1.09131	0.00327514
1.11705	0.00349318
1.14313	0.00499677
 FCN=7.48826 FROM MIGRAD    STATUS=CONVERGED      36 CALLS          37 TOTAL
                     EDM=4.69793e-16    STRATEGY= 1      ERROR MATRIX ACCURATE 
  EXT PARAMETER                                   STEP         FIRST   
  NO.   NAME      VALUE            ERROR          SIZE      DERIVATIVE 
   1  p0           1.06792e+00   1.77996e-03   1.82408e-06   2.15523e-05
   2  p1           2.03026e-02   1.25327e-03   1.28434e-06   1.06481e-05
SaveSource cannot open file: /home/zhangfy/nl_target/toyMC/results/data_14950.C
1.06993	0.00393265
1.07246	0.00352855
1.07711	0.00351444
1.08361	0.00352286
1.08219	0.00342917
1.08969	0.00327027
1.11972	0.00350154
1.14867	0.00502102
 FCN=2.64639 FROM MIGRAD    STATUS=CONVERGED      36 CALLS          37 TOTAL
                     EDM=1.50735e-16    STRATEGY= 1      ERROR MATRIX ACCURATE 
  EXT PARAMETER                                   STEP         FIRST   
  NO.   NAME      VALUE            ERROR          SIZE      DERIVATIVE 
   1  p0           1.06901e+00   1.78329e-03   1.19746e-06   7.54898e-06
   2  p1           2.09891e-02   1.25750e-03   8.44398e-07  -4.02727e-06
SaveSource cannot open file: /home/zhangfy/nl_target/toyMC/results/data_14951.C
1.06564	0.00391689
1.06656	0.00350913
1.07784	0.00351684
1.07525	0.00349568
1.08167	0.00342752
1.08851	0.00326674
1.1153	0.00348771
1.14624	0.00501037
 FCN=6.15514 FROM MIGRAD    STATUS=CONVERGED      36 CALLS          37 TOTAL
                     EDM=2.26353e-16    STRATEGY= 1      ERROR MATRIX ACCURATE 
  EXT PARAMETER                                   STEP         FIRST   
  NO.   NAME      VALUE            ERROR          SIZE      DERIVATIVE 
   1  p0           1.06561e+00   1.77762e-03   1.67237e-06   7.04756e-06
   2  p1           2.11137e-02   1.25372e-03   1.17949e-06  -8.43757e-06
SaveSource cannot open file: /home/zhangfy/nl_target/toyMC/results/data_14952.C
1.06954	0.0039312
1.06842	0.00351525
1.0667	0.00348049
1.07595	0.00349795
1.08009	0.00342251
1.09594	0.00328902
1.11486	0.00348632
1.14588	0.00500879
 FCN=8.10642 FROM MIGRAD    STATUS=CONVERGED      36 CALLS          37 TOTAL
                     EDM=7.52927e-16    STRATEGY= 1      ERROR MATRIX ACCURATE 
  EXT PARAMETER                                   STEP         FIRST   
  NO.   NAME      VALUE            ERROR          SIZE      DERIVATIVE 
   1  p0           1.06523e+00   1.77645e-03   1.88682e-06  -1.84055e-05
   2  p1           2.15904e-02   1.25311e-03   1.33095e-06   6.51642e-06
SaveSource cannot open file: /home/zhangfy/nl_target/toyMC/results/data_14953.C
1.07275	0.003943
1.07353	0.00353207
1.08019	0.00352449
1.07911	0.00350822
1.08144	0.0034268
1.09223	0.00327789
1.1209	0.00350523
1.14161	0.00499014
 FCN=2.07155 FROM MIGRAD    STATUS=CONVERGED      38 CALLS          39 TOTAL
                     EDM=5.66357e-16    STRATEGY= 1      ERROR MATRIX ACCURATE 
  EXT PARAMETER                                   STEP         FIRST   
  NO.   NAME      VALUE            ERROR          SIZE      DERIVATIVE 
   1  p0           1.07046e+00   1.78363e-03   1.09929e-06   3.71236e-06
   2  p1           1.97442e-02   1.25474e-03   7.73319e-07   3.02135e-05
SaveSource cannot open file: /home/zhangfy/nl_target/toyMC/results/data_14954.C
1.07035	0.00393418
1.06919	0.00351779
1.07623	0.00351159
1.07475	0.00349404
1.08	0.00342223
1.08947	0.00326959
1.11681	0.00349243
1.14619	0.00501014
 FCN=2.3916 FROM MIGRAD    STATUS=CONVERGED      36 CALLS          37 TOTAL
                     EDM=8.84646e-17    STRATEGY= 1      ERROR MATRIX ACCURATE 
  EXT PARAMETER                                   STEP         FIRST   
  NO.   NAME      VALUE            ERROR          SIZE      DERIVATIVE 
   1  p0           1.06642e+00   1.77908e-03   1.15213e-06   4.70021e-06
   2  p1           2.09951e-02   1.25467e-03   8.12521e-07  -4.82883e-06
SaveSource cannot open file: /home/zhangfy/nl_target/toyMC/results/data_14955.C
1.05948	0.00389424
1.07547	0.00353845
1.06731	0.00348247
1.07749	0.00350297
1.08046	0.00342369
1.08991	0.00327093
1.11111	0.00347461
1.14752	0.00501597
 FCN=13.7643 FROM MIGRAD    STATUS=CONVERGED      36 CALLS          37 TOTAL
                     EDM=9.53499e-16    STRATEGY= 1      ERROR MATRIX ACCURATE 
  EXT PARAMETER                                   STEP         FIRST   
  NO.   NAME      VALUE            ERROR          SIZE      DERIVATIVE 
   1  p0           1.06462e+00   1.77600e-03   2.40002e-06  -2.94577e-05
   2  p1           2.10560e-02   1.25255e-03   1.69265e-06  -1.13551e-05
SaveSource cannot open file: /home/zhangfy/nl_target/toyMC/results/data_14956.C
1.07088	0.00393613
1.07347	0.00353186
1.07077	0.00349377
1.07945	0.00350933
1.08338	0.00343294
1.09249	0.00327868
1.11861	0.00349806
1.1351	0.00496169
 FCN=3.36935 FROM MIGRAD    STATUS=CONVERGED      36 CALLS          37 TOTAL
                     EDM=2.04997e-15    STRATEGY= 1      ERROR MATRIX ACCURATE 
  EXT PARAMETER                                   STEP         FIRST   
  NO.   NAME      VALUE            ERROR          SIZE      DERIVATIVE 
   1  p0           1.06926e+00   1.77975e-03   1.30890e-06   3.29911e-05
   2  p1           1.90838e-02   1.24992e-03   9.19243e-07  -5.87936e-06
SaveSource cannot open file: /home/zhangfy/nl_target/toyMC/results/data_14957.C
1.07378	0.00394681
1.07259	0.00352899
1.07369	0.00350329
1.08326	0.00352172
1.08102	0.00342547
1.09605	0.00328935
1.12079	0.00350487
1.14734	0.00501518
 FCN=2.60604 FROM MIGRAD    STATUS=CONVERGED      36 CALLS          37 TOTAL
                     EDM=6.42999e-17    STRATEGY= 1      ERROR MATRIX ACCURATE 
  EXT PARAMETER                                   STEP         FIRST   
  NO.   NAME      VALUE            ERROR          SIZE      DERIVATIVE 
   1  p0           1.06968e+00   1.78357e-03   1.19168e-06  -5.11511e-06
   2  p1           2.11109e-02   1.25724e-03   8.40017e-07   2.31821e-06
SaveSource cannot open file: /home/zhangfy/nl_target/toyMC/results/data_14958.C
1.07805	0.00396249
1.06855	0.00351569
1.07076	0.00349373
1.07291	0.00348809
1.08622	0.00344194
1.08963	0.00327007
1.11868	0.00349827
1.14845	0.00502004
 FCN=10.6833 FROM MIGRAD    STATUS=CONVERGED      36 CALLS          37 TOTAL
                     EDM=1.61182e-15    STRATEGY= 1      ERROR MATRIX ACCURATE 
  EXT PARAMETER                                   STEP         FIRST   
  NO.   NAME      VALUE            ERROR          SIZE      DERIVATIVE 
   1  p0           1.06698e+00   1.78058e-03   2.14038e-06   2.86014e-05
   2  p1           2.14625e-02   1.25665e-03   1.51058e-06  -6.37361e-06
SaveSource cannot open file: /home/zhangfy/nl_target/toyMC/results/data_14959.C
1.06967	0.0039317
1.07456	0.00353547
1.06915	0.00348849
1.08423	0.00352489
1.08044	0.00342363
1.09605	0.00328936
1.11691	0.00349276
1.14851	0.0050203
 FCN=8.1628 FROM MIGRAD    STATUS=CONVERGED      36 CALLS          37 TOTAL
                     EDM=8.92733e-16    STRATEGY= 1      ERROR MATRIX ACCURATE 
  EXT PARAMETER                                   STEP         FIRST   
  NO.   NAME      VALUE            ERROR          SIZE      DERIVATIVE 
   1  p0           1.06850e+00   1.78177e-03   1.89751e-06   2.94653e-05
   2  p1           2.10963e-02   1.25609e-03   1.33769e-06   1.39931e-05
SaveSource cannot open file: /home/zhangfy/nl_target/toyMC/results/data_14960.C
1.06952	0.00393115
1.07663	0.00354228
1.07598	0.00351075
1.08337	0.00352209
1.0861	0.00344157
1.08687	0.00326182
1.11763	0.003495
1.15	0.00502682
 FCN=7.14297 FROM MIGRAD    STATUS=CONVERGED      36 CALLS          37 TOTAL
                     EDM=1.99648e-15    STRATEGY= 1      ERROR MATRIX ACCURATE 
  EXT PARAMETER                                   STEP         FIRST   
  NO.   NAME      VALUE            ERROR          SIZE      DERIVATIVE 
   1  p0           1.06990e+00   1.78484e-03   1.78987e-06   5.65696e-07
   2  p1           2.03162e-02   1.25780e-03   1.26134e-06  -4.96780e-05
SaveSource cannot open file: /home/zhangfy/nl_target/toyMC/results/data_14961.C
1.0717	0.00393916
1.0729	0.00353001
1.0765	0.00351245
1.07588	0.00349774
1.07766	0.00341483
1.08794	0.00326501
1.11317	0.00348106
1.15119	0.00503199
 FCN=7.18421 FROM MIGRAD    STATUS=CONVERGED      36 CALLS          37 TOTAL
                     EDM=6.14388e-16    STRATEGY= 1      ERROR MATRIX ACCURATE 
  EXT PARAMETER                                   STEP         FIRST   
  NO.   NAME      VALUE            ERROR          SIZE      DERIVATIVE 
   1  p0           1.06686e+00   1.78100e-03   1.78989e-06   7.23240e-07
   2  p1           2.06322e-02   1.25642e-03   1.26269e-06   2.86021e-05
SaveSource cannot open file: /home/zhangfy/nl_target/toyMC/results/data_14962.C
1.06723	0.00392271
1.07113	0.00352416
1.0812	0.00352778
1.0838	0.00352348
1.0861	0.00344157
1.08889	0.00326786
1.12049	0.00350395
1.15261	0.00503821
 FCN=9.05779 FROM MIGRAD    STATUS=CONVERGED      36 CALLS          37 TOTAL
                     EDM=7.26028e-17    STRATEGY= 1      ERROR MATRIX ACCURATE 
  EXT PARAMETER                                   STEP         FIRST   
  NO.   NAME      VALUE            ERROR          SIZE      DERIVATIVE 
   1  p0           1.06928e+00   1.78459e-03   1.99035e-06  -2.81356e-06
   2  p1           2.16015e-02   1.25972e-03   1.40496e-06   6.35964e-06
SaveSource cannot open file: /home/zhangfy/nl_target/toyMC/results/data_14963.C
1.05975	0.00389524
1.07681	0.00354288
1.07468	0.00350651
1.07754	0.00350312
1.08767	0.00344653
1.09181	0.00327664
1.12153	0.0035072
1.14275	0.0049951
 FCN=13.8102 FROM MIGRAD    STATUS=CONVERGED      36 CALLS          37 TOTAL
                     EDM=7.63684e-17    STRATEGY= 1      ERROR MATRIX ACCURATE 
  EXT PARAMETER                                   STEP         FIRST   
  NO.   NAME      VALUE            ERROR          SIZE      DERIVATIVE 
   1  p0           1.06811e+00   1.78018e-03   2.41170e-06  -3.59809e-06
   2  p1           2.11563e-02   1.25436e-03   1.69934e-06   5.60031e-06
SaveSource cannot open file: /home/zhangfy/nl_target/toyMC/results/data_14964.C
1.06984	0.00393233
1.07438	0.00353487
1.06984	0.00349072
1.07844	0.00350607
1.08376	0.00343415
1.09356	0.00328187
1.11811	0.00349649
1.15569	0.00505169
 FCN=5.66558 FROM MIGRAD    STATUS=CONVERGED      36 CALLS          37 TOTAL
                     EDM=3.10824e-16    STRATEGY= 1      ERROR MATRIX ACCURATE 
  EXT PARAMETER                                   STEP         FIRST   
  NO.   NAME      VALUE            ERROR          SIZE      DERIVATIVE 
   1  p0           1.06704e+00   1.78199e-03   1.61841e-06  -5.88996e-06
   2  p1           2.26162e-02   1.25997e-03   1.14431e-06  -2.46336e-05
SaveSource cannot open file: /home/zhangfy/nl_target/toyMC/results/data_14965.C
1.0678	0.0039248
1.06749	0.00351219
1.07472	0.00350665
1.07624	0.0034989
1.08161	0.00342734
1.09635	0.00329026
1.11988	0.00350204
1.15042	0.00502867
 FCN=4.81434 FROM MIGRAD    STATUS=CONVERGED      36 CALLS          37 TOTAL
                     EDM=2.49261e-16    STRATEGY= 1      ERROR MATRIX ACCURATE 
  EXT PARAMETER                                   STEP         FIRST   
  NO.   NAME      VALUE            ERROR          SIZE      DERIVATIVE 
   1  p0           1.06613e+00   1.77925e-03   1.51049e-06   3.08556e-06
   2  p1           2.27800e-02   1.25739e-03   1.06746e-06  -1.44505e-05
SaveSource cannot open file: /home/zhangfy/nl_target/toyMC/results/data_14966.C
1.07185	0.0039397
1.07485	0.00353642
1.07197	0.00349767
1.0848	0.00352672
1.07774	0.00341508
1.08826	0.00326598
1.11215	0.00347787
1.14539	0.00500665
 FCN=7.77924 FROM MIGRAD    STATUS=CONVERGED      36 CALLS          37 TOTAL
                     EDM=8.62873e-16    STRATEGY= 1      ERROR MATRIX ACCURATE 
  EXT PARAMETER                                   STEP         FIRST   
  NO.   NAME      VALUE            ERROR          SIZE      DERIVATIVE 
   1  p0           1.06873e+00   1.78168e-03   1.85454e-06  -3.18124e-05
   2  p1           1.91417e-02   1.25336e-03   1.30461e-06  -3.77334e-05
SaveSource cannot open file: /home/zhangfy/nl_target/toyMC/results/data_14967.C
1.06859	0.00392772
1.07208	0.00352731
1.07485	0.00350707
1.08068	0.00351333
1.08258	0.00343042
1.09509	0.00328646
1.11627	0.00349075
1.14672	0.00501247
 FCN=3.32492 FROM MIGRAD    STATUS=CONVERGED      36 CALLS          37 TOTAL
                     EDM=2.36193e-16    STRATEGY= 1      ERROR MATRIX ACCURATE 
  EXT PARAMETER                                   STEP         FIRST   
  NO.   NAME      VALUE            ERROR          SIZE      DERIVATIVE 
   1  p0           1.06881e+00   1.78170e-03   1.30342e-06   6.40961e-06
   2  p1           2.05884e-02   1.25502e-03   9.18122e-07  -9.71860e-06
SaveSource cannot open file: /home/zhangfy/nl_target/toyMC/results/data_14968.C
1.07339	0.00394534
1.0663	0.00350828
1.07578	0.00351012
1.07718	0.00350196
1.0861	0.00344156
1.09316	0.00328067
1.11876	0.00349854
1.14499	0.00500489
 FCN=6.23236 FROM MIGRAD    STATUS=CONVERGED      36 CALLS          37 TOTAL
                     EDM=1.9386e-17    STRATEGY= 1      ERROR MATRIX ACCURATE 
  EXT PARAMETER                                   STEP         FIRST   
  NO.   NAME      VALUE            ERROR          SIZE      DERIVATIVE 
   1  p0           1.06833e+00   1.78094e-03   1.68523e-06  -4.77628e-06
   2  p1           2.08729e-02   1.25485e-03   1.18741e-06  -5.57257e-06
SaveSource cannot open file: /home/zhangfy/nl_target/toyMC/results/data_14969.C
1.07153	0.00393853
1.06563	0.00350609
1.07337	0.00350226
1.08078	0.00351364
1.08202	0.00342863
1.09839	0.00329637
1.12077	0.00350482
1.14178	0.0049909
 FCN=9.41898 FROM MIGRAD    STATUS=CONVERGED      36 CALLS          37 TOTAL
                     EDM=4.06322e-17    STRATEGY= 1      ERROR MATRIX ACCURATE 
  EXT PARAMETER                                   STEP         FIRST   
  NO.   NAME      VALUE            ERROR          SIZE      DERIVATIVE 
   1  p0           1.06816e+00   1.77958e-03   2.02298e-06  -1.25347e-06
   2  p1           2.12123e-02   1.25355e-03   1.42501e-06   5.84325e-06
SaveSource cannot open file: /home/zhangfy/nl_target/toyMC/results/data_14970.C
1.07516	0.00395186
1.07687	0.00354308
1.07449	0.00350588
1.07943	0.00350926
1.08029	0.00342315
1.08677	0.00326152
1.11524	0.00348753
1.13954	0.00498107
 FCN=2.62596 FROM MIGRAD    STATUS=CONVERGED      36 CALLS          37 TOTAL
                     EDM=3.00358e-15    STRATEGY= 1      ERROR MATRIX ACCURATE 
  EXT PARAMETER                                   STEP         FIRST   
  NO.   NAME      VALUE            ERROR          SIZE      DERIVATIVE 
   1  p0           1.07004e+00   1.78258e-03   1.19230e-06   9.43907e-06
   2  p1           1.82242e-02   1.25194e-03   8.37380e-07  -5.18134e-05
SaveSource cannot open file: /home/zhangfy/nl_target/toyMC/results/data_14971.C
1.07129	0.00393766
1.07222	0.00352775
1.07652	0.00351253
1.0832	0.00352151
1.07858	0.00341774
1.09353	0.0032818
1.11423	0.00348435
1.14762	0.0050164
 FCN=5.45297 FROM MIGRAD    STATUS=CONVERGED      36 CALLS          37 TOTAL
                     EDM=1.63407e-16    STRATEGY= 1      ERROR MATRIX ACCURATE 
  EXT PARAMETER                                   STEP         FIRST   
  NO.   NAME      VALUE            ERROR          SIZE      DERIVATIVE 
   1  p0           1.06927e+00   1.78272e-03   1.59191e-06   1.79096e-06
   2  p1           1.99605e-02   1.25516e-03   1.12082e-06  -1.25205e-05
SaveSource cannot open file: /home/zhangfy/nl_target/toyMC/results/data_14972.C
1.06694	0.00392167
1.07233	0.00352812
1.06866	0.00348686
1.07856	0.00350644
1.08132	0.00342643
1.09215	0.00327766
1.12368	0.00351392
1.14423	0.00500161
 FCN=3.25823 FROM MIGRAD    STATUS=CONVERGED      36 CALLS          37 TOTAL
                     EDM=3.3193e-15    STRATEGY= 1      ERROR MATRIX ACCURATE 
  EXT PARAMETER                                   STEP         FIRST   
  NO.   NAME      VALUE            ERROR          SIZE      DERIVATIVE 
   1  p0           1.06597e+00   1.77810e-03   1.29204e-06  -3.34475e-05
   2  p1           2.23974e-02   1.25550e-03   9.12298e-07   2.23615e-05
SaveSource cannot open file: /home/zhangfy/nl_target/toyMC/results/data_14973.C
1.06811	0.00392594
1.07078	0.00352303
1.07492	0.0035073
1.07522	0.00349559
1.08294	0.00343155
1.09167	0.00327621
1.12056	0.00350415
1.15379	0.00504337
 FCN=2.43088 FROM MIGRAD    STATUS=CONVERGED      36 CALLS          37 TOTAL
                     EDM=6.79722e-17    STRATEGY= 1      ERROR MATRIX ACCURATE 
  EXT PARAMETER                                   STEP         FIRST   
  NO.   NAME      VALUE            ERROR          SIZE      DERIVATIVE 
   1  p0           1.06603e+00   1.78053e-03   1.16045e-06   7.61198e-06
   2  p1           2.30240e-02   1.25961e-03   8.20942e-07   2.40453e-06
SaveSource cannot open file: /home/zhangfy/nl_target/toyMC/results/data_14974.C
1.07679	0.00395786
1.07354	0.0035321
1.0743	0.00350527
1.07418	0.00349222
1.07913	0.00341948
1.09444	0.00328453
1.11638	0.00349107
1.15136	0.00503276
 FCN=8.11608 FROM MIGRAD    STATUS=CONVERGED      34 CALLS          35 TOTAL
                     EDM=3.34883e-17    STRATEGY= 1      ERROR MATRIX ACCURATE 
  EXT PARAMETER                                   STEP         FIRST   
  NO.   NAME      VALUE            ERROR          SIZE      DERIVATIVE 
   1  p0           1.06811e+00   1.78266e-03   1.89206e-06  -4.77874e-06
   2  p1           2.11326e-02   1.25786e-03   1.33505e-06  -3.92513e-07
SaveSource cannot open file: /home/zhangfy/nl_target/toyMC/results/data_14975.C
1.06617	0.00391883
1.07419	0.00353425
1.07135	0.00349565
1.0814	0.00351569
1.07994	0.00342204
1.09691	0.00329195
1.11412	0.00348403
1.14539	0.00500666
 FCN=8.75122 FROM MIGRAD    STATUS=CONVERGED      36 CALLS          37 TOTAL
                     EDM=1.32502e-16    STRATEGY= 1      ERROR MATRIX ACCURATE 
  EXT PARAMETER                                   STEP         FIRST   
  NO.   NAME      VALUE            ERROR          SIZE      DERIVATIVE 
   1  p0           1.06818e+00   1.78018e-03   1.95567e-06  -1.09996e-05
   2  p1           2.03728e-02   1.25336e-03   1.37692e-06  -4.35406e-06
SaveSource cannot open file: /home/zhangfy/nl_target/toyMC/results/data_14976.C
1.06253	0.00390543
1.07014	0.00352093
1.07317	0.00350159
1.08338	0.00352213
1.08196	0.00342846
1.09196	0.00327708
1.12065	0.00350443
1.14974	0.00502568
 FCN=5.96521 FROM MIGRAD    STATUS=CONVERGED      36 CALLS          37 TOTAL
                     EDM=6.84688e-17    STRATEGY= 1      ERROR MATRIX ACCURATE 
  EXT PARAMETER                                   STEP         FIRST   
  NO.   NAME      VALUE            ERROR          SIZE      DERIVATIVE 
   1  p0           1.06624e+00   1.77934e-03   1.65320e-06  -1.88171e-06
   2  p1           2.26333e-02   1.25721e-03   1.16808e-06  -1.09532e-05
SaveSource cannot open file: /home/zhangfy/nl_target/toyMC/results/data_14977.C
1.0703	0.00393399
1.06829	0.00351483
1.07724	0.00351488
1.07456	0.00349343
1.07886	0.00341862
1.08787	0.00326481
1.1174	0.00349428
1.14654	0.00501168
 FCN=3.61306 FROM MIGRAD    STATUS=CONVERGED      36 CALLS          37 TOTAL
                     EDM=8.69214e-17    STRATEGY= 1      ERROR MATRIX ACCURATE 
  EXT PARAMETER                                   STEP         FIRST   
  NO.   NAME      VALUE            ERROR          SIZE      DERIVATIVE 
   1  p0           1.06588e+00   1.77865e-03   1.34327e-06   9.53376e-06
   2  p1           2.12111e-02   1.25498e-03   9.47782e-07   5.41300e-06
SaveSource cannot open file: /home/zhangfy/nl_target/toyMC/results/data_14978.C
1.0751	0.00395165
1.07512	0.00353731
1.07359	0.00350297
1.07807	0.00350483
1.08084	0.0034249
1.09048	0.00327265
1.11425	0.00348442
1.14521	0.00500587
 FCN=2.82777 FROM MIGRAD    STATUS=CONVERGED      36 CALLS          37 TOTAL
                     EDM=2.03199e-16    STRATEGY= 1      ERROR MATRIX ACCURATE 
  EXT PARAMETER                                   STEP         FIRST   
  NO.   NAME      VALUE            ERROR          SIZE      DERIVATIVE 
   1  p0           1.06927e+00   1.78257e-03   1.22541e-06   3.83584e-06
   2  p1           1.93589e-02   1.25422e-03   8.62195e-07  -1.18015e-05
SaveSource cannot open file: /home/zhangfy/nl_target/toyMC/results/data_14979.C
1.07082	0.00393593
1.07157	0.00352564
1.08215	0.0035309
1.07908	0.00350814
1.08043	0.00342362
1.09321	0.00328083
1.12	0.00350242
1.15085	0.00503054
 FCN=5.44434 FROM MIGRAD    STATUS=CONVERGED      36 CALLS          37 TOTAL
                     EDM=9.46093e-16    STRATEGY= 1      ERROR MATRIX ACCURATE 
  EXT PARAMETER                                   STEP         FIRST   
  NO.   NAME      VALUE            ERROR          SIZE      DERIVATIVE 
   1  p0           1.06913e+00   1.78402e-03   1.59266e-06  -1.09206e-05
   2  p1           2.13893e-02   1.25886e-03   1.12383e-06   2.19708e-05
SaveSource cannot open file: /home/zhangfy/nl_target/toyMC/results/data_14980.C
1.06906	0.00392944
1.07322	0.00353104
1.06999	0.0034912
1.0809	0.00351404
1.07762	0.00341471
1.09233	0.0032782
1.119	0.00349927
1.14258	0.00499439
 FCN=3.08207 FROM MIGRAD    STATUS=CONVERGED      36 CALLS          37 TOTAL
                     EDM=3.3914e-15    STRATEGY= 1      ERROR MATRIX ACCURATE 
  EXT PARAMETER                                   STEP         FIRST   
  NO.   NAME      VALUE            ERROR          SIZE      DERIVATIVE 
   1  p0           1.06708e+00   1.77894e-03   1.26461e-06   3.85592e-05
   2  p1           2.08699e-02   1.25353e-03   8.91106e-07  -1.46106e-05
SaveSource cannot open file: /home/zhangfy/nl_target/toyMC/results/data_14981.C
1.07416	0.00394818
1.06859	0.00351581
1.07329	0.003502
1.07936	0.00350905
1.07949	0.00342062
1.0921	0.00327751
1.11476	0.00348603
1.14486	0.00500434
 FCN=3.44763 FROM MIGRAD    STATUS=CONVERGED      36 CALLS          37 TOTAL
                     EDM=4.16622e-16    STRATEGY= 1      ERROR MATRIX ACCURATE 
  EXT PARAMETER                                   STEP         FIRST   
  NO.   NAME      VALUE            ERROR          SIZE      DERIVATIVE 
   1  p0           1.06775e+00   1.78011e-03   1.32001e-06   1.17246e-05
   2  p1           2.01635e-02   1.25354e-03   9.29535e-07  -8.10748e-06
SaveSource cannot open file: /home/zhangfy/nl_target/toyMC/results/data_14982.C
1.06843	0.00392713
1.07632	0.00354124
1.07144	0.00349595
1.07353	0.00349008
1.08692	0.00344416
1.09349	0.00328167
1.12733	0.00352533
1.13927	0.00497992
 FCN=12.8783 FROM MIGRAD    STATUS=CONVERGED      36 CALLS          37 TOTAL
                     EDM=1.76843e-17    STRATEGY= 1      ERROR MATRIX ACCURATE 
  EXT PARAMETER                                   STEP         FIRST   
  NO.   NAME      VALUE            ERROR          SIZE      DERIVATIVE 
   1  p0           1.06834e+00   1.78032e-03   2.33584e-06   6.71123e-07
   2  p1           2.15323e-02   1.25477e-03   1.64630e-06   5.34914e-06
SaveSource cannot open file: /home/zhangfy/nl_target/toyMC/results/data_14983.C
1.07401	0.00394765
1.07133	0.00352483
1.07137	0.00349573
1.0765	0.00349975
1.08522	0.00343879
1.08558	0.00325792
1.11398	0.00348358
1.14387	0.00500002
 FCN=5.82522 FROM MIGRAD    STATUS=CONVERGED      36 CALLS          37 TOTAL
                     EDM=5.51975e-17    STRATEGY= 1      ERROR MATRIX ACCURATE 
  EXT PARAMETER                                   STEP         FIRST   
  NO.   NAME      VALUE            ERROR          SIZE      DERIVATIVE 
   1  p0           1.06768e+00   1.78011e-03   1.63421e-06  -8.19313e-06
   2  p1           1.95528e-02   1.25289e-03   1.15019e-06  -7.70268e-06
SaveSource cannot open file: /home/zhangfy/nl_target/toyMC/results/data_14984.C
1.07587	0.00395449
1.07335	0.00353149
1.07274	0.0035002
1.07572	0.00349722
1.08102	0.00342547
1.09476	0.00328549
1.12062	0.00350435
1.13848	0.00497643
 FCN=4.88869 FROM MIGRAD    STATUS=CONVERGED      36 CALLS          37 TOTAL
                     EDM=2.23699e-16    STRATEGY= 1      ERROR MATRIX ACCURATE 
  EXT PARAMETER                                   STEP         FIRST   
  NO.   NAME      VALUE            ERROR          SIZE      DERIVATIVE 
   1  p0           1.06932e+00   1.78111e-03   1.52061e-06   6.79010e-06
   2  p1           1.98259e-02   1.25266e-03   1.06945e-06  -8.69120e-06
SaveSource cannot open file: /home/zhangfy/nl_target/toyMC/results/data_14985.C
1.0773	0.00395973
1.07116	0.00352426
1.07465	0.00350641
1.082	0.00351764
1.07482	0.00340581
1.09776	0.00329447
1.12035	0.00350351
1.15089	0.00503072
 FCN=10.8211 FROM MIGRAD    STATUS=CONVERGED      36 CALLS          37 TOTAL
                     EDM=2.38249e-15    STRATEGY= 1      ERROR MATRIX ACCURATE 
  EXT PARAMETER                                   STEP         FIRST   
  NO.   NAME      VALUE            ERROR          SIZE      DERIVATIVE 
   1  p0           1.06870e+00   1.78340e-03   2.15698e-06   3.59887e-06
   2  p1           2.17835e-02   1.25896e-03   1.52268e-06   5.82424e-05
SaveSource cannot open file: /home/zhangfy/nl_target/toyMC/results/data_14986.C
1.06701	0.00392191
1.0789	0.00354975
1.0795	0.00352224
1.08291	0.00352058
1.08876	0.00344999
1.08898	0.00326814
1.12325	0.00351256
1.14408	0.00500091
 FCN=8.78199 FROM MIGRAD    STATUS=CONVERGED      36 CALLS          37 TOTAL
                     EDM=1.64382e-15    STRATEGY= 1      ERROR MATRIX ACCURATE 
  EXT PARAMETER                                   STEP         FIRST   
  NO.   NAME      VALUE            ERROR          SIZE      DERIVATIVE 
   1  p0           1.07169e+00   1.78597e-03   1.96446e-06  -9.83142e-06
   2  p1           2.00245e-02   1.25691e-03   1.38252e-06   3.48039e-05
SaveSource cannot open file: /home/zhangfy/nl_target/toyMC/results/data_14987.C
1.06967	0.00393171
1.06998	0.00352041
1.06614	0.00347866
1.08195	0.00351747
1.08265	0.00343063
1.09186	0.00327677
1.12432	0.0035159
1.15519	0.00504949
 FCN=5.01898 FROM MIGRAD    STATUS=CONVERGED      36 CALLS          37 TOTAL
                     EDM=2.03851e-16    STRATEGY= 1      ERROR MATRIX ACCURATE 
  EXT PARAMETER                                   STEP         FIRST   
  NO.   NAME      VALUE            ERROR          SIZE      DERIVATIVE 
   1  p0           1.06510e+00   1.77972e-03   1.53751e-06  -6.61149e-06
   2  p1           2.43374e-02   1.26115e-03   1.08952e-06  -2.09915e-05
SaveSource cannot open file: /home/zhangfy/nl_target/toyMC/results/data_14988.C
1.07198	0.0039402
1.07581	0.00353956
1.06833	0.00348581
1.08097	0.00351429
1.08195	0.00342842
1.09164	0.00327612
1.11163	0.00347624
1.13843	0.00497623
 FCN=5.66211 FROM MIGRAD    STATUS=CONVERGED      36 CALLS          37 TOTAL
                     EDM=1.03268e-16    STRATEGY= 1      ERROR MATRIX ACCURATE 
  EXT PARAMETER                                   STEP         FIRST   
  NO.   NAME      VALUE            ERROR          SIZE      DERIVATIVE 
   1  p0           1.06941e+00   1.78036e-03   1.61514e-06  -3.54141e-06
   2  p1           1.81752e-02   1.24952e-03   1.13355e-06   7.41028e-06
SaveSource cannot open file: /home/zhangfy/nl_target/toyMC/results/data_14989.C
1.07884	0.00396539
1.06818	0.00351447
1.07564	0.00350965
1.07392	0.00349137
1.07883	0.00341854
1.09036	0.00327228
1.11649	0.00349144
1.15132	0.00503258
 FCN=10.2375 FROM MIGRAD    STATUS=CONVERGED      36 CALLS          37 TOTAL
                     EDM=8.41862e-16    STRATEGY= 1      ERROR MATRIX ACCURATE 
  EXT PARAMETER                                   STEP         FIRST   
  NO.   NAME      VALUE            ERROR          SIZE      DERIVATIVE 
   1  p0           1.06689e+00   1.78128e-03   2.09876e-06   3.16337e-05
   2  p1           2.13493e-02   1.25763e-03   1.48178e-06   3.60389e-05
SaveSource cannot open file: /home/zhangfy/nl_target/toyMC/results/data_14990.C
1.06547	0.00391624
1.07007	0.0035207
1.07445	0.00350578
1.08071	0.00351344
1.08143	0.00342676
1.09109	0.00327447
1.11538	0.00348796
1.14607	0.00500962
 FCN=3.60521 FROM MIGRAD    STATUS=CONVERGED      36 CALLS          37 TOTAL
                     EDM=3.17539e-15    STRATEGY= 1      ERROR MATRIX ACCURATE 
  EXT PARAMETER                                   STEP         FIRST   
  NO.   NAME      VALUE            ERROR          SIZE      DERIVATIVE 
   1  p0           1.06702e+00   1.77920e-03   1.34303e-06   3.05159e-05
   2  p1           2.07954e-02   1.25390e-03   9.46503e-07  -2.53421e-05
SaveSource cannot open file: /home/zhangfy/nl_target/toyMC/results/data_14991.C
1.07132	0.00393774
1.07814	0.00354725
1.07092	0.00349424
1.08308	0.00352113
1.08594	0.00344106
1.09038	0.00327234
1.11919	0.00349986
1.13914	0.00497935
 FCN=5.2709 FROM MIGRAD    STATUS=CONVERGED      36 CALLS          37 TOTAL
                     EDM=1.77731e-15    STRATEGY= 1      ERROR MATRIX ACCURATE 
  EXT PARAMETER                                   STEP         FIRST   
  NO.   NAME      VALUE            ERROR          SIZE      DERIVATIVE 
   1  p0           1.07087e+00   1.78320e-03   1.57029e-06  -2.88534e-05
   2  p1           1.90149e-02   1.25277e-03   1.10319e-06   8.78969e-06
SaveSource cannot open file: /home/zhangfy/nl_target/toyMC/results/data_14992.C
1.07293	0.00394367
1.0692	0.00351783
1.07442	0.00350566
1.07259	0.00348702
1.07831	0.00341688
1.09428	0.00328406
1.12274	0.00351097
1.14139	0.00498918
 FCN=6.67014 FROM MIGRAD    STATUS=CONVERGED      36 CALLS          37 TOTAL
                     EDM=4.01221e-15    STRATEGY= 1      ERROR MATRIX ACCURATE 
  EXT PARAMETER                                   STEP         FIRST   
  NO.   NAME      VALUE            ERROR          SIZE      DERIVATIVE 
   1  p0           1.06659e+00   1.77840e-03   1.73373e-06  -6.53814e-06
   2  p1           2.15453e-02   1.25416e-03   1.22266e-06  -7.75372e-05
SaveSource cannot open file: /home/zhangfy/nl_target/toyMC/results/data_14993.C
1.07779	0.00396152
1.07192	0.00352677
1.07604	0.00351096
1.07827	0.0035055
1.0806	0.00342415
1.09343	0.00328148
1.1173	0.00349398
1.15191	0.00503517
 FCN=5.4367 FROM MIGRAD    STATUS=CONVERGED      36 CALLS          37 TOTAL
                     EDM=3.5261e-16    STRATEGY= 1      ERROR MATRIX ACCURATE 
  EXT PARAMETER                                   STEP         FIRST   
  NO.   NAME      VALUE            ERROR          SIZE      DERIVATIVE 
   1  p0           1.06914e+00   1.78422e-03   1.59117e-06   1.12127e-05
   2  p1           2.09946e-02   1.25866e-03   1.12248e-06  -6.69410e-06
SaveSource cannot open file: /home/zhangfy/nl_target/toyMC/results/data_14994.C
1.07358	0.00394605
1.07913	0.00355049
1.07626	0.00351167
1.07984	0.00351059
1.08322	0.00343245
1.09047	0.00327262
1.11546	0.00348822
1.15167	0.00503411
 FCN=6.0556 FROM MIGRAD    STATUS=CONVERGED      36 CALLS          37 TOTAL
                     EDM=3.24839e-16    STRATEGY= 1      ERROR MATRIX ACCURATE 
  EXT PARAMETER                                   STEP         FIRST   
  NO.   NAME      VALUE            ERROR          SIZE      DERIVATIVE 
   1  p0           1.07055e+00   1.78606e-03   1.66655e-06   5.23085e-06
   2  p1           1.99590e-02   1.25834e-03   1.17413e-06  -1.43821e-05
SaveSource cannot open file: /home/zhangfy/nl_target/toyMC/results/data_14995.C
1.07376	0.00394673
1.07306	0.00353053
1.07286	0.00350059
1.07995	0.00351097
1.08394	0.00343471
1.09041	0.00327242
1.1239	0.00351461
1.14443	0.00500245
 FCN=1.87051 FROM MIGRAD    STATUS=CONVERGED      34 CALLS          35 TOTAL
                     EDM=8.62025e-16    STRATEGY= 1      ERROR MATRIX ACCURATE 
  EXT PARAMETER                                   STEP         FIRST   
  NO.   NAME      VALUE            ERROR          SIZE      DERIVATIVE 
   1  p0           1.06886e+00   1.78240e-03   1.06252e-06  -1.18086e-05
   2  p1           2.12056e-02   1.25669e-03   7.49132e-07   1.91446e-05
SaveSource cannot open file: /home/zhangfy/nl_target/toyMC/results/data_14996.C
1.07513	0.00395174
1.0764	0.00354152
1.07439	0.00350558
1.08593	0.0035304
1.07927	0.00341992
1.0912	0.00327479
1.12096	0.00350542
1.14767	0.00501664
 FCN=4.58788 FROM MIGRAD    STATUS=CONVERGED      36 CALLS          37 TOTAL
                     EDM=9.10565e-16    STRATEGY= 1      ERROR MATRIX ACCURATE 
  EXT PARAMETER                                   STEP         FIRST   
  NO.   NAME      VALUE            ERROR          SIZE      DERIVATIVE 
   1  p0           1.07043e+00   1.78530e-03   1.48365e-06  -2.57417e-06
   2  p1           2.04948e-02   1.25802e-03   1.04546e-06   3.12849e-05
SaveSource cannot open file: /home/zhangfy/nl_target/toyMC/results/data_14997.C
1.06738	0.00392326
1.06391	0.00350043
1.0683	0.00348572
1.08154	0.00351615
1.08349	0.00343331
1.09504	0.00328632
1.12327	0.00351265
1.15829	0.00506306
 FCN=7.63057 FROM MIGRAD    STATUS=CONVERGED      36 CALLS          37 TOTAL
                     EDM=6.46356e-17    STRATEGY= 1      ERROR MATRIX ACCURATE 
  EXT PARAMETER                                   STEP         FIRST   
  NO.   NAME      VALUE            ERROR          SIZE      DERIVATIVE 
   1  p0           1.06400e+00   1.77841e-03   1.84079e-06  -4.03006e-06
   2  p1           2.53068e-02   1.26178e-03   1.30604e-06   4.09221e-06
SaveSource cannot open file: /home/zhangfy/nl_target/toyMC/results/data_14998.C
1.07688	0.00395818
1.06836	0.00351507
1.08097	0.00352705
1.07694	0.00350118
1.07315	0.00340054
1.09102	0.00327426
1.12967	0.00353265
1.15218	0.00503635
 FCN=16.8022 FROM MIGRAD    STATUS=CONVERGED      36 CALLS          37 TOTAL
                     EDM=2.56303e-16    STRATEGY= 1      ERROR MATRIX ACCURATE 
  EXT PARAMETER                                   STEP         FIRST   
  NO.   NAME      VALUE            ERROR          SIZE      DERIVATIVE 
   1  p0           1.06651e+00   1.78239e-03   2.64641e-06   1.23842e-05
   2  p1           2.38131e-02   1.26257e-03   1.87462e-06  -6.39619e-07
SaveSource cannot open file: /home/zhangfy/nl_target/toyMC/results/data_14999.C
