000 (8910033.000.000) 08/30 16:47:26 Job submitted from host: <10.10.47.121:35195>
...
001 (8910033.000.000) 08/30 16:47:43 Job executing on host: <10.10.47.136:37181>
...
006 (8910033.000.000) 08/30 16:47:52 Image size of job updated: 315628
	30  -  MemoryUsage of job (MB)
	30644  -  ResidentSetSize of job (KB)
...
005 (8910033.000.000) 08/30 16:48:51 Job terminated.
	(1) Normal termination (return value 0)
		Usr 0 00:00:00, Sys 0 00:00:00  -  Run Remote Usage
		Usr 0 00:00:00, Sys 0 00:00:00  -  Run Local Usage
		Usr 0 00:00:00, Sys 0 00:00:00  -  Total Remote Usage
		Usr 0 00:00:00, Sys 0 00:00:00  -  Total Local Usage
	91396  -  Run Bytes Sent By Job
	4013  -  Run Bytes Received By Job
	91396  -  Total Bytes Sent By Job
	4013  -  Total Bytes Received By Job
	Partitionable Resources :    Usage  Request          
	   Cpus                 :                 1          
	   Disk (KB)            :      105      105          
	   Memory (MB)          :       30       30          
...
