1.07369	0.00394647
1.06885	0.00351667
1.07613	0.00351126
1.07584	0.0034976
1.07722	0.00341344
1.09121	0.00327484
1.11971	0.00350151
1.15135	0.00503273
 FCN=4.30629 FROM MIGRAD    STATUS=CONVERGED      36 CALLS          37 TOTAL
                     EDM=1.43999e-17    STRATEGY= 1      ERROR MATRIX ACCURATE 
  EXT PARAMETER                                   STEP         FIRST   
  NO.   NAME      VALUE            ERROR          SIZE      DERIVATIVE 
   1  p0           1.06620e+00   1.78045e-03   1.44245e-06  -1.68252e-06
   2  p1           2.22791e-02   1.25841e-03   1.01951e-06  -5.55595e-06
SaveSource cannot open file: /home/zhangfy/nl_target/toyMC/results/data_10500.C
1.07504	0.00395142
1.07224	0.00352784
1.07893	0.00352038
1.07249	0.00348671
1.08385	0.00343443
1.09062	0.00327307
1.11977	0.00350168
1.14867	0.00502099
 FCN=7.07338 FROM MIGRAD    STATUS=CONVERGED      36 CALLS          37 TOTAL
                     EDM=1.42954e-15    STRATEGY= 1      ERROR MATRIX ACCURATE 
  EXT PARAMETER                                   STEP         FIRST   
  NO.   NAME      VALUE            ERROR          SIZE      DERIVATIVE 
   1  p0           1.06861e+00   1.78308e-03   1.78121e-06  -1.11134e-05
   2  p1           2.10252e-02   1.25772e-03   1.25640e-06  -5.19059e-05
SaveSource cannot open file: /home/zhangfy/nl_target/toyMC/results/data_10501.C
1.06939	0.00393064
1.07444	0.00353508
1.07674	0.00351324
1.08131	0.00351537
1.07642	0.00341091
1.09189	0.00327686
1.11664	0.00349191
1.14882	0.00502167
 FCN=5.08283 FROM MIGRAD    STATUS=CONVERGED      36 CALLS          37 TOTAL
                     EDM=1.32354e-16    STRATEGY= 1      ERROR MATRIX ACCURATE 
  EXT PARAMETER                                   STEP         FIRST   
  NO.   NAME      VALUE            ERROR          SIZE      DERIVATIVE 
   1  p0           1.06821e+00   1.78212e-03   1.54516e-06  -2.03484e-06
   2  p1           2.07464e-02   1.25650e-03   1.08943e-06   1.07778e-05
SaveSource cannot open file: /home/zhangfy/nl_target/toyMC/results/data_10502.C
1.06558	0.00391666
1.07101	0.0035238
1.07351	0.00350269
1.077	0.00350136
1.0873	0.00344536
1.0893	0.00326909
1.11813	0.00349657
1.14652	0.0050116
 FCN=5.61013 FROM MIGRAD    STATUS=CONVERGED      36 CALLS          37 TOTAL
                     EDM=3.21263e-16    STRATEGY= 1      ERROR MATRIX ACCURATE 
  EXT PARAMETER                                   STEP         FIRST   
  NO.   NAME      VALUE            ERROR          SIZE      DERIVATIVE 
   1  p0           1.06697e+00   1.77953e-03   1.60970e-06   6.84881e-06
   2  p1           2.13054e-02   1.25502e-03   1.13525e-06  -1.22127e-05
SaveSource cannot open file: /home/zhangfy/nl_target/toyMC/results/data_10503.C
1.0705	0.00393476
1.07032	0.00352151
1.07075	0.0034937
1.07672	0.00350047
1.08381	0.00343432
1.0945	0.00328471
1.12363	0.00351378
1.14822	0.00501904
 FCN=2.47259 FROM MIGRAD    STATUS=CONVERGED      36 CALLS          37 TOTAL
                     EDM=5.50577e-16    STRATEGY= 1      ERROR MATRIX ACCURATE 
  EXT PARAMETER                                   STEP         FIRST   
  NO.   NAME      VALUE            ERROR          SIZE      DERIVATIVE 
   1  p0           1.06669e+00   1.77995e-03   1.16796e-06   1.09923e-05
   2  p1           2.28072e-02   1.25775e-03   8.25307e-07  -1.31025e-05
SaveSource cannot open file: /home/zhangfy/nl_target/toyMC/results/data_10504.C
1.0679	0.00392519
1.07857	0.00354866
1.07269	0.00350002
1.07779	0.00350392
1.08242	0.0034299
1.0974	0.00329341
1.12032	0.00350342
1.154	0.00504428
 FCN=7.34234 FROM MIGRAD    STATUS=CONVERGED      34 CALLS          35 TOTAL
                     EDM=4.67197e-15    STRATEGY= 1      ERROR MATRIX ACCURATE 
  EXT PARAMETER                                   STEP         FIRST   
  NO.   NAME      VALUE            ERROR          SIZE      DERIVATIVE 
   1  p0           1.06844e+00   1.78351e-03   1.81261e-06   5.33181e-05
   2  p1           2.24387e-02   1.26022e-03   1.28079e-06  -1.78220e-06
SaveSource cannot open file: /home/zhangfy/nl_target/toyMC/results/data_10505.C
1.07364	0.00394629
1.07374	0.00353276
1.07414	0.00350477
1.07616	0.00349864
1.08187	0.00342816
1.08745	0.00326354
1.11644	0.00349126
1.1428	0.00499535
 FCN=1.89693 FROM MIGRAD    STATUS=CONVERGED      36 CALLS          37 TOTAL
                     EDM=2.69187e-17    STRATEGY= 1      ERROR MATRIX ACCURATE 
  EXT PARAMETER                                   STEP         FIRST   
  NO.   NAME      VALUE            ERROR          SIZE      DERIVATIVE 
   1  p0           1.06833e+00   1.78102e-03   1.06535e-06   3.39855e-06
   2  p1           1.96027e-02   1.25346e-03   7.49781e-07   8.06257e-06
SaveSource cannot open file: /home/zhangfy/nl_target/toyMC/results/data_10506.C
1.06701	0.00392191
1.06761	0.00351261
1.07257	0.00349963
1.07862	0.00350664
1.08102	0.00342546
1.08984	0.00327073
1.12146	0.00350698
1.15396	0.00504413
 FCN=1.35131 FROM MIGRAD    STATUS=CONVERGED      36 CALLS          37 TOTAL
                     EDM=5.99909e-16    STRATEGY= 1      ERROR MATRIX ACCURATE 
  EXT PARAMETER                                   STEP         FIRST   
  NO.   NAME      VALUE            ERROR          SIZE      DERIVATIVE 
   1  p0           1.06456e+00   1.77863e-03   9.59952e-07  -1.59440e-06
   2  p1           2.36997e-02   1.25951e-03   6.79775e-07  -2.90142e-05
SaveSource cannot open file: /home/zhangfy/nl_target/toyMC/results/data_10507.C
1.06682	0.00392121
1.07462	0.00353565
1.068	0.00348473
1.07897	0.00350779
1.08466	0.003437
1.08978	0.00327053
1.11634	0.00349097
1.15259	0.00503815
 FCN=7.93622 FROM MIGRAD    STATUS=CONVERGED      36 CALLS          37 TOTAL
                     EDM=3.15905e-17    STRATEGY= 1      ERROR MATRIX ACCURATE 
  EXT PARAMETER                                   STEP         FIRST   
  NO.   NAME      VALUE            ERROR          SIZE      DERIVATIVE 
   1  p0           1.06625e+00   1.78009e-03   1.87158e-06  -2.99093e-06
   2  p1           2.20209e-02   1.25751e-03   1.32215e-06   2.59975e-06
SaveSource cannot open file: /home/zhangfy/nl_target/toyMC/results/data_10508.C
1.06695	0.00392171
1.07858	0.0035487
1.07688	0.00351369
1.07654	0.00349988
1.08466	0.003437
1.09249	0.00327867
1.1237	0.00351399
1.14756	0.00501613
 FCN=5.50672 FROM MIGRAD    STATUS=CONVERGED      36 CALLS          37 TOTAL
                     EDM=4.0228e-16    STRATEGY= 1      ERROR MATRIX ACCURATE 
  EXT PARAMETER                                   STEP         FIRST   
  NO.   NAME      VALUE            ERROR          SIZE      DERIVATIVE 
   1  p0           1.06915e+00   1.78349e-03   1.60068e-06  -9.07499e-06
   2  p1           2.15998e-02   1.25832e-03   1.12934e-06   1.16297e-05
SaveSource cannot open file: /home/zhangfy/nl_target/toyMC/results/data_10509.C
1.07067	0.00393536
1.07103	0.00352386
1.07834	0.00351847
1.08512	0.00352775
1.0832	0.00343237
1.09564	0.00328813
1.11792	0.00349589
1.14158	0.00498999
 FCN=4.5714 FROM MIGRAD    STATUS=CONVERGED      36 CALLS          37 TOTAL
                     EDM=2.16516e-15    STRATEGY= 1      ERROR MATRIX ACCURATE 
  EXT PARAMETER                                   STEP         FIRST   
  NO.   NAME      VALUE            ERROR          SIZE      DERIVATIVE 
   1  p0           1.07120e+00   1.78367e-03   1.48103e-06  -3.98878e-05
   2  p1           1.93712e-02   1.25346e-03   1.04078e-06  -6.44084e-06
SaveSource cannot open file: /home/zhangfy/nl_target/toyMC/results/data_10510.C
1.07265	0.00394266
1.06528	0.00350493
1.06857	0.00348658
1.08131	0.00351538
1.0776	0.00341465
1.09385	0.00328274
1.11995	0.00350226
1.14347	0.00499828
 FCN=7.655 FROM MIGRAD    STATUS=CONVERGED      36 CALLS          37 TOTAL
                     EDM=5.93724e-16    STRATEGY= 1      ERROR MATRIX ACCURATE 
  EXT PARAMETER                                   STEP         FIRST   
  NO.   NAME      VALUE            ERROR          SIZE      DERIVATIVE 
   1  p0           1.06576e+00   1.77721e-03   1.84070e-06  -1.16071e-05
   2  p1           2.18117e-02   1.25379e-03   1.29859e-06   1.33919e-05
SaveSource cannot open file: /home/zhangfy/nl_target/toyMC/results/data_10511.C
1.06242	0.00390505
1.07159	0.00352568
1.07592	0.00351057
1.08089	0.00351402
1.08732	0.00344544
1.09088	0.00327384
1.11941	0.00350055
1.14994	0.00502655
 FCN=8.59756 FROM MIGRAD    STATUS=CONVERGED      36 CALLS          37 TOTAL
                     EDM=5.00838e-15    STRATEGY= 1      ERROR MATRIX ACCURATE 
  EXT PARAMETER                                   STEP         FIRST   
  NO.   NAME      VALUE            ERROR          SIZE      DERIVATIVE 
   1  p0           1.06757e+00   1.78109e-03   1.94179e-06   3.98283e-05
   2  p1           2.19314e-02   1.25723e-03   1.37066e-06  -2.93216e-05
SaveSource cannot open file: /home/zhangfy/nl_target/toyMC/results/data_10512.C
1.07367	0.00394638
1.07065	0.00352261
1.08069	0.00352614
1.08184	0.00351711
1.08583	0.00344072
1.09124	0.00327492
1.11422	0.00348432
1.15338	0.0050416
 FCN=9.76963 FROM MIGRAD    STATUS=CONVERGED      36 CALLS          37 TOTAL
                     EDM=8.04593e-16    STRATEGY= 1      ERROR MATRIX ACCURATE 
  EXT PARAMETER                                   STEP         FIRST   
  NO.   NAME      VALUE            ERROR          SIZE      DERIVATIVE 
   1  p0           1.07048e+00   1.78589e-03   2.05929e-06   1.19924e-05
   2  p1           2.02044e-02   1.25847e-03   1.45112e-06  -1.76121e-05
SaveSource cannot open file: /home/zhangfy/nl_target/toyMC/results/data_10513.C
1.0697	0.0039318
1.06822	0.0035146
1.07195	0.00349761
1.08147	0.00351589
1.0846	0.00343681
1.09157	0.0032759
1.11284	0.00348002
1.15512	0.00504918
 FCN=10.9909 FROM MIGRAD    STATUS=CONVERGED      36 CALLS          37 TOTAL
                     EDM=1.37636e-15    STRATEGY= 1      ERROR MATRIX ACCURATE 
  EXT PARAMETER                                   STEP         FIRST   
  NO.   NAME      VALUE            ERROR          SIZE      DERIVATIVE 
   1  p0           1.06688e+00   1.78101e-03   2.16855e-06  -5.71352e-06
   2  p1           2.16618e-02   1.25765e-03   1.53131e-06  -4.69230e-05
SaveSource cannot open file: /home/zhangfy/nl_target/toyMC/results/data_10514.C
1.06965	0.00393163
1.08176	0.00355914
1.07046	0.00349274
1.07759	0.0035033
1.08274	0.00343091
1.08748	0.00326364
1.12176	0.00350792
1.1445	0.00500276
 FCN=9.86711 FROM MIGRAD    STATUS=CONVERGED      36 CALLS          37 TOTAL
                     EDM=5.56296e-16    STRATEGY= 1      ERROR MATRIX ACCURATE 
  EXT PARAMETER                                   STEP         FIRST   
  NO.   NAME      VALUE            ERROR          SIZE      DERIVATIVE 
   1  p0           1.06853e+00   1.78222e-03   2.06576e-06  -8.43995e-06
   2  p1           2.06833e-02   1.25619e-03   1.45604e-06   1.68054e-05
SaveSource cannot open file: /home/zhangfy/nl_target/toyMC/results/data_10515.C
1.06711	0.00392229
1.06948	0.00351875
1.07	0.00349124
1.07793	0.00350439
1.07872	0.00341818
1.09655	0.00329084
1.12041	0.00350368
1.13972	0.00498187
 FCN=6.55392 FROM MIGRAD    STATUS=CONVERGED      36 CALLS          37 TOTAL
                     EDM=1.27486e-16    STRATEGY= 1      ERROR MATRIX ACCURATE 
  EXT PARAMETER                                   STEP         FIRST   
  NO.   NAME      VALUE            ERROR          SIZE      DERIVATIVE 
   1  p0           1.06628e+00   1.77672e-03   1.71980e-06   5.86035e-06
   2  p1           2.13751e-02   1.25197e-03   1.21186e-06  -5.49495e-06
SaveSource cannot open file: /home/zhangfy/nl_target/toyMC/results/data_10516.C
1.06893	0.00392898
1.08017	0.00355391
1.07452	0.00350599
1.08055	0.00351291
1.08004	0.00342238
1.09266	0.00327918
1.12973	0.00353284
1.14257	0.00499434
 FCN=10.1341 FROM MIGRAD    STATUS=CONVERGED      36 CALLS          37 TOTAL
                     EDM=3.30624e-17    STRATEGY= 1      ERROR MATRIX ACCURATE 
  EXT PARAMETER                                   STEP         FIRST   
  NO.   NAME      VALUE            ERROR          SIZE      DERIVATIVE 
   1  p0           1.06949e+00   1.78334e-03   2.09481e-06  -5.55214e-06
   2  p1           2.17501e-02   1.25791e-03   1.47761e-06  -8.55055e-06
SaveSource cannot open file: /home/zhangfy/nl_target/toyMC/results/data_10517.C
1.06728	0.00392291
1.07428	0.00353455
1.07199	0.00349775
1.07942	0.00350922
1.08144	0.00342681
1.08749	0.00326366
1.11806	0.00349635
1.14858	0.0050206
 FCN=2.86906 FROM MIGRAD    STATUS=CONVERGED      36 CALLS          37 TOTAL
                     EDM=2.0757e-16    STRATEGY= 1      ERROR MATRIX ACCURATE 
  EXT PARAMETER                                   STEP         FIRST   
  NO.   NAME      VALUE            ERROR          SIZE      DERIVATIVE 
   1  p0           1.06664e+00   1.78010e-03   1.23126e-06  -2.67179e-06
   2  p1           2.14006e-02   1.25632e-03   8.68975e-07  -1.86137e-05
SaveSource cannot open file: /home/zhangfy/nl_target/toyMC/results/data_10518.C
1.06823	0.0039264
1.07261	0.00352903
1.07427	0.00350517
1.07579	0.00349745
1.08663	0.00344325
1.09269	0.00327926
1.11568	0.0034889
1.15228	0.00503678
 FCN=7.19017 FROM MIGRAD    STATUS=CONVERGED      34 CALLS          35 TOTAL
                     EDM=5.34348e-16    STRATEGY= 1      ERROR MATRIX ACCURATE 
  EXT PARAMETER                                   STEP         FIRST   
  NO.   NAME      VALUE            ERROR          SIZE      DERIVATIVE 
   1  p0           1.06768e+00   1.78171e-03   1.79327e-06   1.71802e-05
   2  p1           2.15004e-02   1.25747e-03   1.26564e-06  -2.30881e-06
SaveSource cannot open file: /home/zhangfy/nl_target/toyMC/results/data_10519.C
1.0777	0.00396121
1.07687	0.00354307
1.07472	0.00350664
1.08423	0.00352488
1.08447	0.00343639
1.0915	0.0032757
1.11746	0.00349448
1.15678	0.00505643
 FCN=7.95639 FROM MIGRAD    STATUS=CONVERGED      36 CALLS          37 TOTAL
                     EDM=1.35661e-16    STRATEGY= 1      ERROR MATRIX ACCURATE 
  EXT PARAMETER                                   STEP         FIRST   
  NO.   NAME      VALUE            ERROR          SIZE      DERIVATIVE 
   1  p0           1.07108e+00   1.78812e-03   1.88014e-06   4.93895e-06
   2  p1           2.09014e-02   1.26173e-03   1.32666e-06  -7.18359e-06
SaveSource cannot open file: /home/zhangfy/nl_target/toyMC/results/data_10520.C
1.06896	0.00392907
1.07888	0.00354966
1.07492	0.00350729
1.07414	0.00349206
1.08773	0.00344675
1.09815	0.00329567
1.11737	0.00349417
1.14372	0.00499934
 FCN=11.8193 FROM MIGRAD    STATUS=CONVERGED      34 CALLS          35 TOTAL
                     EDM=3.38421e-17    STRATEGY= 1      ERROR MATRIX ACCURATE 
  EXT PARAMETER                                   STEP         FIRST   
  NO.   NAME      VALUE            ERROR          SIZE      DERIVATIVE 
   1  p0           1.07077e+00   1.78360e-03   2.24652e-06   3.22414e-06
   2  p1           1.97981e-02   1.25439e-03   1.57996e-06   8.84548e-06
SaveSource cannot open file: /home/zhangfy/nl_target/toyMC/results/data_10521.C
1.07544	0.00395289
1.07333	0.00353141
1.07441	0.00350563
1.07972	0.00351021
1.08726	0.00344524
1.09664	0.00329112
1.11789	0.00349581
1.14394	0.00500031
 FCN=3.95354 FROM MIGRAD    STATUS=CONVERGED      36 CALLS          37 TOTAL
                     EDM=1.72493e-15    STRATEGY= 1      ERROR MATRIX ACCURATE 
  EXT PARAMETER                                   STEP         FIRST   
  NO.   NAME      VALUE            ERROR          SIZE      DERIVATIVE 
   1  p0           1.07138e+00   1.78461e-03   1.39705e-06   1.05535e-06
   2  p1           1.96270e-02   1.25488e-03   9.82353e-07   4.78343e-05
SaveSource cannot open file: /home/zhangfy/nl_target/toyMC/results/data_10522.C
1.06865	0.00392793
1.08055	0.00355518
1.06831	0.00348573
1.07986	0.00351067
1.08065	0.00342431
1.09085	0.00327375
1.11468	0.00348576
1.14872	0.0050212
 FCN=11.0656 FROM MIGRAD    STATUS=CONVERGED      36 CALLS          37 TOTAL
                     EDM=5.04158e-15    STRATEGY= 1      ERROR MATRIX ACCURATE 
  EXT PARAMETER                                   STEP         FIRST   
  NO.   NAME      VALUE            ERROR          SIZE      DERIVATIVE 
   1  p0           1.06806e+00   1.78168e-03   2.17531e-06  -4.91593e-05
   2  p1           2.04416e-02   1.25570e-03   1.53312e-06   1.38228e-05
SaveSource cannot open file: /home/zhangfy/nl_target/toyMC/results/data_10523.C
1.07084	0.003936
1.0702	0.0035211
1.07161	0.0034965
1.07933	0.00350896
1.07137	0.00339491
1.09002	0.00327126
1.11379	0.003483
1.14574	0.00500821
 FCN=7.45731 FROM MIGRAD    STATUS=CONVERGED      34 CALLS          35 TOTAL
                     EDM=2.61849e-16    STRATEGY= 1      ERROR MATRIX ACCURATE 
  EXT PARAMETER                                   STEP         FIRST   
  NO.   NAME      VALUE            ERROR          SIZE      DERIVATIVE 
   1  p0           1.06527e+00   1.77730e-03   1.81702e-06  -9.68453e-06
   2  p1           2.07472e-02   1.25325e-03   1.28126e-06   5.81948e-06
SaveSource cannot open file: /home/zhangfy/nl_target/toyMC/results/data_10524.C
1.06774	0.0039246
1.06636	0.00350849
1.07215	0.00349825
1.08106	0.00351457
1.07737	0.0034139
1.10016	0.00330168
1.12361	0.0035137
1.14907	0.00502276
 FCN=10.4898 FROM MIGRAD    STATUS=CONVERGED      36 CALLS          37 TOTAL
                     EDM=1.44832e-15    STRATEGY= 1      ERROR MATRIX ACCURATE 
  EXT PARAMETER                                   STEP         FIRST   
  NO.   NAME      VALUE            ERROR          SIZE      DERIVATIVE 
   1  p0           1.06586e+00   1.77854e-03   2.12437e-06   2.08105e-05
   2  p1           2.35936e-02   1.25771e-03   1.50226e-06  -1.67791e-05
SaveSource cannot open file: /home/zhangfy/nl_target/toyMC/results/data_10525.C
1.07046	0.00393459
1.07241	0.00352839
1.07515	0.00350805
1.07804	0.00350476
1.07531	0.00340738
1.09026	0.00327198
1.1224	0.0035099
1.14919	0.00502327
 FCN=3.10317 FROM MIGRAD    STATUS=CONVERGED      36 CALLS          37 TOTAL
                     EDM=2.69037e-16    STRATEGY= 1      ERROR MATRIX ACCURATE 
  EXT PARAMETER                                   STEP         FIRST   
  NO.   NAME      VALUE            ERROR          SIZE      DERIVATIVE 
   1  p0           1.06619e+00   1.78021e-03   1.26854e-06   6.34514e-06
   2  p1           2.23856e-02   1.25821e-03   8.96569e-07  -1.10382e-05
SaveSource cannot open file: /home/zhangfy/nl_target/toyMC/results/data_10526.C
1.06845	0.00392719
1.07566	0.0035391
1.0761	0.00351117
1.0807	0.00351341
1.08074	0.00342459
1.09123	0.0032749
1.11828	0.00349702
1.14205	0.00499206
 FCN=1.56795 FROM MIGRAD    STATUS=CONVERGED      38 CALLS          39 TOTAL
                     EDM=6.09934e-18    STRATEGY= 1      ERROR MATRIX ACCURATE 
  EXT PARAMETER                                   STEP         FIRST   
  NO.   NAME      VALUE            ERROR          SIZE      DERIVATIVE 
   1  p0           1.06937e+00   1.78194e-03   1.00414e-06  -3.59685e-07
   2  p1           1.97580e-02   1.25368e-03   7.06463e-07   2.40679e-06
SaveSource cannot open file: /home/zhangfy/nl_target/toyMC/results/data_10527.C
1.06791	0.0039252
1.06687	0.00351015
1.07661	0.00351282
1.07634	0.00349923
1.07746	0.0034142
1.08682	0.00326165
1.11752	0.00349464
1.13521	0.00496216
 FCN=4.00271 FROM MIGRAD    STATUS=CONVERGED      36 CALLS          37 TOTAL
                     EDM=3.14679e-15    STRATEGY= 1      ERROR MATRIX ACCURATE 
  EXT PARAMETER                                   STEP         FIRST   
  NO.   NAME      VALUE            ERROR          SIZE      DERIVATIVE 
   1  p0           1.06604e+00   1.77587e-03   1.39712e-06  -4.12902e-05
   2  p1           1.96499e-02   1.24898e-03   9.82605e-07   6.67079e-06
SaveSource cannot open file: /home/zhangfy/nl_target/toyMC/results/data_10528.C
1.07228	0.0039413
1.07124	0.00352454
1.0729	0.00350071
1.07912	0.00350827
1.08387	0.0034345
1.09514	0.00328661
1.11713	0.00349344
1.14425	0.00500169
 FCN=2.76219 FROM MIGRAD    STATUS=CONVERGED      36 CALLS          37 TOTAL
                     EDM=9.76515e-16    STRATEGY= 1      ERROR MATRIX ACCURATE 
  EXT PARAMETER                                   STEP         FIRST   
  NO.   NAME      VALUE            ERROR          SIZE      DERIVATIVE 
   1  p0           1.06903e+00   1.78150e-03   1.21563e-06  -3.02605e-05
   2  p1           2.03114e-02   1.25414e-03   8.55772e-07  -1.29993e-05
SaveSource cannot open file: /home/zhangfy/nl_target/toyMC/results/data_10529.C
1.0693	0.00393034
1.07153	0.00352551
1.07622	0.00351156
1.07807	0.00350484
1.08183	0.00342805
1.09432	0.00328415
1.12103	0.00350564
1.14799	0.00501802
 FCN=1.29658 FROM MIGRAD    STATUS=CONVERGED      36 CALLS          37 TOTAL
                     EDM=4.74039e-17    STRATEGY= 1      ERROR MATRIX ACCURATE 
  EXT PARAMETER                                   STEP         FIRST   
  NO.   NAME      VALUE            ERROR          SIZE      DERIVATIVE 
   1  p0           1.06798e+00   1.78153e-03   9.50088e-07   7.50825e-06
   2  p1           2.17725e-02   1.25719e-03   6.70460e-07   8.46419e-06
SaveSource cannot open file: /home/zhangfy/nl_target/toyMC/results/data_10530.C
1.07058	0.00393504
1.07196	0.00352691
1.0731	0.00350137
1.07999	0.0035111
1.07733	0.00341377
1.08703	0.00326229
1.12413	0.00351534
1.14695	0.0050135
 FCN=3.31041 FROM MIGRAD    STATUS=CONVERGED      36 CALLS          37 TOTAL
                     EDM=1.71349e-16    STRATEGY= 1      ERROR MATRIX ACCURATE 
  EXT PARAMETER                                   STEP         FIRST   
  NO.   NAME      VALUE            ERROR          SIZE      DERIVATIVE 
   1  p0           1.06610e+00   1.77976e-03   1.29996e-06   2.75943e-06
   2  p1           2.22865e-02   1.25757e-03   9.18538e-07   1.71573e-05
SaveSource cannot open file: /home/zhangfy/nl_target/toyMC/results/data_10531.C
1.06738	0.00392327
1.07773	0.00354588
1.07448	0.00350587
1.08271	0.00351994
1.07826	0.00341674
1.0895	0.00326969
1.11852	0.0034978
1.14274	0.00499507
 FCN=5.04219 FROM MIGRAD    STATUS=CONVERGED      36 CALLS          37 TOTAL
                     EDM=1.22474e-15    STRATEGY= 1      ERROR MATRIX ACCURATE 
  EXT PARAMETER                                   STEP         FIRST   
  NO.   NAME      VALUE            ERROR          SIZE      DERIVATIVE 
   1  p0           1.06887e+00   1.78165e-03   1.53980e-06   1.59994e-05
   2  p1           1.99288e-02   1.25409e-03   1.08385e-06  -2.01384e-05
SaveSource cannot open file: /home/zhangfy/nl_target/toyMC/results/data_10532.C
1.07149	0.00393839
1.06897	0.00351706
1.0763	0.00351182
1.08202	0.00351768
1.08041	0.00342354
1.09302	0.00328026
1.1118	0.00347675
1.14362	0.00499894
 FCN=5.66059 FROM MIGRAD    STATUS=CONVERGED      36 CALLS          37 TOTAL
                     EDM=3.30734e-17    STRATEGY= 1      ERROR MATRIX ACCURATE 
  EXT PARAMETER                                   STEP         FIRST   
  NO.   NAME      VALUE            ERROR          SIZE      DERIVATIVE 
   1  p0           1.06909e+00   1.78111e-03   1.61584e-06   3.96174e-06
   2  p1           1.91159e-02   1.25209e-03   1.13591e-06   8.98416e-06
SaveSource cannot open file: /home/zhangfy/nl_target/toyMC/results/data_10533.C
1.07503	0.0039514
1.07231	0.00352806
1.0737	0.00350333
1.07841	0.00350597
1.08094	0.00342522
1.09275	0.00327946
1.11795	0.003496
1.14444	0.0050025
 FCN=1.37009 FROM MIGRAD    STATUS=CONVERGED      38 CALLS          39 TOTAL
                     EDM=1.0117e-16    STRATEGY= 1      ERROR MATRIX ACCURATE 
  EXT PARAMETER                                   STEP         FIRST   
  NO.   NAME      VALUE            ERROR          SIZE      DERIVATIVE 
   1  p0           1.06891e+00   1.78195e-03   9.64676e-07  -3.98089e-06
   2  p1           2.02293e-02   1.25480e-03   6.79300e-07   6.65758e-06
SaveSource cannot open file: /home/zhangfy/nl_target/toyMC/results/data_10534.C
1.06427	0.00391184
1.07243	0.00352844
1.0706	0.00349321
1.07789	0.00350425
1.07839	0.00341712
1.09455	0.00328485
1.11755	0.00349475
1.1534	0.00504169
 FCN=5.77587 FROM MIGRAD    STATUS=CONVERGED      36 CALLS          37 TOTAL
                     EDM=4.33209e-16    STRATEGY= 1      ERROR MATRIX ACCURATE 
  EXT PARAMETER                                   STEP         FIRST   
  NO.   NAME      VALUE            ERROR          SIZE      DERIVATIVE 
   1  p0           1.06498e+00   1.77846e-03   1.62926e-06  -1.99250e-06
   2  p1           2.30310e-02   1.25795e-03   1.15242e-06   2.13582e-05
SaveSource cannot open file: /home/zhangfy/nl_target/toyMC/results/data_10535.C
1.07811	0.00396271
1.06528	0.00350494
1.07666	0.00351298
1.07958	0.00350977
1.08109	0.00342568
1.09154	0.00327582
1.11885	0.00349882
1.13901	0.00497878
 FCN=8.23596 FROM MIGRAD    STATUS=CONVERGED      36 CALLS          37 TOTAL
                     EDM=5.13973e-16    STRATEGY= 1      ERROR MATRIX ACCURATE 
  EXT PARAMETER                                   STEP         FIRST   
  NO.   NAME      VALUE            ERROR          SIZE      DERIVATIVE 
   1  p0           1.06909e+00   1.78084e-03   1.90352e-06   9.43694e-06
   2  p1           1.95628e-02   1.25222e-03   1.33849e-06  -1.43994e-05
SaveSource cannot open file: /home/zhangfy/nl_target/toyMC/results/data_10536.C
1.06836	0.00392689
1.07764	0.00354559
1.06863	0.00348677
1.07625	0.00349894
1.08277	0.00343103
1.09274	0.00327943
1.11648	0.00349139
1.15444	0.00504624
 FCN=9.62029 FROM MIGRAD    STATUS=CONVERGED      36 CALLS          37 TOTAL
                     EDM=7.05608e-16    STRATEGY= 1      ERROR MATRIX ACCURATE 
  EXT PARAMETER                                   STEP         FIRST   
  NO.   NAME      VALUE            ERROR          SIZE      DERIVATIVE 
   1  p0           1.06672e+00   1.78127e-03   2.04146e-06   1.89908e-06
   2  p1           2.21716e-02   1.25880e-03   1.44268e-06   3.16442e-05
SaveSource cannot open file: /home/zhangfy/nl_target/toyMC/results/data_10537.C
1.06729	0.00392293
1.07634	0.00354132
1.06876	0.00348721
1.08487	0.00352697
1.07774	0.00341509
1.09726	0.00329299
1.12264	0.00351067
1.1533	0.00504123
 FCN=10.7223 FROM MIGRAD    STATUS=CONVERGED      34 CALLS          35 TOTAL
                     EDM=4.59109e-16    STRATEGY= 1      ERROR MATRIX ACCURATE 
  EXT PARAMETER                                   STEP         FIRST   
  NO.   NAME      VALUE            ERROR          SIZE      DERIVATIVE 
   1  p0           1.06733e+00   1.78194e-03   2.14791e-06   1.12681e-05
   2  p1           2.31944e-02   1.26023e-03   1.51906e-06  -1.00830e-05
SaveSource cannot open file: /home/zhangfy/nl_target/toyMC/results/data_10538.C
1.07266	0.00394268
1.07107	0.00352397
1.07739	0.00351537
1.08283	0.00352034
1.08283	0.00343119
1.09742	0.00329345
1.11268	0.00347953
1.15642	0.00505486
 FCN=13.5585 FROM MIGRAD    STATUS=CONVERGED      36 CALLS          37 TOTAL
                     EDM=3.92981e-16    STRATEGY= 1      ERROR MATRIX ACCURATE 
  EXT PARAMETER                                   STEP         FIRST   
  NO.   NAME      VALUE            ERROR          SIZE      DERIVATIVE 
   1  p0           1.06992e+00   1.78529e-03   2.39459e-06  -3.59784e-06
   2  p1           2.09210e-02   1.25916e-03   1.68889e-06   1.84195e-05
SaveSource cannot open file: /home/zhangfy/nl_target/toyMC/results/data_10539.C
1.06408	0.00391115
1.07436	0.00353481
1.06577	0.00347744
1.07185	0.00348464
1.07765	0.00341478
1.08922	0.00326887
1.12114	0.00350597
1.1427	0.00499492
 FCN=6.7834 FROM MIGRAD    STATUS=CONVERGED      36 CALLS          37 TOTAL
                     EDM=1.72853e-15    STRATEGY= 1      ERROR MATRIX ACCURATE 
  EXT PARAMETER                                   STEP         FIRST   
  NO.   NAME      VALUE            ERROR          SIZE      DERIVATIVE 
   1  p0           1.06316e+00   1.77410e-03   1.74242e-06  -1.04994e-05
   2  p1           2.24799e-02   1.25334e-03   1.23096e-06   3.53732e-05
SaveSource cannot open file: /home/zhangfy/nl_target/toyMC/results/data_10540.C
1.07326	0.00394487
1.07069	0.00352272
1.07733	0.00351516
1.07808	0.00350487
1.07991	0.00342197
1.096	0.00328922
1.10607	0.00345885
1.14238	0.00499349
 FCN=12.5509 FROM MIGRAD    STATUS=CONVERGED      36 CALLS          37 TOTAL
                     EDM=2.74391e-15    STRATEGY= 1      ERROR MATRIX ACCURATE 
  EXT PARAMETER                                   STEP         FIRST   
  NO.   NAME      VALUE            ERROR          SIZE      DERIVATIVE 
   1  p0           1.07005e+00   1.78155e-03   2.30385e-06  -2.22638e-05
   2  p1           1.76784e-02   1.24985e-03   1.61626e-06   3.26556e-05
SaveSource cannot open file: /home/zhangfy/nl_target/toyMC/results/data_10541.C
1.06934	0.00393046
1.06921	0.00351785
1.06973	0.00349038
1.08156	0.00351621
1.08075	0.0034246
1.09164	0.00327611
1.12531	0.00351901
1.14339	0.00499794
 FCN=4.27492 FROM MIGRAD    STATUS=CONVERGED      36 CALLS          37 TOTAL
                     EDM=5.91925e-17    STRATEGY= 1      ERROR MATRIX ACCURATE 
  EXT PARAMETER                                   STEP         FIRST   
  NO.   NAME      VALUE            ERROR          SIZE      DERIVATIVE 
   1  p0           1.06635e+00   1.77854e-03   1.43855e-06  -5.40392e-06
   2  p1           2.24077e-02   1.25568e-03   1.01564e-06  -1.19806e-05
SaveSource cannot open file: /home/zhangfy/nl_target/toyMC/results/data_10542.C
1.07321	0.0039447
1.06675	0.00350975
1.07197	0.00349768
1.08139	0.00351564
1.08618	0.00344181
1.09103	0.00327429
1.11751	0.00349461
1.14786	0.00501748
 FCN=6.4953 FROM MIGRAD    STATUS=CONVERGED      36 CALLS          37 TOTAL
                     EDM=1.47053e-15    STRATEGY= 1      ERROR MATRIX ACCURATE 
  EXT PARAMETER                                   STEP         FIRST   
  NO.   NAME      VALUE            ERROR          SIZE      DERIVATIVE 
   1  p0           1.06787e+00   1.78098e-03   1.71526e-06  -3.66091e-05
   2  p1           2.11362e-02   1.25577e-03   1.20943e-06  -1.44250e-05
SaveSource cannot open file: /home/zhangfy/nl_target/toyMC/results/data_10543.C
1.06336	0.00390848
1.0662	0.00350796
1.07569	0.0035098
1.07672	0.00350046
1.08489	0.00343775
1.09251	0.00327872
1.1179	0.00349583
1.1432	0.00499708
 FCN=7.913 FROM MIGRAD    STATUS=CONVERGED      36 CALLS          37 TOTAL
                     EDM=1.91377e-16    STRATEGY= 1      ERROR MATRIX ACCURATE 
  EXT PARAMETER                                   STEP         FIRST   
  NO.   NAME      VALUE            ERROR          SIZE      DERIVATIVE 
   1  p0           1.06620e+00   1.77724e-03   1.86795e-06   6.11710e-06
   2  p1           2.13570e-02   1.25277e-03   1.31671e-06  -8.29519e-06
SaveSource cannot open file: /home/zhangfy/nl_target/toyMC/results/data_10544.C
1.06893	0.00392898
1.06827	0.00351475
1.07911	0.00352097
1.07628	0.00349901
1.08508	0.00343832
1.08581	0.00325863
1.11313	0.00348092
1.1472	0.00501455
 FCN=9.95629 FROM MIGRAD    STATUS=CONVERGED      36 CALLS          37 TOTAL
                     EDM=1.17697e-16    STRATEGY= 1      ERROR MATRIX ACCURATE 
  EXT PARAMETER                                   STEP         FIRST   
  NO.   NAME      VALUE            ERROR          SIZE      DERIVATIVE 
   1  p0           1.06739e+00   1.78032e-03   2.07084e-06  -1.19426e-05
   2  p1           2.00229e-02   1.25410e-03   1.45875e-06  -1.08804e-05
SaveSource cannot open file: /home/zhangfy/nl_target/toyMC/results/data_10545.C
1.07161	0.00393883
1.06588	0.00350689
1.0755	0.00350921
1.07563	0.00349692
1.08268	0.00343073
1.09528	0.00328703
1.12488	0.00351768
1.14847	0.00502011
 FCN=5.43143 FROM MIGRAD    STATUS=CONVERGED      36 CALLS          37 TOTAL
                     EDM=3.31587e-17    STRATEGY= 1      ERROR MATRIX ACCURATE 
  EXT PARAMETER                                   STEP         FIRST   
  NO.   NAME      VALUE            ERROR          SIZE      DERIVATIVE 
   1  p0           1.06651e+00   1.77989e-03   1.58970e-06  -6.34134e-06
   2  p1           2.31446e-02   1.25826e-03   1.12382e-06  -6.37791e-06
SaveSource cannot open file: /home/zhangfy/nl_target/toyMC/results/data_10546.C
1.07767	0.00396111
1.07425	0.00353444
1.08059	0.00352582
1.07477	0.00349412
1.07783	0.00341537
1.08908	0.00326845
1.12264	0.00351067
1.15824	0.00506282
 FCN=12.9737 FROM MIGRAD    STATUS=CONVERGED      36 CALLS          37 TOTAL
                     EDM=1.89521e-16    STRATEGY= 1      ERROR MATRIX ACCURATE 
  EXT PARAMETER                                   STEP         FIRST   
  NO.   NAME      VALUE            ERROR          SIZE      DERIVATIVE 
   1  p0           1.06792e+00   1.78543e-03   2.34545e-06  -1.40964e-05
   2  p1           2.27339e-02   1.26389e-03   1.66033e-06  -1.94719e-05
SaveSource cannot open file: /home/zhangfy/nl_target/toyMC/results/data_10547.C
1.07321	0.00394471
1.06948	0.00351876
1.07519	0.00350817
1.08427	0.00352499
1.08721	0.00344507
1.09069	0.00327328
1.11782	0.00349559
1.14485	0.0050043
 FCN=5.14862 FROM MIGRAD    STATUS=CONVERGED      36 CALLS          37 TOTAL
                     EDM=1.52435e-16    STRATEGY= 1      ERROR MATRIX ACCURATE 
  EXT PARAMETER                                   STEP         FIRST   
  NO.   NAME      VALUE            ERROR          SIZE      DERIVATIVE 
   1  p0           1.07020e+00   1.78341e-03   1.55518e-06   5.35417e-07
   2  p1           1.99058e-02   1.25495e-03   1.09434e-06   1.44304e-05
SaveSource cannot open file: /home/zhangfy/nl_target/toyMC/results/data_10548.C
1.06757	0.00392398
1.07288	0.00352994
1.07168	0.00349672
1.084	0.00352414
1.08533	0.00343914
1.08241	0.00324841
1.11527	0.00348763
1.14773	0.00501689
 FCN=12.6773 FROM MIGRAD    STATUS=CONVERGED      36 CALLS          37 TOTAL
                     EDM=2.82847e-16    STRATEGY= 1      ERROR MATRIX ACCURATE 
  EXT PARAMETER                                   STEP         FIRST   
  NO.   NAME      VALUE            ERROR          SIZE      DERIVATIVE 
   1  p0           1.06743e+00   1.78081e-03   2.31445e-06   1.10310e-05
   2  p1           2.03206e-02   1.25509e-03   1.63118e-06  -4.37234e-06
SaveSource cannot open file: /home/zhangfy/nl_target/toyMC/results/data_10549.C
1.06983	0.00393227
1.07215	0.00352752
1.07865	0.00351946
1.07946	0.00350938
1.0829	0.00343143
1.08705	0.00326233
1.124	0.00351492
1.13946	0.00498073
 FCN=5.76657 FROM MIGRAD    STATUS=CONVERGED      36 CALLS          37 TOTAL
                     EDM=1.65966e-18    STRATEGY= 1      ERROR MATRIX ACCURATE 
  EXT PARAMETER                                   STEP         FIRST   
  NO.   NAME      VALUE            ERROR          SIZE      DERIVATIVE 
   1  p0           1.06893e+00   1.78145e-03   1.63013e-06  -1.32807e-06
   2  p1           2.03070e-02   1.25418e-03   1.14765e-06  -7.95194e-07
SaveSource cannot open file: /home/zhangfy/nl_target/toyMC/results/data_10550.C
1.07006	0.00393314
1.07506	0.00353711
1.0742	0.00350494
1.08392	0.00352385
1.08079	0.00342473
1.09429	0.00328408
1.12608	0.00352142
1.15044	0.00502875
 FCN=2.2069 FROM MIGRAD    STATUS=CONVERGED      36 CALLS          37 TOTAL
                     EDM=2.62184e-17    STRATEGY= 1      ERROR MATRIX ACCURATE 
  EXT PARAMETER                                   STEP         FIRST   
  NO.   NAME      VALUE            ERROR          SIZE      DERIVATIVE 
   1  p0           1.06888e+00   1.78389e-03   1.12448e-06   5.59290e-06
   2  p1           2.26295e-02   1.26046e-03   7.94535e-07   4.81937e-06
SaveSource cannot open file: /home/zhangfy/nl_target/toyMC/results/data_10551.C
1.07099	0.00393654
1.07426	0.00353448
1.07309	0.00350132
1.08091	0.0035141
1.08457	0.00343672
1.09248	0.00327863
1.11946	0.00350072
1.15586	0.00505241
 FCN=3.40916 FROM MIGRAD    STATUS=CONVERGED      36 CALLS          37 TOTAL
                     EDM=3.12945e-16    STRATEGY= 1      ERROR MATRIX ACCURATE 
  EXT PARAMETER                                   STEP         FIRST   
  NO.   NAME      VALUE            ERROR          SIZE      DERIVATIVE 
   1  p0           1.06834e+00   1.78400e-03   1.31752e-06   1.81468e-05
   2  p1           2.23259e-02   1.26091e-03   9.31201e-07   1.06229e-05
SaveSource cannot open file: /home/zhangfy/nl_target/toyMC/results/data_10552.C
1.06786	0.00392505
1.07354	0.00353209
1.07478	0.00350685
1.08538	0.00352861
1.07804	0.00341602
1.08918	0.00326875
1.127	0.00352431
1.14902	0.00502253
 FCN=6.96111 FROM MIGRAD    STATUS=CONVERGED      36 CALLS          37 TOTAL
                     EDM=8.82958e-17    STRATEGY= 1      ERROR MATRIX ACCURATE 
  EXT PARAMETER                                   STEP         FIRST   
  NO.   NAME      VALUE            ERROR          SIZE      DERIVATIVE 
   1  p0           1.06739e+00   1.78196e-03   1.76959e-06   4.46953e-06
   2  p1           2.28059e-02   1.25974e-03   1.25099e-06  -5.13138e-06
SaveSource cannot open file: /home/zhangfy/nl_target/toyMC/results/data_10553.C
1.06147	0.00390154
1.06927	0.00351806
1.07457	0.00350617
1.07592	0.00349785
1.08222	0.00342928
1.09803	0.0032953
1.11636	0.00349103
1.14154	0.00498985
 FCN=12.5434 FROM MIGRAD    STATUS=CONVERGED      36 CALLS          37 TOTAL
                     EDM=2.01922e-16    STRATEGY= 1      ERROR MATRIX ACCURATE 
  EXT PARAMETER                                   STEP         FIRST   
  NO.   NAME      VALUE            ERROR          SIZE      DERIVATIVE 
   1  p0           1.06664e+00   1.77697e-03   2.30280e-06   6.67251e-06
   2  p1           2.10000e-02   1.25143e-03   1.62174e-06  -7.96858e-06
SaveSource cannot open file: /home/zhangfy/nl_target/toyMC/results/data_10554.C
1.07697	0.00395852
1.07734	0.00354461
1.0846	0.00353889
1.07333	0.00348945
1.08002	0.0034223
1.09335	0.00328127
1.11458	0.00348546
1.15116	0.00503187
 FCN=16.7496 FROM MIGRAD    STATUS=CONVERGED      36 CALLS          37 TOTAL
                     EDM=2.79362e-17    STRATEGY= 1      ERROR MATRIX ACCURATE 
  EXT PARAMETER                                   STEP         FIRST   
  NO.   NAME      VALUE            ERROR          SIZE      DERIVATIVE 
   1  p0           1.07124e+00   1.78705e-03   2.64377e-06   5.01911e-06
   2  p1           1.94469e-02   1.25826e-03   1.86148e-06   1.95149e-06
SaveSource cannot open file: /home/zhangfy/nl_target/toyMC/results/data_10555.C
1.07407	0.00394785
1.06896	0.00351703
1.07431	0.0035053
1.07954	0.00350963
1.08554	0.00343979
1.09866	0.00329718
1.11599	0.00348988
1.14844	0.00502
 FCN=8.90434 FROM MIGRAD    STATUS=CONVERGED      36 CALLS          37 TOTAL
                     EDM=1.02117e-16    STRATEGY= 1      ERROR MATRIX ACCURATE 
  EXT PARAMETER                                   STEP         FIRST   
  NO.   NAME      VALUE            ERROR          SIZE      DERIVATIVE 
   1  p0           1.06966e+00   1.78300e-03   1.97422e-06  -2.36192e-06
   2  p1           2.07021e-02   1.25596e-03   1.39065e-06  -1.34442e-05
SaveSource cannot open file: /home/zhangfy/nl_target/toyMC/results/data_10556.C
1.06861	0.00392779
1.07086	0.0035233
1.06835	0.00348587
1.0766	0.00350007
1.07827	0.00341677
1.08882	0.00326766
1.1156	0.00348866
1.13919	0.00497954
 FCN=1.04281 FROM MIGRAD    STATUS=CONVERGED      36 CALLS          37 TOTAL
                     EDM=1.05721e-15    STRATEGY= 1      ERROR MATRIX ACCURATE 
  EXT PARAMETER                                   STEP         FIRST   
  NO.   NAME      VALUE            ERROR          SIZE      DERIVATIVE 
   1  p0           1.06545e+00   1.77576e-03   8.92741e-07  -2.92391e-06
   2  p1           2.02199e-02   1.25023e-03   6.28539e-07   3.37771e-05
SaveSource cannot open file: /home/zhangfy/nl_target/toyMC/results/data_10557.C
1.06952	0.00393114
1.07454	0.00353541
1.06945	0.00348944
1.08189	0.00351727
1.08289	0.00343138
1.09895	0.00329806
1.11285	0.00348005
1.14777	0.00501708
 FCN=12.9421 FROM MIGRAD    STATUS=CONVERGED      36 CALLS          37 TOTAL
                     EDM=2.76513e-17    STRATEGY= 1      ERROR MATRIX ACCURATE 
  EXT PARAMETER                                   STEP         FIRST   
  NO.   NAME      VALUE            ERROR          SIZE      DERIVATIVE 
   1  p0           1.06923e+00   1.78192e-03   2.34044e-06   5.15160e-06
   2  p1           2.02375e-02   1.25439e-03   1.64757e-06   7.78706e-06
SaveSource cannot open file: /home/zhangfy/nl_target/toyMC/results/data_10558.C
1.06938	0.00393064
1.07242	0.00352841
1.0694	0.00348928
1.07904	0.00350799
1.08586	0.00344082
1.08827	0.00326599
1.1168	0.00349239
1.14753	0.00501601
 FCN=5.04074 FROM MIGRAD    STATUS=CONVERGED      36 CALLS          37 TOTAL
                     EDM=1.44653e-15    STRATEGY= 1      ERROR MATRIX ACCURATE 
  EXT PARAMETER                                   STEP         FIRST   
  NO.   NAME      VALUE            ERROR          SIZE      DERIVATIVE 
   1  p0           1.06707e+00   1.78003e-03   1.53859e-06   1.12957e-05
   2  p1           2.10444e-02   1.25529e-03   1.08503e-06  -3.01544e-05
SaveSource cannot open file: /home/zhangfy/nl_target/toyMC/results/data_10559.C
1.06569	0.00391707
1.07454	0.0035354
1.07823	0.00351809
1.07306	0.00348857
1.08039	0.00342346
1.0909	0.0032739
1.12174	0.00350784
1.15143	0.00503308
 FCN=6.47088 FROM MIGRAD    STATUS=CONVERGED      36 CALLS          37 TOTAL
                     EDM=1.98424e-16    STRATEGY= 1      ERROR MATRIX ACCURATE 
  EXT PARAMETER                                   STEP         FIRST   
  NO.   NAME      VALUE            ERROR          SIZE      DERIVATIVE 
   1  p0           1.06632e+00   1.78071e-03   1.71230e-06   9.50917e-06
   2  p1           2.26426e-02   1.25906e-03   1.21069e-06   2.18342e-05
SaveSource cannot open file: /home/zhangfy/nl_target/toyMC/results/data_10560.C
1.06919	0.00392993
1.0657	0.00350631
1.07373	0.00350341
1.08316	0.00352138
1.08403	0.003435
1.09326	0.00328098
1.1145	0.00348521
1.15505	0.00504888
 FCN=11.8678 FROM MIGRAD    STATUS=CONVERGED      36 CALLS          37 TOTAL
                     EDM=2.66752e-17    STRATEGY= 1      ERROR MATRIX ACCURATE 
  EXT PARAMETER                                   STEP         FIRST   
  NO.   NAME      VALUE            ERROR          SIZE      DERIVATIVE 
   1  p0           1.06695e+00   1.78102e-03   2.24741e-06   2.86126e-06
   2  p1           2.20724e-02   1.25806e-03   1.58750e-06  -2.20995e-06
SaveSource cannot open file: /home/zhangfy/nl_target/toyMC/results/data_10561.C
1.06178	0.00390268
1.06836	0.00351505
1.0714	0.00349583
1.07671	0.00350042
1.08018	0.00342282
1.0902	0.0032718
1.11913	0.00349969
1.14788	0.00501756
 FCN=2.55092 FROM MIGRAD    STATUS=CONVERGED      36 CALLS          37 TOTAL
                     EDM=2.63343e-16    STRATEGY= 1      ERROR MATRIX ACCURATE 
  EXT PARAMETER                                   STEP         FIRST   
  NO.   NAME      VALUE            ERROR          SIZE      DERIVATIVE 
   1  p0           1.06373e+00   1.77556e-03   1.17792e-06  -5.89580e-06
   2  p1           2.28674e-02   1.25518e-03   8.32692e-07  -2.30460e-05
SaveSource cannot open file: /home/zhangfy/nl_target/toyMC/results/data_10562.C
1.07208	0.00394054
1.0689	0.00351683
1.07604	0.00351095
1.07568	0.00349707
1.08132	0.00342642
1.08942	0.00326945
1.11734	0.00349408
1.14538	0.00500661
 FCN=2.22676 FROM MIGRAD    STATUS=CONVERGED      36 CALLS          37 TOTAL
                     EDM=5.98797e-16    STRATEGY= 1      ERROR MATRIX ACCURATE 
  EXT PARAMETER                                   STEP         FIRST   
  NO.   NAME      VALUE            ERROR          SIZE      DERIVATIVE 
   1  p0           1.06710e+00   1.77985e-03   1.12424e-06   1.18477e-05
   2  p1           2.07416e-02   1.25461e-03   7.92474e-07  -1.31242e-05
SaveSource cannot open file: /home/zhangfy/nl_target/toyMC/results/data_10563.C
1.0705	0.00393475
1.06701	0.00351062
1.0772	0.00351475
1.08145	0.00351583
1.07881	0.00341848
1.08939	0.00326938
1.1207	0.00350458
1.14596	0.00500916
 FCN=4.19126 FROM MIGRAD    STATUS=CONVERGED      36 CALLS          37 TOTAL
                     EDM=2.48964e-16    STRATEGY= 1      ERROR MATRIX ACCURATE 
  EXT PARAMETER                                   STEP         FIRST   
  NO.   NAME      VALUE            ERROR          SIZE      DERIVATIVE 
   1  p0           1.06702e+00   1.78004e-03   1.42680e-06  -4.91151e-06
   2  p1           2.14817e-02   1.25589e-03   1.00666e-06   1.22177e-05
SaveSource cannot open file: /home/zhangfy/nl_target/toyMC/results/data_10564.C
1.07732	0.0039598
1.0762	0.00354085
1.07225	0.0034986
1.07829	0.00350557
1.07987	0.00342183
1.09442	0.00328446
1.12072	0.00350467
1.14717	0.00501444
 FCN=4.35852 FROM MIGRAD    STATUS=CONVERGED      36 CALLS          37 TOTAL
                     EDM=3.06649e-15    STRATEGY= 1      ERROR MATRIX ACCURATE 
  EXT PARAMETER                                   STEP         FIRST   
  NO.   NAME      VALUE            ERROR          SIZE      DERIVATIVE 
   1  p0           1.06948e+00   1.78378e-03   1.45209e-06  -3.87560e-05
   2  p1           2.08674e-02   1.25747e-03   1.02365e-06   9.93036e-06
SaveSource cannot open file: /home/zhangfy/nl_target/toyMC/results/data_10565.C
1.06851	0.00392742
1.07094	0.00352355
1.07655	0.00351263
1.07476	0.0034941
1.07595	0.0034094
1.09049	0.00327268
1.11737	0.00349418
1.1499	0.00502638
 FCN=4.36932 FROM MIGRAD    STATUS=CONVERGED      36 CALLS          37 TOTAL
                     EDM=2.04524e-16    STRATEGY= 1      ERROR MATRIX ACCURATE 
  EXT PARAMETER                                   STEP         FIRST   
  NO.   NAME      VALUE            ERROR          SIZE      DERIVATIVE 
   1  p0           1.06552e+00   1.77895e-03   1.44959e-06  -6.06737e-06
   2  p1           2.18914e-02   1.25665e-03   1.02398e-06  -2.08170e-05
SaveSource cannot open file: /home/zhangfy/nl_target/toyMC/results/data_10566.C
1.07126	0.00393755
1.06624	0.0035081
1.07443	0.00350569
1.08391	0.00352382
1.07814	0.00341633
1.09383	0.00328268
1.11843	0.00349749
1.14601	0.00500936
 FCN=6.79336 FROM MIGRAD    STATUS=CONVERGED      36 CALLS          37 TOTAL
                     EDM=4.77984e-16    STRATEGY= 1      ERROR MATRIX ACCURATE 
  EXT PARAMETER                                   STEP         FIRST   
  NO.   NAME      VALUE            ERROR          SIZE      DERIVATIVE 
   1  p0           1.06743e+00   1.77998e-03   1.74854e-06  -1.64183e-05
   2  p1           2.12721e-02   1.25505e-03   1.23288e-06   1.89288e-06
SaveSource cannot open file: /home/zhangfy/nl_target/toyMC/results/data_10567.C
1.07029	0.00393399
1.07013	0.00352088
1.07178	0.00349707
1.07752	0.00350307
1.07996	0.00342212
1.09706	0.00329237
1.11516	0.00348727
1.14651	0.00501157
 FCN=6.20629 FROM MIGRAD    STATUS=CONVERGED      36 CALLS          37 TOTAL
                     EDM=9.2131e-16    STRATEGY= 1      ERROR MATRIX ACCURATE 
  EXT PARAMETER                                   STEP         FIRST   
  NO.   NAME      VALUE            ERROR          SIZE      DERIVATIVE 
   1  p0           1.06726e+00   1.77942e-03   1.68071e-06   1.48364e-05
   2  p1           2.09976e-02   1.25415e-03   1.18458e-06   4.52775e-05
SaveSource cannot open file: /home/zhangfy/nl_target/toyMC/results/data_10568.C
1.0651	0.00391489
1.07144	0.00352521
1.0696	0.00348995
1.07977	0.00351038
1.08685	0.00344395
1.09043	0.00327249
1.12159	0.00350738
1.14212	0.00499238
 FCN=6.89028 FROM MIGRAD    STATUS=CONVERGED      36 CALLS          37 TOTAL
                     EDM=2.61723e-16    STRATEGY= 1      ERROR MATRIX ACCURATE 
  EXT PARAMETER                                   STEP         FIRST   
  NO.   NAME      VALUE            ERROR          SIZE      DERIVATIVE 
   1  p0           1.06697e+00   1.77851e-03   1.75889e-06   1.52878e-05
   2  p1           2.14454e-02   1.25374e-03   1.23991e-06   5.61956e-06
SaveSource cannot open file: /home/zhangfy/nl_target/toyMC/results/data_10569.C
1.06798	0.00392547
1.06932	0.00351822
1.07021	0.00349194
1.07465	0.00349373
1.08202	0.00342864
1.09538	0.00328735
1.11298	0.00348045
1.14286	0.00499562
 FCN=7.05922 FROM MIGRAD    STATUS=CONVERGED      36 CALLS          37 TOTAL
                     EDM=2.19121e-16    STRATEGY= 1      ERROR MATRIX ACCURATE 
  EXT PARAMETER                                   STEP         FIRST   
  NO.   NAME      VALUE            ERROR          SIZE      DERIVATIVE 
   1  p0           1.06637e+00   1.77704e-03   1.77503e-06   1.46234e-06
   2  p1           2.04255e-02   1.25119e-03   1.24977e-06  -1.52244e-05
SaveSource cannot open file: /home/zhangfy/nl_target/toyMC/results/data_10570.C
1.07433	0.00394881
1.07072	0.00352282
1.07651	0.00351248
1.07616	0.00349866
1.0827	0.00343079
1.1047	0.00331533
1.12278	0.0035111
1.14988	0.00502631
 FCN=14.046 FROM MIGRAD    STATUS=CONVERGED      36 CALLS          37 TOTAL
                     EDM=2.45147e-16    STRATEGY= 1      ERROR MATRIX ACCURATE 
  EXT PARAMETER                                   STEP         FIRST   
  NO.   NAME      VALUE            ERROR          SIZE      DERIVATIVE 
   1  p0           1.06971e+00   1.78389e-03   2.43684e-06   1.43241e-05
   2  p1           2.23047e-02   1.25907e-03   1.71992e-06   2.38063e-05
SaveSource cannot open file: /home/zhangfy/nl_target/toyMC/results/data_10571.C
1.06611	0.00391862
1.06727	0.00351148
1.06881	0.00348736
1.08105	0.00351453
1.0882	0.00344823
1.0936	0.003282
1.11846	0.00349759
1.14428	0.0050018
 FCN=10.7235 FROM MIGRAD    STATUS=CONVERGED      36 CALLS          37 TOTAL
                     EDM=8.85604e-17    STRATEGY= 1      ERROR MATRIX ACCURATE 
  EXT PARAMETER                                   STEP         FIRST   
  NO.   NAME      VALUE            ERROR          SIZE      DERIVATIVE 
   1  p0           1.06689e+00   1.77823e-03   2.14399e-06  -9.04751e-06
   2  p1           2.15256e-02   1.25353e-03   1.51137e-06  -3.69052e-06
SaveSource cannot open file: /home/zhangfy/nl_target/toyMC/results/data_10572.C
1.07138	0.00393797
1.07461	0.00353561
1.08003	0.00352399
1.08219	0.00351824
1.07877	0.00341833
1.08699	0.00326216
1.12346	0.00351323
1.14689	0.00501321
 FCN=6.50904 FROM MIGRAD    STATUS=CONVERGED      36 CALLS          37 TOTAL
                     EDM=2.03365e-16    STRATEGY= 1      ERROR MATRIX ACCURATE 
  EXT PARAMETER                                   STEP         FIRST   
  NO.   NAME      VALUE            ERROR          SIZE      DERIVATIVE 
   1  p0           1.06910e+00   1.78386e-03   1.71859e-06   3.60990e-06
   2  p1           2.10102e-02   1.25821e-03   1.21217e-06  -1.20477e-05
SaveSource cannot open file: /home/zhangfy/nl_target/toyMC/results/data_10573.C
1.0747	0.00395019
1.07857	0.00354866
1.07687	0.00351367
1.07835	0.00350577
1.0801	0.00342256
1.0914	0.0032754
1.11694	0.00349284
1.14769	0.00501672
 FCN=4.00167 FROM MIGRAD    STATUS=CONVERGED      36 CALLS          37 TOTAL
                     EDM=8.29269e-16    STRATEGY= 1      ERROR MATRIX ACCURATE 
  EXT PARAMETER                                   STEP         FIRST   
  NO.   NAME      VALUE            ERROR          SIZE      DERIVATIVE 
   1  p0           1.07035e+00   1.78502e-03   1.40262e-06   5.39984e-06
   2  p1           1.97378e-02   1.25683e-03   9.87585e-07   3.72553e-05
SaveSource cannot open file: /home/zhangfy/nl_target/toyMC/results/data_10574.C
1.07194	0.00394004
1.07089	0.00352338
1.06965	0.00349012
1.07552	0.00349655
1.08027	0.00342311
1.09633	0.00329019
1.11247	0.00347886
1.14026	0.00498425
 FCN=7.66065 FROM MIGRAD    STATUS=CONVERGED      36 CALLS          37 TOTAL
                     EDM=9.49917e-17    STRATEGY= 1      ERROR MATRIX ACCURATE 
  EXT PARAMETER                                   STEP         FIRST   
  NO.   NAME      VALUE            ERROR          SIZE      DERIVATIVE 
   1  p0           1.06762e+00   1.77818e-03   1.84066e-06  -1.03865e-05
   2  p1           1.94895e-02   1.25016e-03   1.29409e-06  -1.31279e-05
SaveSource cannot open file: /home/zhangfy/nl_target/toyMC/results/data_10575.C
1.07681	0.00395794
1.073	0.00353034
1.07499	0.00350753
1.07688	0.00350097
1.08897	0.00345068
1.09485	0.00328574
1.12378	0.00351421
1.15142	0.00503301
 FCN=5.10881 FROM MIGRAD    STATUS=CONVERGED      34 CALLS          35 TOTAL
                     EDM=5.36847e-17    STRATEGY= 1      ERROR MATRIX ACCURATE 
  EXT PARAMETER                                   STEP         FIRST   
  NO.   NAME      VALUE            ERROR          SIZE      DERIVATIVE 
   1  p0           1.07013e+00   1.78563e-03   1.55285e-06   6.62480e-06
   2  p1           2.19555e-02   1.26058e-03   1.09625e-06   1.83307e-06
SaveSource cannot open file: /home/zhangfy/nl_target/toyMC/results/data_10576.C
1.0757	0.00395385
1.07805	0.00354696
1.07253	0.00349952
1.07466	0.00349377
1.07559	0.00340828
1.09162	0.00327605
1.12077	0.00350482
1.16359	0.00508623
 FCN=15.6825 FROM MIGRAD    STATUS=CONVERGED      36 CALLS          37 TOTAL
                     EDM=6.35775e-17    STRATEGY= 1      ERROR MATRIX ACCURATE 
  EXT PARAMETER                                   STEP         FIRST   
  NO.   NAME      VALUE            ERROR          SIZE      DERIVATIVE 
   1  p0           1.06612e+00   1.78401e-03   2.56116e-06   6.91322e-06
   2  p1           2.39219e-02   1.26548e-03   1.81675e-06   1.27110e-06
SaveSource cannot open file: /home/zhangfy/nl_target/toyMC/results/data_10577.C
1.06986	0.00393241
1.06427	0.0035016
1.07088	0.00349411
1.08021	0.0035118
1.07817	0.00341643
1.08845	0.00326656
1.11932	0.00350028
1.14731	0.00501506
 FCN=3.69942 FROM MIGRAD    STATUS=CONVERGED      36 CALLS          37 TOTAL
                     EDM=2.09661e-15    STRATEGY= 1      ERROR MATRIX ACCURATE 
  EXT PARAMETER                                   STEP         FIRST   
  NO.   NAME      VALUE            ERROR          SIZE      DERIVATIVE 
   1  p0           1.06432e+00   1.77654e-03   1.35529e-06   6.28229e-06
   2  p1           2.24186e-02   1.25531e-03   9.57650e-07  -4.50222e-05
SaveSource cannot open file: /home/zhangfy/nl_target/toyMC/results/data_10578.C
1.07059	0.00393506
1.06831	0.0035149
1.0677	0.00348376
1.08404	0.00352427
1.07606	0.00340976
1.08701	0.00326223
1.1247	0.0035171
1.14485	0.00500428
 FCN=9.27563 FROM MIGRAD    STATUS=CONVERGED      36 CALLS          37 TOTAL
                     EDM=2.53503e-16    STRATEGY= 1      ERROR MATRIX ACCURATE 
  EXT PARAMETER                                   STEP         FIRST   
  NO.   NAME      VALUE            ERROR          SIZE      DERIVATIVE 
   1  p0           1.06477e+00   1.77723e-03   2.00541e-06   8.17136e-06
   2  p1           2.26991e-02   1.25607e-03   1.41734e-06  -7.85821e-06
SaveSource cannot open file: /home/zhangfy/nl_target/toyMC/results/data_10579.C
1.06296	0.00390701
1.07002	0.00352053
1.06868	0.00348694
1.07846	0.00350613
1.07936	0.00342022
1.09483	0.00328569
1.11518	0.00348733
1.15199	0.0050355
 FCN=8.27572 FROM MIGRAD    STATUS=CONVERGED      36 CALLS          37 TOTAL
                     EDM=1.16534e-16    STRATEGY= 1      ERROR MATRIX ACCURATE 
  EXT PARAMETER                                   STEP         FIRST   
  NO.   NAME      VALUE            ERROR          SIZE      DERIVATIVE 
   1  p0           1.06435e+00   1.77677e-03   1.90473e-06   2.19162e-06
   2  p1           2.27771e-02   1.25603e-03   1.34649e-06  -9.79872e-06
SaveSource cannot open file: /home/zhangfy/nl_target/toyMC/results/data_10580.C
1.07286	0.0039434
1.06804	0.00351401
1.06999	0.0034912
1.08074	0.00351352
1.0807	0.00342445
1.09132	0.00327516
1.1117	0.00347647
1.15656	0.00505549
 FCN=12.9649 FROM MIGRAD    STATUS=CONVERGED      36 CALLS          37 TOTAL
                     EDM=6.51567e-16    STRATEGY= 1      ERROR MATRIX ACCURATE 
  EXT PARAMETER                                   STEP         FIRST   
  NO.   NAME      VALUE            ERROR          SIZE      DERIVATIVE 
   1  p0           1.06604e+00   1.78040e-03   2.33876e-06   3.61157e-06
   2  p1           2.18162e-02   1.25799e-03   1.65251e-06   3.20064e-05
SaveSource cannot open file: /home/zhangfy/nl_target/toyMC/results/data_10581.C
1.05784	0.00388822
1.07146	0.00352526
1.07892	0.00352035
1.07562	0.00349688
1.08377	0.00343418
1.09165	0.00327616
1.11574	0.00348909
1.14314	0.00499684
 FCN=14.7082 FROM MIGRAD    STATUS=CONVERGED      36 CALLS          37 TOTAL
                     EDM=5.46021e-16    STRATEGY= 1      ERROR MATRIX ACCURATE 
  EXT PARAMETER                                   STEP         FIRST   
  NO.   NAME      VALUE            ERROR          SIZE      DERIVATIVE 
   1  p0           1.06662e+00   1.77776e-03   2.47936e-06  -1.48629e-05
   2  p1           2.07209e-02   1.25222e-03   1.74641e-06   6.93948e-06
SaveSource cannot open file: /home/zhangfy/nl_target/toyMC/results/data_10582.C
1.06602	0.00391826
1.07396	0.00353349
1.07314	0.00350151
1.0791	0.00350819
1.08075	0.00342462
1.08868	0.00326725
1.11794	0.00349597
1.14593	0.00500903
 FCN=2.05805 FROM MIGRAD    STATUS=CONVERGED      36 CALLS          37 TOTAL
                     EDM=8.23201e-16    STRATEGY= 1      ERROR MATRIX ACCURATE 
  EXT PARAMETER                                   STEP         FIRST   
  NO.   NAME      VALUE            ERROR          SIZE      DERIVATIVE 
   1  p0           1.06683e+00   1.77956e-03   1.09447e-06   3.14142e-05
   2  p1           2.10414e-02   1.25490e-03   7.71794e-07   3.48907e-05
SaveSource cannot open file: /home/zhangfy/nl_target/toyMC/results/data_10583.C
1.06644	0.00391982
1.07007	0.0035207
1.0722	0.00349842
1.08337	0.00352208
1.0822	0.00342922
1.09558	0.00328795
1.11963	0.00350125
1.14479	0.00500404
 FCN=5.47964 FROM MIGRAD    STATUS=CONVERGED      36 CALLS          37 TOTAL
                     EDM=4.51141e-15    STRATEGY= 1      ERROR MATRIX ACCURATE 
  EXT PARAMETER                                   STEP         FIRST   
  NO.   NAME      VALUE            ERROR          SIZE      DERIVATIVE 
   1  p0           1.06786e+00   1.77995e-03   1.59517e-06  -5.24361e-05
   2  p1           2.14007e-02   1.25466e-03   1.12441e-06   1.88590e-06
SaveSource cannot open file: /home/zhangfy/nl_target/toyMC/results/data_10584.C
1.07159	0.00393876
1.07269	0.00352931
1.07819	0.00351797
1.0781	0.00350494
1.08104	0.00342555
1.09051	0.00327273
1.12063	0.00350439
1.14592	0.00500898
 FCN=1.31324 FROM MIGRAD    STATUS=CONVERGED      36 CALLS          37 TOTAL
                     EDM=3.04064e-16    STRATEGY= 1      ERROR MATRIX ACCURATE 
  EXT PARAMETER                                   STEP         FIRST   
  NO.   NAME      VALUE            ERROR          SIZE      DERIVATIVE 
   1  p0           1.06869e+00   1.78243e-03   9.53350e-07   2.73857e-06
   2  p1           2.08320e-02   1.25647e-03   6.72034e-07  -1.67310e-05
SaveSource cannot open file: /home/zhangfy/nl_target/toyMC/results/data_10585.C
1.06697	0.00392176
1.07101	0.00352378
1.07707	0.00351431
1.07712	0.00350177
1.08276	0.00343097
1.09404	0.00328333
1.12012	0.00350277
1.15257	0.00503803
 FCN=3.41862 FROM MIGRAD    STATUS=CONVERGED      36 CALLS          37 TOTAL
                     EDM=5.12888e-16    STRATEGY= 1      ERROR MATRIX ACCURATE 
  EXT PARAMETER                                   STEP         FIRST   
  NO.   NAME      VALUE            ERROR          SIZE      DERIVATIVE 
   1  p0           1.06714e+00   1.78144e-03   1.31774e-06  -1.19511e-05
   2  p1           2.25560e-02   1.25900e-03   9.31290e-07   1.06064e-05
SaveSource cannot open file: /home/zhangfy/nl_target/toyMC/results/data_10586.C
1.07147	0.00393832
1.07338	0.00353159
1.07093	0.00349429
1.07185	0.00348462
1.08252	0.00343023
1.09297	0.00328011
1.11812	0.00349652
1.14758	0.00501623
 FCN=5.37592 FROM MIGRAD    STATUS=CONVERGED      36 CALLS          37 TOTAL
                     EDM=5.58946e-16    STRATEGY= 1      ERROR MATRIX ACCURATE 
  EXT PARAMETER                                   STEP         FIRST   
  NO.   NAME      VALUE            ERROR          SIZE      DERIVATIVE 
   1  p0           1.06658e+00   1.77957e-03   1.58072e-06   6.28183e-06
   2  p1           2.15615e-02   1.25584e-03   1.11551e-06  -1.96663e-05
SaveSource cannot open file: /home/zhangfy/nl_target/toyMC/results/data_10587.C
1.07182	0.0039396
1.07491	0.00353662
1.08105	0.00352731
1.0841	0.00352444
1.07307	0.00340028
1.09445	0.00328454
1.12043	0.00350375
1.15338	0.00504158
 FCN=13.6105 FROM MIGRAD    STATUS=CONVERGED      36 CALLS          37 TOTAL
                     EDM=2.80198e-16    STRATEGY= 1      ERROR MATRIX ACCURATE 
  EXT PARAMETER                                   STEP         FIRST   
  NO.   NAME      VALUE            ERROR          SIZE      DERIVATIVE 
   1  p0           1.06930e+00   1.78517e-03   2.39903e-06   6.66217e-06
   2  p1           2.16509e-02   1.26058e-03   1.69405e-06  -1.09603e-05
SaveSource cannot open file: /home/zhangfy/nl_target/toyMC/results/data_10588.C
1.06993	0.00393264
1.06681	0.00350995
1.07345	0.00350251
1.07891	0.00350758
1.08214	0.00342902
1.08508	0.00325645
1.12037	0.00350356
1.14048	0.00498518
 FCN=4.43575 FROM MIGRAD    STATUS=CONVERGED      36 CALLS          37 TOTAL
                     EDM=6.52045e-17    STRATEGY= 1      ERROR MATRIX ACCURATE 
  EXT PARAMETER                                   STEP         FIRST   
  NO.   NAME      VALUE            ERROR          SIZE      DERIVATIVE 
   1  p0           1.06615e+00   1.77758e-03   1.45797e-06  -3.97342e-06
   2  p1           2.08049e-02   1.25266e-03   1.02743e-06   4.25102e-06
SaveSource cannot open file: /home/zhangfy/nl_target/toyMC/results/data_10589.C
1.07328	0.00394495
1.07383	0.00353306
1.07869	0.00351959
1.07901	0.0035079
1.0802	0.00342287
1.09433	0.00328418
1.11306	0.00348069
1.14971	0.00502552
 FCN=6.77513 FROM MIGRAD    STATUS=CONVERGED      36 CALLS          37 TOTAL
                     EDM=1.15609e-16    STRATEGY= 1      ERROR MATRIX ACCURATE 
  EXT PARAMETER                                   STEP         FIRST   
  NO.   NAME      VALUE            ERROR          SIZE      DERIVATIVE 
   1  p0           1.06996e+00   1.78422e-03   1.74818e-06  -1.03263e-05
   2  p1           1.97444e-02   1.25618e-03   1.23081e-06  -1.61102e-05
SaveSource cannot open file: /home/zhangfy/nl_target/toyMC/results/data_10590.C
1.06611	0.0039186
1.06652	0.003509
1.07613	0.00351124
1.07784	0.00350411
1.08658	0.00344309
1.09209	0.00327748
1.12114	0.00350597
1.1502	0.00502768
 FCN=6.3124 FROM MIGRAD    STATUS=CONVERGED      36 CALLS          37 TOTAL
                     EDM=3.51401e-15    STRATEGY= 1      ERROR MATRIX ACCURATE 
  EXT PARAMETER                                   STEP         FIRST   
  NO.   NAME      VALUE            ERROR          SIZE      DERIVATIVE 
   1  p0           1.06649e+00   1.77982e-03   1.69440e-06   6.15263e-06
   2  p1           2.27079e-02   1.25768e-03   1.19732e-06  -6.03273e-05
SaveSource cannot open file: /home/zhangfy/nl_target/toyMC/results/data_10591.C
1.06938	0.00393063
1.07152	0.00352546
1.07075	0.00349369
1.08363	0.00352292
1.08466	0.00343702
1.09352	0.00328176
1.11607	0.0034901
1.15244	0.00503746
 FCN=7.28111 FROM MIGRAD    STATUS=CONVERGED      36 CALLS          37 TOTAL
                     EDM=1.90037e-16    STRATEGY= 1      ERROR MATRIX ACCURATE 
  EXT PARAMETER                                   STEP         FIRST   
  NO.   NAME      VALUE            ERROR          SIZE      DERIVATIVE 
   1  p0           1.06809e+00   1.78212e-03   1.80398e-06  -1.35395e-05
   2  p1           2.15637e-02   1.25764e-03   1.27306e-06  -6.28775e-06
SaveSource cannot open file: /home/zhangfy/nl_target/toyMC/results/data_10592.C
1.07408	0.00394791
1.07165	0.00352589
1.07382	0.00350373
1.08375	0.0035233
1.08119	0.003426
1.09094	0.00327403
1.11807	0.00349637
1.1449	0.00500451
 FCN=2.21985 FROM MIGRAD    STATUS=CONVERGED      36 CALLS          37 TOTAL
                     EDM=1.38256e-15    STRATEGY= 1      ERROR MATRIX ACCURATE 
  EXT PARAMETER                                   STEP         FIRST   
  NO.   NAME      VALUE            ERROR          SIZE      DERIVATIVE 
   1  p0           1.06937e+00   1.78265e-03   1.12474e-06   3.37477e-06
   2  p1           2.01080e-02   1.25510e-03   7.91896e-07  -3.84283e-05
SaveSource cannot open file: /home/zhangfy/nl_target/toyMC/results/data_10593.C
1.07212	0.00394071
1.07021	0.00352116
1.07187	0.00349734
1.07476	0.00349409
1.08189	0.00342824
1.09162	0.00327607
1.11721	0.00349368
1.14154	0.00498983
 FCN=1.95425 FROM MIGRAD    STATUS=CONVERGED      36 CALLS          37 TOTAL
                     EDM=3.27802e-16    STRATEGY= 1      ERROR MATRIX ACCURATE 
  EXT PARAMETER                                   STEP         FIRST   
  NO.   NAME      VALUE            ERROR          SIZE      DERIVATIVE 
   1  p0           1.06712e+00   1.77863e-03   1.07538e-06   7.87782e-06
   2  p1           2.03667e-02   1.25244e-03   7.57238e-07  -1.10291e-05
SaveSource cannot open file: /home/zhangfy/nl_target/toyMC/results/data_10594.C
1.06609	0.00391854
1.07024	0.00352125
1.07341	0.00350239
1.07403	0.00349171
1.08272	0.00343085
1.09499	0.00328618
1.11636	0.00349103
1.14192	0.00499149
 FCN=5.65497 FROM MIGRAD    STATUS=CONVERGED      36 CALLS          37 TOTAL
                     EDM=4.70548e-15    STRATEGY= 1      ERROR MATRIX ACCURATE 
  EXT PARAMETER                                   STEP         FIRST   
  NO.   NAME      VALUE            ERROR          SIZE      DERIVATIVE 
   1  p0           1.06679e+00   1.77771e-03   1.61403e-06   4.68569e-05
   2  p1           2.07072e-02   1.25195e-03   1.13668e-06  -1.47446e-05
SaveSource cannot open file: /home/zhangfy/nl_target/toyMC/results/data_10595.C
1.07776	0.00396144
1.07036	0.00352163
1.07354	0.00350279
1.0776	0.00350332
1.07904	0.0034192
1.09139	0.00327538
1.12164	0.00350752
1.13549	0.00496337
 FCN=6.39798 FROM MIGRAD    STATUS=CONVERGED      36 CALLS          37 TOTAL
                     EDM=4.38165e-16    STRATEGY= 1      ERROR MATRIX ACCURATE 
  EXT PARAMETER                                   STEP         FIRST   
  NO.   NAME      VALUE            ERROR          SIZE      DERIVATIVE 
   1  p0           1.06895e+00   1.78022e-03   1.70329e-06   1.94826e-05
   2  p1           1.94939e-02   1.25144e-03   1.19736e-06   3.19058e-05
SaveSource cannot open file: /home/zhangfy/nl_target/toyMC/results/data_10596.C
1.07338	0.00394532
1.07091	0.00352346
1.0737	0.00350331
1.0754	0.00349617
1.07483	0.00340587
1.09483	0.00328571
1.11849	0.00349768
1.1505	0.00502898
 FCN=6.72968 FROM MIGRAD    STATUS=CONVERGED      36 CALLS          37 TOTAL
                     EDM=3.35841e-15    STRATEGY= 1      ERROR MATRIX ACCURATE 
  EXT PARAMETER                                   STEP         FIRST   
  NO.   NAME      VALUE            ERROR          SIZE      DERIVATIVE 
   1  p0           1.06618e+00   1.77993e-03   1.74071e-06  -5.26693e-06
   2  p1           2.21363e-02   1.25752e-03   1.22981e-06   5.97807e-05
SaveSource cannot open file: /home/zhangfy/nl_target/toyMC/results/data_10597.C
1.06827	0.00392653
1.06922	0.0035179
1.07708	0.00351435
1.07671	0.00350042
1.07377	0.0034025
1.09096	0.00327407
1.11972	0.00350152
1.14014	0.00498372
 FCN=5.75862 FROM MIGRAD    STATUS=CONVERGED      36 CALLS          37 TOTAL
                     EDM=1.28214e-15    STRATEGY= 1      ERROR MATRIX ACCURATE 
  EXT PARAMETER                                   STEP         FIRST   
  NO.   NAME      VALUE            ERROR          SIZE      DERIVATIVE 
   1  p0           1.06608e+00   1.77732e-03   1.62566e-06   2.08911e-05
   2  p1           2.08300e-02   1.25240e-03   1.14553e-06  -1.37720e-05
SaveSource cannot open file: /home/zhangfy/nl_target/toyMC/results/data_10598.C
1.06973	0.00393191
1.07606	0.00354041
1.0745	0.00350595
1.07867	0.00350679
1.07842	0.00341723
1.09386	0.00328279
1.11728	0.00349389
1.14598	0.00500924
 FCN=3.15819 FROM MIGRAD    STATUS=CONVERGED      36 CALLS          37 TOTAL
                     EDM=5.3456e-16    STRATEGY= 1      ERROR MATRIX ACCURATE 
  EXT PARAMETER                                   STEP         FIRST   
  NO.   NAME      VALUE            ERROR          SIZE      DERIVATIVE 
   1  p0           1.06854e+00   1.78173e-03   1.27764e-06  -1.15199e-05
   2  p1           2.04962e-02   1.25526e-03   9.00119e-07   1.18902e-05
SaveSource cannot open file: /home/zhangfy/nl_target/toyMC/results/data_10599.C
