000 (8910089.000.000) 08/30 16:47:30 Job submitted from host: <10.10.47.121:35195>
...
001 (8910089.000.000) 08/30 16:47:45 Job executing on host: <10.10.47.135:53186>
...
006 (8910089.000.000) 08/30 16:47:54 Image size of job updated: 257316
	20  -  MemoryUsage of job (MB)
	19500  -  ResidentSetSize of job (KB)
...
006 (8910089.000.000) 08/30 16:48:52 Image size of job updated: 315052
	20  -  MemoryUsage of job (MB)
	19500  -  ResidentSetSize of job (KB)
...
005 (8910089.000.000) 08/30 16:48:53 Job terminated.
	(1) Normal termination (return value 0)
		Usr 0 00:00:00, Sys 0 00:00:00  -  Run Remote Usage
		Usr 0 00:00:00, Sys 0 00:00:00  -  Run Local Usage
		Usr 0 00:00:00, Sys 0 00:00:00  -  Total Remote Usage
		Usr 0 00:00:00, Sys 0 00:00:00  -  Total Local Usage
	91399  -  Run Bytes Sent By Job
	4013  -  Run Bytes Received By Job
	91399  -  Total Bytes Sent By Job
	4013  -  Total Bytes Received By Job
	Partitionable Resources :    Usage  Request          
	   Cpus                 :                 1          
	   Disk (KB)            :      105      105          
	   Memory (MB)          :       20       20          
...
