1.06636	0.00391953
1.07496	0.00353677
1.07047	0.00349277
1.07568	0.00349709
1.08076	0.00342465
1.09438	0.00328434
1.12205	0.00350883
1.14627	0.0050105
 FCN=4.15089 FROM MIGRAD    STATUS=CONVERGED      36 CALLS          37 TOTAL
                     EDM=3.46471e-15    STRATEGY= 1      ERROR MATRIX ACCURATE 
  EXT PARAMETER                                   STEP         FIRST   
  NO.   NAME      VALUE            ERROR          SIZE      DERIVATIVE 
   1  p0           1.06639e+00   1.77903e-03   1.42145e-06  -3.97399e-06
   2  p1           2.23016e-02   1.25621e-03   1.00371e-06   6.22411e-05
SaveSource cannot open file: /home/zhangfy/nl_target/toyMC/results/data_16100.C
1.0683	0.00392667
1.0742	0.00353429
1.07411	0.00350467
1.07659	0.00350004
1.08409	0.00343521
1.08916	0.00326869
1.11211	0.00347773
1.14275	0.0049951
 FCN=3.83591 FROM MIGRAD    STATUS=CONVERGED      36 CALLS          37 TOTAL
                     EDM=1.00076e-16    STRATEGY= 1      ERROR MATRIX ACCURATE 
  EXT PARAMETER                                   STEP         FIRST   
  NO.   NAME      VALUE            ERROR          SIZE      DERIVATIVE 
   1  p0           1.06839e+00   1.78026e-03   1.37588e-06  -8.49200e-06
   2  p1           1.90692e-02   1.25168e-03   9.67365e-07  -1.16145e-06
SaveSource cannot open file: /home/zhangfy/nl_target/toyMC/results/data_16101.C
1.06915	0.00392977
1.07305	0.0035305
1.06869	0.00348699
1.07453	0.00349335
1.08316	0.00343225
1.09222	0.00327785
1.1178	0.00349552
1.14735	0.00501521
 FCN=4.10647 FROM MIGRAD    STATUS=CONVERGED      34 CALLS          35 TOTAL
                     EDM=2.90105e-16    STRATEGY= 1      ERROR MATRIX ACCURATE 
  EXT PARAMETER                                   STEP         FIRST   
  NO.   NAME      VALUE            ERROR          SIZE      DERIVATIVE 
   1  p0           1.06615e+00   1.77872e-03   1.41423e-06   8.98871e-06
   2  p1           2.16885e-02   1.25532e-03   9.98081e-07  -8.02010e-06
SaveSource cannot open file: /home/zhangfy/nl_target/toyMC/results/data_16102.C
1.06634	0.00391945
1.07308	0.0035306
1.07721	0.00351478
1.07889	0.00350751
1.09005	0.00345408
1.0853	0.0032571
1.12261	0.00351056
1.14702	0.00501378
 FCN=11.8761 FROM MIGRAD    STATUS=CONVERGED      36 CALLS          37 TOTAL
                     EDM=1.48992e-15    STRATEGY= 1      ERROR MATRIX ACCURATE 
  EXT PARAMETER                                   STEP         FIRST   
  NO.   NAME      VALUE            ERROR          SIZE      DERIVATIVE 
   1  p0           1.06842e+00   1.78238e-03   2.24971e-06  -7.89790e-06
   2  p1           2.13475e-02   1.25734e-03   1.58701e-06   3.48945e-05
SaveSource cannot open file: /home/zhangfy/nl_target/toyMC/results/data_16103.C
1.0683	0.00392667
1.07676	0.00354269
1.08073	0.00352625
1.0811	0.00351471
1.07995	0.00342207
1.08696	0.00326208
1.11635	0.00349098
1.14947	0.00502451
 FCN=8.82324 FROM MIGRAD    STATUS=CONVERGED      34 CALLS          35 TOTAL
                     EDM=1.75457e-17    STRATEGY= 1      ERROR MATRIX ACCURATE 
  EXT PARAMETER                                   STEP         FIRST   
  NO.   NAME      VALUE            ERROR          SIZE      DERIVATIVE 
   1  p0           1.06930e+00   1.78409e-03   1.96438e-06   2.48452e-06
   2  p1           2.00777e-02   1.25718e-03   1.38422e-06   6.41968e-06
SaveSource cannot open file: /home/zhangfy/nl_target/toyMC/results/data_16104.C
1.07392	0.00394732
1.07384	0.00353308
1.07096	0.00349437
1.07657	0.00349998
1.08426	0.00343574
1.08959	0.00326997
1.11542	0.00348809
1.14745	0.00501567
 FCN=4.41335 FROM MIGRAD    STATUS=CONVERGED      36 CALLS          37 TOTAL
                     EDM=4.74816e-16    STRATEGY= 1      ERROR MATRIX ACCURATE 
  EXT PARAMETER                                   STEP         FIRST   
  NO.   NAME      VALUE            ERROR          SIZE      DERIVATIVE 
   1  p0           1.06810e+00   1.78152e-03   1.45697e-06  -2.05894e-05
   2  p1           2.03397e-02   1.25532e-03   1.02663e-06  -7.62619e-06
SaveSource cannot open file: /home/zhangfy/nl_target/toyMC/results/data_16105.C
1.07367	0.0039464
1.07603	0.00354029
1.08186	0.00352996
1.08259	0.00351955
1.08317	0.00343228
1.09237	0.0032783
1.11718	0.00349358
1.13854	0.00497673
 FCN=1.4546 FROM MIGRAD    STATUS=CONVERGED      38 CALLS          39 TOTAL
                     EDM=1.19121e-15    STRATEGY= 1      ERROR MATRIX ACCURATE 
  EXT PARAMETER                                   STEP         FIRST   
  NO.   NAME      VALUE            ERROR          SIZE      DERIVATIVE 
   1  p0           1.07311e+00   1.78601e-03   9.83342e-07  -3.06663e-05
   2  p1           1.77510e-02   1.25255e-03   6.89629e-07  -5.33395e-05
SaveSource cannot open file: /home/zhangfy/nl_target/toyMC/results/data_16106.C
1.06828	0.00392658
1.07331	0.00353134
1.0689	0.00348766
1.07822	0.00350535
1.08457	0.00343672
1.09614	0.00328962
1.11811	0.0034965
1.15278	0.00503894
 FCN=7.07475 FROM MIGRAD    STATUS=CONVERGED      36 CALLS          37 TOTAL
                     EDM=4.4009e-16    STRATEGY= 1      ERROR MATRIX ACCURATE 
  EXT PARAMETER                                   STEP         FIRST   
  NO.   NAME      VALUE            ERROR          SIZE      DERIVATIVE 
   1  p0           1.06703e+00   1.78087e-03   1.78105e-06   5.99915e-06
   2  p1           2.24753e-02   1.25824e-03   1.25837e-06   2.86562e-05
SaveSource cannot open file: /home/zhangfy/nl_target/toyMC/results/data_16107.C
1.07466	0.00395003
1.07237	0.00352826
1.07638	0.00351206
1.07915	0.00350837
1.08296	0.00343161
1.09282	0.00327967
1.12188	0.00350829
1.14632	0.00501074
 FCN=0.685884 FROM MIGRAD    STATUS=CONVERGED      38 CALLS          39 TOTAL
                     EDM=5.74658e-18    STRATEGY= 1      ERROR MATRIX ACCURATE 
  EXT PARAMETER                                   STEP         FIRST   
  NO.   NAME      VALUE            ERROR          SIZE      DERIVATIVE 
   1  p0           1.06957e+00   1.78360e-03   8.14618e-07  -2.51037e-06
   2  p1           2.09559e-02   1.25723e-03   5.74211e-07  -1.64007e-06
SaveSource cannot open file: /home/zhangfy/nl_target/toyMC/results/data_16108.C
1.07015	0.00393344
1.0714	0.00352507
1.07622	0.00351154
1.0747	0.00349388
1.07917	0.00341961
1.09165	0.00327614
1.11931	0.00350024
1.14685	0.00501303
 FCN=2.06307 FROM MIGRAD    STATUS=CONVERGED      36 CALLS          37 TOTAL
                     EDM=5.67837e-16    STRATEGY= 1      ERROR MATRIX ACCURATE 
  EXT PARAMETER                                   STEP         FIRST   
  NO.   NAME      VALUE            ERROR          SIZE      DERIVATIVE 
   1  p0           1.06681e+00   1.77995e-03   1.09576e-06  -1.40203e-06
   2  p1           2.14687e-02   1.25599e-03   7.73203e-07   2.54150e-05
SaveSource cannot open file: /home/zhangfy/nl_target/toyMC/results/data_16109.C
1.06957	0.00393131
1.06775	0.00351306
1.07395	0.00350414
1.07998	0.00351106
1.08225	0.00342937
1.09231	0.00327813
1.11906	0.00349948
1.14802	0.00501813
 FCN=2.09062 FROM MIGRAD    STATUS=CONVERGED      36 CALLS          37 TOTAL
                     EDM=6.68519e-17    STRATEGY= 1      ERROR MATRIX ACCURATE 
  EXT PARAMETER                                   STEP         FIRST   
  NO.   NAME      VALUE            ERROR          SIZE      DERIVATIVE 
   1  p0           1.06694e+00   1.77992e-03   1.10112e-06  -8.68528e-06
   2  p1           2.17829e-02   1.25617e-03   7.77108e-07  -6.06752e-06
SaveSource cannot open file: /home/zhangfy/nl_target/toyMC/results/data_16110.C
1.0642	0.00391159
1.06446	0.00350223
1.0794	0.00352191
1.07903	0.00350796
1.07939	0.00342029
1.09299	0.00328018
1.11688	0.00349266
1.14754	0.00501607
 FCN=10.5304 FROM MIGRAD    STATUS=CONVERGED      36 CALLS          37 TOTAL
                     EDM=1.6092e-15    STRATEGY= 1      ERROR MATRIX ACCURATE 
  EXT PARAMETER                                   STEP         FIRST   
  NO.   NAME      VALUE            ERROR          SIZE      DERIVATIVE 
   1  p0           1.06587e+00   1.77802e-03   2.12479e-06  -3.50708e-05
   2  p1           2.17992e-02   1.25478e-03   1.49950e-06  -6.85903e-06
SaveSource cannot open file: /home/zhangfy/nl_target/toyMC/results/data_16111.C
1.07099	0.00393652
1.0697	0.00351948
1.07827	0.00351822
1.08153	0.0035161
1.09	0.00345392
1.08648	0.00326064
1.11852	0.00349779
1.14481	0.00500411
 FCN=9.77404 FROM MIGRAD    STATUS=CONVERGED      36 CALLS          37 TOTAL
                     EDM=8.43109e-17    STRATEGY= 1      ERROR MATRIX ACCURATE 
  EXT PARAMETER                                   STEP         FIRST   
  NO.   NAME      VALUE            ERROR          SIZE      DERIVATIVE 
   1  p0           1.06988e+00   1.78332e-03   2.05801e-06  -4.46677e-06
   2  p1           1.98939e-02   1.25518e-03   1.44851e-06   4.87775e-06
SaveSource cannot open file: /home/zhangfy/nl_target/toyMC/results/data_16112.C
1.07346	0.00394563
1.06909	0.00351747
1.07699	0.00351407
1.08468	0.00352635
1.08037	0.0034234
1.08701	0.00326223
1.12035	0.00350352
1.14602	0.0050094
 FCN=6.14597 FROM MIGRAD    STATUS=CONVERGED      36 CALLS          37 TOTAL
                     EDM=9.29204e-18    STRATEGY= 1      ERROR MATRIX ACCURATE 
  EXT PARAMETER                                   STEP         FIRST   
  NO.   NAME      VALUE            ERROR          SIZE      DERIVATIVE 
   1  p0           1.06860e+00   1.78240e-03   1.67526e-06   3.28973e-06
   2  p1           2.06800e-02   1.25635e-03   1.18083e-06   2.54607e-06
SaveSource cannot open file: /home/zhangfy/nl_target/toyMC/results/data_16113.C
1.07214	0.00394078
1.07604	0.00354032
1.07308	0.00350131
1.08139	0.00351564
1.07983	0.00342169
1.09119	0.00327477
1.12038	0.00350361
1.14517	0.00500569
 FCN=1.61768 FROM MIGRAD    STATUS=CONVERGED      36 CALLS          37 TOTAL
                     EDM=2.13703e-15    STRATEGY= 1      ERROR MATRIX ACCURATE 
  EXT PARAMETER                                   STEP         FIRST   
  NO.   NAME      VALUE            ERROR          SIZE      DERIVATIVE 
   1  p0           1.06902e+00   1.78259e-03   1.01425e-06   9.42155e-06
   2  p1           2.06069e-02   1.25605e-03   7.14662e-07  -4.18744e-05
SaveSource cannot open file: /home/zhangfy/nl_target/toyMC/results/data_16114.C
1.07184	0.00393968
1.07194	0.00352685
1.07612	0.0035112
1.08007	0.00351134
1.08256	0.00343036
1.08613	0.00325958
1.12085	0.00350507
1.14845	0.00502002
 FCN=3.29592 FROM MIGRAD    STATUS=CONVERGED      36 CALLS          37 TOTAL
                     EDM=2.4528e-15    STRATEGY= 1      ERROR MATRIX ACCURATE 
  EXT PARAMETER                                   STEP         FIRST   
  NO.   NAME      VALUE            ERROR          SIZE      DERIVATIVE 
   1  p0           1.06790e+00   1.78224e-03   1.29875e-06   2.50895e-05
   2  p1           2.12717e-02   1.25768e-03   9.16493e-07  -2.47849e-05
SaveSource cannot open file: /home/zhangfy/nl_target/toyMC/results/data_16115.C
1.06962	0.00393151
1.07563	0.00353898
1.06986	0.0034908
1.0739	0.00349129
1.08272	0.00343084
1.092	0.0032772
1.12354	0.00351347
1.14732	0.00501511
 FCN=4.59434 FROM MIGRAD    STATUS=CONVERGED      36 CALLS          37 TOTAL
                     EDM=2.44998e-15    STRATEGY= 1      ERROR MATRIX ACCURATE 
  EXT PARAMETER                                   STEP         FIRST   
  NO.   NAME      VALUE            ERROR          SIZE      DERIVATIVE 
   1  p0           1.06653e+00   1.77993e-03   1.48176e-06  -1.30521e-05
   2  p1           2.24479e-02   1.25748e-03   1.04683e-06   4.12450e-05
SaveSource cannot open file: /home/zhangfy/nl_target/toyMC/results/data_16116.C
1.06911	0.00392962
1.07558	0.00353883
1.07776	0.00351657
1.07856	0.00350645
1.0795	0.00342064
1.08689	0.00326187
1.11838	0.00349734
1.14208	0.0049922
 FCN=3.34622 FROM MIGRAD    STATUS=CONVERGED      36 CALLS          37 TOTAL
                     EDM=2.43252e-17    STRATEGY= 1      ERROR MATRIX ACCURATE 
  EXT PARAMETER                                   STEP         FIRST   
  NO.   NAME      VALUE            ERROR          SIZE      DERIVATIVE 
   1  p0           1.06859e+00   1.78140e-03   1.30534e-06  -4.31300e-06
   2  p1           1.97017e-02   1.25379e-03   9.18731e-07  -7.64333e-06
SaveSource cannot open file: /home/zhangfy/nl_target/toyMC/results/data_16117.C
1.07148	0.00393836
1.06962	0.00351919
1.07855	0.00351916
1.07828	0.00350553
1.08051	0.00342387
1.08661	0.00326103
1.11603	0.00349
1.15666	0.00505591
 FCN=9.85946 FROM MIGRAD    STATUS=CONVERGED      36 CALLS          37 TOTAL
                     EDM=1.57353e-16    STRATEGY= 1      ERROR MATRIX ACCURATE 
  EXT PARAMETER                                   STEP         FIRST   
  NO.   NAME      VALUE            ERROR          SIZE      DERIVATIVE 
   1  p0           1.06662e+00   1.78222e-03   2.06376e-06  -5.61632e-06
   2  p1           2.19608e-02   1.26002e-03   1.45906e-06   7.35044e-06
SaveSource cannot open file: /home/zhangfy/nl_target/toyMC/results/data_16118.C
1.0713	0.00393767
1.07429	0.00353456
1.0761	0.00351115
1.07589	0.00349778
1.08255	0.00343033
1.09476	0.00328547
1.12588	0.00352079
1.14807	0.00501837
 FCN=2.54239 FROM MIGRAD    STATUS=CONVERGED      36 CALLS          37 TOTAL
                     EDM=5.79235e-16    STRATEGY= 1      ERROR MATRIX ACCURATE 
  EXT PARAMETER                                   STEP         FIRST   
  NO.   NAME      VALUE            ERROR          SIZE      DERIVATIVE 
   1  p0           1.06847e+00   1.78281e-03   1.18114e-06  -1.29831e-05
   2  p1           2.23882e-02   1.25915e-03   8.34203e-07   1.08200e-05
SaveSource cannot open file: /home/zhangfy/nl_target/toyMC/results/data_16119.C
1.06837	0.00392689
1.06961	0.00351917
1.07242	0.00349915
1.08427	0.00352501
1.08091	0.00342513
1.0905	0.00327271
1.1145	0.00348519
1.14754	0.00501608
 FCN=5.79142 FROM MIGRAD    STATUS=CONVERGED      36 CALLS          37 TOTAL
                     EDM=1.9155e-15    STRATEGY= 1      ERROR MATRIX ACCURATE 
  EXT PARAMETER                                   STEP         FIRST   
  NO.   NAME      VALUE            ERROR          SIZE      DERIVATIVE 
   1  p0           1.06742e+00   1.78011e-03   1.63135e-06  -7.98290e-06
   2  p1           2.06518e-02   1.25451e-03   1.14968e-06   4.08001e-05
SaveSource cannot open file: /home/zhangfy/nl_target/toyMC/results/data_16120.C
1.07119	0.00393727
1.07583	0.00353963
1.07271	0.0035001
1.07911	0.00350822
1.08133	0.00342645
1.09515	0.00328667
1.12348	0.0035133
1.14469	0.00500359
 FCN=2.44104 FROM MIGRAD    STATUS=CONVERGED      36 CALLS          37 TOTAL
                     EDM=2.33621e-15    STRATEGY= 1      ERROR MATRIX ACCURATE 
  EXT PARAMETER                                   STEP         FIRST   
  NO.   NAME      VALUE            ERROR          SIZE      DERIVATIVE 
   1  p0           1.06897e+00   1.78231e-03   1.16362e-06  -8.91710e-06
   2  p1           2.13852e-02   1.25664e-03   8.20428e-07   4.48594e-05
SaveSource cannot open file: /home/zhangfy/nl_target/toyMC/results/data_16121.C
1.06934	0.00393046
1.06826	0.00351474
1.07561	0.00350956
1.0768	0.00350071
1.07809	0.00341618
1.09149	0.00327566
1.11932	0.00350028
1.15154	0.00503355
 FCN=2.46498 FROM MIGRAD    STATUS=CONVERGED      36 CALLS          37 TOTAL
                     EDM=1.48081e-15    STRATEGY= 1      ERROR MATRIX ACCURATE 
  EXT PARAMETER                                   STEP         FIRST   
  NO.   NAME      VALUE            ERROR          SIZE      DERIVATIVE 
   1  p0           1.06551e+00   1.77926e-03   1.16523e-06  -4.68497e-06
   2  p1           2.26165e-02   1.25797e-03   8.23833e-07  -4.75916e-05
SaveSource cannot open file: /home/zhangfy/nl_target/toyMC/results/data_16122.C
1.0721	0.00394062
1.07426	0.00353447
1.07192	0.00349752
1.08361	0.00352287
1.07939	0.00342031
1.09305	0.00328036
1.12025	0.0035032
1.14809	0.00501845
 FCN=2.9793 FROM MIGRAD    STATUS=CONVERGED      36 CALLS          37 TOTAL
                     EDM=1.02755e-15    STRATEGY= 1      ERROR MATRIX ACCURATE 
  EXT PARAMETER                                   STEP         FIRST   
  NO.   NAME      VALUE            ERROR          SIZE      DERIVATIVE 
   1  p0           1.06865e+00   1.78260e-03   1.25085e-06   9.51670e-06
   2  p1           2.12791e-02   1.25729e-03   8.82244e-07  -2.53632e-05
SaveSource cannot open file: /home/zhangfy/nl_target/toyMC/results/data_16123.C
1.07435	0.00394889
1.07082	0.00352315
1.07832	0.00351839
1.08423	0.00352489
1.08898	0.0034507
1.09037	0.00327232
1.12105	0.0035057
1.13977	0.0049821
 FCN=5.70215 FROM MIGRAD    STATUS=CONVERGED      36 CALLS          37 TOTAL
                     EDM=5.53016e-16    STRATEGY= 1      ERROR MATRIX ACCURATE 
  EXT PARAMETER                                   STEP         FIRST   
  NO.   NAME      VALUE            ERROR          SIZE      DERIVATIVE 
   1  p0           1.07204e+00   1.78495e-03   1.62520e-06   2.26185e-05
   2  p1           1.90681e-02   1.25391e-03   1.14168e-06   9.46577e-06
SaveSource cannot open file: /home/zhangfy/nl_target/toyMC/results/data_16124.C
1.06911	0.00392965
1.07627	0.00354108
1.07509	0.00350785
1.07959	0.00350978
1.08219	0.00342916
1.09436	0.00328428
1.11457	0.00348542
1.13538	0.0049629
 FCN=2.98749 FROM MIGRAD    STATUS=CONVERGED      36 CALLS          37 TOTAL
                     EDM=1.94871e-16    STRATEGY= 1      ERROR MATRIX ACCURATE 
  EXT PARAMETER                                   STEP         FIRST   
  NO.   NAME      VALUE            ERROR          SIZE      DERIVATIVE 
   1  p0           1.07077e+00   1.78148e-03   1.25085e-06   7.97315e-06
   2  p1           1.79330e-02   1.24917e-03   8.77093e-07  -5.62774e-06
SaveSource cannot open file: /home/zhangfy/nl_target/toyMC/results/data_16125.C
1.07242	0.00394178
1.07362	0.00353238
1.07308	0.00350131
1.0787	0.00350688
1.08479	0.00343743
1.09733	0.00329319
1.11882	0.00349872
1.14966	0.00502533
 FCN=4.02936 FROM MIGRAD    STATUS=CONVERGED      34 CALLS          35 TOTAL
                     EDM=4.95179e-17    STRATEGY= 1      ERROR MATRIX ACCURATE 
  EXT PARAMETER                                   STEP         FIRST   
  NO.   NAME      VALUE            ERROR          SIZE      DERIVATIVE 
   1  p0           1.06939e+00   1.78344e-03   1.40722e-06   4.35024e-06
   2  p1           2.13084e-02   1.25763e-03   9.92335e-07  -2.26892e-06
SaveSource cannot open file: /home/zhangfy/nl_target/toyMC/results/data_16126.C
1.06928	0.00393025
1.07023	0.00352122
1.07698	0.00351404
1.08254	0.00351939
1.0902	0.00345455
1.10136	0.00330528
1.1197	0.00350146
1.14848	0.00502015
 FCN=12.1225 FROM MIGRAD    STATUS=CONVERGED      36 CALLS          37 TOTAL
                     EDM=9.9487e-16    STRATEGY= 1      ERROR MATRIX ACCURATE 
  EXT PARAMETER                                   STEP         FIRST   
  NO.   NAME      VALUE            ERROR          SIZE      DERIVATIVE 
   1  p0           1.07122e+00   1.78489e-03   2.27654e-06  -3.18163e-05
   2  p1           2.11284e-02   1.25726e-03   1.60358e-06  -1.72254e-05
SaveSource cannot open file: /home/zhangfy/nl_target/toyMC/results/data_16127.C
1.07013	0.00393338
1.07388	0.00353323
1.06742	0.00348282
1.08188	0.00351723
1.07662	0.00341152
1.09332	0.00328117
1.12217	0.00350918
1.14598	0.00500923
 FCN=6.52875 FROM MIGRAD    STATUS=CONVERGED      36 CALLS          37 TOTAL
                     EDM=2.11071e-16    STRATEGY= 1      ERROR MATRIX ACCURATE 
  EXT PARAMETER                                   STEP         FIRST   
  NO.   NAME      VALUE            ERROR          SIZE      DERIVATIVE 
   1  p0           1.06647e+00   1.77926e-03   1.71839e-06  -8.96116e-06
   2  p1           2.21367e-02   1.25622e-03   1.21325e-06   4.76027e-06
SaveSource cannot open file: /home/zhangfy/nl_target/toyMC/results/data_16128.C
1.06645	0.00391986
1.07783	0.00354624
1.07293	0.00350082
1.082	0.00351763
1.08614	0.00344169
1.09838	0.00329635
1.11752	0.00349464
1.16279	0.00508271
 FCN=15.4152 FROM MIGRAD    STATUS=CONVERGED      36 CALLS          37 TOTAL
                     EDM=1.00909e-14    STRATEGY= 1      ERROR MATRIX ACCURATE 
  EXT PARAMETER                                   STEP         FIRST   
  NO.   NAME      VALUE            ERROR          SIZE      DERIVATIVE 
   1  p0           1.06896e+00   1.78582e-03   2.54539e-06   5.03514e-06
   2  p1           2.31151e-02   1.26367e-03   1.80116e-06   1.17238e-04
SaveSource cannot open file: /home/zhangfy/nl_target/toyMC/results/data_16129.C
1.07005	0.00393308
1.07087	0.00352331
1.06977	0.0034905
1.08283	0.00352031
1.08209	0.00342886
1.09795	0.00329506
1.12118	0.00350608
1.15391	0.00504392
 FCN=6.21508 FROM MIGRAD    STATUS=CONVERGED      36 CALLS          37 TOTAL
                     EDM=1.50717e-15    STRATEGY= 1      ERROR MATRIX ACCURATE 
  EXT PARAMETER                                   STEP         FIRST   
  NO.   NAME      VALUE            ERROR          SIZE      DERIVATIVE 
   1  p0           1.06738e+00   1.78177e-03   1.68512e-06  -4.26400e-05
   2  p1           2.31472e-02   1.25990e-03   1.19156e-06  -3.89189e-05
SaveSource cannot open file: /home/zhangfy/nl_target/toyMC/results/data_16130.C
1.06734	0.00392311
1.07549	0.00353853
1.07139	0.00349578
1.07714	0.00350182
1.08213	0.003429
1.08955	0.00326986
1.11686	0.0034926
1.14654	0.00501171
 FCN=2.98411 FROM MIGRAD    STATUS=CONVERGED      36 CALLS          37 TOTAL
                     EDM=1.80378e-15    STRATEGY= 1      ERROR MATRIX ACCURATE 
  EXT PARAMETER                                   STEP         FIRST   
  NO.   NAME      VALUE            ERROR          SIZE      DERIVATIVE 
   1  p0           1.06704e+00   1.77988e-03   1.24932e-06  -3.96649e-05
   2  p1           2.08964e-02   1.25494e-03   8.80861e-07  -1.35504e-05
SaveSource cannot open file: /home/zhangfy/nl_target/toyMC/results/data_16131.C
1.06952	0.00393113
1.07133	0.00352484
1.07382	0.00350373
1.07626	0.00349897
1.07835	0.00341702
1.09147	0.00327562
1.12185	0.00350819
1.14577	0.00500833
 FCN=0.886065 FROM MIGRAD    STATUS=CONVERGED      36 CALLS          37 TOTAL
                     EDM=2.67525e-17    STRATEGY= 1      ERROR MATRIX ACCURATE 
  EXT PARAMETER                                   STEP         FIRST   
  NO.   NAME      VALUE            ERROR          SIZE      DERIVATIVE 
   1  p0           1.06624e+00   1.77905e-03   8.59785e-07   2.33258e-06
   2  p1           2.19879e-02   1.25605e-03   6.07024e-07  -3.02419e-06
SaveSource cannot open file: /home/zhangfy/nl_target/toyMC/results/data_16132.C
1.06915	0.00392978
1.07202	0.00352711
1.07247	0.00349932
1.07086	0.0034814
1.08377	0.0034342
1.09566	0.00328817
1.11642	0.0034912
1.14447	0.00500265
 FCN=8.66491 FROM MIGRAD    STATUS=CONVERGED      36 CALLS          37 TOTAL
                     EDM=2.09945e-16    STRATEGY= 1      ERROR MATRIX ACCURATE 
  EXT PARAMETER                                   STEP         FIRST   
  NO.   NAME      VALUE            ERROR          SIZE      DERIVATIVE 
   1  p0           1.06698e+00   1.77878e-03   1.94584e-06  -7.93767e-06
   2  p1           2.09498e-02   1.25352e-03   1.37125e-06   6.37999e-06
SaveSource cannot open file: /home/zhangfy/nl_target/toyMC/results/data_16133.C
1.07818	0.00396298
1.0701	0.00352078
1.07433	0.00350536
1.07998	0.00351105
1.07854	0.00341762
1.09244	0.00327852
1.1106	0.00347302
1.14774	0.00501692
 FCN=10.1066 FROM MIGRAD    STATUS=CONVERGED      36 CALLS          37 TOTAL
                     EDM=6.06614e-16    STRATEGY= 1      ERROR MATRIX ACCURATE 
  EXT PARAMETER                                   STEP         FIRST   
  NO.   NAME      VALUE            ERROR          SIZE      DERIVATIVE 
   1  p0           1.06901e+00   1.78239e-03   2.08670e-06   1.22051e-05
   2  p1           1.92650e-02   1.25416e-03   1.46829e-06  -1.27635e-05
SaveSource cannot open file: /home/zhangfy/nl_target/toyMC/results/data_16134.C
1.07213	0.00394073
1.072	0.00352705
1.07867	0.00351953
1.08234	0.00351872
1.08708	0.00344468
1.08985	0.00327076
1.11891	0.003499
1.14639	0.00501103
 FCN=3.45729 FROM MIGRAD    STATUS=CONVERGED      36 CALLS          37 TOTAL
                     EDM=1.14653e-17    STRATEGY= 1      ERROR MATRIX ACCURATE 
  EXT PARAMETER                                   STEP         FIRST   
  NO.   NAME      VALUE            ERROR          SIZE      DERIVATIVE 
   1  p0           1.07063e+00   1.78472e-03   1.32476e-06  -1.08947e-07
   2  p1           2.00152e-02   1.25640e-03   9.32601e-07   3.70233e-06
SaveSource cannot open file: /home/zhangfy/nl_target/toyMC/results/data_16135.C
1.0688	0.00392851
1.06747	0.00351215
1.07453	0.00350603
1.07347	0.00348991
1.08008	0.00342248
1.09345	0.00328156
1.1139	0.00348334
1.14573	0.00500812
 FCN=5.57943 FROM MIGRAD    STATUS=CONVERGED      36 CALLS          37 TOTAL
                     EDM=3.55973e-16    STRATEGY= 1      ERROR MATRIX ACCURATE 
  EXT PARAMETER                                   STEP         FIRST   
  NO.   NAME      VALUE            ERROR          SIZE      DERIVATIVE 
   1  p0           1.06587e+00   1.77750e-03   1.60382e-06  -1.17126e-05
   2  p1           2.09447e-02   1.25305e-03   1.13061e-06   6.08818e-06
SaveSource cannot open file: /home/zhangfy/nl_target/toyMC/results/data_16136.C
1.07617	0.00395557
1.07803	0.00354687
1.07433	0.00350537
1.07564	0.00349695
1.07521	0.00340705
1.09261	0.00327903
1.11884	0.00349879
1.16146	0.0050769
 FCN=15.7471 FROM MIGRAD    STATUS=CONVERGED      34 CALLS          35 TOTAL
                     EDM=6.07335e-17    STRATEGY= 1      ERROR MATRIX ACCURATE 
  EXT PARAMETER                                   STEP         FIRST   
  NO.   NAME      VALUE            ERROR          SIZE      DERIVATIVE 
   1  p0           1.06717e+00   1.78466e-03   2.56645e-06   8.29364e-06
   2  p1           2.29692e-02   1.26399e-03   1.81769e-06   5.89287e-06
SaveSource cannot open file: /home/zhangfy/nl_target/toyMC/results/data_16137.C
1.07617	0.00395559
1.06775	0.00351305
1.07056	0.00349307
1.08137	0.00351558
1.08166	0.00342751
1.09062	0.00327307
1.11396	0.00348352
1.15161	0.00503383
 FCN=9.37974 FROM MIGRAD    STATUS=CONVERGED      36 CALLS          37 TOTAL
                     EDM=2.7848e-17    STRATEGY= 1      ERROR MATRIX ACCURATE 
  EXT PARAMETER                                   STEP         FIRST   
  NO.   NAME      VALUE            ERROR          SIZE      DERIVATIVE 
   1  p0           1.06728e+00   1.78116e-03   2.01725e-06   2.74742e-06
   2  p1           2.10474e-02   1.25663e-03   1.42320e-06   7.93821e-06
SaveSource cannot open file: /home/zhangfy/nl_target/toyMC/results/data_16138.C
1.0629	0.00390681
1.07919	0.0035507
1.07055	0.00349305
1.08376	0.00352335
1.07828	0.0034168
1.09394	0.00328302
1.11939	0.00350049
1.14684	0.00501298
 FCN=12.4738 FROM MIGRAD    STATUS=CONVERGED      36 CALLS          37 TOTAL
                     EDM=1.30219e-16    STRATEGY= 1      ERROR MATRIX ACCURATE 
  EXT PARAMETER                                   STEP         FIRST   
  NO.   NAME      VALUE            ERROR          SIZE      DERIVATIVE 
   1  p0           1.06779e+00   1.78081e-03   2.30014e-06   1.07058e-05
   2  p1           2.14035e-02   1.25593e-03   1.62219e-06   3.78335e-06
SaveSource cannot open file: /home/zhangfy/nl_target/toyMC/results/data_16139.C
1.07198	0.00394018
1.07327	0.00353121
1.07045	0.00349272
1.08127	0.00351525
1.07885	0.0034186
1.09132	0.00327516
1.1137	0.00348272
1.15007	0.00502711
 FCN=5.99469 FROM MIGRAD    STATUS=CONVERGED      36 CALLS          37 TOTAL
                     EDM=9.20371e-16    STRATEGY= 1      ERROR MATRIX ACCURATE 
  EXT PARAMETER                                   STEP         FIRST   
  NO.   NAME      VALUE            ERROR          SIZE      DERIVATIVE 
   1  p0           1.06746e+00   1.78104e-03   1.65573e-06   8.00213e-06
   2  p1           2.07103e-02   1.25585e-03   1.16750e-06  -2.52950e-05
SaveSource cannot open file: /home/zhangfy/nl_target/toyMC/results/data_16140.C
1.06768	0.00392437
1.07308	0.0035306
1.0736	0.00350299
1.07924	0.00350864
1.08209	0.00342886
1.09209	0.00327747
1.11852	0.00349778
1.14993	0.00502652
 FCN=1.63393 FROM MIGRAD    STATUS=CONVERGED      34 CALLS          35 TOTAL
                     EDM=5.25709e-16    STRATEGY= 1      ERROR MATRIX ACCURATE 
  EXT PARAMETER                                   STEP         FIRST   
  NO.   NAME      VALUE            ERROR          SIZE      DERIVATIVE 
   1  p0           1.06736e+00   1.78105e-03   1.01684e-06   1.46239e-05
   2  p1           2.17159e-02   1.25720e-03   7.17766e-07  -6.66661e-06
SaveSource cannot open file: /home/zhangfy/nl_target/toyMC/results/data_16141.C
1.07397	0.0039475
1.06959	0.00351912
1.07196	0.00349765
1.08126	0.00351521
1.08235	0.00342969
1.09145	0.00327555
1.11765	0.00349506
1.15015	0.00502745
 FCN=3.41611 FROM MIGRAD    STATUS=CONVERGED      36 CALLS          37 TOTAL
                     EDM=1.54208e-15    STRATEGY= 1      ERROR MATRIX ACCURATE 
  EXT PARAMETER                                   STEP         FIRST   
  NO.   NAME      VALUE            ERROR          SIZE      DERIVATIVE 
   1  p0           1.06777e+00   1.78167e-03   1.31677e-06  -1.42575e-05
   2  p1           2.13905e-02   1.25719e-03   9.29148e-07   2.76914e-05
SaveSource cannot open file: /home/zhangfy/nl_target/toyMC/results/data_16142.C
1.06944	0.00393085
1.07362	0.00353237
1.07411	0.00350467
1.08031	0.00351212
1.0776	0.00341462
1.09403	0.00328329
1.11862	0.00349808
1.14967	0.00502537
 FCN=3.1256 FROM MIGRAD    STATUS=CONVERGED      36 CALLS          37 TOTAL
                     EDM=3.0573e-16    STRATEGY= 1      ERROR MATRIX ACCURATE 
  EXT PARAMETER                                   STEP         FIRST   
  NO.   NAME      VALUE            ERROR          SIZE      DERIVATIVE 
   1  p0           1.06758e+00   1.78140e-03   1.27277e-06   1.72190e-05
   2  p1           2.16197e-02   1.25730e-03   8.98309e-07   8.09393e-06
SaveSource cannot open file: /home/zhangfy/nl_target/toyMC/results/data_16143.C
1.07011	0.00393332
1.07156	0.0035256
1.07432	0.00350534
1.08252	0.00351932
1.07918	0.00341963
1.09144	0.00327552
1.12345	0.00351321
1.14199	0.00499178
 FCN=2.88645 FROM MIGRAD    STATUS=CONVERGED      34 CALLS          35 TOTAL
                     EDM=5.08738e-16    STRATEGY= 1      ERROR MATRIX ACCURATE 
  EXT PARAMETER                                   STEP         FIRST   
  NO.   NAME      VALUE            ERROR          SIZE      DERIVATIVE 
   1  p0           1.06817e+00   1.78068e-03   1.23544e-06   1.83968e-06
   2  p1           2.11201e-02   1.25498e-03   8.70712e-07  -2.35379e-05
SaveSource cannot open file: /home/zhangfy/nl_target/toyMC/results/data_16144.C
1.07387	0.00394714
1.07101	0.00352379
1.0714	0.00349581
1.07364	0.00349046
1.07861	0.00341783
1.08398	0.00325312
1.11213	0.00347781
1.14578	0.00500838
 FCN=6.20387 FROM MIGRAD    STATUS=CONVERGED      36 CALLS          37 TOTAL
                     EDM=4.67953e-16    STRATEGY= 1      ERROR MATRIX ACCURATE 
  EXT PARAMETER                                   STEP         FIRST   
  NO.   NAME      VALUE            ERROR          SIZE      DERIVATIVE 
   1  p0           1.06550e+00   1.77794e-03   1.67624e-06  -1.41672e-05
   2  p1           2.00068e-02   1.25298e-03   1.18131e-06   5.70849e-06
SaveSource cannot open file: /home/zhangfy/nl_target/toyMC/results/data_16145.C
1.07185	0.00393971
1.06671	0.00350963
1.0747	0.00350658
1.07697	0.00350126
1.08187	0.00342816
1.09404	0.00328334
1.1243	0.00351586
1.15012	0.00502735
 FCN=2.92764 FROM MIGRAD    STATUS=CONVERGED      36 CALLS          37 TOTAL
                     EDM=1.32825e-16    STRATEGY= 1      ERROR MATRIX ACCURATE 
  EXT PARAMETER                                   STEP         FIRST   
  NO.   NAME      VALUE            ERROR          SIZE      DERIVATIVE 
   1  p0           1.06638e+00   1.78021e-03   1.24223e-06   8.12041e-06
   2  p1           2.32180e-02   1.25897e-03   8.78509e-07  -1.99674e-06
SaveSource cannot open file: /home/zhangfy/nl_target/toyMC/results/data_16146.C
1.06985	0.00393236
1.0734	0.00353164
1.06597	0.00347809
1.07719	0.00350198
1.08394	0.00343472
1.08966	0.00327017
1.11976	0.00350167
1.15134	0.00503268
 FCN=5.97713 FROM MIGRAD    STATUS=CONVERGED      36 CALLS          37 TOTAL
                     EDM=8.86888e-15    STRATEGY= 1      ERROR MATRIX ACCURATE 
  EXT PARAMETER                                   STEP         FIRST   
  NO.   NAME      VALUE            ERROR          SIZE      DERIVATIVE 
   1  p0           1.06554e+00   1.77924e-03   1.65359e-06   3.21669e-05
   2  p1           2.26567e-02   1.25793e-03   1.16910e-06  -6.91243e-05
SaveSource cannot open file: /home/zhangfy/nl_target/toyMC/results/data_16147.C
1.07828	0.00396335
1.07391	0.00353331
1.07352	0.00350274
1.07099	0.00348182
1.08276	0.003431
1.09113	0.0032746
1.12216	0.00350916
1.14219	0.00499268
 FCN=9.62077 FROM MIGRAD    STATUS=CONVERGED      36 CALLS          37 TOTAL
                     EDM=1.70168e-16    STRATEGY= 1      ERROR MATRIX ACCURATE 
  EXT PARAMETER                                   STEP         FIRST   
  NO.   NAME      VALUE            ERROR          SIZE      DERIVATIVE 
   1  p0           1.06850e+00   1.78159e-03   2.04198e-06  -7.10288e-06
   2  p1           2.05768e-02   1.25520e-03   1.43866e-06   5.78472e-06
SaveSource cannot open file: /home/zhangfy/nl_target/toyMC/results/data_16148.C
1.06743	0.00392345
1.07168	0.00352598
1.07443	0.0035057
1.07575	0.00349731
1.08587	0.00344083
1.08785	0.00326475
1.11995	0.00350225
1.14817	0.00501883
 FCN=4.16162 FROM MIGRAD    STATUS=CONVERGED      34 CALLS          35 TOTAL
                     EDM=1.40853e-15    STRATEGY= 1      ERROR MATRIX ACCURATE 
  EXT PARAMETER                                   STEP         FIRST   
  NO.   NAME      VALUE            ERROR          SIZE      DERIVATIVE 
   1  p0           1.06671e+00   1.78011e-03   1.42265e-06   3.41655e-06
   2  p1           2.17429e-02   1.25666e-03   1.00431e-06  -3.87351e-05
SaveSource cannot open file: /home/zhangfy/nl_target/toyMC/results/data_16149.C
1.0695	0.00393106
1.07058	0.00352238
1.07222	0.00349849
1.07432	0.00349267
1.07875	0.00341827
1.09875	0.00329746
1.11743	0.00349436
1.15131	0.00503255
 FCN=8.88405 FROM MIGRAD    STATUS=CONVERGED      36 CALLS          37 TOTAL
                     EDM=5.30845e-16    STRATEGY= 1      ERROR MATRIX ACCURATE 
  EXT PARAMETER                                   STEP         FIRST   
  NO.   NAME      VALUE            ERROR          SIZE      DERIVATIVE 
   1  p0           1.06608e+00   1.77927e-03   1.96886e-06  -3.72169e-06
   2  p1           2.25070e-02   1.25716e-03   1.39112e-06  -2.92895e-05
SaveSource cannot open file: /home/zhangfy/nl_target/toyMC/results/data_16150.C
1.07344	0.00394557
1.0758	0.00353954
1.07076	0.00349372
1.08012	0.00351151
1.08252	0.00343024
1.09247	0.00327863
1.12608	0.00352144
1.1477	0.00501677
 FCN=3.04086 FROM MIGRAD    STATUS=CONVERGED      36 CALLS          37 TOTAL
                     EDM=4.38775e-15    STRATEGY= 1      ERROR MATRIX ACCURATE 
  EXT PARAMETER                                   STEP         FIRST   
  NO.   NAME      VALUE            ERROR          SIZE      DERIVATIVE 
   1  p0           1.06856e+00   1.78297e-03   1.26142e-06   4.48510e-06
   2  p1           2.22207e-02   1.25908e-03   8.90778e-07  -6.98581e-05
SaveSource cannot open file: /home/zhangfy/nl_target/toyMC/results/data_16151.C
1.06676	0.003921
1.06856	0.00351572
1.07747	0.00351561
1.08049	0.00351271
1.08315	0.00343223
1.09455	0.00328485
1.12298	0.00351174
1.14553	0.00500726
 FCN=4.48545 FROM MIGRAD    STATUS=CONVERGED      36 CALLS          37 TOTAL
                     EDM=1.16364e-17    STRATEGY= 1      ERROR MATRIX ACCURATE 
  EXT PARAMETER                                   STEP         FIRST   
  NO.   NAME      VALUE            ERROR          SIZE      DERIVATIVE 
   1  p0           1.06796e+00   1.78076e-03   1.46853e-06   3.75585e-06
   2  p1           2.19336e-02   1.25630e-03   1.03604e-06   3.77420e-06
SaveSource cannot open file: /home/zhangfy/nl_target/toyMC/results/data_16152.C
1.07104	0.00393672
1.07164	0.00352584
1.07308	0.0035013
1.07556	0.00349668
1.08425	0.00343571
1.09745	0.00329355
1.12154	0.00350721
1.14483	0.00500423
 FCN=5.07002 FROM MIGRAD    STATUS=CONVERGED      36 CALLS          37 TOTAL
                     EDM=1.07258e-15    STRATEGY= 1      ERROR MATRIX ACCURATE 
  EXT PARAMETER                                   STEP         FIRST   
  NO.   NAME      VALUE            ERROR          SIZE      DERIVATIVE 
   1  p0           1.06832e+00   1.78095e-03   1.54477e-06   7.00730e-06
   2  p1           2.15430e-02   1.25569e-03   1.08917e-06  -2.92956e-05
SaveSource cannot open file: /home/zhangfy/nl_target/toyMC/results/data_16153.C
1.06837	0.00392691
1.07319	0.00353097
1.07285	0.00350054
1.07999	0.0035111
1.08317	0.00343228
1.08937	0.0032693
1.1223	0.00350961
1.13632	0.00496702
 FCN=4.11169 FROM MIGRAD    STATUS=CONVERGED      36 CALLS          37 TOTAL
                     EDM=1.25821e-15    STRATEGY= 1      ERROR MATRIX ACCURATE 
  EXT PARAMETER                                   STEP         FIRST   
  NO.   NAME      VALUE            ERROR          SIZE      DERIVATIVE 
   1  p0           1.06850e+00   1.77955e-03   1.41586e-06   1.54553e-05
   2  p1           1.99750e-02   1.25163e-03   9.95830e-07  -2.15839e-05
SaveSource cannot open file: /home/zhangfy/nl_target/toyMC/results/data_16154.C
1.06794	0.00392533
1.07222	0.00352777
1.07642	0.0035122
1.08606	0.00353083
1.07723	0.00341345
1.09464	0.00328513
1.1211	0.00350586
1.15446	0.00504631
 FCN=7.86218 FROM MIGRAD    STATUS=CONVERGED      36 CALLS          37 TOTAL
                     EDM=5.35541e-16    STRATEGY= 1      ERROR MATRIX ACCURATE 
  EXT PARAMETER                                   STEP         FIRST   
  NO.   NAME      VALUE            ERROR          SIZE      DERIVATIVE 
   1  p0           1.06797e+00   1.78317e-03   1.86780e-06  -3.73997e-06
   2  p1           2.26613e-02   1.26057e-03   1.32040e-06   2.20127e-05
SaveSource cannot open file: /home/zhangfy/nl_target/toyMC/results/data_16155.C
1.07061	0.00393515
1.06818	0.00351447
1.06659	0.00348011
1.07578	0.0034974
1.08255	0.00343032
1.09208	0.00327745
1.12007	0.00350261
1.14273	0.00499502
 FCN=4.80641 FROM MIGRAD    STATUS=CONVERGED      36 CALLS          37 TOTAL
                     EDM=1.86716e-16    STRATEGY= 1      ERROR MATRIX ACCURATE 
  EXT PARAMETER                                   STEP         FIRST   
  NO.   NAME      VALUE            ERROR          SIZE      DERIVATIVE 
   1  p0           1.06529e+00   1.77645e-03   1.50705e-06  -9.79058e-06
   2  p1           2.18357e-02   1.25331e-03   1.06325e-06   2.11551e-06
SaveSource cannot open file: /home/zhangfy/nl_target/toyMC/results/data_16156.C
1.07422	0.0039484
1.07465	0.00353575
1.07042	0.00349261
1.081	0.00351438
1.07784	0.00341539
1.09425	0.00328395
1.11766	0.00349508
1.13929	0.00497999
 FCN=4.90317 FROM MIGRAD    STATUS=CONVERGED      36 CALLS          37 TOTAL
                     EDM=3.86573e-16    STRATEGY= 1      ERROR MATRIX ACCURATE 
  EXT PARAMETER                                   STEP         FIRST   
  NO.   NAME      VALUE            ERROR          SIZE      DERIVATIVE 
   1  p0           1.06921e+00   1.78090e-03   1.52181e-06   1.38612e-05
   2  p1           1.94484e-02   1.25204e-03   1.06989e-06  -3.39742e-06
SaveSource cannot open file: /home/zhangfy/nl_target/toyMC/results/data_16157.C
1.06481	0.00391383
1.07373	0.00353274
1.07016	0.00349177
1.07992	0.00351086
1.08267	0.0034307
1.0912	0.0032748
1.12169	0.00350769
1.14234	0.00499335
 FCN=4.321 FROM MIGRAD    STATUS=CONVERGED      36 CALLS          37 TOTAL
                     EDM=9.08412e-18    STRATEGY= 1      ERROR MATRIX ACCURATE 
  EXT PARAMETER                                   STEP         FIRST   
  NO.   NAME      VALUE            ERROR          SIZE      DERIVATIVE 
   1  p0           1.06690e+00   1.77863e-03   1.44432e-06  -3.07935e-06
   2  p1           2.14492e-02   1.25401e-03   1.01831e-06  -4.30653e-06
SaveSource cannot open file: /home/zhangfy/nl_target/toyMC/results/data_16158.C
1.07011	0.00393329
1.07361	0.00353234
1.07529	0.0035085
1.08011	0.00351147
1.08362	0.0034337
1.09506	0.0032864
1.116	0.00348991
1.14698	0.00501363
 FCN=2.93202 FROM MIGRAD    STATUS=CONVERGED      36 CALLS          37 TOTAL
                     EDM=5.4243e-17    STRATEGY= 1      ERROR MATRIX ACCURATE 
  EXT PARAMETER                                   STEP         FIRST   
  NO.   NAME      VALUE            ERROR          SIZE      DERIVATIVE 
   1  p0           1.06961e+00   1.78290e-03   1.24335e-06   6.03228e-06
   2  p1           2.02466e-02   1.25535e-03   8.75451e-07   1.14896e-05
SaveSource cannot open file: /home/zhangfy/nl_target/toyMC/results/data_16159.C
1.06955	0.00393126
1.07295	0.00353016
1.07966	0.00352277
1.07457	0.00349347
1.07887	0.00341866
1.08995	0.00327106
1.11706	0.00349322
1.14403	0.00500071
 FCN=4.62346 FROM MIGRAD    STATUS=CONVERGED      36 CALLS          37 TOTAL
                     EDM=2.33026e-15    STRATEGY= 1      ERROR MATRIX ACCURATE 
  EXT PARAMETER                                   STEP         FIRST   
  NO.   NAME      VALUE            ERROR          SIZE      DERIVATIVE 
   1  p0           1.06790e+00   1.78068e-03   1.48445e-06   1.17345e-05
   2  p1           2.01504e-02   1.25415e-03   1.04551e-06   6.46588e-05
SaveSource cannot open file: /home/zhangfy/nl_target/toyMC/results/data_16160.C
1.07078	0.00393578
1.06904	0.00351731
1.06991	0.00349095
1.07667	0.00350031
1.07559	0.00340828
1.08956	0.00326988
1.11544	0.00348816
1.15462	0.00504702
 FCN=5.5479 FROM MIGRAD    STATUS=CONVERGED      36 CALLS          37 TOTAL
                     EDM=4.05409e-16    STRATEGY= 1      ERROR MATRIX ACCURATE 
  EXT PARAMETER                                   STEP         FIRST   
  NO.   NAME      VALUE            ERROR          SIZE      DERIVATIVE 
   1  p0           1.06387e+00   1.77773e-03   1.59961e-06   7.00584e-06
   2  p1           2.27686e-02   1.25796e-03   1.13191e-06  -1.46145e-05
SaveSource cannot open file: /home/zhangfy/nl_target/toyMC/results/data_16161.C
1.06905	0.00392942
1.07515	0.00353741
1.0737	0.00350331
1.08216	0.00351815
1.08081	0.0034248
1.09254	0.00327883
1.11642	0.00349122
1.1415	0.00498966
 FCN=2.07051 FROM MIGRAD    STATUS=CONVERGED      34 CALLS          35 TOTAL
                     EDM=9.98419e-16    STRATEGY= 1      ERROR MATRIX ACCURATE 
  EXT PARAMETER                                   STEP         FIRST   
  NO.   NAME      VALUE            ERROR          SIZE      DERIVATIVE 
   1  p0           1.06946e+00   1.78158e-03   1.09780e-06   2.43223e-05
   2  p1           1.94514e-02   1.25269e-03   7.71908e-07  -1.53321e-06
SaveSource cannot open file: /home/zhangfy/nl_target/toyMC/results/data_16162.C
1.07169	0.00393913
1.0688	0.00351651
1.07621	0.00351153
1.08044	0.00351254
1.07877	0.00341835
1.09806	0.00329537
1.11653	0.00349157
1.14402	0.00500068
 FCN=7.4569 FROM MIGRAD    STATUS=CONVERGED      36 CALLS          37 TOTAL
                     EDM=1.25301e-17    STRATEGY= 1      ERROR MATRIX ACCURATE 
  EXT PARAMETER                                   STEP         FIRST   
  NO.   NAME      VALUE            ERROR          SIZE      DERIVATIVE 
   1  p0           1.06884e+00   1.78102e-03   1.82234e-06  -3.61273e-06
   2  p1           2.03629e-02   1.25374e-03   1.28283e-06  -2.05284e-06
SaveSource cannot open file: /home/zhangfy/nl_target/toyMC/results/data_16163.C
1.06754	0.00392385
1.0729	0.00353
1.07423	0.00350505
1.07664	0.0035002
1.07944	0.00342047
1.09752	0.00329377
1.12023	0.00350313
1.14736	0.00501527
 FCN=4.90935 FROM MIGRAD    STATUS=CONVERGED      36 CALLS          37 TOTAL
                     EDM=1.05866e-15    STRATEGY= 1      ERROR MATRIX ACCURATE 
  EXT PARAMETER                                   STEP         FIRST   
  NO.   NAME      VALUE            ERROR          SIZE      DERIVATIVE 
   1  p0           1.06733e+00   1.78025e-03   1.52337e-06   1.11141e-05
   2  p1           2.19569e-02   1.25637e-03   1.07509e-06  -2.39066e-05
SaveSource cannot open file: /home/zhangfy/nl_target/toyMC/results/data_16164.C
1.06954	0.0039312
1.07079	0.00352305
1.06653	0.00347994
1.07731	0.00350239
1.08297	0.00343166
1.0926	0.00327899
1.12034	0.00350348
1.14147	0.00498953
 FCN=5.10406 FROM MIGRAD    STATUS=CONVERGED      36 CALLS          37 TOTAL
                     EDM=1.9469e-15    STRATEGY= 1      ERROR MATRIX ACCURATE 
  EXT PARAMETER                                   STEP         FIRST   
  NO.   NAME      VALUE            ERROR          SIZE      DERIVATIVE 
   1  p0           1.06623e+00   1.77734e-03   1.54594e-06  -4.33907e-06
   2  p1           2.14122e-02   1.25295e-03   1.08983e-06  -5.38695e-05
SaveSource cannot open file: /home/zhangfy/nl_target/toyMC/results/data_16165.C
1.06611	0.00391862
1.07741	0.00354486
1.07282	0.00350046
1.08335	0.003522
1.08137	0.00342657
1.09551	0.00328773
1.11858	0.00349795
1.15484	0.00504797
 FCN=8.32822 FROM MIGRAD    STATUS=CONVERGED      36 CALLS          37 TOTAL
                     EDM=1.65657e-16    STRATEGY= 1      ERROR MATRIX ACCURATE 
  EXT PARAMETER                                   STEP         FIRST   
  NO.   NAME      VALUE            ERROR          SIZE      DERIVATIVE 
   1  p0           1.06849e+00   1.78360e-03   1.91638e-06  -1.31647e-05
   2  p1           2.21811e-02   1.25998e-03   1.35378e-06  -1.82552e-05
SaveSource cannot open file: /home/zhangfy/nl_target/toyMC/results/data_16166.C
1.0749	0.00395092
1.06827	0.00351476
1.07723	0.00351484
1.0834	0.00352217
1.07906	0.00341925
1.09085	0.00327374
1.12316	0.0035123
1.14099	0.00498742
 FCN=6.31678 FROM MIGRAD    STATUS=CONVERGED      36 CALLS          37 TOTAL
                     EDM=3.13676e-17    STRATEGY= 1      ERROR MATRIX ACCURATE 
  EXT PARAMETER                                   STEP         FIRST   
  NO.   NAME      VALUE            ERROR          SIZE      DERIVATIVE 
   1  p0           1.06914e+00   1.78184e-03   1.69572e-06   4.22294e-06
   2  p1           2.04997e-02   1.25472e-03   1.19408e-06   8.76034e-06
SaveSource cannot open file: /home/zhangfy/nl_target/toyMC/results/data_16167.C
1.07797	0.00396219
1.07256	0.00352888
1.07395	0.00350415
1.08094	0.00351417
1.08342	0.00343306
1.09351	0.00328172
1.1181	0.00349646
1.14974	0.00502569
 FCN=3.61983 FROM MIGRAD    STATUS=CONVERGED      36 CALLS          37 TOTAL
                     EDM=1.09716e-16    STRATEGY= 1      ERROR MATRIX ACCURATE 
  EXT PARAMETER                                   STEP         FIRST   
  NO.   NAME      VALUE            ERROR          SIZE      DERIVATIVE 
   1  p0           1.07008e+00   1.78482e-03   1.34873e-06  -1.09110e-05
   2  p1           2.06037e-02   1.25791e-03   9.50555e-07  -6.94594e-06
SaveSource cannot open file: /home/zhangfy/nl_target/toyMC/results/data_16168.C
1.06624	0.00391907
1.0693	0.00351814
1.07318	0.00350161
1.08143	0.00351577
1.07528	0.00340729
1.09181	0.00327665
1.11532	0.00348778
1.15316	0.00504063
 FCN=7.63402 FROM MIGRAD    STATUS=CONVERGED      36 CALLS          37 TOTAL
                     EDM=4.26632e-16    STRATEGY= 1      ERROR MATRIX ACCURATE 
  EXT PARAMETER                                   STEP         FIRST   
  NO.   NAME      VALUE            ERROR          SIZE      DERIVATIVE 
   1  p0           1.06509e+00   1.77860e-03   1.83822e-06   2.12899e-05
   2  p1           2.23511e-02   1.25721e-03   1.29936e-06   1.25774e-05
SaveSource cannot open file: /home/zhangfy/nl_target/toyMC/results/data_16169.C
1.07592	0.00395466
1.06796	0.00351374
1.07393	0.00350409
1.07717	0.00350192
1.08064	0.00342427
1.08794	0.00326502
1.12301	0.00351181
1.142	0.00499184
 FCN=5.16517 FROM MIGRAD    STATUS=CONVERGED      36 CALLS          37 TOTAL
                     EDM=6.80675e-17    STRATEGY= 1      ERROR MATRIX ACCURATE 
  EXT PARAMETER                                   STEP         FIRST   
  NO.   NAME      VALUE            ERROR          SIZE      DERIVATIVE 
   1  p0           1.06714e+00   1.77971e-03   1.55457e-06  -3.37087e-06
   2  p1           2.11239e-02   1.25484e-03   1.09610e-06  -1.19520e-05
SaveSource cannot open file: /home/zhangfy/nl_target/toyMC/results/data_16170.C
1.07273	0.00394295
1.07374	0.00353277
1.07264	0.00349987
1.08098	0.00351432
1.08448	0.00343643
1.09066	0.00327319
1.12288	0.00351141
1.14541	0.00500677
 FCN=1.47565 FROM MIGRAD    STATUS=CONVERGED      36 CALLS          37 TOTAL
                     EDM=1.07927e-15    STRATEGY= 1      ERROR MATRIX ACCURATE 
  EXT PARAMETER                                   STEP         FIRST   
  NO.   NAME      VALUE            ERROR          SIZE      DERIVATIVE 
   1  p0           1.06906e+00   1.78276e-03   9.86857e-07   2.30095e-05
   2  p1           2.11384e-02   1.25687e-03   6.95747e-07  -5.88903e-06
SaveSource cannot open file: /home/zhangfy/nl_target/toyMC/results/data_16171.C
1.07418	0.00394826
1.07421	0.00353432
1.06966	0.00349013
1.07145	0.00348334
1.08043	0.00342359
1.09468	0.00328526
1.12322	0.00351247
1.14503	0.00500507
 FCN=8.53808 FROM MIGRAD    STATUS=CONVERGED      36 CALLS          37 TOTAL
                     EDM=2.05634e-16    STRATEGY= 1      ERROR MATRIX ACCURATE 
  EXT PARAMETER                                   STEP         FIRST   
  NO.   NAME      VALUE            ERROR          SIZE      DERIVATIVE 
   1  p0           1.06674e+00   1.77964e-03   1.93451e-06  -1.34408e-05
   2  p1           2.20636e-02   1.25636e-03   1.36568e-06  -4.69881e-06
SaveSource cannot open file: /home/zhangfy/nl_target/toyMC/results/data_16172.C
1.07655	0.00395699
1.07657	0.00354206
1.07129	0.00349546
1.07414	0.00349207
1.08267	0.0034307
1.09056	0.00327288
1.12247	0.00351012
1.15316	0.00504064
 FCN=7.15604 FROM MIGRAD    STATUS=CONVERGED      36 CALLS          37 TOTAL
                     EDM=3.26887e-15    STRATEGY= 1      ERROR MATRIX ACCURATE 
  EXT PARAMETER                                   STEP         FIRST   
  NO.   NAME      VALUE            ERROR          SIZE      DERIVATIVE 
   1  p0           1.06769e+00   1.78337e-03   1.79094e-06  -9.30611e-06
   2  p1           2.23829e-02   1.26084e-03   1.26620e-06  -7.25567e-05
SaveSource cannot open file: /home/zhangfy/nl_target/toyMC/results/data_16173.C
1.07575	0.00395404
1.06924	0.00351798
1.07909	0.00352092
1.08511	0.00352774
1.08507	0.00343832
1.09157	0.00327592
1.12004	0.00350252
1.15114	0.00503177
 FCN=5.91475 FROM MIGRAD    STATUS=CONVERGED      36 CALLS          37 TOTAL
                     EDM=2.42324e-16    STRATEGY= 1      ERROR MATRIX ACCURATE 
  EXT PARAMETER                                   STEP         FIRST   
  NO.   NAME      VALUE            ERROR          SIZE      DERIVATIVE 
   1  p0           1.07062e+00   1.78599e-03   1.65134e-06   1.02595e-06
   2  p1           2.09188e-02   1.25928e-03   1.16434e-06   1.84602e-05
SaveSource cannot open file: /home/zhangfy/nl_target/toyMC/results/data_16174.C
1.07395	0.00394743
1.06928	0.00351808
1.0731	0.00350136
1.08227	0.0035185
1.08081	0.00342481
1.08623	0.00325989
1.11437	0.00348479
1.14202	0.00499192
 FCN=4.12792 FROM MIGRAD    STATUS=CONVERGED      36 CALLS          37 TOTAL
                     EDM=7.54331e-17    STRATEGY= 1      ERROR MATRIX ACCURATE 
  EXT PARAMETER                                   STEP         FIRST   
  NO.   NAME      VALUE            ERROR          SIZE      DERIVATIVE 
   1  p0           1.06813e+00   1.78022e-03   1.41670e-06   6.13142e-06
   2  p1           1.92435e-02   1.25213e-03   9.96443e-07  -1.48855e-06
SaveSource cannot open file: /home/zhangfy/nl_target/toyMC/results/data_16175.C
1.0713	0.00393769
1.06974	0.0035196
1.0706	0.0034932
1.08333	0.00352194
1.08036	0.00342337
1.09106	0.00327437
1.11885	0.00349882
1.15043	0.00502868
 FCN=3.78551 FROM MIGRAD    STATUS=CONVERGED      36 CALLS          37 TOTAL
                     EDM=1.75341e-16    STRATEGY= 1      ERROR MATRIX ACCURATE 
  EXT PARAMETER                                   STEP         FIRST   
  NO.   NAME      VALUE            ERROR          SIZE      DERIVATIVE 
   1  p0           1.06687e+00   1.78060e-03   1.37031e-06  -3.40041e-06
   2  p1           2.19716e-02   1.25745e-03   9.67702e-07   1.11435e-05
SaveSource cannot open file: /home/zhangfy/nl_target/toyMC/results/data_16176.C
1.06848	0.00392733
1.07539	0.00353821
1.0721	0.0034981
1.08163	0.00351644
1.07835	0.003417
1.0949	0.00328592
1.12118	0.0035061
1.14836	0.00501965
 FCN=3.8657 FROM MIGRAD    STATUS=CONVERGED      36 CALLS          37 TOTAL
                     EDM=7.41033e-17    STRATEGY= 1      ERROR MATRIX ACCURATE 
  EXT PARAMETER                                   STEP         FIRST   
  NO.   NAME      VALUE            ERROR          SIZE      DERIVATIVE 
   1  p0           1.06786e+00   1.78154e-03   1.38290e-06   1.43385e-06
   2  p1           2.18856e-02   1.25747e-03   9.76095e-07   1.09783e-05
SaveSource cannot open file: /home/zhangfy/nl_target/toyMC/results/data_16177.C
1.07139	0.00393803
1.07471	0.00353594
1.06924	0.00348878
1.07855	0.00350641
1.0872	0.00344505
1.09117	0.00327472
1.11661	0.0034918
1.14465	0.00500344
 FCN=5.82731 FROM MIGRAD    STATUS=CONVERGED      36 CALLS          37 TOTAL
                     EDM=8.77968e-17    STRATEGY= 1      ERROR MATRIX ACCURATE 
  EXT PARAMETER                                   STEP         FIRST   
  NO.   NAME      VALUE            ERROR          SIZE      DERIVATIVE 
   1  p0           1.06879e+00   1.78145e-03   1.63700e-06   9.13546e-06
   2  p1           2.01575e-02   1.25417e-03   1.15247e-06   1.39299e-05
SaveSource cannot open file: /home/zhangfy/nl_target/toyMC/results/data_16178.C
1.07253	0.0039422
1.0757	0.00353921
1.07179	0.0034971
1.08258	0.0035195
1.07822	0.0034166
1.08899	0.00326818
1.12108	0.00350578
1.14468	0.00500358
 FCN=3.87341 FROM MIGRAD    STATUS=CONVERGED      36 CALLS          37 TOTAL
                     EDM=1.01263e-16    STRATEGY= 1      ERROR MATRIX ACCURATE 
  EXT PARAMETER                                   STEP         FIRST   
  NO.   NAME      VALUE            ERROR          SIZE      DERIVATIVE 
   1  p0           1.06836e+00   1.78185e-03   1.38323e-06  -4.72349e-06
   2  p1           2.07420e-02   1.25595e-03   9.74975e-07   5.60250e-06
SaveSource cannot open file: /home/zhangfy/nl_target/toyMC/results/data_16179.C
1.07262	0.00394253
1.06969	0.00351945
1.07363	0.0035031
1.07557	0.00349671
1.08528	0.00343896
1.09121	0.00327483
1.11933	0.0035003
1.14525	0.00500607
 FCN=2.9976 FROM MIGRAD    STATUS=CONVERGED      36 CALLS          37 TOTAL
                     EDM=8.36339e-17    STRATEGY= 1      ERROR MATRIX ACCURATE 
  EXT PARAMETER                                   STEP         FIRST   
  NO.   NAME      VALUE            ERROR          SIZE      DERIVATIVE 
   1  p0           1.06772e+00   1.78050e-03   1.25238e-06   4.92825e-06
   2  p1           2.10455e-02   1.25519e-03   8.82883e-07  -4.14094e-06
SaveSource cannot open file: /home/zhangfy/nl_target/toyMC/results/data_16180.C
1.07209	0.0039406
1.06988	0.00352006
1.07735	0.00351525
1.07676	0.0035006
1.08357	0.00343354
1.08574	0.00325842
1.11221	0.00347804
1.15296	0.00503976
 FCN=11.3504 FROM MIGRAD    STATUS=CONVERGED      34 CALLS          35 TOTAL
                     EDM=2.25993e-17    STRATEGY= 1      ERROR MATRIX ACCURATE 
  EXT PARAMETER                                   STEP         FIRST   
  NO.   NAME      VALUE            ERROR          SIZE      DERIVATIVE 
   1  p0           1.06727e+00   1.78177e-03   2.19945e-06   3.01046e-06
   2  p1           2.05591e-02   1.25693e-03   1.55158e-06   7.34432e-06
SaveSource cannot open file: /home/zhangfy/nl_target/toyMC/results/data_16181.C
1.06965	0.00393161
1.06983	0.00351991
1.07339	0.00350231
1.07988	0.00351073
1.08165	0.00342747
1.09238	0.00327833
1.1186	0.00349802
1.14754	0.00501605
 FCN=1.10013 FROM MIGRAD    STATUS=CONVERGED      36 CALLS          37 TOTAL
                     EDM=2.66158e-16    STRATEGY= 1      ERROR MATRIX ACCURATE 
  EXT PARAMETER                                   STEP         FIRST   
  NO.   NAME      VALUE            ERROR          SIZE      DERIVATIVE 
   1  p0           1.06726e+00   1.78025e-03   9.07712e-07  -1.04776e-05
   2  p1           2.14829e-02   1.25591e-03   6.40361e-07   4.63344e-06
SaveSource cannot open file: /home/zhangfy/nl_target/toyMC/results/data_16182.C
1.06948	0.00393099
1.07192	0.00352679
1.06815	0.00348521
1.07863	0.00350668
1.07829	0.00341683
1.09101	0.00327424
1.11993	0.0035022
1.14679	0.00501278
 FCN=2.01788 FROM MIGRAD    STATUS=CONVERGED      36 CALLS          37 TOTAL
                     EDM=1.21839e-16    STRATEGY= 1      ERROR MATRIX ACCURATE 
  EXT PARAMETER                                   STEP         FIRST   
  NO.   NAME      VALUE            ERROR          SIZE      DERIVATIVE 
   1  p0           1.06549e+00   1.77806e-03   1.08694e-06  -5.07925e-06
   2  p1           2.20988e-02   1.25566e-03   7.67595e-07   6.31339e-06
SaveSource cannot open file: /home/zhangfy/nl_target/toyMC/results/data_16183.C
1.06616	0.0039188
1.0688	0.0035165
1.07808	0.00351762
1.07755	0.00350316
1.08493	0.00343786
1.09242	0.00327847
1.11644	0.00349129
1.14613	0.00500988
 FCN=6.17323 FROM MIGRAD    STATUS=CONVERGED      36 CALLS          37 TOTAL
                     EDM=3.6334e-15    STRATEGY= 1      ERROR MATRIX ACCURATE 
  EXT PARAMETER                                   STEP         FIRST   
  NO.   NAME      VALUE            ERROR          SIZE      DERIVATIVE 
   1  p0           1.06781e+00   1.78025e-03   1.67741e-06  -3.98311e-06
   2  p1           2.08067e-02   1.25444e-03   1.18197e-06  -7.17529e-05
SaveSource cannot open file: /home/zhangfy/nl_target/toyMC/results/data_16184.C
1.07271	0.00394285
1.07327	0.00353121
1.07584	0.00351032
1.08054	0.00351289
1.07498	0.00340633
1.09119	0.00327478
1.1197	0.00350146
1.13869	0.00497738
 FCN=4.55788 FROM MIGRAD    STATUS=CONVERGED      36 CALLS          37 TOTAL
                     EDM=1.83903e-17    STRATEGY= 1      ERROR MATRIX ACCURATE 
  EXT PARAMETER                                   STEP         FIRST   
  NO.   NAME      VALUE            ERROR          SIZE      DERIVATIVE 
   1  p0           1.06872e+00   1.78063e-03   1.47621e-06   3.01282e-06
   2  p1           1.96283e-02   1.25246e-03   1.03833e-06   6.70410e-06
SaveSource cannot open file: /home/zhangfy/nl_target/toyMC/results/data_16185.C
1.06496	0.00391438
1.07243	0.00352846
1.07475	0.00350674
1.08211	0.00351797
1.08613	0.00344166
1.08658	0.00326093
1.1252	0.00351868
1.14462	0.00500331
 FCN=8.58875 FROM MIGRAD    STATUS=CONVERGED      36 CALLS          37 TOTAL
                     EDM=1.93892e-17    STRATEGY= 1      ERROR MATRIX ACCURATE 
  EXT PARAMETER                                   STEP         FIRST   
  NO.   NAME      VALUE            ERROR          SIZE      DERIVATIVE 
   1  p0           1.06764e+00   1.78079e-03   1.94088e-06   4.58532e-06
   2  p1           2.18463e-02   1.25664e-03   1.36961e-06   2.88579e-06
SaveSource cannot open file: /home/zhangfy/nl_target/toyMC/results/data_16186.C
1.06763	0.00392418
1.07453	0.00353536
1.07711	0.00351445
1.07598	0.00349806
1.07732	0.00341374
1.09318	0.00328073
1.11919	0.00349988
1.15425	0.00504537
 FCN=6.0135 FROM MIGRAD    STATUS=CONVERGED      36 CALLS          37 TOTAL
                     EDM=1.44437e-16    STRATEGY= 1      ERROR MATRIX ACCURATE 
  EXT PARAMETER                                   STEP         FIRST   
  NO.   NAME      VALUE            ERROR          SIZE      DERIVATIVE 
   1  p0           1.06661e+00   1.78152e-03   1.65938e-06   7.43861e-06
   2  p1           2.25577e-02   1.25975e-03   1.17338e-06  -3.86606e-06
SaveSource cannot open file: /home/zhangfy/nl_target/toyMC/results/data_16187.C
1.0752	0.00395202
1.07518	0.00353751
1.06685	0.00348096
1.07079	0.00348118
1.08413	0.00343532
1.09206	0.00327737
1.11634	0.00349095
1.13972	0.00498186
 FCN=12.1549 FROM MIGRAD    STATUS=CONVERGED      36 CALLS          37 TOTAL
                     EDM=3.84942e-15    STRATEGY= 1      ERROR MATRIX ACCURATE 
  EXT PARAMETER                                   STEP         FIRST   
  NO.   NAME      VALUE            ERROR          SIZE      DERIVATIVE 
   1  p0           1.06763e+00   1.77893e-03   2.26906e-06  -3.30367e-05
   2  p1           1.97401e-02   1.25149e-03   1.59630e-06   2.88354e-05
SaveSource cannot open file: /home/zhangfy/nl_target/toyMC/results/data_16188.C
1.07541	0.00395279
1.06741	0.00351194
1.07706	0.00351429
1.08359	0.00352281
1.07824	0.00341667
1.09778	0.00329454
1.11976	0.00350167
1.14747	0.00501574
 FCN=9.50247 FROM MIGRAD    STATUS=CONVERGED      34 CALLS          35 TOTAL
                     EDM=4.40627e-17    STRATEGY= 1      ERROR MATRIX ACCURATE 
  EXT PARAMETER                                   STEP         FIRST   
  NO.   NAME      VALUE            ERROR          SIZE      DERIVATIVE 
   1  p0           1.06935e+00   1.78297e-03   2.03318e-06  -6.26867e-06
   2  p1           2.11539e-02   1.25684e-03   1.43322e-06  -1.00021e-05
SaveSource cannot open file: /home/zhangfy/nl_target/toyMC/results/data_16189.C
1.06576	0.00391731
1.07197	0.00352693
1.07457	0.00350618
1.07965	0.00350999
1.07294	0.00339985
1.09477	0.0032855
1.11627	0.00349075
1.14266	0.00499472
 FCN=8.72908 FROM MIGRAD    STATUS=CONVERGED      36 CALLS          37 TOTAL
                     EDM=2.83629e-17    STRATEGY= 1      ERROR MATRIX ACCURATE 
  EXT PARAMETER                                   STEP         FIRST   
  NO.   NAME      VALUE            ERROR          SIZE      DERIVATIVE 
   1  p0           1.06653e+00   1.77789e-03   1.95103e-06  -9.42338e-07
   2  p1           2.06940e-02   1.25250e-03   1.37447e-06   5.00801e-06
SaveSource cannot open file: /home/zhangfy/nl_target/toyMC/results/data_16190.C
1.07658	0.0039571
1.07212	0.00352744
1.07619	0.00351144
1.08113	0.0035148
1.08073	0.00342456
1.08875	0.00326743
1.1188	0.00349866
1.14029	0.00498435
 FCN=2.20011 FROM MIGRAD    STATUS=CONVERGED      38 CALLS          39 TOTAL
                     EDM=2.51868e-15    STRATEGY= 1      ERROR MATRIX ACCURATE 
  EXT PARAMETER                                   STEP         FIRST   
  NO.   NAME      VALUE            ERROR          SIZE      DERIVATIVE 
   1  p0           1.07001e+00   1.78278e-03   1.12099e-06   3.43453e-05
   2  p1           1.91367e-02   1.25335e-03   7.88087e-07  -1.04741e-05
SaveSource cannot open file: /home/zhangfy/nl_target/toyMC/results/data_16191.C
1.07044	0.00393451
1.07458	0.00353553
1.07766	0.00351623
1.07567	0.00349706
1.08309	0.00343204
1.09311	0.00328054
1.12289	0.00351145
1.14072	0.00498626
 FCN=3.71364 FROM MIGRAD    STATUS=CONVERGED      36 CALLS          37 TOTAL
                     EDM=4.94368e-17    STRATEGY= 1      ERROR MATRIX ACCURATE 
  EXT PARAMETER                                   STEP         FIRST   
  NO.   NAME      VALUE            ERROR          SIZE      DERIVATIVE 
   1  p0           1.06946e+00   1.78205e-03   1.36136e-06  -5.65975e-06
   2  p1           2.04308e-02   1.25455e-03   9.58389e-07  -1.09830e-05
SaveSource cannot open file: /home/zhangfy/nl_target/toyMC/results/data_16192.C
1.06844	0.00392717
1.07301	0.00353036
1.07048	0.00349282
1.07827	0.0035055
1.07831	0.00341689
1.09742	0.00329347
1.11153	0.00347592
1.14712	0.00501421
 FCN=11.0342 FROM MIGRAD    STATUS=CONVERGED      36 CALLS          37 TOTAL
                     EDM=4.75061e-16    STRATEGY= 1      ERROR MATRIX ACCURATE 
  EXT PARAMETER                                   STEP         FIRST   
  NO.   NAME      VALUE            ERROR          SIZE      DERIVATIVE 
   1  p0           1.06730e+00   1.77931e-03   2.17090e-06   1.78483e-05
   2  p1           2.04205e-02   1.25327e-03   1.52909e-06   1.09201e-06
SaveSource cannot open file: /home/zhangfy/nl_target/toyMC/results/data_16193.C
1.07343	0.00394552
1.07028	0.00352137
1.07323	0.00350178
1.07332	0.00348939
1.07692	0.00341249
1.09331	0.00328114
1.11222	0.00347807
1.14319	0.00499703
 FCN=6.42152 FROM MIGRAD    STATUS=CONVERGED      36 CALLS          37 TOTAL
                     EDM=4.87104e-16    STRATEGY= 1      ERROR MATRIX ACCURATE 
  EXT PARAMETER                                   STEP         FIRST   
  NO.   NAME      VALUE            ERROR          SIZE      DERIVATIVE 
   1  p0           1.06681e+00   1.77836e-03   1.70310e-06   1.23271e-05
   2  p1           1.97891e-02   1.25173e-03   1.19876e-06  -9.35778e-06
SaveSource cannot open file: /home/zhangfy/nl_target/toyMC/results/data_16194.C
1.06593	0.00391793
1.07061	0.00352245
1.07127	0.0034954
1.07229	0.00348604
1.08521	0.00343874
1.08735	0.00326325
1.1217	0.00350773
1.14615	0.00500999
 FCN=5.59928 FROM MIGRAD    STATUS=CONVERGED      36 CALLS          37 TOTAL
                     EDM=3.82113e-15    STRATEGY= 1      ERROR MATRIX ACCURATE 
  EXT PARAMETER                                   STEP         FIRST   
  NO.   NAME      VALUE            ERROR          SIZE      DERIVATIVE 
   1  p0           1.06473e+00   1.77705e-03   1.60673e-06  -4.39257e-05
   2  p1           2.24819e-02   1.25562e-03   1.13528e-06   1.01959e-05
SaveSource cannot open file: /home/zhangfy/nl_target/toyMC/results/data_16195.C
1.06945	0.00393087
1.07531	0.00353795
1.07677	0.00351334
1.0801	0.00351143
1.07902	0.00341913
1.09164	0.00327613
1.11636	0.00349104
1.14588	0.0050088
 FCN=2.572 FROM MIGRAD    STATUS=CONVERGED      36 CALLS          37 TOTAL
                     EDM=3.07073e-15    STRATEGY= 1      ERROR MATRIX ACCURATE 
  EXT PARAMETER                                   STEP         FIRST   
  NO.   NAME      VALUE            ERROR          SIZE      DERIVATIVE 
   1  p0           1.06896e+00   1.78231e-03   1.18415e-06  -3.37605e-06
   2  p1           2.00491e-02   1.25503e-03   8.33836e-07  -6.56745e-05
SaveSource cannot open file: /home/zhangfy/nl_target/toyMC/results/data_16196.C
1.06478	0.00391373
1.07581	0.00353957
1.07491	0.00350726
1.07455	0.00349341
1.07259	0.00339875
1.08934	0.00326923
1.11805	0.0034963
1.14645	0.00501129
 FCN=8.65965 FROM MIGRAD    STATUS=CONVERGED      36 CALLS          37 TOTAL
                     EDM=5.78787e-17    STRATEGY= 1      ERROR MATRIX ACCURATE 
  EXT PARAMETER                                   STEP         FIRST   
  NO.   NAME      VALUE            ERROR          SIZE      DERIVATIVE 
   1  p0           1.06502e+00   1.77768e-03   1.94290e-06  -8.39995e-06
   2  p1           2.15885e-02   1.25507e-03   1.37172e-06  -7.99654e-06
SaveSource cannot open file: /home/zhangfy/nl_target/toyMC/results/data_16197.C
1.06904	0.00392938
1.06658	0.0035092
1.07627	0.00351171
1.07582	0.00349754
1.0762	0.00341021
1.09555	0.00328786
1.11479	0.0034861
1.15037	0.00502843
 FCN=9.62623 FROM MIGRAD    STATUS=CONVERGED      36 CALLS          37 TOTAL
                     EDM=1.6102e-16    STRATEGY= 1      ERROR MATRIX ACCURATE 
  EXT PARAMETER                                   STEP         FIRST   
  NO.   NAME      VALUE            ERROR          SIZE      DERIVATIVE 
   1  p0           1.06559e+00   1.77835e-03   2.03940e-06  -7.91975e-06
   2  p1           2.18869e-02   1.25571e-03   1.44004e-06   4.00902e-06
SaveSource cannot open file: /home/zhangfy/nl_target/toyMC/results/data_16198.C
1.06777	0.0039247
1.07363	0.00353239
1.07575	0.00351001
1.0783	0.00350558
1.07398	0.00340318
1.08927	0.00326902
1.1121	0.00347769
1.15224	0.00503661
 FCN=10.7542 FROM MIGRAD    STATUS=CONVERGED      36 CALLS          37 TOTAL
                     EDM=1.51831e-16    STRATEGY= 1      ERROR MATRIX ACCURATE 
  EXT PARAMETER                                   STEP         FIRST   
  NO.   NAME      VALUE            ERROR          SIZE      DERIVATIVE 
   1  p0           1.06602e+00   1.77988e-03   2.14405e-06   2.25354e-06
   2  p1           2.09819e-02   1.25627e-03   1.51331e-06  -1.14624e-05
SaveSource cannot open file: /home/zhangfy/nl_target/toyMC/results/data_16199.C
