1.07152	0.0039385
1.0789	0.00354975
1.07723	0.00351483
1.07641	0.00349946
1.08001	0.00342227
1.08953	0.00326978
1.11504	0.0034869
1.14477	0.00500395
 FCN=5.02856 FROM MIGRAD    STATUS=CONVERGED      36 CALLS          37 TOTAL
                     EDM=5.62369e-17    STRATEGY= 1      ERROR MATRIX ACCURATE 
  EXT PARAMETER                                   STEP         FIRST   
  NO.   NAME      VALUE            ERROR          SIZE      DERIVATIVE 
   1  p0           1.06964e+00   1.78323e-03   1.53813e-06  -3.64221e-06
   2  p1           1.91780e-02   1.25447e-03   1.08205e-06   3.99333e-06
SaveSource cannot open file: /home/zhangfy/nl_target/toyMC/results/data_16300.C
1.07172	0.00393921
1.07577	0.00353945
1.07696	0.00351395
1.07669	0.00350036
1.07711	0.00341309
1.09646	0.00329058
1.12256	0.0035104
1.13895	0.0049785
 FCN=7.61033 FROM MIGRAD    STATUS=CONVERGED      36 CALLS          37 TOTAL
                     EDM=2.40243e-16    STRATEGY= 1      ERROR MATRIX ACCURATE 
  EXT PARAMETER                                   STEP         FIRST   
  NO.   NAME      VALUE            ERROR          SIZE      DERIVATIVE 
   1  p0           1.06955e+00   1.78171e-03   1.83968e-06  -1.26310e-05
   2  p1           2.01719e-02   1.25364e-03   1.29443e-06  -6.82721e-07
SaveSource cannot open file: /home/zhangfy/nl_target/toyMC/results/data_16301.C
1.06444	0.00391246
1.06347	0.00349898
1.07122	0.00349522
1.07532	0.0034959
1.08518	0.00343865
1.08901	0.00326823
1.11851	0.00349775
1.14967	0.00502535
 FCN=6.91792 FROM MIGRAD    STATUS=CONVERGED      36 CALLS          37 TOTAL
                     EDM=1.98878e-17    STRATEGY= 1      ERROR MATRIX ACCURATE 
  EXT PARAMETER                                   STEP         FIRST   
  NO.   NAME      VALUE            ERROR          SIZE      DERIVATIVE 
   1  p0           1.06341e+00   1.77541e-03   1.75887e-06   1.78381e-06
   2  p1           2.31512e-02   1.25568e-03   1.24398e-06   6.42938e-06
SaveSource cannot open file: /home/zhangfy/nl_target/toyMC/results/data_16302.C
1.07678	0.00395782
1.07491	0.00353662
1.07496	0.00350744
1.07262	0.00348712
1.07703	0.00341284
1.08879	0.00326756
1.12045	0.00350383
1.1354	0.00496298
 FCN=8.68935 FROM MIGRAD    STATUS=CONVERGED      36 CALLS          37 TOTAL
                     EDM=1.50591e-15    STRATEGY= 1      ERROR MATRIX ACCURATE 
  EXT PARAMETER                                   STEP         FIRST   
  NO.   NAME      VALUE            ERROR          SIZE      DERIVATIVE 
   1  p0           1.06849e+00   1.78000e-03   1.94783e-06  -1.25851e-05
   2  p1           1.91177e-02   1.25123e-03   1.36921e-06   2.94988e-05
SaveSource cannot open file: /home/zhangfy/nl_target/toyMC/results/data_16303.C
1.07008	0.0039332
1.072	0.00352703
1.0773	0.00351508
1.08109	0.00351466
1.07458	0.00340507
1.09355	0.00328184
1.11845	0.00349755
1.14901	0.00502247
 FCN=6.45674 FROM MIGRAD    STATUS=CONVERGED      36 CALLS          37 TOTAL
                     EDM=1.56897e-16    STRATEGY= 1      ERROR MATRIX ACCURATE 
  EXT PARAMETER                                   STEP         FIRST   
  NO.   NAME      VALUE            ERROR          SIZE      DERIVATIVE 
   1  p0           1.06762e+00   1.78143e-03   1.71083e-06   4.90986e-06
   2  p1           2.13868e-02   1.25701e-03   1.20720e-06   1.79980e-05
SaveSource cannot open file: /home/zhangfy/nl_target/toyMC/results/data_16304.C
1.0724	0.00394174
1.07192	0.00352677
1.0696	0.00348994
1.07693	0.00350114
1.08551	0.00343969
1.08975	0.00327046
1.11638	0.00349109
1.14667	0.00501227
 FCN=4.51157 FROM MIGRAD    STATUS=CONVERGED      36 CALLS          37 TOTAL
                     EDM=3.41427e-16    STRATEGY= 1      ERROR MATRIX ACCURATE 
  EXT PARAMETER                                   STEP         FIRST   
  NO.   NAME      VALUE            ERROR          SIZE      DERIVATIVE 
   1  p0           1.06741e+00   1.78027e-03   1.46976e-06   9.93777e-06
   2  p1           2.07589e-02   1.25488e-03   1.03600e-06  -8.39953e-06
SaveSource cannot open file: /home/zhangfy/nl_target/toyMC/results/data_16305.C
1.07681	0.00395794
1.06835	0.00351504
1.07494	0.00350738
1.08311	0.00352123
1.08967	0.0034529
1.09061	0.00327304
1.1177	0.00349523
1.14421	0.00500149
 FCN=8.68266 FROM MIGRAD    STATUS=CONVERGED      36 CALLS          37 TOTAL
                     EDM=6.95156e-16    STRATEGY= 1      ERROR MATRIX ACCURATE 
  EXT PARAMETER                                   STEP         FIRST   
  NO.   NAME      VALUE            ERROR          SIZE      DERIVATIVE 
   1  p0           1.07086e+00   1.78417e-03   1.95216e-06   2.21572e-05
   2  p1           1.95575e-02   1.25479e-03   1.37294e-06   2.66854e-06
SaveSource cannot open file: /home/zhangfy/nl_target/toyMC/results/data_16306.C
1.07115	0.00393714
1.07633	0.00354129
1.0776	0.00351604
1.07818	0.00350521
1.07583	0.00340904
1.08868	0.00326723
1.12441	0.00351619
1.15231	0.00503693
 FCN=6.97865 FROM MIGRAD    STATUS=CONVERGED      36 CALLS          37 TOTAL
                     EDM=9.86505e-16    STRATEGY= 1      ERROR MATRIX ACCURATE 
  EXT PARAMETER                                   STEP         FIRST   
  NO.   NAME      VALUE            ERROR          SIZE      DERIVATIVE 
   1  p0           1.06723e+00   1.78292e-03   1.77092e-06  -2.17854e-05
   2  p1           2.25807e-02   1.26101e-03   1.25252e-06   5.99199e-06
SaveSource cannot open file: /home/zhangfy/nl_target/toyMC/results/data_16307.C
1.06356	0.00390925
1.07213	0.00352746
1.07074	0.00349365
1.07938	0.0035091
1.08329	0.00343268
1.09065	0.00327316
1.12806	0.0035276
1.14733	0.00501514
 FCN=5.508 FROM MIGRAD    STATUS=CONVERGED      36 CALLS          37 TOTAL
                     EDM=2.77465e-16    STRATEGY= 1      ERROR MATRIX ACCURATE 
  EXT PARAMETER                                   STEP         FIRST   
  NO.   NAME      VALUE            ERROR          SIZE      DERIVATIVE 
   1  p0           1.06550e+00   1.77859e-03   1.59847e-06   1.43842e-05
   2  p1           2.37217e-02   1.25835e-03   1.13092e-06   2.44640e-06
SaveSource cannot open file: /home/zhangfy/nl_target/toyMC/results/data_16308.C
1.07156	0.00393865
1.07189	0.00352668
1.08324	0.00353446
1.08619	0.00353124
1.0811	0.00342573
1.08897	0.00326811
1.11755	0.00349476
1.15185	0.00503491
 FCN=11.113 FROM MIGRAD    STATUS=CONVERGED      36 CALLS          37 TOTAL
                     EDM=1.96967e-15    STRATEGY= 1      ERROR MATRIX ACCURATE 
  EXT PARAMETER                                   STEP         FIRST   
  NO.   NAME      VALUE            ERROR          SIZE      DERIVATIVE 
   1  p0           1.07051e+00   1.78614e-03   2.18435e-06   1.39671e-06
   2  p1           2.03669e-02   1.25896e-03   1.53963e-06  -4.84578e-05
SaveSource cannot open file: /home/zhangfy/nl_target/toyMC/results/data_16309.C
1.06959	0.00393139
1.07114	0.00352422
1.06977	0.0034905
1.08005	0.00351128
1.08198	0.0034285
1.09056	0.00327289
1.12432	0.00351591
1.14533	0.00500641
 FCN=2.26848 FROM MIGRAD    STATUS=CONVERGED      36 CALLS          37 TOTAL
                     EDM=5.60659e-17    STRATEGY= 1      ERROR MATRIX ACCURATE 
  EXT PARAMETER                                   STEP         FIRST   
  NO.   NAME      VALUE            ERROR          SIZE      DERIVATIVE 
   1  p0           1.06650e+00   1.77930e-03   1.13247e-06   5.07620e-06
   2  p1           2.23496e-02   1.25651e-03   7.99729e-07  -1.66451e-06
SaveSource cannot open file: /home/zhangfy/nl_target/toyMC/results/data_16310.C
1.07095	0.00393638
1.0723	0.00352803
1.073	0.00350103
1.07518	0.00349545
1.08395	0.00343475
1.0896	0.00326999
1.11615	0.00349036
1.14626	0.00501046
 FCN=2.6028 FROM MIGRAD    STATUS=CONVERGED      36 CALLS          37 TOTAL
                     EDM=2.08292e-17    STRATEGY= 1      ERROR MATRIX ACCURATE 
  EXT PARAMETER                                   STEP         FIRST   
  NO.   NAME      VALUE            ERROR          SIZE      DERIVATIVE 
   1  p0           1.06739e+00   1.78024e-03   1.18811e-06   2.72663e-06
   2  p1           2.06002e-02   1.25467e-03   8.37351e-07  -1.64011e-06
SaveSource cannot open file: /home/zhangfy/nl_target/toyMC/results/data_16311.C
1.07334	0.00394517
1.07499	0.00353689
1.07252	0.00349946
1.07951	0.00350953
1.07705	0.00341289
1.08891	0.00326791
1.12624	0.00352193
1.15236	0.00503714
 FCN=4.83046 FROM MIGRAD    STATUS=CONVERGED      36 CALLS          37 TOTAL
                     EDM=8.80278e-16    STRATEGY= 1      ERROR MATRIX ACCURATE 
  EXT PARAMETER                                   STEP         FIRST   
  NO.   NAME      VALUE            ERROR          SIZE      DERIVATIVE 
   1  p0           1.06663e+00   1.78217e-03   1.51386e-06   3.82088e-06
   2  p1           2.32028e-02   1.26141e-03   1.07150e-06  -2.92918e-05
SaveSource cannot open file: /home/zhangfy/nl_target/toyMC/results/data_16312.C
1.08222	0.00397781
1.06929	0.00351811
1.07039	0.00349252
1.07695	0.00350122
1.07793	0.00341567
1.09194	0.00327701
1.12179	0.003508
1.14794	0.0050178
 FCN=11.466 FROM MIGRAD    STATUS=CONVERGED      36 CALLS          37 TOTAL
                     EDM=5.06278e-16    STRATEGY= 1      ERROR MATRIX ACCURATE 
  EXT PARAMETER                                   STEP         FIRST   
  NO.   NAME      VALUE            ERROR          SIZE      DERIVATIVE 
   1  p0           1.06728e+00   1.78136e-03   2.21212e-06   2.38594e-05
   2  p1           2.17725e-02   1.25777e-03   1.56191e-06   3.03374e-05
SaveSource cannot open file: /home/zhangfy/nl_target/toyMC/results/data_16313.C
1.06523	0.00391538
1.07149	0.00352538
1.06583	0.00347765
1.08052	0.00351283
1.08057	0.00342404
1.09558	0.00328796
1.11465	0.00348569
1.14029	0.00498437
 FCN=10.4989 FROM MIGRAD    STATUS=CONVERGED      36 CALLS          37 TOTAL
                     EDM=3.63417e-16    STRATEGY= 1      ERROR MATRIX ACCURATE 
  EXT PARAMETER                                   STEP         FIRST   
  NO.   NAME      VALUE            ERROR          SIZE      DERIVATIVE 
   1  p0           1.06641e+00   1.77639e-03   2.12039e-06  -1.14059e-05
   2  p1           2.04548e-02   1.25025e-03   1.49236e-06  -2.93558e-05
SaveSource cannot open file: /home/zhangfy/nl_target/toyMC/results/data_16314.C
1.07258	0.00394239
1.07144	0.00352521
1.07077	0.00349377
1.08725	0.00353471
1.08154	0.00342713
1.09282	0.00327965
1.1201	0.00350273
1.1488	0.00502158
 FCN=6.48778 FROM MIGRAD    STATUS=CONVERGED      36 CALLS          37 TOTAL
                     EDM=2.00497e-15    STRATEGY= 1      ERROR MATRIX ACCURATE 
  EXT PARAMETER                                   STEP         FIRST   
  NO.   NAME      VALUE            ERROR          SIZE      DERIVATIVE 
   1  p0           1.06883e+00   1.78278e-03   1.71630e-06  -6.54372e-06
   2  p1           2.13932e-02   1.25747e-03   1.21058e-06   4.34797e-05
SaveSource cannot open file: /home/zhangfy/nl_target/toyMC/results/data_16315.C
1.07615	0.00395552
1.0763	0.00354119
1.07039	0.00349251
1.07822	0.00350532
1.0849	0.00343776
1.09438	0.00328433
1.11516	0.00348727
1.14809	0.00501847
 FCN=7.2344 FROM MIGRAD    STATUS=CONVERGED      36 CALLS          37 TOTAL
                     EDM=1.18877e-15    STRATEGY= 1      ERROR MATRIX ACCURATE 
  EXT PARAMETER                                   STEP         FIRST   
  NO.   NAME      VALUE            ERROR          SIZE      DERIVATIVE 
   1  p0           1.06999e+00   1.78393e-03   1.79948e-06  -2.18715e-05
   2  p1           1.99692e-02   1.25600e-03   1.26695e-06   1.01721e-05
SaveSource cannot open file: /home/zhangfy/nl_target/toyMC/results/data_16316.C
1.06252	0.0039054
1.07306	0.00353052
1.07208	0.00349805
1.07576	0.00349735
1.07458	0.00340507
1.08834	0.00326623
1.11429	0.00348455
1.15193	0.00503525
 FCN=7.5434 FROM MIGRAD    STATUS=CONVERGED      36 CALLS          37 TOTAL
                     EDM=2.02248e-16    STRATEGY= 1      ERROR MATRIX ACCURATE 
  EXT PARAMETER                                   STEP         FIRST   
  NO.   NAME      VALUE            ERROR          SIZE      DERIVATIVE 
   1  p0           1.06348e+00   1.77643e-03   1.82577e-06  -6.48098e-06
   2  p1           2.23029e-02   1.25601e-03   1.29090e-06   8.22887e-06
SaveSource cannot open file: /home/zhangfy/nl_target/toyMC/results/data_16317.C
1.06156	0.00390186
1.07215	0.00352755
1.07884	0.0035201
1.07601	0.00349817
1.08179	0.00342792
1.09354	0.00328181
1.12171	0.00350775
1.14856	0.00502051
 FCN=8.10873 FROM MIGRAD    STATUS=CONVERGED      36 CALLS          37 TOTAL
                     EDM=6.54567e-15    STRATEGY= 1      ERROR MATRIX ACCURATE 
  EXT PARAMETER                                   STEP         FIRST   
  NO.   NAME      VALUE            ERROR          SIZE      DERIVATIVE 
   1  p0           1.06659e+00   1.77976e-03   1.89093e-06   6.23769e-05
   2  p1           2.24972e-02   1.25722e-03   1.33574e-06  -3.84331e-06
SaveSource cannot open file: /home/zhangfy/nl_target/toyMC/results/data_16318.C
1.06715	0.00392243
1.07169	0.00352601
1.07474	0.00350672
1.07864	0.00350669
1.08175	0.00342779
1.08853	0.00326677
1.12557	0.00351982
1.14623	0.00501035
 FCN=2.68745 FROM MIGRAD    STATUS=CONVERGED      36 CALLS          37 TOTAL
                     EDM=2.22619e-15    STRATEGY= 1      ERROR MATRIX ACCURATE 
  EXT PARAMETER                                   STEP         FIRST   
  NO.   NAME      VALUE            ERROR          SIZE      DERIVATIVE 
   1  p0           1.06651e+00   1.77989e-03   1.20305e-06  -9.74102e-06
   2  p1           2.25141e-02   1.25752e-03   8.49970e-07  -6.16783e-05
SaveSource cannot open file: /home/zhangfy/nl_target/toyMC/results/data_16319.C
1.06703	0.00392199
1.07235	0.00352819
1.0706	0.00349321
1.07663	0.00350017
1.0751	0.00340671
1.08607	0.00325942
1.11066	0.00347321
1.1458	0.00500846
 FCN=4.93633 FROM MIGRAD    STATUS=CONVERGED      36 CALLS          37 TOTAL
                     EDM=2.67139e-16    STRATEGY= 1      ERROR MATRIX ACCURATE 
  EXT PARAMETER                                   STEP         FIRST   
  NO.   NAME      VALUE            ERROR          SIZE      DERIVATIVE 
   1  p0           1.06463e+00   1.77629e-03   1.52077e-06   8.68750e-06
   2  p1           2.02677e-02   1.25203e-03   1.07192e-06  -7.63337e-06
SaveSource cannot open file: /home/zhangfy/nl_target/toyMC/results/data_16320.C
1.06953	0.00393118
1.06696	0.00351046
1.06982	0.00349067
1.07761	0.00350336
1.08603	0.00344134
1.09816	0.00329569
1.11846	0.00349761
1.15066	0.0050297
 FCN=10.2676 FROM MIGRAD    STATUS=CONVERGED      36 CALLS          37 TOTAL
                     EDM=9.7e-16    STRATEGY= 1      ERROR MATRIX ACCURATE 
  EXT PARAMETER                                   STEP         FIRST   
  NO.   NAME      VALUE            ERROR          SIZE      DERIVATIVE 
   1  p0           1.06662e+00   1.77947e-03   2.10343e-06   2.96950e-05
   2  p1           2.26292e-02   1.25693e-03   1.48575e-06   1.15524e-05
SaveSource cannot open file: /home/zhangfy/nl_target/toyMC/results/data_16321.C
1.07803	0.00396241
1.07271	0.00352938
1.06426	0.00347251
1.08787	0.00353672
1.07786	0.00341546
1.09037	0.00327231
1.13046	0.00353511
1.14363	0.00499897
 FCN=24.9903 FROM MIGRAD    STATUS=CONVERGED      36 CALLS          37 TOTAL
                     EDM=2.61297e-16    STRATEGY= 1      ERROR MATRIX ACCURATE 
  EXT PARAMETER                                   STEP         FIRST   
  NO.   NAME      VALUE            ERROR          SIZE      DERIVATIVE 
   1  p0           1.06772e+00   1.78136e-03   3.19772e-06   8.04651e-06
   2  p1           2.25836e-02   1.25821e-03   2.25862e-06  -8.31309e-06
SaveSource cannot open file: /home/zhangfy/nl_target/toyMC/results/data_16322.C
1.06702	0.00392194
1.07085	0.00352326
1.07848	0.00351891
1.07258	0.00348701
1.07997	0.00342215
1.09115	0.00327464
1.12172	0.00350778
1.14145	0.00498945
 FCN=6.22157 FROM MIGRAD    STATUS=CONVERGED      36 CALLS          37 TOTAL
                     EDM=4.79507e-16    STRATEGY= 1      ERROR MATRIX ACCURATE 
  EXT PARAMETER                                   STEP         FIRST   
  NO.   NAME      VALUE            ERROR          SIZE      DERIVATIVE 
   1  p0           1.06666e+00   1.77849e-03   1.68190e-06   1.34330e-05
   2  p1           2.12196e-02   1.25382e-03   1.18573e-06  -7.32018e-06
SaveSource cannot open file: /home/zhangfy/nl_target/toyMC/results/data_16323.C
1.07179	0.0039395
1.07378	0.00353289
1.0722	0.00349842
1.07781	0.003504
1.08447	0.00343639
1.09647	0.0032906
1.11792	0.00349592
1.15091	0.00503078
 FCN=4.69194 FROM MIGRAD    STATUS=CONVERGED      36 CALLS          37 TOTAL
                     EDM=9.90065e-17    STRATEGY= 1      ERROR MATRIX ACCURATE 
  EXT PARAMETER                                   STEP         FIRST   
  NO.   NAME      VALUE            ERROR          SIZE      DERIVATIVE 
   1  p0           1.06869e+00   1.78279e-03   1.49636e-06   3.32245e-06
   2  p1           2.15150e-02   1.25781e-03   1.05573e-06  -7.39497e-06
SaveSource cannot open file: /home/zhangfy/nl_target/toyMC/results/data_16324.C
1.06666	0.00392062
1.07054	0.00352222
1.07558	0.00350945
1.08155	0.00351615
1.08014	0.00342268
1.0932	0.00328081
1.12335	0.0035129
1.14872	0.00502122
 FCN=2.26405 FROM MIGRAD    STATUS=CONVERGED      36 CALLS          37 TOTAL
                     EDM=1.3352e-16    STRATEGY= 1      ERROR MATRIX ACCURATE 
  EXT PARAMETER                                   STEP         FIRST   
  NO.   NAME      VALUE            ERROR          SIZE      DERIVATIVE 
   1  p0           1.06710e+00   1.78071e-03   1.13256e-06  -5.11262e-06
   2  p1           2.25820e-02   1.25804e-03   8.00134e-07   6.88085e-06
SaveSource cannot open file: /home/zhangfy/nl_target/toyMC/results/data_16325.C
1.06791	0.00392523
1.06987	0.00352005
1.06688	0.00348108
1.08113	0.00351479
1.08167	0.00342755
1.09778	0.00329455
1.12567	0.00352013
1.1534	0.00504168
 FCN=6.43398 FROM MIGRAD    STATUS=CONVERGED      36 CALLS          37 TOTAL
                     EDM=1.23106e-16    STRATEGY= 1      ERROR MATRIX ACCURATE 
  EXT PARAMETER                                   STEP         FIRST   
  NO.   NAME      VALUE            ERROR          SIZE      DERIVATIVE 
   1  p0           1.06547e+00   1.77941e-03   1.70966e-06  -5.94054e-06
   2  p1           2.45900e-02   1.26057e-03   1.21116e-06   5.07280e-06
SaveSource cannot open file: /home/zhangfy/nl_target/toyMC/results/data_16326.C
1.06757	0.00392397
1.07549	0.00353852
1.07628	0.00351174
1.0768	0.0035007
1.0758	0.00340892
1.09146	0.00327557
1.11663	0.00349186
1.15925	0.00506723
 FCN=11.2902 FROM MIGRAD    STATUS=CONVERGED      36 CALLS          37 TOTAL
                     EDM=1.12464e-16    STRATEGY= 1      ERROR MATRIX ACCURATE 
  EXT PARAMETER                                   STEP         FIRST   
  NO.   NAME      VALUE            ERROR          SIZE      DERIVATIVE 
   1  p0           1.06592e+00   1.78183e-03   2.19584e-06  -3.04777e-06
   2  p1           2.28613e-02   1.26139e-03   1.55448e-06   8.49053e-06
SaveSource cannot open file: /home/zhangfy/nl_target/toyMC/results/data_16327.C
1.07157	0.00393866
1.07047	0.00352201
1.07245	0.00349926
1.07691	0.00350107
1.08099	0.00342539
1.08864	0.00326712
1.11798	0.0034961
1.15069	0.00502983
 FCN=1.78753 FROM MIGRAD    STATUS=CONVERGED      36 CALLS          37 TOTAL
                     EDM=3.71201e-17    STRATEGY= 1      ERROR MATRIX ACCURATE 
  EXT PARAMETER                                   STEP         FIRST   
  NO.   NAME      VALUE            ERROR          SIZE      DERIVATIVE 
   1  p0           1.06608e+00   1.77990e-03   1.04501e-06   6.33705e-06
   2  p1           2.18928e-02   1.25732e-03   7.38193e-07   3.93891e-06
SaveSource cannot open file: /home/zhangfy/nl_target/toyMC/results/data_16328.C
1.06959	0.0039314
1.06529	0.00350496
1.06983	0.0034907
1.08684	0.00353337
1.08248	0.00343011
1.09107	0.00327441
1.11991	0.00350214
1.13911	0.00497919
 FCN=11.7969 FROM MIGRAD    STATUS=CONVERGED      34 CALLS          35 TOTAL
                     EDM=6.57004e-16    STRATEGY= 1      ERROR MATRIX ACCURATE 
  EXT PARAMETER                                   STEP         FIRST   
  NO.   NAME      VALUE            ERROR          SIZE      DERIVATIVE 
   1  p0           1.06748e+00   1.77817e-03   2.23939e-06   1.21801e-05
   2  p1           2.06102e-02   1.25166e-03   1.57631e-06  -1.41455e-05
SaveSource cannot open file: /home/zhangfy/nl_target/toyMC/results/data_16329.C
1.07447	0.00394931
1.07042	0.00352186
1.07105	0.00349469
1.07886	0.00350741
1.08341	0.00343305
1.08606	0.00325938
1.12251	0.00351026
1.14953	0.00502474
 FCN=4.88293 FROM MIGRAD    STATUS=CONVERGED      36 CALLS          37 TOTAL
                     EDM=1.9947e-15    STRATEGY= 1      ERROR MATRIX ACCURATE 
  EXT PARAMETER                                   STEP         FIRST   
  NO.   NAME      VALUE            ERROR          SIZE      DERIVATIVE 
   1  p0           1.06664e+00   1.78094e-03   1.51929e-06  -9.23084e-06
   2  p1           2.21820e-02   1.25845e-03   1.07356e-06   4.02387e-05
SaveSource cannot open file: /home/zhangfy/nl_target/toyMC/results/data_16330.C
1.06994	0.00393268
1.07355	0.00353214
1.07534	0.00350866
1.08821	0.0035378
1.07746	0.00341421
1.09632	0.00329016
1.11877	0.00349857
1.14375	0.00499948
 FCN=9.52838 FROM MIGRAD    STATUS=CONVERGED      36 CALLS          37 TOTAL
                     EDM=6.03599e-17    STRATEGY= 1      ERROR MATRIX ACCURATE 
  EXT PARAMETER                                   STEP         FIRST   
  NO.   NAME      VALUE            ERROR          SIZE      DERIVATIVE 
   1  p0           1.07030e+00   1.78321e-03   2.03555e-06  -7.77764e-06
   2  p1           2.00877e-02   1.25476e-03   1.43232e-06  -4.02445e-06
SaveSource cannot open file: /home/zhangfy/nl_target/toyMC/results/data_16331.C
1.07591	0.00395462
1.07069	0.00352274
1.07513	0.00350799
1.08107	0.00351459
1.08565	0.00344014
1.09496	0.00328608
1.11937	0.00350043
1.15296	0.00503973
 FCN=4.08903 FROM MIGRAD    STATUS=CONVERGED      36 CALLS          37 TOTAL
                     EDM=2.56365e-17    STRATEGY= 1      ERROR MATRIX ACCURATE 
  EXT PARAMETER                                   STEP         FIRST   
  NO.   NAME      VALUE            ERROR          SIZE      DERIVATIVE 
   1  p0           1.06977e+00   1.78503e-03   1.41635e-06  -3.24363e-06
   2  p1           2.15564e-02   1.25972e-03   9.99532e-07  -7.80852e-06
SaveSource cannot open file: /home/zhangfy/nl_target/toyMC/results/data_16332.C
1.06145	0.00390146
1.06784	0.00351337
1.07112	0.00349491
1.07439	0.00349289
1.07742	0.00341407
1.08862	0.00326705
1.11593	0.00348967
1.14261	0.00499452
 FCN=2.0611 FROM MIGRAD    STATUS=CONVERGED      36 CALLS          37 TOTAL
                     EDM=1.08547e-15    STRATEGY= 1      ERROR MATRIX ACCURATE 
  EXT PARAMETER                                   STEP         FIRST   
  NO.   NAME      VALUE            ERROR          SIZE      DERIVATIVE 
   1  p0           1.06302e+00   1.77319e-03   1.09182e-06   1.13876e-05
   2  p1           2.16989e-02   1.25129e-03   7.70464e-07  -2.41868e-05
SaveSource cannot open file: /home/zhangfy/nl_target/toyMC/results/data_16333.C
1.06074	0.00389888
1.07095	0.0035236
1.07375	0.00350349
1.08036	0.00351231
1.08303	0.00343184
1.09183	0.00327669
1.12001	0.00350244
1.14401	0.00500064
 FCN=6.78148 FROM MIGRAD    STATUS=CONVERGED      36 CALLS          37 TOTAL
                     EDM=8.57276e-16    STRATEGY= 1      ERROR MATRIX ACCURATE 
  EXT PARAMETER                                   STEP         FIRST   
  NO.   NAME      VALUE            ERROR          SIZE      DERIVATIVE 
   1  p0           1.06643e+00   1.77803e-03   1.74623e-06   1.12114e-05
   2  p1           2.16900e-02   1.25401e-03   1.23158e-06   4.19811e-05
SaveSource cannot open file: /home/zhangfy/nl_target/toyMC/results/data_16334.C
1.07503	0.00395141
1.06723	0.00351134
1.07483	0.003507
1.07654	0.00349986
1.08602	0.0034413
1.08882	0.00326765
1.11485	0.0034863
1.14177	0.00499083
 FCN=6.31951 FROM MIGRAD    STATUS=CONVERGED      36 CALLS          37 TOTAL
                     EDM=2.16025e-15    STRATEGY= 1      ERROR MATRIX ACCURATE 
  EXT PARAMETER                                   STEP         FIRST   
  NO.   NAME      VALUE            ERROR          SIZE      DERIVATIVE 
   1  p0           1.06846e+00   1.78035e-03   1.69332e-06   3.18383e-05
   2  p1           1.93956e-02   1.25210e-03   1.19089e-06  -9.73466e-06
SaveSource cannot open file: /home/zhangfy/nl_target/toyMC/results/data_16335.C
1.0684	0.00392701
1.0741	0.00353396
1.07069	0.00349349
1.0779	0.00350431
1.08015	0.0034227
1.0917	0.00327632
1.11528	0.00348764
1.14054	0.00498546
 FCN=1.98131 FROM MIGRAD    STATUS=CONVERGED      36 CALLS          37 TOTAL
                     EDM=6.25394e-16    STRATEGY= 1      ERROR MATRIX ACCURATE 
  EXT PARAMETER                                   STEP         FIRST   
  NO.   NAME      VALUE            ERROR          SIZE      DERIVATIVE 
   1  p0           1.06754e+00   1.77870e-03   1.08013e-06  -1.08243e-05
   2  p1           1.97645e-02   1.25133e-03   7.59876e-07   1.53265e-05
SaveSource cannot open file: /home/zhangfy/nl_target/toyMC/results/data_16336.C
1.06977	0.00393206
1.06901	0.00351721
1.07089	0.00349415
1.07617	0.00349867
1.08354	0.00343347
1.09273	0.00327938
1.12657	0.00352295
1.14218	0.00499263
 FCN=5.46564 FROM MIGRAD    STATUS=CONVERGED      36 CALLS          37 TOTAL
                     EDM=3.27296e-16    STRATEGY= 1      ERROR MATRIX ACCURATE 
  EXT PARAMETER                                   STEP         FIRST   
  NO.   NAME      VALUE            ERROR          SIZE      DERIVATIVE 
   1  p0           1.06634e+00   1.77826e-03   1.59280e-06  -8.08970e-06
   2  p1           2.25230e-02   1.25545e-03   1.12452e-06   1.06923e-05
SaveSource cannot open file: /home/zhangfy/nl_target/toyMC/results/data_16337.C
1.08005	0.00396983
1.07381	0.00353298
1.06581	0.00347757
1.0829	0.00352057
1.07925	0.00341987
1.08621	0.00325981
1.12043	0.00350375
1.139	0.00497873
 FCN=14.9543 FROM MIGRAD    STATUS=CONVERGED      36 CALLS          37 TOTAL
                     EDM=1.90166e-15    STRATEGY= 1      ERROR MATRIX ACCURATE 
  EXT PARAMETER                                   STEP         FIRST   
  NO.   NAME      VALUE            ERROR          SIZE      DERIVATIVE 
   1  p0           1.06847e+00   1.78076e-03   2.50053e-06  -3.73933e-05
   2  p1           1.96292e-02   1.25293e-03   1.75935e-06  -5.92170e-06
SaveSource cannot open file: /home/zhangfy/nl_target/toyMC/results/data_16338.C
1.06638	0.00391959
1.07111	0.00352411
1.07318	0.00350163
1.07813	0.00350505
1.08246	0.00343003
1.08925	0.00326895
1.12351	0.00351337
1.14477	0.00500396
 FCN=1.97312 FROM MIGRAD    STATUS=CONVERGED      36 CALLS          37 TOTAL
                     EDM=1.43676e-15    STRATEGY= 1      ERROR MATRIX ACCURATE 
  EXT PARAMETER                                   STEP         FIRST   
  NO.   NAME      VALUE            ERROR          SIZE      DERIVATIVE 
   1  p0           1.06628e+00   1.77884e-03   1.07967e-06   6.76516e-06
   2  p1           2.21432e-02   1.25588e-03   7.62261e-07  -3.54800e-05
SaveSource cannot open file: /home/zhangfy/nl_target/toyMC/results/data_16339.C
1.06987	0.00393242
1.07037	0.00352166
1.07331	0.00350206
1.08572	0.00352972
1.07595	0.0034094
1.0906	0.00327299
1.11794	0.00349597
1.14733	0.00501512
 FCN=7.01563 FROM MIGRAD    STATUS=CONVERGED      36 CALLS          37 TOTAL
                     EDM=1.87819e-15    STRATEGY= 1      ERROR MATRIX ACCURATE 
  EXT PARAMETER                                   STEP         FIRST   
  NO.   NAME      VALUE            ERROR          SIZE      DERIVATIVE 
   1  p0           1.06726e+00   1.78041e-03   1.77283e-06  -6.74339e-06
   2  p1           2.11519e-02   1.25572e-03   1.25038e-06   4.16874e-05
SaveSource cannot open file: /home/zhangfy/nl_target/toyMC/results/data_16340.C
1.07471	0.00395021
1.07453	0.00353537
1.07073	0.00349362
1.07419	0.00349223
1.07913	0.00341947
1.09186	0.00327679
1.11317	0.00348105
1.1439	0.00500016
 FCN=5.67883 FROM MIGRAD    STATUS=CONVERGED      36 CALLS          37 TOTAL
                     EDM=4.05441e-16    STRATEGY= 1      ERROR MATRIX ACCURATE 
  EXT PARAMETER                                   STEP         FIRST   
  NO.   NAME      VALUE            ERROR          SIZE      DERIVATIVE 
   1  p0           1.06773e+00   1.78001e-03   1.61674e-06  -1.69890e-05
   2  p1           1.96140e-02   1.25276e-03   1.13786e-06  -2.10169e-06
SaveSource cannot open file: /home/zhangfy/nl_target/toyMC/results/data_16341.C
1.07529	0.00395233
1.07167	0.00352596
1.0765	0.00351245
1.0829	0.00352055
1.08124	0.00342616
1.09273	0.00327938
1.11869	0.00349831
1.14893	0.00502215
 FCN=2.44984 FROM MIGRAD    STATUS=CONVERGED      36 CALLS          37 TOTAL
                     EDM=1.8983e-15    STRATEGY= 1      ERROR MATRIX ACCURATE 
  EXT PARAMETER                                   STEP         FIRST   
  NO.   NAME      VALUE            ERROR          SIZE      DERIVATIVE 
   1  p0           1.06985e+00   1.78435e-03   1.16529e-06   1.17085e-05
   2  p1           2.06430e-02   1.25758e-03   8.21275e-07  -3.59857e-05
SaveSource cannot open file: /home/zhangfy/nl_target/toyMC/results/data_16342.C
1.07225	0.00394118
1.06125	0.00349166
1.07966	0.00352277
1.07932	0.00350891
1.07813	0.00341633
1.09456	0.00328489
1.12541	0.00351932
1.13878	0.00497776
 FCN=18.5065 FROM MIGRAD    STATUS=CONVERGED      36 CALLS          37 TOTAL
                     EDM=1.04628e-15    STRATEGY= 1      ERROR MATRIX ACCURATE 
  EXT PARAMETER                                   STEP         FIRST   
  NO.   NAME      VALUE            ERROR          SIZE      DERIVATIVE 
   1  p0           1.06717e+00   1.77838e-03   2.76651e-06  -6.32783e-06
   2  p1           2.16085e-02   1.25349e-03   1.94998e-06  -4.21319e-05
SaveSource cannot open file: /home/zhangfy/nl_target/toyMC/results/data_16343.C
1.06626	0.00391915
1.06424	0.00350152
1.07864	0.00351946
1.08221	0.0035183
1.08675	0.00344364
1.09235	0.00327826
1.11909	0.00349955
1.13512	0.00496179
 FCN=14.6101 FROM MIGRAD    STATUS=CONVERGED      36 CALLS          37 TOTAL
                     EDM=1.69801e-17    STRATEGY= 1      ERROR MATRIX ACCURATE 
  EXT PARAMETER                                   STEP         FIRST   
  NO.   NAME      VALUE            ERROR          SIZE      DERIVATIVE 
   1  p0           1.06908e+00   1.77901e-03   2.47446e-06  -4.50468e-06
   2  p1           1.94764e-02   1.24957e-03   1.73805e-06  -5.05144e-06
SaveSource cannot open file: /home/zhangfy/nl_target/toyMC/results/data_16344.C
1.07631	0.00395608
1.06817	0.00351443
1.07581	0.0035102
1.08039	0.0035124
1.07575	0.00340878
1.08942	0.00326945
1.11604	0.00349003
1.14532	0.00500637
 FCN=6.70249 FROM MIGRAD    STATUS=CONVERGED      36 CALLS          37 TOTAL
                     EDM=2.71958e-16    STRATEGY= 1      ERROR MATRIX ACCURATE 
  EXT PARAMETER                                   STEP         FIRST   
  NO.   NAME      VALUE            ERROR          SIZE      DERIVATIVE 
   1  p0           1.06762e+00   1.78063e-03   1.73696e-06   1.60945e-05
   2  p1           2.01989e-02   1.25446e-03   1.22369e-06   7.18560e-06
SaveSource cannot open file: /home/zhangfy/nl_target/toyMC/results/data_16345.C
1.07288	0.00394349
1.06457	0.0035026
1.07237	0.00349898
1.08004	0.00351126
1.08576	0.00344048
1.09146	0.00327559
1.11825	0.00349693
1.13869	0.00497736
 FCN=8.07912 FROM MIGRAD    STATUS=CONVERGED      36 CALLS          37 TOTAL
                     EDM=6.52774e-16    STRATEGY= 1      ERROR MATRIX ACCURATE 
  EXT PARAMETER                                   STEP         FIRST   
  NO.   NAME      VALUE            ERROR          SIZE      DERIVATIVE 
   1  p0           1.06800e+00   1.77876e-03   1.88620e-06  -6.82310e-06
   2  p1           2.00380e-02   1.25117e-03   1.32674e-06  -3.47442e-05
SaveSource cannot open file: /home/zhangfy/nl_target/toyMC/results/data_16346.C
1.06974	0.00393196
1.06996	0.00352032
1.07003	0.00349136
1.0748	0.00349423
1.0787	0.00341811
1.09006	0.00327138
1.11581	0.00348932
1.14461	0.00500326
 FCN=1.08734 FROM MIGRAD    STATUS=CONVERGED      36 CALLS          37 TOTAL
                     EDM=2.23716e-15    STRATEGY= 1      ERROR MATRIX ACCURATE 
  EXT PARAMETER                                   STEP         FIRST   
  NO.   NAME      VALUE            ERROR          SIZE      DERIVATIVE 
   1  p0           1.06517e+00   1.77678e-03   9.02921e-07  -6.93263e-06
   2  p1           2.11288e-02   1.25310e-03   6.36797e-07  -5.97262e-05
SaveSource cannot open file: /home/zhangfy/nl_target/toyMC/results/data_16347.C
1.06844	0.00392717
1.07445	0.00353509
1.07053	0.00349297
1.07907	0.0035081
1.07456	0.00340499
1.09275	0.00327946
1.11638	0.00349109
1.1468	0.00501283
 FCN=5.76704 FROM MIGRAD    STATUS=CONVERGED      34 CALLS          35 TOTAL
                     EDM=1.33626e-15    STRATEGY= 1      ERROR MATRIX ACCURATE 
  EXT PARAMETER                                   STEP         FIRST   
  NO.   NAME      VALUE            ERROR          SIZE      DERIVATIVE 
   1  p0           1.06621e+00   1.77877e-03   1.62744e-06  -2.73967e-06
   2  p1           2.12237e-02   1.25476e-03   1.14801e-06  -4.37991e-05
SaveSource cannot open file: /home/zhangfy/nl_target/toyMC/results/data_16348.C
1.07514	0.00395178
1.07151	0.00352543
1.07062	0.00349328
1.07629	0.00349906
1.08041	0.00342355
1.08859	0.00326695
1.12189	0.00350832
1.14735	0.00501525
 FCN=3.08773 FROM MIGRAD    STATUS=CONVERGED      36 CALLS          37 TOTAL
                     EDM=2.63752e-16    STRATEGY= 1      ERROR MATRIX ACCURATE 
  EXT PARAMETER                                   STEP         FIRST   
  NO.   NAME      VALUE            ERROR          SIZE      DERIVATIVE 
   1  p0           1.06647e+00   1.78009e-03   1.26594e-06  -9.14758e-06
   2  p1           2.19071e-02   1.25714e-03   8.94033e-07   6.72319e-06
SaveSource cannot open file: /home/zhangfy/nl_target/toyMC/results/data_16349.C
1.06434	0.00391209
1.07535	0.00353805
1.07568	0.00350978
1.08016	0.00351164
1.08436	0.00343607
1.09889	0.00329787
1.12079	0.00350488
1.15336	0.00504151
 FCN=8.16727 FROM MIGRAD    STATUS=CONVERGED      36 CALLS          37 TOTAL
                     EDM=2.06566e-16    STRATEGY= 1      ERROR MATRIX ACCURATE 
  EXT PARAMETER                                   STEP         FIRST   
  NO.   NAME      VALUE            ERROR          SIZE      DERIVATIVE 
   1  p0           1.06873e+00   1.78335e-03   1.90087e-06  -9.23752e-06
   2  p1           2.25765e-02   1.25981e-03   1.34282e-06   4.03139e-06
SaveSource cannot open file: /home/zhangfy/nl_target/toyMC/results/data_16350.C
1.06818	0.0039262
1.07211	0.0035274
1.07803	0.00351744
1.07946	0.00350937
1.08198	0.00342852
1.09378	0.00328254
1.122	0.00350865
1.14188	0.0049913
 FCN=2.80391 FROM MIGRAD    STATUS=CONVERGED      36 CALLS          37 TOTAL
                     EDM=1.67881e-15    STRATEGY= 1      ERROR MATRIX ACCURATE 
  EXT PARAMETER                                   STEP         FIRST   
  NO.   NAME      VALUE            ERROR          SIZE      DERIVATIVE 
   1  p0           1.06909e+00   1.78153e-03   1.22283e-06  -6.43511e-06
   2  p1           2.06994e-02   1.25458e-03   8.61130e-07   3.93805e-05
SaveSource cannot open file: /home/zhangfy/nl_target/toyMC/results/data_16351.C
1.07963	0.0039683
1.06882	0.00351657
1.07207	0.00349801
1.07684	0.00350085
1.08197	0.00342847
1.09185	0.00327675
1.11346	0.00348196
1.15138	0.00503283
 FCN=11.4354 FROM MIGRAD    STATUS=CONVERGED      36 CALLS          37 TOTAL
                     EDM=3.72604e-16    STRATEGY= 1      ERROR MATRIX ACCURATE 
  EXT PARAMETER                                   STEP         FIRST   
  NO.   NAME      VALUE            ERROR          SIZE      DERIVATIVE 
   1  p0           1.06792e+00   1.78209e-03   2.20851e-06  -1.79063e-05
   2  p1           2.06556e-02   1.25671e-03   1.55742e-06  -2.93699e-05
SaveSource cannot open file: /home/zhangfy/nl_target/toyMC/results/data_16352.C
1.06965	0.00393162
1.06742	0.00351198
1.07596	0.0035107
1.07862	0.00350665
1.07724	0.0034135
1.09634	0.00329023
1.11698	0.00349295
1.15197	0.00503542
 FCN=7.8326 FROM MIGRAD    STATUS=CONVERGED      36 CALLS          37 TOTAL
                     EDM=2.37222e-16    STRATEGY= 1      ERROR MATRIX ACCURATE 
  EXT PARAMETER                                   STEP         FIRST   
  NO.   NAME      VALUE            ERROR          SIZE      DERIVATIVE 
   1  p0           1.06639e+00   1.77994e-03   1.86134e-06   7.58466e-06
   2  p1           2.22720e-02   1.25745e-03   1.31495e-06  -8.05471e-06
SaveSource cannot open file: /home/zhangfy/nl_target/toyMC/results/data_16353.C
1.07182	0.0039396
1.06905	0.00351735
1.07371	0.00350335
1.08119	0.00351499
1.08012	0.00342263
1.08813	0.00326559
1.12225	0.00350944
1.14594	0.00500907
 FCN=2.31274 FROM MIGRAD    STATUS=CONVERGED      36 CALLS          37 TOTAL
                     EDM=5.72869e-16    STRATEGY= 1      ERROR MATRIX ACCURATE 
  EXT PARAMETER                                   STEP         FIRST   
  NO.   NAME      VALUE            ERROR          SIZE      DERIVATIVE 
   1  p0           1.06691e+00   1.78015e-03   1.13988e-06   1.28572e-05
   2  p1           2.16990e-02   1.25644e-03   8.04533e-07  -1.08948e-05
SaveSource cannot open file: /home/zhangfy/nl_target/toyMC/results/data_16354.C
1.06863	0.00392786
1.07487	0.00353648
1.08252	0.0035321
1.0806	0.00351308
1.07668	0.00341172
1.08567	0.00325821
1.11496	0.00348665
1.15117	0.00503194
 FCN=14.3992 FROM MIGRAD    STATUS=CONVERGED      36 CALLS          37 TOTAL
                     EDM=2.96791e-15    STRATEGY= 1      ERROR MATRIX ACCURATE 
  EXT PARAMETER                                   STEP         FIRST   
  NO.   NAME      VALUE            ERROR          SIZE      DERIVATIVE 
   1  p0           1.06834e+00   1.78333e-03   2.45772e-06  -1.27550e-05
   2  p1           2.02536e-02   1.25747e-03   1.73299e-06   4.73047e-05
SaveSource cannot open file: /home/zhangfy/nl_target/toyMC/results/data_16355.C
1.07667	0.00395744
1.07031	0.00352147
1.08228	0.00353131
1.07476	0.0034941
1.07829	0.00341682
1.09441	0.00328444
1.11403	0.00348374
1.14443	0.00500244
 FCN=11.8291 FROM MIGRAD    STATUS=CONVERGED      36 CALLS          37 TOTAL
                     EDM=8.55825e-16    STRATEGY= 1      ERROR MATRIX ACCURATE 
  EXT PARAMETER                                   STEP         FIRST   
  NO.   NAME      VALUE            ERROR          SIZE      DERIVATIVE 
   1  p0           1.06987e+00   1.78306e-03   2.24421e-06   3.15523e-05
   2  p1           1.91467e-02   1.25392e-03   1.57822e-06   2.43680e-05
SaveSource cannot open file: /home/zhangfy/nl_target/toyMC/results/data_16356.C
1.06916	0.00392982
1.07339	0.00353161
1.06852	0.00348641
1.07787	0.00350421
1.0772	0.00341338
1.08991	0.00327092
1.11473	0.00348592
1.14113	0.00498804
 FCN=2.58103 FROM MIGRAD    STATUS=CONVERGED      36 CALLS          37 TOTAL
                     EDM=3.79078e-16    STRATEGY= 1      ERROR MATRIX ACCURATE 
  EXT PARAMETER                                   STEP         FIRST   
  NO.   NAME      VALUE            ERROR          SIZE      DERIVATIVE 
   1  p0           1.06621e+00   1.77725e-03   1.18266e-06   1.27835e-05
   2  p1           2.00664e-02   1.25123e-03   8.32628e-07  -5.10158e-06
SaveSource cannot open file: /home/zhangfy/nl_target/toyMC/results/data_16357.C
1.06827	0.00392654
1.07224	0.00352782
1.07863	0.00351942
1.07688	0.00350099
1.08294	0.00343157
1.09275	0.00327944
1.12221	0.00350931
1.15113	0.00503176
 FCN=2.70436 FROM MIGRAD    STATUS=CONVERGED      36 CALLS          37 TOTAL
                     EDM=1.0419e-16    STRATEGY= 1      ERROR MATRIX ACCURATE 
  EXT PARAMETER                                   STEP         FIRST   
  NO.   NAME      VALUE            ERROR          SIZE      DERIVATIVE 
   1  p0           1.06785e+00   1.78244e-03   1.20710e-06   6.53148e-06
   2  p1           2.23318e-02   1.25928e-03   8.52810e-07  -2.91873e-06
SaveSource cannot open file: /home/zhangfy/nl_target/toyMC/results/data_16358.C
1.07727	0.00395961
1.07369	0.00353261
1.07567	0.00350976
1.08359	0.00352279
1.08139	0.00342665
1.09071	0.00327332
1.12092	0.0035053
1.14053	0.00498543
 FCN=2.49378 FROM MIGRAD    STATUS=CONVERGED      38 CALLS          39 TOTAL
                     EDM=9.97752e-16    STRATEGY= 1      ERROR MATRIX ACCURATE 
  EXT PARAMETER                                   STEP         FIRST   
  NO.   NAME      VALUE            ERROR          SIZE      DERIVATIVE 
   1  p0           1.07112e+00   1.78434e-03   1.17262e-06  -2.59455e-06
   2  p1           1.92724e-02   1.25440e-03   8.24358e-07  -3.80733e-05
SaveSource cannot open file: /home/zhangfy/nl_target/toyMC/results/data_16359.C
1.07451	0.00394947
1.0757	0.0035392
1.07414	0.00350477
1.07664	0.00350021
1.08519	0.00343869
1.08965	0.00327016
1.12059	0.00350424
1.13894	0.00497848
 FCN=3.27103 FROM MIGRAD    STATUS=CONVERGED      36 CALLS          37 TOTAL
                     EDM=1.87283e-16    STRATEGY= 1      ERROR MATRIX ACCURATE 
  EXT PARAMETER                                   STEP         FIRST   
  NO.   NAME      VALUE            ERROR          SIZE      DERIVATIVE 
   1  p0           1.07012e+00   1.78259e-03   1.29539e-06  -4.50299e-06
   2  p1           1.93284e-02   1.25319e-03   9.10675e-07  -1.91829e-05
SaveSource cannot open file: /home/zhangfy/nl_target/toyMC/results/data_16360.C
1.07115	0.00393713
1.07589	0.00353985
1.07272	0.00350013
1.08203	0.00351772
1.0852	0.00343873
1.09482	0.00328567
1.12257	0.00351045
1.14791	0.00501767
 FCN=1.88805 FROM MIGRAD    STATUS=CONVERGED      36 CALLS          37 TOTAL
                     EDM=3.6951e-16    STRATEGY= 1      ERROR MATRIX ACCURATE 
  EXT PARAMETER                                   STEP         FIRST   
  NO.   NAME      VALUE            ERROR          SIZE      DERIVATIVE 
   1  p0           1.06994e+00   1.78421e-03   1.06699e-06  -1.31285e-05
   2  p1           2.13973e-02   1.25816e-03   7.52400e-07   4.02906e-06
SaveSource cannot open file: /home/zhangfy/nl_target/toyMC/results/data_16361.C
1.07192	0.00393994
1.06954	0.00351895
1.07706	0.00351429
1.08232	0.00351868
1.08259	0.00343045
1.09458	0.00328494
1.11528	0.00348765
1.15237	0.00503717
 FCN=6.72192 FROM MIGRAD    STATUS=CONVERGED      36 CALLS          37 TOTAL
                     EDM=1.39974e-15    STRATEGY= 1      ERROR MATRIX ACCURATE 
  EXT PARAMETER                                   STEP         FIRST   
  NO.   NAME      VALUE            ERROR          SIZE      DERIVATIVE 
   1  p0           1.06908e+00   1.78352e-03   1.74273e-06   4.82636e-06
   2  p1           2.10043e-02   1.25776e-03   1.22900e-06  -3.70286e-05
SaveSource cannot open file: /home/zhangfy/nl_target/toyMC/results/data_16362.C
1.07248	0.003942
1.07383	0.00353305
1.07701	0.00351412
1.08158	0.00351626
1.0816	0.00342729
1.09728	0.00329304
1.1177	0.00349522
1.14482	0.00500419
 FCN=2.97369 FROM MIGRAD    STATUS=CONVERGED      36 CALLS          37 TOTAL
                     EDM=3.73322e-16    STRATEGY= 1      ERROR MATRIX ACCURATE 
  EXT PARAMETER                                   STEP         FIRST   
  NO.   NAME      VALUE            ERROR          SIZE      DERIVATIVE 
   1  p0           1.07083e+00   1.78414e-03   1.25090e-06   1.35329e-05
   2  p1           1.98771e-02   1.25518e-03   8.80043e-07  -3.44783e-06
SaveSource cannot open file: /home/zhangfy/nl_target/toyMC/results/data_16363.C
1.07408	0.00394791
1.07094	0.00352356
1.07584	0.0035103
1.08077	0.00351361
1.0765	0.00341114
1.0966	0.00329101
1.1236	0.00351368
1.15406	0.00504455
 FCN=5.42787 FROM MIGRAD    STATUS=CONVERGED      36 CALLS          37 TOTAL
                     EDM=2.79009e-16    STRATEGY= 1      ERROR MATRIX ACCURATE 
  EXT PARAMETER                                   STEP         FIRST   
  NO.   NAME      VALUE            ERROR          SIZE      DERIVATIVE 
   1  p0           1.06774e+00   1.78318e-03   1.59101e-06  -9.69956e-06
   2  p1           2.31071e-02   1.26138e-03   1.12545e-06   6.40220e-06
SaveSource cannot open file: /home/zhangfy/nl_target/toyMC/results/data_16364.C
1.06494	0.00391431
1.0678	0.00351324
1.07583	0.00351029
1.08102	0.00351445
1.07726	0.00341357
1.09172	0.00327637
1.11377	0.00348292
1.14464	0.00500337
 FCN=6.55642 FROM MIGRAD    STATUS=CONVERGED      36 CALLS          37 TOTAL
                     EDM=8.41467e-16    STRATEGY= 1      ERROR MATRIX ACCURATE 
  EXT PARAMETER                                   STEP         FIRST   
  NO.   NAME      VALUE            ERROR          SIZE      DERIVATIVE 
   1  p0           1.06630e+00   1.77775e-03   1.71889e-06   1.44616e-05
   2  p1           2.05775e-02   1.25244e-03   1.21098e-06  -1.49896e-05
SaveSource cannot open file: /home/zhangfy/nl_target/toyMC/results/data_16365.C
1.07345	0.00394557
1.07237	0.00352826
1.07339	0.0035023
1.07946	0.00350936
1.07892	0.0034188
1.08727	0.003263
1.12244	0.00351002
1.14888	0.00502193
 FCN=2.74244 FROM MIGRAD    STATUS=CONVERGED      36 CALLS          37 TOTAL
                     EDM=4.62193e-16    STRATEGY= 1      ERROR MATRIX ACCURATE 
  EXT PARAMETER                                   STEP         FIRST   
  NO.   NAME      VALUE            ERROR          SIZE      DERIVATIVE 
   1  p0           1.06693e+00   1.78128e-03   1.21183e-06   4.10089e-06
   2  p1           2.19402e-02   1.25830e-03   8.56042e-07   2.78256e-05
SaveSource cannot open file: /home/zhangfy/nl_target/toyMC/results/data_16366.C
1.07364	0.00394628
1.07353	0.00353206
1.07043	0.00349264
1.07521	0.00349554
1.08143	0.00342676
1.0937	0.00328232
1.11136	0.0034754
1.14113	0.00498802
 FCN=5.93229 FROM MIGRAD    STATUS=CONVERGED      36 CALLS          37 TOTAL
                     EDM=1.48637e-15    STRATEGY= 1      ERROR MATRIX ACCURATE 
  EXT PARAMETER                                   STEP         FIRST   
  NO.   NAME      VALUE            ERROR          SIZE      DERIVATIVE 
   1  p0           1.06849e+00   1.77981e-03   1.64720e-06   1.24422e-06
   2  p1           1.88719e-02   1.25067e-03   1.15749e-06  -4.23472e-05
SaveSource cannot open file: /home/zhangfy/nl_target/toyMC/results/data_16367.C
1.06663	0.00392053
1.07071	0.00352281
1.07678	0.00351336
1.07933	0.00350894
1.08057	0.00342406
1.08397	0.0032531
1.11799	0.00349611
1.1471	0.00501413
 FCN=5.66193 FROM MIGRAD    STATUS=CONVERGED      36 CALLS          37 TOTAL
                     EDM=4.91841e-16    STRATEGY= 1      ERROR MATRIX ACCURATE 
  EXT PARAMETER                                   STEP         FIRST   
  NO.   NAME      VALUE            ERROR          SIZE      DERIVATIVE 
   1  p0           1.06625e+00   1.77943e-03   1.61463e-06  -1.51754e-05
   2  p1           2.11043e-02   1.25550e-03   1.13923e-06   4.67585e-06
SaveSource cannot open file: /home/zhangfy/nl_target/toyMC/results/data_16368.C
1.07844	0.00396391
1.07142	0.00352514
1.07179	0.00349709
1.08152	0.00351607
1.0821	0.00342889
1.09001	0.00327124
1.11818	0.00349673
1.13841	0.00497616
 FCN=4.24339 FROM MIGRAD    STATUS=CONVERGED      36 CALLS          37 TOTAL
                     EDM=2.56142e-16    STRATEGY= 1      ERROR MATRIX ACCURATE 
  EXT PARAMETER                                   STEP         FIRST   
  NO.   NAME      VALUE            ERROR          SIZE      DERIVATIVE 
   1  p0           1.06995e+00   1.78196e-03   1.43457e-06   1.65972e-05
   2  p1           1.89381e-02   1.25202e-03   1.00795e-06   1.02679e-05
SaveSource cannot open file: /home/zhangfy/nl_target/toyMC/results/data_16369.C
1.07087	0.00393609
1.07387	0.0035332
1.07521	0.00350825
1.07651	0.00349977
1.08758	0.00344625
1.09539	0.00328738
1.11658	0.00349172
1.14623	0.00501035
 FCN=5.56139 FROM MIGRAD    STATUS=CONVERGED      36 CALLS          37 TOTAL
                     EDM=4.57844e-16    STRATEGY= 1      ERROR MATRIX ACCURATE 
  EXT PARAMETER                                   STEP         FIRST   
  NO.   NAME      VALUE            ERROR          SIZE      DERIVATIVE 
   1  p0           1.06992e+00   1.78313e-03   1.60651e-06   1.29452e-05
   2  p1           2.01857e-02   1.25521e-03   1.13089e-06  -7.38652e-06
SaveSource cannot open file: /home/zhangfy/nl_target/toyMC/results/data_16370.C
1.06639	0.00391963
1.06785	0.0035134
1.07274	0.0035002
1.07895	0.00350772
1.08732	0.00344543
1.09706	0.0032924
1.11772	0.00349528
1.13333	0.00495396
 FCN=13.6001 FROM MIGRAD    STATUS=CONVERGED      36 CALLS          37 TOTAL
                     EDM=7.94944e-17    STRATEGY= 1      ERROR MATRIX ACCURATE 
  EXT PARAMETER                                   STEP         FIRST   
  NO.   NAME      VALUE            ERROR          SIZE      DERIVATIVE 
   1  p0           1.06902e+00   1.77805e-03   2.39257e-06   2.45936e-06
   2  p1           1.92944e-02   1.24807e-03   1.67942e-06   1.22088e-05
SaveSource cannot open file: /home/zhangfy/nl_target/toyMC/results/data_16371.C
1.07836	0.00396362
1.07155	0.00352554
1.06706	0.00348165
1.07466	0.00349375
1.08147	0.0034269
1.08393	0.00325299
1.11954	0.00350097
1.15143	0.00503305
 FCN=13.0182 FROM MIGRAD    STATUS=CONVERGED      36 CALLS          37 TOTAL
                     EDM=2.76894e-15    STRATEGY= 1      ERROR MATRIX ACCURATE 
  EXT PARAMETER                                   STEP         FIRST   
  NO.   NAME      VALUE            ERROR          SIZE      DERIVATIVE 
   1  p0           1.06523e+00   1.77974e-03   2.34218e-06  -1.65203e-05
   2  p1           2.21561e-02   1.25840e-03   1.65608e-06  -7.29119e-05
SaveSource cannot open file: /home/zhangfy/nl_target/toyMC/results/data_16372.C
1.07237	0.0039416
1.06644	0.00350875
1.07366	0.00350319
1.07746	0.00350285
1.07918	0.00341965
1.09214	0.00327762
1.11775	0.00349536
1.14388	0.00500007
 FCN=2.92084 FROM MIGRAD    STATUS=CONVERGED      36 CALLS          37 TOTAL
                     EDM=2.03545e-16    STRATEGY= 1      ERROR MATRIX ACCURATE 
  EXT PARAMETER                                   STEP         FIRST   
  NO.   NAME      VALUE            ERROR          SIZE      DERIVATIVE 
   1  p0           1.06651e+00   1.77839e-03   1.23892e-06   1.49542e-05
   2  p1           2.10364e-02   1.25363e-03   8.73347e-07   1.97485e-05
SaveSource cannot open file: /home/zhangfy/nl_target/toyMC/results/data_16373.C
1.06989	0.0039325
1.06502	0.00350408
1.07306	0.00350123
1.0808	0.00351373
1.07944	0.00342045
1.09743	0.00329349
1.11554	0.00348846
1.15175	0.00503446
 FCN=11.1231 FROM MIGRAD    STATUS=CONVERGED      36 CALLS          37 TOTAL
                     EDM=2.0035e-16    STRATEGY= 1      ERROR MATRIX ACCURATE 
  EXT PARAMETER                                   STEP         FIRST   
  NO.   NAME      VALUE            ERROR          SIZE      DERIVATIVE 
   1  p0           1.06631e+00   1.77930e-03   2.18040e-06   1.96748e-06
   2  p1           2.22173e-02   1.25658e-03   1.53984e-06  -1.38720e-05
SaveSource cannot open file: /home/zhangfy/nl_target/toyMC/results/data_16374.C
1.06622	0.00391901
1.07381	0.003533
1.06867	0.00348693
1.08409	0.00352444
1.08362	0.00343371
1.08772	0.00326437
1.12354	0.00351347
1.14956	0.00502488
 FCN=7.61598 FROM MIGRAD    STATUS=CONVERGED      36 CALLS          37 TOTAL
                     EDM=2.6791e-16    STRATEGY= 1      ERROR MATRIX ACCURATE 
  EXT PARAMETER                                   STEP         FIRST   
  NO.   NAME      VALUE            ERROR          SIZE      DERIVATIVE 
   1  p0           1.06651e+00   1.78037e-03   1.83925e-06   5.76466e-06
   2  p1           2.26862e-02   1.25840e-03   1.30001e-06  -1.17768e-05
SaveSource cannot open file: /home/zhangfy/nl_target/toyMC/results/data_16375.C
1.07535	0.00395258
1.07796	0.00354664
1.07975	0.00352307
1.07433	0.0034927
1.07907	0.00341929
1.09023	0.00327189
1.11973	0.00350158
1.14372	0.00499936
 FCN=7.10439 FROM MIGRAD    STATUS=CONVERGED      36 CALLS          37 TOTAL
                     EDM=1.52141e-16    STRATEGY= 1      ERROR MATRIX ACCURATE 
  EXT PARAMETER                                   STEP         FIRST   
  NO.   NAME      VALUE            ERROR          SIZE      DERIVATIVE 
   1  p0           1.07007e+00   1.78415e-03   1.78481e-06   8.69860e-06
   2  p1           1.96295e-02   1.25579e-03   1.25626e-06  -2.08919e-06
SaveSource cannot open file: /home/zhangfy/nl_target/toyMC/results/data_16376.C
1.06915	0.00392977
1.06812	0.00351427
1.06963	0.00349005
1.07203	0.00348522
1.08035	0.00342334
1.09037	0.00327232
1.11309	0.00348079
1.14172	0.00499064
 FCN=3.30215 FROM MIGRAD    STATUS=CONVERGED      36 CALLS          37 TOTAL
                     EDM=1.03811e-16    STRATEGY= 1      ERROR MATRIX ACCURATE 
  EXT PARAMETER                                   STEP         FIRST   
  NO.   NAME      VALUE            ERROR          SIZE      DERIVATIVE 
   1  p0           1.06480e+00   1.77516e-03   1.29508e-06  -4.31718e-06
   2  p1           2.04760e-02   1.25048e-03   9.12287e-07   6.39273e-06
SaveSource cannot open file: /home/zhangfy/nl_target/toyMC/results/data_16377.C
1.07517	0.00395192
1.07721	0.00354418
1.07233	0.00349884
1.08317	0.00352144
1.08245	0.00343
1.08814	0.00326561
1.12052	0.00350405
1.1465	0.0050115
 FCN=4.43611 FROM MIGRAD    STATUS=CONVERGED      36 CALLS          37 TOTAL
                     EDM=5.78141e-17    STRATEGY= 1      ERROR MATRIX ACCURATE 
  EXT PARAMETER                                   STEP         FIRST   
  NO.   NAME      VALUE            ERROR          SIZE      DERIVATIVE 
   1  p0           1.06995e+00   1.78448e-03   1.46244e-06   7.51263e-06
   2  p1           2.02746e-02   1.25718e-03   1.03030e-06   3.62927e-06
SaveSource cannot open file: /home/zhangfy/nl_target/toyMC/results/data_16378.C
1.07406	0.00394784
1.07082	0.00352316
1.07048	0.00349282
1.07751	0.00350304
1.08648	0.00344278
1.09238	0.00327835
1.11794	0.00349597
1.14843	0.00501993
 FCN=5.11386 FROM MIGRAD    STATUS=CONVERGED      36 CALLS          37 TOTAL
                     EDM=1.31223e-16    STRATEGY= 1      ERROR MATRIX ACCURATE 
  EXT PARAMETER                                   STEP         FIRST   
  NO.   NAME      VALUE            ERROR          SIZE      DERIVATIVE 
   1  p0           1.06806e+00   1.78153e-03   1.54952e-06  -1.14782e-06
   2  p1           2.12093e-02   1.25641e-03   1.09279e-06  -1.39694e-05
SaveSource cannot open file: /home/zhangfy/nl_target/toyMC/results/data_16379.C
1.06616	0.0039188
1.07601	0.00354024
1.06771	0.00348376
1.07853	0.00350633
1.08199	0.00342856
1.09506	0.00328638
1.11955	0.00350099
1.14211	0.00499231
 FCN=7.73101 FROM MIGRAD    STATUS=CONVERGED      36 CALLS          37 TOTAL
                     EDM=2.17155e-15    STRATEGY= 1      ERROR MATRIX ACCURATE 
  EXT PARAMETER                                   STEP         FIRST   
  NO.   NAME      VALUE            ERROR          SIZE      DERIVATIVE 
   1  p0           1.06739e+00   1.77889e-03   1.85032e-06  -1.26519e-05
   2  p1           2.10600e-02   1.25331e-03   1.30364e-06   3.85194e-05
SaveSource cannot open file: /home/zhangfy/nl_target/toyMC/results/data_16380.C
1.07316	0.00394453
1.07354	0.0035321
1.07158	0.00349642
1.08404	0.00352425
1.07849	0.00341745
1.091	0.00327421
1.11747	0.00349449
1.13591	0.0049652
 FCN=4.12322 FROM MIGRAD    STATUS=CONVERGED      36 CALLS          37 TOTAL
                     EDM=1.81931e-15    STRATEGY= 1      ERROR MATRIX ACCURATE 
  EXT PARAMETER                                   STEP         FIRST   
  NO.   NAME      VALUE            ERROR          SIZE      DERIVATIVE 
   1  p0           1.06963e+00   1.78066e-03   1.41728e-06   1.15152e-05
   2  p1           1.86659e-02   1.25027e-03   9.95123e-07  -3.54000e-05
SaveSource cannot open file: /home/zhangfy/nl_target/toyMC/results/data_16381.C
1.07398	0.00394752
1.07264	0.00352916
1.07743	0.00351548
1.08346	0.00352236
1.08086	0.00342497
1.09511	0.00328652
1.11295	0.00348036
1.14664	0.00501212
 FCN=5.89248 FROM MIGRAD    STATUS=CONVERGED      36 CALLS          37 TOTAL
                     EDM=1.22771e-16    STRATEGY= 1      ERROR MATRIX ACCURATE 
  EXT PARAMETER                                   STEP         FIRST   
  NO.   NAME      VALUE            ERROR          SIZE      DERIVATIVE 
   1  p0           1.07094e+00   1.78451e-03   1.64650e-06   5.66812e-06
   2  p1           1.90980e-02   1.25464e-03   1.15761e-06  -5.46283e-06
SaveSource cannot open file: /home/zhangfy/nl_target/toyMC/results/data_16382.C
1.076	0.00395495
1.06795	0.00351372
1.07126	0.00349537
1.08188	0.00351723
1.07965	0.00342114
1.09354	0.00328181
1.11505	0.00348691
1.14403	0.00500074
 FCN=6.64469 FROM MIGRAD    STATUS=CONVERGED      36 CALLS          37 TOTAL
                     EDM=2.18453e-17    STRATEGY= 1      ERROR MATRIX ACCURATE 
  EXT PARAMETER                                   STEP         FIRST   
  NO.   NAME      VALUE            ERROR          SIZE      DERIVATIVE 
   1  p0           1.06827e+00   1.78046e-03   1.73121e-06   1.82770e-06
   2  p1           2.00361e-02   1.25325e-03   1.21858e-06   6.73285e-06
SaveSource cannot open file: /home/zhangfy/nl_target/toyMC/results/data_16383.C
1.07647	0.00395669
1.07058	0.00352238
1.07292	0.00350078
1.07788	0.00350424
1.08356	0.00343352
1.09219	0.00327778
1.12279	0.00351113
1.1538	0.00504343
 FCN=3.17802 FROM MIGRAD    STATUS=CONVERGED      36 CALLS          37 TOTAL
                     EDM=3.5618e-16    STRATEGY= 1      ERROR MATRIX ACCURATE 
  EXT PARAMETER                                   STEP         FIRST   
  NO.   NAME      VALUE            ERROR          SIZE      DERIVATIVE 
   1  p0           1.06771e+00   1.78316e-03   1.28226e-06  -1.37234e-05
   2  p1           2.27629e-02   1.26099e-03   9.06771e-07   2.43282e-06
SaveSource cannot open file: /home/zhangfy/nl_target/toyMC/results/data_16384.C
1.07632	0.00395614
1.07384	0.00353309
1.07593	0.00351061
1.07318	0.00348894
1.08688	0.00344405
1.09276	0.00327948
1.12324	0.00351253
1.14537	0.00500658
 FCN=6.92696 FROM MIGRAD    STATUS=CONVERGED      36 CALLS          37 TOTAL
                     EDM=1.05724e-15    STRATEGY= 1      ERROR MATRIX ACCURATE 
  EXT PARAMETER                                   STEP         FIRST   
  NO.   NAME      VALUE            ERROR          SIZE      DERIVATIVE 
   1  p0           1.06969e+00   1.78374e-03   1.76667e-06  -1.68418e-05
   2  p1           2.09851e-02   1.25731e-03   1.24528e-06  -4.88390e-05
SaveSource cannot open file: /home/zhangfy/nl_target/toyMC/results/data_16385.C
1.06505	0.00391471
1.07086	0.00352328
1.07027	0.00349214
1.08409	0.00352442
1.089	0.00345076
1.09867	0.0032972
1.12022	0.00350311
1.15173	0.00503437
 FCN=13.6692 FROM MIGRAD    STATUS=CONVERGED      36 CALLS          37 TOTAL
                     EDM=2.82143e-16    STRATEGY= 1      ERROR MATRIX ACCURATE 
  EXT PARAMETER                                   STEP         FIRST   
  NO.   NAME      VALUE            ERROR          SIZE      DERIVATIVE 
   1  p0           1.06840e+00   1.78198e-03   2.40389e-06   1.11655e-05
   2  p1           2.26062e-02   1.25829e-03   1.69744e-06  -4.09178e-06
SaveSource cannot open file: /home/zhangfy/nl_target/toyMC/results/data_16386.C
1.06549	0.00391633
1.07064	0.00352257
1.0785	0.00351899
1.0836	0.00352281
1.08229	0.00342949
1.08886	0.00326777
1.11232	0.00347839
1.14404	0.00500074
 FCN=8.39439 FROM MIGRAD    STATUS=CONVERGED      36 CALLS          37 TOTAL
                     EDM=3.03587e-15    STRATEGY= 1      ERROR MATRIX ACCURATE 
  EXT PARAMETER                                   STEP         FIRST   
  NO.   NAME      VALUE            ERROR          SIZE      DERIVATIVE 
   1  p0           1.06881e+00   1.78099e-03   1.91866e-06  -2.02988e-05
   2  p1           1.91991e-02   1.25234e-03   1.34914e-06  -7.86865e-05
SaveSource cannot open file: /home/zhangfy/nl_target/toyMC/results/data_16387.C
1.07616	0.00395556
1.06872	0.00351626
1.07136	0.00349568
1.08256	0.00351944
1.07855	0.00341763
1.0991	0.00329851
1.12896	0.00353043
1.15483	0.00504792
 FCN=8.39934 FROM MIGRAD    STATUS=CONVERGED      36 CALLS          37 TOTAL
                     EDM=6.71886e-17    STRATEGY= 1      ERROR MATRIX ACCURATE 
  EXT PARAMETER                                   STEP         FIRST   
  NO.   NAME      VALUE            ERROR          SIZE      DERIVATIVE 
   1  p0           1.06731e+00   1.78291e-03   1.92562e-06  -6.35362e-06
   2  p1           2.45566e-02   1.26326e-03   1.36437e-06  -1.27169e-05
SaveSource cannot open file: /home/zhangfy/nl_target/toyMC/results/data_16388.C
1.07145	0.00393823
1.06671	0.00350964
1.07053	0.00349299
1.07462	0.00349363
1.08319	0.00343234
1.09193	0.00327698
1.11198	0.00347732
1.14407	0.00500087
 FCN=6.66035 FROM MIGRAD    STATUS=CONVERGED      36 CALLS          37 TOTAL
                     EDM=1.7888e-16    STRATEGY= 1      ERROR MATRIX ACCURATE 
  EXT PARAMETER                                   STEP         FIRST   
  NO.   NAME      VALUE            ERROR          SIZE      DERIVATIVE 
   1  p0           1.06617e+00   1.77729e-03   1.72999e-06  -5.87845e-06
   2  p1           2.02573e-02   1.25156e-03   1.21825e-06   8.07435e-06
SaveSource cannot open file: /home/zhangfy/nl_target/toyMC/results/data_16389.C
1.07295	0.00394375
1.07069	0.00352272
1.07603	0.00351093
1.07617	0.00349868
1.08386	0.00343447
1.09209	0.00327747
1.12336	0.00351292
1.14795	0.00501787
 FCN=1.97893 FROM MIGRAD    STATUS=CONVERGED      36 CALLS          37 TOTAL
                     EDM=2.49846e-16    STRATEGY= 1      ERROR MATRIX ACCURATE 
  EXT PARAMETER                                   STEP         FIRST   
  NO.   NAME      VALUE            ERROR          SIZE      DERIVATIVE 
   1  p0           1.06802e+00   1.78204e-03   1.08230e-06   9.08413e-06
   2  p1           2.19835e-02   1.25812e-03   7.64104e-07  -6.23543e-06
SaveSource cannot open file: /home/zhangfy/nl_target/toyMC/results/data_16390.C
1.07197	0.00394015
1.06975	0.00351962
1.07695	0.00351392
1.07874	0.00350702
1.09006	0.00345411
1.08999	0.00327118
1.12538	0.00351923
1.14846	0.00502009
 FCN=7.08096 FROM MIGRAD    STATUS=CONVERGED      36 CALLS          37 TOTAL
                     EDM=6.65174e-16    STRATEGY= 1      ERROR MATRIX ACCURATE 
  EXT PARAMETER                                   STEP         FIRST   
  NO.   NAME      VALUE            ERROR          SIZE      DERIVATIVE 
   1  p0           1.06900e+00   1.78353e-03   1.78435e-06   2.53298e-05
   2  p1           2.20793e-02   1.25913e-03   1.25971e-06   1.18187e-05
SaveSource cannot open file: /home/zhangfy/nl_target/toyMC/results/data_16391.C
1.06795	0.00392537
1.07795	0.00354662
1.07443	0.00350569
1.08356	0.00352271
1.08153	0.00342707
1.09465	0.00328515
1.11876	0.00349852
1.14592	0.00500896
 FCN=4.49513 FROM MIGRAD    STATUS=CONVERGED      36 CALLS          37 TOTAL
                     EDM=3.56773e-16    STRATEGY= 1      ERROR MATRIX ACCURATE 
  EXT PARAMETER                                   STEP         FIRST   
  NO.   NAME      VALUE            ERROR          SIZE      DERIVATIVE 
   1  p0           1.07016e+00   1.78372e-03   1.47070e-06  -1.03179e-05
   2  p1           2.03273e-02   1.25593e-03   1.03553e-06   8.30044e-06
SaveSource cannot open file: /home/zhangfy/nl_target/toyMC/results/data_16392.C
1.07049	0.0039347
1.06791	0.00351359
1.07315	0.00350152
1.07605	0.0034983
1.08191	0.00342831
1.08829	0.00326606
1.11677	0.00349231
1.15228	0.00503679
 FCN=3.64324 FROM MIGRAD    STATUS=CONVERGED      34 CALLS          35 TOTAL
                     EDM=1.02324e-16    STRATEGY= 1      ERROR MATRIX ACCURATE 
  EXT PARAMETER                                   STEP         FIRST   
  NO.   NAME      VALUE            ERROR          SIZE      DERIVATIVE 
   1  p0           1.06531e+00   1.77906e-03   1.34814e-06  -3.02563e-06
   2  p1           2.22082e-02   1.25743e-03   9.52857e-07   7.98129e-06
SaveSource cannot open file: /home/zhangfy/nl_target/toyMC/results/data_16393.C
1.07564	0.00395363
1.07267	0.00352925
1.07017	0.00349181
1.07924	0.00350864
1.0805	0.00342382
1.09251	0.00327873
1.12242	0.00350999
1.14157	0.00498997
 FCN=3.91584 FROM MIGRAD    STATUS=CONVERGED      36 CALLS          37 TOTAL
                     EDM=4.47426e-15    STRATEGY= 1      ERROR MATRIX ACCURATE 
  EXT PARAMETER                                   STEP         FIRST   
  NO.   NAME      VALUE            ERROR          SIZE      DERIVATIVE 
   1  p0           1.06841e+00   1.78091e-03   1.38936e-06  -1.12767e-05
   2  p1           2.07945e-02   1.25463e-03   9.78790e-07   6.34120e-05
SaveSource cannot open file: /home/zhangfy/nl_target/toyMC/results/data_16394.C
1.07396	0.00394744
1.07702	0.00354356
1.0743	0.00350527
1.07494	0.00349468
1.08455	0.00343666
1.09283	0.00327969
1.11481	0.00348619
1.13677	0.004969
 FCN=3.94515 FROM MIGRAD    STATUS=CONVERGED      36 CALLS          37 TOTAL
                     EDM=3.85167e-17    STRATEGY= 1      ERROR MATRIX ACCURATE 
  EXT PARAMETER                                   STEP         FIRST   
  NO.   NAME      VALUE            ERROR          SIZE      DERIVATIVE 
   1  p0           1.07087e+00   1.78232e-03   1.39311e-06   5.22711e-06
   2  p1           1.79444e-02   1.25026e-03   9.77236e-07   9.70103e-06
SaveSource cannot open file: /home/zhangfy/nl_target/toyMC/results/data_16395.C
1.07768	0.00396114
1.07376	0.00353283
1.07714	0.00351455
1.07743	0.00350277
1.08216	0.00342908
1.09289	0.00327987
1.12063	0.00350436
1.14565	0.00500781
 FCN=2.48972 FROM MIGRAD    STATUS=CONVERGED      36 CALLS          37 TOTAL
                     EDM=5.32578e-16    STRATEGY= 1      ERROR MATRIX ACCURATE 
  EXT PARAMETER                                   STEP         FIRST   
  NO.   NAME      VALUE            ERROR          SIZE      DERIVATIVE 
   1  p0           1.07029e+00   1.78452e-03   1.17210e-06  -3.30488e-06
   2  p1           2.02824e-02   1.25685e-03   8.25518e-07  -2.90023e-05
SaveSource cannot open file: /home/zhangfy/nl_target/toyMC/results/data_16396.C
1.07482	0.0039506
1.07027	0.00352136
1.07415	0.00350479
1.08419	0.00352474
1.0839	0.00343459
1.08916	0.00326868
1.11758	0.00349484
1.15511	0.00504916
 FCN=7.62775 FROM MIGRAD    STATUS=CONVERGED      36 CALLS          37 TOTAL
                     EDM=3.3683e-16    STRATEGY= 1      ERROR MATRIX ACCURATE 
  EXT PARAMETER                                   STEP         FIRST   
  NO.   NAME      VALUE            ERROR          SIZE      DERIVATIVE 
   1  p0           1.06861e+00   1.78426e-03   1.84227e-06   1.95979e-05
   2  p1           2.15864e-02   1.26006e-03   1.30102e-06   2.42778e-05
SaveSource cannot open file: /home/zhangfy/nl_target/toyMC/results/data_16397.C
1.06996	0.00393277
1.08001	0.00355339
1.0744	0.0035056
1.07634	0.00349922
1.08254	0.00343029
1.09233	0.00327819
1.12296	0.00351167
1.1482	0.00501895
 FCN=4.98212 FROM MIGRAD    STATUS=CONVERGED      36 CALLS          37 TOTAL
                     EDM=9.18854e-17    STRATEGY= 1      ERROR MATRIX ACCURATE 
  EXT PARAMETER                                   STEP         FIRST   
  NO.   NAME      VALUE            ERROR          SIZE      DERIVATIVE 
   1  p0           1.06903e+00   1.78364e-03   1.53448e-06  -2.05045e-06
   2  p1           2.14966e-02   1.25856e-03   1.08275e-06  -1.25813e-05
SaveSource cannot open file: /home/zhangfy/nl_target/toyMC/results/data_16398.C
1.07183	0.00393961
1.06849	0.0035155
1.08069	0.00352613
1.08088	0.00351398
1.07833	0.00341696
1.09244	0.00327851
1.11525	0.00348756
1.1487	0.00502114
 FCN=8.13715 FROM MIGRAD    STATUS=CONVERGED      34 CALLS          35 TOTAL
                     EDM=1.18604e-16    STRATEGY= 1      ERROR MATRIX ACCURATE 
  EXT PARAMETER                                   STEP         FIRST   
  NO.   NAME      VALUE            ERROR          SIZE      DERIVATIVE 
   1  p0           1.06861e+00   1.78234e-03   1.89394e-06   3.25691e-06
   2  p1           2.04317e-02   1.25596e-03   1.33460e-06  -8.59494e-06
SaveSource cannot open file: /home/zhangfy/nl_target/toyMC/results/data_16399.C
