1.06858	0.00392769
1.07443	0.00353503
1.0756	0.00350951
1.07753	0.00350308
1.07565	0.00340845
1.09353	0.0032818
1.11299	0.00348049
1.15063	0.00502955
 FCN=8.999 FROM MIGRAD    STATUS=CONVERGED      36 CALLS          37 TOTAL
                     EDM=1.32685e-16    STRATEGY= 1      ERROR MATRIX ACCURATE 
  EXT PARAMETER                                   STEP         FIRST   
  NO.   NAME      VALUE            ERROR          SIZE      DERIVATIVE 
   1  p0           1.06718e+00   1.78076e-03   1.97928e-06  -6.18138e-06
   2  p1           2.07935e-02   1.25591e-03   1.39591e-06   5.24924e-06
SaveSource cannot open file: /home/zhangfy/nl_target/toyMC/results/data_16700.C
1.07034	0.00393414
1.0675	0.00351222
1.07638	0.00351206
1.07384	0.00349109
1.08301	0.00343179
1.09289	0.00327987
1.12517	0.00351859
1.14228	0.00499308
 FCN=6.77843 FROM MIGRAD    STATUS=CONVERGED      36 CALLS          37 TOTAL
                     EDM=9.55197e-17    STRATEGY= 1      ERROR MATRIX ACCURATE 
  EXT PARAMETER                                   STEP         FIRST   
  NO.   NAME      VALUE            ERROR          SIZE      DERIVATIVE 
   1  p0           1.06684e+00   1.77896e-03   1.74713e-06   4.08979e-06
   2  p1           2.20611e-02   1.25528e-03   1.23282e-06   1.42018e-05
SaveSource cannot open file: /home/zhangfy/nl_target/toyMC/results/data_16701.C
1.06956	0.00393128
1.06583	0.00350673
1.06731	0.00348247
1.08352	0.00352258
1.08791	0.00344731
1.09146	0.00327557
1.11823	0.00349689
1.14705	0.00501391
 FCN=12.6344 FROM MIGRAD    STATUS=CONVERGED      36 CALLS          37 TOTAL
                     EDM=6.89221e-17    STRATEGY= 1      ERROR MATRIX ACCURATE 
  EXT PARAMETER                                   STEP         FIRST   
  NO.   NAME      VALUE            ERROR          SIZE      DERIVATIVE 
   1  p0           1.06674e+00   1.77892e-03   2.31230e-06   9.15143e-06
   2  p1           2.17666e-02   1.25498e-03   1.63126e-06   9.23430e-06
SaveSource cannot open file: /home/zhangfy/nl_target/toyMC/results/data_16702.C
1.07627	0.00395594
1.06381	0.00350008
1.07792	0.0035171
1.07484	0.00349436
1.08309	0.00343202
1.09317	0.00328072
1.12669	0.00352334
1.1557	0.00505173
 FCN=10.5591 FROM MIGRAD    STATUS=CONVERGED      36 CALLS          37 TOTAL
                     EDM=3.26155e-16    STRATEGY= 1      ERROR MATRIX ACCURATE 
  EXT PARAMETER                                   STEP         FIRST   
  NO.   NAME      VALUE            ERROR          SIZE      DERIVATIVE 
   1  p0           1.06624e+00   1.78188e-03   2.13286e-06  -4.55986e-06
   2  p1           2.43136e-02   1.26280e-03   1.51154e-06   1.52276e-05
SaveSource cannot open file: /home/zhangfy/nl_target/toyMC/results/data_16703.C
1.0665	0.00392002
1.06935	0.00351831
1.07219	0.00349838
1.07361	0.00349034
1.08458	0.00343677
1.09692	0.00329197
1.1222	0.00350928
1.15167	0.00503412
 FCN=6.32483 FROM MIGRAD    STATUS=CONVERGED      36 CALLS          37 TOTAL
                     EDM=5.89738e-17    STRATEGY= 1      ERROR MATRIX ACCURATE 
  EXT PARAMETER                                   STEP         FIRST   
  NO.   NAME      VALUE            ERROR          SIZE      DERIVATIVE 
   1  p0           1.06561e+00   1.77895e-03   1.69583e-06   4.53037e-06
   2  p1           2.36225e-02   1.25861e-03   1.19980e-06  -2.85374e-06
SaveSource cannot open file: /home/zhangfy/nl_target/toyMC/results/data_16704.C
1.07342	0.00394547
1.07033	0.00352154
1.07165	0.00349663
1.08263	0.00351969
1.08235	0.0034297
1.09827	0.00329601
1.11785	0.00349568
1.14616	0.00501004
 FCN=6.79967 FROM MIGRAD    STATUS=CONVERGED      34 CALLS          35 TOTAL
                     EDM=3.63121e-16    STRATEGY= 1      ERROR MATRIX ACCURATE 
  EXT PARAMETER                                   STEP         FIRST   
  NO.   NAME      VALUE            ERROR          SIZE      DERIVATIVE 
   1  p0           1.06934e+00   1.78221e-03   1.75157e-06  -9.31627e-06
   2  p1           2.07937e-02   1.25534e-03   1.23376e-06   1.00660e-05
SaveSource cannot open file: /home/zhangfy/nl_target/toyMC/results/data_16705.C
1.0773	0.00395974
1.07555	0.00353872
1.07365	0.00350316
1.08102	0.00351443
1.08148	0.00342692
1.09204	0.00327731
1.11947	0.00350074
1.13403	0.00495701
 FCN=3.18544 FROM MIGRAD    STATUS=CONVERGED      36 CALLS          37 TOTAL
                     EDM=2.27924e-16    STRATEGY= 1      ERROR MATRIX ACCURATE 
  EXT PARAMETER                                   STEP         FIRST   
  NO.   NAME      VALUE            ERROR          SIZE      DERIVATIVE 
   1  p0           1.07155e+00   1.78306e-03   1.28256e-06  -5.67161e-06
   2  p1           1.80446e-02   1.25060e-03   8.99560e-07   1.04375e-05
SaveSource cannot open file: /home/zhangfy/nl_target/toyMC/results/data_16706.C
1.07306	0.00394416
1.07031	0.00352148
1.07497	0.00350746
1.0806	0.00351308
1.07929	0.00341999
1.09412	0.00328356
1.11892	0.00349903
1.13595	0.0049654
 FCN=3.61459 FROM MIGRAD    STATUS=CONVERGED      36 CALLS          37 TOTAL
                     EDM=7.15567e-17    STRATEGY= 1      ERROR MATRIX ACCURATE 
  EXT PARAMETER                                   STEP         FIRST   
  NO.   NAME      VALUE            ERROR          SIZE      DERIVATIVE 
   1  p0           1.06947e+00   1.78033e-03   1.34551e-06   9.31741e-06
   2  p1           1.91879e-02   1.25062e-03   9.45172e-07   8.78972e-06
SaveSource cannot open file: /home/zhangfy/nl_target/toyMC/results/data_16707.C
1.06626	0.00391917
1.07081	0.00352314
1.07311	0.00350141
1.08181	0.003517
1.08846	0.00344905
1.09741	0.00329345
1.12249	0.00351019
1.14987	0.00502626
 FCN=7.49864 FROM MIGRAD    STATUS=CONVERGED      36 CALLS          37 TOTAL
                     EDM=2.67396e-15    STRATEGY= 1      ERROR MATRIX ACCURATE 
  EXT PARAMETER                                   STEP         FIRST   
  NO.   NAME      VALUE            ERROR          SIZE      DERIVATIVE 
   1  p0           1.06863e+00   1.78226e-03   1.82995e-06   1.46335e-05
   2  p1           2.25110e-02   1.25831e-03   1.29199e-06  -4.18056e-05
SaveSource cannot open file: /home/zhangfy/nl_target/toyMC/results/data_16708.C
1.07347	0.00394567
1.0728	0.00352969
1.06973	0.00349036
1.07501	0.00349492
1.08276	0.00343098
1.08962	0.00327005
1.11384	0.00348313
1.15752	0.0050597
 FCN=11.4045 FROM MIGRAD    STATUS=CONVERGED      36 CALLS          37 TOTAL
                     EDM=2.96068e-15    STRATEGY= 1      ERROR MATRIX ACCURATE 
  EXT PARAMETER                                   STEP         FIRST   
  NO.   NAME      VALUE            ERROR          SIZE      DERIVATIVE 
   1  p0           1.06602e+00   1.78120e-03   2.20477e-06   3.51481e-06
   2  p1           2.21131e-02   1.25949e-03   1.55899e-06  -5.75410e-05
SaveSource cannot open file: /home/zhangfy/nl_target/toyMC/results/data_16709.C
1.07628	0.003956
1.07244	0.0035285
1.07667	0.003513
1.07796	0.00350449
1.07912	0.00341946
1.08738	0.00326334
1.12205	0.00350882
1.13637	0.00496725
 FCN=5.64467 FROM MIGRAD    STATUS=CONVERGED      36 CALLS          37 TOTAL
                     EDM=3.05659e-16    STRATEGY= 1      ERROR MATRIX ACCURATE 
  EXT PARAMETER                                   STEP         FIRST   
  NO.   NAME      VALUE            ERROR          SIZE      DERIVATIVE 
   1  p0           1.06926e+00   1.78127e-03   1.61439e-06  -1.01450e-05
   2  p1           1.92758e-02   1.25230e-03   1.13498e-06   6.77494e-06
SaveSource cannot open file: /home/zhangfy/nl_target/toyMC/results/data_16710.C
1.06144	0.00390145
1.06965	0.00351932
1.07422	0.00350503
1.07841	0.00350595
1.08698	0.00344436
1.0928	0.00327959
1.11838	0.00349733
1.15041	0.00502859
 FCN=9.42204 FROM MIGRAD    STATUS=CONVERGED      36 CALLS          37 TOTAL
                     EDM=6.87058e-16    STRATEGY= 1      ERROR MATRIX ACCURATE 
  EXT PARAMETER                                   STEP         FIRST   
  NO.   NAME      VALUE            ERROR          SIZE      DERIVATIVE 
   1  p0           1.06629e+00   1.77917e-03   2.02200e-06   8.06477e-06
   2  p1           2.24324e-02   1.25666e-03   1.42818e-06  -2.04138e-05
SaveSource cannot open file: /home/zhangfy/nl_target/toyMC/results/data_16711.C
1.07184	0.00393966
1.07542	0.00353828
1.07186	0.00349732
1.07698	0.00350132
1.08012	0.00342262
1.08789	0.00326488
1.11907	0.00349951
1.1435	0.00499841
 FCN=2.03107 FROM MIGRAD    STATUS=CONVERGED      36 CALLS          37 TOTAL
                     EDM=1.0297e-16    STRATEGY= 1      ERROR MATRIX ACCURATE 
  EXT PARAMETER                                   STEP         FIRST   
  NO.   NAME      VALUE            ERROR          SIZE      DERIVATIVE 
   1  p0           1.06754e+00   1.78036e-03   1.08978e-06   1.04208e-05
   2  p1           2.04608e-02   1.25449e-03   7.67890e-07   6.08397e-06
SaveSource cannot open file: /home/zhangfy/nl_target/toyMC/results/data_16712.C
1.07298	0.00394384
1.06944	0.00351862
1.07387	0.00350387
1.07994	0.00351094
1.08461	0.00343684
1.08855	0.00326683
1.12317	0.00351232
1.15004	0.005027
 FCN=2.85162 FROM MIGRAD    STATUS=CONVERGED      36 CALLS          37 TOTAL
                     EDM=1.64646e-16    STRATEGY= 1      ERROR MATRIX ACCURATE 
  EXT PARAMETER                                   STEP         FIRST   
  NO.   NAME      VALUE            ERROR          SIZE      DERIVATIVE 
   1  p0           1.06744e+00   1.78189e-03   1.23035e-06   6.78355e-06
   2  p1           2.22932e-02   1.25897e-03   8.69286e-07  -5.98736e-06
SaveSource cannot open file: /home/zhangfy/nl_target/toyMC/results/data_16713.C
1.07191	0.00393993
1.07034	0.00352159
1.06493	0.00347469
1.08582	0.00353006
1.0728	0.00339944
1.09456	0.00328488
1.11026	0.00347196
1.14105	0.00498767
 FCN=20.9248 FROM MIGRAD    STATUS=CONVERGED      36 CALLS          37 TOTAL
                     EDM=1.98219e-16    STRATEGY= 1      ERROR MATRIX ACCURATE 
  EXT PARAMETER                                   STEP         FIRST   
  NO.   NAME      VALUE            ERROR          SIZE      DERIVATIVE 
   1  p0           1.06678e+00   1.77718e-03   2.92616e-06   8.24085e-06
   2  p1           1.93960e-02   1.24962e-03   2.05753e-06  -5.38294e-06
SaveSource cannot open file: /home/zhangfy/nl_target/toyMC/results/data_16714.C
1.06214	0.00390401
1.07846	0.0035483
1.07786	0.00351691
1.07809	0.00350493
1.08433	0.00343597
1.09125	0.00327495
1.11226	0.00347821
1.15546	0.00505068
 FCN=19.0136 FROM MIGRAD    STATUS=CONVERGED      36 CALLS          37 TOTAL
                     EDM=1.95609e-16    STRATEGY= 1      ERROR MATRIX ACCURATE 
  EXT PARAMETER                                   STEP         FIRST   
  NO.   NAME      VALUE            ERROR          SIZE      DERIVATIVE 
   1  p0           1.06832e+00   1.78324e-03   2.80353e-06  -1.41930e-05
   2  p1           2.09424e-02   1.25820e-03   1.97808e-06  -7.83972e-06
SaveSource cannot open file: /home/zhangfy/nl_target/toyMC/results/data_16715.C
1.07371	0.00394655
1.07133	0.00352485
1.07375	0.00350348
1.07885	0.00350739
1.07796	0.00341578
1.09806	0.00329539
1.11602	0.00348996
1.14757	0.0050162
 FCN=7.53922 FROM MIGRAD    STATUS=CONVERGED      36 CALLS          37 TOTAL
                     EDM=3.10245e-16    STRATEGY= 1      ERROR MATRIX ACCURATE 
  EXT PARAMETER                                   STEP         FIRST   
  NO.   NAME      VALUE            ERROR          SIZE      DERIVATIVE 
   1  p0           1.06848e+00   1.78159e-03   1.83127e-06  -9.80924e-06
   2  p1           2.07898e-02   1.25550e-03   1.29052e-06   7.46563e-06
SaveSource cannot open file: /home/zhangfy/nl_target/toyMC/results/data_16716.C
1.07314	0.00394444
1.07097	0.00352366
1.07436	0.00350548
1.07777	0.00350387
1.08468	0.00343706
1.08999	0.00327116
1.12304	0.00351193
1.14032	0.00498449
 FCN=3.1544 FROM MIGRAD    STATUS=CONVERGED      36 CALLS          37 TOTAL
                     EDM=9.18877e-18    STRATEGY= 1      ERROR MATRIX ACCURATE 
  EXT PARAMETER                                   STEP         FIRST   
  NO.   NAME      VALUE            ERROR          SIZE      DERIVATIVE 
   1  p0           1.06872e+00   1.78106e-03   1.27733e-06   2.94998e-06
   2  p1           2.05522e-02   1.25417e-03   8.99458e-07   4.50775e-06
SaveSource cannot open file: /home/zhangfy/nl_target/toyMC/results/data_16717.C
1.06935	0.0039305
1.07167	0.00352596
1.0695	0.00348961
1.07902	0.00350793
1.08183	0.00342803
1.09195	0.00327706
1.1163	0.00349085
1.1456	0.00500757
 FCN=2.39556 FROM MIGRAD    STATUS=CONVERGED      36 CALLS          37 TOTAL
                     EDM=6.9203e-17    STRATEGY= 1      ERROR MATRIX ACCURATE 
  EXT PARAMETER                                   STEP         FIRST   
  NO.   NAME      VALUE            ERROR          SIZE      DERIVATIVE 
   1  p0           1.06689e+00   1.77909e-03   1.15325e-06   7.21826e-06
   2  p1           2.09400e-02   1.25404e-03   8.12904e-07   1.30702e-06
SaveSource cannot open file: /home/zhangfy/nl_target/toyMC/results/data_16718.C
1.07877	0.00396515
1.07259	0.00352897
1.07018	0.00349185
1.0738	0.00349097
1.07982	0.00342167
1.09097	0.0032741
1.12005	0.00350255
1.14574	0.00500819
 FCN=7.31012 FROM MIGRAD    STATUS=CONVERGED      36 CALLS          37 TOTAL
                     EDM=1.48371e-16    STRATEGY= 1      ERROR MATRIX ACCURATE 
  EXT PARAMETER                                   STEP         FIRST   
  NO.   NAME      VALUE            ERROR          SIZE      DERIVATIVE 
   1  p0           1.06729e+00   1.78068e-03   1.80511e-06  -8.46302e-06
   2  p1           2.11264e-02   1.25603e-03   1.27326e-06   2.32637e-06
SaveSource cannot open file: /home/zhangfy/nl_target/toyMC/results/data_16719.C
1.07077	0.00393574
1.07367	0.00353255
1.0742	0.00350496
1.0803	0.0035121
1.07679	0.00341208
1.09458	0.00328496
1.12104	0.00350567
1.15088	0.00503066
 FCN=3.29675 FROM MIGRAD    STATUS=CONVERGED      36 CALLS          37 TOTAL
                     EDM=1.79781e-16    STRATEGY= 1      ERROR MATRIX ACCURATE 
  EXT PARAMETER                                   STEP         FIRST   
  NO.   NAME      VALUE            ERROR          SIZE      DERIVATIVE 
   1  p0           1.06754e+00   1.78193e-03   1.29952e-06   1.17257e-05
   2  p1           2.22136e-02   1.25880e-03   9.18020e-07   2.06681e-05
SaveSource cannot open file: /home/zhangfy/nl_target/toyMC/results/data_16720.C
1.07381	0.00394689
1.07132	0.0035248
1.06924	0.00348877
1.08116	0.00351488
1.08161	0.00342735
1.09158	0.00327595
1.12441	0.0035162
1.14933	0.00502388
 FCN=3.05003 FROM MIGRAD    STATUS=CONVERGED      36 CALLS          37 TOTAL
                     EDM=1.3588e-15    STRATEGY= 1      ERROR MATRIX ACCURATE 
  EXT PARAMETER                                   STEP         FIRST   
  NO.   NAME      VALUE            ERROR          SIZE      DERIVATIVE 
   1  p0           1.06709e+00   1.78123e-03   1.26168e-06   3.44524e-05
   2  p1           2.26887e-02   1.25891e-03   8.91715e-07   1.18765e-05
SaveSource cannot open file: /home/zhangfy/nl_target/toyMC/results/data_16721.C
1.07429	0.00394867
1.07613	0.00354063
1.07342	0.0035024
1.07396	0.00349148
1.087	0.00344443
1.09239	0.00327836
1.11891	0.00349901
1.13986	0.00498248
 FCN=6.07547 FROM MIGRAD    STATUS=CONVERGED      36 CALLS          37 TOTAL
                     EDM=1.15052e-15    STRATEGY= 1      ERROR MATRIX ACCURATE 
  EXT PARAMETER                                   STEP         FIRST   
  NO.   NAME      VALUE            ERROR          SIZE      DERIVATIVE 
   1  p0           1.07019e+00   1.78253e-03   1.66741e-06   3.57155e-06
   2  p1           1.93313e-02   1.25302e-03   1.17210e-06  -3.45826e-05
SaveSource cannot open file: /home/zhangfy/nl_target/toyMC/results/data_16722.C
1.07314	0.00394443
1.07858	0.00354868
1.07757	0.00351596
1.08284	0.00352035
1.0784	0.00341717
1.08817	0.00326571
1.11866	0.00349823
1.14471	0.00500369
 FCN=5.12244 FROM MIGRAD    STATUS=CONVERGED      36 CALLS          37 TOTAL
                     EDM=3.39163e-16    STRATEGY= 1      ERROR MATRIX ACCURATE 
  EXT PARAMETER                                   STEP         FIRST   
  NO.   NAME      VALUE            ERROR          SIZE      DERIVATIVE 
   1  p0           1.07051e+00   1.78480e-03   1.55160e-06   1.21040e-05
   2  p1           1.94000e-02   1.25592e-03   1.09182e-06  -4.69380e-06
SaveSource cannot open file: /home/zhangfy/nl_target/toyMC/results/data_16723.C
1.06656	0.00392028
1.0725	0.00352867
1.06985	0.00349075
1.08137	0.00351556
1.08342	0.00343308
1.0926	0.00327899
1.10818	0.00346545
1.14826	0.00501919
 FCN=13.2642 FROM MIGRAD    STATUS=CONVERGED      36 CALLS          37 TOTAL
                     EDM=2.13415e-17    STRATEGY= 1      ERROR MATRIX ACCURATE 
  EXT PARAMETER                                   STEP         FIRST   
  NO.   NAME      VALUE            ERROR          SIZE      DERIVATIVE 
   1  p0           1.06764e+00   1.77978e-03   2.36278e-06  -4.90930e-06
   2  p1           1.97196e-02   1.25267e-03   1.66301e-06  -3.43145e-06
SaveSource cannot open file: /home/zhangfy/nl_target/toyMC/results/data_16724.C
1.07091	0.00393626
1.07272	0.00352943
1.07818	0.00351793
1.0767	0.00350041
1.08298	0.00343168
1.09305	0.00328036
1.11471	0.00348587
1.15382	0.00504352
 FCN=7.27277 FROM MIGRAD    STATUS=CONVERGED      36 CALLS          37 TOTAL
                     EDM=1.53168e-17    STRATEGY= 1      ERROR MATRIX ACCURATE 
  EXT PARAMETER                                   STEP         FIRST   
  NO.   NAME      VALUE            ERROR          SIZE      DERIVATIVE 
   1  p0           1.06854e+00   1.78343e-03   1.80307e-06   3.66981e-06
   2  p1           2.10966e-02   1.25840e-03   1.27226e-06   1.30198e-06
SaveSource cannot open file: /home/zhangfy/nl_target/toyMC/results/data_16725.C
1.06795	0.00392536
1.07055	0.00352227
1.0776	0.00351606
1.07375	0.00349081
1.07871	0.00341815
1.09496	0.00328608
1.12004	0.00350254
1.14242	0.0049937
 FCN=5.98419 FROM MIGRAD    STATUS=CONVERGED      36 CALLS          37 TOTAL
                     EDM=1.57158e-15    STRATEGY= 1      ERROR MATRIX ACCURATE 
  EXT PARAMETER                                   STEP         FIRST   
  NO.   NAME      VALUE            ERROR          SIZE      DERIVATIVE 
   1  p0           1.06708e+00   1.77889e-03   1.65455e-06   3.59997e-05
   2  p1           2.11441e-02   1.25379e-03   1.16615e-06   1.00250e-05
SaveSource cannot open file: /home/zhangfy/nl_target/toyMC/results/data_16726.C
1.07341	0.00394545
1.07238	0.0035283
1.06619	0.00347881
1.08175	0.00351682
1.07816	0.00341642
1.09775	0.00329445
1.11662	0.00349183
1.15067	0.00502975
 FCN=12.8959 FROM MIGRAD    STATUS=CONVERGED      36 CALLS          37 TOTAL
                     EDM=4.99468e-16    STRATEGY= 1      ERROR MATRIX ACCURATE 
  EXT PARAMETER                                   STEP         FIRST   
  NO.   NAME      VALUE            ERROR          SIZE      DERIVATIVE 
   1  p0           1.06717e+00   1.78056e-03   2.33546e-06  -5.72923e-06
   2  p1           2.18439e-02   1.25686e-03   1.64856e-06   1.88297e-05
SaveSource cannot open file: /home/zhangfy/nl_target/toyMC/results/data_16727.C
1.07275	0.003943
1.07379	0.00353292
1.07046	0.00349275
1.07776	0.00350384
1.0817	0.00342763
1.09118	0.00327474
1.12151	0.00350712
1.14246	0.00499387
 FCN=2.05287 FROM MIGRAD    STATUS=CONVERGED      36 CALLS          37 TOTAL
                     EDM=5.81346e-16    STRATEGY= 1      ERROR MATRIX ACCURATE 
  EXT PARAMETER                                   STEP         FIRST   
  NO.   NAME      VALUE            ERROR          SIZE      DERIVATIVE 
   1  p0           1.06790e+00   1.78040e-03   1.09447e-06   2.79510e-06
   2  p1           2.08916e-02   1.25464e-03   7.71270e-07  -2.42767e-05
SaveSource cannot open file: /home/zhangfy/nl_target/toyMC/results/data_16728.C
1.07166	0.00393901
1.07359	0.00353226
1.07441	0.00350564
1.08164	0.00351646
1.08225	0.00342938
1.09202	0.00327727
1.1196	0.00350117
1.14817	0.0050188
 FCN=0.602383 FROM MIGRAD    STATUS=CONVERGED      38 CALLS          39 TOTAL
                     EDM=3.08961e-17    STRATEGY= 1      ERROR MATRIX ACCURATE 
  EXT PARAMETER                                   STEP         FIRST   
  NO.   NAME      VALUE            ERROR          SIZE      DERIVATIVE 
   1  p0           1.06902e+00   1.78307e-03   7.93827e-07  -1.74021e-06
   2  p1           2.10120e-02   1.25720e-03   5.59710e-07  -7.70665e-06
SaveSource cannot open file: /home/zhangfy/nl_target/toyMC/results/data_16729.C
1.06837	0.0039269
1.07527	0.0035378
1.07583	0.00351029
1.08216	0.00351815
1.08026	0.00342306
1.09714	0.00329262
1.12016	0.0035029
1.13776	0.00497333
 FCN=5.85704 FROM MIGRAD    STATUS=CONVERGED      36 CALLS          37 TOTAL
                     EDM=3.74984e-16    STRATEGY= 1      ERROR MATRIX ACCURATE 
  EXT PARAMETER                                   STEP         FIRST   
  NO.   NAME      VALUE            ERROR          SIZE      DERIVATIVE 
   1  p0           1.07053e+00   1.78205e-03   1.64221e-06  -4.19288e-06
   2  p1           1.94861e-02   1.25211e-03   1.15386e-06   1.73077e-05
SaveSource cannot open file: /home/zhangfy/nl_target/toyMC/results/data_16730.C
1.06704	0.00392201
1.07175	0.00352623
1.07752	0.00351579
1.07958	0.00350974
1.08054	0.00342396
1.0887	0.00326731
1.11951	0.00350089
1.14491	0.00500455
 FCN=2.42308 FROM MIGRAD    STATUS=CONVERGED      36 CALLS          37 TOTAL
                     EDM=1.34644e-15    STRATEGY= 1      ERROR MATRIX ACCURATE 
  EXT PARAMETER                                   STEP         FIRST   
  NO.   NAME      VALUE            ERROR          SIZE      DERIVATIVE 
   1  p0           1.06756e+00   1.78043e-03   1.15858e-06  -1.04817e-05
   2  p1           2.08942e-02   1.25509e-03   8.16725e-07  -5.02487e-05
SaveSource cannot open file: /home/zhangfy/nl_target/toyMC/results/data_16731.C
1.07065	0.0039353
1.07814	0.00354723
1.06714	0.00348191
1.07629	0.00349907
1.07874	0.00341825
1.09352	0.00328176
1.11897	0.00349919
1.14648	0.00501143
 FCN=8.19316 FROM MIGRAD    STATUS=CONVERGED      36 CALLS          37 TOTAL
                     EDM=1.58401e-15    STRATEGY= 1      ERROR MATRIX ACCURATE 
  EXT PARAMETER                                   STEP         FIRST   
  NO.   NAME      VALUE            ERROR          SIZE      DERIVATIVE 
   1  p0           1.06695e+00   1.77992e-03   1.89848e-06   2.63393e-05
   2  p1           2.14117e-02   1.25571e-03   1.33935e-06  -9.96370e-06
SaveSource cannot open file: /home/zhangfy/nl_target/toyMC/results/data_16732.C
1.07348	0.00394571
1.06979	0.00351976
1.07435	0.00350545
1.07222	0.00348582
1.08712	0.0034448
1.09251	0.00327872
1.11697	0.00349294
1.15023	0.0050278
 FCN=9.25988 FROM MIGRAD    STATUS=CONVERGED      36 CALLS          37 TOTAL
                     EDM=1.11131e-16    STRATEGY= 1      ERROR MATRIX ACCURATE 
  EXT PARAMETER                                   STEP         FIRST   
  NO.   NAME      VALUE            ERROR          SIZE      DERIVATIVE 
   1  p0           1.06755e+00   1.78131e-03   2.00673e-06  -1.95187e-06
   2  p1           2.14206e-02   1.25696e-03   1.41603e-06  -1.36109e-05
SaveSource cannot open file: /home/zhangfy/nl_target/toyMC/results/data_16733.C
1.07253	0.00394222
1.06983	0.00351989
1.06879	0.00348732
1.08229	0.00351857
1.07966	0.00342116
1.09417	0.0032837
1.12147	0.00350699
1.14101	0.00498749
 FCN=5.91424 FROM MIGRAD    STATUS=CONVERGED      36 CALLS          37 TOTAL
                     EDM=1.47353e-15    STRATEGY= 1      ERROR MATRIX ACCURATE 
  EXT PARAMETER                                   STEP         FIRST   
  NO.   NAME      VALUE            ERROR          SIZE      DERIVATIVE 
   1  p0           1.06762e+00   1.77921e-03   1.64695e-06   9.45774e-06
   2  p1           2.10688e-02   1.25351e-03   1.16033e-06   5.15151e-05
SaveSource cannot open file: /home/zhangfy/nl_target/toyMC/results/data_16734.C
1.07232	0.00394141
1.06655	0.00350912
1.07449	0.00350591
1.08047	0.00351264
1.08304	0.00343186
1.09133	0.00327519
1.118	0.00349614
1.14369	0.00499922
 FCN=3.50771 FROM MIGRAD    STATUS=CONVERGED      36 CALLS          37 TOTAL
                     EDM=3.24508e-16    STRATEGY= 1      ERROR MATRIX ACCURATE 
  EXT PARAMETER                                   STEP         FIRST   
  NO.   NAME      VALUE            ERROR          SIZE      DERIVATIVE 
   1  p0           1.06790e+00   1.78009e-03   1.32959e-06   1.05612e-05
   2  p1           2.06004e-02   1.25385e-03   9.36527e-07  -6.81052e-06
SaveSource cannot open file: /home/zhangfy/nl_target/toyMC/results/data_16735.C
1.06534	0.00391577
1.06353	0.00349916
1.07043	0.00349266
1.07816	0.00350516
1.08238	0.00342979
1.09487	0.00328581
1.12574	0.00352036
1.14346	0.00499821
 FCN=9.08484 FROM MIGRAD    STATUS=CONVERGED      36 CALLS          37 TOTAL
                     EDM=2.56138e-16    STRATEGY= 1      ERROR MATRIX ACCURATE 
  EXT PARAMETER                                   STEP         FIRST   
  NO.   NAME      VALUE            ERROR          SIZE      DERIVATIVE 
   1  p0           1.06449e+00   1.77550e-03   1.98763e-06   9.95365e-06
   2  p1           2.35272e-02   1.25498e-03   1.40492e-06  -5.15236e-06
SaveSource cannot open file: /home/zhangfy/nl_target/toyMC/results/data_16736.C
1.06668	0.00392069
1.07027	0.00352135
1.06903	0.0034881
1.08002	0.00351118
1.08434	0.003436
1.09515	0.00328666
1.11839	0.00349738
1.15982	0.00506972
 FCN=8.67247 FROM MIGRAD    STATUS=CONVERGED      36 CALLS          37 TOTAL
                     EDM=1.52441e-16    STRATEGY= 1      ERROR MATRIX ACCURATE 
  EXT PARAMETER                                   STEP         FIRST   
  NO.   NAME      VALUE            ERROR          SIZE      DERIVATIVE 
   1  p0           1.06551e+00   1.78055e-03   1.94924e-06  -6.55003e-06
   2  p1           2.40150e-02   1.26146e-03   1.38097e-06   5.72408e-06
SaveSource cannot open file: /home/zhangfy/nl_target/toyMC/results/data_16737.C
1.06956	0.0039313
1.0724	0.00352836
1.07049	0.00349285
1.07346	0.00348985
1.0856	0.00343998
1.08944	0.00326953
1.12199	0.00350864
1.1527	0.00503862
 FCN=4.87256 FROM MIGRAD    STATUS=CONVERGED      36 CALLS          37 TOTAL
                     EDM=1.09637e-16    STRATEGY= 1      ERROR MATRIX ACCURATE 
  EXT PARAMETER                                   STEP         FIRST   
  NO.   NAME      VALUE            ERROR          SIZE      DERIVATIVE 
   1  p0           1.06557e+00   1.77991e-03   1.51779e-06   7.16551e-06
   2  p1           2.31743e-02   1.25946e-03   1.07399e-06  -2.19772e-06
SaveSource cannot open file: /home/zhangfy/nl_target/toyMC/results/data_16738.C
1.0728	0.0039432
1.07038	0.0035217
1.07365	0.00350316
1.07609	0.0034984
1.08063	0.00342423
1.09548	0.00328764
1.11745	0.00349442
1.15143	0.00503308
 FCN=4.59108 FROM MIGRAD    STATUS=CONVERGED      36 CALLS          37 TOTAL
                     EDM=4.79624e-17    STRATEGY= 1      ERROR MATRIX ACCURATE 
  EXT PARAMETER                                   STEP         FIRST   
  NO.   NAME      VALUE            ERROR          SIZE      DERIVATIVE 
   1  p0           1.06722e+00   1.78112e-03   1.48154e-06   6.99464e-06
   2  p1           2.18934e-02   1.25768e-03   1.04614e-06   9.98647e-06
SaveSource cannot open file: /home/zhangfy/nl_target/toyMC/results/data_16739.C
1.06828	0.00392659
1.07373	0.00353273
1.06745	0.00348292
1.07753	0.00350308
1.0726	0.00339879
1.08626	0.00325999
1.11752	0.00349465
1.15161	0.00503383
 FCN=7.69967 FROM MIGRAD    STATUS=CONVERGED      34 CALLS          35 TOTAL
                     EDM=1.5981e-15    STRATEGY= 1      ERROR MATRIX ACCURATE 
  EXT PARAMETER                                   STEP         FIRST   
  NO.   NAME      VALUE            ERROR          SIZE      DERIVATIVE 
   1  p0           1.06324e+00   1.77669e-03   1.84259e-06  -9.74416e-06
   2  p1           2.26821e-02   1.25713e-03   1.30376e-06   3.43091e-05
SaveSource cannot open file: /home/zhangfy/nl_target/toyMC/results/data_16740.C
1.06755	0.00392391
1.07116	0.00352427
1.07666	0.00351297
1.07807	0.00350484
1.08233	0.00342964
1.09155	0.00327584
1.12051	0.003504
1.14313	0.00499676
 FCN=1.73173 FROM MIGRAD    STATUS=CONVERGED      36 CALLS          37 TOTAL
                     EDM=5.79423e-17    STRATEGY= 1      ERROR MATRIX ACCURATE 
  EXT PARAMETER                                   STEP         FIRST   
  NO.   NAME      VALUE            ERROR          SIZE      DERIVATIVE 
   1  p0           1.06789e+00   1.78022e-03   1.03533e-06  -4.93528e-06
   2  p1           2.09252e-02   1.25444e-03   7.29552e-07  -1.17961e-05
SaveSource cannot open file: /home/zhangfy/nl_target/toyMC/results/data_16741.C
1.06872	0.00392821
1.07248	0.00352861
1.06628	0.00347911
1.07947	0.00350942
1.07862	0.00341788
1.09101	0.00327424
1.11838	0.00349736
1.15288	0.0050394
 FCN=5.11798 FROM MIGRAD    STATUS=CONVERGED      36 CALLS          37 TOTAL
                     EDM=8.9103e-17    STRATEGY= 1      ERROR MATRIX ACCURATE 
  EXT PARAMETER                                   STEP         FIRST   
  NO.   NAME      VALUE            ERROR          SIZE      DERIVATIVE 
   1  p0           1.06475e+00   1.77842e-03   1.54770e-06   5.68707e-06
   2  p1           2.29384e-02   1.25807e-03   1.09485e-06  -3.31590e-06
SaveSource cannot open file: /home/zhangfy/nl_target/toyMC/results/data_16742.C
1.06984	0.00393231
1.07747	0.00354505
1.07313	0.00350147
1.07588	0.00349771
1.08265	0.00343063
1.09144	0.00327553
1.11856	0.00349789
1.14057	0.0049856
 FCN=3.15509 FROM MIGRAD    STATUS=CONVERGED      36 CALLS          37 TOTAL
                     EDM=4.73245e-16    STRATEGY= 1      ERROR MATRIX ACCURATE 
  EXT PARAMETER                                   STEP         FIRST   
  NO.   NAME      VALUE            ERROR          SIZE      DERIVATIVE 
   1  p0           1.06898e+00   1.78110e-03   1.27680e-06   8.52579e-06
   2  p1           1.97304e-02   1.25296e-03   8.98194e-07  -1.45423e-05
SaveSource cannot open file: /home/zhangfy/nl_target/toyMC/results/data_16743.C
1.06792	0.00392526
1.07171	0.00352608
1.08085	0.00352666
1.08214	0.00351808
1.08314	0.00343219
1.08871	0.00326733
1.12062	0.00350436
1.14501	0.00500499
 FCN=5.31798 FROM MIGRAD    STATUS=CONVERGED      36 CALLS          37 TOTAL
                     EDM=3.18923e-15    STRATEGY= 1      ERROR MATRIX ACCURATE 
  EXT PARAMETER                                   STEP         FIRST   
  NO.   NAME      VALUE            ERROR          SIZE      DERIVATIVE 
   1  p0           1.06935e+00   1.78291e-03   1.57603e-06  -1.66037e-05
   2  p1           2.04887e-02   1.25595e-03   1.11021e-06   4.49305e-05
SaveSource cannot open file: /home/zhangfy/nl_target/toyMC/results/data_16744.C
1.06932	0.0039304
1.07008	0.00352071
1.08036	0.00352505
1.08012	0.0035115
1.08105	0.00342556
1.09529	0.00328709
1.11722	0.00349371
1.1397	0.00498181
 FCN=5.57437 FROM MIGRAD    STATUS=CONVERGED      36 CALLS          37 TOTAL
                     EDM=1.45022e-17    STRATEGY= 1      ERROR MATRIX ACCURATE 
  EXT PARAMETER                                   STEP         FIRST   
  NO.   NAME      VALUE            ERROR          SIZE      DERIVATIVE 
   1  p0           1.06998e+00   1.78164e-03   1.60699e-06  -3.95455e-06
   2  p1           1.93427e-02   1.25203e-03   1.12930e-06  -5.34025e-06
SaveSource cannot open file: /home/zhangfy/nl_target/toyMC/results/data_16745.C
1.06877	0.00392839
1.06977	0.0035197
1.07457	0.00350617
1.07645	0.00349959
1.08152	0.00342707
1.08763	0.0032641
1.1219	0.00350835
1.14182	0.00499104
 FCN=2.11074 FROM MIGRAD    STATUS=CONVERGED      36 CALLS          37 TOTAL
                     EDM=2.61779e-15    STRATEGY= 1      ERROR MATRIX ACCURATE 
  EXT PARAMETER                                   STEP         FIRST   
  NO.   NAME      VALUE            ERROR          SIZE      DERIVATIVE 
   1  p0           1.06641e+00   1.77837e-03   1.10364e-06   1.30868e-05
   2  p1           2.12495e-02   1.25399e-03   7.78211e-07  -4.32627e-05
SaveSource cannot open file: /home/zhangfy/nl_target/toyMC/results/data_16746.C
1.06807	0.0039258
1.07133	0.00352483
1.0692	0.00348864
1.08369	0.00352313
1.08076	0.00342466
1.09113	0.00327459
1.12092	0.0035053
1.151	0.00503118
 FCN=4.06866 FROM MIGRAD    STATUS=CONVERGED      36 CALLS          37 TOTAL
                     EDM=3.31815e-16    STRATEGY= 1      ERROR MATRIX ACCURATE 
  EXT PARAMETER                                   STEP         FIRST   
  NO.   NAME      VALUE            ERROR          SIZE      DERIVATIVE 
   1  p0           1.06628e+00   1.78004e-03   1.41039e-06   1.12550e-05
   2  p1           2.26768e-02   1.25819e-03   9.96913e-07  -5.91799e-06
SaveSource cannot open file: /home/zhangfy/nl_target/toyMC/results/data_16747.C
1.07154	0.00393857
1.07504	0.00353705
1.07143	0.00349592
1.07151	0.00348353
1.08354	0.00343344
1.09346	0.00328158
1.11111	0.00347462
1.1553	0.00504999
 FCN=16.7092 FROM MIGRAD    STATUS=CONVERGED      36 CALLS          37 TOTAL
                     EDM=1.66251e-17    STRATEGY= 1      ERROR MATRIX ACCURATE 
  EXT PARAMETER                                   STEP         FIRST   
  NO.   NAME      VALUE            ERROR          SIZE      DERIVATIVE 
   1  p0           1.06690e+00   1.78131e-03   2.63445e-06   3.76922e-06
   2  p1           2.12425e-02   1.25756e-03   1.85985e-06   6.20820e-06
SaveSource cannot open file: /home/zhangfy/nl_target/toyMC/results/data_16748.C
1.06869	0.00392809
1.07446	0.00353514
1.07175	0.00349697
1.07761	0.00350337
1.0755	0.00340797
1.09499	0.00328618
1.12159	0.00350737
1.13705	0.00497022
 FCN=7.80333 FROM MIGRAD    STATUS=CONVERGED      36 CALLS          37 TOTAL
                     EDM=1.14033e-15    STRATEGY= 1      ERROR MATRIX ACCURATE 
  EXT PARAMETER                                   STEP         FIRST   
  NO.   NAME      VALUE            ERROR          SIZE      DERIVATIVE 
   1  p0           1.06744e+00   1.77820e-03   1.85714e-06  -2.38049e-05
   2  p1           2.05056e-02   1.25162e-03   1.30719e-06   5.91127e-06
SaveSource cannot open file: /home/zhangfy/nl_target/toyMC/results/data_16749.C
1.06833	0.00392676
1.07213	0.00352748
1.07736	0.00351527
1.08014	0.00351159
1.08855	0.00344935
1.09511	0.00328653
1.11799	0.00349613
1.147	0.00501372
 FCN=5.77159 FROM MIGRAD    STATUS=CONVERGED      36 CALLS          37 TOTAL
                     EDM=2.40899e-15    STRATEGY= 1      ERROR MATRIX ACCURATE 
  EXT PARAMETER                                   STEP         FIRST   
  NO.   NAME      VALUE            ERROR          SIZE      DERIVATIVE 
   1  p0           1.07020e+00   1.78362e-03   1.63295e-06   1.80851e-05
   2  p1           2.05234e-02   1.25597e-03   1.14987e-06  -3.42662e-05
SaveSource cannot open file: /home/zhangfy/nl_target/toyMC/results/data_16750.C
1.07047	0.00393462
1.07098	0.00352368
1.07218	0.00349837
1.08373	0.00352325
1.08023	0.00342295
1.08748	0.00326363
1.12044	0.00350378
1.15308	0.00504026
 FCN=4.74272 FROM MIGRAD    STATUS=CONVERGED      36 CALLS          37 TOTAL
                     EDM=5.21697e-16    STRATEGY= 1      ERROR MATRIX ACCURATE 
  EXT PARAMETER                                   STEP         FIRST   
  NO.   NAME      VALUE            ERROR          SIZE      DERIVATIVE 
   1  p0           1.06655e+00   1.78134e-03   1.50131e-06   1.10481e-05
   2  p1           2.24506e-02   1.25944e-03   1.06146e-06  -1.22061e-05
SaveSource cannot open file: /home/zhangfy/nl_target/toyMC/results/data_16751.C
1.08421	0.00398513
1.07024	0.00352125
1.07765	0.0035162
1.0811	0.00351471
1.08211	0.00342893
1.09359	0.00328197
1.1135	0.00348209
1.13803	0.0049745
 FCN=9.16314 FROM MIGRAD    STATUS=CONVERGED      36 CALLS          37 TOTAL
                     EDM=1.2734e-16    STRATEGY= 1      ERROR MATRIX ACCURATE 
  EXT PARAMETER                                   STEP         FIRST   
  NO.   NAME      VALUE            ERROR          SIZE      DERIVATIVE 
   1  p0           1.07276e+00   1.78520e-03   1.99925e-06   1.08754e-05
   2  p1           1.71740e-02   1.25112e-03   1.40112e-06   4.60848e-06
SaveSource cannot open file: /home/zhangfy/nl_target/toyMC/results/data_16752.C
1.07502	0.00395136
1.07671	0.00354253
1.06746	0.00348295
1.07251	0.00348679
1.07872	0.00341819
1.08226	0.00324796
1.11806	0.00349635
1.14169	0.00499047
 FCN=12.4624 FROM MIGRAD    STATUS=CONVERGED      36 CALLS          37 TOTAL
                     EDM=1.15662e-16    STRATEGY= 1      ERROR MATRIX ACCURATE 
  EXT PARAMETER                                   STEP         FIRST   
  NO.   NAME      VALUE            ERROR          SIZE      DERIVATIVE 
   1  p0           1.06577e+00   1.77812e-03   2.29244e-06   6.05371e-06
   2  p1           2.02005e-02   1.25313e-03   1.61560e-06  -4.48049e-06
SaveSource cannot open file: /home/zhangfy/nl_target/toyMC/results/data_16753.C
1.07348	0.0039457
1.07481	0.00353627
1.07235	0.00349892
1.08011	0.00351148
1.08162	0.00342737
1.08747	0.00326361
1.11921	0.00349993
1.14797	0.00501795
 FCN=2.80856 FROM MIGRAD    STATUS=CONVERGED      36 CALLS          37 TOTAL
                     EDM=4.61199e-15    STRATEGY= 1      ERROR MATRIX ACCURATE 
  EXT PARAMETER                                   STEP         FIRST   
  NO.   NAME      VALUE            ERROR          SIZE      DERIVATIVE 
   1  p0           1.06819e+00   1.78236e-03   1.22273e-06  -2.32572e-05
   2  p1           2.08542e-02   1.25701e-03   8.62335e-07   4.97347e-05
SaveSource cannot open file: /home/zhangfy/nl_target/toyMC/results/data_16754.C
1.07149	0.00393838
1.07213	0.00352748
1.06919	0.00348859
1.0803	0.00351209
1.081	0.00342542
1.09265	0.00327916
1.11123	0.00347499
1.14293	0.00499591
 FCN=5.59152 FROM MIGRAD    STATUS=CONVERGED      36 CALLS          37 TOTAL
                     EDM=5.00373e-15    STRATEGY= 1      ERROR MATRIX ACCURATE 
  EXT PARAMETER                                   STEP         FIRST   
  NO.   NAME      VALUE            ERROR          SIZE      DERIVATIVE 
   1  p0           1.06807e+00   1.77954e-03   1.60617e-06  -3.63308e-05
   2  p1           1.92793e-02   1.25129e-03   1.12938e-06   3.49076e-05
SaveSource cannot open file: /home/zhangfy/nl_target/toyMC/results/data_16755.C
1.07341	0.00394543
1.06609	0.00350761
1.07663	0.00351288
1.08635	0.00353175
1.08223	0.00342929
1.09211	0.00327753
1.11691	0.00349275
1.15123	0.00503217
 FCN=10.2774 FROM MIGRAD    STATUS=CONVERGED      36 CALLS          37 TOTAL
                     EDM=1.14272e-15    STRATEGY= 1      ERROR MATRIX ACCURATE 
  EXT PARAMETER                                   STEP         FIRST   
  NO.   NAME      VALUE            ERROR          SIZE      DERIVATIVE 
   1  p0           1.06884e+00   1.78314e-03   2.10584e-06   3.29507e-05
   2  p1           2.11296e-02   1.25764e-03   1.48524e-06   1.47259e-05
SaveSource cannot open file: /home/zhangfy/nl_target/toyMC/results/data_16756.C
1.0653	0.00391564
1.07185	0.00352654
1.07455	0.00350611
1.08337	0.00352209
1.08132	0.00342641
1.09259	0.00327899
1.11638	0.00349109
1.14716	0.00501441
 FCN=5.15375 FROM MIGRAD    STATUS=CONVERGED      36 CALLS          37 TOTAL
                     EDM=4.78837e-15    STRATEGY= 1      ERROR MATRIX ACCURATE 
  EXT PARAMETER                                   STEP         FIRST   
  NO.   NAME      VALUE            ERROR          SIZE      DERIVATIVE 
   1  p0           1.06794e+00   1.78069e-03   1.55393e-06  -2.82497e-06
   2  p1           2.08793e-02   1.25500e-03   1.09518e-06  -8.07033e-05
SaveSource cannot open file: /home/zhangfy/nl_target/toyMC/results/data_16757.C
1.07344	0.00394554
1.06733	0.00351167
1.07311	0.00350139
1.08417	0.00352467
1.07744	0.00341412
1.09304	0.00328034
1.11854	0.00349785
1.14821	0.00501898
 FCN=6.79701 FROM MIGRAD    STATUS=CONVERGED      36 CALLS          37 TOTAL
                     EDM=3.01052e-16    STRATEGY= 1      ERROR MATRIX ACCURATE 
  EXT PARAMETER                                   STEP         FIRST   
  NO.   NAME      VALUE            ERROR          SIZE      DERIVATIVE 
   1  p0           1.06739e+00   1.78069e-03   1.74922e-06   1.26215e-05
   2  p1           2.14934e-02   1.25637e-03   1.23416e-06  -2.26873e-06
SaveSource cannot open file: /home/zhangfy/nl_target/toyMC/results/data_16758.C
1.07029	0.00393398
1.06787	0.00351344
1.07515	0.00350804
1.08498	0.00352732
1.07273	0.00339921
1.08894	0.00326803
1.11824	0.0034969
1.14547	0.00500703
 FCN=10.4351 FROM MIGRAD    STATUS=CONVERGED      36 CALLS          37 TOTAL
                     EDM=2.13865e-17    STRATEGY= 1      ERROR MATRIX ACCURATE 
  EXT PARAMETER                                   STEP         FIRST   
  NO.   NAME      VALUE            ERROR          SIZE      DERIVATIVE 
   1  p0           1.06636e+00   1.77901e-03   2.11565e-06   2.32156e-06
   2  p1           2.11138e-02   1.25476e-03   1.49220e-06   6.92531e-06
SaveSource cannot open file: /home/zhangfy/nl_target/toyMC/results/data_16759.C
1.07146	0.00393827
1.07542	0.00353829
1.07668	0.00351305
1.07832	0.00350565
1.07951	0.00342069
1.09172	0.00327637
1.11633	0.00349093
1.14104	0.00498764
 FCN=1.25499 FROM MIGRAD    STATUS=CONVERGED      38 CALLS          39 TOTAL
                     EDM=2.02301e-16    STRATEGY= 1      ERROR MATRIX ACCURATE 
  EXT PARAMETER                                   STEP         FIRST   
  NO.   NAME      VALUE            ERROR          SIZE      DERIVATIVE 
   1  p0           1.06961e+00   1.78199e-03   9.40644e-07   8.45247e-06
   2  p1           1.91329e-02   1.25273e-03   6.61266e-07  -5.17868e-06
SaveSource cannot open file: /home/zhangfy/nl_target/toyMC/results/data_16760.C
1.06922	0.00393005
1.07159	0.0035257
1.07479	0.00350687
1.07925	0.00350867
1.07935	0.00342019
1.09366	0.00328218
1.11246	0.00347881
1.14514	0.00500555
 FCN=4.37001 FROM MIGRAD    STATUS=CONVERGED      34 CALLS          35 TOTAL
                     EDM=5.11506e-17    STRATEGY= 1      ERROR MATRIX ACCURATE 
  EXT PARAMETER                                   STEP         FIRST   
  NO.   NAME      VALUE            ERROR          SIZE      DERIVATIVE 
   1  p0           1.06810e+00   1.78025e-03   1.45043e-06  -2.60711e-06
   2  p1           1.97905e-02   1.25288e-03   1.02076e-06   5.04885e-06
SaveSource cannot open file: /home/zhangfy/nl_target/toyMC/results/data_16761.C
1.0716	0.00393878
1.07715	0.00354397
1.07638	0.00351206
1.07485	0.00349439
1.07871	0.00341815
1.09518	0.00328676
1.11793	0.00349595
1.14798	0.00501798
 FCN=6.18977 FROM MIGRAD    STATUS=CONVERGED      36 CALLS          37 TOTAL
                     EDM=2.59671e-16    STRATEGY= 1      ERROR MATRIX ACCURATE 
  EXT PARAMETER                                   STEP         FIRST   
  NO.   NAME      VALUE            ERROR          SIZE      DERIVATIVE 
   1  p0           1.06881e+00   1.78277e-03   1.68084e-06  -1.57797e-05
   2  p1           2.07662e-02   1.25674e-03   1.18488e-06  -7.22608e-06
SaveSource cannot open file: /home/zhangfy/nl_target/toyMC/results/data_16762.C
1.07384	0.00394702
1.06902	0.00351724
1.06989	0.00349088
1.07562	0.0034969
1.08009	0.00342252
1.09289	0.00327987
1.1184	0.00349739
1.15053	0.00502914
 FCN=3.92767 FROM MIGRAD    STATUS=CONVERGED      34 CALLS          35 TOTAL
                     EDM=1.78541e-16    STRATEGY= 1      ERROR MATRIX ACCURATE 
  EXT PARAMETER                                   STEP         FIRST   
  NO.   NAME      VALUE            ERROR          SIZE      DERIVATIVE 
   1  p0           1.06576e+00   1.77920e-03   1.38953e-06  -5.24539e-06
   2  p1           2.23183e-02   1.25721e-03   9.81860e-07  -1.91942e-05
SaveSource cannot open file: /home/zhangfy/nl_target/toyMC/results/data_16763.C
1.06824	0.00392642
1.07727	0.00354438
1.07436	0.00350547
1.07342	0.00348974
1.085	0.00343809
1.08801	0.00326524
1.11657	0.00349167
1.14282	0.00499541
 FCN=6.58101 FROM MIGRAD    STATUS=CONVERGED      36 CALLS          37 TOTAL
                     EDM=1.45716e-15    STRATEGY= 1      ERROR MATRIX ACCURATE 
  EXT PARAMETER                                   STEP         FIRST   
  NO.   NAME      VALUE            ERROR          SIZE      DERIVATIVE 
   1  p0           1.06826e+00   1.78076e-03   1.72354e-06   6.33200e-06
   2  p1           1.97611e-02   1.25336e-03   1.21308e-06   4.88264e-05
SaveSource cannot open file: /home/zhangfy/nl_target/toyMC/results/data_16764.C
1.07481	0.00395058
1.07062	0.00352249
1.07351	0.00350271
1.07438	0.00349285
1.08626	0.00344209
1.09356	0.00328188
1.12313	0.00351219
1.14382	0.00499979
 FCN=5.86325 FROM MIGRAD    STATUS=CONVERGED      34 CALLS          35 TOTAL
                     EDM=1.77652e-15    STRATEGY= 1      ERROR MATRIX ACCURATE 
  EXT PARAMETER                                   STEP         FIRST   
  NO.   NAME      VALUE            ERROR          SIZE      DERIVATIVE 
   1  p0           1.06853e+00   1.78149e-03   1.64261e-06  -6.20196e-06
   2  p1           2.13287e-02   1.25594e-03   1.15803e-06   4.09373e-05
SaveSource cannot open file: /home/zhangfy/nl_target/toyMC/results/data_16765.C
1.06362	0.00390946
1.06685	0.00351009
1.0743	0.00350527
1.07724	0.00350216
1.07808	0.00341617
1.08753	0.0032638
1.1178	0.00349552
1.14474	0.00500384
 FCN=2.58428 FROM MIGRAD    STATUS=CONVERGED      36 CALLS          37 TOTAL
                     EDM=1.70014e-16    STRATEGY= 1      ERROR MATRIX ACCURATE 
  EXT PARAMETER                                   STEP         FIRST   
  NO.   NAME      VALUE            ERROR          SIZE      DERIVATIVE 
   1  p0           1.06412e+00   1.77550e-03   1.18277e-06   9.48113e-06
   2  p1           2.18317e-02   1.25338e-03   8.34960e-07  -1.76846e-06
SaveSource cannot open file: /home/zhangfy/nl_target/toyMC/results/data_16766.C
1.06838	0.00392693
1.07002	0.00352054
1.07151	0.00349618
1.07601	0.00349815
1.07879	0.00341842
1.09875	0.00329746
1.12193	0.00350844
1.14386	0.00499996
 FCN=7.45636 FROM MIGRAD    STATUS=CONVERGED      36 CALLS          37 TOTAL
                     EDM=5.10891e-16    STRATEGY= 1      ERROR MATRIX ACCURATE 
  EXT PARAMETER                                   STEP         FIRST   
  NO.   NAME      VALUE            ERROR          SIZE      DERIVATIVE 
   1  p0           1.06642e+00   1.77810e-03   1.82123e-06   6.57880e-06
   2  p1           2.22263e-02   1.25476e-03   1.28520e-06  -1.81150e-05
SaveSource cannot open file: /home/zhangfy/nl_target/toyMC/results/data_16767.C
1.07079	0.00393582
1.07315	0.00353082
1.07558	0.00350947
1.08137	0.00351558
1.08435	0.00343601
1.0916	0.00327601
1.12041	0.00350369
1.14925	0.00502352
 FCN=0.860489 FROM MIGRAD    STATUS=CONVERGED      38 CALLS          39 TOTAL
                     EDM=6.42043e-17    STRATEGY= 1      ERROR MATRIX ACCURATE 
  EXT PARAMETER                                   STEP         FIRST   
  NO.   NAME      VALUE            ERROR          SIZE      DERIVATIVE 
   1  p0           1.06914e+00   1.78351e-03   8.55669e-07   4.67343e-06
   2  p1           2.12749e-02   1.25800e-03   6.03547e-07   1.22350e-05
SaveSource cannot open file: /home/zhangfy/nl_target/toyMC/results/data_16768.C
1.07102	0.00393664
1.07211	0.00352741
1.07519	0.0035082
1.08042	0.0035125
1.08718	0.00344498
1.09288	0.00327983
1.11853	0.00349782
1.1462	0.00501021
 FCN=2.50835 FROM MIGRAD    STATUS=CONVERGED      36 CALLS          37 TOTAL
                     EDM=1.11674e-16    STRATEGY= 1      ERROR MATRIX ACCURATE 
  EXT PARAMETER                                   STEP         FIRST   
  NO.   NAME      VALUE            ERROR          SIZE      DERIVATIVE 
   1  p0           1.06978e+00   1.78319e-03   1.17486e-06   1.39031e-06
   2  p1           2.04631e-02   1.25579e-03   8.27391e-07  -1.04462e-05
SaveSource cannot open file: /home/zhangfy/nl_target/toyMC/results/data_16769.C
1.07164	0.00393892
1.07373	0.00353273
1.0724	0.00349906
1.07828	0.00350553
1.08732	0.00344542
1.08712	0.00326257
1.1185	0.00349772
1.14961	0.00502513
 FCN=5.80673 FROM MIGRAD    STATUS=CONVERGED      36 CALLS          37 TOTAL
                     EDM=2.24951e-17    STRATEGY= 1      ERROR MATRIX ACCURATE 
  EXT PARAMETER                                   STEP         FIRST   
  NO.   NAME      VALUE            ERROR          SIZE      DERIVATIVE 
   1  p0           1.06812e+00   1.78239e-03   1.63489e-06  -1.45323e-06
   2  p1           2.10923e-02   1.25741e-03   1.15335e-06   3.69448e-06
SaveSource cannot open file: /home/zhangfy/nl_target/toyMC/results/data_16770.C
1.0757	0.00395386
1.06924	0.00351795
1.07205	0.00349795
1.077	0.00350136
1.07955	0.00342083
1.08927	0.00326902
1.11699	0.003493
1.15084	0.00503049
 FCN=4.56507 FROM MIGRAD    STATUS=CONVERGED      36 CALLS          37 TOTAL
                     EDM=1.97518e-15    STRATEGY= 1      ERROR MATRIX ACCURATE 
  EXT PARAMETER                                   STEP         FIRST   
  NO.   NAME      VALUE            ERROR          SIZE      DERIVATIVE 
   1  p0           1.06636e+00   1.78034e-03   1.47655e-06   7.38218e-06
   2  p1           2.16050e-02   1.25725e-03   1.04272e-06   5.66760e-05
SaveSource cannot open file: /home/zhangfy/nl_target/toyMC/results/data_16771.C
1.06771	0.00392447
1.06864	0.00351597
1.07564	0.00350965
1.07755	0.00350316
1.08279	0.0034311
1.09141	0.00327544
1.12169	0.0035077
1.14758	0.00501622
 FCN=1.7622 FROM MIGRAD    STATUS=CONVERGED      36 CALLS          37 TOTAL
                     EDM=1.35319e-16    STRATEGY= 1      ERROR MATRIX ACCURATE 
  EXT PARAMETER                                   STEP         FIRST   
  NO.   NAME      VALUE            ERROR          SIZE      DERIVATIVE 
   1  p0           1.06657e+00   1.77962e-03   1.04104e-06  -6.81004e-06
   2  p1           2.22426e-02   1.25676e-03   7.35176e-07   4.40811e-06
SaveSource cannot open file: /home/zhangfy/nl_target/toyMC/results/data_16772.C
1.0708	0.00393586
1.07093	0.00352353
1.0823	0.00353137
1.07958	0.00350975
1.08256	0.00343034
1.08796	0.00326508
1.11798	0.00349611
1.14938	0.00502412
 FCN=7.2316 FROM MIGRAD    STATUS=CONVERGED      36 CALLS          37 TOTAL
                     EDM=3.87448e-15    STRATEGY= 1      ERROR MATRIX ACCURATE 
  EXT PARAMETER                                   STEP         FIRST   
  NO.   NAME      VALUE            ERROR          SIZE      DERIVATIVE 
   1  p0           1.06904e+00   1.78364e-03   1.79859e-06   2.92589e-06
   2  p1           2.05859e-02   1.25746e-03   1.26800e-06  -6.70598e-05
SaveSource cannot open file: /home/zhangfy/nl_target/toyMC/results/data_16773.C
1.06946	0.00393092
1.06937	0.0035184
1.07502	0.00350763
1.08284	0.00352036
1.08528	0.00343897
1.09376	0.00328249
1.11559	0.00348861
1.13705	0.00497022
 FCN=5.18348 FROM MIGRAD    STATUS=CONVERGED      36 CALLS          37 TOTAL
                     EDM=7.64191e-17    STRATEGY= 1      ERROR MATRIX ACCURATE 
  EXT PARAMETER                                   STEP         FIRST   
  NO.   NAME      VALUE            ERROR          SIZE      DERIVATIVE 
   1  p0           1.07013e+00   1.78080e-03   1.55783e-06  -5.39207e-06
   2  p1           1.87212e-02   1.24992e-03   1.09342e-06  -1.35247e-05
SaveSource cannot open file: /home/zhangfy/nl_target/toyMC/results/data_16774.C
1.06433	0.00391206
1.06657	0.00350918
1.07225	0.00349859
1.07672	0.00350046
1.08052	0.00342388
1.09012	0.00327156
1.12317	0.00351234
1.14473	0.00500378
 FCN=2.54516 FROM MIGRAD    STATUS=CONVERGED      36 CALLS          37 TOTAL
                     EDM=5.51599e-16    STRATEGY= 1      ERROR MATRIX ACCURATE 
  EXT PARAMETER                                   STEP         FIRST   
  NO.   NAME      VALUE            ERROR          SIZE      DERIVATIVE 
   1  p0           1.06415e+00   1.77574e-03   1.17752e-06   1.47372e-05
   2  p1           2.29689e-02   1.25504e-03   8.32237e-07   3.62187e-05
SaveSource cannot open file: /home/zhangfy/nl_target/toyMC/results/data_16775.C
1.06741	0.00392339
1.07034	0.00352158
1.07511	0.00350794
1.07859	0.00350655
1.08187	0.00342815
1.09081	0.00327362
1.1143	0.00348459
1.1486	0.00502068
 FCN=3.67739 FROM MIGRAD    STATUS=CONVERGED      36 CALLS          37 TOTAL
                     EDM=1.0924e-15    STRATEGY= 1      ERROR MATRIX ACCURATE 
  EXT PARAMETER                                   STEP         FIRST   
  NO.   NAME      VALUE            ERROR          SIZE      DERIVATIVE 
   1  p0           1.06704e+00   1.77994e-03   1.35362e-06  -2.38838e-05
   2  p1           2.08558e-02   1.25498e-03   9.54398e-07   4.64145e-06
SaveSource cannot open file: /home/zhangfy/nl_target/toyMC/results/data_16776.C
1.07125	0.0039375
1.07839	0.00354807
1.0734	0.00350233
1.07246	0.00348662
1.08074	0.00342457
1.09323	0.00328088
1.11227	0.00347824
1.14843	0.00501997
 FCN=11.1394 FROM MIGRAD    STATUS=CONVERGED      36 CALLS          37 TOTAL
                     EDM=3.17062e-16    STRATEGY= 1      ERROR MATRIX ACCURATE 
  EXT PARAMETER                                   STEP         FIRST   
  NO.   NAME      VALUE            ERROR          SIZE      DERIVATIVE 
   1  p0           1.06828e+00   1.78177e-03   2.18140e-06   9.77183e-06
   2  p1           1.99290e-02   1.25495e-03   1.53642e-06  -7.77234e-06
SaveSource cannot open file: /home/zhangfy/nl_target/toyMC/results/data_16777.C
1.07621	0.00395574
1.07358	0.00353225
1.07442	0.00350568
1.08247	0.00351914
1.07876	0.00341832
1.09597	0.00328911
1.12079	0.00350488
1.14754	0.00501604
 FCN=3.85659 FROM MIGRAD    STATUS=CONVERGED      36 CALLS          37 TOTAL
                     EDM=1.15445e-15    STRATEGY= 1      ERROR MATRIX ACCURATE 
  EXT PARAMETER                                   STEP         FIRST   
  NO.   NAME      VALUE            ERROR          SIZE      DERIVATIVE 
   1  p0           1.06992e+00   1.78420e-03   1.38305e-06  -2.41784e-05
   2  p1           2.09272e-02   1.25762e-03   9.74860e-07   5.35034e-06
SaveSource cannot open file: /home/zhangfy/nl_target/toyMC/results/data_16778.C
1.07518	0.00395194
1.07607	0.00354042
1.07559	0.00350948
1.07596	0.003498
1.0759	0.00340924
1.09532	0.00328715
1.12442	0.00351624
1.14693	0.00501338
 FCN=7.62446 FROM MIGRAD    STATUS=CONVERGED      36 CALLS          37 TOTAL
                     EDM=2.24317e-15    STRATEGY= 1      ERROR MATRIX ACCURATE 
  EXT PARAMETER                                   STEP         FIRST   
  NO.   NAME      VALUE            ERROR          SIZE      DERIVATIVE 
   1  p0           1.06853e+00   1.78289e-03   1.84208e-06   3.58125e-05
   2  p1           2.17751e-02   1.25844e-03   1.30022e-06  -3.50088e-06
SaveSource cannot open file: /home/zhangfy/nl_target/toyMC/results/data_16779.C
1.06584	0.00391762
1.07063	0.00352254
1.07261	0.00349977
1.07701	0.0035014
1.08037	0.0034234
1.09592	0.00328896
1.11815	0.00349663
1.14683	0.00501296
 FCN=4.20212 FROM MIGRAD    STATUS=CONVERGED      36 CALLS          37 TOTAL
                     EDM=9.46635e-17    STRATEGY= 1      ERROR MATRIX ACCURATE 
  EXT PARAMETER                                   STEP         FIRST   
  NO.   NAME      VALUE            ERROR          SIZE      DERIVATIVE 
   1  p0           1.06633e+00   1.77847e-03   1.42790e-06  -5.72880e-06
   2  p1           2.18859e-02   1.25500e-03   1.00761e-06   3.64488e-06
SaveSource cannot open file: /home/zhangfy/nl_target/toyMC/results/data_16780.C
1.07243	0.00394182
1.07652	0.00354192
1.07619	0.00351145
1.07887	0.00350744
1.08033	0.00342329
1.09078	0.00327353
1.1228	0.00351116
1.1473	0.00501502
 FCN=1.71545 FROM MIGRAD    STATUS=CONVERGED      36 CALLS          37 TOTAL
                     EDM=4.92428e-17    STRATEGY= 1      ERROR MATRIX ACCURATE 
  EXT PARAMETER                                   STEP         FIRST   
  NO.   NAME      VALUE            ERROR          SIZE      DERIVATIVE 
   1  p0           1.06907e+00   1.78360e-03   1.03362e-06  -1.85990e-06
   2  p1           2.12031e-02   1.25812e-03   7.29094e-07   5.82678e-06
SaveSource cannot open file: /home/zhangfy/nl_target/toyMC/results/data_16781.C
1.07619	0.00395564
1.07763	0.00354556
1.07327	0.00350192
1.07409	0.00349191
1.08251	0.0034302
1.0975	0.00329371
1.12213	0.00350908
1.14482	0.00500417
 FCN=8.08216 FROM MIGRAD    STATUS=CONVERGED      36 CALLS          37 TOTAL
                     EDM=1.63331e-15    STRATEGY= 1      ERROR MATRIX ACCURATE 
  EXT PARAMETER                                   STEP         FIRST   
  NO.   NAME      VALUE            ERROR          SIZE      DERIVATIVE 
   1  p0           1.07007e+00   1.78386e-03   1.89135e-06  -4.65375e-06
   2  p1           2.07849e-02   1.25677e-03   1.33250e-06  -4.98079e-05
SaveSource cannot open file: /home/zhangfy/nl_target/toyMC/results/data_16782.C
1.0723	0.00394136
1.07284	0.00352982
1.07673	0.00351321
1.08234	0.00351874
1.08343	0.0034331
1.09236	0.00327827
1.11851	0.00349775
1.14402	0.00500066
 FCN=0.634691 FROM MIGRAD    STATUS=CONVERGED      38 CALLS          39 TOTAL
                     EDM=3.21284e-16    STRATEGY= 1      ERROR MATRIX ACCURATE 
  EXT PARAMETER                                   STEP         FIRST   
  NO.   NAME      VALUE            ERROR          SIZE      DERIVATIVE 
   1  p0           1.07036e+00   1.78362e-03   8.01932e-07  -8.93268e-06
   2  p1           1.98212e-02   1.25496e-03   5.64240e-07   9.20316e-06
SaveSource cannot open file: /home/zhangfy/nl_target/toyMC/results/data_16783.C
1.06579	0.00391745
1.07592	0.00353995
1.07392	0.00350404
1.07413	0.00349203
1.07296	0.00339992
1.09426	0.00328398
1.11851	0.00349775
1.14555	0.00500735
 FCN=9.988 FROM MIGRAD    STATUS=CONVERGED      36 CALLS          37 TOTAL
                     EDM=4.67397e-17    STRATEGY= 1      ERROR MATRIX ACCURATE 
  EXT PARAMETER                                   STEP         FIRST   
  NO.   NAME      VALUE            ERROR          SIZE      DERIVATIVE 
   1  p0           1.06574e+00   1.77808e-03   2.07360e-06   6.45702e-06
   2  p1           2.16048e-02   1.25479e-03   1.46335e-06   1.03333e-05
SaveSource cannot open file: /home/zhangfy/nl_target/toyMC/results/data_16784.C
1.06688	0.00392144
1.07535	0.00353805
1.08183	0.00352984
1.08954	0.00354212
1.08085	0.00342495
1.09003	0.00327128
1.11901	0.00349932
1.15053	0.00502915
 FCN=13.3137 FROM MIGRAD    STATUS=CONVERGED      36 CALLS          37 TOTAL
                     EDM=4.77452e-15    STRATEGY= 1      ERROR MATRIX ACCURATE 
  EXT PARAMETER                                   STEP         FIRST   
  NO.   NAME      VALUE            ERROR          SIZE      DERIVATIVE 
   1  p0           1.07088e+00   1.78619e-03   2.37547e-06  -4.77465e-05
   2  p1           2.04550e-02   1.25869e-03   1.67394e-06   1.33709e-05
SaveSource cannot open file: /home/zhangfy/nl_target/toyMC/results/data_16785.C
1.06866	0.00392798
1.06764	0.0035127
1.07583	0.00351028
1.0798	0.00351048
1.07739	0.00341398
1.09247	0.00327861
1.12507	0.00351826
1.147	0.00501371
 FCN=3.78703 FROM MIGRAD    STATUS=CONVERGED      36 CALLS          37 TOTAL
                     EDM=1.84603e-16    STRATEGY= 1      ERROR MATRIX ACCURATE 
  EXT PARAMETER                                   STEP         FIRST   
  NO.   NAME      VALUE            ERROR          SIZE      DERIVATIVE 
   1  p0           1.06601e+00   1.77912e-03   1.37060e-06  -3.68076e-06
   2  p1           2.29267e-02   1.25754e-03   9.68784e-07   1.12033e-05
SaveSource cannot open file: /home/zhangfy/nl_target/toyMC/results/data_16786.C
1.06871	0.00392816
1.06867	0.00351609
1.08051	0.00352553
1.07773	0.00350375
1.08317	0.00343229
1.09617	0.00328971
1.11259	0.00347924
1.14814	0.0050187
 FCN=11.8861 FROM MIGRAD    STATUS=CONVERGED      36 CALLS          37 TOTAL
                     EDM=1.40833e-16    STRATEGY= 1      ERROR MATRIX ACCURATE 
  EXT PARAMETER                                   STEP         FIRST   
  NO.   NAME      VALUE            ERROR          SIZE      DERIVATIVE 
   1  p0           1.06903e+00   1.78196e-03   2.24937e-06  -3.99397e-06
   2  p1           2.01059e-02   1.25455e-03   1.58362e-06   8.80261e-06
SaveSource cannot open file: /home/zhangfy/nl_target/toyMC/results/data_16787.C
1.07011	0.00393331
1.07323	0.0035311
1.07787	0.00351692
1.08163	0.00351642
1.08424	0.00343566
1.0912	0.00327479
1.11573	0.00348906
1.14726	0.00501485
 FCN=2.95965 FROM MIGRAD    STATUS=CONVERGED      34 CALLS          35 TOTAL
                     EDM=5.4434e-17    STRATEGY= 1      ERROR MATRIX ACCURATE 
  EXT PARAMETER                                   STEP         FIRST   
  NO.   NAME      VALUE            ERROR          SIZE      DERIVATIVE 
   1  p0           1.06996e+00   1.78373e-03   1.24769e-06  -7.22890e-06
   2  p1           1.98661e-02   1.25562e-03   8.78290e-07  -3.33336e-06
SaveSource cannot open file: /home/zhangfy/nl_target/toyMC/results/data_16788.C
1.07572	0.00395393
1.06542	0.00350538
1.07668	0.00351305
1.07932	0.00350893
1.08864	0.00344963
1.09194	0.00327703
1.11793	0.00349595
1.14192	0.00499151
 FCN=10.0307 FROM MIGRAD    STATUS=CONVERGED      36 CALLS          37 TOTAL
                     EDM=8.88939e-16    STRATEGY= 1      ERROR MATRIX ACCURATE 
  EXT PARAMETER                                   STEP         FIRST   
  NO.   NAME      VALUE            ERROR          SIZE      DERIVATIVE 
   1  p0           1.06983e+00   1.78212e-03   2.08202e-06  -9.26351e-06
   2  p1           1.97411e-02   1.25335e-03   1.46426e-06   2.31407e-05
SaveSource cannot open file: /home/zhangfy/nl_target/toyMC/results/data_16789.C
1.07234	0.00394152
1.07259	0.00352897
1.06907	0.00348823
1.07935	0.00350901
1.08634	0.00344233
1.10025	0.00330195
1.11622	0.0034906
1.15142	0.00503301
 FCN=13.1948 FROM MIGRAD    STATUS=CONVERGED      34 CALLS          35 TOTAL
                     EDM=1.59014e-16    STRATEGY= 1      ERROR MATRIX ACCURATE 
  EXT PARAMETER                                   STEP         FIRST   
  NO.   NAME      VALUE            ERROR          SIZE      DERIVATIVE 
   1  p0           1.06901e+00   1.78273e-03   2.36373e-06   7.41173e-06
   2  p1           2.15041e-02   1.25732e-03   1.66709e-06  -4.70705e-06
SaveSource cannot open file: /home/zhangfy/nl_target/toyMC/results/data_16790.C
1.06592	0.00391789
1.07256	0.00352888
1.07246	0.00349928
1.08389	0.00352376
1.07505	0.00340654
1.09181	0.00327664
1.12026	0.00350322
1.14473	0.00500378
 FCN=6.74382 FROM MIGRAD    STATUS=CONVERGED      36 CALLS          37 TOTAL
                     EDM=7.89303e-17    STRATEGY= 1      ERROR MATRIX ACCURATE 
  EXT PARAMETER                                   STEP         FIRST   
  NO.   NAME      VALUE            ERROR          SIZE      DERIVATIVE 
   1  p0           1.06660e+00   1.77895e-03   1.74204e-06   4.73269e-06
   2  p1           2.15308e-02   1.25490e-03   1.22887e-06  -4.11613e-06
SaveSource cannot open file: /home/zhangfy/nl_target/toyMC/results/data_16791.C
1.07948	0.00396774
1.06788	0.00351349
1.07609	0.00351112
1.07226	0.00348596
1.08069	0.00342443
1.0932	0.00328081
1.11513	0.00348717
1.15114	0.00503177
 FCN=13.8965 FROM MIGRAD    STATUS=CONVERGED      36 CALLS          37 TOTAL
                     EDM=1.08363e-16    STRATEGY= 1      ERROR MATRIX ACCURATE 
  EXT PARAMETER                                   STEP         FIRST   
  NO.   NAME      VALUE            ERROR          SIZE      DERIVATIVE 
   1  p0           1.06754e+00   1.78176e-03   2.41721e-06  -5.43626e-06
   2  p1           2.10500e-02   1.25715e-03   1.70551e-06   4.96554e-06
SaveSource cannot open file: /home/zhangfy/nl_target/toyMC/results/data_16792.C
1.06654	0.00392017
1.07752	0.0035452
1.07386	0.00350385
1.08191	0.00351732
1.0759	0.00340924
1.09282	0.00327966
1.11966	0.00350135
1.1463	0.00501066
 FCN=7.0154 FROM MIGRAD    STATUS=CONVERGED      36 CALLS          37 TOTAL
                     EDM=3.43297e-16    STRATEGY= 1      ERROR MATRIX ACCURATE 
  EXT PARAMETER                                   STEP         FIRST   
  NO.   NAME      VALUE            ERROR          SIZE      DERIVATIVE 
   1  p0           1.06795e+00   1.78126e-03   1.77387e-06   9.05017e-06
   2  p1           2.11150e-02   1.25605e-03   1.25084e-06  -9.79894e-06
SaveSource cannot open file: /home/zhangfy/nl_target/toyMC/results/data_16793.C
1.06787	0.00392507
1.07727	0.00354438
1.06993	0.00349102
1.07716	0.00350189
1.08624	0.00344203
1.09504	0.00328631
1.11807	0.00349637
1.14877	0.00502143
 FCN=8.09791 FROM MIGRAD    STATUS=CONVERGED      36 CALLS          37 TOTAL
                     EDM=9.21167e-16    STRATEGY= 1      ERROR MATRIX ACCURATE 
  EXT PARAMETER                                   STEP         FIRST   
  NO.   NAME      VALUE            ERROR          SIZE      DERIVATIVE 
   1  p0           1.06843e+00   1.78191e-03   1.89104e-06  -1.21459e-05
   2  p1           2.13189e-02   1.25663e-03   1.33358e-06   1.98803e-05
SaveSource cannot open file: /home/zhangfy/nl_target/toyMC/results/data_16794.C
1.07018	0.00393356
1.06919	0.00351781
1.08147	0.00352868
1.08184	0.00351712
1.08789	0.00344724
1.09084	0.00327372
1.11836	0.00349729
1.14746	0.00501571
 FCN=7.93088 FROM MIGRAD    STATUS=CONVERGED      36 CALLS          37 TOTAL
                     EDM=7.4996e-16    STRATEGY= 1      ERROR MATRIX ACCURATE 
  EXT PARAMETER                                   STEP         FIRST   
  NO.   NAME      VALUE            ERROR          SIZE      DERIVATIVE 
   1  p0           1.07032e+00   1.78431e-03   1.87517e-06   1.77715e-05
   2  p1           2.03016e-02   1.25653e-03   1.32051e-06  -7.38515e-06
SaveSource cannot open file: /home/zhangfy/nl_target/toyMC/results/data_16795.C
1.0739	0.00394723
1.07381	0.00353299
1.07633	0.00351189
1.07536	0.00349603
1.08125	0.00342619
1.09473	0.00328539
1.11646	0.00349135
1.14638	0.00501097
 FCN=3.95113 FROM MIGRAD    STATUS=CONVERGED      36 CALLS          37 TOTAL
                     EDM=2.57689e-16    STRATEGY= 1      ERROR MATRIX ACCURATE 
  EXT PARAMETER                                   STEP         FIRST   
  NO.   NAME      VALUE            ERROR          SIZE      DERIVATIVE 
   1  p0           1.06924e+00   1.78269e-03   1.39465e-06   7.19237e-06
   2  p1           2.01867e-02   1.25542e-03   9.82152e-07  -9.43317e-06
SaveSource cannot open file: /home/zhangfy/nl_target/toyMC/results/data_16796.C
1.07236	0.00394157
1.07201	0.00352707
1.0776	0.00351605
1.07548	0.00349644
1.07554	0.00340811
1.08709	0.00326247
1.11695	0.00349287
1.14607	0.00500965
 FCN=5.40411 FROM MIGRAD    STATUS=CONVERGED      36 CALLS          37 TOTAL
                     EDM=1.05859e-16    STRATEGY= 1      ERROR MATRIX ACCURATE 
  EXT PARAMETER                                   STEP         FIRST   
  NO.   NAME      VALUE            ERROR          SIZE      DERIVATIVE 
   1  p0           1.06673e+00   1.78002e-03   1.58301e-06   4.19539e-06
   2  p1           2.05599e-02   1.25510e-03   1.11619e-06  -6.64228e-06
SaveSource cannot open file: /home/zhangfy/nl_target/toyMC/results/data_16797.C
1.07892	0.00396569
1.07483	0.00353636
1.07729	0.00351505
1.08437	0.00352535
1.08142	0.00342674
1.09282	0.00327966
1.11616	0.00349039
1.15196	0.0050354
 FCN=6.42419 FROM MIGRAD    STATUS=CONVERGED      36 CALLS          37 TOTAL
                     EDM=6.7185e-16    STRATEGY= 1      ERROR MATRIX ACCURATE 
  EXT PARAMETER                                   STEP         FIRST   
  NO.   NAME      VALUE            ERROR          SIZE      DERIVATIVE 
   1  p0           1.07160e+00   1.78749e-03   1.71104e-06  -2.31642e-06
   2  p1           1.98712e-02   1.25897e-03   1.20513e-06  -3.13040e-05
SaveSource cannot open file: /home/zhangfy/nl_target/toyMC/results/data_16798.C
1.07274	0.00394298
1.07918	0.00355068
1.07419	0.00350492
1.08206	0.00351783
1.07555	0.00340815
1.09539	0.00328738
1.12271	0.00351089
1.14624	0.00501036
 FCN=8.0554 FROM MIGRAD    STATUS=CONVERGED      36 CALLS          37 TOTAL
                     EDM=5.9841e-17    STRATEGY= 1      ERROR MATRIX ACCURATE 
  EXT PARAMETER                                   STEP         FIRST   
  NO.   NAME      VALUE            ERROR          SIZE      DERIVATIVE 
   1  p0           1.06974e+00   1.78404e-03   1.88838e-06   4.64460e-06
   2  p1           2.10138e-02   1.25769e-03   1.33125e-06   1.18590e-05
SaveSource cannot open file: /home/zhangfy/nl_target/toyMC/results/data_16799.C
