1.06827	0.00392654
1.06891	0.00351687
1.07596	0.0035107
1.07992	0.00351088
1.08218	0.00342914
1.0949	0.0032859
1.1127	0.00347959
1.16046	0.00507254
 FCN=15.1937 FROM MIGRAD    STATUS=CONVERGED      36 CALLS          37 TOTAL
                     EDM=3.02104e-16    STRATEGY= 1      ERROR MATRIX ACCURATE 
  EXT PARAMETER                                   STEP         FIRST   
  NO.   NAME      VALUE            ERROR          SIZE      DERIVATIVE 
   1  p0           1.06685e+00   1.78221e-03   2.52183e-06  -1.69670e-05
   2  p1           2.24701e-02   1.26036e-03   1.78341e-06  -7.59981e-06
SaveSource cannot open file: /home/zhangfy/nl_target/toyMC/results/data_16800.C
1.07704	0.00395879
1.07237	0.00352825
1.07394	0.0035041
1.08354	0.00352265
1.08033	0.00342328
1.0892	0.0032688
1.11452	0.00348528
1.14325	0.00499729
 FCN=4.19323 FROM MIGRAD    STATUS=CONVERGED      36 CALLS          37 TOTAL
                     EDM=2.98197e-16    STRATEGY= 1      ERROR MATRIX ACCURATE 
  EXT PARAMETER                                   STEP         FIRST   
  NO.   NAME      VALUE            ERROR          SIZE      DERIVATIVE 
   1  p0           1.07004e+00   1.78312e-03   1.42768e-06  -1.68592e-05
   2  p1           1.88362e-02   1.25343e-03   1.00358e-06  -2.56984e-05
SaveSource cannot open file: /home/zhangfy/nl_target/toyMC/results/data_16801.C
1.06622	0.00391901
1.07624	0.00354099
1.07588	0.00351043
1.08049	0.0035127
1.08228	0.00342946
1.09435	0.00328425
1.11907	0.0034995
1.14353	0.00499854
 FCN=3.66252 FROM MIGRAD    STATUS=CONVERGED      36 CALLS          37 TOTAL
                     EDM=2.05717e-16    STRATEGY= 1      ERROR MATRIX ACCURATE 
  EXT PARAMETER                                   STEP         FIRST   
  NO.   NAME      VALUE            ERROR          SIZE      DERIVATIVE 
   1  p0           1.06950e+00   1.78218e-03   1.35387e-06  -6.11093e-06
   2  p1           2.03122e-02   1.25454e-03   9.53038e-07   8.88959e-06
SaveSource cannot open file: /home/zhangfy/nl_target/toyMC/results/data_16802.C
1.07126	0.00393752
1.07373	0.00353274
1.07032	0.0034923
1.07593	0.00349791
1.08566	0.00344016
1.0954	0.00328742
1.11532	0.00348779
1.15124	0.00503223
 FCN=8.4829 FROM MIGRAD    STATUS=CONVERGED      36 CALLS          37 TOTAL
                     EDM=1.97375e-16    STRATEGY= 1      ERROR MATRIX ACCURATE 
  EXT PARAMETER                                   STEP         FIRST   
  NO.   NAME      VALUE            ERROR          SIZE      DERIVATIVE 
   1  p0           1.06798e+00   1.78172e-03   1.92984e-06  -2.76371e-06
   2  p1           2.13206e-02   1.25691e-03   1.36140e-06   1.28360e-05
SaveSource cannot open file: /home/zhangfy/nl_target/toyMC/results/data_16803.C
1.0736	0.00394614
1.07276	0.00352954
1.07595	0.00351066
1.07752	0.00350305
1.08363	0.00343374
1.08809	0.00326545
1.12181	0.00350808
1.14284	0.00499552
 FCN=2.38162 FROM MIGRAD    STATUS=CONVERGED      36 CALLS          37 TOTAL
                     EDM=3.50201e-16    STRATEGY= 1      ERROR MATRIX ACCURATE 
  EXT PARAMETER                                   STEP         FIRST   
  NO.   NAME      VALUE            ERROR          SIZE      DERIVATIVE 
   1  p0           1.06888e+00   1.78211e-03   1.15245e-06  -1.65549e-05
   2  p1           2.04259e-02   1.25532e-03   8.11791e-07  -3.73634e-06
SaveSource cannot open file: /home/zhangfy/nl_target/toyMC/results/data_16804.C
1.07078	0.00393576
1.06929	0.00351814
1.07755	0.00351588
1.07441	0.00349296
1.08471	0.00343718
1.08723	0.00326288
1.12565	0.00352007
1.14929	0.00502371
 FCN=6.7382 FROM MIGRAD    STATUS=CONVERGED      36 CALLS          37 TOTAL
                     EDM=7.7957e-16    STRATEGY= 1      ERROR MATRIX ACCURATE 
  EXT PARAMETER                                   STEP         FIRST   
  NO.   NAME      VALUE            ERROR          SIZE      DERIVATIVE 
   1  p0           1.06651e+00   1.78087e-03   1.74324e-06  -1.25528e-05
   2  p1           2.28201e-02   1.25928e-03   1.23266e-06   1.63201e-05
SaveSource cannot open file: /home/zhangfy/nl_target/toyMC/results/data_16805.C
1.07681	0.00395792
1.06861	0.00351589
1.07298	0.00350097
1.08384	0.0035236
1.08392	0.00343467
1.08646	0.00326058
1.1174	0.00349429
1.14245	0.0049938
 FCN=7.34297 FROM MIGRAD    STATUS=CONVERGED      36 CALLS          37 TOTAL
                     EDM=1.34799e-15    STRATEGY= 1      ERROR MATRIX ACCURATE 
  EXT PARAMETER                                   STEP         FIRST   
  NO.   NAME      VALUE            ERROR          SIZE      DERIVATIVE 
   1  p0           1.06918e+00   1.78194e-03   1.80921e-06  -7.02630e-06
   2  p1           1.95049e-02   1.25360e-03   1.27278e-06  -4.77224e-05
SaveSource cannot open file: /home/zhangfy/nl_target/toyMC/results/data_16806.C
1.0623	0.0039046
1.06898	0.00351709
1.06927	0.00348887
1.08017	0.00351168
1.08164	0.00342742
1.09335	0.00328126
1.11695	0.00349287
1.15651	0.00505526
 FCN=8.48646 FROM MIGRAD    STATUS=CONVERGED      36 CALLS          37 TOTAL
                     EDM=2.52482e-16    STRATEGY= 1      ERROR MATRIX ACCURATE 
  EXT PARAMETER                                   STEP         FIRST   
  NO.   NAME      VALUE            ERROR          SIZE      DERIVATIVE 
   1  p0           1.06412e+00   1.77772e-03   1.92749e-06  -8.97629e-06
   2  p1           2.37548e-02   1.25883e-03   1.36488e-06   6.54965e-06
SaveSource cannot open file: /home/zhangfy/nl_target/toyMC/results/data_16807.C
1.07239	0.00394167
1.0712	0.0035244
1.07279	0.00350035
1.07541	0.00349619
1.07698	0.00341267
1.08862	0.00326706
1.12427	0.00351576
1.1453	0.00500626
 FCN=3.26823 FROM MIGRAD    STATUS=CONVERGED      36 CALLS          37 TOTAL
                     EDM=4.21758e-16    STRATEGY= 1      ERROR MATRIX ACCURATE 
  EXT PARAMETER                                   STEP         FIRST   
  NO.   NAME      VALUE            ERROR          SIZE      DERIVATIVE 
   1  p0           1.06563e+00   1.77873e-03   1.29303e-06   2.10662e-05
   2  p1           2.22954e-02   1.25669e-03   9.13537e-07   1.21627e-05
SaveSource cannot open file: /home/zhangfy/nl_target/toyMC/results/data_16808.C
1.07566	0.00395369
1.07267	0.00352925
1.07621	0.00351152
1.08067	0.0035133
1.08449	0.00343648
1.0935	0.00328172
1.12011	0.00350275
1.16037	0.00507212
 FCN=5.51265 FROM MIGRAD    STATUS=CONVERGED      36 CALLS          37 TOTAL
                     EDM=8.95277e-17    STRATEGY= 1      ERROR MATRIX ACCURATE 
  EXT PARAMETER                                   STEP         FIRST   
  NO.   NAME      VALUE            ERROR          SIZE      DERIVATIVE 
   1  p0           1.06915e+00   1.78642e-03   1.60299e-06  -2.20523e-06
   2  p1           2.27154e-02   1.26382e-03   1.13405e-06   8.18438e-06
SaveSource cannot open file: /home/zhangfy/nl_target/toyMC/results/data_16809.C
1.07474	0.00395032
1.07791	0.00354648
1.07633	0.00351191
1.08231	0.00351865
1.08234	0.00342964
1.09102	0.00327426
1.11461	0.00348556
1.14876	0.00502139
 FCN=4.32242 FROM MIGRAD    STATUS=CONVERGED      36 CALLS          37 TOTAL
                     EDM=6.89743e-17    STRATEGY= 1      ERROR MATRIX ACCURATE 
  EXT PARAMETER                                   STEP         FIRST   
  NO.   NAME      VALUE            ERROR          SIZE      DERIVATIVE 
   1  p0           1.07124e+00   1.78610e-03   1.44742e-06  -2.63246e-06
   2  p1           1.92233e-02   1.25668e-03   1.01839e-06   6.35138e-06
SaveSource cannot open file: /home/zhangfy/nl_target/toyMC/results/data_16810.C
1.07689	0.00395822
1.07524	0.00353771
1.06927	0.00348886
1.08166	0.00351653
1.08024	0.003423
1.08871	0.00326732
1.11785	0.00349569
1.14829	0.00501935
 FCN=6.72431 FROM MIGRAD    STATUS=CONVERGED      36 CALLS          37 TOTAL
                     EDM=2.693e-15    STRATEGY= 1      ERROR MATRIX ACCURATE 
  EXT PARAMETER                                   STEP         FIRST   
  NO.   NAME      VALUE            ERROR          SIZE      DERIVATIVE 
   1  p0           1.06849e+00   1.78275e-03   1.74140e-06  -2.68598e-05
   2  p1           2.05874e-02   1.25687e-03   1.22772e-06   2.51033e-05
SaveSource cannot open file: /home/zhangfy/nl_target/toyMC/results/data_16811.C
1.07585	0.00395441
1.07179	0.00352635
1.073	0.00350103
1.08475	0.00352656
1.08322	0.00343243
1.08695	0.00326205
1.11934	0.00350034
1.14304	0.0049964
 FCN=5.37098 FROM MIGRAD    STATUS=CONVERGED      36 CALLS          37 TOTAL
                     EDM=1.38705e-16    STRATEGY= 1      ERROR MATRIX ACCURATE 
  EXT PARAMETER                                   STEP         FIRST   
  NO.   NAME      VALUE            ERROR          SIZE      DERIVATIVE 
   1  p0           1.06969e+00   1.78298e-03   1.58205e-06  -7.53975e-06
   2  p1           1.97272e-02   1.25474e-03   1.11333e-06  -1.82389e-05
SaveSource cannot open file: /home/zhangfy/nl_target/toyMC/results/data_16812.C
1.07449	0.0039494
1.07333	0.00353141
1.07915	0.00352109
1.08018	0.0035117
1.08212	0.00342897
1.09743	0.00329348
1.11753	0.00349467
1.14495	0.00500472
 FCN=3.56144 FROM MIGRAD    STATUS=CONVERGED      36 CALLS          37 TOTAL
                     EDM=3.17512e-15    STRATEGY= 1      ERROR MATRIX ACCURATE 
  EXT PARAMETER                                   STEP         FIRST   
  NO.   NAME      VALUE            ERROR          SIZE      DERIVATIVE 
   1  p0           1.07141e+00   1.78503e-03   1.34063e-06  -1.53122e-05
   2  p1           1.96130e-02   1.25543e-03   9.42881e-07  -7.66127e-05
SaveSource cannot open file: /home/zhangfy/nl_target/toyMC/results/data_16813.C
1.07658	0.00395707
1.06859	0.00351583
1.07017	0.0034918
1.07726	0.00350221
1.08613	0.00344167
1.08941	0.00326943
1.12069	0.00350456
1.15584	0.00505232
 FCN=8.57413 FROM MIGRAD    STATUS=CONVERGED      36 CALLS          37 TOTAL
                     EDM=6.22523e-16    STRATEGY= 1      ERROR MATRIX ACCURATE 
  EXT PARAMETER                                   STEP         FIRST   
  NO.   NAME      VALUE            ERROR          SIZE      DERIVATIVE 
   1  p0           1.06653e+00   1.78194e-03   1.93940e-06  -2.45584e-05
   2  p1           2.30023e-02   1.26096e-03   1.37238e-06  -1.15004e-05
SaveSource cannot open file: /home/zhangfy/nl_target/toyMC/results/data_16814.C
1.06742	0.00392342
1.0715	0.0035254
1.07653	0.00351255
1.07898	0.00350781
1.07404	0.00340334
1.09526	0.003287
1.11655	0.00349163
1.15178	0.0050346
 FCN=9.39717 FROM MIGRAD    STATUS=CONVERGED      36 CALLS          37 TOTAL
                     EDM=8.05043e-17    STRATEGY= 1      ERROR MATRIX ACCURATE 
  EXT PARAMETER                                   STEP         FIRST   
  NO.   NAME      VALUE            ERROR          SIZE      DERIVATIVE 
   1  p0           1.06639e+00   1.78010e-03   2.01900e-06  -9.69563e-06
   2  p1           2.20089e-02   1.25737e-03   1.42611e-06  -7.50469e-06
SaveSource cannot open file: /home/zhangfy/nl_target/toyMC/results/data_16815.C
1.06998	0.00393281
1.07598	0.00354013
1.07194	0.00349759
1.08074	0.00351353
1.08486	0.00343765
1.09647	0.00329061
1.11429	0.00348455
1.14846	0.00502008
 FCN=7.50586 FROM MIGRAD    STATUS=CONVERGED      36 CALLS          37 TOTAL
                     EDM=2.32423e-15    STRATEGY= 1      ERROR MATRIX ACCURATE 
  EXT PARAMETER                                   STEP         FIRST   
  NO.   NAME      VALUE            ERROR          SIZE      DERIVATIVE 
   1  p0           1.06987e+00   1.78333e-03   1.82902e-06  -3.99106e-05
   2  p1           2.01656e-02   1.25554e-03   1.28771e-06  -3.52283e-06
SaveSource cannot open file: /home/zhangfy/nl_target/toyMC/results/data_16816.C
1.06694	0.00392166
1.07152	0.00352546
1.074	0.00350429
1.08236	0.0035188
1.07848	0.00341742
1.09449	0.00328467
1.1222	0.0035093
1.14875	0.00502134
 FCN=3.24801 FROM MIGRAD    STATUS=CONVERGED      36 CALLS          37 TOTAL
                     EDM=1.54391e-16    STRATEGY= 1      ERROR MATRIX ACCURATE 
  EXT PARAMETER                                   STEP         FIRST   
  NO.   NAME      VALUE            ERROR          SIZE      DERIVATIVE 
   1  p0           1.06711e+00   1.78058e-03   1.29188e-06  -8.03697e-06
   2  p1           2.24355e-02   1.25768e-03   9.12494e-07   3.42498e-06
SaveSource cannot open file: /home/zhangfy/nl_target/toyMC/results/data_16817.C
1.07217	0.0039409
1.07397	0.00353353
1.0718	0.00349711
1.07879	0.00350717
1.08033	0.0034233
1.09533	0.00328719
1.12292	0.00351154
1.14186	0.00499124
 FCN=3.38329 FROM MIGRAD    STATUS=CONVERGED      36 CALLS          37 TOTAL
                     EDM=5.35039e-16    STRATEGY= 1      ERROR MATRIX ACCURATE 
  EXT PARAMETER                                   STEP         FIRST   
  NO.   NAME      VALUE            ERROR          SIZE      DERIVATIVE 
   1  p0           1.06862e+00   1.78103e-03   1.31250e-06  -1.51566e-05
   2  p1           2.10403e-02   1.25486e-03   9.24739e-07   6.04492e-06
SaveSource cannot open file: /home/zhangfy/nl_target/toyMC/results/data_16818.C
1.07537	0.00395266
1.07811	0.00354716
1.07173	0.00349691
1.07991	0.00351083
1.07912	0.00341946
1.09519	0.00328678
1.11872	0.00349842
1.15187	0.005035
 FCN=6.70401 FROM MIGRAD    STATUS=CONVERGED      36 CALLS          37 TOTAL
                     EDM=1.26845e-16    STRATEGY= 1      ERROR MATRIX ACCURATE 
  EXT PARAMETER                                   STEP         FIRST   
  NO.   NAME      VALUE            ERROR          SIZE      DERIVATIVE 
   1  p0           1.06934e+00   1.78456e-03   1.74150e-06  -2.73364e-06
   2  p1           2.12491e-02   1.25919e-03   1.22880e-06   9.64937e-06
SaveSource cannot open file: /home/zhangfy/nl_target/toyMC/results/data_16819.C
1.06923	0.00393006
1.07051	0.00352213
1.07626	0.00351169
1.07909	0.00350817
1.08065	0.00342429
1.09388	0.00328285
1.12067	0.00350449
1.14904	0.00502263
 FCN=1.44336 FROM MIGRAD    STATUS=CONVERGED      36 CALLS          37 TOTAL
                     EDM=6.5411e-17    STRATEGY= 1      ERROR MATRIX ACCURATE 
  EXT PARAMETER                                   STEP         FIRST   
  NO.   NAME      VALUE            ERROR          SIZE      DERIVATIVE 
   1  p0           1.06757e+00   1.78125e-03   9.79781e-07   5.12302e-06
   2  p1           2.19718e-02   1.25752e-03   6.91704e-07  -2.41079e-06
SaveSource cannot open file: /home/zhangfy/nl_target/toyMC/results/data_16820.C
1.06981	0.00393219
1.07417	0.00353419
1.07131	0.00349553
1.08177	0.00351687
1.08527	0.00343895
1.09922	0.00329886
1.11906	0.00349946
1.15212	0.00503607
 FCN=7.47262 FROM MIGRAD    STATUS=CONVERGED      36 CALLS          37 TOTAL
                     EDM=1.0964e-16    STRATEGY= 1      ERROR MATRIX ACCURATE 
  EXT PARAMETER                                   STEP         FIRST   
  NO.   NAME      VALUE            ERROR          SIZE      DERIVATIVE 
   1  p0           1.06930e+00   1.78362e-03   1.82732e-06   4.27607e-06
   2  p1           2.19248e-02   1.25874e-03   1.28958e-06  -6.72377e-06
SaveSource cannot open file: /home/zhangfy/nl_target/toyMC/results/data_16821.C
1.06762	0.00392416
1.06526	0.00350486
1.0766	0.00351277
1.08127	0.00351525
1.08311	0.00343209
1.08976	0.00327048
1.11539	0.00348798
1.14606	0.0050096
 FCN=7.08502 FROM MIGRAD    STATUS=CONVERGED      36 CALLS          37 TOTAL
                     EDM=4.7222e-15    STRATEGY= 1      ERROR MATRIX ACCURATE 
  EXT PARAMETER                                   STEP         FIRST   
  NO.   NAME      VALUE            ERROR          SIZE      DERIVATIVE 
   1  p0           1.06702e+00   1.77919e-03   1.77948e-06  -6.51541e-05
   2  p1           2.07670e-02   1.25384e-03   1.25404e-06  -2.44790e-05
SaveSource cannot open file: /home/zhangfy/nl_target/toyMC/results/data_16822.C
1.06984	0.0039323
1.07072	0.00352283
1.07615	0.00351133
1.08537	0.00352859
1.07783	0.00341537
1.09369	0.00328228
1.11974	0.00350159
1.15374	0.00504314
 FCN=6.60521 FROM MIGRAD    STATUS=CONVERGED      36 CALLS          37 TOTAL
                     EDM=1.69244e-16    STRATEGY= 1      ERROR MATRIX ACCURATE 
  EXT PARAMETER                                   STEP         FIRST   
  NO.   NAME      VALUE            ERROR          SIZE      DERIVATIVE 
   1  p0           1.06794e+00   1.78291e-03   1.72963e-06  -1.24589e-05
   2  p1           2.22766e-02   1.25978e-03   1.22213e-06  -5.02362e-06
SaveSource cannot open file: /home/zhangfy/nl_target/toyMC/results/data_16823.C
1.06753	0.00392382
1.07136	0.00352492
1.07284	0.00350052
1.0799	0.00351079
1.08039	0.00342347
1.09329	0.00328106
1.11632	0.00349091
1.14288	0.00499567
 FCN=2.135 FROM MIGRAD    STATUS=CONVERGED      36 CALLS          37 TOTAL
                     EDM=7.23904e-16    STRATEGY= 1      ERROR MATRIX ACCURATE 
  EXT PARAMETER                                   STEP         FIRST   
  NO.   NAME      VALUE            ERROR          SIZE      DERIVATIVE 
   1  p0           1.06757e+00   1.77919e-03   1.10829e-06  -2.01693e-05
   2  p1           2.04094e-02   1.25275e-03   7.80358e-07   2.42003e-06
SaveSource cannot open file: /home/zhangfy/nl_target/toyMC/results/data_16824.C
1.06745	0.00392354
1.07357	0.00353221
1.07682	0.00351352
1.07429	0.00349256
1.0753	0.00340734
1.09867	0.00329721
1.12027	0.00350324
1.14643	0.0050112
 FCN=11.3087 FROM MIGRAD    STATUS=CONVERGED      36 CALLS          37 TOTAL
                     EDM=1.58401e-16    STRATEGY= 1      ERROR MATRIX ACCURATE 
  EXT PARAMETER                                   STEP         FIRST   
  NO.   NAME      VALUE            ERROR          SIZE      DERIVATIVE 
   1  p0           1.06705e+00   1.77982e-03   2.19784e-06   9.35321e-06
   2  p1           2.18737e-02   1.25601e-03   1.55100e-06  -1.27987e-06
SaveSource cannot open file: /home/zhangfy/nl_target/toyMC/results/data_16825.C
1.06743	0.00392346
1.07377	0.00353287
1.07306	0.00350125
1.08132	0.00351541
1.07536	0.00340754
1.09307	0.00328042
1.12267	0.00351077
1.14262	0.00499456
 FCN=5.60738 FROM MIGRAD    STATUS=CONVERGED      36 CALLS          37 TOTAL
                     EDM=1.38927e-17    STRATEGY= 1      ERROR MATRIX ACCURATE 
  EXT PARAMETER                                   STEP         FIRST   
  NO.   NAME      VALUE            ERROR          SIZE      DERIVATIVE 
   1  p0           1.06713e+00   1.77938e-03   1.60986e-06   2.48132e-06
   2  p1           2.14850e-02   1.25483e-03   1.13528e-06   5.78738e-06
SaveSource cannot open file: /home/zhangfy/nl_target/toyMC/results/data_16826.C
1.06473	0.00391353
1.06908	0.00351743
1.07554	0.00350933
1.0829	0.00352056
1.08127	0.00342627
1.09097	0.00327412
1.12263	0.00351062
1.14561	0.00500763
 FCN=4.6853 FROM MIGRAD    STATUS=CONVERGED      36 CALLS          37 TOTAL
                     EDM=1.22009e-16    STRATEGY= 1      ERROR MATRIX ACCURATE 
  EXT PARAMETER                                   STEP         FIRST   
  NO.   NAME      VALUE            ERROR          SIZE      DERIVATIVE 
   1  p0           1.06690e+00   1.77955e-03   1.49375e-06   6.35176e-06
   2  p1           2.20587e-02   1.25601e-03   1.05430e-06  -4.37435e-06
SaveSource cannot open file: /home/zhangfy/nl_target/toyMC/results/data_16827.C
1.07794	0.0039621
1.06819	0.00351449
1.07002	0.00349131
1.07926	0.00350871
1.08075	0.00342461
1.09303	0.00328031
1.122	0.00350866
1.15408	0.00504464
 FCN=6.58558 FROM MIGRAD    STATUS=CONVERGED      36 CALLS          37 TOTAL
                     EDM=4.23796e-16    STRATEGY= 1      ERROR MATRIX ACCURATE 
  EXT PARAMETER                                   STEP         FIRST   
  NO.   NAME      VALUE            ERROR          SIZE      DERIVATIVE 
   1  p0           1.06665e+00   1.78166e-03   1.72661e-06  -9.14101e-06
   2  p1           2.30961e-02   1.26055e-03   1.22159e-06   1.21783e-05
SaveSource cannot open file: /home/zhangfy/nl_target/toyMC/results/data_16828.C
1.07068	0.00393541
1.06645	0.00350879
1.06935	0.00348913
1.07858	0.0035065
1.07587	0.00340914
1.09441	0.00328445
1.11807	0.00349638
1.15296	0.00503974
 FCN=6.26507 FROM MIGRAD    STATUS=CONVERGED      36 CALLS          37 TOTAL
                     EDM=1.09958e-15    STRATEGY= 1      ERROR MATRIX ACCURATE 
  EXT PARAMETER                                   STEP         FIRST   
  NO.   NAME      VALUE            ERROR          SIZE      DERIVATIVE 
   1  p0           1.06421e+00   1.77746e-03   1.68623e-06   3.94911e-06
   2  p1           2.32812e-02   1.25778e-03   1.19322e-06  -3.31981e-05
SaveSource cannot open file: /home/zhangfy/nl_target/toyMC/results/data_16829.C
1.06621	0.00391896
1.07369	0.0035326
1.08107	0.00352735
1.07723	0.00350212
1.08299	0.00343171
1.0973	0.0032931
1.11588	0.00348954
1.15014	0.00502744
 FCN=10.8446 FROM MIGRAD    STATUS=CONVERGED      36 CALLS          37 TOTAL
                     EDM=1.1581e-16    STRATEGY= 1      ERROR MATRIX ACCURATE 
  EXT PARAMETER                                   STEP         FIRST   
  NO.   NAME      VALUE            ERROR          SIZE      DERIVATIVE 
   1  p0           1.06946e+00   1.78338e-03   2.15877e-06   1.10468e-05
   2  p1           2.08152e-02   1.25687e-03   1.52144e-06   6.49741e-06
SaveSource cannot open file: /home/zhangfy/nl_target/toyMC/results/data_16830.C
1.06903	0.00392934
1.06969	0.00351945
1.07368	0.00350327
1.07656	0.00349994
1.08227	0.00342942
1.09213	0.00327758
1.12503	0.00351813
1.15311	0.00504041
 FCN=0.530874 FROM MIGRAD    STATUS=CONVERGED      36 CALLS          37 TOTAL
                     EDM=9.77016e-17    STRATEGY= 1      ERROR MATRIX ACCURATE 
  EXT PARAMETER                                   STEP         FIRST   
  NO.   NAME      VALUE            ERROR          SIZE      DERIVATIVE 
   1  p0           1.06570e+00   1.78027e-03   7.75508e-07  -4.19299e-06
   2  p1           2.38707e-02   1.26064e-03   5.49154e-07   6.13080e-06
SaveSource cannot open file: /home/zhangfy/nl_target/toyMC/results/data_16831.C
1.06389	0.00391044
1.07338	0.00353157
1.07942	0.003522
1.0856	0.00352932
1.07891	0.00341879
1.08994	0.00327101
1.11697	0.00349294
1.146	0.00500934
 FCN=10.291 FROM MIGRAD    STATUS=CONVERGED      36 CALLS          37 TOTAL
                     EDM=8.3141e-15    STRATEGY= 1      ERROR MATRIX ACCURATE 
  EXT PARAMETER                                   STEP         FIRST   
  NO.   NAME      VALUE            ERROR          SIZE      DERIVATIVE 
   1  p0           1.06877e+00   1.78192e-03   2.10539e-06  -6.51666e-05
   2  p1           2.02830e-02   1.25500e-03   1.48281e-06   1.40162e-05
SaveSource cannot open file: /home/zhangfy/nl_target/toyMC/results/data_16832.C
1.07721	0.00395941
1.06379	0.00350004
1.07484	0.00350703
1.08035	0.00351226
1.08851	0.00344921
1.09391	0.00328292
1.12009	0.00350269
1.14679	0.00501279
 FCN=12.7516 FROM MIGRAD    STATUS=CONVERGED      36 CALLS          37 TOTAL
                     EDM=8.16847e-17    STRATEGY= 1      ERROR MATRIX ACCURATE 
  EXT PARAMETER                                   STEP         FIRST   
  NO.   NAME      VALUE            ERROR          SIZE      DERIVATIVE 
   1  p0           1.06915e+00   1.78248e-03   2.32613e-06  -8.66936e-06
   2  p1           2.11635e-02   1.25636e-03   1.63956e-06  -3.53471e-06
SaveSource cannot open file: /home/zhangfy/nl_target/toyMC/results/data_16833.C
1.07258	0.00394238
1.07179	0.00352634
1.07042	0.00349261
1.07519	0.00349547
1.08099	0.00342539
1.09411	0.00328353
1.11729	0.00349393
1.14636	0.00501091
 FCN=3.59327 FROM MIGRAD    STATUS=CONVERGED      36 CALLS          37 TOTAL
                     EDM=1.37188e-17    STRATEGY= 1      ERROR MATRIX ACCURATE 
  EXT PARAMETER                                   STEP         FIRST   
  NO.   NAME      VALUE            ERROR          SIZE      DERIVATIVE 
   1  p0           1.06701e+00   1.77961e-03   1.34175e-06  -4.05861e-06
   2  p1           2.11930e-02   1.25495e-03   9.46182e-07  -3.51425e-06
SaveSource cannot open file: /home/zhangfy/nl_target/toyMC/results/data_16834.C
1.07397	0.00394751
1.07274	0.00352948
1.07103	0.0034946
1.08017	0.00351169
1.08407	0.00343513
1.09117	0.00327471
1.11541	0.00348804
1.14187	0.0049913
 FCN=2.48326 FROM MIGRAD    STATUS=CONVERGED      36 CALLS          37 TOTAL
                     EDM=8.0785e-17    STRATEGY= 1      ERROR MATRIX ACCURATE 
  EXT PARAMETER                                   STEP         FIRST   
  NO.   NAME      VALUE            ERROR          SIZE      DERIVATIVE 
   1  p0           1.06931e+00   1.78146e-03   1.16896e-06  -8.42213e-06
   2  p1           1.93148e-02   1.25255e-03   8.21902e-07  -2.96500e-06
SaveSource cannot open file: /home/zhangfy/nl_target/toyMC/results/data_16835.C
1.07132	0.00393774
1.07424	0.0035344
1.07972	0.00352298
1.07936	0.00350903
1.07964	0.00342108
1.09321	0.00328085
1.11528	0.00348765
1.14975	0.00502573
 FCN=5.36813 FROM MIGRAD    STATUS=CONVERGED      36 CALLS          37 TOTAL
                     EDM=1.34544e-15    STRATEGY= 1      ERROR MATRIX ACCURATE 
  EXT PARAMETER                                   STEP         FIRST   
  NO.   NAME      VALUE            ERROR          SIZE      DERIVATIVE 
   1  p0           1.06959e+00   1.78399e-03   1.58223e-06  -2.80603e-05
   2  p1           2.02131e-02   1.25687e-03   1.11472e-06   2.04172e-06
SaveSource cannot open file: /home/zhangfy/nl_target/toyMC/results/data_16836.C
1.07457	0.00394968
1.06704	0.00351073
1.07298	0.00350098
1.08307	0.00352109
1.08397	0.00343482
1.08795	0.00326504
1.11949	0.00350083
1.14743	0.00501556
 FCN=6.30177 FROM MIGRAD    STATUS=CONVERGED      36 CALLS          37 TOTAL
                     EDM=6.57614e-17    STRATEGY= 1      ERROR MATRIX ACCURATE 
  EXT PARAMETER                                   STEP         FIRST   
  NO.   NAME      VALUE            ERROR          SIZE      DERIVATIVE 
   1  p0           1.06785e+00   1.78140e-03   1.69297e-06  -4.20358e-06
   2  p1           2.11621e-02   1.25642e-03   1.19405e-06  -1.21896e-05
SaveSource cannot open file: /home/zhangfy/nl_target/toyMC/results/data_16837.C
1.07372	0.00394658
1.06845	0.00351538
1.07346	0.00350254
1.08235	0.00351877
1.08493	0.00343786
1.09521	0.00328682
1.12008	0.00350267
1.14205	0.00499206
 FCN=4.86147 FROM MIGRAD    STATUS=CONVERGED      36 CALLS          37 TOTAL
                     EDM=3.01829e-15    STRATEGY= 1      ERROR MATRIX ACCURATE 
  EXT PARAMETER                                   STEP         FIRST   
  NO.   NAME      VALUE            ERROR          SIZE      DERIVATIVE 
   1  p0           1.06967e+00   1.78190e-03   1.51831e-06  -1.44548e-05
   2  p1           2.03700e-02   1.25401e-03   1.06851e-06   4.59257e-05
SaveSource cannot open file: /home/zhangfy/nl_target/toyMC/results/data_16838.C
1.07228	0.0039413
1.07372	0.00353269
1.07112	0.0034949
1.07942	0.00350924
1.08661	0.00344317
1.09774	0.00329441
1.12128	0.00350642
1.14889	0.00502197
 FCN=5.01431 FROM MIGRAD    STATUS=CONVERGED      36 CALLS          37 TOTAL
                     EDM=3.61733e-16    STRATEGY= 1      ERROR MATRIX ACCURATE 
  EXT PARAMETER                                   STEP         FIRST   
  NO.   NAME      VALUE            ERROR          SIZE      DERIVATIVE 
   1  p0           1.06942e+00   1.78334e-03   1.53945e-06  -1.17942e-05
   2  p1           2.17146e-02   1.25795e-03   1.08592e-06   6.07296e-06
SaveSource cannot open file: /home/zhangfy/nl_target/toyMC/results/data_16839.C
1.07016	0.00393349
1.06837	0.00351509
1.07638	0.00351205
1.07387	0.00349118
1.08272	0.00343086
1.09604	0.00328932
1.11866	0.00349821
1.1452	0.00500582
 FCN=6.33923 FROM MIGRAD    STATUS=CONVERGED      36 CALLS          37 TOTAL
                     EDM=5.49634e-16    STRATEGY= 1      ERROR MATRIX ACCURATE 
  EXT PARAMETER                                   STEP         FIRST   
  NO.   NAME      VALUE            ERROR          SIZE      DERIVATIVE 
   1  p0           1.06744e+00   1.77972e-03   1.69690e-06   3.73325e-06
   2  p1           2.13078e-02   1.25472e-03   1.19633e-06  -2.24767e-05
SaveSource cannot open file: /home/zhangfy/nl_target/toyMC/results/data_16840.C
1.07102	0.00393666
1.0753	0.00353789
1.07372	0.0035034
1.07793	0.0035044
1.07164	0.00339574
1.08883	0.00326769
1.11171	0.00347647
1.14033	0.00498456
 FCN=7.64144 FROM MIGRAD    STATUS=CONVERGED      36 CALLS          37 TOTAL
                     EDM=1.69962e-15    STRATEGY= 1      ERROR MATRIX ACCURATE 
  EXT PARAMETER                                   STEP         FIRST   
  NO.   NAME      VALUE            ERROR          SIZE      DERIVATIVE 
   1  p0           1.06720e+00   1.77863e-03   1.83676e-06   3.03734e-05
   2  p1           1.87844e-02   1.25045e-03   1.29132e-06  -4.74760e-06
SaveSource cannot open file: /home/zhangfy/nl_target/toyMC/results/data_16841.C
1.07242	0.00394179
1.07017	0.00352103
1.07446	0.0035058
1.07155	0.00348364
1.07969	0.00342126
1.09295	0.00328005
1.12614	0.00352162
1.15009	0.00502722
 FCN=5.22405 FROM MIGRAD    STATUS=CONVERGED      36 CALLS          37 TOTAL
                     EDM=1.26685e-15    STRATEGY= 1      ERROR MATRIX ACCURATE 
  EXT PARAMETER                                   STEP         FIRST   
  NO.   NAME      VALUE            ERROR          SIZE      DERIVATIVE 
   1  p0           1.06553e+00   1.77965e-03   1.56308e-06   1.29839e-05
   2  p1           2.36019e-02   1.25967e-03   1.10637e-06  -2.49967e-05
SaveSource cannot open file: /home/zhangfy/nl_target/toyMC/results/data_16842.C
1.07565	0.00395368
1.07004	0.0035206
1.06877	0.00348724
1.08246	0.00351912
1.08304	0.00343187
1.09279	0.00327957
1.11699	0.00349299
1.14699	0.00501364
 FCN=6.55925 FROM MIGRAD    STATUS=CONVERGED      36 CALLS          37 TOTAL
                     EDM=3.34659e-16    STRATEGY= 1      ERROR MATRIX ACCURATE 
  EXT PARAMETER                                   STEP         FIRST   
  NO.   NAME      VALUE            ERROR          SIZE      DERIVATIVE 
   1  p0           1.06836e+00   1.78147e-03   1.72275e-06  -1.41972e-05
   2  p1           2.07520e-02   1.25542e-03   1.21403e-06  -2.86053e-05
SaveSource cannot open file: /home/zhangfy/nl_target/toyMC/results/data_16843.C
1.06857	0.00392765
1.07316	0.00353085
1.07518	0.00350814
1.0875	0.00353551
1.08397	0.00343481
1.09299	0.00328016
1.12209	0.00350893
1.1427	0.0049949
 FCN=5.53772 FROM MIGRAD    STATUS=CONVERGED      36 CALLS          37 TOTAL
                     EDM=1.65717e-15    STRATEGY= 1      ERROR MATRIX ACCURATE 
  EXT PARAMETER                                   STEP         FIRST   
  NO.   NAME      VALUE            ERROR          SIZE      DERIVATIVE 
   1  p0           1.07047e+00   1.78342e-03   1.60472e-06  -3.39212e-05
   2  p1           2.03946e-02   1.25522e-03   1.12945e-06  -3.46009e-06
SaveSource cannot open file: /home/zhangfy/nl_target/toyMC/results/data_16844.C
1.07637	0.00395632
1.06897	0.00351709
1.07329	0.00350199
1.08008	0.00351137
1.08375	0.00343411
1.09332	0.00328117
1.11446	0.00348507
1.14837	0.0050197
 FCN=6.45804 FROM MIGRAD    STATUS=CONVERGED      36 CALLS          37 TOTAL
                     EDM=1.75603e-15    STRATEGY= 1      ERROR MATRIX ACCURATE 
  EXT PARAMETER                                   STEP         FIRST   
  NO.   NAME      VALUE            ERROR          SIZE      DERIVATIVE 
   1  p0           1.06902e+00   1.78251e-03   1.71144e-06   3.21240e-06
   2  p1           2.02471e-02   1.25551e-03   1.20545e-06  -4.39227e-05
SaveSource cannot open file: /home/zhangfy/nl_target/toyMC/results/data_16845.C
1.0687	0.00392812
1.07065	0.00352262
1.06981	0.00349063
1.08632	0.00353166
1.07576	0.00340882
1.09444	0.00328452
1.11964	0.00350129
1.14436	0.00500217
 FCN=10.0457 FROM MIGRAD    STATUS=CONVERGED      34 CALLS          35 TOTAL
                     EDM=1.03697e-16    STRATEGY= 1      ERROR MATRIX ACCURATE 
  EXT PARAMETER                                   STEP         FIRST   
  NO.   NAME      VALUE            ERROR          SIZE      DERIVATIVE 
   1  p0           1.06713e+00   1.77922e-03   2.08132e-06  -3.63368e-06
   2  p1           2.14026e-02   1.25450e-03   1.46750e-06   7.29003e-06
SaveSource cannot open file: /home/zhangfy/nl_target/toyMC/results/data_16846.C
1.0693	0.00393033
1.06959	0.00351911
1.0693	0.00348897
1.07826	0.00350548
1.08174	0.00342775
1.09307	0.00328043
1.11754	0.00349471
1.14922	0.0050234
 FCN=2.9054 FROM MIGRAD    STATUS=CONVERGED      36 CALLS          37 TOTAL
                     EDM=1.05603e-15    STRATEGY= 1      ERROR MATRIX ACCURATE 
  EXT PARAMETER                                   STEP         FIRST   
  NO.   NAME      VALUE            ERROR          SIZE      DERIVATIVE 
   1  p0           1.06592e+00   1.77868e-03   1.23695e-06   3.52461e-06
   2  p1           2.20832e-02   1.25601e-03   8.73472e-07   3.98727e-05
SaveSource cannot open file: /home/zhangfy/nl_target/toyMC/results/data_16847.C
1.06961	0.00393146
1.07002	0.00352053
1.07645	0.00351228
1.07591	0.00349782
1.07994	0.00342206
1.09535	0.00328726
1.11645	0.00349131
1.14834	0.00501954
 FCN=4.89681 FROM MIGRAD    STATUS=CONVERGED      36 CALLS          37 TOTAL
                     EDM=1.51946e-15    STRATEGY= 1      ERROR MATRIX ACCURATE 
  EXT PARAMETER                                   STEP         FIRST   
  NO.   NAME      VALUE            ERROR          SIZE      DERIVATIVE 
   1  p0           1.06733e+00   1.78034e-03   1.52084e-06  -2.24769e-05
   2  p1           2.12818e-02   1.25570e-03   1.07267e-06   1.53181e-05
SaveSource cannot open file: /home/zhangfy/nl_target/toyMC/results/data_16848.C
1.07299	0.00394389
1.07434	0.00353475
1.07223	0.00349852
1.07655	0.00349991
1.08374	0.00343408
1.09016	0.00327169
1.11742	0.00349436
1.14722	0.00501467
 FCN=2.50431 FROM MIGRAD    STATUS=CONVERGED      36 CALLS          37 TOTAL
                     EDM=2.19444e-16    STRATEGY= 1      ERROR MATRIX ACCURATE 
  EXT PARAMETER                                   STEP         FIRST   
  NO.   NAME      VALUE            ERROR          SIZE      DERIVATIVE 
   1  p0           1.06821e+00   1.78179e-03   1.17268e-06   1.03201e-05
   2  p1           2.06411e-02   1.25591e-03   8.26578e-07  -2.76690e-06
SaveSource cannot open file: /home/zhangfy/nl_target/toyMC/results/data_16849.C
1.07126	0.00393753
1.07635	0.00354134
1.07274	0.00350017
1.07469	0.00349386
1.08296	0.00343161
1.08534	0.0032572
1.11962	0.00350122
1.14969	0.00502546
 FCN=6.61515 FROM MIGRAD    STATUS=CONVERGED      36 CALLS          37 TOTAL
                     EDM=2.55473e-16    STRATEGY= 1      ERROR MATRIX ACCURATE 
  EXT PARAMETER                                   STEP         FIRST   
  NO.   NAME      VALUE            ERROR          SIZE      DERIVATIVE 
   1  p0           1.06691e+00   1.78135e-03   1.72787e-06   5.17371e-06
   2  p1           2.14537e-02   1.25783e-03   1.22007e-06  -1.20935e-05
SaveSource cannot open file: /home/zhangfy/nl_target/toyMC/results/data_16850.C
1.07731	0.00395977
1.0681	0.00351421
1.07043	0.00349267
1.08279	0.0035202
1.07892	0.00341881
1.0914	0.0032754
1.12364	0.0035138
1.14222	0.00499282
 FCN=8.26263 FROM MIGRAD    STATUS=CONVERGED      36 CALLS          37 TOTAL
                     EDM=1.04279e-16    STRATEGY= 1      ERROR MATRIX ACCURATE 
  EXT PARAMETER                                   STEP         FIRST   
  NO.   NAME      VALUE            ERROR          SIZE      DERIVATIVE 
   1  p0           1.06782e+00   1.78041e-03   1.90693e-06  -5.97341e-06
   2  p1           2.12720e-02   1.25519e-03   1.34438e-06  -1.56246e-05
SaveSource cannot open file: /home/zhangfy/nl_target/toyMC/results/data_16851.C
1.07491	0.00395094
1.06805	0.00351405
1.07625	0.00351164
1.07453	0.00349333
1.08372	0.00343402
1.09243	0.00327848
1.12189	0.00350833
1.14673	0.00501252
 FCN=5.05346 FROM MIGRAD    STATUS=CONVERGED      36 CALLS          37 TOTAL
                     EDM=6.04013e-15    STRATEGY= 1      ERROR MATRIX ACCURATE 
  EXT PARAMETER                                   STEP         FIRST   
  NO.   NAME      VALUE            ERROR          SIZE      DERIVATIVE 
   1  p0           1.06773e+00   1.78120e-03   1.54202e-06  -2.66536e-05
   2  p1           2.16822e-02   1.25692e-03   1.08814e-06   5.69121e-05
SaveSource cannot open file: /home/zhangfy/nl_target/toyMC/results/data_16852.C
1.07287	0.00394345
1.07008	0.00352072
1.07428	0.0035052
1.08043	0.00351253
1.07994	0.00342204
1.09274	0.00327941
1.11918	0.00349985
1.1497	0.00502551
 FCN=1.77888 FROM MIGRAD    STATUS=CONVERGED      36 CALLS          37 TOTAL
                     EDM=8.43407e-17    STRATEGY= 1      ERROR MATRIX ACCURATE 
  EXT PARAMETER                                   STEP         FIRST   
  NO.   NAME      VALUE            ERROR          SIZE      DERIVATIVE 
   1  p0           1.06771e+00   1.78166e-03   1.04472e-06  -5.41934e-06
   2  p1           2.16357e-02   1.25753e-03   7.37379e-07   3.39671e-06
SaveSource cannot open file: /home/zhangfy/nl_target/toyMC/results/data_16853.C
1.07416	0.00394821
1.07092	0.0035235
1.07668	0.00351304
1.08157	0.00351623
1.0914	0.00345837
1.09544	0.00328752
1.11798	0.00349609
1.16039	0.00507221
 FCN=12.5745 FROM MIGRAD    STATUS=CONVERGED      36 CALLS          37 TOTAL
                     EDM=2.29702e-16    STRATEGY= 1      ERROR MATRIX ACCURATE 
  EXT PARAMETER                                   STEP         FIRST   
  NO.   NAME      VALUE            ERROR          SIZE      DERIVATIVE 
   1  p0           1.07039e+00   1.78734e-03   2.31590e-06  -1.18506e-05
   2  p1           2.22208e-02   1.26303e-03   1.63654e-06  -2.35539e-05
SaveSource cannot open file: /home/zhangfy/nl_target/toyMC/results/data_16854.C
1.06823	0.00392639
1.07123	0.00352451
1.06887	0.00348755
1.08043	0.00351251
1.0787	0.00341812
1.09176	0.00327649
1.11505	0.00348694
1.15653	0.00505535
 FCN=7.8762 FROM MIGRAD    STATUS=CONVERGED      36 CALLS          37 TOTAL
                     EDM=2.50793e-16    STRATEGY= 1      ERROR MATRIX ACCURATE 
  EXT PARAMETER                                   STEP         FIRST   
  NO.   NAME      VALUE            ERROR          SIZE      DERIVATIVE 
   1  p0           1.06508e+00   1.77938e-03   1.86451e-06  -6.13076e-06
   2  p1           2.27753e-02   1.25885e-03   1.31907e-06   1.06488e-05
SaveSource cannot open file: /home/zhangfy/nl_target/toyMC/results/data_16855.C
1.07006	0.00393312
1.065	0.00350401
1.07309	0.00350133
1.07509	0.00349516
1.08335	0.00343284
1.09349	0.00328168
1.11971	0.00350149
1.14335	0.00499776
 FCN=5.52786 FROM MIGRAD    STATUS=CONVERGED      36 CALLS          37 TOTAL
                     EDM=4.61521e-16    STRATEGY= 1      ERROR MATRIX ACCURATE 
  EXT PARAMETER                                   STEP         FIRST   
  NO.   NAME      VALUE            ERROR          SIZE      DERIVATIVE 
   1  p0           1.06606e+00   1.77745e-03   1.59885e-06  -1.41725e-05
   2  p1           2.16847e-02   1.25364e-03   1.12767e-06   5.50353e-06
SaveSource cannot open file: /home/zhangfy/nl_target/toyMC/results/data_16856.C
1.07352	0.00394584
1.07304	0.00353046
1.0723	0.00349875
1.07548	0.00349644
1.07991	0.00342196
1.09261	0.00327903
1.123	0.0035118
1.15986	0.00506992
 FCN=4.03604 FROM MIGRAD    STATUS=CONVERGED      36 CALLS          37 TOTAL
                     EDM=7.47528e-17    STRATEGY= 1      ERROR MATRIX ACCURATE 
  EXT PARAMETER                                   STEP         FIRST   
  NO.   NAME      VALUE            ERROR          SIZE      DERIVATIVE 
   1  p0           1.06587e+00   1.78240e-03   1.40720e-06  -9.41227e-06
   2  p1           2.42025e-02   1.26384e-03   9.97802e-07  -7.74640e-06
SaveSource cannot open file: /home/zhangfy/nl_target/toyMC/results/data_16857.C
1.06845	0.00392719
1.07349	0.00353194
1.07282	0.00350046
1.07787	0.00350419
1.07998	0.00342219
1.09481	0.00328564
1.12089	0.00350518
1.14429	0.00500183
 FCN=2.19574 FROM MIGRAD    STATUS=CONVERGED      36 CALLS          37 TOTAL
                     EDM=4.28582e-17    STRATEGY= 1      ERROR MATRIX ACCURATE 
  EXT PARAMETER                                   STEP         FIRST   
  NO.   NAME      VALUE            ERROR          SIZE      DERIVATIVE 
   1  p0           1.06758e+00   1.78001e-03   1.11997e-06   2.83432e-06
   2  p1           2.14044e-02   1.25510e-03   7.89702e-07   9.56980e-06
SaveSource cannot open file: /home/zhangfy/nl_target/toyMC/results/data_16858.C
1.07288	0.00394349
1.0682	0.00351454
1.07851	0.00351903
1.08115	0.00351485
1.08121	0.00342607
1.09282	0.00327965
1.11222	0.00347807
1.14221	0.00499275
 FCN=5.89579 FROM MIGRAD    STATUS=CONVERGED      36 CALLS          37 TOTAL
                     EDM=5.60485e-16    STRATEGY= 1      ERROR MATRIX ACCURATE 
  EXT PARAMETER                                   STEP         FIRST   
  NO.   NAME      VALUE            ERROR          SIZE      DERIVATIVE 
   1  p0           1.06974e+00   1.78172e-03   1.64454e-06  -1.64791e-05
   2  p1           1.87346e-02   1.25171e-03   1.15534e-06   4.46265e-06
SaveSource cannot open file: /home/zhangfy/nl_target/toyMC/results/data_16859.C
1.07519	0.00395198
1.06932	0.00351822
1.06773	0.00348383
1.07862	0.00350664
1.08056	0.00342403
1.08904	0.00326832
1.12177	0.00350794
1.13994	0.00498284
 FCN=5.89239 FROM MIGRAD    STATUS=CONVERGED      36 CALLS          37 TOTAL
                     EDM=5.4389e-17    STRATEGY= 1      ERROR MATRIX ACCURATE 
  EXT PARAMETER                                   STEP         FIRST   
  NO.   NAME      VALUE            ERROR          SIZE      DERIVATIVE 
   1  p0           1.06663e+00   1.77814e-03   1.64268e-06  -2.10193e-06
   2  p1           2.09533e-02   1.25306e-03   1.15759e-06   5.97314e-06
SaveSource cannot open file: /home/zhangfy/nl_target/toyMC/results/data_16860.C
1.069	0.00392921
1.06753	0.00351235
1.07817	0.0035179
1.08332	0.00352191
1.08409	0.00343519
1.09357	0.00328192
1.12121	0.00350619
1.1512	0.00503206
 FCN=5.34699 FROM MIGRAD    STATUS=CONVERGED      36 CALLS          37 TOTAL
                     EDM=2.50872e-15    STRATEGY= 1      ERROR MATRIX ACCURATE 
  EXT PARAMETER                                   STEP         FIRST   
  NO.   NAME      VALUE            ERROR          SIZE      DERIVATIVE 
   1  p0           1.06841e+00   1.78272e-03   1.58064e-06  -5.28054e-05
   2  p1           2.21756e-02   1.25882e-03   1.11613e-06  -3.56801e-05
SaveSource cannot open file: /home/zhangfy/nl_target/toyMC/results/data_16861.C
1.07409	0.00394794
1.07625	0.00354104
1.06905	0.00348815
1.08139	0.00351564
1.08197	0.00342849
1.08867	0.0032672
1.12404	0.00351505
1.15079	0.00503025
 FCN=5.739 FROM MIGRAD    STATUS=CONVERGED      36 CALLS          37 TOTAL
                     EDM=7.10919e-16    STRATEGY= 1      ERROR MATRIX ACCURATE 
  EXT PARAMETER                                   STEP         FIRST   
  NO.   NAME      VALUE            ERROR          SIZE      DERIVATIVE 
   1  p0           1.06781e+00   1.78292e-03   1.62800e-06  -1.67352e-05
   2  p1           2.22933e-02   1.25997e-03   1.15049e-06   8.16392e-06
SaveSource cannot open file: /home/zhangfy/nl_target/toyMC/results/data_16862.C
1.06589	0.00391779
1.07482	0.00353631
1.077	0.00351408
1.0772	0.00350201
1.08302	0.00343181
1.08865	0.00326716
1.11532	0.00348777
1.14736	0.00501528
 FCN=5.28982 FROM MIGRAD    STATUS=CONVERGED      36 CALLS          37 TOTAL
                     EDM=2.70205e-16    STRATEGY= 1      ERROR MATRIX ACCURATE 
  EXT PARAMETER                                   STEP         FIRST   
  NO.   NAME      VALUE            ERROR          SIZE      DERIVATIVE 
   1  p0           1.06790e+00   1.78116e-03   1.57025e-06   1.81213e-05
   2  p1           2.03684e-02   1.25508e-03   1.10646e-06   1.72986e-05
SaveSource cannot open file: /home/zhangfy/nl_target/toyMC/results/data_16863.C
1.0737	0.00394649
1.06778	0.00351316
1.07208	0.00349803
1.07742	0.00350273
1.08612	0.00344164
1.08967	0.00327021
1.12491	0.00351776
1.14125	0.00498858
 FCN=7.21909 FROM MIGRAD    STATUS=CONVERGED      36 CALLS          37 TOTAL
                     EDM=1.96553e-17    STRATEGY= 1      ERROR MATRIX ACCURATE 
  EXT PARAMETER                                   STEP         FIRST   
  NO.   NAME      VALUE            ERROR          SIZE      DERIVATIVE 
   1  p0           1.06754e+00   1.77973e-03   1.79618e-06  -4.88548e-06
   2  p1           2.14878e-02   1.25484e-03   1.26644e-06  -4.70586e-06
SaveSource cannot open file: /home/zhangfy/nl_target/toyMC/results/data_16864.C
1.06678	0.00392108
1.07599	0.00354018
1.07579	0.00351015
1.07881	0.00350725
1.0788	0.00341843
1.08509	0.00325646
1.11713	0.00349343
1.1452	0.00500583
 FCN=5.4663 FROM MIGRAD    STATUS=CONVERGED      36 CALLS          37 TOTAL
                     EDM=2.69567e-16    STRATEGY= 1      ERROR MATRIX ACCURATE 
  EXT PARAMETER                                   STEP         FIRST   
  NO.   NAME      VALUE            ERROR          SIZE      DERIVATIVE 
   1  p0           1.06722e+00   1.78034e-03   1.59106e-06  -1.77448e-05
   2  p1           2.03100e-02   1.25465e-03   1.12126e-06  -1.37335e-05
SaveSource cannot open file: /home/zhangfy/nl_target/toyMC/results/data_16865.C
1.07039	0.00393433
1.06789	0.0035135
1.07693	0.00351385
1.07684	0.00350085
1.07969	0.00342125
1.08875	0.00326746
1.12128	0.00350641
1.14391	0.00500021
 FCN=2.7559 FROM MIGRAD    STATUS=CONVERGED      36 CALLS          37 TOTAL
                     EDM=1.30672e-14    STRATEGY= 1      ERROR MATRIX ACCURATE 
  EXT PARAMETER                                   STEP         FIRST   
  NO.   NAME      VALUE            ERROR          SIZE      DERIVATIVE 
   1  p0           1.06651e+00   1.77902e-03   1.21298e-06   5.55079e-05
   2  p1           2.14124e-02   1.25497e-03   8.55670e-07  -6.11053e-05
SaveSource cannot open file: /home/zhangfy/nl_target/toyMC/results/data_16866.C
1.06509	0.00391484
1.07109	0.00352404
1.07699	0.00351405
1.07759	0.00350329
1.0813	0.00342636
1.08628	0.00326003
1.11426	0.00348447
1.15214	0.00503615
 FCN=8.12236 FROM MIGRAD    STATUS=CONVERGED      36 CALLS          37 TOTAL
                     EDM=1.17424e-16    STRATEGY= 1      ERROR MATRIX ACCURATE 
  EXT PARAMETER                                   STEP         FIRST   
  NO.   NAME      VALUE            ERROR          SIZE      DERIVATIVE 
   1  p0           1.06591e+00   1.77971e-03   1.88934e-06   1.06478e-05
   2  p1           2.14093e-02   1.25667e-03   1.33408e-06   4.90997e-06
SaveSource cannot open file: /home/zhangfy/nl_target/toyMC/results/data_16867.C
1.06997	0.00393278
1.07491	0.00353663
1.07694	0.00351389
1.0815	0.003516
1.08217	0.00342913
1.08858	0.00326694
1.11399	0.0034836
1.14755	0.00501611
 FCN=4.31449 FROM MIGRAD    STATUS=CONVERGED      36 CALLS          37 TOTAL
                     EDM=5.25e-16    STRATEGY= 1      ERROR MATRIX ACCURATE 
  EXT PARAMETER                                   STEP         FIRST   
  NO.   NAME      VALUE            ERROR          SIZE      DERIVATIVE 
   1  p0           1.06941e+00   1.78321e-03   1.44436e-06   1.79406e-06
   2  p1           1.95641e-02   1.25520e-03   1.01669e-06  -2.39804e-05
SaveSource cannot open file: /home/zhangfy/nl_target/toyMC/results/data_16868.C
1.07935	0.00396727
1.07291	0.00353002
1.07284	0.00350053
1.07256	0.00348693
1.07706	0.00341291
1.09441	0.00328443
1.12143	0.00350689
1.15124	0.00503225
 FCN=11.0369 FROM MIGRAD    STATUS=CONVERGED      36 CALLS          37 TOTAL
                     EDM=5.98967e-17    STRATEGY= 1      ERROR MATRIX ACCURATE 
  EXT PARAMETER                                   STEP         FIRST   
  NO.   NAME      VALUE            ERROR          SIZE      DERIVATIVE 
   1  p0           1.06713e+00   1.78198e-03   2.17438e-06   3.88050e-07
   2  p1           2.22703e-02   1.25941e-03   1.53674e-06   9.06243e-06
SaveSource cannot open file: /home/zhangfy/nl_target/toyMC/results/data_16869.C
1.07284	0.00394334
1.0664	0.0035086
1.07791	0.00351707
1.07898	0.00350781
1.08371	0.00343399
1.09551	0.00328773
1.11887	0.00349888
1.14887	0.00502188
 FCN=6.46565 FROM MIGRAD    STATUS=CONVERGED      36 CALLS          37 TOTAL
                     EDM=1.75951e-15    STRATEGY= 1      ERROR MATRIX ACCURATE 
  EXT PARAMETER                                   STEP         FIRST   
  NO.   NAME      VALUE            ERROR          SIZE      DERIVATIVE 
   1  p0           1.06855e+00   1.78215e-03   1.71340e-06  -3.43292e-05
   2  p1           2.14430e-02   1.25697e-03   1.20848e-06  -2.16995e-06
SaveSource cannot open file: /home/zhangfy/nl_target/toyMC/results/data_16870.C
1.07146	0.00393828
1.07229	0.003528
1.07012	0.00349164
1.08027	0.00351202
1.07865	0.00341796
1.09236	0.00327828
1.11843	0.0034975
1.14819	0.00501892
 FCN=2.44293 FROM MIGRAD    STATUS=CONVERGED      36 CALLS          37 TOTAL
                     EDM=9.82557e-17    STRATEGY= 1      ERROR MATRIX ACCURATE 
  EXT PARAMETER                                   STEP         FIRST   
  NO.   NAME      VALUE            ERROR          SIZE      DERIVATIVE 
   1  p0           1.06690e+00   1.78014e-03   1.16193e-06   9.81165e-06
   2  p1           2.15724e-02   1.25628e-03   8.19997e-07   4.72388e-06
SaveSource cannot open file: /home/zhangfy/nl_target/toyMC/results/data_16871.C
1.07485	0.00395075
1.07781	0.00354614
1.07096	0.00349438
1.07718	0.00350196
1.08481	0.00343748
1.09003	0.00327129
1.11999	0.00350237
1.15441	0.00504608
 FCN=7.16165 FROM MIGRAD    STATUS=CONVERGED      36 CALLS          37 TOTAL
                     EDM=2.55732e-17    STRATEGY= 1      ERROR MATRIX ACCURATE 
  EXT PARAMETER                                   STEP         FIRST   
  NO.   NAME      VALUE            ERROR          SIZE      DERIVATIVE 
   1  p0           1.06850e+00   1.78440e-03   1.79209e-06   1.14982e-06
   2  p1           2.18711e-02   1.26072e-03   1.26615e-06   6.67982e-06
SaveSource cannot open file: /home/zhangfy/nl_target/toyMC/results/data_16872.C
1.06114	0.00390032
1.07355	0.00353215
1.0709	0.0034942
1.08185	0.00351713
1.07908	0.00341931
1.09301	0.00328024
1.11508	0.00348701
1.1472	0.00501458
 FCN=9.4937 FROM MIGRAD    STATUS=CONVERGED      36 CALLS          37 TOTAL
                     EDM=1.03913e-15    STRATEGY= 1      ERROR MATRIX ACCURATE 
  EXT PARAMETER                                   STEP         FIRST   
  NO.   NAME      VALUE            ERROR          SIZE      DERIVATIVE 
   1  p0           1.06612e+00   1.77808e-03   2.02669e-06   3.20245e-05
   2  p1           2.13563e-02   1.25404e-03   1.42938e-06   1.56431e-05
SaveSource cannot open file: /home/zhangfy/nl_target/toyMC/results/data_16873.C
1.07202	0.00394034
1.07469	0.00353589
1.06455	0.00347348
1.08217	0.00351818
1.07787	0.00341548
1.09181	0.00327663
1.11986	0.00350197
1.14849	0.00502023
 FCN=9.53405 FROM MIGRAD    STATUS=CONVERGED      36 CALLS          37 TOTAL
                     EDM=1.06172e-16    STRATEGY= 1      ERROR MATRIX ACCURATE 
  EXT PARAMETER                                   STEP         FIRST   
  NO.   NAME      VALUE            ERROR          SIZE      DERIVATIVE 
   1  p0           1.06632e+00   1.77962e-03   2.03218e-06   6.51652e-06
   2  p1           2.20391e-02   1.25679e-03   1.43515e-06  -3.10056e-06
SaveSource cannot open file: /home/zhangfy/nl_target/toyMC/results/data_16874.C
1.07209	0.00394059
1.07699	0.00354344
1.07316	0.00350157
1.07577	0.00349738
1.08164	0.00342743
1.09616	0.00328968
1.12242	0.00350996
1.1495	0.00502464
 FCN=4.12116 FROM MIGRAD    STATUS=CONVERGED      36 CALLS          37 TOTAL
                     EDM=1.88091e-15    STRATEGY= 1      ERROR MATRIX ACCURATE 
  EXT PARAMETER                                   STEP         FIRST   
  NO.   NAME      VALUE            ERROR          SIZE      DERIVATIVE 
   1  p0           1.06862e+00   1.78307e-03   1.41983e-06   2.64451e-05
   2  p1           2.19721e-02   1.25883e-03   1.00239e-06  -1.45912e-05
SaveSource cannot open file: /home/zhangfy/nl_target/toyMC/results/data_16875.C
1.07206	0.00394047
1.07387	0.00353319
1.06945	0.00348946
1.08453	0.00352585
1.08317	0.00343229
1.09455	0.00328485
1.12082	0.00350496
1.13767	0.00497292
 FCN=6.85377 FROM MIGRAD    STATUS=CONVERGED      36 CALLS          37 TOTAL
                     EDM=7.95227e-15    STRATEGY= 1      ERROR MATRIX ACCURATE 
  EXT PARAMETER                                   STEP         FIRST   
  NO.   NAME      VALUE            ERROR          SIZE      DERIVATIVE 
   1  p0           1.07011e+00   1.78154e-03   1.75712e-06  -6.30893e-05
   2  p1           1.96677e-02   1.25213e-03   1.23496e-06   1.49682e-05
SaveSource cannot open file: /home/zhangfy/nl_target/toyMC/results/data_16876.C
1.0698	0.00393218
1.07025	0.00352129
1.0696	0.00348996
1.08094	0.00351419
1.0805	0.00342382
1.09803	0.00329531
1.11804	0.00349628
1.14621	0.00501026
 FCN=7.1818 FROM MIGRAD    STATUS=CONVERGED      36 CALLS          37 TOTAL
                     EDM=9.73871e-16    STRATEGY= 1      ERROR MATRIX ACCURATE 
  EXT PARAMETER                                   STEP         FIRST   
  NO.   NAME      VALUE            ERROR          SIZE      DERIVATIVE 
   1  p0           1.06746e+00   1.77966e-03   1.79202e-06   1.40139e-05
   2  p1           2.15210e-02   1.25487e-03   1.26359e-06  -1.83457e-05
SaveSource cannot open file: /home/zhangfy/nl_target/toyMC/results/data_16877.C
1.07123	0.00393742
1.0718	0.0035264
1.0676	0.00348342
1.07755	0.00350316
1.07838	0.0034171
1.09106	0.00327437
1.11564	0.00348877
1.14478	0.00500398
 FCN=3.21754 FROM MIGRAD    STATUS=CONVERGED      36 CALLS          37 TOTAL
                     EDM=2.76898e-15    STRATEGY= 1      ERROR MATRIX ACCURATE 
  EXT PARAMETER                                   STEP         FIRST   
  NO.   NAME      VALUE            ERROR          SIZE      DERIVATIVE 
   1  p0           1.06593e+00   1.77778e-03   1.28410e-06   3.55607e-05
   2  p1           2.09019e-02   1.25332e-03   9.05280e-07  -1.19732e-05
SaveSource cannot open file: /home/zhangfy/nl_target/toyMC/results/data_16878.C
1.07245	0.00394189
1.07883	0.00354952
1.07413	0.00350474
1.07372	0.00349072
1.07721	0.0034134
1.09014	0.00327163
1.12266	0.00351073
1.15189	0.00503507
 FCN=8.28655 FROM MIGRAD    STATUS=CONVERGED      36 CALLS          37 TOTAL
                     EDM=1.04234e-15    STRATEGY= 1      ERROR MATRIX ACCURATE 
  EXT PARAMETER                                   STEP         FIRST   
  NO.   NAME      VALUE            ERROR          SIZE      DERIVATIVE 
   1  p0           1.06701e+00   1.78236e-03   1.90980e-06  -9.99420e-06
   2  p1           2.23555e-02   1.26021e-03   1.35031e-06  -4.45795e-05
SaveSource cannot open file: /home/zhangfy/nl_target/toyMC/results/data_16879.C
1.07111	0.003937
1.06797	0.00351378
1.08016	0.00352441
1.08275	0.00352005
1.07941	0.00342036
1.09314	0.00328062
1.11712	0.00349341
1.15294	0.00503965
 FCN=8.77016 FROM MIGRAD    STATUS=CONVERGED      36 CALLS          37 TOTAL
                     EDM=1.07868e-16    STRATEGY= 1      ERROR MATRIX ACCURATE 
  EXT PARAMETER                                   STEP         FIRST   
  NO.   NAME      VALUE            ERROR          SIZE      DERIVATIVE 
   1  p0           1.06837e+00   1.78310e-03   1.95989e-06  -1.32555e-06
   2  p1           2.15141e-02   1.25861e-03   1.38340e-06   1.02884e-05
SaveSource cannot open file: /home/zhangfy/nl_target/toyMC/results/data_16880.C
1.06897	0.00392912
1.06681	0.00350996
1.07136	0.0034957
1.08146	0.00351587
1.08285	0.00343128
1.08864	0.00326712
1.12268	0.00351078
1.13899	0.0049787
 FCN=5.89199 FROM MIGRAD    STATUS=CONVERGED      36 CALLS          37 TOTAL
                     EDM=7.56425e-17    STRATEGY= 1      ERROR MATRIX ACCURATE 
  EXT PARAMETER                                   STEP         FIRST   
  NO.   NAME      VALUE            ERROR          SIZE      DERIVATIVE 
   1  p0           1.06664e+00   1.77762e-03   1.64292e-06  -4.83306e-06
   2  p1           2.11330e-02   1.25252e-03   1.15760e-06   3.73078e-06
SaveSource cannot open file: /home/zhangfy/nl_target/toyMC/results/data_16881.C
1.06757	0.00392397
1.07361	0.00353234
1.07682	0.00351349
1.07937	0.00350908
1.08384	0.00343439
1.09151	0.00327572
1.11048	0.00347265
1.14755	0.0050161
 FCN=7.83184 FROM MIGRAD    STATUS=CONVERGED      36 CALLS          37 TOTAL
                     EDM=3.1871e-16    STRATEGY= 1      ERROR MATRIX ACCURATE 
  EXT PARAMETER                                   STEP         FIRST   
  NO.   NAME      VALUE            ERROR          SIZE      DERIVATIVE 
   1  p0           1.06913e+00   1.78211e-03   1.86107e-06   9.09504e-06
   2  p1           1.93204e-02   1.25370e-03   1.30925e-06  -8.88347e-06
SaveSource cannot open file: /home/zhangfy/nl_target/toyMC/results/data_16882.C
1.06843	0.00392714
1.06498	0.00350394
1.07643	0.00351224
1.08055	0.00351291
1.07525	0.0034072
1.08899	0.00326815
1.12376	0.00351416
1.14425	0.00500168
 FCN=7.6196 FROM MIGRAD    STATUS=CONVERGED      36 CALLS          37 TOTAL
                     EDM=6.29332e-16    STRATEGY= 1      ERROR MATRIX ACCURATE 
  EXT PARAMETER                                   STEP         FIRST   
  NO.   NAME      VALUE            ERROR          SIZE      DERIVATIVE 
   1  p0           1.06509e+00   1.77732e-03   1.83683e-06  -1.42475e-05
   2  p1           2.24359e-02   1.25550e-03   1.29754e-06   1.02523e-05
SaveSource cannot open file: /home/zhangfy/nl_target/toyMC/results/data_16883.C
1.07424	0.00394849
1.07444	0.00353508
1.07261	0.00349977
1.08015	0.0035116
1.0813	0.00342637
1.08777	0.0032645
1.11613	0.00349031
1.13733	0.00497141
 FCN=1.34804 FROM MIGRAD    STATUS=CONVERGED      38 CALLS          39 TOTAL
                     EDM=3.43918e-16    STRATEGY= 1      ERROR MATRIX ACCURATE 
  EXT PARAMETER                                   STEP         FIRST   
  NO.   NAME      VALUE            ERROR          SIZE      DERIVATIVE 
   1  p0           1.06954e+00   1.78113e-03   9.59194e-07   1.29353e-05
   2  p1           1.84258e-02   1.25074e-03   6.73563e-07  -3.45728e-06
SaveSource cannot open file: /home/zhangfy/nl_target/toyMC/results/data_16884.C
1.06958	0.00393137
1.07171	0.0035261
1.07353	0.00350276
1.07514	0.00349532
1.08846	0.00344904
1.09188	0.00327686
1.11857	0.00349793
1.15152	0.00503347
 FCN=6.68769 FROM MIGRAD    STATUS=CONVERGED      36 CALLS          37 TOTAL
                     EDM=2.85613e-16    STRATEGY= 1      ERROR MATRIX ACCURATE 
  EXT PARAMETER                                   STEP         FIRST   
  NO.   NAME      VALUE            ERROR          SIZE      DERIVATIVE 
   1  p0           1.06758e+00   1.78167e-03   1.73787e-06  -1.08271e-05
   2  p1           2.19173e-02   1.25803e-03   1.22711e-06   4.82230e-06
SaveSource cannot open file: /home/zhangfy/nl_target/toyMC/results/data_16885.C
1.07403	0.0039477
1.06722	0.0035113
1.07676	0.00351332
1.07522	0.00349558
1.08615	0.00344171
1.0864	0.0032604
1.11802	0.0034962
1.14255	0.00499425
 FCN=7.88129 FROM MIGRAD    STATUS=CONVERGED      36 CALLS          37 TOTAL
                     EDM=3.01277e-16    STRATEGY= 1      ERROR MATRIX ACCURATE 
  EXT PARAMETER                                   STEP         FIRST   
  NO.   NAME      VALUE            ERROR          SIZE      DERIVATIVE 
   1  p0           1.06787e+00   1.78028e-03   1.86539e-06   7.30868e-06
   2  p1           2.00862e-02   1.25352e-03   1.31345e-06  -1.08972e-05
SaveSource cannot open file: /home/zhangfy/nl_target/toyMC/results/data_16886.C
1.07883	0.00396535
1.07327	0.00353121
1.07324	0.00350181
1.08153	0.00351609
1.0799	0.00342193
1.09108	0.00327444
1.11589	0.00348954
1.15694	0.00505716
 FCN=10.633 FROM MIGRAD    STATUS=CONVERGED      36 CALLS          37 TOTAL
                     EDM=3.13213e-15    STRATEGY= 1      ERROR MATRIX ACCURATE 
  EXT PARAMETER                                   STEP         FIRST   
  NO.   NAME      VALUE            ERROR          SIZE      DERIVATIVE 
   1  p0           1.06878e+00   1.78510e-03   2.13913e-06  -4.63784e-06
   2  p1           2.13783e-02   1.26079e-03   1.51084e-06   5.80377e-05
SaveSource cannot open file: /home/zhangfy/nl_target/toyMC/results/data_16887.C
1.07317	0.00394455
1.06711	0.00351094
1.07372	0.0035034
1.07901	0.0035079
1.08361	0.00343367
1.09422	0.00328386
1.11541	0.00348806
1.14301	0.00499625
 FCN=5.14247 FROM MIGRAD    STATUS=CONVERGED      36 CALLS          37 TOTAL
                     EDM=9.95424e-17    STRATEGY= 1      ERROR MATRIX ACCURATE 
  EXT PARAMETER                                   STEP         FIRST   
  NO.   NAME      VALUE            ERROR          SIZE      DERIVATIVE 
   1  p0           1.06845e+00   1.78024e-03   1.55207e-06  -1.08599e-05
   2  p1           2.00340e-02   1.25272e-03   1.09216e-06  -8.90285e-06
SaveSource cannot open file: /home/zhangfy/nl_target/toyMC/results/data_16888.C
1.07228	0.00394128
1.07005	0.00352062
1.07738	0.00351534
1.08237	0.00351883
1.08507	0.0034383
1.09245	0.00327854
1.12439	0.00351615
1.14354	0.00499857
 FCN=3.11453 FROM MIGRAD    STATUS=CONVERGED      36 CALLS          37 TOTAL
                     EDM=4.43611e-17    STRATEGY= 1      ERROR MATRIX ACCURATE 
  EXT PARAMETER                                   STEP         FIRST   
  NO.   NAME      VALUE            ERROR          SIZE      DERIVATIVE 
   1  p0           1.06990e+00   1.78327e-03   1.27308e-06   7.31807e-06
   2  p1           2.10104e-02   1.25643e-03   8.96969e-07   6.80762e-06
SaveSource cannot open file: /home/zhangfy/nl_target/toyMC/results/data_16889.C
1.07296	0.00394378
1.06903	0.00351727
1.07791	0.00351706
1.07925	0.00350869
1.08448	0.00343642
1.09265	0.00327914
1.11369	0.00348268
1.13854	0.00497671
 FCN=3.87822 FROM MIGRAD    STATUS=CONVERGED      36 CALLS          37 TOTAL
                     EDM=2.2954e-16    STRATEGY= 1      ERROR MATRIX ACCURATE 
  EXT PARAMETER                                   STEP         FIRST   
  NO.   NAME      VALUE            ERROR          SIZE      DERIVATIVE 
   1  p0           1.07032e+00   1.78165e-03   1.38342e-06  -9.90227e-06
   2  p1           1.83210e-02   1.25040e-03   9.70921e-07   4.00788e-06
SaveSource cannot open file: /home/zhangfy/nl_target/toyMC/results/data_16890.C
1.07317	0.00394456
1.07218	0.00352764
1.07716	0.00351462
1.07683	0.00350083
1.08109	0.0034257
1.09116	0.00327468
1.11466	0.00348571
1.14874	0.00502132
 FCN=3.89447 FROM MIGRAD    STATUS=CONVERGED      36 CALLS          37 TOTAL
                     EDM=2.74018e-16    STRATEGY= 1      ERROR MATRIX ACCURATE 
  EXT PARAMETER                                   STEP         FIRST   
  NO.   NAME      VALUE            ERROR          SIZE      DERIVATIVE 
   1  p0           1.06855e+00   1.78240e-03   1.38584e-06   2.22311e-06
   2  p1           2.02397e-02   1.25590e-03   9.76478e-07  -1.63109e-05
SaveSource cannot open file: /home/zhangfy/nl_target/toyMC/results/data_16891.C
1.06943	0.0039308
1.07097	0.00352364
1.07288	0.00350065
1.08303	0.00352098
1.0829	0.00343143
1.09703	0.00329229
1.11996	0.00350228
1.15426	0.00504541
 FCN=4.89509 FROM MIGRAD    STATUS=CONVERGED      36 CALLS          37 TOTAL
                     EDM=9.25005e-16    STRATEGY= 1      ERROR MATRIX ACCURATE 
  EXT PARAMETER                                   STEP         FIRST   
  NO.   NAME      VALUE            ERROR          SIZE      DERIVATIVE 
   1  p0           1.06808e+00   1.78276e-03   1.52353e-06   2.15409e-05
   2  p1           2.26653e-02   1.25987e-03   1.07667e-06  -5.00319e-06
SaveSource cannot open file: /home/zhangfy/nl_target/toyMC/results/data_16892.C
1.06366	0.0039096
1.06988	0.00352005
1.07534	0.00350867
1.08219	0.00351825
1.08207	0.00342881
1.09549	0.00328767
1.11533	0.00348779
1.15349	0.00504205
 FCN=10.5433 FROM MIGRAD    STATUS=CONVERGED      36 CALLS          37 TOTAL
                     EDM=6.73912e-16    STRATEGY= 1      ERROR MATRIX ACCURATE 
  EXT PARAMETER                                   STEP         FIRST   
  NO.   NAME      VALUE            ERROR          SIZE      DERIVATIVE 
   1  p0           1.06707e+00   1.78073e-03   2.12886e-06  -7.53062e-07
   2  p1           2.20827e-02   1.25752e-03   1.50336e-06  -2.99238e-05
SaveSource cannot open file: /home/zhangfy/nl_target/toyMC/results/data_16893.C
1.06795	0.00392535
1.07038	0.00352171
1.07537	0.00350876
1.08167	0.00351657
1.08064	0.00342426
1.0888	0.00326758
1.12217	0.00350918
1.14971	0.00502553
 FCN=2.18512 FROM MIGRAD    STATUS=CONVERGED      36 CALLS          37 TOTAL
                     EDM=2.49628e-15    STRATEGY= 1      ERROR MATRIX ACCURATE 
  EXT PARAMETER                                   STEP         FIRST   
  NO.   NAME      VALUE            ERROR          SIZE      DERIVATIVE 
   1  p0           1.06675e+00   1.78075e-03   1.11817e-06   3.68557e-05
   2  p1           2.23357e-02   1.25823e-03   7.90073e-07  -5.55623e-06
SaveSource cannot open file: /home/zhangfy/nl_target/toyMC/results/data_16894.C
1.08172	0.00397597
1.07388	0.00353323
1.07479	0.00350688
1.08033	0.00351219
1.08069	0.00342443
1.09283	0.0032797
1.11566	0.00348882
1.14472	0.00500372
 FCN=6.07677 FROM MIGRAD    STATUS=CONVERGED      34 CALLS          35 TOTAL
                     EDM=2.55087e-16    STRATEGY= 1      ERROR MATRIX ACCURATE 
  EXT PARAMETER                                   STEP         FIRST   
  NO.   NAME      VALUE            ERROR          SIZE      DERIVATIVE 
   1  p0           1.07119e+00   1.78515e-03   1.66848e-06   7.94231e-06
   2  p1           1.89194e-02   1.25502e-03   1.17300e-06  -8.21167e-06
SaveSource cannot open file: /home/zhangfy/nl_target/toyMC/results/data_16895.C
1.07171	0.00393918
1.0749	0.00353659
1.07518	0.00350817
1.08245	0.00351908
1.07748	0.00341424
1.09716	0.00329267
1.11819	0.00349674
1.16048	0.00507263
 FCN=10.7245 FROM MIGRAD    STATUS=CONVERGED      36 CALLS          37 TOTAL
                     EDM=4.59467e-16    STRATEGY= 1      ERROR MATRIX ACCURATE 
  EXT PARAMETER                                   STEP         FIRST   
  NO.   NAME      VALUE            ERROR          SIZE      DERIVATIVE 
   1  p0           1.06830e+00   1.78498e-03   2.14938e-06   9.84714e-06
   2  p1           2.28528e-02   1.26297e-03   1.52080e-06   3.14641e-05
SaveSource cannot open file: /home/zhangfy/nl_target/toyMC/results/data_16896.C
1.07199	0.00394021
1.06856	0.00351572
1.07097	0.00349441
1.07092	0.0034816
1.08147	0.0034269
1.09152	0.00327575
1.11111	0.0034746
1.14992	0.00502646
 FCN=10.2728 FROM MIGRAD    STATUS=CONVERGED      36 CALLS          37 TOTAL
                     EDM=7.85024e-17    STRATEGY= 1      ERROR MATRIX ACCURATE 
  EXT PARAMETER                                   STEP         FIRST   
  NO.   NAME      VALUE            ERROR          SIZE      DERIVATIVE 
   1  p0           1.06517e+00   1.77765e-03   2.09825e-06  -4.01073e-06
   2  p1           2.10906e-02   1.25427e-03   1.48048e-06   5.16838e-06
SaveSource cannot open file: /home/zhangfy/nl_target/toyMC/results/data_16897.C
1.0767	0.00395751
1.0794	0.00355139
1.07463	0.00350634
1.07683	0.00350081
1.07697	0.00341265
1.09576	0.00328848
1.12139	0.00350675
1.15528	0.00504989
 FCN=10.3272 FROM MIGRAD    STATUS=CONVERGED      36 CALLS          37 TOTAL
                     EDM=5.49843e-16    STRATEGY= 1      ERROR MATRIX ACCURATE 
  EXT PARAMETER                                   STEP         FIRST   
  NO.   NAME      VALUE            ERROR          SIZE      DERIVATIVE 
   1  p0           1.06911e+00   1.78563e-03   2.11289e-06   9.03989e-06
   2  p1           2.21381e-02   1.26204e-03   1.49333e-06   3.34851e-05
SaveSource cannot open file: /home/zhangfy/nl_target/toyMC/results/data_16898.C
1.0693	0.00393032
1.06785	0.0035134
1.07582	0.00351024
1.08086	0.00351391
1.08118	0.00342599
1.09075	0.00327345
1.11568	0.00348891
1.14151	0.00498971
 FCN=2.7785 FROM MIGRAD    STATUS=CONVERGED      36 CALLS          37 TOTAL
                     EDM=5.96805e-15    STRATEGY= 1      ERROR MATRIX ACCURATE 
  EXT PARAMETER                                   STEP         FIRST   
  NO.   NAME      VALUE            ERROR          SIZE      DERIVATIVE 
   1  p0           1.06792e+00   1.77939e-03   1.21652e-06  -6.30303e-05
   2  p1           1.98503e-02   1.25194e-03   8.55915e-07  -3.39197e-06
SaveSource cannot open file: /home/zhangfy/nl_target/toyMC/results/data_16899.C
