1.07031	0.00393404
1.07146	0.00352526
1.06907	0.0034882
1.07738	0.0035026
1.07862	0.00341785
1.09275	0.00327946
1.12335	0.00351288
1.1502	0.00502766
 FCN=1.64194 FROM MIGRAD    STATUS=CONVERGED      36 CALLS          37 TOTAL
                     EDM=3.73894e-17    STRATEGY= 1      ERROR MATRIX ACCURATE 
  EXT PARAMETER                                   STEP         FIRST   
  NO.   NAME      VALUE            ERROR          SIZE      DERIVATIVE 
   1  p0           1.06528e+00   1.77890e-03   1.01788e-06   6.17224e-06
   2  p1           2.33145e-02   1.25855e-03   7.20135e-07   3.27994e-06
SaveSource cannot open file: /home/zhangfy/nl_target/toyMC/results/data_10700.C
1.07761	0.00396088
1.07731	0.0035445
1.07387	0.00350388
1.08045	0.00351258
1.08337	0.00343291
1.09029	0.00327206
1.11434	0.0034847
1.14937	0.00502404
 FCN=6.15877 FROM MIGRAD    STATUS=CONVERGED      36 CALLS          37 TOTAL
                     EDM=9.96054e-17    STRATEGY= 1      ERROR MATRIX ACCURATE 
  EXT PARAMETER                                   STEP         FIRST   
  NO.   NAME      VALUE            ERROR          SIZE      DERIVATIVE 
   1  p0           1.07078e+00   1.78574e-03   1.67815e-06   3.09750e-06
   2  p1           1.93565e-02   1.25686e-03   1.18114e-06  -7.71708e-06
SaveSource cannot open file: /home/zhangfy/nl_target/toyMC/results/data_10701.C
1.0722	0.00394097
1.07577	0.00353945
1.07101	0.00349456
1.08106	0.00351457
1.08404	0.00343505
1.09325	0.00328096
1.11253	0.00347906
1.14511	0.00500542
 FCN=5.69441 FROM MIGRAD    STATUS=CONVERGED      36 CALLS          37 TOTAL
                     EDM=1.88911e-16    STRATEGY= 1      ERROR MATRIX ACCURATE 
  EXT PARAMETER                                   STEP         FIRST   
  NO.   NAME      VALUE            ERROR          SIZE      DERIVATIVE 
   1  p0           1.06995e+00   1.78275e-03   1.62125e-06   6.85069e-06
   2  p1           1.91404e-02   1.25340e-03   1.13985e-06  -7.06739e-06
SaveSource cannot open file: /home/zhangfy/nl_target/toyMC/results/data_10702.C
1.07563	0.00395359
1.07188	0.00352665
1.07611	0.0035112
1.0788	0.00350721
1.08431	0.00343591
1.08941	0.00326944
1.11799	0.00349612
1.15362	0.00504264
 FCN=5.01142 FROM MIGRAD    STATUS=CONVERGED      36 CALLS          37 TOTAL
                     EDM=1.08688e-16    STRATEGY= 1      ERROR MATRIX ACCURATE 
  EXT PARAMETER                                   STEP         FIRST   
  NO.   NAME      VALUE            ERROR          SIZE      DERIVATIVE 
   1  p0           1.06878e+00   1.78432e-03   1.53764e-06  -4.45493e-06
   2  p1           2.13193e-02   1.25963e-03   1.08549e-06  -1.51679e-05
SaveSource cannot open file: /home/zhangfy/nl_target/toyMC/results/data_10703.C
1.06619	0.00391891
1.06946	0.00351868
1.07167	0.00349671
1.0796	0.00350982
1.0807	0.00342447
1.09515	0.00328667
1.12136	0.00350667
1.14914	0.00502305
 FCN=2.74078 FROM MIGRAD    STATUS=CONVERGED      36 CALLS          37 TOTAL
                     EDM=7.39457e-17    STRATEGY= 1      ERROR MATRIX ACCURATE 
  EXT PARAMETER                                   STEP         FIRST   
  NO.   NAME      VALUE            ERROR          SIZE      DERIVATIVE 
   1  p0           1.06597e+00   1.77884e-03   1.21150e-06   7.51634e-06
   2  p1           2.28840e-02   1.25714e-03   8.56192e-07   1.47305e-06
SaveSource cannot open file: /home/zhangfy/nl_target/toyMC/results/data_10704.C
1.06735	0.00392316
1.06866	0.00351605
1.06789	0.00348435
1.08091	0.0035141
1.07783	0.00341537
1.09269	0.00327927
1.11195	0.00347723
1.13949	0.00498086
 FCN=6.4235 FROM MIGRAD    STATUS=CONVERGED      36 CALLS          37 TOTAL
                     EDM=4.51e-17    STRATEGY= 1      ERROR MATRIX ACCURATE 
  EXT PARAMETER                                   STEP         FIRST   
  NO.   NAME      VALUE            ERROR          SIZE      DERIVATIVE 
   1  p0           1.06603e+00   1.77578e-03   1.70206e-06  -7.03812e-06
   2  p1           1.97627e-02   1.24900e-03   1.19716e-06  -9.35730e-06
SaveSource cannot open file: /home/zhangfy/nl_target/toyMC/results/data_10705.C
1.07268	0.00394276
1.07491	0.00353661
1.07422	0.00350502
1.08152	0.00351605
1.08363	0.00343373
1.09397	0.00328311
1.11859	0.00349799
1.14615	0.00500997
 FCN=0.954783 FROM MIGRAD    STATUS=CONVERGED      38 CALLS          39 TOTAL
                     EDM=5.59285e-17    STRATEGY= 1      ERROR MATRIX ACCURATE 
  EXT PARAMETER                                   STEP         FIRST   
  NO.   NAME      VALUE            ERROR          SIZE      DERIVATIVE 
   1  p0           1.07023e+00   1.78392e-03   8.77166e-07  -3.03550e-06
   2  p1           2.02500e-02   1.25606e-03   6.17613e-07   4.83600e-06
SaveSource cannot open file: /home/zhangfy/nl_target/toyMC/results/data_10706.C
1.07297	0.00394382
1.07261	0.00352906
1.07606	0.00351103
1.08035	0.00351226
1.08251	0.0034302
1.09446	0.00328459
1.12413	0.00351532
1.14068	0.00498605
 FCN=2.39949 FROM MIGRAD    STATUS=CONVERGED      36 CALLS          37 TOTAL
                     EDM=4.33448e-16    STRATEGY= 1      ERROR MATRIX ACCURATE 
  EXT PARAMETER                                   STEP         FIRST   
  NO.   NAME      VALUE            ERROR          SIZE      DERIVATIVE 
   1  p0           1.07006e+00   1.78277e-03   1.15687e-06  -1.76289e-05
   2  p1           2.05430e-02   1.25499e-03   8.14384e-07  -2.37209e-06
SaveSource cannot open file: /home/zhangfy/nl_target/toyMC/results/data_10707.C
1.06254	0.0039055
1.07087	0.00352331
1.07018	0.00349183
1.0798	0.00351046
1.08075	0.00342462
1.08741	0.00326344
1.1179	0.00349583
1.15164	0.00503396
 FCN=4.83761 FROM MIGRAD    STATUS=CONVERGED      36 CALLS          37 TOTAL
                     EDM=6.65275e-17    STRATEGY= 1      ERROR MATRIX ACCURATE 
  EXT PARAMETER                                   STEP         FIRST   
  NO.   NAME      VALUE            ERROR          SIZE      DERIVATIVE 
   1  p0           1.06419e+00   1.77726e-03   1.51084e-06  -8.52853e-06
   2  p1           2.27970e-02   1.25694e-03   1.06852e-06  -1.13129e-05
SaveSource cannot open file: /home/zhangfy/nl_target/toyMC/results/data_10708.C
1.06448	0.00391261
1.07595	0.00354002
1.07669	0.00351306
1.07851	0.00350629
1.08687	0.00344401
1.08975	0.00327046
1.11363	0.00348248
1.15358	0.00504248
 FCN=13.0759 FROM MIGRAD    STATUS=CONVERGED      36 CALLS          37 TOTAL
                     EDM=4.45479e-16    STRATEGY= 1      ERROR MATRIX ACCURATE 
  EXT PARAMETER                                   STEP         FIRST   
  NO.   NAME      VALUE            ERROR          SIZE      DERIVATIVE 
   1  p0           1.06840e+00   1.78300e-03   2.35119e-06   2.06255e-05
   2  p1           2.08760e-02   1.25768e-03   1.65846e-06   9.33183e-06
SaveSource cannot open file: /home/zhangfy/nl_target/toyMC/results/data_10709.C
1.07383	0.00394698
1.06658	0.0035092
1.07446	0.00350581
1.07874	0.00350701
1.08187	0.00342818
1.09367	0.00328221
1.11178	0.00347671
1.14716	0.00501442
 FCN=8.52735 FROM MIGRAD    STATUS=CONVERGED      36 CALLS          37 TOTAL
                     EDM=2.99138e-16    STRATEGY= 1      ERROR MATRIX ACCURATE 
  EXT PARAMETER                                   STEP         FIRST   
  NO.   NAME      VALUE            ERROR          SIZE      DERIVATIVE 
   1  p0           1.06795e+00   1.78044e-03   1.93212e-06   1.11705e-05
   2  p1           2.00443e-02   1.25362e-03   1.36041e-06  -4.80841e-06
SaveSource cannot open file: /home/zhangfy/nl_target/toyMC/results/data_10710.C
1.07075	0.00393567
1.07055	0.00352228
1.07499	0.00350753
1.08098	0.0035143
1.08094	0.00342522
1.09187	0.0032768
1.11958	0.00350108
1.15839	0.00506347
 FCN=4.01392 FROM MIGRAD    STATUS=CONVERGED      36 CALLS          37 TOTAL
                     EDM=7.45196e-17    STRATEGY= 1      ERROR MATRIX ACCURATE 
  EXT PARAMETER                                   STEP         FIRST   
  NO.   NAME      VALUE            ERROR          SIZE      DERIVATIVE 
   1  p0           1.06686e+00   1.78276e-03   1.40407e-06  -4.23823e-07
   2  p1           2.31400e-02   1.26191e-03   9.93858e-07   9.24945e-06
SaveSource cannot open file: /home/zhangfy/nl_target/toyMC/results/data_10711.C
1.07154	0.00393854
1.06975	0.00351962
1.06603	0.00347829
1.07974	0.00351027
1.08366	0.00343384
1.08825	0.00326593
1.12289	0.00351145
1.1465	0.00501152
 FCN=6.0354 FROM MIGRAD    STATUS=CONVERGED      36 CALLS          37 TOTAL
                     EDM=3.11892e-16    STRATEGY= 1      ERROR MATRIX ACCURATE 
  EXT PARAMETER                                   STEP         FIRST   
  NO.   NAME      VALUE            ERROR          SIZE      DERIVATIVE 
   1  p0           1.06560e+00   1.77836e-03   1.66032e-06  -1.53409e-05
   2  p1           2.24869e-02   1.25642e-03   1.17303e-06  -2.79584e-06
SaveSource cannot open file: /home/zhangfy/nl_target/toyMC/results/data_10712.C
1.06945	0.0039309
1.07269	0.00352932
1.07597	0.00351073
1.07655	0.00349991
1.0832	0.00343238
1.09441	0.00328444
1.11671	0.00349212
1.13801	0.00497439
 FCN=3.03856 FROM MIGRAD    STATUS=CONVERGED      36 CALLS          37 TOTAL
                     EDM=8.59831e-16    STRATEGY= 1      ERROR MATRIX ACCURATE 
  EXT PARAMETER                                   STEP         FIRST   
  NO.   NAME      VALUE            ERROR          SIZE      DERIVATIVE 
   1  p0           1.06944e+00   1.78051e-03   1.25868e-06   1.59191e-05
   2  p1           1.91676e-02   1.25088e-03   8.84271e-07  -1.31391e-05
SaveSource cannot open file: /home/zhangfy/nl_target/toyMC/results/data_10713.C
1.06825	0.00392648
1.07239	0.00352832
1.07615	0.00351131
1.07694	0.00350116
1.07513	0.0034068
1.09178	0.00327653
1.12143	0.00350687
1.14664	0.00501212
 FCN=3.78063 FROM MIGRAD    STATUS=CONVERGED      34 CALLS          35 TOTAL
                     EDM=4.93818e-16    STRATEGY= 1      ERROR MATRIX ACCURATE 
  EXT PARAMETER                                   STEP         FIRST   
  NO.   NAME      VALUE            ERROR          SIZE      DERIVATIVE 
   1  p0           1.06625e+00   1.77939e-03   1.36884e-06   4.20783e-06
   2  p1           2.19713e-02   1.25647e-03   9.66570e-07  -2.05086e-05
SaveSource cannot open file: /home/zhangfy/nl_target/toyMC/results/data_10714.C
1.07217	0.00394088
1.07248	0.00352863
1.07491	0.00350728
1.07731	0.00350238
1.07393	0.00340302
1.09131	0.00327514
1.11545	0.00348818
1.15233	0.00503699
 FCN=7.82015 FROM MIGRAD    STATUS=CONVERGED      36 CALLS          37 TOTAL
                     EDM=2.63207e-15    STRATEGY= 1      ERROR MATRIX ACCURATE 
  EXT PARAMETER                                   STEP         FIRST   
  NO.   NAME      VALUE            ERROR          SIZE      DERIVATIVE 
   1  p0           1.06630e+00   1.78057e-03   1.85869e-06   5.41048e-05
   2  p1           2.15583e-02   1.25760e-03   1.31277e-06   7.01346e-05
SaveSource cannot open file: /home/zhangfy/nl_target/toyMC/results/data_10715.C
1.07278	0.00394314
1.07596	0.00354007
1.07323	0.0035018
1.0805	0.00351275
1.08169	0.00342761
1.09006	0.00327137
1.12662	0.00352312
1.14456	0.00500302
 FCN=3.59978 FROM MIGRAD    STATUS=CONVERGED      36 CALLS          37 TOTAL
                     EDM=7.08186e-16    STRATEGY= 1      ERROR MATRIX ACCURATE 
  EXT PARAMETER                                   STEP         FIRST   
  NO.   NAME      VALUE            ERROR          SIZE      DERIVATIVE 
   1  p0           1.06890e+00   1.78292e-03   1.34550e-06   1.71085e-05
   2  p1           2.15769e-02   1.25781e-03   9.49218e-07   4.11004e-05
SaveSource cannot open file: /home/zhangfy/nl_target/toyMC/results/data_10716.C
1.06692	0.0039216
1.06977	0.00351971
1.06628	0.00347912
1.08284	0.00352036
1.08186	0.00342813
1.09717	0.00329272
1.11798	0.00349608
1.15146	0.0050332
 FCN=11.1692 FROM MIGRAD    STATUS=CONVERGED      36 CALLS          37 TOTAL
                     EDM=3.30689e-16    STRATEGY= 1      ERROR MATRIX ACCURATE 
  EXT PARAMETER                                   STEP         FIRST   
  NO.   NAME      VALUE            ERROR          SIZE      DERIVATIVE 
   1  p0           1.06602e+00   1.77888e-03   2.18509e-06   6.81859e-06
   2  p1           2.28015e-02   1.25702e-03   1.54406e-06  -1.25542e-05
SaveSource cannot open file: /home/zhangfy/nl_target/toyMC/results/data_10717.C
1.06844	0.00392717
1.06694	0.00351039
1.07065	0.00349336
1.07827	0.0035055
1.07526	0.00340723
1.08475	0.00325545
1.11247	0.00347885
1.14031	0.00498447
 FCN=2.23786 FROM MIGRAD    STATUS=CONVERGED      36 CALLS          37 TOTAL
                     EDM=1.03992e-16    STRATEGY= 1      ERROR MATRIX ACCURATE 
  EXT PARAMETER                                   STEP         FIRST   
  NO.   NAME      VALUE            ERROR          SIZE      DERIVATIVE 
   1  p0           1.06428e+00   1.77451e-03   1.12249e-06   4.61162e-06
   2  p1           1.99766e-02   1.24957e-03   7.90430e-07  -5.98913e-06
SaveSource cannot open file: /home/zhangfy/nl_target/toyMC/results/data_10718.C
1.07274	0.00394298
1.0625	0.0034958
1.07243	0.00349918
1.07847	0.00350616
1.07901	0.00341911
1.10312	0.00331056
1.11751	0.00349463
1.15035	0.00502834
 FCN=21.8585 FROM MIGRAD    STATUS=CONVERGED      36 CALLS          37 TOTAL
                     EDM=7.50239e-16    STRATEGY= 1      ERROR MATRIX ACCURATE 
  EXT PARAMETER                                   STEP         FIRST   
  NO.   NAME      VALUE            ERROR          SIZE      DERIVATIVE 
   1  p0           1.06638e+00   1.77885e-03   2.99545e-06  -6.66849e-06
   2  p1           2.26878e-02   1.25642e-03   2.11571e-06   2.35298e-05
SaveSource cannot open file: /home/zhangfy/nl_target/toyMC/results/data_10719.C
1.07269	0.0039428
1.06729	0.00351155
1.06915	0.00348848
1.07922	0.00350858
1.08406	0.00343509
1.09061	0.00327303
1.11724	0.00349376
1.15084	0.00503049
 FCN=5.7079 FROM MIGRAD    STATUS=CONVERGED      36 CALLS          37 TOTAL
                     EDM=6.90462e-17    STRATEGY= 1      ERROR MATRIX ACCURATE 
  EXT PARAMETER                                   STEP         FIRST   
  NO.   NAME      VALUE            ERROR          SIZE      DERIVATIVE 
   1  p0           1.06613e+00   1.77949e-03   1.62137e-06   9.15504e-06
   2  p1           2.20433e-02   1.25686e-03   1.14517e-06   8.53724e-06
SaveSource cannot open file: /home/zhangfy/nl_target/toyMC/results/data_10720.C
1.07171	0.00393921
1.07221	0.00352772
1.07437	0.00350551
1.07945	0.00350933
1.08096	0.00342528
1.0907	0.00327331
1.12403	0.003515
1.14891	0.00502205
 FCN=0.440903 FROM MIGRAD    STATUS=CONVERGED      36 CALLS          37 TOTAL
                     EDM=6.71738e-17    STRATEGY= 1      ERROR MATRIX ACCURATE 
  EXT PARAMETER                                   STEP         FIRST   
  NO.   NAME      VALUE            ERROR          SIZE      DERIVATIVE 
   1  p0           1.06754e+00   1.78185e-03   7.52598e-07   1.41481e-06
   2  p1           2.22906e-02   1.25878e-03   5.31670e-07  -7.70564e-06
SaveSource cannot open file: /home/zhangfy/nl_target/toyMC/results/data_10721.C
1.0732	0.00394465
1.06968	0.00351941
1.07296	0.00350091
1.07962	0.00350987
1.0832	0.00343239
1.08894	0.00326801
1.11827	0.003497
1.14503	0.00500507
 FCN=1.78024 FROM MIGRAD    STATUS=CONVERGED      36 CALLS          37 TOTAL
                     EDM=2.07819e-15    STRATEGY= 1      ERROR MATRIX ACCURATE 
  EXT PARAMETER                                   STEP         FIRST   
  NO.   NAME      VALUE            ERROR          SIZE      DERIVATIVE 
   1  p0           1.06784e+00   1.78072e-03   1.04417e-06   2.67271e-05
   2  p1           2.06313e-02   1.25483e-03   7.35800e-07   6.98265e-05
SaveSource cannot open file: /home/zhangfy/nl_target/toyMC/results/data_10722.C
1.06973	0.00393192
1.06783	0.00351331
1.07179	0.00349709
1.0798	0.00351047
1.08369	0.00343393
1.08701	0.00326223
1.1108	0.00347365
1.14616	0.00501002
 FCN=7.0007 FROM MIGRAD    STATUS=CONVERGED      36 CALLS          37 TOTAL
                     EDM=1.52152e-16    STRATEGY= 1      ERROR MATRIX ACCURATE 
  EXT PARAMETER                                   STEP         FIRST   
  NO.   NAME      VALUE            ERROR          SIZE      DERIVATIVE 
   1  p0           1.06666e+00   1.77862e-03   1.76821e-06   5.59316e-06
   2  p1           1.98890e-02   1.25243e-03   1.24509e-06  -7.18693e-06
SaveSource cannot open file: /home/zhangfy/nl_target/toyMC/results/data_10723.C
1.07056	0.00393496
1.07341	0.00353167
1.07113	0.00349494
1.07695	0.00350119
1.08168	0.00342757
1.08989	0.00327087
1.11595	0.00348973
1.14754	0.00501607
 FCN=2.1063 FROM MIGRAD    STATUS=CONVERGED      36 CALLS          37 TOTAL
                     EDM=5.22494e-16    STRATEGY= 1      ERROR MATRIX ACCURATE 
  EXT PARAMETER                                   STEP         FIRST   
  NO.   NAME      VALUE            ERROR          SIZE      DERIVATIVE 
   1  p0           1.06700e+00   1.78004e-03   1.10308e-06  -1.62086e-05
   2  p1           2.08718e-02   1.25519e-03   7.77833e-07   3.78099e-06
SaveSource cannot open file: /home/zhangfy/nl_target/toyMC/results/data_10724.C
1.06884	0.00392863
1.06728	0.00351152
1.07683	0.00351353
1.07558	0.00349675
1.08219	0.00342917
1.09249	0.00327866
1.12185	0.00350819
1.14462	0.00500328
 FCN=3.80847 FROM MIGRAD    STATUS=CONVERGED      36 CALLS          37 TOTAL
                     EDM=8.03534e-17    STRATEGY= 1      ERROR MATRIX ACCURATE 
  EXT PARAMETER                                   STEP         FIRST   
  NO.   NAME      VALUE            ERROR          SIZE      DERIVATIVE 
   1  p0           1.06668e+00   1.77901e-03   1.37322e-06  -8.48662e-06
   2  p1           2.18651e-02   1.25531e-03   9.68977e-07  -3.15774e-06
SaveSource cannot open file: /home/zhangfy/nl_target/toyMC/results/data_10725.C
1.06927	0.00393023
1.06847	0.00351543
1.07081	0.00349389
1.07833	0.00350569
1.07995	0.00342209
1.08544	0.0032575
1.12049	0.00350392
1.1433	0.00499753
 FCN=2.06866 FROM MIGRAD    STATUS=CONVERGED      36 CALLS          37 TOTAL
                     EDM=7.27352e-17    STRATEGY= 1      ERROR MATRIX ACCURATE 
  EXT PARAMETER                                   STEP         FIRST   
  NO.   NAME      VALUE            ERROR          SIZE      DERIVATIVE 
   1  p0           1.06507e+00   1.77692e-03   1.09511e-06  -2.14759e-06
   2  p1           2.15755e-02   1.25395e-03   7.72807e-07   7.25489e-06
SaveSource cannot open file: /home/zhangfy/nl_target/toyMC/results/data_10726.C
1.07132	0.00393775
1.07225	0.00352786
1.06792	0.00348447
1.07928	0.00350877
1.08236	0.00342973
1.08862	0.00326705
1.12082	0.00350497
1.14651	0.00501157
 FCN=3.14704 FROM MIGRAD    STATUS=CONVERGED      36 CALLS          37 TOTAL
                     EDM=6.06874e-16    STRATEGY= 1      ERROR MATRIX ACCURATE 
  EXT PARAMETER                                   STEP         FIRST   
  NO.   NAME      VALUE            ERROR          SIZE      DERIVATIVE 
   1  p0           1.06640e+00   1.77937e-03   1.27486e-06  -1.40068e-05
   2  p1           2.17856e-02   1.25606e-03   8.99929e-07   1.00088e-05
SaveSource cannot open file: /home/zhangfy/nl_target/toyMC/results/data_10727.C
1.06611	0.00391859
1.06872	0.00351625
1.07516	0.00350808
1.08149	0.00351595
1.07835	0.003417
1.0951	0.0032865
1.11187	0.00347699
1.14792	0.00501772
 FCN=10.2199 FROM MIGRAD    STATUS=CONVERGED      36 CALLS          37 TOTAL
                     EDM=1.24994e-16    STRATEGY= 1      ERROR MATRIX ACCURATE 
  EXT PARAMETER                                   STEP         FIRST   
  NO.   NAME      VALUE            ERROR          SIZE      DERIVATIVE 
   1  p0           1.06711e+00   1.77927e-03   2.09614e-06  -3.73298e-06
   2  p1           2.06014e-02   1.25364e-03   1.47690e-06  -1.56960e-05
SaveSource cannot open file: /home/zhangfy/nl_target/toyMC/results/data_10728.C
1.07118	0.00393724
1.07028	0.00352139
1.07974	0.00352304
1.08507	0.00352761
1.08589	0.00344089
1.09008	0.00327144
1.12506	0.00351822
1.14112	0.00498802
 FCN=7.32305 FROM MIGRAD    STATUS=CONVERGED      36 CALLS          37 TOTAL
                     EDM=1.07187e-16    STRATEGY= 1      ERROR MATRIX ACCURATE 
  EXT PARAMETER                                   STEP         FIRST   
  NO.   NAME      VALUE            ERROR          SIZE      DERIVATIVE 
   1  p0           1.07082e+00   1.78404e-03   1.81112e-06  -1.15245e-06
   2  p1           2.03483e-02   1.25562e-03   1.27468e-06   1.04657e-05
SaveSource cannot open file: /home/zhangfy/nl_target/toyMC/results/data_10729.C
1.06214	0.00390402
1.07705	0.00354364
1.06968	0.0034902
1.07881	0.00350727
1.08283	0.00343122
1.09562	0.00328806
1.12275	0.00351099
1.15795	0.00506156
 FCN=9.47608 FROM MIGRAD    STATUS=CONVERGED      36 CALLS          37 TOTAL
                     EDM=1.5335e-15    STRATEGY= 1      ERROR MATRIX ACCURATE 
  EXT PARAMETER                                   STEP         FIRST   
  NO.   NAME      VALUE            ERROR          SIZE      DERIVATIVE 
   1  p0           1.06580e+00   1.78100e-03   2.02980e-06  -3.24457e-06
   2  p1           2.43860e-02   1.26217e-03   1.43849e-06   4.05811e-05
SaveSource cannot open file: /home/zhangfy/nl_target/toyMC/results/data_10730.C
1.07584	0.00395436
1.06943	0.00351859
1.07456	0.00350613
1.08902	0.00354046
1.07711	0.00341307
1.09289	0.00327986
1.11855	0.00349788
1.14733	0.00501514
 FCN=11.6889 FROM MIGRAD    STATUS=CONVERGED      36 CALLS          37 TOTAL
                     EDM=9.90215e-16    STRATEGY= 1      ERROR MATRIX ACCURATE 
  EXT PARAMETER                                   STEP         FIRST   
  NO.   NAME      VALUE            ERROR          SIZE      DERIVATIVE 
   1  p0           1.06957e+00   1.78351e-03   2.23406e-06  -1.35072e-05
   2  p1           2.05363e-02   1.25657e-03   1.57401e-06   1.93124e-05
SaveSource cannot open file: /home/zhangfy/nl_target/toyMC/results/data_10731.C
1.0718	0.00393953
1.07459	0.00353556
1.07884	0.00352008
1.08557	0.00352922
1.08489	0.00343773
1.08853	0.00326678
1.12094	0.00350533
1.14356	0.00499867
 FCN=3.90587 FROM MIGRAD    STATUS=CONVERGED      36 CALLS          37 TOTAL
                     EDM=1.55245e-16    STRATEGY= 1      ERROR MATRIX ACCURATE 
  EXT PARAMETER                                   STEP         FIRST   
  NO.   NAME      VALUE            ERROR          SIZE      DERIVATIVE 
   1  p0           1.07140e+00   1.78540e-03   1.39026e-06   2.15135e-06
   2  p1           1.95729e-02   1.25591e-03   9.77955e-07  -1.17339e-05
SaveSource cannot open file: /home/zhangfy/nl_target/toyMC/results/data_10732.C
1.0742	0.00394833
1.07666	0.00354238
1.06451	0.00347334
1.08295	0.0035207
1.08133	0.00342646
1.09065	0.00327315
1.11861	0.00349805
1.13957	0.00498124
 FCN=11.357 FROM MIGRAD    STATUS=CONVERGED      36 CALLS          37 TOTAL
                     EDM=8.57739e-17    STRATEGY= 1      ERROR MATRIX ACCURATE 
  EXT PARAMETER                                   STEP         FIRST   
  NO.   NAME      VALUE            ERROR          SIZE      DERIVATIVE 
   1  p0           1.06878e+00   1.78056e-03   2.20138e-06  -5.54563e-06
   2  p1           1.96849e-02   1.25235e-03   1.54833e-06   3.31275e-06
SaveSource cannot open file: /home/zhangfy/nl_target/toyMC/results/data_10733.C
1.08601	0.00399174
1.07144	0.00352519
1.07637	0.00351204
1.07797	0.00350452
1.08565	0.00344015
1.09197	0.00327712
1.1185	0.00349773
1.14264	0.00499464
 FCN=11.3373 FROM MIGRAD    STATUS=CONVERGED      36 CALLS          37 TOTAL
                     EDM=1.18559e-15    STRATEGY= 1      ERROR MATRIX ACCURATE 
  EXT PARAMETER                                   STEP         FIRST   
  NO.   NAME      VALUE            ERROR          SIZE      DERIVATIVE 
   1  p0           1.07217e+00   1.78623e-03   2.20467e-06  -2.76263e-05
   2  p1           1.87594e-02   1.25517e-03   1.54919e-06  -7.53911e-07
SaveSource cannot open file: /home/zhangfy/nl_target/toyMC/results/data_10734.C
1.07152	0.00393849
1.06941	0.00351851
1.07012	0.00349163
1.07622	0.00349884
1.07767	0.00341484
1.08914	0.0032686
1.11996	0.00350229
1.15374	0.00504315
 FCN=2.20846 FROM MIGRAD    STATUS=CONVERGED      36 CALLS          37 TOTAL
                     EDM=2.35132e-16    STRATEGY= 1      ERROR MATRIX ACCURATE 
  EXT PARAMETER                                   STEP         FIRST   
  NO.   NAME      VALUE            ERROR          SIZE      DERIVATIVE 
   1  p0           1.06421e+00   1.77839e-03   1.12061e-06  -6.55209e-06
   2  p1           2.33093e-02   1.25912e-03   7.93407e-07   9.46213e-06
SaveSource cannot open file: /home/zhangfy/nl_target/toyMC/results/data_10735.C
1.07026	0.00393387
1.07609	0.00354051
1.07137	0.00349572
1.08209	0.00351793
1.07555	0.00340813
1.09207	0.0032774
1.11487	0.00348637
1.1498	0.00502592
 FCN=8.33996 FROM MIGRAD    STATUS=CONVERGED      36 CALLS          37 TOTAL
                     EDM=3.88294e-17    STRATEGY= 1      ERROR MATRIX ACCURATE 
  EXT PARAMETER                                   STEP         FIRST   
  NO.   NAME      VALUE            ERROR          SIZE      DERIVATIVE 
   1  p0           1.06757e+00   1.78135e-03   1.91364e-06   2.59448e-06
   2  p1           2.08026e-02   1.25625e-03   1.34955e-06  -3.94221e-06
SaveSource cannot open file: /home/zhangfy/nl_target/toyMC/results/data_10736.C
1.07475	0.00395037
1.07254	0.00352883
1.07552	0.00350927
1.07845	0.00350608
1.08009	0.00342252
1.08915	0.00326863
1.12181	0.00350806
1.14822	0.00501901
 FCN=1.91128 FROM MIGRAD    STATUS=CONVERGED      36 CALLS          37 TOTAL
                     EDM=8.60348e-16    STRATEGY= 1      ERROR MATRIX ACCURATE 
  EXT PARAMETER                                   STEP         FIRST   
  NO.   NAME      VALUE            ERROR          SIZE      DERIVATIVE 
   1  p0           1.06807e+00   1.78250e-03   1.06947e-06  -2.40532e-06
   2  p1           2.14264e-02   1.25803e-03   7.54796e-07  -3.52462e-05
SaveSource cannot open file: /home/zhangfy/nl_target/toyMC/results/data_10737.C
1.07895	0.00396581
1.07443	0.00353503
1.08008	0.00352414
1.07609	0.0034984
1.08325	0.00343253
1.09313	0.0032806
1.11797	0.00349607
1.14566	0.00500783
 FCN=5.22225 FROM MIGRAD    STATUS=CONVERGED      36 CALLS          37 TOTAL
                     EDM=2.16136e-16    STRATEGY= 1      ERROR MATRIX ACCURATE 
  EXT PARAMETER                                   STEP         FIRST   
  NO.   NAME      VALUE            ERROR          SIZE      DERIVATIVE 
   1  p0           1.07144e+00   1.78592e-03   1.56550e-06   1.20405e-05
   2  p1           1.93746e-02   1.25635e-03   1.10129e-06   2.29345e-05
SaveSource cannot open file: /home/zhangfy/nl_target/toyMC/results/data_10738.C
1.07458	0.00394974
1.07434	0.00353473
1.07456	0.00350613
1.08239	0.00351888
1.08231	0.00342954
1.09119	0.00327476
1.11606	0.00349009
1.14256	0.00499427
 FCN=1.01274 FROM MIGRAD    STATUS=CONVERGED      38 CALLS          39 TOTAL
                     EDM=2.81157e-16    STRATEGY= 1      ERROR MATRIX ACCURATE 
  EXT PARAMETER                                   STEP         FIRST   
  NO.   NAME      VALUE            ERROR          SIZE      DERIVATIVE 
   1  p0           1.07058e+00   1.78356e-03   8.89358e-07   6.68321e-06
   2  p1           1.89834e-02   1.25360e-03   6.25097e-07  -1.10339e-05
SaveSource cannot open file: /home/zhangfy/nl_target/toyMC/results/data_10739.C
1.06702	0.00392195
1.07371	0.00353266
1.07368	0.00350327
1.0833	0.00352184
1.0754	0.00340767
1.09601	0.00328922
1.11909	0.00349956
1.14239	0.00499356
 FCN=8.35976 FROM MIGRAD    STATUS=CONVERGED      36 CALLS          37 TOTAL
                     EDM=2.01242e-16    STRATEGY= 1      ERROR MATRIX ACCURATE 
  EXT PARAMETER                                   STEP         FIRST   
  NO.   NAME      VALUE            ERROR          SIZE      DERIVATIVE 
   1  p0           1.06817e+00   1.78010e-03   1.91651e-06  -1.31384e-05
   2  p1           2.06790e-02   1.25363e-03   1.34970e-06  -4.25433e-06
SaveSource cannot open file: /home/zhangfy/nl_target/toyMC/results/data_10740.C
1.07208	0.00394054
1.07018	0.00352104
1.07351	0.00350269
1.07582	0.00349755
1.08198	0.00342852
1.09111	0.00327453
1.1182	0.00349678
1.14	0.00498309
 FCN=1.33483 FROM MIGRAD    STATUS=CONVERGED      36 CALLS          37 TOTAL
                     EDM=1.57665e-16    STRATEGY= 1      ERROR MATRIX ACCURATE 
  EXT PARAMETER                                   STEP         FIRST   
  NO.   NAME      VALUE            ERROR          SIZE      DERIVATIVE 
   1  p0           1.06772e+00   1.77916e-03   9.56301e-07  -1.14854e-05
   2  p1           2.00800e-02   1.25213e-03   6.73021e-07  -3.38748e-06
SaveSource cannot open file: /home/zhangfy/nl_target/toyMC/results/data_10741.C
1.0779	0.00396193
1.06871	0.00351623
1.07219	0.0034984
1.07673	0.00350048
1.08553	0.00343978
1.09347	0.00328163
1.1202	0.00350303
1.14409	0.00500097
 FCN=6.66668 FROM MIGRAD    STATUS=CONVERGED      36 CALLS          37 TOTAL
                     EDM=2.78893e-16    STRATEGY= 1      ERROR MATRIX ACCURATE 
  EXT PARAMETER                                   STEP         FIRST   
  NO.   NAME      VALUE            ERROR          SIZE      DERIVATIVE 
   1  p0           1.06881e+00   1.78169e-03   1.73567e-06   1.26715e-05
   2  p1           2.07523e-02   1.25518e-03   1.22276e-06   2.61130e-05
SaveSource cannot open file: /home/zhangfy/nl_target/toyMC/results/data_10742.C
1.0623	0.0039046
1.06822	0.0035146
1.07603	0.00351091
1.08162	0.00351638
1.08654	0.00344297
1.09274	0.00327942
1.12026	0.00350321
1.1408	0.0049866
 FCN=10.5001 FROM MIGRAD    STATUS=CONVERGED      36 CALLS          37 TOTAL
                     EDM=4.45142e-17    STRATEGY= 1      ERROR MATRIX ACCURATE 
  EXT PARAMETER                                   STEP         FIRST   
  NO.   NAME      VALUE            ERROR          SIZE      DERIVATIVE 
   1  p0           1.06792e+00   1.77899e-03   2.12430e-06   3.97199e-06
   2  p1           2.09023e-02   1.25263e-03   1.49577e-06  -2.43159e-06
SaveSource cannot open file: /home/zhangfy/nl_target/toyMC/results/data_10743.C
1.06958	0.00393136
1.07668	0.00354243
1.06619	0.00347881
1.07969	0.00351012
1.08135	0.00342652
1.09208	0.00327744
1.11805	0.0034963
1.14867	0.00502101
 FCN=7.4145 FROM MIGRAD    STATUS=CONVERGED      36 CALLS          37 TOTAL
                     EDM=2.01395e-16    STRATEGY= 1      ERROR MATRIX ACCURATE 
  EXT PARAMETER                                   STEP         FIRST   
  NO.   NAME      VALUE            ERROR          SIZE      DERIVATIVE 
   1  p0           1.06698e+00   1.78026e-03   1.81660e-06   5.86951e-06
   2  p1           2.15732e-02   1.25636e-03   1.28201e-06   2.05762e-05
SaveSource cannot open file: /home/zhangfy/nl_target/toyMC/results/data_10744.C
1.07636	0.00395628
1.0737	0.00353262
1.06715	0.00348195
1.08429	0.00352508
1.08499	0.00343805
1.0895	0.0032697
1.12279	0.00351113
1.14675	0.00501261
 FCN=9.40127 FROM MIGRAD    STATUS=CONVERGED      36 CALLS          37 TOTAL
                     EDM=1.35258e-16    STRATEGY= 1      ERROR MATRIX ACCURATE 
  EXT PARAMETER                                   STEP         FIRST   
  NO.   NAME      VALUE            ERROR          SIZE      DERIVATIVE 
   1  p0           1.06893e+00   1.78299e-03   2.02286e-06  -1.21557e-05
   2  p1           2.13042e-02   1.25753e-03   1.42671e-06  -1.60615e-05
SaveSource cannot open file: /home/zhangfy/nl_target/toyMC/results/data_10745.C
1.06896	0.00392906
1.07744	0.00354492
1.07853	0.00351907
1.07998	0.00351105
1.08136	0.00342654
1.09378	0.00328254
1.11362	0.00348247
1.15144	0.0050331
 FCN=8.21115 FROM MIGRAD    STATUS=CONVERGED      36 CALLS          37 TOTAL
                     EDM=3.90459e-17    STRATEGY= 1      ERROR MATRIX ACCURATE 
  EXT PARAMETER                                   STEP         FIRST   
  NO.   NAME      VALUE            ERROR          SIZE      DERIVATIVE 
   1  p0           1.07004e+00   1.78476e-03   1.90346e-06  -6.21996e-06
   2  p1           2.00568e-02   1.25722e-03   1.34083e-06  -3.12657e-06
SaveSource cannot open file: /home/zhangfy/nl_target/toyMC/results/data_10746.C
1.07151	0.00393845
1.07405	0.00353379
1.07433	0.00350537
1.07376	0.00349084
1.08159	0.00342729
1.08666	0.00326116
1.11816	0.00349664
1.14923	0.00502343
 FCN=4.47197 FROM MIGRAD    STATUS=CONVERGED      36 CALLS          37 TOTAL
                     EDM=1.92278e-15    STRATEGY= 1      ERROR MATRIX ACCURATE 
  EXT PARAMETER                                   STEP         FIRST   
  NO.   NAME      VALUE            ERROR          SIZE      DERIVATIVE 
   1  p0           1.06667e+00   1.78069e-03   1.46415e-06  -3.10663e-05
   2  p1           2.12948e-02   1.25700e-03   1.03356e-06   7.27002e-06
SaveSource cannot open file: /home/zhangfy/nl_target/toyMC/results/data_10747.C
1.07306	0.00394416
1.06974	0.00351962
1.07388	0.0035039
1.08381	0.00352352
1.07623	0.0034103
1.08998	0.00327114
1.11799	0.00349611
1.14987	0.00502625
 FCN=6.13051 FROM MIGRAD    STATUS=CONVERGED      36 CALLS          37 TOTAL
                     EDM=1.80641e-16    STRATEGY= 1      ERROR MATRIX ACCURATE 
  EXT PARAMETER                                   STEP         FIRST   
  NO.   NAME      VALUE            ERROR          SIZE      DERIVATIVE 
   1  p0           1.06720e+00   1.78120e-03   1.67238e-06  -6.27212e-06
   2  p1           2.14134e-02   1.25721e-03   1.18041e-06   7.53184e-06
SaveSource cannot open file: /home/zhangfy/nl_target/toyMC/results/data_10748.C
1.06839	0.00392698
1.06677	0.00350983
1.07559	0.0035095
1.08206	0.00351783
1.0783	0.00341686
1.08797	0.00326509
1.11679	0.00349238
1.15359	0.00504249
 FCN=7.23065 FROM MIGRAD    STATUS=CONVERGED      36 CALLS          37 TOTAL
                     EDM=5.34897e-17    STRATEGY= 1      ERROR MATRIX ACCURATE 
  EXT PARAMETER                                   STEP         FIRST   
  NO.   NAME      VALUE            ERROR          SIZE      DERIVATIVE 
   1  p0           1.06548e+00   1.77960e-03   1.79536e-06   7.05576e-06
   2  p1           2.23156e-02   1.25810e-03   1.26925e-06   2.93377e-06
SaveSource cannot open file: /home/zhangfy/nl_target/toyMC/results/data_10749.C
1.07218	0.0039409
1.07422	0.00353433
1.07498	0.00350751
1.07766	0.00350352
1.0833	0.0034327
1.09157	0.0032759
1.11578	0.00348921
1.14914	0.00502307
 FCN=2.72645 FROM MIGRAD    STATUS=CONVERGED      36 CALLS          37 TOTAL
                     EDM=3.59371e-17    STRATEGY= 1      ERROR MATRIX ACCURATE 
  EXT PARAMETER                                   STEP         FIRST   
  NO.   NAME      VALUE            ERROR          SIZE      DERIVATIVE 
   1  p0           1.06887e+00   1.78291e-03   1.20981e-06  -5.95022e-06
   2  p1           2.04569e-02   1.25648e-03   8.52603e-07  -8.78956e-06
SaveSource cannot open file: /home/zhangfy/nl_target/toyMC/results/data_10750.C
1.07013	0.00393338
1.06879	0.00351647
1.07189	0.00349741
1.07724	0.00350216
1.07928	0.00341995
1.09175	0.00327646
1.11494	0.00348659
1.15021	0.00502772
 FCN=3.30187 FROM MIGRAD    STATUS=CONVERGED      36 CALLS          37 TOTAL
                     EDM=3.83349e-16    STRATEGY= 1      ERROR MATRIX ACCURATE 
  EXT PARAMETER                                   STEP         FIRST   
  NO.   NAME      VALUE            ERROR          SIZE      DERIVATIVE 
   1  p0           1.06569e+00   1.77865e-03   1.29747e-06   3.87197e-06
   2  p1           2.16716e-02   1.25576e-03   9.16038e-07  -1.78889e-05
SaveSource cannot open file: /home/zhangfy/nl_target/toyMC/results/data_10751.C
1.06747	0.00392359
1.06525	0.00350485
1.0742	0.00350496
1.0813	0.00351535
1.08198	0.00342853
1.08103	0.00324427
1.12177	0.00350795
1.14943	0.00502431
 FCN=11.7219 FROM MIGRAD    STATUS=CONVERGED      36 CALLS          37 TOTAL
                     EDM=8.62751e-16    STRATEGY= 1      ERROR MATRIX ACCURATE 
  EXT PARAMETER                                   STEP         FIRST   
  NO.   NAME      VALUE            ERROR          SIZE      DERIVATIVE 
   1  p0           1.06436e+00   1.77781e-03   2.23052e-06  -1.73612e-05
   2  p1           2.26882e-02   1.25737e-03   1.57755e-06   1.08802e-05
SaveSource cannot open file: /home/zhangfy/nl_target/toyMC/results/data_10752.C
1.05998	0.00389607
1.07242	0.00352843
1.07925	0.00352143
1.07955	0.00350964
1.07787	0.00341548
1.08992	0.00327096
1.11335	0.00348162
1.1509	0.00503073
 FCN=14.5472 FROM MIGRAD    STATUS=CONVERGED      36 CALLS          37 TOTAL
                     EDM=1.4342e-16    STRATEGY= 1      ERROR MATRIX ACCURATE 
  EXT PARAMETER                                   STEP         FIRST   
  NO.   NAME      VALUE            ERROR          SIZE      DERIVATIVE 
   1  p0           1.06611e+00   1.77927e-03   2.46665e-06   6.00605e-06
   2  p1           2.12543e-02   1.25560e-03   1.74068e-06  -6.11023e-06
SaveSource cannot open file: /home/zhangfy/nl_target/toyMC/results/data_10753.C
1.0655	0.00391637
1.07283	0.00352978
1.07333	0.0035021
1.07912	0.00350827
1.07803	0.00341599
1.09176	0.00327648
1.12103	0.00350563
1.14451	0.00500283
 FCN=2.31866 FROM MIGRAD    STATUS=CONVERGED      34 CALLS          35 TOTAL
                     EDM=9.5303e-17    STRATEGY= 1      ERROR MATRIX ACCURATE 
  EXT PARAMETER                                   STEP         FIRST   
  NO.   NAME      VALUE            ERROR          SIZE      DERIVATIVE 
   1  p0           1.06641e+00   1.77868e-03   1.14039e-06   1.71260e-06
   2  p1           2.17115e-02   1.25499e-03   8.04628e-07  -9.17841e-06
SaveSource cannot open file: /home/zhangfy/nl_target/toyMC/results/data_10754.C
1.06905	0.00392942
1.07212	0.00352745
1.07776	0.00351657
1.07869	0.00350685
1.07808	0.00341617
1.09571	0.00328833
1.12042	0.00350372
1.1482	0.00501893
 FCN=3.97911 FROM MIGRAD    STATUS=CONVERGED      36 CALLS          37 TOTAL
                     EDM=1.92279e-15    STRATEGY= 1      ERROR MATRIX ACCURATE 
  EXT PARAMETER                                   STEP         FIRST   
  NO.   NAME      VALUE            ERROR          SIZE      DERIVATIVE 
   1  p0           1.06803e+00   1.78167e-03   1.39888e-06   2.86587e-05
   2  p1           2.16807e-02   1.25721e-03   9.87100e-07  -1.15454e-05
SaveSource cannot open file: /home/zhangfy/nl_target/toyMC/results/data_10755.C
1.07165	0.00393898
1.06877	0.00351641
1.07456	0.00350612
1.07825	0.00350543
1.08662	0.00344321
1.09177	0.00327652
1.12077	0.00350482
1.15085	0.00503053
 FCN=3.48552 FROM MIGRAD    STATUS=CONVERGED      34 CALLS          35 TOTAL
                     EDM=2.67676e-16    STRATEGY= 1      ERROR MATRIX ACCURATE 
  EXT PARAMETER                                   STEP         FIRST   
  NO.   NAME      VALUE            ERROR          SIZE      DERIVATIVE 
   1  p0           1.06772e+00   1.78189e-03   1.32792e-06   7.30552e-06
   2  p1           2.21499e-02   1.25846e-03   9.37843e-07  -9.63498e-06
SaveSource cannot open file: /home/zhangfy/nl_target/toyMC/results/data_10756.C
1.06878	0.00392843
1.07328	0.00353126
1.06842	0.00348608
1.07917	0.00350843
1.08044	0.00342364
1.09595	0.00328905
1.12216	0.00350917
1.14272	0.00499498
 FCN=5.65947 FROM MIGRAD    STATUS=CONVERGED      36 CALLS          37 TOTAL
                     EDM=1.62947e-15    STRATEGY= 1      ERROR MATRIX ACCURATE 
  EXT PARAMETER                                   STEP         FIRST   
  NO.   NAME      VALUE            ERROR          SIZE      DERIVATIVE 
   1  p0           1.06719e+00   1.77902e-03   1.61657e-06   3.06164e-05
   2  p1           2.16872e-02   1.25448e-03   1.13994e-06  -2.94322e-06
SaveSource cannot open file: /home/zhangfy/nl_target/toyMC/results/data_10757.C
1.0716	0.0039388
1.07446	0.00353514
1.07774	0.0035165
1.08428	0.00352503
1.08575	0.00344045
1.09831	0.00329614
1.11576	0.00348914
1.15636	0.00505462
 FCN=9.53997 FROM MIGRAD    STATUS=CONVERGED      36 CALLS          37 TOTAL
                     EDM=2.31712e-16    STRATEGY= 1      ERROR MATRIX ACCURATE 
  EXT PARAMETER                                   STEP         FIRST   
  NO.   NAME      VALUE            ERROR          SIZE      DERIVATIVE 
   1  p0           1.07135e+00   1.78735e-03   2.04035e-06  -1.07455e-05
   2  p1           2.10395e-02   1.26048e-03   1.43891e-06   2.51532e-06
SaveSource cannot open file: /home/zhangfy/nl_target/toyMC/results/data_10758.C
1.07521	0.00395205
1.06709	0.00351087
1.07464	0.00350638
1.07616	0.00349864
1.08672	0.00344353
1.08675	0.00326146
1.11401	0.00348366
1.14501	0.00500499
 FCN=9.17851 FROM MIGRAD    STATUS=CONVERGED      36 CALLS          37 TOTAL
                     EDM=1.10983e-16    STRATEGY= 1      ERROR MATRIX ACCURATE 
  EXT PARAMETER                                   STEP         FIRST   
  NO.   NAME      VALUE            ERROR          SIZE      DERIVATIVE 
   1  p0           1.06791e+00   1.78052e-03   1.99645e-06   4.12626e-06
   2  p1           1.97500e-02   1.25343e-03   1.40543e-06  -7.04319e-06
SaveSource cannot open file: /home/zhangfy/nl_target/toyMC/results/data_10759.C
1.06869	0.00392807
1.06785	0.00351337
1.07984	0.00352337
1.08007	0.00351136
1.08431	0.00343589
1.09097	0.00327411
1.11953	0.00350094
1.14404	0.00500074
 FCN=5.39773 FROM MIGRAD    STATUS=CONVERGED      36 CALLS          37 TOTAL
                     EDM=7.87727e-16    STRATEGY= 1      ERROR MATRIX ACCURATE 
  EXT PARAMETER                                   STEP         FIRST   
  NO.   NAME      VALUE            ERROR          SIZE      DERIVATIVE 
   1  p0           1.06867e+00   1.78135e-03   1.58515e-06  -1.64760e-05
   2  p1           2.06254e-02   1.25472e-03   1.11652e-06   1.05501e-05
SaveSource cannot open file: /home/zhangfy/nl_target/toyMC/results/data_10760.C
1.0703	0.00393401
1.0705	0.00352212
1.07539	0.00350883
1.07798	0.00350456
1.08499	0.00343805
1.09259	0.00327898
1.11571	0.003489
1.14119	0.00498829
 FCN=2.54788 FROM MIGRAD    STATUS=CONVERGED      36 CALLS          37 TOTAL
                     EDM=3.76651e-15    STRATEGY= 1      ERROR MATRIX ACCURATE 
  EXT PARAMETER                                   STEP         FIRST   
  NO.   NAME      VALUE            ERROR          SIZE      DERIVATIVE 
   1  p0           1.06907e+00   1.78072e-03   1.17969e-06   5.66251e-06
   2  p1           1.95133e-02   1.25205e-03   8.29461e-07  -6.34911e-05
SaveSource cannot open file: /home/zhangfy/nl_target/toyMC/results/data_10761.C
1.07761	0.00396089
1.06924	0.00351795
1.07723	0.00351484
1.08213	0.00351806
1.0818	0.00342795
1.08849	0.00326665
1.12193	0.00350844
1.14729	0.00501498
 FCN=5.47475 FROM MIGRAD    STATUS=CONVERGED      36 CALLS          37 TOTAL
                     EDM=3.51161e-16    STRATEGY= 1      ERROR MATRIX ACCURATE 
  EXT PARAMETER                                   STEP         FIRST   
  NO.   NAME      VALUE            ERROR          SIZE      DERIVATIVE 
   1  p0           1.06924e+00   1.78379e-03   1.59592e-06  -1.59098e-05
   2  p1           2.09195e-02   1.25783e-03   1.12535e-06  -2.24146e-06
SaveSource cannot open file: /home/zhangfy/nl_target/toyMC/results/data_10762.C
1.07211	0.00394066
1.07398	0.00353355
1.07382	0.00350373
1.07414	0.00349207
1.08257	0.00343037
1.09144	0.00327552
1.11274	0.00347971
1.1521	0.00503598
 FCN=8.22268 FROM MIGRAD    STATUS=CONVERGED      36 CALLS          37 TOTAL
                     EDM=7.79465e-17    STRATEGY= 1      ERROR MATRIX ACCURATE 
  EXT PARAMETER                                   STEP         FIRST   
  NO.   NAME      VALUE            ERROR          SIZE      DERIVATIVE 
   1  p0           1.06758e+00   1.78173e-03   1.90148e-06  -4.49582e-06
   2  p1           2.07288e-02   1.25671e-03   1.34117e-06   4.38735e-06
SaveSource cannot open file: /home/zhangfy/nl_target/toyMC/results/data_10763.C
1.06629	0.00391927
1.07261	0.00352906
1.06913	0.00348842
1.07819	0.00350524
1.07435	0.00340433
1.08667	0.0032612
1.12268	0.0035108
1.1404	0.00498485
 FCN=5.67162 FROM MIGRAD    STATUS=CONVERGED      36 CALLS          37 TOTAL
                     EDM=7.17604e-15    STRATEGY= 1      ERROR MATRIX ACCURATE 
  EXT PARAMETER                                   STEP         FIRST   
  NO.   NAME      VALUE            ERROR          SIZE      DERIVATIVE 
   1  p0           1.06434e+00   1.77551e-03   1.61396e-06   2.22463e-05
   2  p1           2.17882e-02   1.25309e-03   1.13907e-06  -7.10149e-05
SaveSource cannot open file: /home/zhangfy/nl_target/toyMC/results/data_10764.C
1.06968	0.00393174
1.07136	0.00352494
1.07208	0.00349803
1.07778	0.00350391
1.07992	0.00342198
1.09035	0.00327224
1.11622	0.00349058
1.14816	0.00501876
 FCN=1.26198 FROM MIGRAD    STATUS=CONVERGED      36 CALLS          37 TOTAL
                     EDM=3.9887e-16    STRATEGY= 1      ERROR MATRIX ACCURATE 
  EXT PARAMETER                                   STEP         FIRST   
  NO.   NAME      VALUE            ERROR          SIZE      DERIVATIVE 
   1  p0           1.06640e+00   1.77935e-03   9.41104e-07   3.51954e-06
   2  p1           2.12594e-02   1.25539e-03   6.63983e-07   2.56704e-05
SaveSource cannot open file: /home/zhangfy/nl_target/toyMC/results/data_10765.C
1.07984	0.00396905
1.07376	0.00353284
1.0692	0.00348864
1.07798	0.00350454
1.0838	0.00343428
1.09379	0.00328258
1.11713	0.00349343
1.14703	0.00501382
 FCN=8.51655 FROM MIGRAD    STATUS=CONVERGED      36 CALLS          37 TOTAL
                     EDM=2.72444e-16    STRATEGY= 1      ERROR MATRIX ACCURATE 
  EXT PARAMETER                                   STEP         FIRST   
  NO.   NAME      VALUE            ERROR          SIZE      DERIVATIVE 
   1  p0           1.06950e+00   1.78331e-03   1.93417e-06   8.93380e-06
   2  p1           2.02768e-02   1.25607e-03   1.36233e-06  -7.38340e-06
SaveSource cannot open file: /home/zhangfy/nl_target/toyMC/results/data_10766.C
1.07075	0.00393566
1.0712	0.00352441
1.07409	0.00350458
1.08305	0.00352105
1.07717	0.00341327
1.09235	0.00327824
1.11767	0.00349511
1.1483	0.0050194
 FCN=3.94628 FROM MIGRAD    STATUS=CONVERGED      36 CALLS          37 TOTAL
                     EDM=1.28943e-16    STRATEGY= 1      ERROR MATRIX ACCURATE 
  EXT PARAMETER                                   STEP         FIRST   
  NO.   NAME      VALUE            ERROR          SIZE      DERIVATIVE 
   1  p0           1.06768e+00   1.78115e-03   1.39318e-06   4.99655e-06
   2  p1           2.11629e-02   1.25628e-03   9.82637e-07  -6.80616e-06
SaveSource cannot open file: /home/zhangfy/nl_target/toyMC/results/data_10767.C
1.07201	0.00394029
1.07021	0.00352115
1.07214	0.00349824
1.081	0.00351438
1.08279	0.00343109
1.09399	0.00328318
1.11809	0.00349644
1.13745	0.00497197
 FCN=3.28402 FROM MIGRAD    STATUS=CONVERGED      36 CALLS          37 TOTAL
                     EDM=8.60519e-16    STRATEGY= 1      ERROR MATRIX ACCURATE 
  EXT PARAMETER                                   STEP         FIRST   
  NO.   NAME      VALUE            ERROR          SIZE      DERIVATIVE 
   1  p0           1.06922e+00   1.78008e-03   1.29642e-06   3.04612e-05
   2  p1           1.94496e-02   1.25088e-03   9.11015e-07   1.89137e-05
SaveSource cannot open file: /home/zhangfy/nl_target/toyMC/results/data_10768.C
1.07437	0.00394895
1.06362	0.00349948
1.07487	0.00350712
1.07439	0.00349289
1.08256	0.00343034
1.08575	0.00325844
1.11541	0.00348805
1.15432	0.0050457
 FCN=12.9808 FROM MIGRAD    STATUS=CONVERGED      36 CALLS          37 TOTAL
                     EDM=3.04947e-15    STRATEGY= 1      ERROR MATRIX ACCURATE 
  EXT PARAMETER                                   STEP         FIRST   
  NO.   NAME      VALUE            ERROR          SIZE      DERIVATIVE 
   1  p0           1.06474e+00   1.77896e-03   2.33820e-06  -3.85078e-05
   2  p1           2.22544e-02   1.25801e-03   1.65349e-06   1.03402e-05
SaveSource cannot open file: /home/zhangfy/nl_target/toyMC/results/data_10769.C
1.06842	0.00392708
1.07464	0.00353572
1.07718	0.00351469
1.07717	0.00350192
1.08184	0.00342806
1.09779	0.00329457
1.1161	0.00349021
1.13803	0.00497451
 FCN=6.63169 FROM MIGRAD    STATUS=CONVERGED      36 CALLS          37 TOTAL
                     EDM=6.66158e-16    STRATEGY= 1      ERROR MATRIX ACCURATE 
  EXT PARAMETER                                   STEP         FIRST   
  NO.   NAME      VALUE            ERROR          SIZE      DERIVATIVE 
   1  p0           1.07031e+00   1.78144e-03   1.73128e-06  -1.93537e-05
   2  p1           1.89287e-02   1.25086e-03   1.21564e-06   2.26677e-06
SaveSource cannot open file: /home/zhangfy/nl_target/toyMC/results/data_10770.C
1.06609	0.00391853
1.07045	0.00352193
1.06923	0.00348873
1.07949	0.00350948
1.07989	0.00342189
1.09135	0.00327525
1.12003	0.00350251
1.15002	0.00502691
 FCN=1.77543 FROM MIGRAD    STATUS=CONVERGED      36 CALLS          37 TOTAL
                     EDM=7.45865e-16    STRATEGY= 1      ERROR MATRIX ACCURATE 
  EXT PARAMETER                                   STEP         FIRST   
  NO.   NAME      VALUE            ERROR          SIZE      DERIVATIVE 
   1  p0           1.06493e+00   1.77787e-03   1.04255e-06   2.80793e-05
   2  p1           2.28848e-02   1.25702e-03   7.37120e-07   1.63682e-05
SaveSource cannot open file: /home/zhangfy/nl_target/toyMC/results/data_10771.C
1.0705	0.00393474
1.07581	0.00353958
1.07319	0.00350166
1.08004	0.00351126
1.08517	0.00343861
1.09245	0.00327855
1.12265	0.00351069
1.15407	0.00504459
 FCN=1.95586 FROM MIGRAD    STATUS=CONVERGED      36 CALLS          37 TOTAL
                     EDM=1.17921e-16    STRATEGY= 1      ERROR MATRIX ACCURATE 
  EXT PARAMETER                                   STEP         FIRST   
  NO.   NAME      VALUE            ERROR          SIZE      DERIVATIVE 
   1  p0           1.06856e+00   1.78419e-03   1.07918e-06  -7.18607e-06
   2  p1           2.25525e-02   1.26116e-03   7.62823e-07  -1.67773e-05
SaveSource cannot open file: /home/zhangfy/nl_target/toyMC/results/data_10772.C
1.06064	0.00389848
1.06685	0.00351008
1.07336	0.00350221
1.07685	0.00350088
1.08083	0.00342486
1.09196	0.00327708
1.12104	0.00350566
1.14155	0.00498987
 FCN=6.49689 FROM MIGRAD    STATUS=CONVERGED      36 CALLS          37 TOTAL
                     EDM=6.41519e-16    STRATEGY= 1      ERROR MATRIX ACCURATE 
  EXT PARAMETER                                   STEP         FIRST   
  NO.   NAME      VALUE            ERROR          SIZE      DERIVATIVE 
   1  p0           1.06451e+00   1.77490e-03   1.71179e-06  -7.48455e-06
   2  p1           2.22243e-02   1.25254e-03   1.20800e-06   2.02100e-05
SaveSource cannot open file: /home/zhangfy/nl_target/toyMC/results/data_10773.C
1.07164	0.00393892
1.07512	0.00353732
1.07733	0.00351518
1.07924	0.00350865
1.07998	0.00342217
1.09453	0.0032848
1.11892	0.00349903
1.14646	0.00501134
 FCN=1.91181 FROM MIGRAD    STATUS=CONVERGED      36 CALLS          37 TOTAL
                     EDM=8.23417e-17    STRATEGY= 1      ERROR MATRIX ACCURATE 
  EXT PARAMETER                                   STEP         FIRST   
  NO.   NAME      VALUE            ERROR          SIZE      DERIVATIVE 
   1  p0           1.06968e+00   1.78349e-03   1.07024e-06  -1.60201e-07
   2  p1           2.04748e-02   1.25636e-03   7.53919e-07  -1.03708e-05
SaveSource cannot open file: /home/zhangfy/nl_target/toyMC/results/data_10774.C
1.07729	0.0039597
1.07263	0.00352912
1.07549	0.00350917
1.07572	0.00349722
1.0758	0.00340892
1.09328	0.00328103
1.11867	0.00349825
1.13819	0.0049752
 FCN=6.82376 FROM MIGRAD    STATUS=CONVERGED      34 CALLS          35 TOTAL
                     EDM=4.23767e-15    STRATEGY= 1      ERROR MATRIX ACCURATE 
  EXT PARAMETER                                   STEP         FIRST   
  NO.   NAME      VALUE            ERROR          SIZE      DERIVATIVE 
   1  p0           1.06898e+00   1.78080e-03   1.75142e-06   5.18021e-05
   2  p1           1.93369e-02   1.25204e-03   1.23139e-06   2.16385e-07
SaveSource cannot open file: /home/zhangfy/nl_target/toyMC/results/data_10775.C
1.07385	0.00394704
1.07554	0.00353868
1.07589	0.00351048
1.07601	0.00349814
1.0794	0.00342035
1.0879	0.0032649
1.11567	0.00348888
1.15214	0.00503617
 FCN=6.87952 FROM MIGRAD    STATUS=CONVERGED      36 CALLS          37 TOTAL
                     EDM=1.78077e-15    STRATEGY= 1      ERROR MATRIX ACCURATE 
  EXT PARAMETER                                   STEP         FIRST   
  NO.   NAME      VALUE            ERROR          SIZE      DERIVATIVE 
   1  p0           1.06784e+00   1.78289e-03   1.75811e-06   4.13435e-05
   2  p1           2.08032e-02   1.25811e-03   1.24063e-06   1.89359e-05
SaveSource cannot open file: /home/zhangfy/nl_target/toyMC/results/data_10776.C
1.07271	0.00394285
1.06718	0.00351118
1.0681	0.00348503
1.07736	0.00350255
1.08671	0.00344349
1.09033	0.00327219
1.11715	0.00349348
1.15271	0.00503864
 FCN=9.19863 FROM MIGRAD    STATUS=CONVERGED      34 CALLS          35 TOTAL
                     EDM=1.54275e-16    STRATEGY= 1      ERROR MATRIX ACCURATE 
  EXT PARAMETER                                   STEP         FIRST   
  NO.   NAME      VALUE            ERROR          SIZE      DERIVATIVE 
   1  p0           1.06578e+00   1.77944e-03   1.99925e-06  -8.06991e-06
   2  p1           2.24269e-02   1.25766e-03   1.41301e-06   3.36914e-06
SaveSource cannot open file: /home/zhangfy/nl_target/toyMC/results/data_10777.C
1.07197	0.00394016
1.0771	0.00354382
1.0708	0.00349384
1.0768	0.00350072
1.08273	0.0034309
1.09156	0.00327587
1.11853	0.0034978
1.14682	0.0050129
 FCN=3.55206 FROM MIGRAD    STATUS=CONVERGED      36 CALLS          37 TOTAL
                     EDM=1.19382e-16    STRATEGY= 1      ERROR MATRIX ACCURATE 
  EXT PARAMETER                                   STEP         FIRST   
  NO.   NAME      VALUE            ERROR          SIZE      DERIVATIVE 
   1  p0           1.06836e+00   1.78194e-03   1.33690e-06   2.93397e-06
   2  p1           2.07883e-02   1.25612e-03   9.42402e-07  -9.04292e-06
SaveSource cannot open file: /home/zhangfy/nl_target/toyMC/results/data_10778.C
1.07622	0.00395577
1.06615	0.00350779
1.07327	0.00350192
1.07307	0.0034886
1.07769	0.00341491
1.09525	0.00328697
1.11419	0.00348423
1.14264	0.00499463
 FCN=10.8065 FROM MIGRAD    STATUS=CONVERGED      36 CALLS          37 TOTAL
                     EDM=4.52778e-18    STRATEGY= 1      ERROR MATRIX ACCURATE 
  EXT PARAMETER                                   STEP         FIRST   
  NO.   NAME      VALUE            ERROR          SIZE      DERIVATIVE 
   1  p0           1.06669e+00   1.77802e-03   2.14877e-06   1.95718e-06
   2  p1           2.02613e-02   1.25197e-03   1.51302e-06   3.25799e-06
SaveSource cannot open file: /home/zhangfy/nl_target/toyMC/results/data_10779.C
1.07461	0.00394987
1.06645	0.00350879
1.07801	0.00351739
1.08063	0.00351317
1.07625	0.00341034
1.08721	0.00326282
1.11825	0.00349692
1.15053	0.00502912
 FCN=9.49173 FROM MIGRAD    STATUS=CONVERGED      36 CALLS          37 TOTAL
                     EDM=1.75878e-16    STRATEGY= 1      ERROR MATRIX ACCURATE 
  EXT PARAMETER                                   STEP         FIRST   
  NO.   NAME      VALUE            ERROR          SIZE      DERIVATIVE 
   1  p0           1.06658e+00   1.78086e-03   2.02768e-06   1.18815e-05
   2  p1           2.15444e-02   1.25764e-03   1.43194e-06   2.97725e-06
SaveSource cannot open file: /home/zhangfy/nl_target/toyMC/results/data_10780.C
1.07306	0.00394415
1.07091	0.00352346
1.07116	0.00349503
1.08719	0.00353449
1.08874	0.00344995
1.09037	0.00327232
1.1233	0.00351272
1.14914	0.00502304
 FCN=9.15147 FROM MIGRAD    STATUS=CONVERGED      36 CALLS          37 TOTAL
                     EDM=2.52903e-16    STRATEGY= 1      ERROR MATRIX ACCURATE 
  EXT PARAMETER                                   STEP         FIRST   
  NO.   NAME      VALUE            ERROR          SIZE      DERIVATIVE 
   1  p0           1.06966e+00   1.78422e-03   2.00041e-06   7.11507e-06
   2  p1           2.16722e-02   1.25882e-03   1.41135e-06  -9.32953e-06
SaveSource cannot open file: /home/zhangfy/nl_target/toyMC/results/data_10781.C
1.07694	0.00395842
1.07034	0.00352159
1.08084	0.00352663
1.07298	0.00348829
1.08002	0.00342231
1.09451	0.00328474
1.11812	0.00349654
1.13995	0.00498288
 FCN=9.98849 FROM MIGRAD    STATUS=CONVERGED      36 CALLS          37 TOTAL
                     EDM=2.20737e-16    STRATEGY= 1      ERROR MATRIX ACCURATE 
  EXT PARAMETER                                   STEP         FIRST   
  NO.   NAME      VALUE            ERROR          SIZE      DERIVATIVE 
   1  p0           1.06983e+00   1.78217e-03   2.07722e-06  -3.58313e-06
   2  p1           1.93053e-02   1.25290e-03   1.46032e-06   1.28271e-05
SaveSource cannot open file: /home/zhangfy/nl_target/toyMC/results/data_10782.C
1.06904	0.00392939
1.07023	0.00352122
1.07427	0.0035052
1.08044	0.00351254
1.07782	0.00341532
1.09409	0.00328347
1.11883	0.00349876
1.14309	0.00499659
 FCN=2.79238 FROM MIGRAD    STATUS=CONVERGED      36 CALLS          37 TOTAL
                     EDM=2.17557e-17    STRATEGY= 1      ERROR MATRIX ACCURATE 
  EXT PARAMETER                                   STEP         FIRST   
  NO.   NAME      VALUE            ERROR          SIZE      DERIVATIVE 
   1  p0           1.06749e+00   1.77944e-03   1.21939e-06   5.10987e-06
   2  p1           2.08839e-02   1.25376e-03   8.59158e-07   4.42457e-06
SaveSource cannot open file: /home/zhangfy/nl_target/toyMC/results/data_10783.C
1.07225	0.00394119
1.07383	0.00353305
1.06339	0.00346969
1.07942	0.00350923
1.08497	0.00343799
1.09301	0.00328022
1.12614	0.00352162
1.15603	0.00505318
 FCN=10.0276 FROM MIGRAD    STATUS=CONVERGED      36 CALLS          37 TOTAL
                     EDM=1.17108e-15    STRATEGY= 1      ERROR MATRIX ACCURATE 
  EXT PARAMETER                                   STEP         FIRST   
  NO.   NAME      VALUE            ERROR          SIZE      DERIVATIVE 
   1  p0           1.06576e+00   1.78105e-03   2.08276e-06  -3.01068e-06
   2  p1           2.45502e-02   1.26249e-03   1.47636e-06   3.52688e-05
SaveSource cannot open file: /home/zhangfy/nl_target/toyMC/results/data_10784.C
1.07661	0.00395721
1.07027	0.00352135
1.06895	0.00348781
1.0809	0.00351404
1.08258	0.00343042
1.08783	0.00326468
1.12251	0.00351027
1.15135	0.00503271
 FCN=6.58393 FROM MIGRAD    STATUS=CONVERGED      36 CALLS          37 TOTAL
                     EDM=6.35857e-15    STRATEGY= 1      ERROR MATRIX ACCURATE 
  EXT PARAMETER                                   STEP         FIRST   
  NO.   NAME      VALUE            ERROR          SIZE      DERIVATIVE 
   1  p0           1.06683e+00   1.78157e-03   1.72574e-06   6.20749e-05
   2  p1           2.24638e-02   1.25943e-03   1.21997e-06  -2.46985e-06
SaveSource cannot open file: /home/zhangfy/nl_target/toyMC/results/data_10785.C
1.07272	0.0039429
1.06646	0.0035088
1.07223	0.00349851
1.07909	0.00350815
1.08765	0.00344648
1.09738	0.00329336
1.1207	0.00350461
1.14779	0.00501714
 FCN=9.08449 FROM MIGRAD    STATUS=CONVERGED      36 CALLS          37 TOTAL
                     EDM=2.61227e-15    STRATEGY= 1      ERROR MATRIX ACCURATE 
  EXT PARAMETER                                   STEP         FIRST   
  NO.   NAME      VALUE            ERROR          SIZE      DERIVATIVE 
   1  p0           1.06829e+00   1.78127e-03   1.99181e-06  -5.02769e-06
   2  p1           2.19658e-02   1.25668e-03   1.40522e-06   5.23502e-05
SaveSource cannot open file: /home/zhangfy/nl_target/toyMC/results/data_10786.C
1.07454	0.00394958
1.06869	0.00351616
1.07404	0.00350444
1.08141	0.00351571
1.07846	0.00341736
1.08824	0.00326593
1.12007	0.00350263
1.14887	0.00502186
 FCN=4.05173 FROM MIGRAD    STATUS=CONVERGED      36 CALLS          37 TOTAL
                     EDM=1.37219e-16    STRATEGY= 1      ERROR MATRIX ACCURATE 
  EXT PARAMETER                                   STEP         FIRST   
  NO.   NAME      VALUE            ERROR          SIZE      DERIVATIVE 
   1  p0           1.06699e+00   1.78096e-03   1.40762e-06   1.10768e-05
   2  p1           2.16184e-02   1.25738e-03   9.93806e-07   4.10885e-06
SaveSource cannot open file: /home/zhangfy/nl_target/toyMC/results/data_10787.C
1.07079	0.00393581
1.06644	0.00350875
1.07646	0.00351234
1.07863	0.00350666
1.08339	0.00343297
1.09428	0.00328406
1.11607	0.00349012
1.14968	0.0050254
 FCN=6.58871 FROM MIGRAD    STATUS=CONVERGED      36 CALLS          37 TOTAL
                     EDM=5.42086e-15    STRATEGY= 1      ERROR MATRIX ACCURATE 
  EXT PARAMETER                                   STEP         FIRST   
  NO.   NAME      VALUE            ERROR          SIZE      DERIVATIVE 
   1  p0           1.06764e+00   1.78089e-03   1.72586e-06  -5.12956e-05
   2  p1           2.13461e-02   1.25617e-03   1.21736e-06   1.37984e-05
SaveSource cannot open file: /home/zhangfy/nl_target/toyMC/results/data_10788.C
1.07576	0.00395408
1.0663	0.00350829
1.07811	0.0035177
1.08742	0.00353523
1.08325	0.00343253
1.09418	0.00328374
1.11655	0.00349162
1.14469	0.00500362
 FCN=10.8612 FROM MIGRAD    STATUS=CONVERGED      34 CALLS          35 TOTAL
                     EDM=2.52858e-15    STRATEGY= 1      ERROR MATRIX ACCURATE 
  EXT PARAMETER                                   STEP         FIRST   
  NO.   NAME      VALUE            ERROR          SIZE      DERIVATIVE 
   1  p0           1.07101e+00   1.78420e-03   2.16091e-06   3.73618e-05
   2  p1           1.95358e-02   1.25463e-03   1.51953e-06  -4.95370e-06
SaveSource cannot open file: /home/zhangfy/nl_target/toyMC/results/data_10789.C
1.07254	0.00394223
1.07506	0.00353711
1.07737	0.0035153
1.08047	0.00351267
1.08636	0.00344238
1.09246	0.00327859
1.12171	0.00350775
1.15032	0.00502821
 FCN=1.09293 FROM MIGRAD    STATUS=CONVERGED      38 CALLS          39 TOTAL
                     EDM=1.76375e-16    STRATEGY= 1      ERROR MATRIX ACCURATE 
  EXT PARAMETER                                   STEP         FIRST   
  NO.   NAME      VALUE            ERROR          SIZE      DERIVATIVE 
   1  p0           1.07044e+00   1.78571e-03   9.08560e-07   7.26959e-06
   2  p1           2.11848e-02   1.25942e-03   6.40787e-07  -5.78339e-06
SaveSource cannot open file: /home/zhangfy/nl_target/toyMC/results/data_10790.C
1.07889	0.00396558
1.06788	0.00351349
1.07591	0.00351053
1.07953	0.00350959
1.08299	0.00343171
1.09384	0.00328273
1.11452	0.00348527
1.14867	0.00502099
 FCN=8.96622 FROM MIGRAD    STATUS=CONVERGED      36 CALLS          37 TOTAL
                     EDM=9.64132e-18    STRATEGY= 1      ERROR MATRIX ACCURATE 
  EXT PARAMETER                                   STEP         FIRST   
  NO.   NAME      VALUE            ERROR          SIZE      DERIVATIVE 
   1  p0           1.06960e+00   1.78351e-03   1.97913e-06   2.52883e-06
   2  p1           2.00500e-02   1.25596e-03   1.39371e-06   4.84648e-06
SaveSource cannot open file: /home/zhangfy/nl_target/toyMC/results/data_10791.C
1.07576	0.00395408
1.06866	0.00351606
1.07017	0.00349179
1.07712	0.00350175
1.08231	0.00342957
1.09255	0.00327884
1.10771	0.00346398
1.14057	0.00498558
 FCN=9.49712 FROM MIGRAD    STATUS=CONVERGED      36 CALLS          37 TOTAL
                     EDM=1.19793e-16    STRATEGY= 1      ERROR MATRIX ACCURATE 
  EXT PARAMETER                                   STEP         FIRST   
  NO.   NAME      VALUE            ERROR          SIZE      DERIVATIVE 
   1  p0           1.06835e+00   1.77907e-03   2.02550e-06   2.99275e-06
   2  p1           1.82140e-02   1.24901e-03   1.42202e-06  -9.04718e-06
SaveSource cannot open file: /home/zhangfy/nl_target/toyMC/results/data_10792.C
1.07124	0.00393746
1.07238	0.0035283
1.07513	0.00350798
1.07916	0.00350841
1.07794	0.00341571
1.09079	0.00327358
1.1223	0.00350959
1.15424	0.00504534
 FCN=2.0326 FROM MIGRAD    STATUS=CONVERGED      36 CALLS          37 TOTAL
                     EDM=2.71021e-16    STRATEGY= 1      ERROR MATRIX ACCURATE 
  EXT PARAMETER                                   STEP         FIRST   
  NO.   NAME      VALUE            ERROR          SIZE      DERIVATIVE 
   1  p0           1.06661e+00   1.78195e-03   1.09155e-06  -4.12044e-06
   2  p1           2.29725e-02   1.26085e-03   7.72346e-07   1.39434e-05
SaveSource cannot open file: /home/zhangfy/nl_target/toyMC/results/data_10793.C
1.0704	0.00393437
1.07169	0.00352601
1.07153	0.00349626
1.08527	0.00352825
1.07973	0.00342137
1.09228	0.00327805
1.12524	0.0035188
1.14195	0.00499164
 FCN=6.32665 FROM MIGRAD    STATUS=CONVERGED      36 CALLS          37 TOTAL
                     EDM=3.23444e-15    STRATEGY= 1      ERROR MATRIX ACCURATE 
  EXT PARAMETER                                   STEP         FIRST   
  NO.   NAME      VALUE            ERROR          SIZE      DERIVATIVE 
   1  p0           1.06828e+00   1.78079e-03   1.69702e-06  -3.76831e-06
   2  p1           2.14931e-02   1.25547e-03   1.19640e-06   6.02436e-05
SaveSource cannot open file: /home/zhangfy/nl_target/toyMC/results/data_10794.C
1.06553	0.00391648
1.07292	0.00353007
1.07521	0.00350825
1.07809	0.00350492
1.08675	0.00344363
1.09719	0.00329279
1.12064	0.00350442
1.15027	0.00502798
 FCN=6.5582 FROM MIGRAD    STATUS=CONVERGED      36 CALLS          37 TOTAL
                     EDM=1.19165e-16    STRATEGY= 1      ERROR MATRIX ACCURATE 
  EXT PARAMETER                                   STEP         FIRST   
  NO.   NAME      VALUE            ERROR          SIZE      DERIVATIVE 
   1  p0           1.06844e+00   1.78217e-03   1.72494e-06  -6.53800e-06
   2  p1           2.21848e-02   1.25804e-03   1.21764e-06  -1.67130e-05
SaveSource cannot open file: /home/zhangfy/nl_target/toyMC/results/data_10795.C
1.0706	0.0039351
1.0705	0.00352209
1.07483	0.00350703
1.07673	0.00350048
1.08194	0.00342838
1.08559	0.00325796
1.12186	0.00350821
1.14638	0.00501099
 FCN=3.04977 FROM MIGRAD    STATUS=CONVERGED      36 CALLS          37 TOTAL
                     EDM=3.11282e-15    STRATEGY= 1      ERROR MATRIX ACCURATE 
  EXT PARAMETER                                   STEP         FIRST   
  NO.   NAME      VALUE            ERROR          SIZE      DERIVATIVE 
   1  p0           1.06637e+00   1.77974e-03   1.25969e-06  -2.75239e-05
   2  p1           2.16964e-02   1.25652e-03   8.89354e-07   2.91239e-05
SaveSource cannot open file: /home/zhangfy/nl_target/toyMC/results/data_10796.C
1.0732	0.00394468
1.07292	0.00353006
1.07884	0.00352011
1.07774	0.00350379
1.08192	0.00342831
1.09312	0.00328057
1.11462	0.00348558
1.14745	0.00501566
 FCN=4.05675 FROM MIGRAD    STATUS=CONVERGED      36 CALLS          37 TOTAL
                     EDM=5.71506e-16    STRATEGY= 1      ERROR MATRIX ACCURATE 
  EXT PARAMETER                                   STEP         FIRST   
  NO.   NAME      VALUE            ERROR          SIZE      DERIVATIVE 
   1  p0           1.06982e+00   1.78362e-03   1.40964e-06   2.66207e-06
   2  p1           1.97312e-02   1.25548e-03   9.92237e-07   2.94161e-05
SaveSource cannot open file: /home/zhangfy/nl_target/toyMC/results/data_10797.C
1.07839	0.00396373
1.06798	0.00351381
1.07615	0.00351131
1.08687	0.00353347
1.08334	0.00343281
1.08617	0.00325971
1.122	0.00350868
1.14425	0.00500169
 FCN=12.0742 FROM MIGRAD    STATUS=CONVERGED      36 CALLS          37 TOTAL
                     EDM=6.56338e-16    STRATEGY= 1      ERROR MATRIX ACCURATE 
  EXT PARAMETER                                   STEP         FIRST   
  NO.   NAME      VALUE            ERROR          SIZE      DERIVATIVE 
   1  p0           1.07002e+00   1.78404e-03   2.26796e-06  -8.06542e-06
   2  p1           2.01855e-02   1.25637e-03   1.59715e-06   1.96860e-05
SaveSource cannot open file: /home/zhangfy/nl_target/toyMC/results/data_10798.C
1.07301	0.00394398
1.07906	0.00355027
1.06909	0.00348827
1.0807	0.00351339
1.08052	0.00342388
1.09388	0.00328284
1.11702	0.00349308
1.14833	0.00501951
 FCN=7.61379 FROM MIGRAD    STATUS=CONVERGED      36 CALLS          37 TOTAL
                     EDM=4.24228e-16    STRATEGY= 1      ERROR MATRIX ACCURATE 
  EXT PARAMETER                                   STEP         FIRST   
  NO.   NAME      VALUE            ERROR          SIZE      DERIVATIVE 
   1  p0           1.06920e+00   1.78319e-03   1.84006e-06  -7.83890e-06
   2  p1           2.05369e-02   1.25659e-03   1.29666e-06   1.40334e-05
SaveSource cannot open file: /home/zhangfy/nl_target/toyMC/results/data_10799.C
