1.07121	0.00393735
1.07166	0.00352593
1.07361	0.00350301
1.07734	0.00350247
1.08591	0.00344096
1.09238	0.00327835
1.11947	0.00350076
1.13963	0.00498147
 FCN=2.75686 FROM MIGRAD    STATUS=CONVERGED      36 CALLS          37 TOTAL
                     EDM=2.26445e-15    STRATEGY= 1      ERROR MATRIX ACCURATE 
  EXT PARAMETER                                   STEP         FIRST   
  NO.   NAME      VALUE            ERROR          SIZE      DERIVATIVE 
   1  p0           1.06908e+00   1.78074e-03   1.21440e-06  -3.98635e-06
   2  p1           1.99275e-02   1.25254e-03   8.54190e-07   4.96435e-05
SaveSource cannot open file: /home/zhangfy/nl_target/toyMC/results/data_17000.C
1.06994	0.0039327
1.07428	0.00353455
1.07245	0.00349924
1.07892	0.0035076
1.08555	0.00343982
1.09214	0.00327763
1.11503	0.00348685
1.15261	0.00503821
 FCN=6.22693 FROM MIGRAD    STATUS=CONVERGED      36 CALLS          37 TOTAL
                     EDM=3.34501e-15    STRATEGY= 1      ERROR MATRIX ACCURATE 
  EXT PARAMETER                                   STEP         FIRST   
  NO.   NAME      VALUE            ERROR          SIZE      DERIVATIVE 
   1  p0           1.06833e+00   1.78271e-03   1.68496e-06  -1.79418e-05
   2  p1           2.11294e-02   1.25767e-03   1.18871e-06   4.47559e-05
SaveSource cannot open file: /home/zhangfy/nl_target/toyMC/results/data_17001.C
1.07392	0.00394731
1.07389	0.00353327
1.07109	0.0034948
1.08165	0.00351648
1.08222	0.00342928
1.09596	0.0032891
1.11319	0.00348111
1.14541	0.00500673
 FCN=6.61827 FROM MIGRAD    STATUS=CONVERGED      36 CALLS          37 TOTAL
                     EDM=2.05129e-16    STRATEGY= 1      ERROR MATRIX ACCURATE 
  EXT PARAMETER                                   STEP         FIRST   
  NO.   NAME      VALUE            ERROR          SIZE      DERIVATIVE 
   1  p0           1.06994e+00   1.78272e-03   1.72996e-06  -1.57681e-05
   2  p1           1.94419e-02   1.25373e-03   1.21662e-06  -1.49475e-05
SaveSource cannot open file: /home/zhangfy/nl_target/toyMC/results/data_17002.C
1.07343	0.00394549
1.0754	0.00353823
1.0686	0.00348667
1.08442	0.00352549
1.08316	0.00343225
1.0931	0.00328051
1.12207	0.00350888
1.14298	0.00499614
 FCN=6.12646 FROM MIGRAD    STATUS=CONVERGED      36 CALLS          37 TOTAL
                     EDM=4.58504e-15    STRATEGY= 1      ERROR MATRIX ACCURATE 
  EXT PARAMETER                                   STEP         FIRST   
  NO.   NAME      VALUE            ERROR          SIZE      DERIVATIVE 
   1  p0           1.06970e+00   1.78270e-03   1.67455e-06  -2.86415e-05
   2  p1           2.06127e-02   1.25538e-03   1.17923e-06   4.22255e-05
SaveSource cannot open file: /home/zhangfy/nl_target/toyMC/results/data_17003.C
1.06917	0.00392986
1.0736	0.0035323
1.07345	0.00350249
1.08091	0.00351407
1.07928	0.00341995
1.09525	0.00328696
1.11788	0.00349578
1.15038	0.00502848
 FCN=3.7041 FROM MIGRAD    STATUS=CONVERGED      36 CALLS          37 TOTAL
                     EDM=2.29807e-16    STRATEGY= 1      ERROR MATRIX ACCURATE 
  EXT PARAMETER                                   STEP         FIRST   
  NO.   NAME      VALUE            ERROR          SIZE      DERIVATIVE 
   1  p0           1.06795e+00   1.78180e-03   1.35949e-06   8.68506e-06
   2  p1           2.15862e-02   1.25739e-03   9.59370e-07  -6.02807e-06
SaveSource cannot open file: /home/zhangfy/nl_target/toyMC/results/data_17004.C
1.06756	0.00392392
1.07917	0.00355063
1.07174	0.00349692
1.07952	0.00350955
1.08113	0.00342582
1.09123	0.0032749
1.11708	0.00349326
1.1478	0.00501718
 FCN=5.83685 FROM MIGRAD    STATUS=CONVERGED      34 CALLS          35 TOTAL
                     EDM=1.48649e-15    STRATEGY= 1      ERROR MATRIX ACCURATE 
  EXT PARAMETER                                   STEP         FIRST   
  NO.   NAME      VALUE            ERROR          SIZE      DERIVATIVE 
   1  p0           1.06835e+00   1.78198e-03   1.63824e-06   1.66441e-06
   2  p1           2.06767e-02   1.25606e-03   1.15474e-06   4.50150e-05
SaveSource cannot open file: /home/zhangfy/nl_target/toyMC/results/data_17005.C
1.05982	0.00389547
1.07046	0.00352196
1.07193	0.00349756
1.08088	0.00351399
1.08178	0.00342788
1.0887	0.00326729
1.12661	0.00352306
1.15252	0.00503782
 FCN=6.67223 FROM MIGRAD    STATUS=CONVERGED      36 CALLS          37 TOTAL
                     EDM=1.6064e-16    STRATEGY= 1      ERROR MATRIX ACCURATE 
  EXT PARAMETER                                   STEP         FIRST   
  NO.   NAME      VALUE            ERROR          SIZE      DERIVATIVE 
   1  p0           1.06395e+00   1.77773e-03   1.73452e-06  -4.20016e-06
   2  p1           2.46650e-02   1.26012e-03   1.22949e-06   9.46335e-06
SaveSource cannot open file: /home/zhangfy/nl_target/toyMC/results/data_17006.C
1.06732	0.00392307
1.07418	0.00353422
1.07361	0.00350303
1.0847	0.0035264
1.07889	0.00341873
1.0946	0.00328499
1.11561	0.00348869
1.14123	0.00498849
 FCN=6.28717 FROM MIGRAD    STATUS=CONVERGED      36 CALLS          37 TOTAL
                     EDM=5.90812e-17    STRATEGY= 1      ERROR MATRIX ACCURATE 
  EXT PARAMETER                                   STEP         FIRST   
  NO.   NAME      VALUE            ERROR          SIZE      DERIVATIVE 
   1  p0           1.06936e+00   1.78105e-03   1.69110e-06  -2.81117e-06
   2  p1           1.94771e-02   1.25210e-03   1.18887e-06  -1.09634e-05
SaveSource cannot open file: /home/zhangfy/nl_target/toyMC/results/data_17007.C
1.06912	0.00392968
1.07335	0.00353149
1.07779	0.00351668
1.07681	0.00350076
1.07922	0.00341976
1.09264	0.00327911
1.11817	0.00349668
1.14683	0.00501297
 FCN=2.74089 FROM MIGRAD    STATUS=CONVERGED      36 CALLS          37 TOTAL
                     EDM=1.68353e-17    STRATEGY= 1      ERROR MATRIX ACCURATE 
  EXT PARAMETER                                   STEP         FIRST   
  NO.   NAME      VALUE            ERROR          SIZE      DERIVATIVE 
   1  p0           1.06803e+00   1.78138e-03   1.21168e-06  -2.16170e-06
   2  p1           2.08914e-02   1.25587e-03   8.54230e-07   1.93132e-06
SaveSource cannot open file: /home/zhangfy/nl_target/toyMC/results/data_17008.C
1.0669	0.0039215
1.07585	0.00353972
1.0692	0.00348864
1.07761	0.00350336
1.07796	0.00341578
1.08882	0.00326766
1.12145	0.00350695
1.15453	0.00504663
 FCN=4.85311 FROM MIGRAD    STATUS=CONVERGED      36 CALLS          37 TOTAL
                     EDM=9.88644e-16    STRATEGY= 1      ERROR MATRIX ACCURATE 
  EXT PARAMETER                                   STEP         FIRST   
  NO.   NAME      VALUE            ERROR          SIZE      DERIVATIVE 
   1  p0           1.06471e+00   1.77943e-03   1.51448e-06  -1.98721e-05
   2  p1           2.34798e-02   1.26018e-03   1.07255e-06   9.46107e-06
SaveSource cannot open file: /home/zhangfy/nl_target/toyMC/results/data_17009.C
1.07748	0.00396038
1.06999	0.00352041
1.07246	0.00349927
1.07895	0.00350771
1.07794	0.00341571
1.09193	0.00327699
1.1196	0.00350116
1.1451	0.0050054
 FCN=4.42693 FROM MIGRAD    STATUS=CONVERGED      36 CALLS          37 TOTAL
                     EDM=2.80324e-15    STRATEGY= 1      ERROR MATRIX ACCURATE 
  EXT PARAMETER                                   STEP         FIRST   
  NO.   NAME      VALUE            ERROR          SIZE      DERIVATIVE 
   1  p0           1.06783e+00   1.78097e-03   1.45915e-06   3.41632e-05
   2  p1           2.08899e-02   1.25552e-03   1.02865e-06  -1.47390e-05
SaveSource cannot open file: /home/zhangfy/nl_target/toyMC/results/data_17010.C
1.07589	0.00395455
1.06873	0.00351627
1.07106	0.0034947
1.08428	0.00352502
1.08503	0.00343819
1.09379	0.00328258
1.11946	0.00350073
1.14177	0.00499082
 FCN=6.95564 FROM MIGRAD    STATUS=CONVERGED      36 CALLS          37 TOTAL
                     EDM=2.70254e-15    STRATEGY= 1      ERROR MATRIX ACCURATE 
  EXT PARAMETER                                   STEP         FIRST   
  NO.   NAME      VALUE            ERROR          SIZE      DERIVATIVE 
   1  p0           1.06986e+00   1.78215e-03   1.76870e-06   7.42827e-06
   2  p1           2.00666e-02   1.25376e-03   1.24430e-06  -5.08225e-05
SaveSource cannot open file: /home/zhangfy/nl_target/toyMC/results/data_17011.C
1.07031	0.00393404
1.07609	0.00354049
1.07477	0.00350681
1.07511	0.00349523
1.0751	0.0034067
1.096	0.00328921
1.11723	0.00349376
1.16016	0.00507124
 FCN=14.1456 FROM MIGRAD    STATUS=CONVERGED      36 CALLS          37 TOTAL
                     EDM=2.26603e-16    STRATEGY= 1      ERROR MATRIX ACCURATE 
  EXT PARAMETER                                   STEP         FIRST   
  NO.   NAME      VALUE            ERROR          SIZE      DERIVATIVE 
   1  p0           1.06628e+00   1.78241e-03   2.43911e-06  -7.81991e-06
   2  p1           2.31841e-02   1.26217e-03   1.72719e-06   7.21212e-06
SaveSource cannot open file: /home/zhangfy/nl_target/toyMC/results/data_17012.C
1.06867	0.00392803
1.06793	0.00351366
1.06635	0.00347935
1.08191	0.00351733
1.08514	0.00343852
1.09668	0.00329124
1.11765	0.00349505
1.13861	0.00497701
 FCN=13.3765 FROM MIGRAD    STATUS=CONVERGED      36 CALLS          37 TOTAL
                     EDM=1.96233e-16    STRATEGY= 1      ERROR MATRIX ACCURATE 
  EXT PARAMETER                                   STEP         FIRST   
  NO.   NAME      VALUE            ERROR          SIZE      DERIVATIVE 
   1  p0           1.06763e+00   1.77759e-03   2.37362e-06   6.30131e-06
   2  p1           2.04764e-02   1.25050e-03   1.66980e-06  -8.26052e-06
SaveSource cannot open file: /home/zhangfy/nl_target/toyMC/results/data_17013.C
1.06338	0.00390857
1.06211	0.0034945
1.07142	0.00349589
1.07867	0.00350681
1.08091	0.00342511
1.08793	0.003265
1.12138	0.00350672
1.1419	0.00499142
 FCN=6.79733 FROM MIGRAD    STATUS=CONVERGED      36 CALLS          37 TOTAL
                     EDM=6.06842e-17    STRATEGY= 1      ERROR MATRIX ACCURATE 
  EXT PARAMETER                                   STEP         FIRST   
  NO.   NAME      VALUE            ERROR          SIZE      DERIVATIVE 
   1  p0           1.06328e+00   1.77357e-03   1.74431e-06  -5.25607e-06
   2  p1           2.25723e-02   1.25255e-03   1.23189e-06  -1.21216e-05
SaveSource cannot open file: /home/zhangfy/nl_target/toyMC/results/data_17014.C
1.07355	0.00394595
1.07231	0.00352807
1.07049	0.00349286
1.08417	0.0035247
1.08389	0.00343456
1.0939	0.00328291
1.12004	0.00350254
1.14598	0.00500923
 FCN=3.99222 FROM MIGRAD    STATUS=CONVERGED      36 CALLS          37 TOTAL
                     EDM=1.23634e-16    STRATEGY= 1      ERROR MATRIX ACCURATE 
  EXT PARAMETER                                   STEP         FIRST   
  NO.   NAME      VALUE            ERROR          SIZE      DERIVATIVE 
   1  p0           1.06945e+00   1.78281e-03   1.40152e-06  -4.19764e-06
   2  p1           2.08485e-02   1.25613e-03   9.87478e-07   7.62839e-06
SaveSource cannot open file: /home/zhangfy/nl_target/toyMC/results/data_17015.C
1.07471	0.00395023
1.06792	0.00351362
1.07309	0.00350133
1.07813	0.00350505
1.08533	0.00343914
1.08825	0.00326595
1.11889	0.00349893
1.14608	0.00500969
 FCN=4.73764 FROM MIGRAD    STATUS=CONVERGED      36 CALLS          37 TOTAL
                     EDM=1.31905e-15    STRATEGY= 1      ERROR MATRIX ACCURATE 
  EXT PARAMETER                                   STEP         FIRST   
  NO.   NAME      VALUE            ERROR          SIZE      DERIVATIVE 
   1  p0           1.06762e+00   1.78075e-03   1.50012e-06   2.26245e-05
   2  p1           2.09424e-02   1.25552e-03   1.05766e-06  -1.14942e-05
SaveSource cannot open file: /home/zhangfy/nl_target/toyMC/results/data_17016.C
1.06811	0.00392595
1.06834	0.00351499
1.07694	0.00351388
1.07935	0.00350903
1.08062	0.0034242
1.09148	0.00327565
1.11851	0.00349774
1.14491	0.00500457
 FCN=2.47171 FROM MIGRAD    STATUS=CONVERGED      36 CALLS          37 TOTAL
                     EDM=1.08374e-16    STRATEGY= 1      ERROR MATRIX ACCURATE 
  EXT PARAMETER                                   STEP         FIRST   
  NO.   NAME      VALUE            ERROR          SIZE      DERIVATIVE 
   1  p0           1.06726e+00   1.77963e-03   1.16662e-06   5.55953e-06
   2  p1           2.10538e-02   1.25451e-03   8.22388e-07  -4.79925e-06
SaveSource cannot open file: /home/zhangfy/nl_target/toyMC/results/data_17017.C
1.0699	0.00393254
1.07672	0.00354256
1.07396	0.00350417
1.08329	0.00352183
1.08217	0.00342912
1.09058	0.00327294
1.11649	0.00349143
1.14682	0.0050129
 FCN=3.35894 FROM MIGRAD    STATUS=CONVERGED      36 CALLS          37 TOTAL
                     EDM=3.35915e-16    STRATEGY= 1      ERROR MATRIX ACCURATE 
  EXT PARAMETER                                   STEP         FIRST   
  NO.   NAME      VALUE            ERROR          SIZE      DERIVATIVE 
   1  p0           1.06970e+00   1.78347e-03   1.30888e-06  -3.26143e-06
   2  p1           1.99499e-02   1.25566e-03   9.21526e-07   1.71559e-05
SaveSource cannot open file: /home/zhangfy/nl_target/toyMC/results/data_17018.C
1.069	0.00392923
1.07205	0.00352721
1.07129	0.00349547
1.08118	0.00351497
1.08454	0.00343662
1.09088	0.00327384
1.11798	0.00349609
1.14437	0.00500222
 FCN=2.43604 FROM MIGRAD    STATUS=CONVERGED      34 CALLS          35 TOTAL
                     EDM=3.55229e-17    STRATEGY= 1      ERROR MATRIX ACCURATE 
  EXT PARAMETER                                   STEP         FIRST   
  NO.   NAME      VALUE            ERROR          SIZE      DERIVATIVE 
   1  p0           1.06811e+00   1.78052e-03   1.16107e-06  -6.09481e-06
   2  p1           2.06172e-02   1.25422e-03   8.17874e-07  -8.51121e-06
SaveSource cannot open file: /home/zhangfy/nl_target/toyMC/results/data_17019.C
1.06774	0.00392458
1.07436	0.0035348
1.07378	0.00350359
1.07836	0.00350579
1.08209	0.00342887
1.09121	0.00327484
1.11466	0.00348572
1.15435	0.00504582
 FCN=6.44166 FROM MIGRAD    STATUS=CONVERGED      36 CALLS          37 TOTAL
                     EDM=1.50335e-16    STRATEGY= 1      ERROR MATRIX ACCURATE 
  EXT PARAMETER                                   STEP         FIRST   
  NO.   NAME      VALUE            ERROR          SIZE      DERIVATIVE 
   1  p0           1.06719e+00   1.78175e-03   1.70873e-06   1.01827e-05
   2  p1           2.15886e-02   1.25824e-03   1.20667e-06   9.43996e-07
SaveSource cannot open file: /home/zhangfy/nl_target/toyMC/results/data_17020.C
1.06791	0.00392523
1.07294	0.00353012
1.07285	0.00350055
1.07181	0.00348449
1.08142	0.00342675
1.09211	0.00327752
1.11602	0.00348997
1.14141	0.00498925
 FCN=4.20779 FROM MIGRAD    STATUS=CONVERGED      36 CALLS          37 TOTAL
                     EDM=1.03791e-16    STRATEGY= 1      ERROR MATRIX ACCURATE 
  EXT PARAMETER                                   STEP         FIRST   
  NO.   NAME      VALUE            ERROR          SIZE      DERIVATIVE 
   1  p0           1.06664e+00   1.77783e-03   1.42711e-06   1.06501e-05
   2  p1           2.03296e-02   1.25185e-03   1.00489e-06   6.78360e-06
SaveSource cannot open file: /home/zhangfy/nl_target/toyMC/results/data_17021.C
1.06902	0.00392929
1.07558	0.00353883
1.06574	0.00347734
1.07838	0.00350586
1.08412	0.00343531
1.09997	0.00330111
1.12187	0.00350826
1.15078	0.00503021
 FCN=12.8196 FROM MIGRAD    STATUS=CONVERGED      36 CALLS          37 TOTAL
                     EDM=1.87597e-15    STRATEGY= 1      ERROR MATRIX ACCURATE 
  EXT PARAMETER                                   STEP         FIRST   
  NO.   NAME      VALUE            ERROR          SIZE      DERIVATIVE 
   1  p0           1.06742e+00   1.78099e-03   2.33184e-06  -2.27774e-06
   2  p1           2.29490e-02   1.25851e-03   1.64775e-06   4.63831e-05
SaveSource cannot open file: /home/zhangfy/nl_target/toyMC/results/data_17022.C
1.07086	0.00393608
1.06669	0.00350956
1.07739	0.00351537
1.07736	0.00350255
1.08336	0.00343288
1.09489	0.00328588
1.12461	0.00351681
1.14524	0.005006
 FCN=5.59575 FROM MIGRAD    STATUS=CONVERGED      36 CALLS          37 TOTAL
                     EDM=8.73707e-15    STRATEGY= 1      ERROR MATRIX ACCURATE 
  EXT PARAMETER                                   STEP         FIRST   
  NO.   NAME      VALUE            ERROR          SIZE      DERIVATIVE 
   1  p0           1.06772e+00   1.78063e-03   1.61036e-06   6.75018e-05
   2  p1           2.22151e-02   1.25675e-03   1.13658e-06  -1.31577e-05
SaveSource cannot open file: /home/zhangfy/nl_target/toyMC/results/data_17023.C
1.07063	0.00393521
1.07331	0.00353136
1.07488	0.00350716
1.08194	0.00351742
1.08221	0.00342925
1.09251	0.00327872
1.12033	0.00350344
1.13817	0.00497512
 FCN=1.60843 FROM MIGRAD    STATUS=CONVERGED      38 CALLS          39 TOTAL
                     EDM=8.52367e-16    STRATEGY= 1      ERROR MATRIX ACCURATE 
  EXT PARAMETER                                   STEP         FIRST   
  NO.   NAME      VALUE            ERROR          SIZE      DERIVATIVE 
   1  p0           1.06995e+00   1.78168e-03   1.01235e-06  -4.54497e-06
   2  p1           1.95165e-02   1.25234e-03   7.11575e-07   2.81544e-05
SaveSource cannot open file: /home/zhangfy/nl_target/toyMC/results/data_17024.C
1.07272	0.00394289
1.06982	0.00351987
1.07806	0.00351755
1.07688	0.00350098
1.07934	0.00342014
1.09234	0.00327824
1.12135	0.00350662
1.1507	0.00502986
 FCN=3.08541 FROM MIGRAD    STATUS=CONVERGED      36 CALLS          37 TOTAL
                     EDM=2.84446e-17    STRATEGY= 1      ERROR MATRIX ACCURATE 
  EXT PARAMETER                                   STEP         FIRST   
  NO.   NAME      VALUE            ERROR          SIZE      DERIVATIVE 
   1  p0           1.06739e+00   1.78186e-03   1.26693e-06  -4.41062e-06
   2  p1           2.21602e-02   1.25883e-03   8.95047e-07  -8.28841e-06
SaveSource cannot open file: /home/zhangfy/nl_target/toyMC/results/data_17025.C
1.0772	0.00395936
1.07086	0.00352328
1.08052	0.00352556
1.08255	0.0035194
1.08051	0.00342385
1.09029	0.00327207
1.11884	0.00349877
1.15142	0.00503302
 FCN=6.73039 FROM MIGRAD    STATUS=CONVERGED      36 CALLS          37 TOTAL
                     EDM=2.72451e-15    STRATEGY= 1      ERROR MATRIX ACCURATE 
  EXT PARAMETER                                   STEP         FIRST   
  NO.   NAME      VALUE            ERROR          SIZE      DERIVATIVE 
   1  p0           1.07010e+00   1.78574e-03   1.74480e-06  -3.74528e-05
   2  p1           2.06676e-02   1.25923e-03   1.23037e-06   7.56891e-06
SaveSource cannot open file: /home/zhangfy/nl_target/toyMC/results/data_17026.C
1.07588	0.00395453
1.07361	0.00353233
1.07301	0.00350108
1.07652	0.00349981
1.07501	0.00340644
1.08831	0.00326612
1.11868	0.00349827
1.1453	0.00500626
 FCN=5.50495 FROM MIGRAD    STATUS=CONVERGED      36 CALLS          37 TOTAL
                     EDM=3.54242e-17    STRATEGY= 1      ERROR MATRIX ACCURATE 
  EXT PARAMETER                                   STEP         FIRST   
  NO.   NAME      VALUE            ERROR          SIZE      DERIVATIVE 
   1  p0           1.06699e+00   1.78036e-03   1.59602e-06  -2.64197e-06
   2  p1           2.06957e-02   1.25542e-03   1.12543e-06   3.53756e-06
SaveSource cannot open file: /home/zhangfy/nl_target/toyMC/results/data_17027.C
1.06317	0.00390781
1.07485	0.00353643
1.07567	0.00350976
1.0762	0.00349878
1.08523	0.00343882
1.09386	0.00328278
1.11535	0.00348786
1.15294	0.00503965
 FCN=11.0492 FROM MIGRAD    STATUS=CONVERGED      36 CALLS          37 TOTAL
                     EDM=1.93539e-16    STRATEGY= 1      ERROR MATRIX ACCURATE 
  EXT PARAMETER                                   STEP         FIRST   
  NO.   NAME      VALUE            ERROR          SIZE      DERIVATIVE 
   1  p0           1.06746e+00   1.78140e-03   2.17504e-06  -8.51613e-06
   2  p1           2.17016e-02   1.25755e-03   1.53543e-06   4.64211e-06
SaveSource cannot open file: /home/zhangfy/nl_target/toyMC/results/data_17028.C
1.06806	0.00392578
1.06766	0.00351277
1.07337	0.00350224
1.08386	0.00352367
1.08166	0.00342749
1.08984	0.00327071
1.11562	0.00348872
1.15229	0.0050368
 FCN=7.37606 FROM MIGRAD    STATUS=CONVERGED      36 CALLS          37 TOTAL
                     EDM=7.84196e-17    STRATEGY= 1      ERROR MATRIX ACCURATE 
  EXT PARAMETER                                   STEP         FIRST   
  NO.   NAME      VALUE            ERROR          SIZE      DERIVATIVE 
   1  p0           1.06655e+00   1.78024e-03   1.81207e-06   9.76614e-06
   2  p1           2.17767e-02   1.25709e-03   1.27957e-06   9.50083e-06
SaveSource cannot open file: /home/zhangfy/nl_target/toyMC/results/data_17029.C
1.07424	0.0039485
1.07679	0.00354281
1.07257	0.00349962
1.07283	0.00348783
1.07982	0.00342168
1.09155	0.00327584
1.12136	0.00350666
1.15214	0.00503616
 FCN=6.59486 FROM MIGRAD    STATUS=CONVERGED      36 CALLS          37 TOTAL
                     EDM=3.65339e-16    STRATEGY= 1      ERROR MATRIX ACCURATE 
  EXT PARAMETER                                   STEP         FIRST   
  NO.   NAME      VALUE            ERROR          SIZE      DERIVATIVE 
   1  p0           1.06710e+00   1.78220e-03   1.72715e-06  -1.93035e-05
   2  p1           2.22846e-02   1.25979e-03   1.22087e-06  -1.03668e-05
SaveSource cannot open file: /home/zhangfy/nl_target/toyMC/results/data_17030.C
1.06339	0.00390859
1.07052	0.00352218
1.07475	0.00350674
1.07659	0.00350004
1.07849	0.00341746
1.09088	0.00327384
1.11614	0.00349033
1.13867	0.00497728
 FCN=3.41593 FROM MIGRAD    STATUS=CONVERGED      36 CALLS          37 TOTAL
                     EDM=1.72552e-16    STRATEGY= 1      ERROR MATRIX ACCURATE 
  EXT PARAMETER                                   STEP         FIRST   
  NO.   NAME      VALUE            ERROR          SIZE      DERIVATIVE 
   1  p0           1.06612e+00   1.77631e-03   1.31334e-06  -3.95959e-06
   2  p1           2.01759e-02   1.25013e-03   9.24305e-07  -1.81973e-05
SaveSource cannot open file: /home/zhangfy/nl_target/toyMC/results/data_17031.C
1.06917	0.00392986
1.07247	0.00352857
1.07547	0.0035091
1.08026	0.00351196
1.07846	0.00341736
1.08922	0.00326887
1.123	0.00351179
1.14605	0.00500954
 FCN=1.91611 FROM MIGRAD    STATUS=CONVERGED      34 CALLS          35 TOTAL
                     EDM=1.07679e-15    STRATEGY= 1      ERROR MATRIX ACCURATE 
  EXT PARAMETER                                   STEP         FIRST   
  NO.   NAME      VALUE            ERROR          SIZE      DERIVATIVE 
   1  p0           1.06719e+00   1.78065e-03   1.06979e-06   1.16416e-05
   2  p1           2.17474e-02   1.25687e-03   7.55111e-07  -2.35208e-05
SaveSource cannot open file: /home/zhangfy/nl_target/toyMC/results/data_17032.C
1.07534	0.00395254
1.07211	0.0035274
1.07425	0.00350511
1.08148	0.00351593
1.08046	0.0034237
1.09362	0.00328207
1.11887	0.00349889
1.14879	0.00502151
 FCN=2.27168 FROM MIGRAD    STATUS=CONVERGED      36 CALLS          37 TOTAL
                     EDM=1.88851e-16    STRATEGY= 1      ERROR MATRIX ACCURATE 
  EXT PARAMETER                                   STEP         FIRST   
  NO.   NAME      VALUE            ERROR          SIZE      DERIVATIVE 
   1  p0           1.06917e+00   1.78339e-03   1.13439e-06  -2.80310e-06
   2  p1           2.09421e-02   1.25740e-03   7.99813e-07   1.24305e-05
SaveSource cannot open file: /home/zhangfy/nl_target/toyMC/results/data_17033.C
1.07506	0.00395151
1.06701	0.00351061
1.07099	0.00349448
1.07874	0.00350702
1.08069	0.00342444
1.09232	0.00327816
1.11777	0.00349542
1.15573	0.00505186
 FCN=6.92848 FROM MIGRAD    STATUS=CONVERGED      36 CALLS          37 TOTAL
                     EDM=3.33643e-16    STRATEGY= 1      ERROR MATRIX ACCURATE 
  EXT PARAMETER                                   STEP         FIRST   
  NO.   NAME      VALUE            ERROR          SIZE      DERIVATIVE 
   1  p0           1.06592e+00   1.78064e-03   1.76362e-06   1.54986e-05
   2  p1           2.28389e-02   1.25969e-03   1.24764e-06   2.82885e-05
SaveSource cannot open file: /home/zhangfy/nl_target/toyMC/results/data_17034.C
1.07681	0.00395793
1.07272	0.00352941
1.07104	0.00349464
1.07755	0.00350316
1.08007	0.00342245
1.09612	0.00328957
1.12038	0.0035036
1.14365	0.00499904
 FCN=5.50165 FROM MIGRAD    STATUS=CONVERGED      36 CALLS          37 TOTAL
                     EDM=5.29025e-15    STRATEGY= 1      ERROR MATRIX ACCURATE 
  EXT PARAMETER                                   STEP         FIRST   
  NO.   NAME      VALUE            ERROR          SIZE      DERIVATIVE 
   1  p0           1.06881e+00   1.78164e-03   1.59837e-06  -6.31874e-05
   2  p1           2.07592e-02   1.25513e-03   1.12602e-06  -1.18020e-05
SaveSource cannot open file: /home/zhangfy/nl_target/toyMC/results/data_17035.C
1.06871	0.00392815
1.07409	0.00353393
1.06965	0.0034901
1.08045	0.00351257
1.08813	0.003448
1.09187	0.0032768
1.11476	0.00348603
1.14765	0.00501655
 FCN=8.61267 FROM MIGRAD    STATUS=CONVERGED      36 CALLS          37 TOTAL
                     EDM=5.32081e-17    STRATEGY= 1      ERROR MATRIX ACCURATE 
  EXT PARAMETER                                   STEP         FIRST   
  NO.   NAME      VALUE            ERROR          SIZE      DERIVATIVE 
   1  p0           1.06865e+00   1.78162e-03   1.94264e-06  -4.78919e-06
   2  p1           2.04146e-02   1.25489e-03   1.36830e-06   1.88567e-06
SaveSource cannot open file: /home/zhangfy/nl_target/toyMC/results/data_17036.C
1.0745	0.00394945
1.06868	0.00351612
1.08343	0.00353508
1.08162	0.00351638
1.08417	0.00343544
1.0945	0.00328472
1.11998	0.00350235
1.15176	0.00503452
 FCN=8.05146 FROM MIGRAD    STATUS=CONVERGED      36 CALLS          37 TOTAL
                     EDM=3.83839e-16    STRATEGY= 1      ERROR MATRIX ACCURATE 
  EXT PARAMETER                                   STEP         FIRST   
  NO.   NAME      VALUE            ERROR          SIZE      DERIVATIVE 
   1  p0           1.07071e+00   1.78614e-03   1.88977e-06   1.54627e-05
   2  p1           2.10963e-02   1.25960e-03   1.33268e-06   3.05238e-05
SaveSource cannot open file: /home/zhangfy/nl_target/toyMC/results/data_17037.C
1.0727	0.00394283
1.07286	0.00352987
1.07147	0.00349604
1.07639	0.00349939
1.08116	0.00342592
1.08767	0.00326419
1.11574	0.0034891
1.15174	0.00503441
 FCN=4.64891 FROM MIGRAD    STATUS=CONVERGED      36 CALLS          37 TOTAL
                     EDM=7.0788e-16    STRATEGY= 1      ERROR MATRIX ACCURATE 
  EXT PARAMETER                                   STEP         FIRST   
  NO.   NAME      VALUE            ERROR          SIZE      DERIVATIVE 
   1  p0           1.06644e+00   1.78065e-03   1.48746e-06  -1.48755e-05
   2  p1           2.13936e-02   1.25734e-03   1.05031e-06   1.11750e-05
SaveSource cannot open file: /home/zhangfy/nl_target/toyMC/results/data_17038.C
1.06745	0.00392355
1.0753	0.00353789
1.07115	0.00349499
1.07573	0.00349726
1.08311	0.00343209
1.09272	0.00327936
1.12548	0.00351955
1.14922	0.00502339
 FCN=3.43337 FROM MIGRAD    STATUS=CONVERGED      36 CALLS          37 TOTAL
                     EDM=4.66586e-16    STRATEGY= 1      ERROR MATRIX ACCURATE 
  EXT PARAMETER                                   STEP         FIRST   
  NO.   NAME      VALUE            ERROR          SIZE      DERIVATIVE 
   1  p0           1.06656e+00   1.78046e-03   1.31991e-06  -1.16296e-05
   2  p1           2.31307e-02   1.25901e-03   9.33338e-07  -3.25631e-05
SaveSource cannot open file: /home/zhangfy/nl_target/toyMC/results/data_17039.C
1.06596	0.00391806
1.07315	0.00353083
1.07656	0.00351266
1.0758	0.00349746
1.08258	0.00343042
1.08893	0.003268
1.11675	0.00349224
1.14303	0.00499636
 FCN=3.21975 FROM MIGRAD    STATUS=CONVERGED      36 CALLS          37 TOTAL
                     EDM=7.68797e-17    STRATEGY= 1      ERROR MATRIX ACCURATE 
  EXT PARAMETER                                   STEP         FIRST   
  NO.   NAME      VALUE            ERROR          SIZE      DERIVATIVE 
   1  p0           1.06748e+00   1.77957e-03   1.28549e-06   3.61785e-06
   2  p1           2.02192e-02   1.25315e-03   9.05230e-07   1.27416e-05
SaveSource cannot open file: /home/zhangfy/nl_target/toyMC/results/data_17040.C
1.07209	0.00394057
1.07307	0.00353058
1.0752	0.00350822
1.0758	0.00349747
1.08322	0.00343244
1.09244	0.00327851
1.11744	0.00349439
1.14471	0.00500369
 FCN=1.70249 FROM MIGRAD    STATUS=CONVERGED      36 CALLS          37 TOTAL
                     EDM=3.70138e-17    STRATEGY= 1      ERROR MATRIX ACCURATE 
  EXT PARAMETER                                   STEP         FIRST   
  NO.   NAME      VALUE            ERROR          SIZE      DERIVATIVE 
   1  p0           1.06873e+00   1.78165e-03   1.02997e-06  -2.94542e-06
   2  p1           2.02638e-02   1.25465e-03   7.25310e-07   3.25883e-06
SaveSource cannot open file: /home/zhangfy/nl_target/toyMC/results/data_17041.C
1.07474	0.00395034
1.07279	0.00352964
1.07511	0.00350793
1.08081	0.00351374
1.08148	0.00342694
1.08583	0.00325868
1.11642	0.0034912
1.14409	0.00500098
 FCN=3.3104 FROM MIGRAD    STATUS=CONVERGED      36 CALLS          37 TOTAL
                     EDM=8.64195e-16    STRATEGY= 1      ERROR MATRIX ACCURATE 
  EXT PARAMETER                                   STEP         FIRST   
  NO.   NAME      VALUE            ERROR          SIZE      DERIVATIVE 
   1  p0           1.06900e+00   1.78234e-03   1.30015e-06   3.92804e-06
   2  p1           1.94435e-02   1.25432e-03   9.14972e-07  -2.90244e-05
SaveSource cannot open file: /home/zhangfy/nl_target/toyMC/results/data_17042.C
1.07192	0.00393996
1.07005	0.00352061
1.06816	0.00348525
1.0766	0.00350007
1.0789	0.00341876
1.08494	0.00325602
1.12052	0.00350403
1.1533	0.00504124
 FCN=4.70445 FROM MIGRAD    STATUS=CONVERGED      36 CALLS          37 TOTAL
                     EDM=1.42308e-17    STRATEGY= 1      ERROR MATRIX ACCURATE 
  EXT PARAMETER                                   STEP         FIRST   
  NO.   NAME      VALUE            ERROR          SIZE      DERIVATIVE 
   1  p0           1.06374e+00   1.77799e-03   1.49351e-06   3.67520e-06
   2  p1           2.32681e-02   1.25907e-03   1.05762e-06   5.59511e-06
SaveSource cannot open file: /home/zhangfy/nl_target/toyMC/results/data_17043.C
1.07472	0.00395027
1.07391	0.00353333
1.0788	0.00351996
1.08386	0.00352368
1.07522	0.00340708
1.09578	0.00328855
1.11616	0.00349041
1.1567	0.0050561
 FCN=14.1143 FROM MIGRAD    STATUS=CONVERGED      36 CALLS          37 TOTAL
                     EDM=2.32317e-16    STRATEGY= 1      ERROR MATRIX ACCURATE 
  EXT PARAMETER                                   STEP         FIRST   
  NO.   NAME      VALUE            ERROR          SIZE      DERIVATIVE 
   1  p0           1.06959e+00   1.78588e-03   2.44005e-06   1.34680e-05
   2  p1           2.13477e-02   1.26087e-03   1.72273e-06   3.05730e-06
SaveSource cannot open file: /home/zhangfy/nl_target/toyMC/results/data_17044.C
1.07261	0.00394248
1.0748	0.00353626
1.07493	0.00350735
1.07733	0.00350244
1.08357	0.00343354
1.08977	0.00327051
1.12228	0.00350955
1.15025	0.0050279
 FCN=1.70398 FROM MIGRAD    STATUS=CONVERGED      36 CALLS          37 TOTAL
                     EDM=2.12421e-16    STRATEGY= 1      ERROR MATRIX ACCURATE 
  EXT PARAMETER                                   STEP         FIRST   
  NO.   NAME      VALUE            ERROR          SIZE      DERIVATIVE 
   1  p0           1.06834e+00   1.78325e-03   1.03127e-06  -5.09973e-07
   2  p1           2.17905e-02   1.25921e-03   7.28213e-07   1.58595e-05
SaveSource cannot open file: /home/zhangfy/nl_target/toyMC/results/data_17045.C
1.06669	0.00392073
1.07527	0.00353781
1.07707	0.00351431
1.07861	0.00350659
1.08296	0.00343162
1.09561	0.00328803
1.11519	0.00348737
1.15261	0.00503822
 FCN=8.12087 FROM MIGRAD    STATUS=CONVERGED      36 CALLS          37 TOTAL
                     EDM=7.48036e-17    STRATEGY= 1      ERROR MATRIX ACCURATE 
  EXT PARAMETER                                   STEP         FIRST   
  NO.   NAME      VALUE            ERROR          SIZE      DERIVATIVE 
   1  p0           1.06887e+00   1.78327e-03   1.89387e-06   9.22004e-06
   2  p1           2.11343e-02   1.25782e-03   1.33583e-06   6.63228e-06
SaveSource cannot open file: /home/zhangfy/nl_target/toyMC/results/data_17046.C
1.06881	0.00392852
1.07339	0.00353162
1.07502	0.00350762
1.08161	0.00351634
1.08597	0.00344115
1.08273	0.00324937
1.115	0.00348676
1.14745	0.00501567
 FCN=10.497 FROM MIGRAD    STATUS=CONVERGED      36 CALLS          37 TOTAL
                     EDM=4.06708e-15    STRATEGY= 1      ERROR MATRIX ACCURATE 
  EXT PARAMETER                                   STEP         FIRST   
  NO.   NAME      VALUE            ERROR          SIZE      DERIVATIVE 
   1  p0           1.06827e+00   1.78196e-03   2.12279e-06   5.30533e-05
   2  p1           1.98823e-02   1.25518e-03   1.49525e-06   5.12622e-06
SaveSource cannot open file: /home/zhangfy/nl_target/toyMC/results/data_17047.C
1.06824	0.00392644
1.07569	0.00353919
1.07294	0.00350084
1.07382	0.00349104
1.0796	0.00342098
1.09713	0.00329261
1.11568	0.0034889
1.14414	0.0050012
 FCN=8.41493 FROM MIGRAD    STATUS=CONVERGED      36 CALLS          37 TOTAL
                     EDM=8.67745e-16    STRATEGY= 1      ERROR MATRIX ACCURATE 
  EXT PARAMETER                                   STEP         FIRST   
  NO.   NAME      VALUE            ERROR          SIZE      DERIVATIVE 
   1  p0           1.06782e+00   1.77984e-03   1.92118e-06  -1.05938e-05
   2  p1           2.04686e-02   1.25342e-03   1.35296e-06   2.09874e-05
SaveSource cannot open file: /home/zhangfy/nl_target/toyMC/results/data_17048.C
1.07208	0.00394054
1.07403	0.00353371
1.07115	0.00349501
1.07824	0.0035054
1.07898	0.003419
1.09385	0.00328275
1.12184	0.00350815
1.15261	0.00503824
 FCN=2.37047 FROM MIGRAD    STATUS=CONVERGED      36 CALLS          37 TOTAL
                     EDM=1.36465e-16    STRATEGY= 1      ERROR MATRIX ACCURATE 
  EXT PARAMETER                                   STEP         FIRST   
  NO.   NAME      VALUE            ERROR          SIZE      DERIVATIVE 
   1  p0           1.06688e+00   1.78160e-03   1.15086e-06   4.59601e-06
   2  p1           2.27919e-02   1.25982e-03   8.13802e-07  -7.74208e-06
SaveSource cannot open file: /home/zhangfy/nl_target/toyMC/results/data_17049.C
1.07023	0.00393373
1.07194	0.00352685
1.07564	0.00350964
1.08045	0.00351259
1.07365	0.00340213
1.09458	0.00328494
1.11692	0.00349279
1.14368	0.00499919
 FCN=6.99291 FROM MIGRAD    STATUS=CONVERGED      36 CALLS          37 TOTAL
                     EDM=4.18514e-16    STRATEGY= 1      ERROR MATRIX ACCURATE 
  EXT PARAMETER                                   STEP         FIRST   
  NO.   NAME      VALUE            ERROR          SIZE      DERIVATIVE 
   1  p0           1.06774e+00   1.78001e-03   1.76996e-06   1.21124e-05
   2  p1           2.04318e-02   1.25372e-03   1.24664e-06  -7.54137e-06
SaveSource cannot open file: /home/zhangfy/nl_target/toyMC/results/data_17050.C
1.07346	0.00394561
1.07561	0.00353893
1.07529	0.00350852
1.08143	0.00351578
1.08064	0.00342427
1.09041	0.00327244
1.11503	0.00348687
1.15261	0.00503822
 FCN=5.60313 FROM MIGRAD    STATUS=CONVERGED      36 CALLS          37 TOTAL
                     EDM=1.14388e-16    STRATEGY= 1      ERROR MATRIX ACCURATE 
  EXT PARAMETER                                   STEP         FIRST   
  NO.   NAME      VALUE            ERROR          SIZE      DERIVATIVE 
   1  p0           1.06927e+00   1.78448e-03   1.61109e-06   4.73696e-06
   2  p1           2.04941e-02   1.25828e-03   1.13602e-06  -6.34069e-06
SaveSource cannot open file: /home/zhangfy/nl_target/toyMC/results/data_17051.C
1.07651	0.00395681
1.07413	0.00353406
1.08263	0.00353245
1.07756	0.00350319
1.07931	0.00342006
1.09705	0.00329236
1.11479	0.0034861
1.14972	0.0050256
 FCN=11.3214 FROM MIGRAD    STATUS=CONVERGED      36 CALLS          37 TOTAL
                     EDM=3.34021e-16    STRATEGY= 1      ERROR MATRIX ACCURATE 
  EXT PARAMETER                                   STEP         FIRST   
  NO.   NAME      VALUE            ERROR          SIZE      DERIVATIVE 
   1  p0           1.07132e+00   1.78627e-03   2.20321e-06  -1.23862e-05
   2  p1           1.96106e-02   1.25728e-03   1.55074e-06   3.97485e-06
SaveSource cannot open file: /home/zhangfy/nl_target/toyMC/results/data_17052.C
1.07148	0.00393833
1.06741	0.00351194
1.0728	0.00350037
1.08247	0.00351915
1.07837	0.00341707
1.09407	0.00328342
1.12058	0.00350423
1.15461	0.00504695
 FCN=4.998 FROM MIGRAD    STATUS=CONVERGED      36 CALLS          37 TOTAL
                     EDM=8.00328e-16    STRATEGY= 1      ERROR MATRIX ACCURATE 
  EXT PARAMETER                                   STEP         FIRST   
  NO.   NAME      VALUE            ERROR          SIZE      DERIVATIVE 
   1  p0           1.06621e+00   1.78079e-03   1.53488e-06  -2.44123e-05
   2  p1           2.32249e-02   1.26000e-03   1.08601e-06  -4.17301e-06
SaveSource cannot open file: /home/zhangfy/nl_target/toyMC/results/data_17053.C
1.07904	0.00396613
1.0713	0.00352473
1.0773	0.00351506
1.08064	0.0035132
1.08328	0.00343262
1.08485	0.00325576
1.1179	0.00349585
1.14662	0.00501204
 FCN=8.42194 FROM MIGRAD    STATUS=CONVERGED      36 CALLS          37 TOTAL
                     EDM=2.65457e-15    STRATEGY= 1      ERROR MATRIX ACCURATE 
  EXT PARAMETER                                   STEP         FIRST   
  NO.   NAME      VALUE            ERROR          SIZE      DERIVATIVE 
   1  p0           1.06977e+00   1.78435e-03   1.92396e-06  -4.32674e-05
   2  p1           1.96577e-02   1.25647e-03   1.35478e-06  -5.14311e-06
SaveSource cannot open file: /home/zhangfy/nl_target/toyMC/results/data_17054.C
1.07312	0.00394437
1.07216	0.00352757
1.07058	0.00349315
1.08228	0.00351854
1.08035	0.00342335
1.08854	0.00326682
1.11684	0.00349253
1.14491	0.00500454
 FCN=3.04169 FROM MIGRAD    STATUS=CONVERGED      36 CALLS          37 TOTAL
                     EDM=2.4435e-15    STRATEGY= 1      ERROR MATRIX ACCURATE 
  EXT PARAMETER                                   STEP         FIRST   
  NO.   NAME      VALUE            ERROR          SIZE      DERIVATIVE 
   1  p0           1.06788e+00   1.78072e-03   1.25861e-06  -1.54801e-05
   2  p1           2.02787e-02   1.25437e-03   8.86585e-07   3.81873e-05
SaveSource cannot open file: /home/zhangfy/nl_target/toyMC/results/data_17055.C
1.07107	0.00393682
1.06887	0.00351673
1.08294	0.00353346
1.07274	0.00348751
1.07972	0.00342134
1.08309	0.00325047
1.11798	0.0034961
1.14949	0.00502458
 FCN=16.0524 FROM MIGRAD    STATUS=CONVERGED      36 CALLS          37 TOTAL
                     EDM=2.16033e-15    STRATEGY= 1      ERROR MATRIX ACCURATE 
  EXT PARAMETER                                   STEP         FIRST   
  NO.   NAME      VALUE            ERROR          SIZE      DERIVATIVE 
   1  p0           1.06620e+00   1.78047e-03   2.58336e-06   8.28232e-06
   2  p1           2.11906e-02   1.25711e-03   1.82399e-06   5.97479e-05
SaveSource cannot open file: /home/zhangfy/nl_target/toyMC/results/data_17056.C
1.06667	0.00392066
1.06908	0.00351744
1.06414	0.00347214
1.07907	0.00350811
1.08162	0.00342738
1.0908	0.00327359
1.11566	0.00348882
1.15958	0.00506867
 FCN=11.6058 FROM MIGRAD    STATUS=CONVERGED      36 CALLS          37 TOTAL
                     EDM=1.84984e-15    STRATEGY= 1      ERROR MATRIX ACCURATE 
  EXT PARAMETER                                   STEP         FIRST   
  NO.   NAME      VALUE            ERROR          SIZE      DERIVATIVE 
   1  p0           1.06305e+00   1.77727e-03   2.22040e-06  -2.78306e-05
   2  p1           2.40990e-02   1.25989e-03   1.57401e-06   1.19006e-05
SaveSource cannot open file: /home/zhangfy/nl_target/toyMC/results/data_17057.C
1.06819	0.00392626
1.0704	0.00352179
1.07607	0.00351104
1.07447	0.00349313
1.08506	0.00343828
1.08897	0.0032681
1.11757	0.00349482
1.15085	0.00503052
 FCN=5.36641 FROM MIGRAD    STATUS=CONVERGED      36 CALLS          37 TOTAL
                     EDM=8.83186e-17    STRATEGY= 1      ERROR MATRIX ACCURATE 
  EXT PARAMETER                                   STEP         FIRST   
  NO.   NAME      VALUE            ERROR          SIZE      DERIVATIVE 
   1  p0           1.06655e+00   1.78034e-03   1.57980e-06  -3.71761e-06
   2  p1           2.17802e-02   1.25723e-03   1.11562e-06   6.21581e-06
SaveSource cannot open file: /home/zhangfy/nl_target/toyMC/results/data_17058.C
1.07241	0.00394177
1.06689	0.00351022
1.07254	0.00349954
1.07754	0.00350313
1.08058	0.00342408
1.09419	0.00328376
1.12289	0.00351143
1.14275	0.00499511
 FCN=4.24875 FROM MIGRAD    STATUS=CONVERGED      36 CALLS          37 TOTAL
                     EDM=2.53881e-15    STRATEGY= 1      ERROR MATRIX ACCURATE 
  EXT PARAMETER                                   STEP         FIRST   
  NO.   NAME      VALUE            ERROR          SIZE      DERIVATIVE 
   1  p0           1.06677e+00   1.77868e-03   1.43481e-06  -3.90062e-05
   2  p1           2.18416e-02   1.25471e-03   1.01213e-06   2.13021e-06
SaveSource cannot open file: /home/zhangfy/nl_target/toyMC/results/data_17059.C
1.07053	0.00393486
1.07377	0.00353286
1.07813	0.00351776
1.0769	0.00350105
1.08433	0.00343597
1.08894	0.00326801
1.11529	0.00348769
1.15322	0.00504087
 FCN=7.21263 FROM MIGRAD    STATUS=CONVERGED      36 CALLS          37 TOTAL
                     EDM=1.25755e-16    STRATEGY= 1      ERROR MATRIX ACCURATE 
  EXT PARAMETER                                   STEP         FIRST   
  NO.   NAME      VALUE            ERROR          SIZE      DERIVATIVE 
   1  p0           1.06845e+00   1.78350e-03   1.79604e-06  -1.13072e-05
   2  p1           2.09004e-02   1.25837e-03   1.26722e-06  -1.62081e-05
SaveSource cannot open file: /home/zhangfy/nl_target/toyMC/results/data_17060.C
1.06896	0.00392907
1.06682	0.00350999
1.07479	0.00350687
1.07553	0.00349661
1.0777	0.00341495
1.09373	0.00328238
1.11677	0.00349231
1.14825	0.00501915
 FCN=4.4778 FROM MIGRAD    STATUS=CONVERGED      36 CALLS          37 TOTAL
                     EDM=9.23516e-16    STRATEGY= 1      ERROR MATRIX ACCURATE 
  EXT PARAMETER                                   STEP         FIRST   
  NO.   NAME      VALUE            ERROR          SIZE      DERIVATIVE 
   1  p0           1.06538e+00   1.77780e-03   1.46405e-06   1.02373e-06
   2  p1           2.19480e-02   1.25524e-03   1.03372e-06   3.52275e-05
SaveSource cannot open file: /home/zhangfy/nl_target/toyMC/results/data_17061.C
1.07241	0.00394176
1.07606	0.0035404
1.07394	0.0035041
1.0831	0.0035212
1.08129	0.00342633
1.09179	0.00327656
1.11093	0.00347404
1.14332	0.0049976
 FCN=4.72909 FROM MIGRAD    STATUS=CONVERGED      36 CALLS          37 TOTAL
                     EDM=1.83758e-16    STRATEGY= 1      ERROR MATRIX ACCURATE 
  EXT PARAMETER                                   STEP         FIRST   
  NO.   NAME      VALUE            ERROR          SIZE      DERIVATIVE 
   1  p0           1.07065e+00   1.78333e-03   1.49953e-06  -5.84309e-06
   2  p1           1.82031e-02   1.25225e-03   1.05296e-06   8.31061e-06
SaveSource cannot open file: /home/zhangfy/nl_target/toyMC/results/data_17062.C
1.0705	0.00393473
1.07031	0.00352147
1.07253	0.00349951
1.07682	0.00350079
1.08194	0.00342837
1.08868	0.00326724
1.12055	0.00350414
1.14024	0.00498413
 FCN=1.32254 FROM MIGRAD    STATUS=CONVERGED      34 CALLS          35 TOTAL
                     EDM=5.66385e-16    STRATEGY= 1      ERROR MATRIX ACCURATE 
  EXT PARAMETER                                   STEP         FIRST   
  NO.   NAME      VALUE            ERROR          SIZE      DERIVATIVE 
   1  p0           1.06694e+00   1.77847e-03   9.53599e-07  -3.28775e-06
   2  p1           2.06795e-02   1.25282e-03   6.71754e-07  -2.98895e-05
SaveSource cannot open file: /home/zhangfy/nl_target/toyMC/results/data_17063.C
1.06477	0.00391368
1.06705	0.00351075
1.07872	0.0035197
1.07771	0.00350369
1.08536	0.00343921
1.09593	0.003289
1.12463	0.00351689
1.14288	0.00499569
 FCN=10.9101 FROM MIGRAD    STATUS=CONVERGED      36 CALLS          37 TOTAL
                     EDM=1.14138e-16    STRATEGY= 1      ERROR MATRIX ACCURATE 
  EXT PARAMETER                                   STEP         FIRST   
  NO.   NAME      VALUE            ERROR          SIZE      DERIVATIVE 
   1  p0           1.06774e+00   1.77967e-03   2.16376e-06   5.15356e-06
   2  p1           2.20951e-02   1.25523e-03   1.52614e-06  -5.76156e-06
SaveSource cannot open file: /home/zhangfy/nl_target/toyMC/results/data_17064.C
1.0746	0.0039498
1.07581	0.00353957
1.06789	0.00348436
1.0836	0.00352282
1.07953	0.00342075
1.0904	0.00327239
1.12288	0.0035114
1.15208	0.00503589
 FCN=7.62933 FROM MIGRAD    STATUS=CONVERGED      34 CALLS          35 TOTAL
                     EDM=3.09267e-16    STRATEGY= 1      ERROR MATRIX ACCURATE 
  EXT PARAMETER                                   STEP         FIRST   
  NO.   NAME      VALUE            ERROR          SIZE      DERIVATIVE 
   1  p0           1.06768e+00   1.78289e-03   1.84220e-06  -8.56263e-06
   2  p1           2.24076e-02   1.26020e-03   1.30212e-06   9.29875e-06
SaveSource cannot open file: /home/zhangfy/nl_target/toyMC/results/data_17065.C
1.06748	0.00392364
1.07534	0.00353803
1.07673	0.00351321
1.08066	0.00351326
1.07338	0.00340127
1.08935	0.00326926
1.11642	0.00349122
1.14505	0.00500516
 FCN=7.79008 FROM MIGRAD    STATUS=CONVERGED      36 CALLS          37 TOTAL
                     EDM=7.44545e-17    STRATEGY= 1      ERROR MATRIX ACCURATE 
  EXT PARAMETER                                   STEP         FIRST   
  NO.   NAME      VALUE            ERROR          SIZE      DERIVATIVE 
   1  p0           1.06739e+00   1.78030e-03   1.85530e-06   4.88061e-06
   2  p1           2.02890e-02   1.25437e-03   1.30721e-06  -3.54500e-06
SaveSource cannot open file: /home/zhangfy/nl_target/toyMC/results/data_17066.C
1.07015	0.00393347
1.07177	0.00352629
1.07767	0.00351627
1.08115	0.00351488
1.07534	0.00340747
1.09471	0.00328534
1.11699	0.00349301
1.13209	0.00494853
 FCN=8.03636 FROM MIGRAD    STATUS=CONVERGED      36 CALLS          37 TOTAL
                     EDM=4.62663e-16    STRATEGY= 1      ERROR MATRIX ACCURATE 
  EXT PARAMETER                                   STEP         FIRST   
  NO.   NAME      VALUE            ERROR          SIZE      DERIVATIVE 
   1  p0           1.06978e+00   1.77964e-03   1.88172e-06  -1.84081e-05
   2  p1           1.81887e-02   1.24807e-03   1.31966e-06  -2.82674e-06
SaveSource cannot open file: /home/zhangfy/nl_target/toyMC/results/data_17067.C
1.07341	0.00394544
1.07369	0.00353261
1.07343	0.00350244
1.08106	0.00351456
1.08519	0.00343867
1.09212	0.00327756
1.11766	0.0034951
1.14843	0.00501995
 FCN=2.09805 FROM MIGRAD    STATUS=CONVERGED      36 CALLS          37 TOTAL
                     EDM=2.95453e-15    STRATEGY= 1      ERROR MATRIX ACCURATE 
  EXT PARAMETER                                   STEP         FIRST   
  NO.   NAME      VALUE            ERROR          SIZE      DERIVATIVE 
   1  p0           1.06968e+00   1.78379e-03   1.10397e-06   6.48463e-06
   2  p1           2.05077e-02   1.25682e-03   7.77839e-07  -5.44165e-05
SaveSource cannot open file: /home/zhangfy/nl_target/toyMC/results/data_17068.C
1.06733	0.00392308
1.07141	0.00352511
1.07224	0.00349856
1.07855	0.00350642
1.07675	0.00341194
1.0898	0.0032706
1.11626	0.00349072
1.14358	0.00499873
 FCN=1.30065 FROM MIGRAD    STATUS=CONVERGED      36 CALLS          37 TOTAL
                     EDM=1.51002e-16    STRATEGY= 1      ERROR MATRIX ACCURATE 
  EXT PARAMETER                                   STEP         FIRST   
  NO.   NAME      VALUE            ERROR          SIZE      DERIVATIVE 
   1  p0           1.06594e+00   1.77761e-03   9.48301e-07   5.67215e-06
   2  p1           2.07729e-02   1.25291e-03   6.68389e-07  -7.01874e-06
SaveSource cannot open file: /home/zhangfy/nl_target/toyMC/results/data_17069.C
1.0702	0.00393364
1.07012	0.00352085
1.07254	0.00349953
1.08591	0.00353033
1.08405	0.00343506
1.09911	0.00329854
1.12865	0.00352946
1.15704	0.0050576
 FCN=5.07015 FROM MIGRAD    STATUS=CONVERGED      36 CALLS          37 TOTAL
                     EDM=1.31321e-15    STRATEGY= 1      ERROR MATRIX ACCURATE 
  EXT PARAMETER                                   STEP         FIRST   
  NO.   NAME      VALUE            ERROR          SIZE      DERIVATIVE 
   1  p0           1.06823e+00   1.78423e-03   1.54894e-06   3.03191e-05
   2  p1           2.46868e-02   1.26418e-03   1.09747e-06   3.35859e-06
SaveSource cannot open file: /home/zhangfy/nl_target/toyMC/results/data_17070.C
1.07693	0.00395838
1.07152	0.00352547
1.07978	0.00352316
1.07718	0.00350195
1.07705	0.0034129
1.08968	0.00327024
1.12058	0.00350423
1.14865	0.00502092
 FCN=7.24639 FROM MIGRAD    STATUS=CONVERGED      36 CALLS          37 TOTAL
                     EDM=5.74297e-16    STRATEGY= 1      ERROR MATRIX ACCURATE 
  EXT PARAMETER                                   STEP         FIRST   
  NO.   NAME      VALUE            ERROR          SIZE      DERIVATIVE 
   1  p0           1.06846e+00   1.78327e-03   1.79996e-06  -1.64255e-05
   2  p1           2.10360e-02   1.25816e-03   1.26994e-06   4.92893e-06
SaveSource cannot open file: /home/zhangfy/nl_target/toyMC/results/data_17071.C
1.07012	0.00393335
1.07358	0.00353224
1.07693	0.00351386
1.07957	0.00350972
1.08198	0.00342853
1.09038	0.00327233
1.11852	0.00349776
1.14787	0.00501751
 FCN=1.19643 FROM MIGRAD    STATUS=CONVERGED      36 CALLS          37 TOTAL
                     EDM=3.79599e-17    STRATEGY= 1      ERROR MATRIX ACCURATE 
  EXT PARAMETER                                   STEP         FIRST   
  NO.   NAME      VALUE            ERROR          SIZE      DERIVATIVE 
   1  p0           1.06869e+00   1.78262e-03   9.28923e-07   2.88322e-06
   2  p1           2.07694e-02   1.25667e-03   6.54851e-07  -3.43908e-06
SaveSource cannot open file: /home/zhangfy/nl_target/toyMC/results/data_17072.C
1.07381	0.00394692
1.0733	0.00353131
1.07314	0.00350149
1.07566	0.003497
1.07554	0.00340809
1.08806	0.00326537
1.11351	0.0034821
1.14649	0.00501146
 FCN=5.34211 FROM MIGRAD    STATUS=CONVERGED      36 CALLS          37 TOTAL
                     EDM=2.82488e-16    STRATEGY= 1      ERROR MATRIX ACCURATE 
  EXT PARAMETER                                   STEP         FIRST   
  NO.   NAME      VALUE            ERROR          SIZE      DERIVATIVE 
   1  p0           1.06663e+00   1.77962e-03   1.57457e-06   9.16627e-06
   2  p1           2.01114e-02   1.25412e-03   1.10962e-06   2.55139e-05
SaveSource cannot open file: /home/zhangfy/nl_target/toyMC/results/data_17073.C
1.0703	0.003934
1.0691	0.00351749
1.07249	0.00349936
1.08819	0.00353773
1.07684	0.00341223
1.08521	0.00325681
1.12641	0.00352245
1.14407	0.00500088
 FCN=15.4696 FROM MIGRAD    STATUS=CONVERGED      36 CALLS          37 TOTAL
                     EDM=6.02211e-16    STRATEGY= 1      ERROR MATRIX ACCURATE 
  EXT PARAMETER                                   STEP         FIRST   
  NO.   NAME      VALUE            ERROR          SIZE      DERIVATIVE 
   1  p0           1.06662e+00   1.77980e-03   2.54185e-06   1.01560e-05
   2  p1           2.21019e-02   1.25676e-03   1.79486e-06  -1.56247e-05
SaveSource cannot open file: /home/zhangfy/nl_target/toyMC/results/data_17074.C
1.06787	0.00392506
1.07477	0.00353615
1.07369	0.00350329
1.07974	0.00351027
1.07662	0.00341152
1.09059	0.00327296
1.11599	0.00348987
1.15117	0.00503192
 FCN=5.24335 FROM MIGRAD    STATUS=CONVERGED      36 CALLS          37 TOTAL
                     EDM=5.23016e-16    STRATEGY= 1      ERROR MATRIX ACCURATE 
  EXT PARAMETER                                   STEP         FIRST   
  NO.   NAME      VALUE            ERROR          SIZE      DERIVATIVE 
   1  p0           1.06668e+00   1.78063e-03   1.56418e-06   1.14885e-05
   2  p1           2.14421e-02   1.25708e-03   1.10427e-06  -1.16123e-05
SaveSource cannot open file: /home/zhangfy/nl_target/toyMC/results/data_17075.C
1.07329	0.00394499
1.07838	0.00354804
1.07013	0.00349166
1.08118	0.00351496
1.07938	0.00342029
1.09285	0.00327974
1.11887	0.00349886
1.14974	0.00502569
 FCN=5.96466 FROM MIGRAD    STATUS=CONVERGED      36 CALLS          37 TOTAL
                     EDM=1.97556e-17    STRATEGY= 1      ERROR MATRIX ACCURATE 
  EXT PARAMETER                                   STEP         FIRST   
  NO.   NAME      VALUE            ERROR          SIZE      DERIVATIVE 
   1  p0           1.06883e+00   1.78337e-03   1.65481e-06   4.52057e-06
   2  p1           2.10885e-02   1.25794e-03   1.16725e-06   6.36313e-06
SaveSource cannot open file: /home/zhangfy/nl_target/toyMC/results/data_17076.C
1.06497	0.00391443
1.06667	0.00350949
1.06487	0.0034745
1.07734	0.00350249
1.07904	0.00341921
1.08993	0.00327099
1.11416	0.00348414
1.15064	0.00502959
 FCN=5.83809 FROM MIGRAD    STATUS=CONVERGED      36 CALLS          37 TOTAL
                     EDM=2.4381e-16    STRATEGY= 1      ERROR MATRIX ACCURATE 
  EXT PARAMETER                                   STEP         FIRST   
  NO.   NAME      VALUE            ERROR          SIZE      DERIVATIVE 
   1  p0           1.06238e+00   1.77399e-03   1.63254e-06  -2.10818e-06
   2  p1           2.28457e-02   1.25457e-03   1.15453e-06   1.54032e-05
SaveSource cannot open file: /home/zhangfy/nl_target/toyMC/results/data_17077.C
1.07711	0.00395904
1.07222	0.00352778
1.07288	0.00350064
1.07349	0.00348996
1.07745	0.00341416
1.09807	0.00329543
1.11654	0.00349158
1.14963	0.00502521
 FCN=12.499 FROM MIGRAD    STATUS=CONVERGED      36 CALLS          37 TOTAL
                     EDM=1.23283e-16    STRATEGY= 1      ERROR MATRIX ACCURATE 
  EXT PARAMETER                                   STEP         FIRST   
  NO.   NAME      VALUE            ERROR          SIZE      DERIVATIVE 
   1  p0           1.06776e+00   1.78150e-03   2.30197e-06  -1.93882e-06
   2  p1           2.12858e-02   1.25682e-03   1.62401e-06   1.04295e-05
SaveSource cannot open file: /home/zhangfy/nl_target/toyMC/results/data_17078.C
1.0684	0.00392701
1.07695	0.00354334
1.07329	0.00350197
1.08448	0.0035257
1.07769	0.00341492
1.09575	0.00328845
1.12319	0.00351237
1.14742	0.00501553
 FCN=6.70082 FROM MIGRAD    STATUS=CONVERGED      34 CALLS          35 TOTAL
                     EDM=6.24464e-16    STRATEGY= 1      ERROR MATRIX ACCURATE 
  EXT PARAMETER                                   STEP         FIRST   
  NO.   NAME      VALUE            ERROR          SIZE      DERIVATIVE 
   1  p0           1.06898e+00   1.78294e-03   1.74131e-06   3.42508e-06
   2  p1           2.17389e-02   1.25793e-03   1.22856e-06   3.12401e-05
SaveSource cannot open file: /home/zhangfy/nl_target/toyMC/results/data_17079.C
1.07626	0.00395591
1.07506	0.00353711
1.07653	0.00351256
1.08722	0.0035346
1.0863	0.00344219
1.09552	0.00328777
1.11329	0.00348143
1.15468	0.00504725
 FCN=11.379 FROM MIGRAD    STATUS=CONVERGED      36 CALLS          37 TOTAL
                     EDM=1.87769e-16    STRATEGY= 1      ERROR MATRIX ACCURATE 
  EXT PARAMETER                                   STEP         FIRST   
  NO.   NAME      VALUE            ERROR          SIZE      DERIVATIVE 
   1  p0           1.07270e+00   1.78882e-03   2.21126e-06  -4.37208e-06
   2  p1           1.96756e-02   1.25931e-03   1.55670e-06   1.04126e-05
SaveSource cannot open file: /home/zhangfy/nl_target/toyMC/results/data_17080.C
1.07555	0.0039533
1.0701	0.00352078
1.07563	0.00350961
1.07989	0.00351078
1.07621	0.00341024
1.08865	0.00326714
1.12197	0.00350858
1.14874	0.00502131
 FCN=5.21507 FROM MIGRAD    STATUS=CONVERGED      36 CALLS          37 TOTAL
                     EDM=5.00472e-16    STRATEGY= 1      ERROR MATRIX ACCURATE 
  EXT PARAMETER                                   STEP         FIRST   
  NO.   NAME      VALUE            ERROR          SIZE      DERIVATIVE 
   1  p0           1.06710e+00   1.78148e-03   1.56173e-06   1.01160e-05
   2  p1           2.18013e-02   1.25819e-03   1.10299e-06  -1.29947e-05
SaveSource cannot open file: /home/zhangfy/nl_target/toyMC/results/data_17081.C
1.06312	0.00390762
1.07243	0.00352844
1.07483	0.00350702
1.07743	0.00350276
1.08603	0.00344136
1.09303	0.00328029
1.12406	0.00351512
1.1473	0.005015
 FCN=5.95088 FROM MIGRAD    STATUS=CONVERGED      36 CALLS          37 TOTAL
                     EDM=1.38171e-15    STRATEGY= 1      ERROR MATRIX ACCURATE 
  EXT PARAMETER                                   STEP         FIRST   
  NO.   NAME      VALUE            ERROR          SIZE      DERIVATIVE 
   1  p0           1.06706e+00   1.78014e-03   1.65275e-06  -2.28124e-06
   2  p1           2.26341e-02   1.25735e-03   1.16737e-06   3.95066e-05
SaveSource cannot open file: /home/zhangfy/nl_target/toyMC/results/data_17082.C
1.07064	0.00393525
1.07366	0.0035325
1.07271	0.0035001
1.07869	0.00350685
1.08603	0.00344133
1.08743	0.00326349
1.11662	0.00349184
1.14598	0.00500925
 FCN=3.87903 FROM MIGRAD    STATUS=CONVERGED      36 CALLS          37 TOTAL
                     EDM=5.39259e-16    STRATEGY= 1      ERROR MATRIX ACCURATE 
  EXT PARAMETER                                   STEP         FIRST   
  NO.   NAME      VALUE            ERROR          SIZE      DERIVATIVE 
   1  p0           1.06834e+00   1.78154e-03   1.38337e-06  -2.09907e-05
   2  p1           2.02221e-02   1.25491e-03   9.74436e-07  -3.56673e-05
SaveSource cannot open file: /home/zhangfy/nl_target/toyMC/results/data_17083.C
1.06864	0.0039279
1.06811	0.00351424
1.07185	0.00349729
1.07818	0.0035052
1.08149	0.00342695
1.09256	0.00327887
1.1234	0.00351303
1.15196	0.00503537
 FCN=0.684873 FROM MIGRAD    STATUS=CONVERGED      36 CALLS          37 TOTAL
                     EDM=5.24606e-17    STRATEGY= 1      ERROR MATRIX ACCURATE 
  EXT PARAMETER                                   STEP         FIRST   
  NO.   NAME      VALUE            ERROR          SIZE      DERIVATIVE 
   1  p0           1.06529e+00   1.77912e-03   8.13121e-07  -2.14474e-06
   2  p1           2.36627e-02   1.25927e-03   5.75533e-07  -9.93453e-06
SaveSource cannot open file: /home/zhangfy/nl_target/toyMC/results/data_17084.C
1.07162	0.00393885
1.0748	0.00353627
1.07547	0.00350909
1.07845	0.0035061
1.08836	0.00344873
1.09244	0.00327851
1.12032	0.0035034
1.159	0.00506616
 FCN=6.4239 FROM MIGRAD    STATUS=CONVERGED      36 CALLS          37 TOTAL
                     EDM=1.70962e-16    STRATEGY= 1      ERROR MATRIX ACCURATE 
  EXT PARAMETER                                   STEP         FIRST   
  NO.   NAME      VALUE            ERROR          SIZE      DERIVATIVE 
   1  p0           1.06897e+00   1.78574e-03   1.71111e-06   6.87115e-06
   2  p1           2.26677e-02   1.26301e-03   1.21022e-06  -6.12070e-06
SaveSource cannot open file: /home/zhangfy/nl_target/toyMC/results/data_17085.C
1.06664	0.00392056
1.06588	0.00350689
1.0756	0.00350953
1.08214	0.00351809
1.08425	0.00343572
1.09087	0.00327382
1.11985	0.00350193
1.14395	0.00500038
 FCN=6.25939 FROM MIGRAD    STATUS=CONVERGED      36 CALLS          37 TOTAL
                     EDM=5.57589e-15    STRATEGY= 1      ERROR MATRIX ACCURATE 
  EXT PARAMETER                                   STEP         FIRST   
  NO.   NAME      VALUE            ERROR          SIZE      DERIVATIVE 
   1  p0           1.06725e+00   1.77919e-03   1.68733e-06  -4.61241e-05
   2  p1           2.12958e-02   1.25418e-03   1.18943e-06   2.43993e-05
SaveSource cannot open file: /home/zhangfy/nl_target/toyMC/results/data_17086.C
1.06591	0.00391789
1.07074	0.00352291
1.07068	0.00349347
1.08095	0.0035142
1.08054	0.00342395
1.09149	0.00327568
1.11457	0.00348544
1.15014	0.00502744
 FCN=5.20235 FROM MIGRAD    STATUS=CONVERGED      36 CALLS          37 TOTAL
                     EDM=7.67131e-16    STRATEGY= 1      ERROR MATRIX ACCURATE 
  EXT PARAMETER                                   STEP         FIRST   
  NO.   NAME      VALUE            ERROR          SIZE      DERIVATIVE 
   1  p0           1.06599e+00   1.77878e-03   1.55825e-06  -2.38610e-05
   2  p1           2.15852e-02   1.25548e-03   1.09982e-06  -3.94698e-06
SaveSource cannot open file: /home/zhangfy/nl_target/toyMC/results/data_17087.C
1.07492	0.003951
1.06944	0.00351863
1.07358	0.00350293
1.07815	0.00350512
1.083	0.00343176
1.08978	0.00327055
1.11437	0.0034848
1.13459	0.00495944
 FCN=2.27939 FROM MIGRAD    STATUS=CONVERGED      36 CALLS          37 TOTAL
                     EDM=1.81884e-15    STRATEGY= 1      ERROR MATRIX ACCURATE 
  EXT PARAMETER                                   STEP         FIRST   
  NO.   NAME      VALUE            ERROR          SIZE      DERIVATIVE 
   1  p0           1.06932e+00   1.77963e-03   1.13296e-06  -4.04119e-05
   2  p1           1.80410e-02   1.24844e-03   7.94786e-07  -1.52051e-05
SaveSource cannot open file: /home/zhangfy/nl_target/toyMC/results/data_17088.C
1.078	0.0039623
1.07155	0.00352556
1.07129	0.00349546
1.079	0.00350788
1.07947	0.00342056
1.0887	0.00326731
1.11296	0.00348039
1.14949	0.0050246
 FCN=8.36315 FROM MIGRAD    STATUS=CONVERGED      36 CALLS          37 TOTAL
                     EDM=3.11854e-16    STRATEGY= 1      ERROR MATRIX ACCURATE 
  EXT PARAMETER                                   STEP         FIRST   
  NO.   NAME      VALUE            ERROR          SIZE      DERIVATIVE 
   1  p0           1.06781e+00   1.78172e-03   1.91526e-06  -1.01698e-05
   2  p1           2.01142e-02   1.25568e-03   1.34979e-06   6.94204e-06
SaveSource cannot open file: /home/zhangfy/nl_target/toyMC/results/data_17089.C
1.07075	0.00393566
1.07293	0.0035301
1.0707	0.00349353
1.07714	0.00350184
1.08786	0.00344714
1.0895	0.00326969
1.11427	0.00348448
1.15095	0.00503098
 FCN=8.94341 FROM MIGRAD    STATUS=CONVERGED      36 CALLS          37 TOTAL
                     EDM=5.14931e-16    STRATEGY= 1      ERROR MATRIX ACCURATE 
  EXT PARAMETER                                   STEP         FIRST   
  NO.   NAME      VALUE            ERROR          SIZE      DERIVATIVE 
   1  p0           1.06770e+00   1.78150e-03   1.97487e-06  -1.20553e-05
   2  p1           2.08808e-02   1.25640e-03   1.39278e-06   1.05189e-05
SaveSource cannot open file: /home/zhangfy/nl_target/toyMC/results/data_17090.C
1.07624	0.00395585
1.06785	0.00351338
1.07726	0.00351494
1.07843	0.00350603
1.08257	0.00343039
1.09388	0.00328285
1.12219	0.00350925
1.15023	0.00502782
 FCN=4.42879 FROM MIGRAD    STATUS=CONVERGED      36 CALLS          37 TOTAL
                     EDM=3.91926e-17    STRATEGY= 1      ERROR MATRIX ACCURATE 
  EXT PARAMETER                                   STEP         FIRST   
  NO.   NAME      VALUE            ERROR          SIZE      DERIVATIVE 
   1  p0           1.06853e+00   1.78315e-03   1.46177e-06  -4.04968e-06
   2  p1           2.19939e-02   1.25906e-03   1.03214e-06   1.71244e-06
SaveSource cannot open file: /home/zhangfy/nl_target/toyMC/results/data_17091.C
1.07359	0.00394608
1.07406	0.00353383
1.0773	0.00351506
1.08398	0.00352405
1.08443	0.00343629
1.09294	0.00328004
1.11736	0.00349416
1.13687	0.00496941
 FCN=1.08827 FROM MIGRAD    STATUS=CONVERGED      38 CALLS          39 TOTAL
                     EDM=7.301e-16    STRATEGY= 1      ERROR MATRIX ACCURATE 
  EXT PARAMETER                                   STEP         FIRST   
  NO.   NAME      VALUE            ERROR          SIZE      DERIVATIVE 
   1  p0           1.07238e+00   1.78433e-03   9.06571e-07   1.71261e-05
   2  p1           1.79696e-02   1.25132e-03   6.35765e-07  -8.02066e-06
SaveSource cannot open file: /home/zhangfy/nl_target/toyMC/results/data_17092.C
1.06998	0.00393285
1.07139	0.00352503
1.0703	0.00349222
1.07841	0.00350597
1.08714	0.00344486
1.09352	0.00328175
1.11875	0.00349851
1.14159	0.00499004
 FCN=5.22179 FROM MIGRAD    STATUS=CONVERGED      36 CALLS          37 TOTAL
                     EDM=9.27252e-17    STRATEGY= 1      ERROR MATRIX ACCURATE 
  EXT PARAMETER                                   STEP         FIRST   
  NO.   NAME      VALUE            ERROR          SIZE      DERIVATIVE 
   1  p0           1.06847e+00   1.78010e-03   1.56267e-06   1.02449e-05
   2  p1           2.04507e-02   1.25299e-03   1.09995e-06   1.29297e-05
SaveSource cannot open file: /home/zhangfy/nl_target/toyMC/results/data_17093.C
1.07243	0.00394185
1.07065	0.00352258
1.07438	0.00350554
1.07336	0.00348953
1.08256	0.00343034
1.08895	0.00326804
1.11991	0.00350214
1.14648	0.00501143
 FCN=2.9218 FROM MIGRAD    STATUS=CONVERGED      36 CALLS          37 TOTAL
                     EDM=1.15741e-16    STRATEGY= 1      ERROR MATRIX ACCURATE 
  EXT PARAMETER                                   STEP         FIRST   
  NO.   NAME      VALUE            ERROR          SIZE      DERIVATIVE 
   1  p0           1.06667e+00   1.77985e-03   1.23969e-06  -6.43484e-06
   2  p1           2.14414e-02   1.25599e-03   8.74818e-07   3.85296e-06
SaveSource cannot open file: /home/zhangfy/nl_target/toyMC/results/data_17094.C
1.07237	0.00394161
1.07164	0.00352586
1.06749	0.00348308
1.08153	0.00351611
1.07885	0.00341859
1.09469	0.00328527
1.11272	0.00347965
1.14667	0.00501227
 FCN=9.49095 FROM MIGRAD    STATUS=CONVERGED      36 CALLS          37 TOTAL
                     EDM=1.65521e-15    STRATEGY= 1      ERROR MATRIX ACCURATE 
  EXT PARAMETER                                   STEP         FIRST   
  NO.   NAME      VALUE            ERROR          SIZE      DERIVATIVE 
   1  p0           1.06740e+00   1.77963e-03   2.02705e-06   2.47672e-05
   2  p1           2.03851e-02   1.25354e-03   1.42782e-06  -1.38873e-05
SaveSource cannot open file: /home/zhangfy/nl_target/toyMC/results/data_17095.C
1.07573	0.00395398
1.07356	0.00353219
1.07846	0.00351885
1.07504	0.003495
1.08057	0.00342406
1.093	0.00328019
1.11932	0.00350028
1.15083	0.00503043
 FCN=5.12995 FROM MIGRAD    STATUS=CONVERGED      36 CALLS          37 TOTAL
                     EDM=2.33209e-16    STRATEGY= 1      ERROR MATRIX ACCURATE 
  EXT PARAMETER                                   STEP         FIRST   
  NO.   NAME      VALUE            ERROR          SIZE      DERIVATIVE 
   1  p0           1.06897e+00   1.78403e-03   1.55282e-06   8.67975e-06
   2  p1           2.11912e-02   1.25882e-03   1.09568e-06  -6.15663e-06
SaveSource cannot open file: /home/zhangfy/nl_target/toyMC/results/data_17096.C
1.07145	0.00393823
1.07261	0.00352905
1.07285	0.00350054
1.08258	0.00351951
1.08014	0.00342268
1.09576	0.00328848
1.11624	0.00349064
1.15045	0.00502878
 FCN=5.28378 FROM MIGRAD    STATUS=CONVERGED      36 CALLS          37 TOTAL
                     EDM=1.53236e-15    STRATEGY= 1      ERROR MATRIX ACCURATE 
  EXT PARAMETER                                   STEP         FIRST   
  NO.   NAME      VALUE            ERROR          SIZE      DERIVATIVE 
   1  p0           1.06866e+00   1.78256e-03   1.57161e-06   3.53141e-05
   2  p1           2.11013e-02   1.25703e-03   1.10827e-06   9.47066e-06
SaveSource cannot open file: /home/zhangfy/nl_target/toyMC/results/data_17097.C
1.06553	0.00391648
1.07573	0.0035393
1.07707	0.00351432
1.07984	0.00351061
1.08504	0.00343821
1.09572	0.00328836
1.11504	0.00348689
1.14378	0.00499963
 FCN=7.0747 FROM MIGRAD    STATUS=CONVERGED      36 CALLS          37 TOTAL
                     EDM=1.98875e-16    STRATEGY= 1      ERROR MATRIX ACCURATE 
  EXT PARAMETER                                   STEP         FIRST   
  NO.   NAME      VALUE            ERROR          SIZE      DERIVATIVE 
   1  p0           1.07028e+00   1.78271e-03   1.78169e-06   2.61714e-06
   2  p1           1.95136e-02   1.25339e-03   1.25267e-06   1.82663e-05
SaveSource cannot open file: /home/zhangfy/nl_target/toyMC/results/data_17098.C
1.06556	0.00391658
1.07553	0.00353865
1.06978	0.00349053
1.07985	0.00351065
1.07816	0.00341641
1.09507	0.00328641
1.12242	0.00350998
1.15814	0.00506237
 FCN=6.33065 FROM MIGRAD    STATUS=CONVERGED      36 CALLS          37 TOTAL
                     EDM=4.35296e-16    STRATEGY= 1      ERROR MATRIX ACCURATE 
  EXT PARAMETER                                   STEP         FIRST   
  NO.   NAME      VALUE            ERROR          SIZE      DERIVATIVE 
   1  p0           1.06541e+00   1.78076e-03   1.69726e-06  -6.56482e-06
   2  p1           2.43365e-02   1.26226e-03   1.20307e-06   1.59833e-05
SaveSource cannot open file: /home/zhangfy/nl_target/toyMC/results/data_17099.C
