1.07032	0.00393409
1.07687	0.00354307
1.07238	0.00349902
1.08738	0.00353512
1.07567	0.00340851
1.09432	0.00328416
1.11345	0.00348193
1.13927	0.00497991
 FCN=11.7858 FROM MIGRAD    STATUS=CONVERGED      36 CALLS          37 TOTAL
                     EDM=4.63721e-16    STRATEGY= 1      ERROR MATRIX ACCURATE 
  EXT PARAMETER                                   STEP         FIRST   
  NO.   NAME      VALUE            ERROR          SIZE      DERIVATIVE 
   1  p0           1.07045e+00   1.78208e-03   2.23995e-06   9.87923e-06
   2  p1           1.83095e-02   1.25085e-03   1.57223e-06  -1.23689e-05
SaveSource cannot open file: /home/zhangfy/nl_target/toyMC/results/data_17300.C
1.06606	0.00391844
1.07299	0.00353029
1.07181	0.00349715
1.07405	0.00349177
1.07955	0.0034208
1.0935	0.0032817
1.11908	0.00349954
1.14526	0.00500608
 FCN=3.25351 FROM MIGRAD    STATUS=CONVERGED      36 CALLS          37 TOTAL
                     EDM=6.09539e-17    STRATEGY= 1      ERROR MATRIX ACCURATE 
  EXT PARAMETER                                   STEP         FIRST   
  NO.   NAME      VALUE            ERROR          SIZE      DERIVATIVE 
   1  p0           1.06579e+00   1.77779e-03   1.29041e-06  -8.30249e-06
   2  p1           2.17951e-02   1.25457e-03   9.10633e-07  -5.80084e-06
SaveSource cannot open file: /home/zhangfy/nl_target/toyMC/results/data_17301.C
1.07311	0.00394433
1.07212	0.00352743
1.0801	0.0035242
1.07705	0.00350152
1.07732	0.00341374
1.09352	0.00328176
1.11865	0.00349819
1.1521	0.00503599
 FCN=6.84251 FROM MIGRAD    STATUS=CONVERGED      36 CALLS          37 TOTAL
                     EDM=2.01565e-15    STRATEGY= 1      ERROR MATRIX ACCURATE 
  EXT PARAMETER                                   STEP         FIRST   
  NO.   NAME      VALUE            ERROR          SIZE      DERIVATIVE 
   1  p0           1.06826e+00   1.78326e-03   1.75578e-06  -3.73829e-05
   2  p1           2.15383e-02   1.25901e-03   1.23961e-06  -3.73295e-06
SaveSource cannot open file: /home/zhangfy/nl_target/toyMC/results/data_17302.C
1.07225	0.00394118
1.07308	0.00353058
1.0744	0.0035056
1.07764	0.00350344
1.08192	0.00342834
1.0905	0.0032727
1.11973	0.00350158
1.13937	0.00498033
 FCN=0.725627 FROM MIGRAD    STATUS=CONVERGED      38 CALLS          39 TOTAL
                     EDM=3.51073e-18    STRATEGY= 1      ERROR MATRIX ACCURATE 
  EXT PARAMETER                                   STEP         FIRST   
  NO.   NAME      VALUE            ERROR          SIZE      DERIVATIVE 
   1  p0           1.06886e+00   1.78077e-03   8.22761e-07   1.58712e-06
   2  p1           1.97702e-02   1.25268e-03   5.78770e-07   2.11007e-07
SaveSource cannot open file: /home/zhangfy/nl_target/toyMC/results/data_17303.C
1.06963	0.00393155
1.07029	0.00352142
1.06756	0.0034833
1.07266	0.00348726
1.08252	0.00343021
1.09274	0.00327941
1.11633	0.00349093
1.15029	0.00502809
 FCN=6.30962 FROM MIGRAD    STATUS=CONVERGED      36 CALLS          37 TOTAL
                     EDM=1.16752e-16    STRATEGY= 1      ERROR MATRIX ACCURATE 
  EXT PARAMETER                                   STEP         FIRST   
  NO.   NAME      VALUE            ERROR          SIZE      DERIVATIVE 
   1  p0           1.06473e+00   1.77738e-03   1.69085e-06   1.09338e-05
   2  p1           2.23796e-02   1.25596e-03   1.19481e-06   5.85956e-06
SaveSource cannot open file: /home/zhangfy/nl_target/toyMC/results/data_17304.C
1.06024	0.00389704
1.06594	0.00350711
1.0768	0.00351343
1.07342	0.00348973
1.07553	0.00340806
1.09208	0.00327744
1.11987	0.00350202
1.15541	0.00505045
 FCN=9.12617 FROM MIGRAD    STATUS=CONVERGED      36 CALLS          37 TOTAL
                     EDM=1.1399e-15    STRATEGY= 1      ERROR MATRIX ACCURATE 
  EXT PARAMETER                                   STEP         FIRST   
  NO.   NAME      VALUE            ERROR          SIZE      DERIVATIVE 
   1  p0           1.06201e+00   1.77534e-03   1.98909e-06   1.25362e-05
   2  p1           2.46213e-02   1.25901e-03   1.41059e-06  -2.34701e-05
SaveSource cannot open file: /home/zhangfy/nl_target/toyMC/results/data_17305.C
1.06762	0.00392416
1.06972	0.00351952
1.06971	0.0034903
1.07621	0.00349881
1.08542	0.00343943
1.09361	0.00328204
1.1151	0.00348707
1.13938	0.00498041
 FCN=6.35704 FROM MIGRAD    STATUS=CONVERGED      36 CALLS          37 TOTAL
                     EDM=3.70839e-16    STRATEGY= 1      ERROR MATRIX ACCURATE 
  EXT PARAMETER                                   STEP         FIRST   
  NO.   NAME      VALUE            ERROR          SIZE      DERIVATIVE 
   1  p0           1.06720e+00   1.77742e-03   1.69661e-06  -1.08077e-05
   2  p1           2.00038e-02   1.25021e-03   1.19337e-06   8.10686e-06
SaveSource cannot open file: /home/zhangfy/nl_target/toyMC/results/data_17306.C
1.0767	0.00395753
1.07282	0.00352974
1.07652	0.00351252
1.07819	0.00350524
1.07539	0.00340762
1.09387	0.00328281
1.12251	0.00351026
1.14504	0.00500515
 FCN=6.55326 FROM MIGRAD    STATUS=CONVERGED      36 CALLS          37 TOTAL
                     EDM=1.54613e-15    STRATEGY= 1      ERROR MATRIX ACCURATE 
  EXT PARAMETER                                   STEP         FIRST   
  NO.   NAME      VALUE            ERROR          SIZE      DERIVATIVE 
   1  p0           1.06871e+00   1.78251e-03   1.72309e-06   4.04633e-06
   2  p1           2.10623e-02   1.25684e-03   1.21494e-06  -4.00704e-05
SaveSource cannot open file: /home/zhangfy/nl_target/toyMC/results/data_17307.C
1.07805	0.00396251
1.07166	0.00352593
1.07214	0.00349823
1.07654	0.00349987
1.08274	0.00343093
1.09375	0.00328245
1.11997	0.00350231
1.14832	0.00501946
 FCN=4.73584 FROM MIGRAD    STATUS=CONVERGED      36 CALLS          37 TOTAL
                     EDM=4.20519e-16    STRATEGY= 1      ERROR MATRIX ACCURATE 
  EXT PARAMETER                                   STEP         FIRST   
  NO.   NAME      VALUE            ERROR          SIZE      DERIVATIVE 
   1  p0           1.06858e+00   1.78265e-03   1.50165e-06   1.31232e-05
   2  p1           2.12688e-02   1.25744e-03   1.05923e-06  -5.86543e-06
SaveSource cannot open file: /home/zhangfy/nl_target/toyMC/results/data_17308.C
1.07066	0.00393531
1.07591	0.0035399
1.07456	0.00350611
1.07616	0.00349864
1.08184	0.00342805
1.09496	0.00328609
1.11757	0.0034948
1.14319	0.00499702
 FCN=3.077 FROM MIGRAD    STATUS=CONVERGED      36 CALLS          37 TOTAL
                     EDM=1.40704e-16    STRATEGY= 1      ERROR MATRIX ACCURATE 
  EXT PARAMETER                                   STEP         FIRST   
  NO.   NAME      VALUE            ERROR          SIZE      DERIVATIVE 
   1  p0           1.06927e+00   1.78187e-03   1.26541e-06  -8.28488e-06
   2  p1           2.00182e-02   1.25401e-03   8.90546e-07   2.18044e-06
SaveSource cannot open file: /home/zhangfy/nl_target/toyMC/results/data_17309.C
1.07732	0.00395979
1.07928	0.00355099
1.07517	0.00350813
1.07715	0.00350186
1.08285	0.00343129
1.09206	0.00327738
1.12303	0.00351189
1.14519	0.00500578
 FCN=4.38737 FROM MIGRAD    STATUS=CONVERGED      36 CALLS          37 TOTAL
                     EDM=4.33213e-17    STRATEGY= 1      ERROR MATRIX ACCURATE 
  EXT PARAMETER                                   STEP         FIRST   
  NO.   NAME      VALUE            ERROR          SIZE      DERIVATIVE 
   1  p0           1.07091e+00   1.78565e-03   1.45719e-06  -5.33479e-06
   2  p1           2.03019e-02   1.25771e-03   1.02636e-06  -1.02589e-05
SaveSource cannot open file: /home/zhangfy/nl_target/toyMC/results/data_17310.C
1.07072	0.00393554
1.07	0.00352045
1.07638	0.00351208
1.08149	0.00351596
1.08422	0.00343561
1.09379	0.00328259
1.11942	0.00350059
1.14566	0.00500784
 FCN=2.10233 FROM MIGRAD    STATUS=CONVERGED      36 CALLS          37 TOTAL
                     EDM=9.69915e-17    STRATEGY= 1      ERROR MATRIX ACCURATE 
  EXT PARAMETER                                   STEP         FIRST   
  NO.   NAME      VALUE            ERROR          SIZE      DERIVATIVE 
   1  p0           1.06929e+00   1.78243e-03   1.10458e-06  -1.05606e-05
   2  p1           2.07605e-02   1.25567e-03   7.78146e-07  -7.87426e-06
SaveSource cannot open file: /home/zhangfy/nl_target/toyMC/results/data_17311.C
1.07388	0.00394715
1.0785	0.00354842
1.07838	0.00351859
1.07971	0.00351017
1.08354	0.00343346
1.08861	0.00326702
1.11786	0.00349571
1.14224	0.00499291
 FCN=2.37868 FROM MIGRAD    STATUS=CONVERGED      38 CALLS          39 TOTAL
                     EDM=2.14783e-17    STRATEGY= 1      ERROR MATRIX ACCURATE 
  EXT PARAMETER                                   STEP         FIRST   
  NO.   NAME      VALUE            ERROR          SIZE      DERIVATIVE 
   1  p0           1.07153e+00   1.78531e-03   1.15294e-06   5.01938e-06
   2  p1           1.86515e-02   1.25453e-03   8.10166e-07   4.02339e-06
SaveSource cannot open file: /home/zhangfy/nl_target/toyMC/results/data_17312.C
1.06634	0.00391947
1.07058	0.00352237
1.07339	0.00350232
1.07971	0.00351018
1.08784	0.00344707
1.0966	0.003291
1.12134	0.0035066
1.14627	0.00501052
 FCN=6.90006 FROM MIGRAD    STATUS=CONVERGED      36 CALLS          37 TOTAL
                     EDM=3.22336e-16    STRATEGY= 1      ERROR MATRIX ACCURATE 
  EXT PARAMETER                                   STEP         FIRST   
  NO.   NAME      VALUE            ERROR          SIZE      DERIVATIVE 
   1  p0           1.06845e+00   1.78111e-03   1.76295e-06  -1.94178e-05
   2  p1           2.18076e-02   1.25607e-03   1.24326e-06  -1.52969e-05
SaveSource cannot open file: /home/zhangfy/nl_target/toyMC/results/data_17313.C
1.06497	0.00391442
1.06976	0.00351967
1.07352	0.00350273
1.08273	0.00352001
1.08351	0.00343336
1.09408	0.00328344
1.12332	0.00351279
1.14739	0.00501538
 FCN=4.50251 FROM MIGRAD    STATUS=CONVERGED      36 CALLS          37 TOTAL
                     EDM=2.85752e-16    STRATEGY= 1      ERROR MATRIX ACCURATE 
  EXT PARAMETER                                   STEP         FIRST   
  NO.   NAME      VALUE            ERROR          SIZE      DERIVATIVE 
   1  p0           1.06725e+00   1.78019e-03   1.47064e-06  -8.03241e-06
   2  p1           2.25440e-02   1.25710e-03   1.03850e-06   9.27730e-06
SaveSource cannot open file: /home/zhangfy/nl_target/toyMC/results/data_17314.C
1.06273	0.00390619
1.06988	0.00352007
1.07159	0.00349644
1.08002	0.00351118
1.08705	0.00344457
1.0887	0.00326728
1.11954	0.00350096
1.14341	0.00499801
 FCN=8.02197 FROM MIGRAD    STATUS=CONVERGED      36 CALLS          37 TOTAL
                     EDM=1.72591e-15    STRATEGY= 1      ERROR MATRIX ACCURATE 
  EXT PARAMETER                                   STEP         FIRST   
  NO.   NAME      VALUE            ERROR          SIZE      DERIVATIVE 
   1  p0           1.06642e+00   1.77791e-03   1.87978e-06   1.40448e-05
   2  p1           2.14024e-02   1.25352e-03   1.32534e-06  -3.08101e-05
SaveSource cannot open file: /home/zhangfy/nl_target/toyMC/results/data_17315.C
1.06378	0.00391003
1.07359	0.00353228
1.07819	0.00351797
1.07807	0.00350485
1.08996	0.0034538
1.09199	0.00327717
1.11859	0.003498
1.15192	0.0050352
 FCN=11.6456 FROM MIGRAD    STATUS=CONVERGED      36 CALLS          37 TOTAL
                     EDM=8.8057e-16    STRATEGY= 1      ERROR MATRIX ACCURATE 
  EXT PARAMETER                                   STEP         FIRST   
  NO.   NAME      VALUE            ERROR          SIZE      DERIVATIVE 
   1  p0           1.06873e+00   1.78311e-03   2.23073e-06   2.52033e-05
   2  p1           2.16554e-02   1.25836e-03   1.57426e-06   4.59814e-05
SaveSource cannot open file: /home/zhangfy/nl_target/toyMC/results/data_17316.C
1.06485	0.00391399
1.07638	0.00354145
1.08132	0.0035282
1.07823	0.00350537
1.07196	0.00339677
1.09505	0.00328637
1.11819	0.00349674
1.13917	0.00497949
 FCN=17.4326 FROM MIGRAD    STATUS=CONVERGED      36 CALLS          37 TOTAL
                     EDM=1.32725e-16    STRATEGY= 1      ERROR MATRIX ACCURATE 
  EXT PARAMETER                                   STEP         FIRST   
  NO.   NAME      VALUE            ERROR          SIZE      DERIVATIVE 
   1  p0           1.06865e+00   1.78029e-03   2.68829e-06   1.22442e-05
   2  p1           1.96656e-02   1.25209e-03   1.89069e-06   1.55492e-05
SaveSource cannot open file: /home/zhangfy/nl_target/toyMC/results/data_17317.C
1.06887	0.00392875
1.0679	0.00351356
1.07586	0.00351036
1.07797	0.00350454
1.07426	0.00340406
1.09291	0.00327992
1.11104	0.0034744
1.14878	0.0050215
 FCN=10.4207 FROM MIGRAD    STATUS=CONVERGED      36 CALLS          37 TOTAL
                     EDM=1.60176e-16    STRATEGY= 1      ERROR MATRIX ACCURATE 
  EXT PARAMETER                                   STEP         FIRST   
  NO.   NAME      VALUE            ERROR          SIZE      DERIVATIVE 
   1  p0           1.06583e+00   1.77819e-03   2.11257e-06  -7.46677e-06
   2  p1           2.07271e-02   1.25381e-03   1.48958e-06   4.71941e-06
SaveSource cannot open file: /home/zhangfy/nl_target/toyMC/results/data_17318.C
1.07422	0.0039484
1.06911	0.00351752
1.07407	0.00350454
1.07319	0.00348897
1.08569	0.00344028
1.0892	0.0032688
1.12488	0.00351766
1.1377	0.00497302
 FCN=10.2273 FROM MIGRAD    STATUS=CONVERGED      36 CALLS          37 TOTAL
                     EDM=8.18946e-16    STRATEGY= 1      ERROR MATRIX ACCURATE 
  EXT PARAMETER                                   STEP         FIRST   
  NO.   NAME      VALUE            ERROR          SIZE      DERIVATIVE 
   1  p0           1.06779e+00   1.77937e-03   2.09848e-06   2.67282e-05
   2  p1           2.07798e-02   1.25318e-03   1.47793e-06   9.14062e-06
SaveSource cannot open file: /home/zhangfy/nl_target/toyMC/results/data_17319.C
1.06701	0.0039219
1.06616	0.00350782
1.07133	0.00349558
1.0759	0.00349779
1.0871	0.00344472
1.0926	0.00327901
1.12153	0.00350719
1.14874	0.0050213
 FCN=6.38779 FROM MIGRAD    STATUS=CONVERGED      36 CALLS          37 TOTAL
                     EDM=7.70854e-16    STRATEGY= 1      ERROR MATRIX ACCURATE 
  EXT PARAMETER                                   STEP         FIRST   
  NO.   NAME      VALUE            ERROR          SIZE      DERIVATIVE 
   1  p0           1.06543e+00   1.77798e-03   1.70192e-06  -2.85005e-05
   2  p1           2.30196e-02   1.25673e-03   1.20297e-06  -1.65107e-05
SaveSource cannot open file: /home/zhangfy/nl_target/toyMC/results/data_17320.C
1.07008	0.00393319
1.06875	0.00351636
1.07444	0.00350573
1.08429	0.00352508
1.08725	0.00344521
1.08471	0.00325531
1.11949	0.00350082
1.14996	0.00502662
 FCN=10.9317 FROM MIGRAD    STATUS=CONVERGED      36 CALLS          37 TOTAL
                     EDM=3.21074e-18    STRATEGY= 1      ERROR MATRIX ACCURATE 
  EXT PARAMETER                                   STEP         FIRST   
  NO.   NAME      VALUE            ERROR          SIZE      DERIVATIVE 
   1  p0           1.06784e+00   1.78207e-03   2.16459e-06  -1.66796e-06
   2  p1           2.13919e-02   1.25765e-03   1.52760e-06  -2.71815e-06
SaveSource cannot open file: /home/zhangfy/nl_target/toyMC/results/data_17321.C
1.06602	0.00391829
1.06783	0.00351333
1.07196	0.00349764
1.08313	0.00352131
1.08521	0.00343875
1.0938	0.00328261
1.12028	0.00350328
1.14045	0.00498505
 FCN=7.92572 FROM MIGRAD    STATUS=CONVERGED      36 CALLS          37 TOTAL
                     EDM=5.207e-16    STRATEGY= 1      ERROR MATRIX ACCURATE 
  EXT PARAMETER                                   STEP         FIRST   
  NO.   NAME      VALUE            ERROR          SIZE      DERIVATIVE 
   1  p0           1.06788e+00   1.77884e-03   1.87143e-06  -1.02739e-05
   2  p1           2.09076e-02   1.25248e-03   1.31767e-06  -3.36268e-05
SaveSource cannot open file: /home/zhangfy/nl_target/toyMC/results/data_17322.C
1.05548	0.00387954
1.06798	0.00351382
1.07637	0.00351204
1.08124	0.00351514
1.08102	0.00342547
1.08868	0.00326724
1.12408	0.00351518
1.15639	0.00505472
 FCN=14.0849 FROM MIGRAD    STATUS=CONVERGED      36 CALLS          37 TOTAL
                     EDM=7.50305e-16    STRATEGY= 1      ERROR MATRIX ACCURATE 
  EXT PARAMETER                                   STEP         FIRST   
  NO.   NAME      VALUE            ERROR          SIZE      DERIVATIVE 
   1  p0           1.06317e+00   1.77732e-03   2.43133e-06   1.51876e-05
   2  p1           2.50872e-02   1.26095e-03   1.72495e-06  -1.17320e-05
SaveSource cannot open file: /home/zhangfy/nl_target/toyMC/results/data_17323.C
1.06962	0.00393151
1.0703	0.00352145
1.06921	0.00348866
1.08019	0.00351173
1.08073	0.00342454
1.09396	0.00328308
1.11182	0.00347684
1.14441	0.00500239
 FCN=6.57339 FROM MIGRAD    STATUS=CONVERGED      36 CALLS          37 TOTAL
                     EDM=1.61032e-15    STRATEGY= 1      ERROR MATRIX ACCURATE 
  EXT PARAMETER                                   STEP         FIRST   
  NO.   NAME      VALUE            ERROR          SIZE      DERIVATIVE 
   1  p0           1.06722e+00   1.77861e-03   1.72144e-06  -1.17895e-05
   2  p1           2.00216e-02   1.25189e-03   1.21165e-06  -5.53165e-05
SaveSource cannot open file: /home/zhangfy/nl_target/toyMC/results/data_17324.C
1.07387	0.00394714
1.06911	0.00351752
1.07578	0.00351011
1.08382	0.00352355
1.08504	0.0034382
1.09422	0.00328387
1.11402	0.00348371
1.14811	0.00501856
 FCN=7.31226 FROM MIGRAD    STATUS=CONVERGED      34 CALLS          35 TOTAL
                     EDM=3.32763e-15    STRATEGY= 1      ERROR MATRIX ACCURATE 
  EXT PARAMETER                                   STEP         FIRST   
  NO.   NAME      VALUE            ERROR          SIZE      DERIVATIVE 
   1  p0           1.07025e+00   1.78384e-03   1.80818e-06   2.02129e-06
   2  p1           1.98283e-02   1.25538e-03   1.27251e-06   6.69443e-05
SaveSource cannot open file: /home/zhangfy/nl_target/toyMC/results/data_17325.C
1.06523	0.00391539
1.07113	0.00352417
1.0701	0.00349158
1.07874	0.00350702
1.08076	0.00342463
1.09514	0.00328663
1.11641	0.00349118
1.14917	0.00502318
 FCN=5.49826 FROM MIGRAD    STATUS=CONVERGED      36 CALLS          37 TOTAL
                     EDM=1.00958e-15    STRATEGY= 1      ERROR MATRIX ACCURATE 
  EXT PARAMETER                                   STEP         FIRST   
  NO.   NAME      VALUE            ERROR          SIZE      DERIVATIVE 
   1  p0           1.06593e+00   1.77835e-03   1.59552e-06  -6.36412e-06
   2  p1           2.20361e-02   1.25548e-03   1.12641e-06   2.89481e-05
SaveSource cannot open file: /home/zhangfy/nl_target/toyMC/results/data_17326.C
1.06978	0.00393208
1.0669	0.00351025
1.07497	0.00350748
1.08125	0.00351519
1.07829	0.00341681
1.09348	0.00328165
1.12016	0.0035029
1.14073	0.00498627
 FCN=4.8157 FROM MIGRAD    STATUS=CONVERGED      36 CALLS          37 TOTAL
                     EDM=7.95747e-17    STRATEGY= 1      ERROR MATRIX ACCURATE 
  EXT PARAMETER                                   STEP         FIRST   
  NO.   NAME      VALUE            ERROR          SIZE      DERIVATIVE 
   1  p0           1.06735e+00   1.77868e-03   1.50980e-06  -4.72827e-06
   2  p1           2.08607e-02   1.25284e-03   1.06345e-06   4.17802e-06
SaveSource cannot open file: /home/zhangfy/nl_target/toyMC/results/data_17327.C
1.06963	0.00393155
1.07046	0.00352197
1.0786	0.0035193
1.08168	0.0035166
1.08641	0.00344255
1.09082	0.00327366
1.12087	0.00350513
1.14472	0.00500374
 FCN=3.70522 FROM MIGRAD    STATUS=CONVERGED      36 CALLS          37 TOTAL
                     EDM=4.95219e-16    STRATEGY= 1      ERROR MATRIX ACCURATE 
  EXT PARAMETER                                   STEP         FIRST   
  NO.   NAME      VALUE            ERROR          SIZE      DERIVATIVE 
   1  p0           1.06972e+00   1.78306e-03   1.36064e-06   6.50152e-06
   2  p1           2.05704e-02   1.25581e-03   9.58302e-07  -1.77603e-05
SaveSource cannot open file: /home/zhangfy/nl_target/toyMC/results/data_17328.C
1.07419	0.0039483
1.07688	0.0035431
1.07124	0.00349529
1.0825	0.00351924
1.07854	0.00341761
1.08452	0.00325476
1.11589	0.00348957
1.14722	0.00501466
 FCN=9.08674 FROM MIGRAD    STATUS=CONVERGED      36 CALLS          37 TOTAL
                     EDM=4.13952e-18    STRATEGY= 1      ERROR MATRIX ACCURATE 
  EXT PARAMETER                                   STEP         FIRST   
  NO.   NAME      VALUE            ERROR          SIZE      DERIVATIVE 
   1  p0           1.06827e+00   1.78238e-03   1.98831e-06   2.11065e-06
   2  p1           1.98784e-02   1.25575e-03   1.40084e-06   2.85949e-06
SaveSource cannot open file: /home/zhangfy/nl_target/toyMC/results/data_17329.C
1.07221	0.00394103
1.07175	0.00352623
1.07418	0.00350489
1.07731	0.00350238
1.07832	0.00341692
1.08873	0.0032674
1.12177	0.00350793
1.14418	0.00500138
 FCN=1.50326 FROM MIGRAD    STATUS=CONVERGED      36 CALLS          37 TOTAL
                     EDM=3.00775e-17    STRATEGY= 1      ERROR MATRIX ACCURATE 
  EXT PARAMETER                                   STEP         FIRST   
  NO.   NAME      VALUE            ERROR          SIZE      DERIVATIVE 
   1  p0           1.06692e+00   1.77989e-03   9.90527e-07  -1.43986e-06
   2  p1           2.12901e-02   1.25556e-03   6.98731e-07   4.58402e-06
SaveSource cannot open file: /home/zhangfy/nl_target/toyMC/results/data_17330.C
1.07372	0.00394659
1.07323	0.0035311
1.07126	0.00349535
1.07337	0.00348957
1.08518	0.00343865
1.09144	0.00327553
1.12091	0.00350525
1.14487	0.00500439
 FCN=5.04165 FROM MIGRAD    STATUS=CONVERGED      36 CALLS          37 TOTAL
                     EDM=5.46486e-16    STRATEGY= 1      ERROR MATRIX ACCURATE 
  EXT PARAMETER                                   STEP         FIRST   
  NO.   NAME      VALUE            ERROR          SIZE      DERIVATIVE 
   1  p0           1.06775e+00   1.78075e-03   1.53987e-06  -4.71523e-06
   2  p1           2.11949e-02   1.25567e-03   1.08582e-06   2.12470e-05
SaveSource cannot open file: /home/zhangfy/nl_target/toyMC/results/data_17331.C
1.07803	0.00396243
1.07149	0.00352535
1.07779	0.00351665
1.07535	0.00349602
1.08321	0.00343241
1.08668	0.00326122
1.1171	0.00349333
1.15143	0.00503307
 FCN=9.5834 FROM MIGRAD    STATUS=CONVERGED      36 CALLS          37 TOTAL
                     EDM=1.97019e-17    STRATEGY= 1      ERROR MATRIX ACCURATE 
  EXT PARAMETER                                   STEP         FIRST   
  NO.   NAME      VALUE            ERROR          SIZE      DERIVATIVE 
   1  p0           1.06852e+00   1.78380e-03   2.03860e-06   4.79249e-06
   2  p1           2.06803e-02   1.25841e-03   1.43817e-06   3.72090e-06
SaveSource cannot open file: /home/zhangfy/nl_target/toyMC/results/data_17332.C
1.07091	0.00393627
1.07204	0.00352717
1.07294	0.00350083
1.07821	0.00350532
1.08053	0.00342392
1.0958	0.00328862
1.11476	0.00348602
1.13931	0.0049801
 FCN=3.72231 FROM MIGRAD    STATUS=CONVERGED      36 CALLS          37 TOTAL
                     EDM=5.75429e-16    STRATEGY= 1      ERROR MATRIX ACCURATE 
  EXT PARAMETER                                   STEP         FIRST   
  NO.   NAME      VALUE            ERROR          SIZE      DERIVATIVE 
   1  p0           1.06889e+00   1.77987e-03   1.36050e-06  -7.39333e-06
   2  p1           1.92706e-02   1.25076e-03   9.56059e-07  -3.33395e-05
SaveSource cannot open file: /home/zhangfy/nl_target/toyMC/results/data_17333.C
1.07279	0.00394316
1.07212	0.00352743
1.07857	0.00351922
1.07974	0.00351029
1.08367	0.00343386
1.09236	0.00327827
1.11883	0.00349874
1.14154	0.00498984
 FCN=1.09698 FROM MIGRAD    STATUS=CONVERGED      38 CALLS          39 TOTAL
                     EDM=6.84439e-16    STRATEGY= 1      ERROR MATRIX ACCURATE 
  EXT PARAMETER                                   STEP         FIRST   
  NO.   NAME      VALUE            ERROR          SIZE      DERIVATIVE 
   1  p0           1.07047e+00   1.78324e-03   9.08085e-07  -8.54352e-06
   2  p1           1.94721e-02   1.25385e-03   6.38507e-07  -3.66100e-05
SaveSource cannot open file: /home/zhangfy/nl_target/toyMC/results/data_17334.C
1.06541	0.00391604
1.07096	0.0035236
1.07121	0.00349519
1.07916	0.0035084
1.08556	0.00343985
1.09747	0.0032936
1.12074	0.00350472
1.1453	0.00500626
 FCN=7.48588 FROM MIGRAD    STATUS=CONVERGED      36 CALLS          37 TOTAL
                     EDM=3.44074e-16    STRATEGY= 1      ERROR MATRIX ACCURATE 
  EXT PARAMETER                                   STEP         FIRST   
  NO.   NAME      VALUE            ERROR          SIZE      DERIVATIVE 
   1  p0           1.06760e+00   1.77963e-03   1.82589e-06  -8.46886e-06
   2  p1           2.19150e-02   1.25513e-03   1.28775e-06   1.07043e-05
SaveSource cannot open file: /home/zhangfy/nl_target/toyMC/results/data_17335.C
1.066	0.00391818
1.07169	0.00352603
1.06574	0.00347734
1.08071	0.00351342
1.08469	0.0034371
1.08765	0.00326415
1.12035	0.00350349
1.151	0.00503118
 FCN=7.80068 FROM MIGRAD    STATUS=CONVERGED      36 CALLS          37 TOTAL
                     EDM=6.55599e-17    STRATEGY= 1      ERROR MATRIX ACCURATE 
  EXT PARAMETER                                   STEP         FIRST   
  NO.   NAME      VALUE            ERROR          SIZE      DERIVATIVE 
   1  p0           1.06490e+00   1.77818e-03   1.85655e-06   1.13621e-06
   2  p1           2.29550e-02   1.25757e-03   1.31299e-06  -7.91789e-06
SaveSource cannot open file: /home/zhangfy/nl_target/toyMC/results/data_17336.C
1.06377	0.00390999
1.07924	0.00355087
1.07189	0.00349741
1.079	0.00350789
1.08098	0.00342533
1.08742	0.00326346
1.12184	0.00350815
1.15653	0.00505534
 FCN=10.547 FROM MIGRAD    STATUS=CONVERGED      36 CALLS          37 TOTAL
                     EDM=6.98845e-19    STRATEGY= 1      ERROR MATRIX ACCURATE 
  EXT PARAMETER                                   STEP         FIRST   
  NO.   NAME      VALUE            ERROR          SIZE      DERIVATIVE 
   1  p0           1.06587e+00   1.78154e-03   2.12923e-06   7.44589e-07
   2  p1           2.33459e-02   1.26160e-03   1.50782e-06   1.28118e-06
SaveSource cannot open file: /home/zhangfy/nl_target/toyMC/results/data_17337.C
1.07307	0.00394419
1.06457	0.00350261
1.07669	0.00351307
1.07988	0.00351073
1.08819	0.00344818
1.09549	0.00328769
1.11321	0.00348118
1.14733	0.00501515
 FCN=14.9236 FROM MIGRAD    STATUS=CONVERGED      36 CALLS          37 TOTAL
                     EDM=9.634e-16    STRATEGY= 1      ERROR MATRIX ACCURATE 
  EXT PARAMETER                                   STEP         FIRST   
  NO.   NAME      VALUE            ERROR          SIZE      DERIVATIVE 
   1  p0           1.06936e+00   1.78204e-03   2.50121e-06  -1.90031e-05
   2  p1           2.00932e-02   1.25424e-03   1.76040e-06   1.03681e-05
SaveSource cannot open file: /home/zhangfy/nl_target/toyMC/results/data_17338.C
1.06944	0.00393084
1.08065	0.00355552
1.07562	0.0035096
1.08184	0.0035171
1.07685	0.00341226
1.09231	0.00327813
1.11592	0.00348963
1.15547	0.00505071
 FCN=12.9879 FROM MIGRAD    STATUS=CONVERGED      36 CALLS          37 TOTAL
                     EDM=1.34945e-15    STRATEGY= 1      ERROR MATRIX ACCURATE 
  EXT PARAMETER                                   STEP         FIRST   
  NO.   NAME      VALUE            ERROR          SIZE      DERIVATIVE 
   1  p0           1.06900e+00   1.78495e-03   2.34569e-06  -4.02686e-06
   2  p1           2.11575e-02   1.26005e-03   1.65590e-06   3.70634e-05
SaveSource cannot open file: /home/zhangfy/nl_target/toyMC/results/data_17339.C
1.06803	0.00392567
1.07222	0.00352777
1.07769	0.00351635
1.07744	0.0035028
1.08642	0.00344259
1.09531	0.00328714
1.11763	0.003495
1.14521	0.00500586
 FCN=5.27264 FROM MIGRAD    STATUS=CONVERGED      36 CALLS          37 TOTAL
                     EDM=3.22334e-16    STRATEGY= 1      ERROR MATRIX ACCURATE 
  EXT PARAMETER                                   STEP         FIRST   
  NO.   NAME      VALUE            ERROR          SIZE      DERIVATIVE 
   1  p0           1.06955e+00   1.78237e-03   1.57053e-06   5.35132e-06
   2  p1           2.03992e-02   1.25484e-03   1.10570e-06  -1.42079e-05
SaveSource cannot open file: /home/zhangfy/nl_target/toyMC/results/data_17340.C
1.06536	0.00391585
1.07483	0.00353635
1.0738	0.00350366
1.08172	0.0035167
1.08821	0.00344824
1.09139	0.00327538
1.11996	0.00350228
1.14418	0.00500137
 FCN=6.49929 FROM MIGRAD    STATUS=CONVERGED      36 CALLS          37 TOTAL
                     EDM=2.63277e-16    STRATEGY= 1      ERROR MATRIX ACCURATE 
  EXT PARAMETER                                   STEP         FIRST   
  NO.   NAME      VALUE            ERROR          SIZE      DERIVATIVE 
   1  p0           1.06936e+00   1.78213e-03   1.71724e-06  -1.12106e-05
   2  p1           2.05950e-02   1.25496e-03   1.20926e-06   3.20049e-06
SaveSource cannot open file: /home/zhangfy/nl_target/toyMC/results/data_17341.C
1.07184	0.00393968
1.07671	0.00354253
1.06991	0.00349094
1.08058	0.003513
1.08514	0.00343851
1.08922	0.00326885
1.12421	0.00351556
1.14957	0.00502494
 FCN=4.96011 FROM MIGRAD    STATUS=CONVERGED      36 CALLS          37 TOTAL
                     EDM=3.91599e-16    STRATEGY= 1      ERROR MATRIX ACCURATE 
  EXT PARAMETER                                   STEP         FIRST   
  NO.   NAME      VALUE            ERROR          SIZE      DERIVATIVE 
   1  p0           1.06830e+00   1.78307e-03   1.53145e-06   6.08665e-06
   2  p1           2.21006e-02   1.25937e-03   1.08165e-06   2.73129e-05
SaveSource cannot open file: /home/zhangfy/nl_target/toyMC/results/data_17342.C
1.06295	0.003907
1.07295	0.00353015
1.07633	0.00351191
1.08295	0.00352073
1.0823	0.00342953
1.0921	0.0032775
1.12263	0.00351062
1.14868	0.00502105
 FCN=5.62157 FROM MIGRAD    STATUS=CONVERGED      36 CALLS          37 TOTAL
                     EDM=4.29328e-16    STRATEGY= 1      ERROR MATRIX ACCURATE 
  EXT PARAMETER                                   STEP         FIRST   
  NO.   NAME      VALUE            ERROR          SIZE      DERIVATIVE 
   1  p0           1.06766e+00   1.78131e-03   1.61347e-06   4.74098e-06
   2  p1           2.22549e-02   1.25782e-03   1.13931e-06  -1.81349e-05
SaveSource cannot open file: /home/zhangfy/nl_target/toyMC/results/data_17343.C
1.06649	0.00392001
1.07776	0.00354599
1.07713	0.00351451
1.07468	0.00349383
1.08674	0.0034436
1.09342	0.00328145
1.11543	0.00348813
1.14485	0.00500429
 FCN=9.25079 FROM MIGRAD    STATUS=CONVERGED      36 CALLS          37 TOTAL
                     EDM=9.16443e-17    STRATEGY= 1      ERROR MATRIX ACCURATE 
  EXT PARAMETER                                   STEP         FIRST   
  NO.   NAME      VALUE            ERROR          SIZE      DERIVATIVE 
   1  p0           1.06980e+00   1.78274e-03   2.00689e-06   5.03638e-06
   2  p1           1.96780e-02   1.25418e-03   1.41188e-06  -4.51677e-06
SaveSource cannot open file: /home/zhangfy/nl_target/toyMC/results/data_17344.C
1.06605	0.00391837
1.06931	0.00351819
1.07029	0.00349218
1.08245	0.00351908
1.07794	0.00341573
1.09457	0.0032849
1.11724	0.00349378
1.14641	0.0050111
 FCN=6.1104 FROM MIGRAD    STATUS=CONVERGED      36 CALLS          37 TOTAL
                     EDM=4.51168e-16    STRATEGY= 1      ERROR MATRIX ACCURATE 
  EXT PARAMETER                                   STEP         FIRST   
  NO.   NAME      VALUE            ERROR          SIZE      DERIVATIVE 
   1  p0           1.06604e+00   1.77791e-03   1.66871e-06  -1.49697e-05
   2  p1           2.17280e-02   1.25435e-03   1.17730e-06   3.72116e-06
SaveSource cannot open file: /home/zhangfy/nl_target/toyMC/results/data_17345.C
1.07456	0.00394966
1.07175	0.00352621
1.0733	0.003502
1.07771	0.00350367
1.08057	0.00342404
1.09172	0.00327637
1.11819	0.00349674
1.1425	0.00499404
 FCN=1.12215 FROM MIGRAD    STATUS=CONVERGED      34 CALLS          35 TOTAL
                     EDM=1.0847e-16    STRATEGY= 1      ERROR MATRIX ACCURATE 
  EXT PARAMETER                                   STEP         FIRST   
  NO.   NAME      VALUE            ERROR          SIZE      DERIVATIVE 
   1  p0           1.06844e+00   1.78086e-03   9.12340e-07   5.24613e-06
   2  p1           2.01208e-02   1.25374e-03   6.42291e-07  -5.28068e-06
SaveSource cannot open file: /home/zhangfy/nl_target/toyMC/results/data_17346.C
1.06723	0.00392274
1.07381	0.00353299
1.06722	0.00348219
1.07998	0.00351107
1.07986	0.0034218
1.0895	0.00326971
1.116	0.00348988
1.14793	0.00501777
 FCN=4.99203 FROM MIGRAD    STATUS=CONVERGED      36 CALLS          37 TOTAL
                     EDM=1.1305e-15    STRATEGY= 1      ERROR MATRIX ACCURATE 
  EXT PARAMETER                                   STEP         FIRST   
  NO.   NAME      VALUE            ERROR          SIZE      DERIVATIVE 
   1  p0           1.06573e+00   1.77829e-03   1.53104e-06  -2.35527e-05
   2  p1           2.14437e-02   1.25492e-03   1.08044e-06   6.13662e-06
SaveSource cannot open file: /home/zhangfy/nl_target/toyMC/results/data_17347.C
1.06661	0.00392043
1.07394	0.00353343
1.07009	0.00349156
1.07297	0.00348826
1.08323	0.00343247
1.09201	0.00327722
1.11774	0.00349533
1.15197	0.00503544
 FCN=6.04028 FROM MIGRAD    STATUS=CONVERGED      36 CALLS          37 TOTAL
                     EDM=1.55842e-15    STRATEGY= 1      ERROR MATRIX ACCURATE 
  EXT PARAMETER                                   STEP         FIRST   
  NO.   NAME      VALUE            ERROR          SIZE      DERIVATIVE 
   1  p0           1.06539e+00   1.77891e-03   1.66067e-06   1.07969e-05
   2  p1           2.25478e-02   1.25752e-03   1.17394e-06  -3.24196e-05
SaveSource cannot open file: /home/zhangfy/nl_target/toyMC/results/data_17348.C
1.07264	0.00394259
1.07348	0.00353191
1.07198	0.00349769
1.08403	0.00352423
1.07956	0.00342083
1.08914	0.0032686
1.11757	0.00349481
1.1506	0.00502944
 FCN=4.98508 FROM MIGRAD    STATUS=CONVERGED      36 CALLS          37 TOTAL
                     EDM=7.89779e-17    STRATEGY= 1      ERROR MATRIX ACCURATE 
  EXT PARAMETER                                   STEP         FIRST   
  NO.   NAME      VALUE            ERROR          SIZE      DERIVATIVE 
   1  p0           1.06806e+00   1.78250e-03   1.53297e-06  -5.38827e-06
   2  p1           2.11081e-02   1.25767e-03   1.08161e-06   3.04447e-06
SaveSource cannot open file: /home/zhangfy/nl_target/toyMC/results/data_17349.C
1.07057	0.00393498
1.07865	0.00354893
1.06815	0.00348523
1.08027	0.00351199
1.08034	0.00342331
1.09438	0.00328435
1.11982	0.00350184
1.1541	0.00504472
 FCN=8.4527 FROM MIGRAD    STATUS=CONVERGED      36 CALLS          37 TOTAL
                     EDM=3.59863e-16    STRATEGY= 1      ERROR MATRIX ACCURATE 
  EXT PARAMETER                                   STEP         FIRST   
  NO.   NAME      VALUE            ERROR          SIZE      DERIVATIVE 
   1  p0           1.06765e+00   1.78273e-03   1.92805e-06  -1.52548e-05
   2  p1           2.24260e-02   1.26005e-03   1.36277e-06  -4.23635e-07
SaveSource cannot open file: /home/zhangfy/nl_target/toyMC/results/data_17350.C
1.07073	0.00393559
1.07485	0.0035364
1.07045	0.00349271
1.07784	0.00350412
1.08819	0.00344818
1.09363	0.0032821
1.11847	0.00349763
1.13873	0.00497756
 FCN=6.61459 FROM MIGRAD    STATUS=CONVERGED      36 CALLS          37 TOTAL
                     EDM=2.36084e-16    STRATEGY= 1      ERROR MATRIX ACCURATE 
  EXT PARAMETER                                   STEP         FIRST   
  NO.   NAME      VALUE            ERROR          SIZE      DERIVATIVE 
   1  p0           1.06984e+00   1.78127e-03   1.72944e-06  -5.90982e-06
   2  p1           1.94814e-02   1.25184e-03   1.21542e-06   1.04352e-05
SaveSource cannot open file: /home/zhangfy/nl_target/toyMC/results/data_17351.C
1.07572	0.00395394
1.07297	0.00353023
1.0761	0.00351114
1.07742	0.00350274
1.07872	0.00341818
1.09098	0.00327413
1.11889	0.00349894
1.14693	0.00501339
 FCN=2.67713 FROM MIGRAD    STATUS=CONVERGED      36 CALLS          37 TOTAL
                     EDM=3.97416e-15    STRATEGY= 1      ERROR MATRIX ACCURATE 
  EXT PARAMETER                                   STEP         FIRST   
  NO.   NAME      VALUE            ERROR          SIZE      DERIVATIVE 
   1  p0           1.06856e+00   1.78257e-03   1.20163e-06  -1.05285e-05
   2  p1           2.06305e-02   1.25657e-03   8.47053e-07  -8.04959e-05
SaveSource cannot open file: /home/zhangfy/nl_target/toyMC/results/data_17352.C
1.07366	0.00394637
1.06942	0.00351856
1.06945	0.00348944
1.0788	0.00350723
1.08127	0.00342626
1.09121	0.00327484
1.11928	0.00350017
1.14513	0.00500554
 FCN=2.5098 FROM MIGRAD    STATUS=CONVERGED      36 CALLS          37 TOTAL
                     EDM=5.03522e-15    STRATEGY= 1      ERROR MATRIX ACCURATE 
  EXT PARAMETER                                   STEP         FIRST   
  NO.   NAME      VALUE            ERROR          SIZE      DERIVATIVE 
   1  p0           1.06682e+00   1.77932e-03   1.17281e-06  -5.44876e-05
   2  p1           2.13213e-02   1.25492e-03   8.27154e-07   3.83875e-06
SaveSource cannot open file: /home/zhangfy/nl_target/toyMC/results/data_17353.C
1.07087	0.00393611
1.06869	0.00351615
1.07708	0.00351436
1.07253	0.00348684
1.07276	0.00339931
1.09076	0.00327349
1.1145	0.0034852
1.13884	0.00497801
 FCN=7.67429 FROM MIGRAD    STATUS=CONVERGED      36 CALLS          37 TOTAL
                     EDM=9.86103e-17    STRATEGY= 1      ERROR MATRIX ACCURATE 
  EXT PARAMETER                                   STEP         FIRST   
  NO.   NAME      VALUE            ERROR          SIZE      DERIVATIVE 
   1  p0           1.06584e+00   1.77641e-03   1.83950e-06   9.36705e-06
   2  p1           1.97335e-02   1.25008e-03   1.29448e-06   1.50965e-05
SaveSource cannot open file: /home/zhangfy/nl_target/toyMC/results/data_17354.C
1.0761	0.00395532
1.06984	0.00351993
1.07072	0.00349358
1.07713	0.00350178
1.07988	0.00342185
1.09086	0.00327377
1.1204	0.00350365
1.14409	0.00500099
 FCN=3.30553 FROM MIGRAD    STATUS=CONVERGED      34 CALLS          35 TOTAL
                     EDM=3.78421e-17    STRATEGY= 1      ERROR MATRIX ACCURATE 
  EXT PARAMETER                                   STEP         FIRST   
  NO.   NAME      VALUE            ERROR          SIZE      DERIVATIVE 
   1  p0           1.06707e+00   1.77974e-03   1.29908e-06  -3.62446e-06
   2  p1           2.11562e-02   1.25500e-03   9.16058e-07   2.29545e-06
SaveSource cannot open file: /home/zhangfy/nl_target/toyMC/results/data_17355.C
1.07204	0.0039404
1.07383	0.00353306
1.07716	0.00351462
1.0799	0.00351079
1.08285	0.00343126
1.08806	0.00326539
1.1203	0.00350335
1.15545	0.00505062
 FCN=4.44145 FROM MIGRAD    STATUS=CONVERGED      36 CALLS          37 TOTAL
                     EDM=6.03949e-16    STRATEGY= 1      ERROR MATRIX ACCURATE 
  EXT PARAMETER                                   STEP         FIRST   
  NO.   NAME      VALUE            ERROR          SIZE      DERIVATIVE 
   1  p0           1.06822e+00   1.78437e-03   1.46315e-06   8.91576e-06
   2  p1           2.20742e-02   1.26126e-03   1.03421e-06  -1.72618e-05
SaveSource cannot open file: /home/zhangfy/nl_target/toyMC/results/data_17356.C
1.07135	0.00393786
1.07075	0.00352291
1.07836	0.00351854
1.07962	0.0035099
1.08231	0.00342956
1.09283	0.00327968
1.11657	0.00349169
1.14256	0.0049943
 FCN=2.01557 FROM MIGRAD    STATUS=CONVERGED      36 CALLS          37 TOTAL
                     EDM=6.20451e-16    STRATEGY= 1      ERROR MATRIX ACCURATE 
  EXT PARAMETER                                   STEP         FIRST   
  NO.   NAME      VALUE            ERROR          SIZE      DERIVATIVE 
   1  p0           1.06964e+00   1.78211e-03   1.08823e-06   8.14092e-06
   2  p1           1.95681e-02   1.25337e-03   7.65357e-07  -1.88099e-05
SaveSource cannot open file: /home/zhangfy/nl_target/toyMC/results/data_17357.C
1.07661	0.00395722
1.07449	0.00353524
1.07842	0.00351872
1.0793	0.00350886
1.08008	0.00342249
1.09703	0.00329231
1.11841	0.00349745
1.14441	0.00500237
 FCN=4.0296 FROM MIGRAD    STATUS=CONVERGED      36 CALLS          37 TOTAL
                     EDM=2.53471e-16    STRATEGY= 1      ERROR MATRIX ACCURATE 
  EXT PARAMETER                                   STEP         FIRST   
  NO.   NAME      VALUE            ERROR          SIZE      DERIVATIVE 
   1  p0           1.07132e+00   1.78510e-03   1.40762e-06  -1.74939e-05
   2  p1           1.96045e-02   1.25561e-03   9.90104e-07  -1.81542e-05
SaveSource cannot open file: /home/zhangfy/nl_target/toyMC/results/data_17358.C
1.0732	0.00394467
1.07535	0.00353806
1.0796	0.00352258
1.07794	0.00350442
1.08535	0.0034392
1.092	0.00327721
1.12314	0.00351224
1.15064	0.00502959
 FCN=2.35249 FROM MIGRAD    STATUS=CONVERGED      36 CALLS          37 TOTAL
                     EDM=6.23415e-18    STRATEGY= 1      ERROR MATRIX ACCURATE 
  EXT PARAMETER                                   STEP         FIRST   
  NO.   NAME      VALUE            ERROR          SIZE      DERIVATIVE 
   1  p0           1.07027e+00   1.78590e-03   1.14997e-06  -2.67230e-06
   2  p1           2.14234e-02   1.26018e-03   8.11447e-07  -3.26863e-06
SaveSource cannot open file: /home/zhangfy/nl_target/toyMC/results/data_17359.C
1.07298	0.00394386
1.0695	0.0035188
1.06999	0.00349122
1.07431	0.00349263
1.08681	0.00344381
1.09442	0.00328447
1.11439	0.00348488
1.14067	0.00498602
 FCN=9.19854 FROM MIGRAD    STATUS=CONVERGED      36 CALLS          37 TOTAL
                     EDM=5.59688e-17    STRATEGY= 1      ERROR MATRIX ACCURATE 
  EXT PARAMETER                                   STEP         FIRST   
  NO.   NAME      VALUE            ERROR          SIZE      DERIVATIVE 
   1  p0           1.06813e+00   1.77907e-03   1.99872e-06   8.25202e-06
   2  p1           1.96889e-02   1.25104e-03   1.40550e-06   7.94339e-06
SaveSource cannot open file: /home/zhangfy/nl_target/toyMC/results/data_17360.C
1.0661	0.00391858
1.07394	0.00353344
1.07807	0.00351758
1.08094	0.00351417
1.07821	0.00341658
1.09445	0.00328455
1.12071	0.00350462
1.14622	0.00501028
 FCN=4.94835 FROM MIGRAD    STATUS=CONVERGED      36 CALLS          37 TOTAL
                     EDM=1.13443e-16    STRATEGY= 1      ERROR MATRIX ACCURATE 
  EXT PARAMETER                                   STEP         FIRST   
  NO.   NAME      VALUE            ERROR          SIZE      DERIVATIVE 
   1  p0           1.06841e+00   1.78169e-03   1.52900e-06  -1.01728e-05
   2  p1           2.12906e-02   1.25631e-03   1.07813e-06  -4.03050e-06
SaveSource cannot open file: /home/zhangfy/nl_target/toyMC/results/data_17361.C
1.07002	0.00393298
1.06659	0.00350923
1.07514	0.00350803
1.07854	0.00350636
1.08474	0.00343727
1.08964	0.00327013
1.11777	0.00349542
1.15144	0.0050331
 FCN=5.18484 FROM MIGRAD    STATUS=CONVERGED      36 CALLS          37 TOTAL
                     EDM=3.67981e-16    STRATEGY= 1      ERROR MATRIX ACCURATE 
  EXT PARAMETER                                   STEP         FIRST   
  NO.   NAME      VALUE            ERROR          SIZE      DERIVATIVE 
   1  p0           1.06656e+00   1.78034e-03   1.55744e-06   3.60418e-06
   2  p1           2.20034e-02   1.25747e-03   1.10003e-06   2.47976e-05
SaveSource cannot open file: /home/zhangfy/nl_target/toyMC/results/data_17362.C
1.07076	0.00393568
1.07249	0.00352864
1.07897	0.00352051
1.07773	0.00350375
1.07964	0.00342111
1.09365	0.00328215
1.12077	0.00350481
1.14419	0.00500141
 FCN=2.66003 FROM MIGRAD    STATUS=CONVERGED      36 CALLS          37 TOTAL
                     EDM=3.00888e-17    STRATEGY= 1      ERROR MATRIX ACCURATE 
  EXT PARAMETER                                   STEP         FIRST   
  NO.   NAME      VALUE            ERROR          SIZE      DERIVATIVE 
   1  p0           1.06892e+00   1.78206e-03   1.19932e-06  -6.01443e-06
   2  p1           2.07278e-02   1.25556e-03   8.44990e-07  -6.51163e-06
SaveSource cannot open file: /home/zhangfy/nl_target/toyMC/results/data_17363.C
1.07184	0.00393967
1.07181	0.00352642
1.07399	0.00350427
1.07395	0.00349146
1.07817	0.00341645
1.09171	0.00327634
1.11706	0.00349322
1.15149	0.00503333
 FCN=4.09931 FROM MIGRAD    STATUS=CONVERGED      36 CALLS          37 TOTAL
                     EDM=2.90699e-15    STRATEGY= 1      ERROR MATRIX ACCURATE 
  EXT PARAMETER                                   STEP         FIRST   
  NO.   NAME      VALUE            ERROR          SIZE      DERIVATIVE 
   1  p0           1.06607e+00   1.78002e-03   1.41342e-06  -8.29000e-06
   2  p1           2.19173e-02   1.25753e-03   9.98538e-07   5.19011e-05
SaveSource cannot open file: /home/zhangfy/nl_target/toyMC/results/data_17364.C
1.06835	0.00392682
1.06813	0.00351432
1.06617	0.00347876
1.08251	0.00351928
1.08119	0.00342602
1.09445	0.00328456
1.12442	0.00351622
1.14905	0.00502265
 FCN=6.75166 FROM MIGRAD    STATUS=CONVERGED      36 CALLS          37 TOTAL
                     EDM=6.96613e-17    STRATEGY= 1      ERROR MATRIX ACCURATE 
  EXT PARAMETER                                   STEP         FIRST   
  NO.   NAME      VALUE            ERROR          SIZE      DERIVATIVE 
   1  p0           1.06523e+00   1.77803e-03   1.74404e-06  -4.23835e-06
   2  p1           2.36913e-02   1.25784e-03   1.23380e-06  -1.24772e-05
SaveSource cannot open file: /home/zhangfy/nl_target/toyMC/results/data_17365.C
1.07006	0.00393311
1.07176	0.00352627
1.073	0.00350104
1.07962	0.00350988
1.08391	0.00343463
1.09784	0.00329472
1.11869	0.00349831
1.1468	0.00501281
 FCN=4.52357 FROM MIGRAD    STATUS=CONVERGED      36 CALLS          37 TOTAL
                     EDM=5.03445e-16    STRATEGY= 1      ERROR MATRIX ACCURATE 
  EXT PARAMETER                                   STEP         FIRST   
  NO.   NAME      VALUE            ERROR          SIZE      DERIVATIVE 
   1  p0           1.06888e+00   1.78182e-03   1.47389e-06   7.31568e-06
   2  p1           2.11869e-02   1.25581e-03   1.03878e-06  -1.69400e-05
SaveSource cannot open file: /home/zhangfy/nl_target/toyMC/results/data_17366.C
1.07286	0.00394343
1.06985	0.00351995
1.06977	0.0034905
1.08111	0.00351473
1.07889	0.00341874
1.09344	0.00328153
1.11414	0.00348408
1.14669	0.00501234
 FCN=5.81775 FROM MIGRAD    STATUS=CONVERGED      36 CALLS          37 TOTAL
                     EDM=2.11764e-15    STRATEGY= 1      ERROR MATRIX ACCURATE 
  EXT PARAMETER                                   STEP         FIRST   
  NO.   NAME      VALUE            ERROR          SIZE      DERIVATIVE 
   1  p0           1.06727e+00   1.77969e-03   1.63421e-06  -1.81187e-05
   2  p1           2.05960e-02   1.25405e-03   1.15153e-06   3.06401e-05
SaveSource cannot open file: /home/zhangfy/nl_target/toyMC/results/data_17367.C
1.07448	0.00394938
1.07182	0.00352644
1.072	0.00349778
1.08334	0.00352197
1.07883	0.00341852
1.09019	0.00327177
1.12106	0.00350571
1.15373	0.00504311
 FCN=4.65019 FROM MIGRAD    STATUS=CONVERGED      36 CALLS          37 TOTAL
                     EDM=8.91019e-16    STRATEGY= 1      ERROR MATRIX ACCURATE 
  EXT PARAMETER                                   STEP         FIRST   
  NO.   NAME      VALUE            ERROR          SIZE      DERIVATIVE 
   1  p0           1.06740e+00   1.78274e-03   1.49028e-06   1.87734e-05
   2  p1           2.24061e-02   1.26034e-03   1.05358e-06  -9.07503e-06
SaveSource cannot open file: /home/zhangfy/nl_target/toyMC/results/data_17368.C
1.07184	0.00393968
1.07311	0.00353071
1.07809	0.00351766
1.07468	0.00349384
1.07509	0.00340667
1.09537	0.0032873
1.12024	0.00350317
1.14947	0.00502447
 FCN=8.13094 FROM MIGRAD    STATUS=CONVERGED      34 CALLS          35 TOTAL
                     EDM=1.633e-16    STRATEGY= 1      ERROR MATRIX ACCURATE 
  EXT PARAMETER                                   STEP         FIRST   
  NO.   NAME      VALUE            ERROR          SIZE      DERIVATIVE 
   1  p0           1.06735e+00   1.78146e-03   1.89351e-06  -8.02335e-06
   2  p1           2.18699e-02   1.25794e-03   1.33707e-06   3.92585e-06
SaveSource cannot open file: /home/zhangfy/nl_target/toyMC/results/data_17369.C
1.06902	0.00392929
1.0687	0.00351619
1.07172	0.00349686
1.076	0.00349813
1.07746	0.0034142
1.09321	0.00328085
1.11842	0.00349746
1.14827	0.00501924
 FCN=2.02495 FROM MIGRAD    STATUS=CONVERGED      36 CALLS          37 TOTAL
                     EDM=1.00465e-16    STRATEGY= 1      ERROR MATRIX ACCURATE 
  EXT PARAMETER                                   STEP         FIRST   
  NO.   NAME      VALUE            ERROR          SIZE      DERIVATIVE 
   1  p0           1.06504e+00   1.77754e-03   1.08797e-06  -4.76837e-06
   2  p1           2.23248e-02   1.25575e-03   7.68601e-07  -1.48651e-05
SaveSource cannot open file: /home/zhangfy/nl_target/toyMC/results/data_17370.C
1.07182	0.0039396
1.07825	0.00354759
1.07665	0.00351294
1.07523	0.0034956
1.08132	0.00342643
1.08852	0.00326675
1.11614	0.00349033
1.15205	0.00503578
 FCN=8.00955 FROM MIGRAD    STATUS=CONVERGED      36 CALLS          37 TOTAL
                     EDM=2.35908e-15    STRATEGY= 1      ERROR MATRIX ACCURATE 
  EXT PARAMETER                                   STEP         FIRST   
  NO.   NAME      VALUE            ERROR          SIZE      DERIVATIVE 
   1  p0           1.06851e+00   1.78373e-03   1.88092e-06  -6.50698e-06
   2  p1           2.06899e-02   1.25836e-03   1.32692e-06   4.77750e-05
SaveSource cannot open file: /home/zhangfy/nl_target/toyMC/results/data_17371.C
1.07477	0.00395045
1.0673	0.00351158
1.07318	0.00350162
1.08066	0.00351326
1.08394	0.00343473
1.09234	0.00327823
1.1242	0.00351554
1.15601	0.0050531
 FCN=3.83457 FROM MIGRAD    STATUS=CONVERGED      36 CALLS          37 TOTAL
                     EDM=2.94672e-15    STRATEGY= 1      ERROR MATRIX ACCURATE 
  EXT PARAMETER                                   STEP         FIRST   
  NO.   NAME      VALUE            ERROR          SIZE      DERIVATIVE 
   1  p0           1.06701e+00   1.78265e-03   1.37956e-06   1.68437e-06
   2  p1           2.36769e-02   1.26221e-03   9.76804e-07  -5.91480e-05
SaveSource cannot open file: /home/zhangfy/nl_target/toyMC/results/data_17372.C
1.06773	0.00392456
1.06762	0.00351264
1.07657	0.00351267
1.08037	0.00351234
1.08644	0.00344264
1.096	0.00328921
1.11905	0.00349945
1.14478	0.00500397
 FCN=7.24303 FROM MIGRAD    STATUS=CONVERGED      36 CALLS          37 TOTAL
                     EDM=6.84406e-17    STRATEGY= 1      ERROR MATRIX ACCURATE 
  EXT PARAMETER                                   STEP         FIRST   
  NO.   NAME      VALUE            ERROR          SIZE      DERIVATIVE 
   1  p0           1.06880e+00   1.78108e-03   1.80014e-06  -2.53358e-06
   2  p1           2.10189e-02   1.25466e-03   1.26808e-06   6.46480e-06
SaveSource cannot open file: /home/zhangfy/nl_target/toyMC/results/data_17373.C
1.06334	0.00390843
1.06694	0.00351038
1.07362	0.00350305
1.08002	0.00351118
1.08319	0.00343235
1.08594	0.00325902
1.12548	0.00351956
1.15098	0.00503108
 FCN=6.50456 FROM MIGRAD    STATUS=CONVERGED      36 CALLS          37 TOTAL
                     EDM=2.56579e-16    STRATEGY= 1      ERROR MATRIX ACCURATE 
  EXT PARAMETER                                   STEP         FIRST   
  NO.   NAME      VALUE            ERROR          SIZE      DERIVATIVE 
   1  p0           1.06413e+00   1.77772e-03   1.71478e-06   4.00639e-06
   2  p1           2.40125e-02   1.25910e-03   1.21452e-06  -1.36040e-05
SaveSource cannot open file: /home/zhangfy/nl_target/toyMC/results/data_17374.C
1.06668	0.00392071
1.07166	0.00352592
1.07565	0.00350968
1.07845	0.0035061
1.0802	0.00342289
1.09997	0.00330112
1.11686	0.0034926
1.14225	0.00499292
 FCN=9.78089 FROM MIGRAD    STATUS=CONVERGED      36 CALLS          37 TOTAL
                     EDM=6.70142e-18    STRATEGY= 1      ERROR MATRIX ACCURATE 
  EXT PARAMETER                                   STEP         FIRST   
  NO.   NAME      VALUE            ERROR          SIZE      DERIVATIVE 
   1  p0           1.06872e+00   1.78016e-03   2.05741e-06   2.74128e-06
   2  p1           2.04053e-02   1.25273e-03   1.44783e-06   3.50897e-06
SaveSource cannot open file: /home/zhangfy/nl_target/toyMC/results/data_17375.C
1.07034	0.00393414
1.07362	0.00353237
1.07652	0.00351253
1.07671	0.00350043
1.07997	0.00342214
1.09928	0.00329904
1.12298	0.00351173
1.15575	0.00505197
 FCN=5.73083 FROM MIGRAD    STATUS=CONVERGED      36 CALLS          37 TOTAL
                     EDM=1.89812e-16    STRATEGY= 1      ERROR MATRIX ACCURATE 
  EXT PARAMETER                                   STEP         FIRST   
  NO.   NAME      VALUE            ERROR          SIZE      DERIVATIVE 
   1  p0           1.06789e+00   1.78346e-03   1.62870e-06   9.57051e-06
   2  p1           2.33922e-02   1.26195e-03   1.15244e-06  -2.59723e-06
SaveSource cannot open file: /home/zhangfy/nl_target/toyMC/results/data_17376.C
1.06966	0.00393165
1.074	0.00353361
1.07168	0.00349672
1.07858	0.00350652
1.07756	0.00341451
1.0883	0.00326611
1.11766	0.00349508
1.14949	0.00502459
 FCN=2.70474 FROM MIGRAD    STATUS=CONVERGED      34 CALLS          35 TOTAL
                     EDM=6.32005e-17    STRATEGY= 1      ERROR MATRIX ACCURATE 
  EXT PARAMETER                                   STEP         FIRST   
  NO.   NAME      VALUE            ERROR          SIZE      DERIVATIVE 
   1  p0           1.06613e+00   1.77978e-03   1.20443e-06   1.90436e-06
   2  p1           2.15705e-02   1.25671e-03   8.50452e-07  -6.86145e-06
SaveSource cannot open file: /home/zhangfy/nl_target/toyMC/results/data_17377.C
1.07142	0.00393811
1.07498	0.00353683
1.06831	0.00348573
1.08343	0.00352229
1.08348	0.00343326
1.09838	0.00329633
1.12428	0.00351578
1.14756	0.00501615
 FCN=7.77297 FROM MIGRAD    STATUS=CONVERGED      36 CALLS          37 TOTAL
                     EDM=6.71367e-16    STRATEGY= 1      ERROR MATRIX ACCURATE 
  EXT PARAMETER                                   STEP         FIRST   
  NO.   NAME      VALUE            ERROR          SIZE      DERIVATIVE 
   1  p0           1.06915e+00   1.78287e-03   1.85962e-06  -1.34902e-05
   2  p1           2.21880e-02   1.25816e-03   1.31232e-06   1.24125e-05
SaveSource cannot open file: /home/zhangfy/nl_target/toyMC/results/data_17378.C
1.07032	0.00393409
1.06776	0.0035131
1.07534	0.00350868
1.0771	0.00350168
1.08008	0.00342249
1.09938	0.00329936
1.12028	0.00350327
1.1427	0.0049949
 FCN=8.81104 FROM MIGRAD    STATUS=CONVERGED      36 CALLS          37 TOTAL
                     EDM=2.7096e-17    STRATEGY= 1      ERROR MATRIX ACCURATE 
  EXT PARAMETER                                   STEP         FIRST   
  NO.   NAME      VALUE            ERROR          SIZE      DERIVATIVE 
   1  p0           1.06786e+00   1.77951e-03   1.96271e-06   3.06587e-06
   2  p1           2.13148e-02   1.25394e-03   1.38303e-06   7.97610e-06
SaveSource cannot open file: /home/zhangfy/nl_target/toyMC/results/data_17379.C
1.06823	0.0039264
1.07653	0.00354194
1.07893	0.00352038
1.0833	0.00352185
1.08583	0.00344071
1.08963	0.00327008
1.11174	0.00347658
1.14835	0.00501958
 FCN=9.65554 FROM MIGRAD    STATUS=CONVERGED      36 CALLS          37 TOTAL
                     EDM=4.28309e-16    STRATEGY= 1      ERROR MATRIX ACCURATE 
  EXT PARAMETER                                   STEP         FIRST   
  NO.   NAME      VALUE            ERROR          SIZE      DERIVATIVE 
   1  p0           1.07109e+00   1.78523e-03   2.04698e-06   2.10331e-05
   2  p1           1.88143e-02   1.25514e-03   1.43917e-06   1.18030e-05
SaveSource cannot open file: /home/zhangfy/nl_target/toyMC/results/data_17380.C
1.07295	0.00394376
1.07516	0.00353744
1.07661	0.0035128
1.07726	0.00350223
1.08549	0.00343963
1.09468	0.00328524
1.11464	0.00348564
1.14463	0.00500333
 FCN=3.83376 FROM MIGRAD    STATUS=CONVERGED      34 CALLS          35 TOTAL
                     EDM=1.53528e-17    STRATEGY= 1      ERROR MATRIX ACCURATE 
  EXT PARAMETER                                   STEP         FIRST   
  NO.   NAME      VALUE            ERROR          SIZE      DERIVATIVE 
   1  p0           1.07086e+00   1.78406e-03   1.37880e-06   2.63706e-06
   2  p1           1.91477e-02   1.25416e-03   9.69272e-07   6.10051e-06
SaveSource cannot open file: /home/zhangfy/nl_target/toyMC/results/data_17381.C
1.06339	0.0039086
1.0744	0.00353494
1.07296	0.0035009
1.08062	0.00351313
1.08062	0.00342422
1.09928	0.00329906
1.11613	0.0034903
1.14167	0.0049904
 FCN=12.1098 FROM MIGRAD    STATUS=CONVERGED      36 CALLS          37 TOTAL
                     EDM=2.94065e-16    STRATEGY= 1      ERROR MATRIX ACCURATE 
  EXT PARAMETER                                   STEP         FIRST   
  NO.   NAME      VALUE            ERROR          SIZE      DERIVATIVE 
   1  p0           1.06861e+00   1.77970e-03   2.26826e-06  -9.47594e-06
   2  p1           2.02649e-02   1.25204e-03   1.59575e-06   7.42491e-06
SaveSource cannot open file: /home/zhangfy/nl_target/toyMC/results/data_17382.C
1.06964	0.00393159
1.07109	0.00352405
1.07575	0.00351001
1.0824	0.00351891
1.08108	0.00342567
1.0923	0.0032781
1.11557	0.00348857
1.14806	0.00501834
 FCN=3.38095 FROM MIGRAD    STATUS=CONVERGED      36 CALLS          37 TOTAL
                     EDM=1.74729e-16    STRATEGY= 1      ERROR MATRIX ACCURATE 
  EXT PARAMETER                                   STEP         FIRST   
  NO.   NAME      VALUE            ERROR          SIZE      DERIVATIVE 
   1  p0           1.06855e+00   1.78191e-03   1.31146e-06  -1.73205e-06
   2  p1           2.05282e-02   1.25555e-03   9.24068e-07   1.30778e-05
SaveSource cannot open file: /home/zhangfy/nl_target/toyMC/results/data_17383.C
1.0679	0.0039252
1.0721	0.00352736
1.0677	0.00348374
1.07279	0.0034877
1.07868	0.00341804
1.09384	0.00328271
1.12068	0.00350455
1.1546	0.00504692
 FCN=4.75773 FROM MIGRAD    STATUS=CONVERGED      36 CALLS          37 TOTAL
                     EDM=9.30409e-17    STRATEGY= 1      ERROR MATRIX ACCURATE 
  EXT PARAMETER                                   STEP         FIRST   
  NO.   NAME      VALUE            ERROR          SIZE      DERIVATIVE 
   1  p0           1.06363e+00   1.77749e-03   1.50143e-06  -6.84579e-06
   2  p1           2.40979e-02   1.25948e-03   1.06387e-06   1.59875e-06
SaveSource cannot open file: /home/zhangfy/nl_target/toyMC/results/data_17384.C
1.07232	0.00394141
1.07309	0.00353063
1.06948	0.00348957
1.08591	0.00353035
1.08313	0.00343217
1.09539	0.00328737
1.12062	0.00350433
1.14457	0.00500307
 FCN=6.55399 FROM MIGRAD    STATUS=CONVERGED      36 CALLS          37 TOTAL
                     EDM=3.6036e-15    STRATEGY= 1      ERROR MATRIX ACCURATE 
  EXT PARAMETER                                   STEP         FIRST   
  NO.   NAME      VALUE            ERROR          SIZE      DERIVATIVE 
   1  p0           1.06967e+00   1.78263e-03   1.72428e-06   4.59663e-05
   2  p1           2.07973e-02   1.25554e-03   1.21445e-06  -3.33311e-06
SaveSource cannot open file: /home/zhangfy/nl_target/toyMC/results/data_17385.C
1.07361	0.00394617
1.06953	0.00351892
1.07121	0.00349521
1.07528	0.00349578
1.07972	0.00342135
1.09652	0.00329078
1.12206	0.00350884
1.14448	0.00500268
 FCN=5.62694 FROM MIGRAD    STATUS=CONVERGED      36 CALLS          37 TOTAL
                     EDM=1.0767e-16    STRATEGY= 1      ERROR MATRIX ACCURATE 
  EXT PARAMETER                                   STEP         FIRST   
  NO.   NAME      VALUE            ERROR          SIZE      DERIVATIVE 
   1  p0           1.06689e+00   1.77925e-03   1.61255e-06   4.57844e-06
   2  p1           2.19488e-02   1.25548e-03   1.13785e-06  -6.21531e-06
SaveSource cannot open file: /home/zhangfy/nl_target/toyMC/results/data_17386.C
1.07138	0.00393796
1.07449	0.00353524
1.07288	0.00350066
1.08163	0.00351641
1.08353	0.00343342
1.09036	0.00327229
1.11781	0.00349556
1.14743	0.00501558
 FCN=1.80292 FROM MIGRAD    STATUS=CONVERGED      36 CALLS          37 TOTAL
                     EDM=7.90538e-17    STRATEGY= 1      ERROR MATRIX ACCURATE 
  EXT PARAMETER                                   STEP         FIRST   
  NO.   NAME      VALUE            ERROR          SIZE      DERIVATIVE 
   1  p0           1.06901e+00   1.78276e-03   1.04944e-06   3.57018e-06
   2  p1           2.05265e-02   1.25621e-03   7.39482e-07   1.28366e-05
SaveSource cannot open file: /home/zhangfy/nl_target/toyMC/results/data_17387.C
1.0718	0.00393951
1.06497	0.0035039
1.07474	0.00350671
1.07568	0.00349709
1.08647	0.00344274
1.09238	0.00327835
1.1167	0.0034921
1.15234	0.00503706
 FCN=9.75028 FROM MIGRAD    STATUS=CONVERGED      36 CALLS          37 TOTAL
                     EDM=2.0092e-15    STRATEGY= 1      ERROR MATRIX ACCURATE 
  EXT PARAMETER                                   STEP         FIRST   
  NO.   NAME      VALUE            ERROR          SIZE      DERIVATIVE 
   1  p0           1.06654e+00   1.78022e-03   2.05351e-06  -1.59620e-05
   2  p1           2.21319e-02   1.25748e-03   1.45053e-06   3.20392e-05
SaveSource cannot open file: /home/zhangfy/nl_target/toyMC/results/data_17388.C
1.07263	0.00394256
1.07651	0.00354188
1.06967	0.00349018
1.07897	0.00350778
1.08748	0.00344596
1.09241	0.00327843
1.11544	0.00348814
1.15018	0.00502758
 FCN=8.58403 FROM MIGRAD    STATUS=CONVERGED      36 CALLS          37 TOTAL
                     EDM=3.49295e-15    STRATEGY= 1      ERROR MATRIX ACCURATE 
  EXT PARAMETER                                   STEP         FIRST   
  NO.   NAME      VALUE            ERROR          SIZE      DERIVATIVE 
   1  p0           1.06934e+00   1.78351e-03   1.94115e-06   7.88364e-06
   2  p1           2.05198e-02   1.25685e-03   1.36794e-06   7.37746e-05
SaveSource cannot open file: /home/zhangfy/nl_target/toyMC/results/data_17389.C
1.07116	0.00393715
1.07337	0.00353156
1.0772	0.00351473
1.07963	0.00350993
1.08999	0.00345389
1.0944	0.0032844
1.1181	0.00349646
1.14085	0.00498682
 FCN=4.97386 FROM MIGRAD    STATUS=CONVERGED      36 CALLS          37 TOTAL
                     EDM=2.03105e-16    STRATEGY= 1      ERROR MATRIX ACCURATE 
  EXT PARAMETER                                   STEP         FIRST   
  NO.   NAME      VALUE            ERROR          SIZE      DERIVATIVE 
   1  p0           1.07167e+00   1.78416e-03   1.53389e-06  -1.01447e-05
   2  p1           1.91002e-02   1.25327e-03   1.07747e-06   2.24627e-06
SaveSource cannot open file: /home/zhangfy/nl_target/toyMC/results/data_17390.C
1.07027	0.00393391
1.06955	0.00351897
1.07608	0.0035111
1.08062	0.00351313
1.07504	0.00340654
1.09126	0.00327497
1.11745	0.00349443
1.13869	0.00497737
 FCN=4.37509 FROM MIGRAD    STATUS=CONVERGED      36 CALLS          37 TOTAL
                     EDM=1.46916e-15    STRATEGY= 1      ERROR MATRIX ACCURATE 
  EXT PARAMETER                                   STEP         FIRST   
  NO.   NAME      VALUE            ERROR          SIZE      DERIVATIVE 
   1  p0           1.06762e+00   1.77869e-03   1.45041e-06  -4.21308e-05
   2  p1           1.97456e-02   1.25121e-03   1.02028e-06  -4.55069e-05
SaveSource cannot open file: /home/zhangfy/nl_target/toyMC/results/data_17391.C
1.07027	0.00393391
1.07089	0.0035234
1.07925	0.00352142
1.07757	0.00350321
1.07738	0.00341393
1.08752	0.00326377
1.11674	0.00349222
1.15624	0.0050541
 FCN=9.52952 FROM MIGRAD    STATUS=CONVERGED      36 CALLS          37 TOTAL
                     EDM=3.60849e-16    STRATEGY= 1      ERROR MATRIX ACCURATE 
  EXT PARAMETER                                   STEP         FIRST   
  NO.   NAME      VALUE            ERROR          SIZE      DERIVATIVE 
   1  p0           1.06624e+00   1.78173e-03   2.03180e-06  -1.49283e-06
   2  p1           2.21550e-02   1.26002e-03   1.43687e-06  -2.27319e-05
SaveSource cannot open file: /home/zhangfy/nl_target/toyMC/results/data_17392.C
1.06988	0.00393246
1.07768	0.00354574
1.0699	0.00349094
1.0751	0.0034952
1.08334	0.00343281
1.08922	0.00326887
1.12028	0.00350328
1.1438	0.00499973
 FCN=5.51006 FROM MIGRAD    STATUS=CONVERGED      36 CALLS          37 TOTAL
                     EDM=2.55267e-16    STRATEGY= 1      ERROR MATRIX ACCURATE 
  EXT PARAMETER                                   STEP         FIRST   
  NO.   NAME      VALUE            ERROR          SIZE      DERIVATIVE 
   1  p0           1.06756e+00   1.78035e-03   1.59769e-06   8.73617e-06
   2  p1           2.08539e-02   1.25493e-03   1.12617e-06  -7.03887e-06
SaveSource cannot open file: /home/zhangfy/nl_target/toyMC/results/data_17393.C
1.06367	0.00390962
1.07515	0.00353739
1.07529	0.0035085
1.08164	0.00351644
1.08324	0.00343251
1.08907	0.00326842
1.11558	0.00348859
1.14586	0.0050087
 FCN=6.57697 FROM MIGRAD    STATUS=CONVERGED      36 CALLS          37 TOTAL
                     EDM=2.31857e-15    STRATEGY= 1      ERROR MATRIX ACCURATE 
  EXT PARAMETER                                   STEP         FIRST   
  NO.   NAME      VALUE            ERROR          SIZE      DERIVATIVE 
   1  p0           1.06825e+00   1.78102e-03   1.72377e-06   2.78687e-05
   2  p1           2.02133e-02   1.25427e-03   1.21395e-06  -1.87538e-05
SaveSource cannot open file: /home/zhangfy/nl_target/toyMC/results/data_17394.C
1.0677	0.00392444
1.07309	0.00353063
1.0729	0.00350071
1.07772	0.00350372
1.08656	0.00344304
1.09032	0.00327216
1.12089	0.00350519
1.14852	0.00502036
 FCN=3.25223 FROM MIGRAD    STATUS=CONVERGED      36 CALLS          37 TOTAL
                     EDM=7.39136e-16    STRATEGY= 1      ERROR MATRIX ACCURATE 
  EXT PARAMETER                                   STEP         FIRST   
  NO.   NAME      VALUE            ERROR          SIZE      DERIVATIVE 
   1  p0           1.06751e+00   1.78112e-03   1.29233e-06   4.97841e-06
   2  p1           2.18504e-02   1.25726e-03   9.12232e-07  -2.52658e-05
SaveSource cannot open file: /home/zhangfy/nl_target/toyMC/results/data_17395.C
1.07007	0.00393317
1.07511	0.00353726
1.07617	0.00351137
1.07712	0.00350176
1.07806	0.00341611
1.08877	0.00326751
1.11444	0.00348501
1.14652	0.00501161
 FCN=3.78876 FROM MIGRAD    STATUS=CONVERGED      36 CALLS          37 TOTAL
                     EDM=9.01395e-16    STRATEGY= 1      ERROR MATRIX ACCURATE 
  EXT PARAMETER                                   STEP         FIRST   
  NO.   NAME      VALUE            ERROR          SIZE      DERIVATIVE 
   1  p0           1.06780e+00   1.78106e-03   1.36953e-06   2.14906e-05
   2  p1           1.99773e-02   1.25460e-03   9.64709e-07  -4.57113e-06
SaveSource cannot open file: /home/zhangfy/nl_target/toyMC/results/data_17396.C
1.07063	0.00393521
1.07122	0.00352449
1.07761	0.00351607
1.08131	0.00351538
1.08058	0.00342408
1.09334	0.00328124
1.11608	0.00349016
1.13715	0.00497065
 FCN=2.39832 FROM MIGRAD    STATUS=CONVERGED      36 CALLS          37 TOTAL
                     EDM=1.0679e-16    STRATEGY= 1      ERROR MATRIX ACCURATE 
  EXT PARAMETER                                   STEP         FIRST   
  NO.   NAME      VALUE            ERROR          SIZE      DERIVATIVE 
   1  p0           1.07010e+00   1.78121e-03   1.15474e-06   5.11224e-06
   2  p1           1.86232e-02   1.25043e-03   8.10640e-07   1.54966e-05
SaveSource cannot open file: /home/zhangfy/nl_target/toyMC/results/data_17397.C
1.06503	0.00391465
1.07811	0.00354713
1.07007	0.00349149
1.07965	0.00350998
1.08227	0.00342942
1.09387	0.00328281
1.12224	0.00350941
1.15247	0.00503759
 FCN=6.62766 FROM MIGRAD    STATUS=CONVERGED      36 CALLS          37 TOTAL
                     EDM=5.26019e-16    STRATEGY= 1      ERROR MATRIX ACCURATE 
  EXT PARAMETER                                   STEP         FIRST   
  NO.   NAME      VALUE            ERROR          SIZE      DERIVATIVE 
   1  p0           1.06709e+00   1.78155e-03   1.73182e-06  -1.60845e-05
   2  p1           2.29200e-02   1.25966e-03   1.22449e-06   4.08549e-06
SaveSource cannot open file: /home/zhangfy/nl_target/toyMC/results/data_17398.C
1.07283	0.00394331
1.07238	0.00352829
1.07339	0.0035023
1.08089	0.00351401
1.07875	0.00341827
1.09186	0.00327679
1.12361	0.00351369
1.15288	0.00503939
 FCN=1.55466 FROM MIGRAD    STATUS=CONVERGED      36 CALLS          37 TOTAL
                     EDM=4.09804e-17    STRATEGY= 1      ERROR MATRIX ACCURATE 
  EXT PARAMETER                                   STEP         FIRST   
  NO.   NAME      VALUE            ERROR          SIZE      DERIVATIVE 
   1  p0           1.06722e+00   1.78241e-03   1.00234e-06  -2.81434e-06
   2  p1           2.28950e-02   1.26068e-03   7.08945e-07   3.82501e-06
SaveSource cannot open file: /home/zhangfy/nl_target/toyMC/results/data_17399.C
