000 (8910102.000.000) 08/30 16:47:32 Job submitted from host: <10.10.47.121:35195>
...
001 (8910102.000.000) 08/30 16:47:46 Job executing on host: <10.10.47.133:33000>
...
006 (8910102.000.000) 08/30 16:47:55 Image size of job updated: 256356
	29  -  MemoryUsage of job (MB)
	29472  -  ResidentSetSize of job (KB)
...
006 (8910102.000.000) 08/30 16:48:52 Image size of job updated: 315628
	29  -  MemoryUsage of job (MB)
	29472  -  ResidentSetSize of job (KB)
...
005 (8910102.000.000) 08/30 16:48:54 Job terminated.
	(1) Normal termination (return value 0)
		Usr 0 00:00:00, Sys 0 00:00:00  -  Run Remote Usage
		Usr 0 00:00:00, Sys 0 00:00:00  -  Run Local Usage
		Usr 0 00:00:00, Sys 0 00:00:00  -  Total Remote Usage
		Usr 0 00:00:00, Sys 0 00:00:00  -  Total Local Usage
	91391  -  Run Bytes Sent By Job
	4013  -  Run Bytes Received By Job
	91391  -  Total Bytes Sent By Job
	4013  -  Total Bytes Received By Job
	Partitionable Resources :    Usage  Request          
	   Cpus                 :                 1          
	   Disk (KB)            :      105      105          
	   Memory (MB)          :       29       29          
...
