1.07131	0.0039377
1.07516	0.00353744
1.07454	0.00350606
1.08347	0.00352241
1.08229	0.00342948
1.09193	0.003277
1.11936	0.00350041
1.14434	0.00500206
 FCN=1.15051 FROM MIGRAD    STATUS=CONVERGED      38 CALLS          39 TOTAL
                     EDM=6.24721e-16    STRATEGY= 1      ERROR MATRIX ACCURATE 
  EXT PARAMETER                                   STEP         FIRST   
  NO.   NAME      VALUE            ERROR          SIZE      DERIVATIVE 
   1  p0           1.07008e+00   1.78348e-03   9.19761e-07   5.30117e-06
   2  p1           2.00711e-02   1.25538e-03   6.47415e-07  -2.24046e-05
SaveSource cannot open file: /home/zhangfy/nl_target/toyMC/results/data_17500.C
1.06807	0.00392581
1.07066	0.00352263
1.07309	0.00350133
1.0748	0.00349423
1.08412	0.0034353
1.09017	0.0032717
1.11567	0.00348887
1.1481	0.00501851
 FCN=3.65365 FROM MIGRAD    STATUS=CONVERGED      34 CALLS          35 TOTAL
                     EDM=1.91734e-15    STRATEGY= 1      ERROR MATRIX ACCURATE 
  EXT PARAMETER                                   STEP         FIRST   
  NO.   NAME      VALUE            ERROR          SIZE      DERIVATIVE 
   1  p0           1.06637e+00   1.77909e-03   1.34980e-06  -3.26658e-05
   2  p1           2.12410e-02   1.25504e-03   9.52208e-07   4.23938e-06
SaveSource cannot open file: /home/zhangfy/nl_target/toyMC/results/data_17501.C
1.07787	0.00396184
1.06608	0.00350756
1.07278	0.00350032
1.08379	0.00352345
1.08434	0.003436
1.08985	0.00327075
1.11377	0.00348293
1.15053	0.00502914
 FCN=13.2877 FROM MIGRAD    STATUS=CONVERGED      36 CALLS          37 TOTAL
                     EDM=1.11884e-15    STRATEGY= 1      ERROR MATRIX ACCURATE 
  EXT PARAMETER                                   STEP         FIRST   
  NO.   NAME      VALUE            ERROR          SIZE      DERIVATIVE 
   1  p0           1.06867e+00   1.78269e-03   2.36835e-06  -8.16980e-06
   2  p1           2.03785e-02   1.25632e-03   1.66905e-06   2.86695e-05
SaveSource cannot open file: /home/zhangfy/nl_target/toyMC/results/data_17502.C
1.07281	0.00394322
1.07136	0.00352493
1.07356	0.00350285
1.07506	0.00349508
1.07854	0.0034176
1.09819	0.00329578
1.12153	0.0035072
1.15059	0.00502941
 FCN=6.16073 FROM MIGRAD    STATUS=CONVERGED      36 CALLS          37 TOTAL
                     EDM=1.27814e-16    STRATEGY= 1      ERROR MATRIX ACCURATE 
  EXT PARAMETER                                   STEP         FIRST   
  NO.   NAME      VALUE            ERROR          SIZE      DERIVATIVE 
   1  p0           1.06705e+00   1.78100e-03   1.67754e-06  -1.14785e-05
   2  p1           2.26630e-02   1.25861e-03   1.18550e-06  -6.33076e-06
SaveSource cannot open file: /home/zhangfy/nl_target/toyMC/results/data_17503.C
1.06764	0.00392423
1.06979	0.00351976
1.07246	0.00349926
1.07556	0.00349668
1.08866	0.00344968
1.09552	0.00328777
1.12212	0.00350903
1.14806	0.00501834
 FCN=7.5806 FROM MIGRAD    STATUS=CONVERGED      36 CALLS          37 TOTAL
                     EDM=2.34581e-16    STRATEGY= 1      ERROR MATRIX ACCURATE 
  EXT PARAMETER                                   STEP         FIRST   
  NO.   NAME      VALUE            ERROR          SIZE      DERIVATIVE 
   1  p0           1.06729e+00   1.78024e-03   1.83648e-06   2.69624e-06
   2  p1           2.25019e-02   1.25706e-03   1.29678e-06  -1.43643e-05
SaveSource cannot open file: /home/zhangfy/nl_target/toyMC/results/data_17504.C
1.06788	0.00392511
1.07249	0.00352866
1.07388	0.00350392
1.07808	0.00350487
1.08201	0.00342862
1.09747	0.00329361
1.1192	0.00349992
1.14728	0.00501493
 FCN=4.26035 FROM MIGRAD    STATUS=CONVERGED      36 CALLS          37 TOTAL
                     EDM=1.93487e-15    STRATEGY= 1      ERROR MATRIX ACCURATE 
  EXT PARAMETER                                   STEP         FIRST   
  NO.   NAME      VALUE            ERROR          SIZE      DERIVATIVE 
   1  p0           1.06804e+00   1.78095e-03   1.43774e-06   3.15057e-06
   2  p1           2.15797e-02   1.25606e-03   1.01401e-06  -4.63246e-05
SaveSource cannot open file: /home/zhangfy/nl_target/toyMC/results/data_17505.C
1.07585	0.0039544
1.07468	0.00353586
1.07406	0.0035045
1.08089	0.00351402
1.08316	0.00343225
1.09324	0.00328093
1.12179	0.00350799
1.15839	0.00506347
 FCN=3.48561 FROM MIGRAD    STATUS=CONVERGED      36 CALLS          37 TOTAL
                     EDM=3.31066e-15    STRATEGY= 1      ERROR MATRIX ACCURATE 
  EXT PARAMETER                                   STEP         FIRST   
  NO.   NAME      VALUE            ERROR          SIZE      DERIVATIVE 
   1  p0           1.06903e+00   1.78602e-03   1.33022e-06  -4.25906e-05
   2  p1           2.27370e-02   1.26341e-03   9.40983e-07   5.85208e-06
SaveSource cannot open file: /home/zhangfy/nl_target/toyMC/results/data_17506.C
1.0718	0.00393953
1.06602	0.00350737
1.07703	0.00351418
1.07518	0.00349546
1.07671	0.00341183
1.0961	0.00328949
1.1139	0.00348333
1.13816	0.00497504
 FCN=10.309 FROM MIGRAD    STATUS=CONVERGED      36 CALLS          37 TOTAL
                     EDM=2.07059e-15    STRATEGY= 1      ERROR MATRIX ACCURATE 
  EXT PARAMETER                                   STEP         FIRST   
  NO.   NAME      VALUE            ERROR          SIZE      DERIVATIVE 
   1  p0           1.06747e+00   1.77768e-03   2.10296e-06  -4.24458e-06
   2  p1           1.94324e-02   1.24956e-03   1.47821e-06  -5.55033e-05
SaveSource cannot open file: /home/zhangfy/nl_target/toyMC/results/data_17507.C
1.07127	0.00393757
1.07073	0.00352285
1.07292	0.00350079
1.08085	0.00351388
1.08561	0.00344003
1.08822	0.00326586
1.11417	0.00348417
1.14752	0.00501597
 FCN=5.27303 FROM MIGRAD    STATUS=CONVERGED      36 CALLS          37 TOTAL
                     EDM=3.66182e-17    STRATEGY= 1      ERROR MATRIX ACCURATE 
  EXT PARAMETER                                   STEP         FIRST   
  NO.   NAME      VALUE            ERROR          SIZE      DERIVATIVE 
   1  p0           1.06827e+00   1.78145e-03   1.56835e-06  -6.26487e-06
   2  p1           2.01234e-02   1.25475e-03   1.10465e-06  -8.52275e-06
SaveSource cannot open file: /home/zhangfy/nl_target/toyMC/results/data_17508.C
1.06768	0.00392438
1.07238	0.0035283
1.07547	0.00350911
1.0781	0.00350495
1.08413	0.00343531
1.08933	0.0032692
1.1175	0.00349459
1.1425	0.00499401
 FCN=1.85809 FROM MIGRAD    STATUS=CONVERGED      36 CALLS          37 TOTAL
                     EDM=2.9173e-15    STRATEGY= 1      ERROR MATRIX ACCURATE 
  EXT PARAMETER                                   STEP         FIRST   
  NO.   NAME      VALUE            ERROR          SIZE      DERIVATIVE 
   1  p0           1.06820e+00   1.78034e-03   1.05852e-06  -1.02208e-05
   2  p1           2.00923e-02   1.25323e-03   7.45125e-07   4.99740e-05
SaveSource cannot open file: /home/zhangfy/nl_target/toyMC/results/data_17509.C
1.07012	0.00393335
1.07072	0.00352284
1.076	0.00351081
1.08305	0.00352103
1.08009	0.00342252
1.09323	0.00328089
1.12226	0.00350947
1.14536	0.00500654
 FCN=2.26447 FROM MIGRAD    STATUS=CONVERGED      36 CALLS          37 TOTAL
                     EDM=6.04663e-17    STRATEGY= 1      ERROR MATRIX ACCURATE 
  EXT PARAMETER                                   STEP         FIRST   
  NO.   NAME      VALUE            ERROR          SIZE      DERIVATIVE 
   1  p0           1.06858e+00   1.78181e-03   1.13295e-06  -1.97406e-06
   2  p1           2.13598e-02   1.25638e-03   7.98855e-07   6.57639e-06
SaveSource cannot open file: /home/zhangfy/nl_target/toyMC/results/data_17510.C
1.07597	0.00395483
1.06507	0.00350423
1.07909	0.00352089
1.08361	0.00352286
1.07936	0.00342021
1.08716	0.00326269
1.11278	0.00347984
1.15345	0.00504191
 FCN=18.1675 FROM MIGRAD    STATUS=CONVERGED      36 CALLS          37 TOTAL
                     EDM=2.08582e-16    STRATEGY= 1      ERROR MATRIX ACCURATE 
  EXT PARAMETER                                   STEP         FIRST   
  NO.   NAME      VALUE            ERROR          SIZE      DERIVATIVE 
   1  p0           1.06790e+00   1.78273e-03   2.74167e-06  -1.37033e-05
   2  p1           2.05697e-02   1.25752e-03   1.93395e-06  -2.17687e-05
SaveSource cannot open file: /home/zhangfy/nl_target/toyMC/results/data_17511.C
1.08101	0.00397338
1.07185	0.00352655
1.07324	0.00350183
1.0775	0.00350301
1.08359	0.00343362
1.09452	0.00328476
1.12512	0.00351841
1.14861	0.00502073
 FCN=6.70816 FROM MIGRAD    STATUS=CONVERGED      34 CALLS          35 TOTAL
                     EDM=1.68251e-15    STRATEGY= 1      ERROR MATRIX ACCURATE 
  EXT PARAMETER                                   STEP         FIRST   
  NO.   NAME      VALUE            ERROR          SIZE      DERIVATIVE 
   1  p0           1.06956e+00   1.78453e-03   1.74325e-06   3.02194e-05
   2  p1           2.18587e-02   1.25963e-03   1.23049e-06  -4.50768e-06
SaveSource cannot open file: /home/zhangfy/nl_target/toyMC/results/data_17512.C
1.07321	0.00394469
1.07639	0.00354148
1.07491	0.00350727
1.07715	0.00350186
1.08257	0.00343037
1.09245	0.00327855
1.12214	0.00350909
1.15343	0.0050418
 FCN=2.27012 FROM MIGRAD    STATUS=CONVERGED      36 CALLS          37 TOTAL
                     EDM=3.46698e-17    STRATEGY= 1      ERROR MATRIX ACCURATE 
  EXT PARAMETER                                   STEP         FIRST   
  NO.   NAME      VALUE            ERROR          SIZE      DERIVATIVE 
   1  p0           1.06864e+00   1.78438e-03   1.13483e-06   4.55969e-06
   2  p1           2.21970e-02   1.26092e-03   8.01920e-07   9.16787e-06
SaveSource cannot open file: /home/zhangfy/nl_target/toyMC/results/data_17513.C
1.07464	0.00394995
1.0739	0.00353328
1.0741	0.00350463
1.07914	0.00350833
1.09233	0.0034613
1.09857	0.00329693
1.11799	0.00349613
1.14585	0.00500869
 FCN=10.2151 FROM MIGRAD    STATUS=CONVERGED      36 CALLS          37 TOTAL
                     EDM=1.24577e-15    STRATEGY= 1      ERROR MATRIX ACCURATE 
  EXT PARAMETER                                   STEP         FIRST   
  NO.   NAME      VALUE            ERROR          SIZE      DERIVATIVE 
   1  p0           1.07217e+00   1.78582e-03   2.10404e-06  -7.93605e-06
   2  p1           1.98454e-02   1.25590e-03   1.47969e-06  -4.67291e-05
SaveSource cannot open file: /home/zhangfy/nl_target/toyMC/results/data_17514.C
1.06528	0.00391554
1.07376	0.00353284
1.07441	0.00350565
1.08298	0.00352082
1.07532	0.00340742
1.08896	0.00326808
1.12294	0.00351161
1.15434	0.00504578
 FCN=7.3616 FROM MIGRAD    STATUS=CONVERGED      36 CALLS          37 TOTAL
                     EDM=7.65721e-16    STRATEGY= 1      ERROR MATRIX ACCURATE 
  EXT PARAMETER                                   STEP         FIRST   
  NO.   NAME      VALUE            ERROR          SIZE      DERIVATIVE 
   1  p0           1.06556e+00   1.78059e-03   1.81149e-06   1.78716e-05
   2  p1           2.34257e-02   1.26074e-03   1.28261e-06  -7.65187e-06
SaveSource cannot open file: /home/zhangfy/nl_target/toyMC/results/data_17515.C
1.07428	0.00394864
1.07288	0.00352995
1.07128	0.00349542
1.06963	0.0034774
1.08488	0.0034377
1.09344	0.00328153
1.12256	0.00351041
1.15219	0.00503638
 FCN=9.84288 FROM MIGRAD    STATUS=CONVERGED      36 CALLS          37 TOTAL
                     EDM=3.70831e-17    STRATEGY= 1      ERROR MATRIX ACCURATE 
  EXT PARAMETER                                   STEP         FIRST   
  NO.   NAME      VALUE            ERROR          SIZE      DERIVATIVE 
   1  p0           1.06643e+00   1.78099e-03   2.06372e-06  -5.68958e-06
   2  p1           2.30129e-02   1.25976e-03   1.45975e-06  -9.19969e-06
SaveSource cannot open file: /home/zhangfy/nl_target/toyMC/results/data_17516.C
1.06669	0.00392072
1.06611	0.00350765
1.0729	0.00350072
1.07488	0.00349447
1.08056	0.00342403
1.09425	0.00328394
1.11613	0.00349032
1.14945	0.00502441
 FCN=5.41039 FROM MIGRAD    STATUS=CONVERGED      34 CALLS          35 TOTAL
                     EDM=2.49507e-16    STRATEGY= 1      ERROR MATRIX ACCURATE 
  EXT PARAMETER                                   STEP         FIRST   
  NO.   NAME      VALUE            ERROR          SIZE      DERIVATIVE 
   1  p0           1.06476e+00   1.77692e-03   1.58347e-06  -7.67740e-06
   2  p1           2.23734e-02   1.25527e-03   1.11861e-06   8.44619e-06
SaveSource cannot open file: /home/zhangfy/nl_target/toyMC/results/data_17517.C
1.06944	0.00393083
1.06923	0.00351791
1.07547	0.0035091
1.08404	0.00352427
1.08167	0.00342753
1.08793	0.00326497
1.12013	0.0035028
1.15104	0.00503136
 FCN=4.85987 FROM MIGRAD    STATUS=CONVERGED      36 CALLS          37 TOTAL
                     EDM=3.36114e-15    STRATEGY= 1      ERROR MATRIX ACCURATE 
  EXT PARAMETER                                   STEP         FIRST   
  NO.   NAME      VALUE            ERROR          SIZE      DERIVATIVE 
   1  p0           1.06729e+00   1.78162e-03   1.51690e-06   1.76843e-05
   2  p1           2.19411e-02   1.25835e-03   1.07138e-06  -4.52431e-05
SaveSource cannot open file: /home/zhangfy/nl_target/toyMC/results/data_17518.C
1.06597	0.00391807
1.07959	0.00355203
1.07431	0.00350531
1.07865	0.00350672
1.07719	0.00341334
1.09387	0.00328281
1.1162	0.00349052
1.14952	0.00502473
 FCN=9.9266 FROM MIGRAD    STATUS=CONVERGED      36 CALLS          37 TOTAL
                     EDM=9.00135e-16    STRATEGY= 1      ERROR MATRIX ACCURATE 
  EXT PARAMETER                                   STEP         FIRST   
  NO.   NAME      VALUE            ERROR          SIZE      DERIVATIVE 
   1  p0           1.06804e+00   1.78188e-03   2.07096e-06  -4.82268e-06
   2  p1           2.09459e-02   1.25662e-03   1.46048e-06   2.86586e-05
SaveSource cannot open file: /home/zhangfy/nl_target/toyMC/results/data_17519.C
1.06684	0.00392131
1.07626	0.00354106
1.07247	0.00349931
1.08344	0.00352231
1.0817	0.00342763
1.08856	0.00326687
1.12481	0.00351746
1.15285	0.00503925
 FCN=5.45316 FROM MIGRAD    STATUS=CONVERGED      36 CALLS          37 TOTAL
                     EDM=2.45374e-16    STRATEGY= 1      ERROR MATRIX ACCURATE 
  EXT PARAMETER                                   STEP         FIRST   
  NO.   NAME      VALUE            ERROR          SIZE      DERIVATIVE 
   1  p0           1.06727e+00   1.78256e-03   1.59329e-06   1.15768e-05
   2  p1           2.29945e-02   1.26095e-03   1.12706e-06  -1.67460e-06
SaveSource cannot open file: /home/zhangfy/nl_target/toyMC/results/data_17520.C
1.07014	0.00393341
1.08076	0.00355587
1.07085	0.00349403
1.0815	0.00351602
1.07563	0.00340839
1.0881	0.00326551
1.12346	0.00351323
1.15065	0.00502966
 FCN=11.7875 FROM MIGRAD    STATUS=CONVERGED      36 CALLS          37 TOTAL
                     EDM=1.19529e-15    STRATEGY= 1      ERROR MATRIX ACCURATE 
  EXT PARAMETER                                   STEP         FIRST   
  NO.   NAME      VALUE            ERROR          SIZE      DERIVATIVE 
   1  p0           1.06727e+00   1.78245e-03   2.24126e-06  -7.52742e-06
   2  p1           2.21820e-02   1.25980e-03   1.58408e-06   3.06557e-05
SaveSource cannot open file: /home/zhangfy/nl_target/toyMC/results/data_17521.C
1.07249	0.00394207
1.07003	0.00352056
1.07416	0.00350482
1.08244	0.00351907
1.0826	0.00343049
1.0902	0.00327181
1.1148	0.00348615
1.15103	0.00503133
 FCN=5.32491 FROM MIGRAD    STATUS=CONVERGED      36 CALLS          37 TOTAL
                     EDM=2.59438e-15    STRATEGY= 1      ERROR MATRIX ACCURATE 
  EXT PARAMETER                                   STEP         FIRST   
  NO.   NAME      VALUE            ERROR          SIZE      DERIVATIVE 
   1  p0           1.06825e+00   1.78234e-03   1.57569e-06  -3.55961e-06
   2  p1           2.07655e-02   1.25682e-03   1.11110e-06  -6.07022e-05
SaveSource cannot open file: /home/zhangfy/nl_target/toyMC/results/data_17522.C
1.07006	0.00393313
1.06634	0.00350843
1.06948	0.00348955
1.08381	0.00352352
1.08241	0.00342986
1.09004	0.00327131
1.11897	0.00349918
1.14665	0.00501217
 FCN=6.15132 FROM MIGRAD    STATUS=CONVERGED      36 CALLS          37 TOTAL
                     EDM=6.72105e-16    STRATEGY= 1      ERROR MATRIX ACCURATE 
  EXT PARAMETER                                   STEP         FIRST   
  NO.   NAME      VALUE            ERROR          SIZE      DERIVATIVE 
   1  p0           1.06630e+00   1.77868e-03   1.67394e-06  -1.56259e-05
   2  p1           2.17607e-02   1.25516e-03   1.18125e-06   9.11486e-06
SaveSource cannot open file: /home/zhangfy/nl_target/toyMC/results/data_17523.C
1.06996	0.00393275
1.07562	0.00353896
1.07903	0.00352072
1.08123	0.00351513
1.07596	0.00340944
1.09088	0.00327385
1.11922	0.00349998
1.14782	0.00501728
 FCN=5.87973 FROM MIGRAD    STATUS=CONVERGED      34 CALLS          35 TOTAL
                     EDM=1.69514e-16    STRATEGY= 1      ERROR MATRIX ACCURATE 
  EXT PARAMETER                                   STEP         FIRST   
  NO.   NAME      VALUE            ERROR          SIZE      DERIVATIVE 
   1  p0           1.06881e+00   1.78311e-03   1.64413e-06  -1.08650e-05
   2  p1           2.07212e-02   1.25714e-03   1.15916e-06  -1.13402e-06
SaveSource cannot open file: /home/zhangfy/nl_target/toyMC/results/data_17524.C
1.07722	0.00395945
1.07324	0.00353111
1.07587	0.0035104
1.08121	0.00351506
1.07741	0.00341402
1.09407	0.00328341
1.11919	0.00349988
1.15086	0.00503058
 FCN=5.39629 FROM MIGRAD    STATUS=CONVERGED      36 CALLS          37 TOTAL
                     EDM=1.99655e-16    STRATEGY= 1      ERROR MATRIX ACCURATE 
  EXT PARAMETER                                   STEP         FIRST   
  NO.   NAME      VALUE            ERROR          SIZE      DERIVATIVE 
   1  p0           1.06935e+00   1.78445e-03   1.58664e-06  -9.04756e-06
   2  p1           2.11051e-02   1.25886e-03   1.11931e-06  -2.18116e-05
SaveSource cannot open file: /home/zhangfy/nl_target/toyMC/results/data_17525.C
1.07277	0.00394309
1.07349	0.00353195
1.08093	0.00352691
1.07848	0.00350619
1.07584	0.00340907
1.09649	0.00329069
1.11301	0.00348055
1.14022	0.00498405
 FCN=9.83917 FROM MIGRAD    STATUS=CONVERGED      36 CALLS          37 TOTAL
                     EDM=1.87857e-16    STRATEGY= 1      ERROR MATRIX ACCURATE 
  EXT PARAMETER                                   STEP         FIRST   
  NO.   NAME      VALUE            ERROR          SIZE      DERIVATIVE 
   1  p0           1.07060e+00   1.78263e-03   2.06265e-06   1.31290e-05
   2  p1           1.82987e-02   1.25143e-03   1.44801e-06   5.32106e-06
SaveSource cannot open file: /home/zhangfy/nl_target/toyMC/results/data_17526.C
1.07659	0.00395713
1.07237	0.00352826
1.06861	0.0034867
1.08141	0.00351571
1.0832	0.00343238
1.09559	0.00328796
1.118	0.00349614
1.1392	0.00497961
 FCN=7.35513 FROM MIGRAD    STATUS=CONVERGED      36 CALLS          37 TOTAL
                     EDM=1.57161e-16    STRATEGY= 1      ERROR MATRIX ACCURATE 
  EXT PARAMETER                                   STEP         FIRST   
  NO.   NAME      VALUE            ERROR          SIZE      DERIVATIVE 
   1  p0           1.06998e+00   1.78161e-03   1.81174e-06  -5.82766e-06
   2  p1           1.94308e-02   1.25209e-03   1.27326e-06   7.08721e-06
SaveSource cannot open file: /home/zhangfy/nl_target/toyMC/results/data_17527.C
1.06701	0.0039219
1.07954	0.00355184
1.06931	0.003489
1.08003	0.00351123
1.08289	0.00343141
1.09372	0.00328236
1.12208	0.00350893
1.15385	0.00504363
 FCN=7.78971 FROM MIGRAD    STATUS=CONVERGED      36 CALLS          37 TOTAL
                     EDM=5.78582e-16    STRATEGY= 1      ERROR MATRIX ACCURATE 
  EXT PARAMETER                                   STEP         FIRST   
  NO.   NAME      VALUE            ERROR          SIZE      DERIVATIVE 
   1  p0           1.06766e+00   1.78277e-03   1.85989e-06  -1.98396e-05
   2  p1           2.28264e-02   1.26057e-03   1.31509e-06  -1.58206e-06
SaveSource cannot open file: /home/zhangfy/nl_target/toyMC/results/data_17528.C
1.07286	0.00394341
1.07029	0.0035214
1.07576	0.00351006
1.08132	0.00351541
1.07691	0.00341246
1.09214	0.00327762
1.11647	0.00349138
1.15672	0.00505617
 FCN=8.27687 FROM MIGRAD    STATUS=CONVERGED      36 CALLS          37 TOTAL
                     EDM=6.12115e-15    STRATEGY= 1      ERROR MATRIX ACCURATE 
  EXT PARAMETER                                   STEP         FIRST   
  NO.   NAME      VALUE            ERROR          SIZE      DERIVATIVE 
   1  p0           1.06706e+00   1.78252e-03   1.90864e-06  -5.54926e-05
   2  p1           2.22043e-02   1.26021e-03   1.34937e-06   1.27200e-05
SaveSource cannot open file: /home/zhangfy/nl_target/toyMC/results/data_17529.C
1.07306	0.00394415
1.06731	0.00351161
1.06997	0.00349116
1.08572	0.00352972
1.07996	0.00342212
1.09125	0.00327495
1.12288	0.0035114
1.14362	0.00499893
 FCN=8.16659 FROM MIGRAD    STATUS=CONVERGED      36 CALLS          37 TOTAL
                     EDM=1.33962e-18    STRATEGY= 1      ERROR MATRIX ACCURATE 
  EXT PARAMETER                                   STEP         FIRST   
  NO.   NAME      VALUE            ERROR          SIZE      DERIVATIVE 
   1  p0           1.06736e+00   1.77980e-03   1.89681e-06   1.23149e-06
   2  p1           2.16226e-02   1.25529e-03   1.33782e-06   8.69706e-07
SaveSource cannot open file: /home/zhangfy/nl_target/toyMC/results/data_17530.C
1.07592	0.00395465
1.07705	0.00354367
1.06888	0.0034876
1.07532	0.0034959
1.08733	0.00344548
1.09032	0.00327217
1.11959	0.00350112
1.15528	0.00504987
 FCN=11.9282 FROM MIGRAD    STATUS=CONVERGED      36 CALLS          37 TOTAL
                     EDM=2.34035e-15    STRATEGY= 1      ERROR MATRIX ACCURATE 
  EXT PARAMETER                                   STEP         FIRST   
  NO.   NAME      VALUE            ERROR          SIZE      DERIVATIVE 
   1  p0           1.06814e+00   1.78402e-03   2.25522e-06  -3.19792e-05
   2  p1           2.21110e-02   1.26089e-03   1.59392e-06   1.19916e-05
SaveSource cannot open file: /home/zhangfy/nl_target/toyMC/results/data_17531.C
1.07652	0.00395686
1.07803	0.00354687
1.07661	0.00351281
1.07672	0.00350045
1.08879	0.00345008
1.0877	0.00326431
1.11305	0.00348067
1.1521	0.005036
 FCN=13.9517 FROM MIGRAD    STATUS=CONVERGED      36 CALLS          37 TOTAL
                     EDM=1.36967e-17    STRATEGY= 1      ERROR MATRIX ACCURATE 
  EXT PARAMETER                                   STEP         FIRST   
  NO.   NAME      VALUE            ERROR          SIZE      DERIVATIVE 
   1  p0           1.07107e+00   1.78682e-03   2.42570e-06   3.23131e-06
   2  p1           1.92642e-02   1.25794e-03   1.70772e-06   5.72366e-06
SaveSource cannot open file: /home/zhangfy/nl_target/toyMC/results/data_17532.C
1.06905	0.00392943
1.07081	0.00352312
1.07356	0.00350286
1.07889	0.00350751
1.08155	0.00342715
1.09513	0.00328658
1.11583	0.00348937
1.14493	0.00500467
 FCN=3.2063 FROM MIGRAD    STATUS=CONVERGED      36 CALLS          37 TOTAL
                     EDM=1.61623e-15    STRATEGY= 1      ERROR MATRIX ACCURATE 
  EXT PARAMETER                                   STEP         FIRST   
  NO.   NAME      VALUE            ERROR          SIZE      DERIVATIVE 
   1  p0           1.06799e+00   1.78011e-03   1.28442e-06  -5.08165e-06
   2  p1           2.05567e-02   1.25373e-03   9.04619e-07   4.00462e-05
SaveSource cannot open file: /home/zhangfy/nl_target/toyMC/results/data_17533.C
1.06907	0.00392948
1.07003	0.00352054
1.07102	0.00349457
1.07445	0.00349309
1.08262	0.00343055
1.09458	0.00328495
1.12059	0.00350427
1.1436	0.00499884
 FCN=3.70863 FROM MIGRAD    STATUS=CONVERGED      34 CALLS          35 TOTAL
                     EDM=1.53271e-16    STRATEGY= 1      ERROR MATRIX ACCURATE 
  EXT PARAMETER                                   STEP         FIRST   
  NO.   NAME      VALUE            ERROR          SIZE      DERIVATIVE 
   1  p0           1.06639e+00   1.77810e-03   1.35840e-06   2.45517e-06
   2  p1           2.17562e-02   1.25424e-03   9.58191e-07  -1.13202e-05
SaveSource cannot open file: /home/zhangfy/nl_target/toyMC/results/data_17534.C
1.07168	0.00393908
1.07186	0.00352659
1.07756	0.0035159
1.07741	0.0035027
1.07812	0.00341627
1.09401	0.00328323
1.12241	0.00350996
1.14285	0.00499557
 FCN=3.48393 FROM MIGRAD    STATUS=CONVERGED      36 CALLS          37 TOTAL
                     EDM=2.46328e-16    STRATEGY= 1      ERROR MATRIX ACCURATE 
  EXT PARAMETER                                   STEP         FIRST   
  NO.   NAME      VALUE            ERROR          SIZE      DERIVATIVE 
   1  p0           1.06839e+00   1.78117e-03   1.32716e-06   1.70571e-06
   2  p1           2.10170e-02   1.25529e-03   9.35325e-07  -1.59176e-05
SaveSource cannot open file: /home/zhangfy/nl_target/toyMC/results/data_17535.C
1.06851	0.00392742
1.07675	0.00354267
1.0736	0.00350299
1.07964	0.00350996
1.08073	0.00342456
1.09026	0.00327199
1.10728	0.00346264
1.14851	0.00502029
 FCN=11.9308 FROM MIGRAD    STATUS=CONVERGED      36 CALLS          37 TOTAL
                     EDM=4.68617e-17    STRATEGY= 1      ERROR MATRIX ACCURATE 
  EXT PARAMETER                                   STEP         FIRST   
  NO.   NAME      VALUE            ERROR          SIZE      DERIVATIVE 
   1  p0           1.06870e+00   1.78179e-03   2.25009e-06  -7.50382e-06
   2  p1           1.88543e-02   1.25321e-03   1.58258e-06  -8.30606e-06
SaveSource cannot open file: /home/zhangfy/nl_target/toyMC/results/data_17536.C
1.06993	0.00393265
1.07294	0.00353012
1.07868	0.00351958
1.08206	0.00351782
1.08698	0.00344435
1.09039	0.00327237
1.1163	0.00349082
1.15403	0.00504442
 FCN=7.61044 FROM MIGRAD    STATUS=CONVERGED      36 CALLS          37 TOTAL
                     EDM=2.46285e-16    STRATEGY= 1      ERROR MATRIX ACCURATE 
  EXT PARAMETER                                   STEP         FIRST   
  NO.   NAME      VALUE            ERROR          SIZE      DERIVATIVE 
   1  p0           1.06981e+00   1.78526e-03   1.84134e-06   6.62876e-06
   2  p1           2.09118e-02   1.25923e-03   1.29879e-06  -9.75172e-06
SaveSource cannot open file: /home/zhangfy/nl_target/toyMC/results/data_17537.C
1.07127	0.00393757
1.07415	0.00353412
1.06938	0.00348921
1.07727	0.00350224
1.08505	0.00343825
1.09159	0.00327597
1.11679	0.00349237
1.14533	0.00500638
 FCN=4.13471 FROM MIGRAD    STATUS=CONVERGED      36 CALLS          37 TOTAL
                     EDM=2.39058e-17    STRATEGY= 1      ERROR MATRIX ACCURATE 
  EXT PARAMETER                                   STEP         FIRST   
  NO.   NAME      VALUE            ERROR          SIZE      DERIVATIVE 
   1  p0           1.06800e+00   1.78065e-03   1.41911e-06   2.79920e-06
   2  p1           2.05413e-02   1.25444e-03   9.99740e-07   7.46708e-06
SaveSource cannot open file: /home/zhangfy/nl_target/toyMC/results/data_17538.C
1.06667	0.00392065
1.07268	0.00352928
1.07048	0.00349282
1.08421	0.00352481
1.08106	0.00342559
1.0907	0.00327331
1.12	0.00350241
1.15573	0.00505187
 FCN=5.96229 FROM MIGRAD    STATUS=CONVERGED      36 CALLS          37 TOTAL
                     EDM=6.13099e-17    STRATEGY= 1      ERROR MATRIX ACCURATE 
  EXT PARAMETER                                   STEP         FIRST   
  NO.   NAME      VALUE            ERROR          SIZE      DERIVATIVE 
   1  p0           1.06628e+00   1.78119e-03   1.65362e-06  -3.49526e-06
   2  p1           2.31134e-02   1.26035e-03   1.17008e-06   4.60757e-06
SaveSource cannot open file: /home/zhangfy/nl_target/toyMC/results/data_17539.C
1.06224	0.00390437
1.06983	0.0035199
1.06968	0.00349022
1.082	0.00351763
1.08093	0.00342519
1.09401	0.00328324
1.11672	0.00349215
1.14286	0.00499561
 FCN=8.09911 FROM MIGRAD    STATUS=CONVERGED      36 CALLS          37 TOTAL
                     EDM=3.09359e-16    STRATEGY= 1      ERROR MATRIX ACCURATE 
  EXT PARAMETER                                   STEP         FIRST   
  NO.   NAME      VALUE            ERROR          SIZE      DERIVATIVE 
   1  p0           1.06607e+00   1.77678e-03   1.88693e-06  -1.28783e-05
   2  p1           2.12394e-02   1.25213e-03   1.32975e-06   2.20416e-06
SaveSource cannot open file: /home/zhangfy/nl_target/toyMC/results/data_17540.C
1.07423	0.00394846
1.07412	0.003534
1.07451	0.00350596
1.07456	0.00349345
1.08317	0.00343229
1.09287	0.0032798
1.11792	0.0034959
1.14955	0.00502485
 FCN=3.97818 FROM MIGRAD    STATUS=CONVERGED      36 CALLS          37 TOTAL
                     EDM=1.11516e-15    STRATEGY= 1      ERROR MATRIX ACCURATE 
  EXT PARAMETER                                   STEP         FIRST   
  NO.   NAME      VALUE            ERROR          SIZE      DERIVATIVE 
   1  p0           1.06852e+00   1.78277e-03   1.39858e-06  -1.26321e-05
   2  p1           2.10327e-02   1.25741e-03   9.86433e-07   2.28475e-05
SaveSource cannot open file: /home/zhangfy/nl_target/toyMC/results/data_17541.C
1.07597	0.00395486
1.07374	0.00353278
1.07207	0.00349799
1.07842	0.00350598
1.0779	0.00341557
1.09008	0.00327144
1.11212	0.00347776
1.14389	0.0050001
 FCN=4.78384 FROM MIGRAD    STATUS=CONVERGED      36 CALLS          37 TOTAL
                     EDM=1.88561e-15    STRATEGY= 1      ERROR MATRIX ACCURATE 
  EXT PARAMETER                                   STEP         FIRST   
  NO.   NAME      VALUE            ERROR          SIZE      DERIVATIVE 
   1  p0           1.06849e+00   1.78108e-03   1.50480e-06  -1.35753e-05
   2  p1           1.90319e-02   1.25265e-03   1.05834e-06   3.36106e-05
SaveSource cannot open file: /home/zhangfy/nl_target/toyMC/results/data_17542.C
1.07836	0.00396363
1.07539	0.00353819
1.07553	0.00350928
1.07755	0.00350316
1.08208	0.00342885
1.09588	0.00328884
1.11664	0.00349189
1.15322	0.00504088
 FCN=7.50753 FROM MIGRAD    STATUS=CONVERGED      36 CALLS          37 TOTAL
                     EDM=1.70849e-17    STRATEGY= 1      ERROR MATRIX ACCURATE 
  EXT PARAMETER                                   STEP         FIRST   
  NO.   NAME      VALUE            ERROR          SIZE      DERIVATIVE 
   1  p0           1.07031e+00   1.78597e-03   1.83088e-06   4.53577e-06
   2  p1           2.07511e-02   1.25943e-03   1.29111e-06   4.13785e-06
SaveSource cannot open file: /home/zhangfy/nl_target/toyMC/results/data_17543.C
1.06812	0.00392601
1.07466	0.0035358
1.07249	0.00349937
1.07482	0.00349428
1.07787	0.00341548
1.09411	0.00328354
1.1191	0.0034996
1.1442	0.00500144
 FCN=3.91992 FROM MIGRAD    STATUS=CONVERGED      36 CALLS          37 TOTAL
                     EDM=9.02759e-17    STRATEGY= 1      ERROR MATRIX ACCURATE 
  EXT PARAMETER                                   STEP         FIRST   
  NO.   NAME      VALUE            ERROR          SIZE      DERIVATIVE 
   1  p0           1.06674e+00   1.77893e-03   1.38838e-06   5.87346e-06
   2  p1           2.12595e-02   1.25441e-03   9.79008e-07  -3.09703e-06
SaveSource cannot open file: /home/zhangfy/nl_target/toyMC/results/data_17544.C
1.06539	0.00391595
1.07487	0.00353647
1.07432	0.00350535
1.08115	0.00351487
1.08771	0.00344666
1.09254	0.00327882
1.11545	0.00348817
1.15069	0.00502981
 FCN=8.91794 FROM MIGRAD    STATUS=CONVERGED      36 CALLS          37 TOTAL
                     EDM=1.76807e-16    STRATEGY= 1      ERROR MATRIX ACCURATE 
  EXT PARAMETER                                   STEP         FIRST   
  NO.   NAME      VALUE            ERROR          SIZE      DERIVATIVE 
   1  p0           1.06904e+00   1.78292e-03   1.97469e-06   1.01201e-05
   2  p1           2.08393e-02   1.25676e-03   1.39194e-06  -8.55039e-07
SaveSource cannot open file: /home/zhangfy/nl_target/toyMC/results/data_17545.C
1.07264	0.00394262
1.07469	0.00353588
1.0763	0.0035118
1.07813	0.00350504
1.07696	0.0034126
1.088	0.00326519
1.11661	0.00349181
1.15396	0.0050441
 FCN=7.33944 FROM MIGRAD    STATUS=CONVERGED      36 CALLS          37 TOTAL
                     EDM=3.61389e-16    STRATEGY= 1      ERROR MATRIX ACCURATE 
  EXT PARAMETER                                   STEP         FIRST   
  NO.   NAME      VALUE            ERROR          SIZE      DERIVATIVE 
   1  p0           1.06724e+00   1.78261e-03   1.80869e-06   3.96532e-06
   2  p1           2.14273e-02   1.25919e-03   1.27761e-06  -1.70668e-05
SaveSource cannot open file: /home/zhangfy/nl_target/toyMC/results/data_17546.C
1.07128	0.00393761
1.07562	0.00353895
1.0753	0.00350855
1.07677	0.00350063
1.08079	0.00342474
1.0882	0.0032658
1.1153	0.0034877
1.14714	0.0050143
 FCN=3.25175 FROM MIGRAD    STATUS=CONVERGED      36 CALLS          37 TOTAL
                     EDM=4.392e-16    STRATEGY= 1      ERROR MATRIX ACCURATE 
  EXT PARAMETER                                   STEP         FIRST   
  NO.   NAME      VALUE            ERROR          SIZE      DERIVATIVE 
   1  p0           1.06821e+00   1.78186e-03   1.29103e-06  -1.84803e-05
   2  p1           2.00533e-02   1.25531e-03   9.09527e-07  -4.03428e-06
SaveSource cannot open file: /home/zhangfy/nl_target/toyMC/results/data_17547.C
1.06659	0.00392038
1.07217	0.00352759
1.073	0.00350104
1.07546	0.00349637
1.08153	0.00342709
1.09002	0.00327126
1.11265	0.00347943
1.15523	0.00504967
 FCN=8.74151 FROM MIGRAD    STATUS=CONVERGED      36 CALLS          37 TOTAL
                     EDM=2.68746e-15    STRATEGY= 1      ERROR MATRIX ACCURATE 
  EXT PARAMETER                                   STEP         FIRST   
  NO.   NAME      VALUE            ERROR          SIZE      DERIVATIVE 
   1  p0           1.06550e+00   1.77955e-03   1.95252e-06   7.11899e-06
   2  p1           2.18982e-02   1.25755e-03   1.37977e-06   6.48380e-05
SaveSource cannot open file: /home/zhangfy/nl_target/toyMC/results/data_17548.C
1.07138	0.00393796
1.06838	0.00351514
1.07127	0.0034954
1.07513	0.00349528
1.07948	0.0034206
1.09309	0.00328047
1.11814	0.00349658
1.14896	0.00502225
 FCN=2.61163 FROM MIGRAD    STATUS=CONVERGED      36 CALLS          37 TOTAL
                     EDM=1.74936e-16    STRATEGY= 1      ERROR MATRIX ACCURATE 
  EXT PARAMETER                                   STEP         FIRST   
  NO.   NAME      VALUE            ERROR          SIZE      DERIVATIVE 
   1  p0           1.06545e+00   1.77827e-03   1.18914e-06   8.35389e-06
   2  p1           2.22124e-02   1.25615e-03   8.39992e-07  -4.01138e-06
SaveSource cannot open file: /home/zhangfy/nl_target/toyMC/results/data_17549.C
1.07498	0.00395119
1.07539	0.00353819
1.07152	0.00349622
1.08241	0.00351897
1.08109	0.00342568
1.09184	0.00327673
1.11867	0.00349824
1.15054	0.00502917
 FCN=3.77981 FROM MIGRAD    STATUS=CONVERGED      36 CALLS          37 TOTAL
                     EDM=1.13017e-16    STRATEGY= 1      ERROR MATRIX ACCURATE 
  EXT PARAMETER                                   STEP         FIRST   
  NO.   NAME      VALUE            ERROR          SIZE      DERIVATIVE 
   1  p0           1.06913e+00   1.78394e-03   1.37121e-06   3.63379e-06
   2  p1           2.10345e-02   1.25832e-03   9.67194e-07  -7.78263e-06
SaveSource cannot open file: /home/zhangfy/nl_target/toyMC/results/data_17550.C
1.06839	0.00392698
1.07185	0.00352655
1.07947	0.00352216
1.08439	0.00352539
1.07733	0.00341378
1.09321	0.00328083
1.12316	0.00351228
1.14249	0.00499396
 FCN=7.35035 FROM MIGRAD    STATUS=CONVERGED      36 CALLS          37 TOTAL
                     EDM=2.06679e-17    STRATEGY= 1      ERROR MATRIX ACCURATE 
  EXT PARAMETER                                   STEP         FIRST   
  NO.   NAME      VALUE            ERROR          SIZE      DERIVATIVE 
   1  p0           1.06925e+00   1.78216e-03   1.81224e-06   1.08434e-06
   2  p1           2.08246e-02   1.25541e-03   1.27661e-06   6.06680e-06
SaveSource cannot open file: /home/zhangfy/nl_target/toyMC/results/data_17551.C
1.07667	0.00395741
1.06934	0.00351829
1.07307	0.00350125
1.07812	0.00350501
1.07933	0.00342012
1.09326	0.00328098
1.11763	0.00349499
1.15046	0.00502883
 FCN=5.14436 FROM MIGRAD    STATUS=CONVERGED      36 CALLS          37 TOTAL
                     EDM=1.00432e-16    STRATEGY= 1      ERROR MATRIX ACCURATE 
  EXT PARAMETER                                   STEP         FIRST   
  NO.   NAME      VALUE            ERROR          SIZE      DERIVATIVE 
   1  p0           1.06751e+00   1.78157e-03   1.55299e-06  -9.05057e-06
   2  p1           2.14954e-02   1.25748e-03   1.09614e-06  -2.43489e-06
SaveSource cannot open file: /home/zhangfy/nl_target/toyMC/results/data_17552.C
1.06995	0.00393271
1.06769	0.00351287
1.07313	0.00350147
1.07866	0.00350676
1.08079	0.00342474
1.08652	0.00326077
1.12549	0.00351957
1.14416	0.00500129
 FCN=4.35823 FROM MIGRAD    STATUS=CONVERGED      36 CALLS          37 TOTAL
                     EDM=4.76587e-16    STRATEGY= 1      ERROR MATRIX ACCURATE 
  EXT PARAMETER                                   STEP         FIRST   
  NO.   NAME      VALUE            ERROR          SIZE      DERIVATIVE 
   1  p0           1.06554e+00   1.77817e-03   1.44883e-06   3.32723e-06
   2  p1           2.24477e-02   1.25618e-03   1.02352e-06   2.76058e-05
SaveSource cannot open file: /home/zhangfy/nl_target/toyMC/results/data_17553.C
1.06902	0.0039293
1.07281	0.0035297
1.07726	0.00351494
1.08002	0.0035112
1.08122	0.0034261
1.08739	0.00326337
1.12416	0.00351543
1.14299	0.00499618
 FCN=3.96561 FROM MIGRAD    STATUS=CONVERGED      36 CALLS          37 TOTAL
                     EDM=3.06082e-16    STRATEGY= 1      ERROR MATRIX ACCURATE 
  EXT PARAMETER                                   STEP         FIRST   
  NO.   NAME      VALUE            ERROR          SIZE      DERIVATIVE 
   1  p0           1.06810e+00   1.78128e-03   1.39639e-06   1.72053e-05
   2  p1           2.11217e-02   1.25591e-03   9.84533e-07   8.03461e-06
SaveSource cannot open file: /home/zhangfy/nl_target/toyMC/results/data_17554.C
1.06678	0.00392108
1.07316	0.00353085
1.07559	0.00350949
1.07723	0.00350212
1.08613	0.00344167
1.09354	0.00328183
1.1203	0.00350336
1.14534	0.00500643
 FCN=3.77311 FROM MIGRAD    STATUS=CONVERGED      36 CALLS          37 TOTAL
                     EDM=6.22035e-18    STRATEGY= 1      ERROR MATRIX ACCURATE 
  EXT PARAMETER                                   STEP         FIRST   
  NO.   NAME      VALUE            ERROR          SIZE      DERIVATIVE 
   1  p0           1.06856e+00   1.78142e-03   1.36966e-06  -2.74302e-06
   2  p1           2.11357e-02   1.25557e-03   9.65354e-07  -2.54395e-06
SaveSource cannot open file: /home/zhangfy/nl_target/toyMC/results/data_17555.C
1.0697	0.00393181
1.07361	0.00353235
1.07958	0.00352249
1.07985	0.00351065
1.08315	0.00343221
1.08716	0.00326268
1.12056	0.00350416
1.15201	0.0050356
 FCN=5.376 FROM MIGRAD    STATUS=CONVERGED      36 CALLS          37 TOTAL
                     EDM=5.39236e-15    STRATEGY= 1      ERROR MATRIX ACCURATE 
  EXT PARAMETER                                   STEP         FIRST   
  NO.   NAME      VALUE            ERROR          SIZE      DERIVATIVE 
   1  p0           1.06850e+00   1.78388e-03   1.58348e-06  -1.46971e-05
   2  p1           2.15343e-02   1.25958e-03   1.11808e-06   6.66282e-05
SaveSource cannot open file: /home/zhangfy/nl_target/toyMC/results/data_17556.C
1.0701	0.00393326
1.0743	0.00353462
1.06501	0.00347498
1.07531	0.00349587
1.07954	0.00342077
1.08259	0.00324895
1.12084	0.00350504
1.14544	0.00500687
 FCN=9.23282 FROM MIGRAD    STATUS=CONVERGED      36 CALLS          37 TOTAL
                     EDM=3.09492e-16    STRATEGY= 1      ERROR MATRIX ACCURATE 
  EXT PARAMETER                                   STEP         FIRST   
  NO.   NAME      VALUE            ERROR          SIZE      DERIVATIVE 
   1  p0           1.06396e+00   1.77650e-03   1.99856e-06   8.73040e-06
   2  p1           2.20364e-02   1.25522e-03   1.41211e-06  -9.13894e-06
SaveSource cannot open file: /home/zhangfy/nl_target/toyMC/results/data_17557.C
1.07023	0.00393375
1.07623	0.00354097
1.07024	0.00349204
1.07529	0.00349582
1.08213	0.003429
1.09162	0.00327607
1.11847	0.00349763
1.15069	0.00502981
 FCN=4.50781 FROM MIGRAD    STATUS=CONVERGED      36 CALLS          37 TOTAL
                     EDM=1.87304e-17    STRATEGY= 1      ERROR MATRIX ACCURATE 
  EXT PARAMETER                                   STEP         FIRST   
  NO.   NAME      VALUE            ERROR          SIZE      DERIVATIVE 
   1  p0           1.06693e+00   1.78094e-03   1.46999e-06  -4.55422e-06
   2  p1           2.18311e-02   1.25769e-03   1.03810e-06  -3.02235e-06
SaveSource cannot open file: /home/zhangfy/nl_target/toyMC/results/data_17558.C
1.06896	0.00392907
1.07152	0.00352546
1.0796	0.00352257
1.08142	0.00351574
1.08031	0.00342322
1.09354	0.00328183
1.1203	0.00350336
1.14707	0.00501399
 FCN=3.2668 FROM MIGRAD    STATUS=CONVERGED      36 CALLS          37 TOTAL
                     EDM=7.25016e-16    STRATEGY= 1      ERROR MATRIX ACCURATE 
  EXT PARAMETER                                   STEP         FIRST   
  NO.   NAME      VALUE            ERROR          SIZE      DERIVATIVE 
   1  p0           1.06904e+00   1.78275e-03   1.29547e-06   1.83956e-05
   2  p1           2.10703e-02   1.25679e-03   9.13269e-07  -5.66497e-06
SaveSource cannot open file: /home/zhangfy/nl_target/toyMC/results/data_17559.C
1.06352	0.00390909
1.07004	0.00352058
1.06919	0.0034886
1.0825	0.00351926
1.08557	0.00343988
1.09735	0.00329325
1.11735	0.00349412
1.14719	0.00501451
 FCN=12.5434 FROM MIGRAD    STATUS=CONVERGED      36 CALLS          37 TOTAL
                     EDM=1.59167e-15    STRATEGY= 1      ERROR MATRIX ACCURATE 
  EXT PARAMETER                                   STEP         FIRST   
  NO.   NAME      VALUE            ERROR          SIZE      DERIVATIVE 
   1  p0           1.06718e+00   1.77905e-03   2.30563e-06  -1.25332e-05
   2  p1           2.18193e-02   1.25469e-03   1.62607e-06   3.07927e-05
SaveSource cannot open file: /home/zhangfy/nl_target/toyMC/results/data_17560.C
1.06549	0.00391634
1.07853	0.00354853
1.07796	0.00351722
1.07954	0.00350963
1.08132	0.00342642
1.08751	0.00326373
1.11706	0.00349323
1.14624	0.00501039
 FCN=7.53751 FROM MIGRAD    STATUS=CONVERGED      36 CALLS          37 TOTAL
                     EDM=9.74351e-15    STRATEGY= 1      ERROR MATRIX ACCURATE 
  EXT PARAMETER                                   STEP         FIRST   
  NO.   NAME      VALUE            ERROR          SIZE      DERIVATIVE 
   1  p0           1.06887e+00   1.78257e-03   1.83051e-06  -4.40994e-05
   2  p1           2.00293e-02   1.25549e-03   1.28925e-06   5.81783e-05
SaveSource cannot open file: /home/zhangfy/nl_target/toyMC/results/data_17561.C
1.06479	0.00391377
1.0742	0.00353428
1.07752	0.00351579
1.0794	0.00350916
1.08287	0.00343132
1.09397	0.00328312
1.12043	0.00350377
1.15704	0.00505758
 FCN=5.94648 FROM MIGRAD    STATUS=CONVERGED      36 CALLS          37 TOTAL
                     EDM=2.19365e-15    STRATEGY= 1      ERROR MATRIX ACCURATE 
  EXT PARAMETER                                   STEP         FIRST   
  NO.   NAME      VALUE            ERROR          SIZE      DERIVATIVE 
   1  p0           1.06753e+00   1.78313e-03   1.65356e-06  -3.85458e-05
   2  p1           2.30608e-02   1.26152e-03   1.16985e-06  -2.91352e-06
SaveSource cannot open file: /home/zhangfy/nl_target/toyMC/results/data_17562.C
1.0711	0.00393695
1.07114	0.00352423
1.07357	0.00350289
1.08325	0.00352169
1.08788	0.0034472
1.09204	0.00327733
1.11139	0.00347549
1.14904	0.00502261
 FCN=10.6299 FROM MIGRAD    STATUS=CONVERGED      36 CALLS          37 TOTAL
                     EDM=4.20034e-15    STRATEGY= 1      ERROR MATRIX ACCURATE 
  EXT PARAMETER                                   STEP         FIRST   
  NO.   NAME      VALUE            ERROR          SIZE      DERIVATIVE 
   1  p0           1.06988e+00   1.78331e-03   2.13757e-06  -1.43350e-06
   2  p1           1.95658e-02   1.25479e-03   1.50406e-06   7.16156e-05
SaveSource cannot open file: /home/zhangfy/nl_target/toyMC/results/data_17563.C
1.06995	0.00393272
1.07212	0.00352743
1.0722	0.00349844
1.07784	0.00350411
1.08308	0.00343198
1.08881	0.00326762
1.11567	0.00348887
1.14348	0.0049983
 FCN=1.23311 FROM MIGRAD    STATUS=CONVERGED      36 CALLS          37 TOTAL
                     EDM=1.61156e-16    STRATEGY= 1      ERROR MATRIX ACCURATE 
  EXT PARAMETER                                   STEP         FIRST   
  NO.   NAME      VALUE            ERROR          SIZE      DERIVATIVE 
   1  p0           1.06754e+00   1.77965e-03   9.35079e-07   7.06559e-06
   2  p1           2.00816e-02   1.25304e-03   6.58384e-07  -5.40876e-06
SaveSource cannot open file: /home/zhangfy/nl_target/toyMC/results/data_17564.C
1.07261	0.0039425
1.07071	0.00352281
1.06951	0.00348966
1.07572	0.00349722
1.08312	0.00343213
1.09586	0.00328878
1.11755	0.00349475
1.13908	0.00497907
 FCN=6.43082 FROM MIGRAD    STATUS=CONVERGED      36 CALLS          37 TOTAL
                     EDM=3.3086e-17    STRATEGY= 1      ERROR MATRIX ACCURATE 
  EXT PARAMETER                                   STEP         FIRST   
  NO.   NAME      VALUE            ERROR          SIZE      DERIVATIVE 
   1  p0           1.06802e+00   1.77882e-03   1.70651e-06  -1.73835e-06
   2  p1           2.00874e-02   1.25129e-03   1.20042e-06   4.53921e-06
SaveSource cannot open file: /home/zhangfy/nl_target/toyMC/results/data_17565.C
1.06617	0.00391883
1.07317	0.00353088
1.0742	0.00350495
1.09047	0.00354517
1.0818	0.00342794
1.08736	0.00326329
1.11919	0.00349986
1.14683	0.00501296
 FCN=13.3475 FROM MIGRAD    STATUS=CONVERGED      36 CALLS          37 TOTAL
                     EDM=3.55732e-17    STRATEGY= 1      ERROR MATRIX ACCURATE 
  EXT PARAMETER                                   STEP         FIRST   
  NO.   NAME      VALUE            ERROR          SIZE      DERIVATIVE 
   1  p0           1.06891e+00   1.78252e-03   2.37443e-06  -6.17759e-06
   2  p1           2.06709e-02   1.25614e-03   1.67325e-06  -3.79528e-06
SaveSource cannot open file: /home/zhangfy/nl_target/toyMC/results/data_17566.C
1.07042	0.00393446
1.07569	0.00353918
1.06641	0.00347953
1.07602	0.00349817
1.08245	0.00343001
1.08692	0.00326194
1.1164	0.00349116
1.14365	0.00499906
 FCN=6.47076 FROM MIGRAD    STATUS=CONVERGED      36 CALLS          37 TOTAL
                     EDM=3.78347e-16    STRATEGY= 1      ERROR MATRIX ACCURATE 
  EXT PARAMETER                                   STEP         FIRST   
  NO.   NAME      VALUE            ERROR          SIZE      DERIVATIVE 
   1  p0           1.06635e+00   1.77842e-03   1.70908e-06   5.22541e-06
   2  p1           2.04917e-02   1.25322e-03   1.20435e-06  -1.61451e-05
SaveSource cannot open file: /home/zhangfy/nl_target/toyMC/results/data_17567.C
1.0758	0.00395423
1.07126	0.00352459
1.07989	0.00352354
1.08255	0.00351941
1.08433	0.00343595
1.09075	0.00327345
1.12916	0.00353104
1.13782	0.00497359
 FCN=10.2736 FROM MIGRAD    STATUS=CONVERGED      34 CALLS          35 TOTAL
                     EDM=1.60935e-16    STRATEGY= 1      ERROR MATRIX ACCURATE 
  EXT PARAMETER                                   STEP         FIRST   
  NO.   NAME      VALUE            ERROR          SIZE      DERIVATIVE 
   1  p0           1.07140e+00   1.78459e-03   2.10883e-06   8.57083e-06
   2  p1           2.02725e-02   1.25562e-03   1.48375e-06  -2.82840e-06
SaveSource cannot open file: /home/zhangfy/nl_target/toyMC/results/data_17568.C
1.07459	0.00394976
1.0736	0.00353231
1.07516	0.00350808
1.08167	0.00351654
1.07965	0.00342112
1.08894	0.00326801
1.116	0.0034899
1.14551	0.00500719
 FCN=2.46962 FROM MIGRAD    STATUS=CONVERGED      36 CALLS          37 TOTAL
                     EDM=2.20386e-16    STRATEGY= 1      ERROR MATRIX ACCURATE 
  EXT PARAMETER                                   STEP         FIRST   
  NO.   NAME      VALUE            ERROR          SIZE      DERIVATIVE 
   1  p0           1.06930e+00   1.78289e-03   1.16697e-06   3.91585e-06
   2  p1           1.96190e-02   1.25495e-03   8.21414e-07  -1.23807e-05
SaveSource cannot open file: /home/zhangfy/nl_target/toyMC/results/data_17569.C
1.07189	0.00393985
1.06811	0.00351425
1.07487	0.00350715
1.07416	0.00349213
1.07783	0.00341537
1.08816	0.00326569
1.11997	0.0035023
1.14406	0.00500086
 FCN=2.67134 FROM MIGRAD    STATUS=CONVERGED      36 CALLS          37 TOTAL
                     EDM=2.55444e-15    STRATEGY= 1      ERROR MATRIX ACCURATE 
  EXT PARAMETER                                   STEP         FIRST   
  NO.   NAME      VALUE            ERROR          SIZE      DERIVATIVE 
   1  p0           1.06551e+00   1.77779e-03   1.19818e-06   3.22924e-05
   2  p1           2.14523e-02   1.25449e-03   8.45494e-07  -1.47304e-05
SaveSource cannot open file: /home/zhangfy/nl_target/toyMC/results/data_17570.C
1.07696	0.00395847
1.07237	0.00352826
1.07379	0.00350362
1.07947	0.00350939
1.08427	0.00343577
1.08615	0.00325964
1.12458	0.00351674
1.1396	0.00498133
 FCN=7.67591 FROM MIGRAD    STATUS=CONVERGED      36 CALLS          37 TOTAL
                     EDM=5.46584e-15    STRATEGY= 1      ERROR MATRIX ACCURATE 
  EXT PARAMETER                                   STEP         FIRST   
  NO.   NAME      VALUE            ERROR          SIZE      DERIVATIVE 
   1  p0           1.06935e+00   1.78233e-03   1.84632e-06   1.14238e-05
   2  p1           2.01618e-02   1.25474e-03   1.29978e-06   9.37611e-05
SaveSource cannot open file: /home/zhangfy/nl_target/toyMC/results/data_17571.C
1.07306	0.00394414
1.07379	0.00353291
1.06945	0.00348946
1.08203	0.00351773
1.07877	0.00341833
1.0929	0.00327989
1.12204	0.0035088
1.15104	0.00503134
 FCN=3.91994 FROM MIGRAD    STATUS=CONVERGED      36 CALLS          37 TOTAL
                     EDM=4.52936e-18    STRATEGY= 1      ERROR MATRIX ACCURATE 
  EXT PARAMETER                                   STEP         FIRST   
  NO.   NAME      VALUE            ERROR          SIZE      DERIVATIVE 
   1  p0           1.06734e+00   1.78181e-03   1.39058e-06  -2.27859e-06
   2  p1           2.24285e-02   1.25914e-03   9.82675e-07  -1.67436e-06
SaveSource cannot open file: /home/zhangfy/nl_target/toyMC/results/data_17572.C
1.07402	0.00394769
1.07003	0.00352055
1.0727	0.00350006
1.08084	0.00351384
1.08366	0.00343384
1.09326	0.00328099
1.12277	0.00351108
1.15688	0.00505689
 FCN=2.58752 FROM MIGRAD    STATUS=CONVERGED      36 CALLS          37 TOTAL
                     EDM=1.89367e-16    STRATEGY= 1      ERROR MATRIX ACCURATE 
  EXT PARAMETER                                   STEP         FIRST   
  NO.   NAME      VALUE            ERROR          SIZE      DERIVATIVE 
   1  p0           1.06749e+00   1.78337e-03   1.18863e-06  -8.00986e-06
   2  p1           2.33977e-02   1.26232e-03   8.41347e-07  -2.09285e-05
SaveSource cannot open file: /home/zhangfy/nl_target/toyMC/results/data_17573.C
1.07045	0.00393457
1.07534	0.00353802
1.07044	0.00349267
1.08985	0.00354315
1.08775	0.00344681
1.09234	0.00327823
1.1214	0.00350678
1.14933	0.00502389
 FCN=10.9585 FROM MIGRAD    STATUS=CONVERGED      36 CALLS          37 TOTAL
                     EDM=2.8366e-15    STRATEGY= 1      ERROR MATRIX ACCURATE 
  EXT PARAMETER                                   STEP         FIRST   
  NO.   NAME      VALUE            ERROR          SIZE      DERIVATIVE 
   1  p0           1.07069e+00   1.78532e-03   2.17216e-06   3.00025e-05
   2  p1           2.11177e-02   1.25849e-03   1.53117e-06  -2.18829e-05
SaveSource cannot open file: /home/zhangfy/nl_target/toyMC/results/data_17574.C
1.06848	0.00392732
1.0724	0.00352835
1.06559	0.00347685
1.08563	0.00352942
1.08408	0.00343516
1.0868	0.00326158
1.12039	0.00350362
1.14303	0.00499634
 FCN=12.0844 FROM MIGRAD    STATUS=CONVERGED      36 CALLS          37 TOTAL
                     EDM=4.05941e-15    STRATEGY= 1      ERROR MATRIX ACCURATE 
  EXT PARAMETER                                   STEP         FIRST   
  NO.   NAME      VALUE            ERROR          SIZE      DERIVATIVE 
   1  p0           1.06700e+00   1.77904e-03   2.26434e-06   4.52554e-05
   2  p1           2.10707e-02   1.25400e-03   1.59608e-06  -1.04618e-05
SaveSource cannot open file: /home/zhangfy/nl_target/toyMC/results/data_17575.C
1.06773	0.00392456
1.07369	0.00353261
1.07972	0.00352298
1.07645	0.00349958
1.0822	0.00342922
1.09054	0.00327281
1.11406	0.00348384
1.14347	0.00499827
 FCN=4.89537 FROM MIGRAD    STATUS=CONVERGED      36 CALLS          37 TOTAL
                     EDM=9.82589e-16    STRATEGY= 1      ERROR MATRIX ACCURATE 
  EXT PARAMETER                                   STEP         FIRST   
  NO.   NAME      VALUE            ERROR          SIZE      DERIVATIVE 
   1  p0           1.06902e+00   1.78152e-03   1.52033e-06  -2.89325e-05
   2  p1           1.92963e-02   1.25295e-03   1.06926e-06  -9.19321e-06
SaveSource cannot open file: /home/zhangfy/nl_target/toyMC/results/data_17576.C
1.07362	0.00394622
1.06619	0.00350793
1.07454	0.00350605
1.08774	0.00353628
1.08481	0.00343747
1.08936	0.00326926
1.12005	0.00350255
1.14799	0.00501803
 FCN=10.6541 FROM MIGRAD    STATUS=CONVERGED      36 CALLS          37 TOTAL
                     EDM=2.18308e-15    STRATEGY= 1      ERROR MATRIX ACCURATE 
  EXT PARAMETER                                   STEP         FIRST   
  NO.   NAME      VALUE            ERROR          SIZE      DERIVATIVE 
   1  p0           1.06895e+00   1.78280e-03   2.14090e-06   3.49003e-05
   2  p1           2.11054e-02   1.25700e-03   1.50948e-06  -4.29238e-06
SaveSource cannot open file: /home/zhangfy/nl_target/toyMC/results/data_17577.C
1.07152	0.0039385
1.07028	0.00352137
1.07879	0.00351993
1.0765	0.00349974
1.07278	0.00339938
1.09259	0.00327896
1.11913	0.00349968
1.13901	0.00497877
 FCN=9.02056 FROM MIGRAD    STATUS=CONVERGED      36 CALLS          37 TOTAL
                     EDM=3.81621e-15    STRATEGY= 1      ERROR MATRIX ACCURATE 
  EXT PARAMETER                                   STEP         FIRST   
  NO.   NAME      VALUE            ERROR          SIZE      DERIVATIVE 
   1  p0           1.06745e+00   1.77891e-03   1.98064e-06   5.10089e-05
   2  p1           2.00797e-02   1.25210e-03   1.39409e-06   3.97233e-06
SaveSource cannot open file: /home/zhangfy/nl_target/toyMC/results/data_17578.C
1.07515	0.00395182
1.06955	0.003519
1.07847	0.00351888
1.08236	0.00351881
1.08556	0.00343985
1.0922	0.00327781
1.11364	0.00348253
1.14154	0.00498984
 FCN=4.76225 FROM MIGRAD    STATUS=CONVERGED      36 CALLS          37 TOTAL
                     EDM=1.84646e-16    STRATEGY= 1      ERROR MATRIX ACCURATE 
  EXT PARAMETER                                   STEP         FIRST   
  NO.   NAME      VALUE            ERROR          SIZE      DERIVATIVE 
   1  p0           1.07142e+00   1.78392e-03   1.50503e-06   1.47505e-05
   2  p1           1.82903e-02   1.25227e-03   1.05650e-06   1.71814e-05
SaveSource cannot open file: /home/zhangfy/nl_target/toyMC/results/data_17579.C
1.06897	0.00392913
1.07015	0.00352096
1.07362	0.00350305
1.07991	0.00351084
1.07955	0.0034208
1.09573	0.0032884
1.12663	0.00352313
1.15195	0.00503534
 FCN=1.80204 FROM MIGRAD    STATUS=CONVERGED      36 CALLS          37 TOTAL
                     EDM=1.8725e-16    STRATEGY= 1      ERROR MATRIX ACCURATE 
  EXT PARAMETER                                   STEP         FIRST   
  NO.   NAME      VALUE            ERROR          SIZE      DERIVATIVE 
   1  p0           1.06644e+00   1.78086e-03   1.04996e-06  -1.47806e-05
   2  p1           2.39379e-02   1.26067e-03   7.43272e-07  -1.74277e-05
SaveSource cannot open file: /home/zhangfy/nl_target/toyMC/results/data_17580.C
1.07551	0.00395317
1.07525	0.00353775
1.07089	0.00349414
1.0797	0.00351015
1.07941	0.00342036
1.09107	0.0032744
1.1164	0.00349116
1.14807	0.00501837
 FCN=4.42097 FROM MIGRAD    STATUS=CONVERGED      36 CALLS          37 TOTAL
                     EDM=4.81094e-15    STRATEGY= 1      ERROR MATRIX ACCURATE 
  EXT PARAMETER                                   STEP         FIRST   
  NO.   NAME      VALUE            ERROR          SIZE      DERIVATIVE 
   1  p0           1.06849e+00   1.78242e-03   1.45865e-06  -1.25191e-05
   2  p1           2.04318e-02   1.25622e-03   1.02803e-06   6.47001e-05
SaveSource cannot open file: /home/zhangfy/nl_target/toyMC/results/data_17581.C
1.07654	0.00395695
1.07445	0.00353509
1.07236	0.00349894
1.0763	0.0034991
1.0866	0.00344314
1.0909	0.00327389
1.11815	0.00349663
1.14571	0.00500804
 FCN=4.91309 FROM MIGRAD    STATUS=CONVERGED      36 CALLS          37 TOTAL
                     EDM=2.07816e-16    STRATEGY= 1      ERROR MATRIX ACCURATE 
  EXT PARAMETER                                   STEP         FIRST   
  NO.   NAME      VALUE            ERROR          SIZE      DERIVATIVE 
   1  p0           1.06963e+00   1.78334e-03   1.52455e-06  -8.94120e-06
   2  p1           2.00984e-02   1.25575e-03   1.07352e-06   4.60419e-06
SaveSource cannot open file: /home/zhangfy/nl_target/toyMC/results/data_17582.C
1.06774	0.00392461
1.07442	0.00353502
1.07364	0.00350312
1.08269	0.00351985
1.07953	0.00342075
1.09207	0.00327742
1.11218	0.00347794
1.15299	0.00503986
 FCN=9.91362 FROM MIGRAD    STATUS=CONVERGED      36 CALLS          37 TOTAL
                     EDM=3.66715e-16    STRATEGY= 1      ERROR MATRIX ACCURATE 
  EXT PARAMETER                                   STEP         FIRST   
  NO.   NAME      VALUE            ERROR          SIZE      DERIVATIVE 
   1  p0           1.06792e+00   1.78208e-03   2.06916e-06  -2.08936e-05
   2  p1           2.07566e-02   1.25683e-03   1.45930e-06  -2.36607e-05
SaveSource cannot open file: /home/zhangfy/nl_target/toyMC/results/data_17583.C
1.07355	0.00394594
1.06747	0.00351213
1.07631	0.00351184
1.07664	0.00350019
1.08375	0.00343413
1.08938	0.00326933
1.12246	0.00351009
1.15069	0.00502982
 FCN=4.1645 FROM MIGRAD    STATUS=CONVERGED      36 CALLS          37 TOTAL
                     EDM=2.21231e-15    STRATEGY= 1      ERROR MATRIX ACCURATE 
  EXT PARAMETER                                   STEP         FIRST   
  NO.   NAME      VALUE            ERROR          SIZE      DERIVATIVE 
   1  p0           1.06692e+00   1.78133e-03   1.42421e-06  -8.59048e-07
   2  p1           2.24479e-02   1.25898e-03   1.00658e-06  -5.36701e-05
SaveSource cannot open file: /home/zhangfy/nl_target/toyMC/results/data_17584.C
1.07163	0.0039389
1.07113	0.00352417
1.07372	0.00350338
1.07878	0.00350716
1.07838	0.00341709
1.08807	0.00326541
1.11793	0.00349594
1.14309	0.0049966
 FCN=0.791671 FROM MIGRAD    STATUS=CONVERGED      36 CALLS          37 TOTAL
                     EDM=1.20278e-16    STRATEGY= 1      ERROR MATRIX ACCURATE 
  EXT PARAMETER                                   STEP         FIRST   
  NO.   NAME      VALUE            ERROR          SIZE      DERIVATIVE 
   1  p0           1.06709e+00   1.77944e-03   8.37478e-07   5.30318e-06
   2  p1           2.04208e-02   1.25368e-03   5.90035e-07  -5.89794e-06
SaveSource cannot open file: /home/zhangfy/nl_target/toyMC/results/data_17585.C
1.07223	0.0039411
1.06698	0.00351052
1.08205	0.00353056
1.0796	0.00350982
1.08618	0.00344183
1.08967	0.00327022
1.12233	0.0035097
1.14906	0.0050227
 FCN=8.99752 FROM MIGRAD    STATUS=CONVERGED      36 CALLS          37 TOTAL
                     EDM=9.0405e-16    STRATEGY= 1      ERROR MATRIX ACCURATE 
  EXT PARAMETER                                   STEP         FIRST   
  NO.   NAME      VALUE            ERROR          SIZE      DERIVATIVE 
   1  p0           1.06904e+00   1.78360e-03   1.98380e-06  -9.09984e-06
   2  p1           2.15256e-02   1.25852e-03   1.39979e-06   2.35403e-05
SaveSource cannot open file: /home/zhangfy/nl_target/toyMC/results/data_17586.C
1.07325	0.00394485
1.07869	0.00354904
1.07435	0.00350545
1.0791	0.0035082
1.08509	0.00343837
1.09029	0.00327206
1.11454	0.00348535
1.15402	0.00504437
 FCN=8.88873 FROM MIGRAD    STATUS=CONVERGED      36 CALLS          37 TOTAL
                     EDM=2.98636e-17    STRATEGY= 1      ERROR MATRIX ACCURATE 
  EXT PARAMETER                                   STEP         FIRST   
  NO.   NAME      VALUE            ERROR          SIZE      DERIVATIVE 
   1  p0           1.06996e+00   1.78570e-03   1.97262e-06   2.22650e-06
   2  p1           2.03625e-02   1.25901e-03   1.39079e-06  -3.50917e-06
SaveSource cannot open file: /home/zhangfy/nl_target/toyMC/results/data_17587.C
1.08031	0.00397078
1.07433	0.0035347
1.07927	0.0035215
1.07509	0.00349517
1.07974	0.00342142
1.09364	0.00328213
1.11336	0.00348164
1.14966	0.00502533
 FCN=12.1926 FROM MIGRAD    STATUS=CONVERGED      36 CALLS          37 TOTAL
                     EDM=1.40857e-15    STRATEGY= 1      ERROR MATRIX ACCURATE 
  EXT PARAMETER                                   STEP         FIRST   
  NO.   NAME      VALUE            ERROR          SIZE      DERIVATIVE 
   1  p0           1.07057e+00   1.78552e-03   2.27766e-06   2.01703e-05
   2  p1           1.93488e-02   1.25680e-03   1.60321e-06  -1.69524e-05
SaveSource cannot open file: /home/zhangfy/nl_target/toyMC/results/data_17588.C
1.07113	0.00393707
1.07298	0.00353027
1.0776	0.00351605
1.07748	0.00350293
1.08054	0.00342396
1.09407	0.00328342
1.10998	0.00347108
1.14795	0.00501785
 FCN=8.73168 FROM MIGRAD    STATUS=CONVERGED      36 CALLS          37 TOTAL
                     EDM=2.64589e-16    STRATEGY= 1      ERROR MATRIX ACCURATE 
  EXT PARAMETER                                   STEP         FIRST   
  NO.   NAME      VALUE            ERROR          SIZE      DERIVATIVE 
   1  p0           1.06920e+00   1.78237e-03   1.95364e-06  -9.31985e-06
   2  p1           1.92816e-02   1.25393e-03   1.37442e-06   6.47511e-06
SaveSource cannot open file: /home/zhangfy/nl_target/toyMC/results/data_17589.C
1.07573	0.00395397
1.07431	0.00353464
1.07796	0.00351722
1.07876	0.00350708
1.0739	0.0034029
1.08887	0.00326779
1.11468	0.00348578
1.1458	0.00500846
 FCN=8.62052 FROM MIGRAD    STATUS=CONVERGED      36 CALLS          37 TOTAL
                     EDM=7.56454e-17    STRATEGY= 1      ERROR MATRIX ACCURATE 
  EXT PARAMETER                                   STEP         FIRST   
  NO.   NAME      VALUE            ERROR          SIZE      DERIVATIVE 
   1  p0           1.06868e+00   1.78243e-03   1.94181e-06   9.42239e-06
   2  p1           1.94448e-02   1.25482e-03   1.36703e-06   7.45549e-06
SaveSource cannot open file: /home/zhangfy/nl_target/toyMC/results/data_17590.C
1.0723	0.00394136
1.07053	0.00352221
1.07609	0.00351111
1.07907	0.00350808
1.07706	0.00341294
1.09562	0.00328805
1.11616	0.0034904
1.14376	0.00499954
 FCN=4.99555 FROM MIGRAD    STATUS=CONVERGED      36 CALLS          37 TOTAL
                     EDM=6.744e-17    STRATEGY= 1      ERROR MATRIX ACCURATE 
  EXT PARAMETER                                   STEP         FIRST   
  NO.   NAME      VALUE            ERROR          SIZE      DERIVATIVE 
   1  p0           1.06846e+00   1.78078e-03   1.53359e-06   6.18968e-06
   2  p1           2.01565e-02   1.25361e-03   1.07960e-06  -6.62269e-07
SaveSource cannot open file: /home/zhangfy/nl_target/toyMC/results/data_17591.C
1.06964	0.00393159
1.07449	0.00353525
1.07391	0.00350401
1.0782	0.00350528
1.07978	0.00342154
1.08887	0.00326781
1.12559	0.00351989
1.15077	0.00503017
 FCN=2.16742 FROM MIGRAD    STATUS=CONVERGED      36 CALLS          37 TOTAL
                     EDM=5.47833e-15    STRATEGY= 1      ERROR MATRIX ACCURATE 
  EXT PARAMETER                                   STEP         FIRST   
  NO.   NAME      VALUE            ERROR          SIZE      DERIVATIVE 
   1  p0           1.06658e+00   1.78140e-03   1.11554e-06   5.68923e-05
   2  p1           2.29969e-02   1.26015e-03   7.89125e-07  -3.74377e-06
SaveSource cannot open file: /home/zhangfy/nl_target/toyMC/results/data_17592.C
1.07093	0.00393633
1.06957	0.00351903
1.06873	0.0034871
1.07844	0.00350604
1.08776	0.00344682
1.08968	0.00327023
1.12075	0.00350474
1.1542	0.00504516
 FCN=7.00944 FROM MIGRAD    STATUS=CONVERGED      36 CALLS          37 TOTAL
                     EDM=1.07954e-16    STRATEGY= 1      ERROR MATRIX ACCURATE 
  EXT PARAMETER                                   STEP         FIRST   
  NO.   NAME      VALUE            ERROR          SIZE      DERIVATIVE 
   1  p0           1.06609e+00   1.78060e-03   1.77331e-06  -1.01925e-05
   2  p1           2.31124e-02   1.25974e-03   1.25458e-06  -4.67247e-06
SaveSource cannot open file: /home/zhangfy/nl_target/toyMC/results/data_17593.C
1.06576	0.00391732
1.0681	0.00351422
1.0758	0.00351017
1.07875	0.00350705
1.08208	0.00342883
1.08671	0.00326132
1.12064	0.00350441
1.13588	0.00496508
 FCN=5.88231 FROM MIGRAD    STATUS=CONVERGED      36 CALLS          37 TOTAL
                     EDM=3.51257e-16    STRATEGY= 1      ERROR MATRIX ACCURATE 
  EXT PARAMETER                                   STEP         FIRST   
  NO.   NAME      VALUE            ERROR          SIZE      DERIVATIVE 
   1  p0           1.06681e+00   1.77708e-03   1.64055e-06  -2.06608e-05
   2  p1           2.01300e-02   1.25035e-03   1.15429e-06  -2.15834e-05
SaveSource cannot open file: /home/zhangfy/nl_target/toyMC/results/data_17594.C
1.07295	0.00394375
1.08084	0.00355613
1.0724	0.00349909
1.08219	0.00351825
1.07523	0.00340713
1.09168	0.00327623
1.11531	0.00348773
1.14571	0.00500806
 FCN=10.5918 FROM MIGRAD    STATUS=CONVERGED      34 CALLS          35 TOTAL
                     EDM=9.13897e-17    STRATEGY= 1      ERROR MATRIX ACCURATE 
  EXT PARAMETER                                   STEP         FIRST   
  NO.   NAME      VALUE            ERROR          SIZE      DERIVATIVE 
   1  p0           1.06967e+00   1.78347e-03   2.13340e-06  -6.90469e-06
   2  p1           1.94263e-02   1.25507e-03   1.50132e-06   1.32222e-06
SaveSource cannot open file: /home/zhangfy/nl_target/toyMC/results/data_17595.C
1.06685	0.00392132
1.07174	0.00352618
1.0743	0.00350528
1.08244	0.00351905
1.08447	0.00343639
1.08992	0.00327096
1.11813	0.00349657
1.14835	0.00501962
 FCN=3.70869 FROM MIGRAD    STATUS=CONVERGED      36 CALLS          37 TOTAL
                     EDM=1.03141e-16    STRATEGY= 1      ERROR MATRIX ACCURATE 
  EXT PARAMETER                                   STEP         FIRST   
  NO.   NAME      VALUE            ERROR          SIZE      DERIVATIVE 
   1  p0           1.06798e+00   1.78140e-03   1.35971e-06  -3.59920e-06
   2  p1           2.11816e-02   1.25630e-03   9.58906e-07  -1.43649e-05
SaveSource cannot open file: /home/zhangfy/nl_target/toyMC/results/data_17596.C
1.07163	0.00393889
1.07701	0.00354353
1.08016	0.0035244
1.08104	0.00351449
1.08039	0.00342347
1.0905	0.0032727
1.12113	0.00350593
1.15173	0.00503437
 FCN=4.17595 FROM MIGRAD    STATUS=CONVERGED      36 CALLS          37 TOTAL
                     EDM=2.75211e-15    STRATEGY= 1      ERROR MATRIX ACCURATE 
  EXT PARAMETER                                   STEP         FIRST   
  NO.   NAME      VALUE            ERROR          SIZE      DERIVATIVE 
   1  p0           1.06994e+00   1.78579e-03   1.42812e-06   2.29800e-06
   2  p1           2.11628e-02   1.26012e-03   1.00773e-06   6.10894e-05
SaveSource cannot open file: /home/zhangfy/nl_target/toyMC/results/data_17597.C
1.07408	0.00394791
1.07323	0.00353108
1.07399	0.00350427
1.07753	0.00350308
1.08254	0.00343027
1.09031	0.00327212
1.12041	0.00350368
1.14597	0.00500921
 FCN=0.94687 FROM MIGRAD    STATUS=CONVERGED      36 CALLS          37 TOTAL
                     EDM=3.07948e-15    STRATEGY= 1      ERROR MATRIX ACCURATE 
  EXT PARAMETER                                   STEP         FIRST   
  NO.   NAME      VALUE            ERROR          SIZE      DERIVATIVE 
   1  p0           1.06850e+00   1.78217e-03   8.74481e-07  -1.56041e-06
   2  p1           2.08643e-02   1.25637e-03   6.16481e-07   6.09088e-05
SaveSource cannot open file: /home/zhangfy/nl_target/toyMC/results/data_17598.C
1.07781	0.0039616
1.06984	0.00351993
1.07315	0.00350154
1.07868	0.00350682
1.08494	0.0034379
1.09035	0.00327225
1.11307	0.00348073
1.14689	0.00501324
 FCN=7.39485 FROM MIGRAD    STATUS=CONVERGED      36 CALLS          37 TOTAL
                     EDM=2.93366e-15    STRATEGY= 1      ERROR MATRIX ACCURATE 
  EXT PARAMETER                                   STEP         FIRST   
  NO.   NAME      VALUE            ERROR          SIZE      DERIVATIVE 
   1  p0           1.06922e+00   1.78259e-03   1.81491e-06   1.12104e-05
   2  p1           1.95130e-02   1.25448e-03   1.27723e-06   7.10344e-05
SaveSource cannot open file: /home/zhangfy/nl_target/toyMC/results/data_17599.C
