1.0681	0.00392592
1.06728	0.00351153
1.0758	0.00351018
1.07283	0.00348781
1.07727	0.00341358
1.08689	0.00326187
1.11708	0.00349329
1.13903	0.00497884
 FCN=3.15725 FROM MIGRAD    STATUS=CONVERGED      36 CALLS          37 TOTAL
                     EDM=1.00924e-15    STRATEGY= 1      ERROR MATRIX ACCURATE 
  EXT PARAMETER                                   STEP         FIRST   
  NO.   NAME      VALUE            ERROR          SIZE      DERIVATIVE 
   1  p0           1.06493e+00   1.77542e-03   1.27320e-06  -1.50671e-05
   2  p1           2.04521e-02   1.25065e-03   8.96876e-07   1.76150e-05
SaveSource cannot open file: /home/zhangfy/nl_target/toyMC/results/data_17900.C
1.06412	0.00391128
1.07533	0.00353798
1.07667	0.00351301
1.07952	0.00350955
1.08199	0.00342855
1.0904	0.00327241
1.11597	0.0034898
1.14466	0.00500348
 FCN=5.09636 FROM MIGRAD    STATUS=CONVERGED      36 CALLS          37 TOTAL
                     EDM=4.54744e-15    STRATEGY= 1      ERROR MATRIX ACCURATE 
  EXT PARAMETER                                   STEP         FIRST   
  NO.   NAME      VALUE            ERROR          SIZE      DERIVATIVE 
   1  p0           1.06833e+00   1.78089e-03   1.54618e-06   1.99616e-06
   2  p1           2.01143e-02   1.25387e-03   1.08862e-06   7.79979e-05
SaveSource cannot open file: /home/zhangfy/nl_target/toyMC/results/data_17901.C
1.06396	0.0039107
1.06799	0.00351384
1.07322	0.00350174
1.08026	0.00351197
1.08661	0.00344317
1.09277	0.00327952
1.11781	0.00349555
1.15515	0.00504933
 FCN=9.12215 FROM MIGRAD    STATUS=CONVERGED      36 CALLS          37 TOTAL
                     EDM=1.73305e-15    STRATEGY= 1      ERROR MATRIX ACCURATE 
  EXT PARAMETER                                   STEP         FIRST   
  NO.   NAME      VALUE            ERROR          SIZE      DERIVATIVE 
   1  p0           1.06602e+00   1.77998e-03   1.99329e-06   3.15474e-05
   2  p1           2.30555e-02   1.25888e-03   1.40974e-06  -3.04304e-06
SaveSource cannot open file: /home/zhangfy/nl_target/toyMC/results/data_17902.C
1.07459	0.00394976
1.07516	0.00353744
1.07212	0.00349817
1.0838	0.00352346
1.08458	0.00343677
1.09958	0.00329995
1.11852	0.00349777
1.14875	0.00502135
 FCN=6.72918 FROM MIGRAD    STATUS=CONVERGED      34 CALLS          35 TOTAL
                     EDM=3.2645e-17    STRATEGY= 1      ERROR MATRIX ACCURATE 
  EXT PARAMETER                                   STEP         FIRST   
  NO.   NAME      VALUE            ERROR          SIZE      DERIVATIVE 
   1  p0           1.07129e+00   1.78557e-03   1.74645e-06   2.59367e-06
   2  p1           2.05898e-02   1.25749e-03   1.22994e-06  -3.29833e-06
SaveSource cannot open file: /home/zhangfy/nl_target/toyMC/results/data_17903.C
1.0721	0.00394064
1.0733	0.00353132
1.06874	0.00348713
1.08204	0.00351776
1.08121	0.00342608
1.09064	0.00327312
1.11508	0.00348702
1.13976	0.00498205
 FCN=3.71386 FROM MIGRAD    STATUS=CONVERGED      36 CALLS          37 TOTAL
                     EDM=2.12846e-15    STRATEGY= 1      ERROR MATRIX ACCURATE 
  EXT PARAMETER                                   STEP         FIRST   
  NO.   NAME      VALUE            ERROR          SIZE      DERIVATIVE 
   1  p0           1.06856e+00   1.77989e-03   1.35880e-06   2.83274e-05
   2  p1           1.92178e-02   1.25112e-03   9.55131e-07  -1.53666e-05
SaveSource cannot open file: /home/zhangfy/nl_target/toyMC/results/data_17904.C
1.07735	0.00395992
1.07523	0.00353767
1.07748	0.00351566
1.07862	0.00350662
1.08174	0.00342776
1.09151	0.00327573
1.12077	0.00350481
1.15046	0.0050288
 FCN=2.84173 FROM MIGRAD    STATUS=CONVERGED      36 CALLS          37 TOTAL
                     EDM=2.18523e-17    STRATEGY= 1      ERROR MATRIX ACCURATE 
  EXT PARAMETER                                   STEP         FIRST   
  NO.   NAME      VALUE            ERROR          SIZE      DERIVATIVE 
   1  p0           1.07011e+00   1.78569e-03   1.23026e-06   4.87199e-06
   2  p1           2.08989e-02   1.25946e-03   8.67711e-07   6.47547e-06
SaveSource cannot open file: /home/zhangfy/nl_target/toyMC/results/data_17905.C
1.06978	0.00393208
1.06862	0.00351593
1.07504	0.0035077
1.08282	0.0035203
1.07988	0.00342186
1.09482	0.00328568
1.11642	0.0034912
1.14307	0.00499653
 FCN=4.86125 FROM MIGRAD    STATUS=CONVERGED      36 CALLS          37 TOTAL
                     EDM=2.13478e-16    STRATEGY= 1      ERROR MATRIX ACCURATE 
  EXT PARAMETER                                   STEP         FIRST   
  NO.   NAME      VALUE            ERROR          SIZE      DERIVATIVE 
   1  p0           1.06851e+00   1.78037e-03   1.51646e-06  -1.08544e-05
   2  p1           2.02192e-02   1.25306e-03   1.06731e-06   1.48957e-06
SaveSource cannot open file: /home/zhangfy/nl_target/toyMC/results/data_17906.C
1.06474	0.00391359
1.07656	0.00354203
1.07907	0.00352084
1.07602	0.00349818
1.08478	0.00343737
1.09285	0.00327975
1.11594	0.00348971
1.14457	0.00500307
 FCN=8.33919 FROM MIGRAD    STATUS=CONVERGED      36 CALLS          37 TOTAL
                     EDM=1.59553e-16    STRATEGY= 1      ERROR MATRIX ACCURATE 
  EXT PARAMETER                                   STEP         FIRST   
  NO.   NAME      VALUE            ERROR          SIZE      DERIVATIVE 
   1  p0           1.06944e+00   1.78223e-03   1.91519e-06   7.04906e-06
   2  p1           1.98284e-02   1.25409e-03   1.34765e-06  -5.33178e-06
SaveSource cannot open file: /home/zhangfy/nl_target/toyMC/results/data_17907.C
1.06927	0.00393023
1.07485	0.00353641
1.0724	0.00349909
1.07719	0.00350199
1.08457	0.00343673
1.08785	0.00326474
1.11888	0.00349892
1.14669	0.00501236
 FCN=3.08863 FROM MIGRAD    STATUS=CONVERGED      36 CALLS          37 TOTAL
                     EDM=1.69495e-16    STRATEGY= 1      ERROR MATRIX ACCURATE 
  EXT PARAMETER                                   STEP         FIRST   
  NO.   NAME      VALUE            ERROR          SIZE      DERIVATIVE 
   1  p0           1.06759e+00   1.78096e-03   1.26633e-06  -2.77847e-06
   2  p1           2.09714e-02   1.25588e-03   8.92986e-07   1.16494e-05
SaveSource cannot open file: /home/zhangfy/nl_target/toyMC/results/data_17908.C
1.06938	0.00393061
1.06609	0.00350759
1.07759	0.00351602
1.07851	0.00350627
1.0857	0.00344031
1.09014	0.00327161
1.11614	0.00349035
1.1464	0.0050111
 FCN=7.04257 FROM MIGRAD    STATUS=CONVERGED      36 CALLS          37 TOTAL
                     EDM=1.1114e-16    STRATEGY= 1      ERROR MATRIX ACCURATE 
  EXT PARAMETER                                   STEP         FIRST   
  NO.   NAME      VALUE            ERROR          SIZE      DERIVATIVE 
   1  p0           1.06769e+00   1.78031e-03   1.77580e-06   2.94093e-06
   2  p1           2.06998e-02   1.25452e-03   1.25134e-06   1.43926e-05
SaveSource cannot open file: /home/zhangfy/nl_target/toyMC/results/data_17909.C
1.07768	0.00396113
1.0698	0.00351979
1.07707	0.00351431
1.07201	0.00348514
1.07782	0.00341534
1.08698	0.00326214
1.11893	0.00349907
1.14702	0.00501378
 FCN=9.80039 FROM MIGRAD    STATUS=CONVERGED      36 CALLS          37 TOTAL
                     EDM=3.22918e-15    STRATEGY= 1      ERROR MATRIX ACCURATE 
  EXT PARAMETER                                   STEP         FIRST   
  NO.   NAME      VALUE            ERROR          SIZE      DERIVATIVE 
   1  p0           1.06663e+00   1.78044e-03   2.05643e-06   4.73042e-05
   2  p1           2.10182e-02   1.25636e-03   1.45111e-06   4.54462e-06
SaveSource cannot open file: /home/zhangfy/nl_target/toyMC/results/data_17910.C
1.07253	0.00394222
1.07383	0.00353307
1.07209	0.00349808
1.08135	0.00351552
1.08264	0.00343059
1.09729	0.00329307
1.12128	0.00350641
1.14367	0.00499916
 FCN=3.50353 FROM MIGRAD    STATUS=CONVERGED      36 CALLS          37 TOTAL
                     EDM=2.57629e-15    STRATEGY= 1      ERROR MATRIX ACCURATE 
  EXT PARAMETER                                   STEP         FIRST   
  NO.   NAME      VALUE            ERROR          SIZE      DERIVATIVE 
   1  p0           1.06982e+00   1.78269e-03   1.33151e-06   3.64957e-05
   2  p1           2.07673e-02   1.25543e-03   9.37687e-07  -7.36686e-06
SaveSource cannot open file: /home/zhangfy/nl_target/toyMC/results/data_17911.C
1.07579	0.0039542
1.07264	0.00352913
1.07296	0.00350091
1.07729	0.00350231
1.08109	0.00342571
1.0948	0.0032856
1.11376	0.0034829
1.15488	0.00504814
 FCN=9.8262 FROM MIGRAD    STATUS=CONVERGED      36 CALLS          37 TOTAL
                     EDM=2.15226e-16    STRATEGY= 1      ERROR MATRIX ACCURATE 
  EXT PARAMETER                                   STEP         FIRST   
  NO.   NAME      VALUE            ERROR          SIZE      DERIVATIVE 
   1  p0           1.06824e+00   1.78323e-03   2.06231e-06   1.26100e-05
   2  p1           2.12213e-02   1.25862e-03   1.45560e-06   2.08986e-06
SaveSource cannot open file: /home/zhangfy/nl_target/toyMC/results/data_17912.C
1.07263	0.00394258
1.0715	0.00352538
1.06878	0.00348727
1.08547	0.00352889
1.07802	0.00341596
1.09626	0.00328999
1.1142	0.00348427
1.15012	0.00502733
 FCN=13.2218 FROM MIGRAD    STATUS=CONVERGED      36 CALLS          37 TOTAL
                     EDM=5.66197e-17    STRATEGY= 1      ERROR MATRIX ACCURATE 
  EXT PARAMETER                                   STEP         FIRST   
  NO.   NAME      VALUE            ERROR          SIZE      DERIVATIVE 
   1  p0           1.06807e+00   1.78142e-03   2.36280e-06   4.11423e-06
   2  p1           2.09614e-02   1.25595e-03   1.66584e-06   1.14045e-05
SaveSource cannot open file: /home/zhangfy/nl_target/toyMC/results/data_17913.C
1.0701	0.00393328
1.06992	0.00352018
1.07474	0.0035067
1.07745	0.00350282
1.07878	0.00341837
1.09169	0.00327627
1.11612	0.00349027
1.14002	0.00498321
 FCN=1.14144 FROM MIGRAD    STATUS=CONVERGED      34 CALLS          35 TOTAL
                     EDM=2.04277e-16    STRATEGY= 1      ERROR MATRIX ACCURATE 
  EXT PARAMETER                                   STEP         FIRST   
  NO.   NAME      VALUE            ERROR          SIZE      DERIVATIVE 
   1  p0           1.06747e+00   1.77861e-03   9.15424e-07  -1.03400e-05
   2  p1           1.98329e-02   1.25137e-03   6.44059e-07   2.00563e-06
SaveSource cannot open file: /home/zhangfy/nl_target/toyMC/results/data_17914.C
1.07068	0.0039354
1.07486	0.00353645
1.07702	0.00351416
1.08031	0.00351212
1.0825	0.00343017
1.08791	0.00326494
1.11776	0.00349539
1.14869	0.00502107
 FCN=2.96281 FROM MIGRAD    STATUS=CONVERGED      36 CALLS          37 TOTAL
                     EDM=5.2691e-16    STRATEGY= 1      ERROR MATRIX ACCURATE 
  EXT PARAMETER                                   STEP         FIRST   
  NO.   NAME      VALUE            ERROR          SIZE      DERIVATIVE 
   1  p0           1.06897e+00   1.78337e-03   1.24772e-06   1.85572e-06
   2  p1           2.04675e-02   1.25703e-03   8.79474e-07   2.75828e-05
SaveSource cannot open file: /home/zhangfy/nl_target/toyMC/results/data_17915.C
1.07119	0.00393726
1.07183	0.00352649
1.07571	0.00350989
1.07836	0.00350579
1.08214	0.00342901
1.08612	0.00325956
1.12106	0.00350572
1.15035	0.00502833
 FCN=3.23797 FROM MIGRAD    STATUS=CONVERGED      36 CALLS          37 TOTAL
                     EDM=4.43941e-17    STRATEGY= 1      ERROR MATRIX ACCURATE 
  EXT PARAMETER                                   STEP         FIRST   
  NO.   NAME      VALUE            ERROR          SIZE      DERIVATIVE 
   1  p0           1.06705e+00   1.78161e-03   1.28962e-06  -7.12044e-06
   2  p1           2.18565e-02   1.25853e-03   9.10985e-07  -8.82953e-06
SaveSource cannot open file: /home/zhangfy/nl_target/toyMC/results/data_17916.C
1.07082	0.0039359
1.06887	0.00351675
1.07384	0.00350377
1.07565	0.00349698
1.08182	0.00342802
1.09803	0.00329529
1.11725	0.0034938
1.15297	0.0050398
 FCN=7.97952 FROM MIGRAD    STATUS=CONVERGED      36 CALLS          37 TOTAL
                     EDM=9.79638e-16    STRATEGY= 1      ERROR MATRIX ACCURATE 
  EXT PARAMETER                                   STEP         FIRST   
  NO.   NAME      VALUE            ERROR          SIZE      DERIVATIVE 
   1  p0           1.06687e+00   1.78067e-03   1.87784e-06   9.75518e-06
   2  p1           2.24274e-02   1.25810e-03   1.32675e-06  -2.41751e-05
SaveSource cannot open file: /home/zhangfy/nl_target/toyMC/results/data_17917.C
1.06844	0.00392718
1.06893	0.00351694
1.07906	0.0035208
1.07766	0.00350352
1.08128	0.0034263
1.09469	0.00328529
1.1155	0.00348833
1.15223	0.00503656
 FCN=8.0685 FROM MIGRAD    STATUS=CONVERGED      36 CALLS          37 TOTAL
                     EDM=2.22705e-16    STRATEGY= 1      ERROR MATRIX ACCURATE 
  EXT PARAMETER                                   STEP         FIRST   
  NO.   NAME      VALUE            ERROR          SIZE      DERIVATIVE 
   1  p0           1.06759e+00   1.78153e-03   1.88690e-06   1.10616e-05
   2  p1           2.15490e-02   1.25739e-03   1.33176e-06   2.32922e-05
SaveSource cannot open file: /home/zhangfy/nl_target/toyMC/results/data_17918.C
1.06897	0.0039291
1.07441	0.00353497
1.07724	0.00351487
1.07675	0.00350056
1.08524	0.00343883
1.09691	0.00329195
1.11875	0.00349849
1.14194	0.0049916
 FCN=5.13927 FROM MIGRAD    STATUS=CONVERGED      36 CALLS          37 TOTAL
                     EDM=5.70145e-16    STRATEGY= 1      ERROR MATRIX ACCURATE 
  EXT PARAMETER                                   STEP         FIRST   
  NO.   NAME      VALUE            ERROR          SIZE      DERIVATIVE 
   1  p0           1.07026e+00   1.78260e-03   1.55411e-06   2.39460e-05
   2  p1           1.99269e-02   1.25375e-03   1.09305e-06   1.24933e-05
SaveSource cannot open file: /home/zhangfy/nl_target/toyMC/results/data_17919.C
1.06509	0.00391484
1.07458	0.00353554
1.07559	0.00350949
1.07805	0.00350477
1.08231	0.00342956
1.09055	0.00327283
1.11787	0.00349575
1.1509	0.00503075
 FCN=4.30879 FROM MIGRAD    STATUS=CONVERGED      36 CALLS          37 TOTAL
                     EDM=1.20559e-15    STRATEGY= 1      ERROR MATRIX ACCURATE 
  EXT PARAMETER                                   STEP         FIRST   
  NO.   NAME      VALUE            ERROR          SIZE      DERIVATIVE 
   1  p0           1.06718e+00   1.78114e-03   1.44334e-06  -2.31838e-05
   2  p1           2.16891e-02   1.25750e-03   1.01901e-06   8.29121e-06
SaveSource cannot open file: /home/zhangfy/nl_target/toyMC/results/data_17920.C
1.07198	0.00394019
1.07313	0.00353077
1.0707	0.00349353
1.08114	0.00351482
1.07945	0.00342049
1.09104	0.00327431
1.11947	0.00350075
1.14865	0.00502089
 FCN=2.06291 FROM MIGRAD    STATUS=CONVERGED      36 CALLS          37 TOTAL
                     EDM=4.22625e-15    STRATEGY= 1      ERROR MATRIX ACCURATE 
  EXT PARAMETER                                   STEP         FIRST   
  NO.   NAME      VALUE            ERROR          SIZE      DERIVATIVE 
   1  p0           1.06735e+00   1.78107e-03   1.09637e-06   2.88554e-05
   2  p1           2.15601e-02   1.25704e-03   7.73794e-07  -3.85884e-05
SaveSource cannot open file: /home/zhangfy/nl_target/toyMC/results/data_17921.C
1.07089	0.00393617
1.07839	0.00354806
1.07208	0.00349805
1.07969	0.00351012
1.08415	0.0034354
1.09615	0.00328965
1.11936	0.00350041
1.14981	0.00502598
 FCN=4.7823 FROM MIGRAD    STATUS=CONVERGED      36 CALLS          37 TOTAL
                     EDM=8.2781e-17    STRATEGY= 1      ERROR MATRIX ACCURATE 
  EXT PARAMETER                                   STEP         FIRST   
  NO.   NAME      VALUE            ERROR          SIZE      DERIVATIVE 
   1  p0           1.06983e+00   1.78430e-03   1.50928e-06  -6.50270e-06
   2  p1           2.11452e-02   1.25812e-03   1.06420e-06   1.37918e-06
SaveSource cannot open file: /home/zhangfy/nl_target/toyMC/results/data_17922.C
1.07226	0.00394122
1.07438	0.00353486
1.07877	0.00351988
1.08209	0.00351791
1.08268	0.00343074
1.08766	0.00326418
1.11035	0.00347222
1.15025	0.0050279
 FCN=10.2382 FROM MIGRAD    STATUS=CONVERGED      36 CALLS          37 TOTAL
                     EDM=1.16624e-16    STRATEGY= 1      ERROR MATRIX ACCURATE 
  EXT PARAMETER                                   STEP         FIRST   
  NO.   NAME      VALUE            ERROR          SIZE      DERIVATIVE 
   1  p0           1.07015e+00   1.78471e-03   2.10057e-06   2.21985e-07
   2  p1           1.89165e-02   1.25567e-03   1.47789e-06  -1.19414e-05
SaveSource cannot open file: /home/zhangfy/nl_target/toyMC/results/data_17923.C
1.06979	0.00393212
1.07291	0.00353003
1.07839	0.00351863
1.07211	0.00348546
1.0853	0.00343904
1.08545	0.00325755
1.11777	0.00349542
1.16195	0.00507907
 FCN=18.0196 FROM MIGRAD    STATUS=CONVERGED      36 CALLS          37 TOTAL
                     EDM=1.79448e-16    STRATEGY= 1      ERROR MATRIX ACCURATE 
  EXT PARAMETER                                   STEP         FIRST   
  NO.   NAME      VALUE            ERROR          SIZE      DERIVATIVE 
   1  p0           1.06592e+00   1.78290e-03   2.73231e-06  -7.90884e-06
   2  p1           2.31384e-02   1.26322e-03   1.93590e-06   4.91369e-06
SaveSource cannot open file: /home/zhangfy/nl_target/toyMC/results/data_17924.C
1.07269	0.00394277
1.06867	0.00351608
1.07313	0.00350146
1.07846	0.00350611
1.0833	0.00343269
1.09572	0.00328835
1.12302	0.00351186
1.15077	0.00503017
 FCN=2.59454 FROM MIGRAD    STATUS=CONVERGED      36 CALLS          37 TOTAL
                     EDM=2.31669e-16    STRATEGY= 1      ERROR MATRIX ACCURATE 
  EXT PARAMETER                                   STEP         FIRST   
  NO.   NAME      VALUE            ERROR          SIZE      DERIVATIVE 
   1  p0           1.06743e+00   1.78151e-03   1.18913e-06  -4.08937e-06
   2  p1           2.28283e-02   1.25909e-03   8.40417e-07  -2.05884e-05
SaveSource cannot open file: /home/zhangfy/nl_target/toyMC/results/data_17925.C
1.0707	0.00393548
1.07015	0.00352094
1.07654	0.00351258
1.08038	0.00351236
1.08189	0.00342823
1.09012	0.00327156
1.12571	0.00352027
1.14531	0.00500633
 FCN=2.65619 FROM MIGRAD    STATUS=CONVERGED      34 CALLS          35 TOTAL
                     EDM=1.24224e-16    STRATEGY= 1      ERROR MATRIX ACCURATE 
  EXT PARAMETER                                   STEP         FIRST   
  NO.   NAME      VALUE            ERROR          SIZE      DERIVATIVE 
   1  p0           1.06790e+00   1.78147e-03   1.19891e-06  -8.42543e-06
   2  p1           2.19891e-02   1.25745e-03   8.46253e-07   8.42258e-07
SaveSource cannot open file: /home/zhangfy/nl_target/toyMC/results/data_17926.C
1.07608	0.00395524
1.07479	0.00353623
1.07617	0.00351137
1.08227	0.00351852
1.07525	0.00340718
1.09052	0.00327277
1.11863	0.00349811
1.14383	0.00499983
 FCN=5.75847 FROM MIGRAD    STATUS=CONVERGED      36 CALLS          37 TOTAL
                     EDM=3.75059e-17    STRATEGY= 1      ERROR MATRIX ACCURATE 
  EXT PARAMETER                                   STEP         FIRST   
  NO.   NAME      VALUE            ERROR          SIZE      DERIVATIVE 
   1  p0           1.06960e+00   1.78327e-03   1.62930e-06  -5.94464e-06
   2  p1           1.97093e-02   1.25521e-03   1.14683e-06  -2.59833e-06
SaveSource cannot open file: /home/zhangfy/nl_target/toyMC/results/data_17927.C
1.06493	0.00391428
1.07842	0.00354815
1.07485	0.00350706
1.07862	0.00350663
1.08403	0.00343499
1.09196	0.00327707
1.11755	0.00349473
1.14575	0.00500824
 FCN=6.18491 FROM MIGRAD    STATUS=CONVERGED      36 CALLS          37 TOTAL
                     EDM=1.10829e-15    STRATEGY= 1      ERROR MATRIX ACCURATE 
  EXT PARAMETER                                   STEP         FIRST   
  NO.   NAME      VALUE            ERROR          SIZE      DERIVATIVE 
   1  p0           1.06901e+00   1.78214e-03   1.67999e-06   1.33162e-05
   2  p1           2.03786e-02   1.25514e-03   1.18320e-06  -2.18348e-05
SaveSource cannot open file: /home/zhangfy/nl_target/toyMC/results/data_17928.C
1.06869	0.00392807
1.06812	0.00351426
1.07596	0.00351071
1.08006	0.00351131
1.08617	0.00344178
1.08782	0.00326464
1.11594	0.0034897
1.14763	0.00501646
 FCN=6.40909 FROM MIGRAD    STATUS=CONVERGED      36 CALLS          37 TOTAL
                     EDM=2.52857e-16    STRATEGY= 1      ERROR MATRIX ACCURATE 
  EXT PARAMETER                                   STEP         FIRST   
  NO.   NAME      VALUE            ERROR          SIZE      DERIVATIVE 
   1  p0           1.06763e+00   1.78067e-03   1.70434e-06   1.27611e-05
   2  p1           2.07128e-02   1.25513e-03   1.20133e-06   2.48508e-05
SaveSource cannot open file: /home/zhangfy/nl_target/toyMC/results/data_17929.C
1.07317	0.00394456
1.07211	0.00352741
1.07434	0.00350542
1.07879	0.0035072
1.07397	0.00340315
1.09002	0.00327125
1.11636	0.00349101
1.14841	0.00501986
 FCN=5.63006 FROM MIGRAD    STATUS=CONVERGED      36 CALLS          37 TOTAL
                     EDM=8.98915e-17    STRATEGY= 1      ERROR MATRIX ACCURATE 
  EXT PARAMETER                                   STEP         FIRST   
  NO.   NAME      VALUE            ERROR          SIZE      DERIVATIVE 
   1  p0           1.06673e+00   1.78031e-03   1.61129e-06   1.00736e-05
   2  p1           2.09706e-02   1.25600e-03   1.13676e-06   1.27942e-05
SaveSource cannot open file: /home/zhangfy/nl_target/toyMC/results/data_17930.C
1.07249	0.00394207
1.07599	0.00354015
1.07168	0.00349674
1.07708	0.00350162
1.07912	0.00341946
1.09417	0.00328372
1.11929	0.0035002
1.14332	0.0049976
 FCN=3.34273 FROM MIGRAD    STATUS=CONVERGED      36 CALLS          37 TOTAL
                     EDM=6.16057e-16    STRATEGY= 1      ERROR MATRIX ACCURATE 
  EXT PARAMETER                                   STEP         FIRST   
  NO.   NAME      VALUE            ERROR          SIZE      DERIVATIVE 
   1  p0           1.06845e+00   1.78113e-03   1.30560e-06   1.59441e-05
   2  p1           2.05231e-02   1.25456e-03   9.19616e-07  -7.03596e-06
SaveSource cannot open file: /home/zhangfy/nl_target/toyMC/results/data_17931.C
1.07393	0.00394736
1.07446	0.00353513
1.06294	0.00346821
1.08116	0.00351489
1.0882	0.00344823
1.09237	0.00327831
1.11762	0.00349497
1.14437	0.00500221
 FCN=16.1794 FROM MIGRAD    STATUS=CONVERGED      36 CALLS          37 TOTAL
                     EDM=1.34504e-16    STRATEGY= 1      ERROR MATRIX ACCURATE 
  EXT PARAMETER                                   STEP         FIRST   
  NO.   NAME      VALUE            ERROR          SIZE      DERIVATIVE 
   1  p0           1.06859e+00   1.78102e-03   2.59709e-06  -5.04434e-06
   2  p1           2.05099e-02   1.25420e-03   1.82887e-06  -1.69829e-05
SaveSource cannot open file: /home/zhangfy/nl_target/toyMC/results/data_17932.C
1.06971	0.00393185
1.07151	0.00352543
1.07302	0.0035011
1.0857	0.00352964
1.07924	0.00341984
1.09449	0.00328467
1.12059	0.00350426
1.13364	0.00495532
 FCN=8.78051 FROM MIGRAD    STATUS=CONVERGED      36 CALLS          37 TOTAL
                     EDM=1.96438e-16    STRATEGY= 1      ERROR MATRIX ACCURATE 
  EXT PARAMETER                                   STEP         FIRST   
  NO.   NAME      VALUE            ERROR          SIZE      DERIVATIVE 
   1  p0           1.06983e+00   1.78010e-03   1.95945e-06   4.87276e-06
   2  p1           1.91574e-02   1.24982e-03   1.37575e-06  -1.02392e-05
SaveSource cannot open file: /home/zhangfy/nl_target/toyMC/results/data_17933.C
1.07073	0.00393558
1.07152	0.00352548
1.07379	0.00350361
1.07967	0.00351006
1.08362	0.00343372
1.09049	0.00327267
1.12407	0.00351513
1.15003	0.00502693
 FCN=0.666443 FROM MIGRAD    STATUS=CONVERGED      36 CALLS          37 TOTAL
                     EDM=2.71306e-16    STRATEGY= 1      ERROR MATRIX ACCURATE 
  EXT PARAMETER                                   STEP         FIRST   
  NO.   NAME      VALUE            ERROR          SIZE      DERIVATIVE 
   1  p0           1.06746e+00   1.78187e-03   8.09485e-07   3.67329e-06
   2  p1           2.25510e-02   1.25922e-03   5.72052e-07  -1.45121e-05
SaveSource cannot open file: /home/zhangfy/nl_target/toyMC/results/data_17934.C
1.07375	0.00394669
1.06791	0.00351359
1.07658	0.00351273
1.08287	0.00352046
1.08479	0.00343742
1.09249	0.00327868
1.11051	0.00347273
1.13697	0.00496986
 FCN=6.69107 FROM MIGRAD    STATUS=CONVERGED      36 CALLS          37 TOTAL
                     EDM=2.73451e-16    STRATEGY= 1      ERROR MATRIX ACCURATE 
  EXT PARAMETER                                   STEP         FIRST   
  NO.   NAME      VALUE            ERROR          SIZE      DERIVATIVE 
   1  p0           1.07098e+00   1.78171e-03   1.73665e-06   6.04128e-06
   2  p1           1.73706e-02   1.24857e-03   1.21700e-06  -1.16879e-05
SaveSource cannot open file: /home/zhangfy/nl_target/toyMC/results/data_17935.C
1.06529	0.00391559
1.07367	0.00353253
1.08334	0.00353479
1.07802	0.0035047
1.07968	0.00342122
1.09147	0.00327561
1.11497	0.00348668
1.1441	0.005001
 FCN=10.0779 FROM MIGRAD    STATUS=CONVERGED      36 CALLS          37 TOTAL
                     EDM=1.02313e-15    STRATEGY= 1      ERROR MATRIX ACCURATE 
  EXT PARAMETER                                   STEP         FIRST   
  NO.   NAME      VALUE            ERROR          SIZE      DERIVATIVE 
   1  p0           1.06917e+00   1.78193e-03   2.08477e-06   3.84067e-06
   2  p1           1.95192e-02   1.25360e-03   1.46666e-06  -3.20806e-05
SaveSource cannot open file: /home/zhangfy/nl_target/toyMC/results/data_17936.C
1.07003	0.00393302
1.07186	0.00352658
1.06922	0.00348872
1.07774	0.00350377
1.07815	0.00341639
1.09493	0.00328599
1.11967	0.00350137
1.14513	0.00500553
 FCN=3.57615 FROM MIGRAD    STATUS=CONVERGED      36 CALLS          37 TOTAL
                     EDM=2.97307e-16    STRATEGY= 1      ERROR MATRIX ACCURATE 
  EXT PARAMETER                                   STEP         FIRST   
  NO.   NAME      VALUE            ERROR          SIZE      DERIVATIVE 
   1  p0           1.06634e+00   1.77850e-03   1.33909e-06  -1.22373e-05
   2  p1           2.17543e-02   1.25485e-03   9.44819e-07   2.85541e-06
SaveSource cannot open file: /home/zhangfy/nl_target/toyMC/results/data_17937.C
1.06797	0.00392545
1.07511	0.00353728
1.08036	0.00352504
1.08018	0.00351172
1.08391	0.00343463
1.09586	0.0032888
1.11793	0.00349594
1.14372	0.00499936
 FCN=4.59097 FROM MIGRAD    STATUS=CONVERGED      36 CALLS          37 TOTAL
                     EDM=8.17232e-16    STRATEGY= 1      ERROR MATRIX ACCURATE 
  EXT PARAMETER                                   STEP         FIRST   
  NO.   NAME      VALUE            ERROR          SIZE      DERIVATIVE 
   1  p0           1.07106e+00   1.78416e-03   1.48381e-06  -1.36327e-06
   2  p1           1.96554e-02   1.25467e-03   1.04346e-06  -3.35368e-05
SaveSource cannot open file: /home/zhangfy/nl_target/toyMC/results/data_17938.C
1.06176	0.00390261
1.06888	0.00351679
1.07693	0.00351387
1.0749	0.00349454
1.08406	0.0034351
1.09344	0.00328151
1.11374	0.00348283
1.15711	0.00505787
 FCN=15.7456 FROM MIGRAD    STATUS=CONVERGED      36 CALLS          37 TOTAL
                     EDM=2.128e-15    STRATEGY= 1      ERROR MATRIX ACCURATE 
  EXT PARAMETER                                   STEP         FIRST   
  NO.   NAME      VALUE            ERROR          SIZE      DERIVATIVE 
   1  p0           1.06525e+00   1.77922e-03   2.56141e-06   2.98989e-05
   2  p1           2.28001e-02   1.25844e-03   1.81168e-06  -1.26362e-05
SaveSource cannot open file: /home/zhangfy/nl_target/toyMC/results/data_17939.C
1.07017	0.00393353
1.07867	0.00354899
1.07129	0.00349547
1.0823	0.00351861
1.08128	0.0034263
1.09823	0.0032959
1.11596	0.00348979
1.13764	0.0049728
 FCN=8.97044 FROM MIGRAD    STATUS=CONVERGED      36 CALLS          37 TOTAL
                     EDM=5.83397e-16    STRATEGY= 1      ERROR MATRIX ACCURATE 
  EXT PARAMETER                                   STEP         FIRST   
  NO.   NAME      VALUE            ERROR          SIZE      DERIVATIVE 
   1  p0           1.07124e+00   1.78256e-03   1.97988e-06  -1.27157e-05
   2  p1           1.85451e-02   1.25086e-03   1.38932e-06   1.14177e-05
SaveSource cannot open file: /home/zhangfy/nl_target/toyMC/results/data_17940.C
1.07532	0.00395246
1.06768	0.00351283
1.07673	0.00351321
1.07851	0.00350629
1.0827	0.00343078
1.09673	0.0032914
1.1185	0.00349772
1.1462	0.00501019
 FCN=6.21811 FROM MIGRAD    STATUS=CONVERGED      36 CALLS          37 TOTAL
                     EDM=1.3844e-15    STRATEGY= 1      ERROR MATRIX ACCURATE 
  EXT PARAMETER                                   STEP         FIRST   
  NO.   NAME      VALUE            ERROR          SIZE      DERIVATIVE 
   1  p0           1.06924e+00   1.78240e-03   1.68482e-06   2.83087e-05
   2  p1           2.07783e-02   1.25572e-03   1.18697e-06  -2.43001e-06
SaveSource cannot open file: /home/zhangfy/nl_target/toyMC/results/data_17941.C
1.06651	0.00392009
1.07678	0.00354276
1.0739	0.00350396
1.08155	0.00351617
1.0806	0.00342415
1.09511	0.00328652
1.11378	0.00348296
1.1434	0.00499796
 FCN=6.69423 FROM MIGRAD    STATUS=CONVERGED      36 CALLS          37 TOTAL
                     EDM=3.6601e-17    STRATEGY= 1      ERROR MATRIX ACCURATE 
  EXT PARAMETER                                   STEP         FIRST   
  NO.   NAME      VALUE            ERROR          SIZE      DERIVATIVE 
   1  p0           1.06953e+00   1.78170e-03   1.73784e-06  -3.43703e-06
   2  p1           1.93934e-02   1.25271e-03   1.22188e-06  -9.24432e-06
SaveSource cannot open file: /home/zhangfy/nl_target/toyMC/results/data_17942.C
1.06633	0.00391943
1.07046	0.00352196
1.07924	0.00352139
1.08105	0.00351455
1.07987	0.00342183
1.0867	0.0032613
1.11798	0.00349608
1.1477	0.00501675
 FCN=6.34092 FROM MIGRAD    STATUS=CONVERGED      36 CALLS          37 TOTAL
                     EDM=6.51041e-16    STRATEGY= 1      ERROR MATRIX ACCURATE 
  EXT PARAMETER                                   STEP         FIRST   
  NO.   NAME      VALUE            ERROR          SIZE      DERIVATIVE 
   1  p0           1.06718e+00   1.78064e-03   1.69625e-06   2.38244e-05
   2  p1           2.10183e-02   1.25598e-03   1.19645e-06   3.87318e-05
SaveSource cannot open file: /home/zhangfy/nl_target/toyMC/results/data_17943.C
1.07351	0.00394581
1.06672	0.00350966
1.07934	0.00352172
1.06995	0.00347847
1.08114	0.00342586
1.09347	0.00328161
1.11931	0.00350026
1.13537	0.00496285
 FCN=13.9708 FROM MIGRAD    STATUS=CONVERGED      36 CALLS          37 TOTAL
                     EDM=8.54389e-17    STRATEGY= 1      ERROR MATRIX ACCURATE 
  EXT PARAMETER                                   STEP         FIRST   
  NO.   NAME      VALUE            ERROR          SIZE      DERIVATIVE 
   1  p0           1.06790e+00   1.77830e-03   2.42100e-06  -9.42843e-06
   2  p1           1.96404e-02   1.25016e-03   1.70198e-06  -5.30720e-06
SaveSource cannot open file: /home/zhangfy/nl_target/toyMC/results/data_17944.C
1.07615	0.00395551
1.07642	0.00354159
1.07949	0.00352223
1.07818	0.00350522
1.0754	0.00340766
1.08612	0.00325957
1.11698	0.00349298
1.14469	0.00500362
 FCN=9.50214 FROM MIGRAD    STATUS=CONVERGED      36 CALLS          37 TOTAL
                     EDM=1.44763e-14    STRATEGY= 1      ERROR MATRIX ACCURATE 
  EXT PARAMETER                                   STEP         FIRST   
  NO.   NAME      VALUE            ERROR          SIZE      DERIVATIVE 
   1  p0           1.06935e+00   1.78356e-03   2.02973e-06   7.10092e-05
   2  p1           1.92441e-02   1.25536e-03   1.42862e-06  -4.43896e-05
SaveSource cannot open file: /home/zhangfy/nl_target/toyMC/results/data_17945.C
1.06614	0.0039187
1.07318	0.00353091
1.07294	0.00350083
1.08368	0.00352309
1.07997	0.00342215
1.09201	0.00327724
1.12057	0.00350421
1.15366	0.00504279
 FCN=4.35264 FROM MIGRAD    STATUS=CONVERGED      34 CALLS          35 TOTAL
                     EDM=1.01703e-17    STRATEGY= 1      ERROR MATRIX ACCURATE 
  EXT PARAMETER                                   STEP         FIRST   
  NO.   NAME      VALUE            ERROR          SIZE      DERIVATIVE 
   1  p0           1.06689e+00   1.78152e-03   1.45028e-06  -2.98096e-06
   2  p1           2.27598e-02   1.25966e-03   1.02545e-06  -1.02854e-06
SaveSource cannot open file: /home/zhangfy/nl_target/toyMC/results/data_17946.C
1.07092	0.00393629
1.07009	0.00352077
1.07426	0.00350514
1.08247	0.00351916
1.08271	0.00343081
1.08733	0.00326319
1.11761	0.00349495
1.15213	0.0050361
 FCN=5.02556 FROM MIGRAD    STATUS=CONVERGED      36 CALLS          37 TOTAL
                     EDM=1.72816e-16    STRATEGY= 1      ERROR MATRIX ACCURATE 
  EXT PARAMETER                                   STEP         FIRST   
  NO.   NAME      VALUE            ERROR          SIZE      DERIVATIVE 
   1  p0           1.06735e+00   1.78186e-03   1.53776e-06  -1.20281e-05
   2  p1           2.15615e-02   1.25816e-03   1.08580e-06  -3.58076e-06
SaveSource cannot open file: /home/zhangfy/nl_target/toyMC/results/data_17947.C
1.0747	0.00395018
1.06897	0.00351709
1.06954	0.00348976
1.0795	0.0035095
1.07968	0.00342121
1.09831	0.00329615
1.11487	0.00348638
1.14515	0.0050056
 FCN=10.6133 FROM MIGRAD    STATUS=CONVERGED      36 CALLS          37 TOTAL
                     EDM=3.87725e-16    STRATEGY= 1      ERROR MATRIX ACCURATE 
  EXT PARAMETER                                   STEP         FIRST   
  NO.   NAME      VALUE            ERROR          SIZE      DERIVATIVE 
   1  p0           1.06797e+00   1.77996e-03   2.13420e-06  -2.06314e-05
   2  p1           2.05697e-02   1.25355e-03   1.50302e-06  -1.33934e-05
SaveSource cannot open file: /home/zhangfy/nl_target/toyMC/results/data_17948.C
1.07081	0.00393587
1.07066	0.00352262
1.07596	0.00351068
1.08113	0.00351481
1.0843	0.00343585
1.093	0.00328022
1.11713	0.00349342
1.148	0.00501808
 FCN=2.53154 FROM MIGRAD    STATUS=CONVERGED      36 CALLS          37 TOTAL
                     EDM=1.59748e-15    STRATEGY= 1      ERROR MATRIX ACCURATE 
  EXT PARAMETER                                   STEP         FIRST   
  NO.   NAME      VALUE            ERROR          SIZE      DERIVATIVE 
   1  p0           1.06909e+00   1.78263e-03   1.17822e-06  -4.43407e-06
   2  p1           2.06815e-02   1.25611e-03   8.30222e-07   4.04053e-05
SaveSource cannot open file: /home/zhangfy/nl_target/toyMC/results/data_17949.C
1.07707	0.00395891
1.06999	0.00352044
1.07271	0.00350009
1.07799	0.0035046
1.08615	0.00344172
1.09724	0.00329292
1.118	0.00349615
1.15353	0.00504222
 FCN=9.01639 FROM MIGRAD    STATUS=CONVERGED      36 CALLS          37 TOTAL
                     EDM=1.44862e-16    STRATEGY= 1      ERROR MATRIX ACCURATE 
  EXT PARAMETER                                   STEP         FIRST   
  NO.   NAME      VALUE            ERROR          SIZE      DERIVATIVE 
   1  p0           1.06911e+00   1.78401e-03   1.98623e-06  -9.12221e-06
   2  p1           2.17710e-02   1.25932e-03   1.40207e-06   8.36187e-07
SaveSource cannot open file: /home/zhangfy/nl_target/toyMC/results/data_17950.C
1.06553	0.00391648
1.07052	0.00352218
1.07513	0.00350799
1.07816	0.00350515
1.08214	0.00342902
1.09445	0.00328455
1.11653	0.00349156
1.15068	0.0050298
 FCN=5.0805 FROM MIGRAD    STATUS=CONVERGED      36 CALLS          37 TOTAL
                     EDM=4.0329e-16    STRATEGY= 1      ERROR MATRIX ACCURATE 
  EXT PARAMETER                                   STEP         FIRST   
  NO.   NAME      VALUE            ERROR          SIZE      DERIVATIVE 
   1  p0           1.06686e+00   1.78009e-03   1.54446e-06   1.57426e-05
   2  p1           2.18583e-02   1.25660e-03   1.09027e-06  -4.29724e-07
SaveSource cannot open file: /home/zhangfy/nl_target/toyMC/results/data_17951.C
1.0657	0.00391711
1.07202	0.00352712
1.07482	0.00350696
1.07577	0.00349737
1.07858	0.00341775
1.08953	0.0032698
1.11998	0.00350236
1.14853	0.00502039
 FCN=1.83522 FROM MIGRAD    STATUS=CONVERGED      36 CALLS          37 TOTAL
                     EDM=2.4291e-16    STRATEGY= 1      ERROR MATRIX ACCURATE 
  EXT PARAMETER                                   STEP         FIRST   
  NO.   NAME      VALUE            ERROR          SIZE      DERIVATIVE 
   1  p0           1.06540e+00   1.77853e-03   1.05359e-06  -7.44474e-06
   2  p1           2.22557e-02   1.25663e-03   7.44416e-07   8.50546e-06
SaveSource cannot open file: /home/zhangfy/nl_target/toyMC/results/data_17952.C
1.07483	0.00395066
1.07267	0.00352924
1.07554	0.00350931
1.08033	0.00351221
1.08455	0.00343667
1.09928	0.00329906
1.11603	0.00349
1.15527	0.00504986
 FCN=9.35055 FROM MIGRAD    STATUS=CONVERGED      36 CALLS          37 TOTAL
                     EDM=5.03918e-17    STRATEGY= 1      ERROR MATRIX ACCURATE 
  EXT PARAMETER                                   STEP         FIRST   
  NO.   NAME      VALUE            ERROR          SIZE      DERIVATIVE 
   1  p0           1.07031e+00   1.78578e-03   2.02050e-06  -6.45090e-06
   2  p1           2.13145e-02   1.25985e-03   1.42544e-06  -1.08293e-05
SaveSource cannot open file: /home/zhangfy/nl_target/toyMC/results/data_17953.C
1.0759	0.00395457
1.07482	0.00353631
1.07068	0.00349348
1.07827	0.00350551
1.08229	0.00342949
1.09282	0.00327966
1.11951	0.00350087
1.15275	0.00503883
 FCN=4.45249 FROM MIGRAD    STATUS=CONVERGED      36 CALLS          37 TOTAL
                     EDM=6.59244e-16    STRATEGY= 1      ERROR MATRIX ACCURATE 
  EXT PARAMETER                                   STEP         FIRST   
  NO.   NAME      VALUE            ERROR          SIZE      DERIVATIVE 
   1  p0           1.06828e+00   1.78341e-03   1.46441e-06  -6.04995e-06
   2  p1           2.18281e-02   1.25955e-03   1.03424e-06  -3.41039e-05
SaveSource cannot open file: /home/zhangfy/nl_target/toyMC/results/data_17954.C
1.07548	0.00395305
1.06372	0.00349981
1.07926	0.00352147
1.0841	0.00352444
1.08602	0.00344132
1.09273	0.0032794
1.12106	0.00350573
1.14742	0.00501555
 FCN=11.9177 FROM MIGRAD    STATUS=CONVERGED      36 CALLS          37 TOTAL
                     EDM=1.62861e-16    STRATEGY= 1      ERROR MATRIX ACCURATE 
  EXT PARAMETER                                   STEP         FIRST   
  NO.   NAME      VALUE            ERROR          SIZE      DERIVATIVE 
   1  p0           1.06977e+00   1.78366e-03   2.25563e-06   2.21490e-06
   2  p1           2.10936e-02   1.25722e-03   1.58989e-06  -1.19968e-05
SaveSource cannot open file: /home/zhangfy/nl_target/toyMC/results/data_17955.C
1.06522	0.00391534
1.07667	0.00354239
1.07253	0.00349949
1.07826	0.00350545
1.08333	0.00343278
1.09688	0.00329184
1.11462	0.00348558
1.1455	0.00500715
 FCN=9.38184 FROM MIGRAD    STATUS=CONVERGED      34 CALLS          35 TOTAL
                     EDM=5.28733e-17    STRATEGY= 1      ERROR MATRIX ACCURATE 
  EXT PARAMETER                                   STEP         FIRST   
  NO.   NAME      VALUE            ERROR          SIZE      DERIVATIVE 
   1  p0           1.06881e+00   1.78110e-03   2.01886e-06  -2.38228e-06
   2  p1           2.02539e-02   1.25377e-03   1.42114e-06   5.48418e-06
SaveSource cannot open file: /home/zhangfy/nl_target/toyMC/results/data_17956.C
1.06766	0.00392429
1.06786	0.00351343
1.07593	0.0035106
1.07661	0.00350012
1.08137	0.00342656
1.09308	0.00328045
1.12215	0.00350915
1.14994	0.00502654
 FCN=2.26163 FROM MIGRAD    STATUS=CONVERGED      36 CALLS          37 TOTAL
                     EDM=6.43952e-16    STRATEGY= 1      ERROR MATRIX ACCURATE 
  EXT PARAMETER                                   STEP         FIRST   
  NO.   NAME      VALUE            ERROR          SIZE      DERIVATIVE 
   1  p0           1.06596e+00   1.77938e-03   1.13131e-06   7.06117e-06
   2  p1           2.29375e-02   1.25798e-03   7.99808e-07  -2.06829e-05
SaveSource cannot open file: /home/zhangfy/nl_target/toyMC/results/data_17957.C
1.06904	0.00392936
1.07306	0.00353051
1.07788	0.00351697
1.08163	0.00351643
1.08521	0.00343875
1.08756	0.00326387
1.12198	0.0035086
1.15206	0.0050358
 FCN=4.78116 FROM MIGRAD    STATUS=CONVERGED      36 CALLS          37 TOTAL
                     EDM=5.79511e-16    STRATEGY= 1      ERROR MATRIX ACCURATE 
  EXT PARAMETER                                   STEP         FIRST   
  NO.   NAME      VALUE            ERROR          SIZE      DERIVATIVE 
   1  p0           1.06857e+00   1.78388e-03   1.50836e-06   1.09170e-05
   2  p1           2.18841e-02   1.25993e-03   1.06534e-06  -1.38979e-05
SaveSource cannot open file: /home/zhangfy/nl_target/toyMC/results/data_17958.C
1.068	0.00392556
1.07443	0.00353503
1.07668	0.00351306
1.0823	0.00351859
1.07821	0.00341658
1.08791	0.00326493
1.11459	0.00348548
1.13595	0.00496541
 FCN=3.25602 FROM MIGRAD    STATUS=CONVERGED      36 CALLS          37 TOTAL
                     EDM=1.56406e-16    STRATEGY= 1      ERROR MATRIX ACCURATE 
  EXT PARAMETER                                   STEP         FIRST   
  NO.   NAME      VALUE            ERROR          SIZE      DERIVATIVE 
   1  p0           1.06932e+00   1.78023e-03   1.29074e-06   1.01454e-05
   2  p1           1.80923e-02   1.24932e-03   9.05813e-07   1.96351e-05
SaveSource cannot open file: /home/zhangfy/nl_target/toyMC/results/data_17959.C
1.07103	0.0039367
1.07391	0.00353332
1.07709	0.00351439
1.08017	0.00351167
1.08301	0.00343177
1.09661	0.00329103
1.11985	0.00350193
1.14219	0.00499269
 FCN=2.19936 FROM MIGRAD    STATUS=CONVERGED      38 CALLS          39 TOTAL
                     EDM=4.55996e-18    STRATEGY= 1      ERROR MATRIX ACCURATE 
  EXT PARAMETER                                   STEP         FIRST   
  NO.   NAME      VALUE            ERROR          SIZE      DERIVATIVE 
   1  p0           1.07064e+00   1.78336e-03   1.12232e-06  -1.30829e-06
   2  p1           1.99582e-02   1.25442e-03   7.89440e-07   7.10203e-07
SaveSource cannot open file: /home/zhangfy/nl_target/toyMC/results/data_17960.C
1.07717	0.00395927
1.07537	0.00353811
1.07984	0.00352335
1.08006	0.00351132
1.07646	0.00341104
1.08837	0.0032663
1.11431	0.0034846
1.13966	0.00498161
 FCN=5.80541 FROM MIGRAD    STATUS=CONVERGED      36 CALLS          37 TOTAL
                     EDM=1.74861e-16    STRATEGY= 1      ERROR MATRIX ACCURATE 
  EXT PARAMETER                                   STEP         FIRST   
  NO.   NAME      VALUE            ERROR          SIZE      DERIVATIVE 
   1  p0           1.07091e+00   1.78383e-03   1.63405e-06  -1.45602e-05
   2  p1           1.77401e-02   1.25207e-03   1.14694e-06  -1.51490e-05
SaveSource cannot open file: /home/zhangfy/nl_target/toyMC/results/data_17961.C
1.07645	0.00395662
1.07203	0.00352714
1.07458	0.00350619
1.07938	0.00350912
1.07863	0.00341789
1.09577	0.00328853
1.1143	0.00348457
1.13745	0.00497196
 FCN=5.02825 FROM MIGRAD    STATUS=CONVERGED      36 CALLS          37 TOTAL
                     EDM=2.5899e-16    STRATEGY= 1      ERROR MATRIX ACCURATE 
  EXT PARAMETER                                   STEP         FIRST   
  NO.   NAME      VALUE            ERROR          SIZE      DERIVATIVE 
   1  p0           1.07038e+00   1.78164e-03   1.53788e-06  -4.31273e-06
   2  p1           1.82695e-02   1.25026e-03   1.07921e-06  -2.19224e-05
SaveSource cannot open file: /home/zhangfy/nl_target/toyMC/results/data_17962.C
1.07042	0.00393446
1.0758	0.00353953
1.06851	0.00348639
1.08484	0.00352687
1.08079	0.00342473
1.09721	0.00329283
1.12034	0.00350348
1.15313	0.00504049
 FCN=9.1025 FROM MIGRAD    STATUS=CONVERGED      34 CALLS          35 TOTAL
                     EDM=1.83906e-15    STRATEGY= 1      ERROR MATRIX ACCURATE 
  EXT PARAMETER                                   STEP         FIRST   
  NO.   NAME      VALUE            ERROR          SIZE      DERIVATIVE 
   1  p0           1.06846e+00   1.78319e-03   1.99463e-06   7.61437e-06
   2  p1           2.23812e-02   1.25967e-03   1.40903e-06  -4.00427e-05
SaveSource cannot open file: /home/zhangfy/nl_target/toyMC/results/data_17963.C
1.07253	0.00394218
1.07819	0.00354741
1.07701	0.00351414
1.08219	0.00351826
1.08201	0.00342862
1.09222	0.00327786
1.12247	0.00351014
1.14595	0.00500909
 FCN=1.36749 FROM MIGRAD    STATUS=CONVERGED      38 CALLS          39 TOTAL
                     EDM=1.00267e-15    STRATEGY= 1      ERROR MATRIX ACCURATE 
  EXT PARAMETER                                   STEP         FIRST   
  NO.   NAME      VALUE            ERROR          SIZE      DERIVATIVE 
   1  p0           1.07096e+00   1.78560e-03   9.66124e-07  -3.10017e-05
   2  p1           2.04140e-02   1.25771e-03   6.80500e-07  -4.67542e-05
SaveSource cannot open file: /home/zhangfy/nl_target/toyMC/results/data_17964.C
1.07372	0.00394658
1.07181	0.00352642
1.07521	0.00350825
1.07479	0.00349417
1.07671	0.00341181
1.09547	0.00328762
1.1171	0.00349334
1.1406	0.00498573
 FCN=6.00693 FROM MIGRAD    STATUS=CONVERGED      36 CALLS          37 TOTAL
                     EDM=7.07134e-16    STRATEGY= 1      ERROR MATRIX ACCURATE 
  EXT PARAMETER                                   STEP         FIRST   
  NO.   NAME      VALUE            ERROR          SIZE      DERIVATIVE 
   1  p0           1.06819e+00   1.77987e-03   1.65710e-06   2.33756e-05
   2  p1           1.99026e-02   1.25236e-03   1.16597e-06   4.90375e-06
SaveSource cannot open file: /home/zhangfy/nl_target/toyMC/results/data_17965.C
1.07522	0.0039521
1.07609	0.00354051
1.07557	0.00350943
1.0793	0.00350884
1.07895	0.00341892
1.08971	0.00327034
1.11566	0.00348882
1.14035	0.00498463
 FCN=1.75511 FROM MIGRAD    STATUS=CONVERGED      38 CALLS          39 TOTAL
                     EDM=3.57525e-16    STRATEGY= 1      ERROR MATRIX ACCURATE 
  EXT PARAMETER                                   STEP         FIRST   
  NO.   NAME      VALUE            ERROR          SIZE      DERIVATIVE 
   1  p0           1.07014e+00   1.78277e-03   1.03969e-06  -1.20960e-05
   2  p1           1.85342e-02   1.25247e-03   7.30426e-07   5.43160e-06
SaveSource cannot open file: /home/zhangfy/nl_target/toyMC/results/data_17966.C
1.08225	0.00397794
1.07436	0.00353481
1.07495	0.00350741
1.08016	0.00351163
1.08747	0.00344592
1.09032	0.00327217
1.12027	0.00350327
1.14658	0.00501187
 FCN=6.69983 FROM MIGRAD    STATUS=CONVERGED      36 CALLS          37 TOTAL
                     EDM=6.67552e-17    STRATEGY= 1      ERROR MATRIX ACCURATE 
  EXT PARAMETER                                   STEP         FIRST   
  NO.   NAME      VALUE            ERROR          SIZE      DERIVATIVE 
   1  p0           1.07188e+00   1.78698e-03   1.74264e-06   8.03499e-06
   2  p1           1.96700e-02   1.25766e-03   1.22646e-06   3.81642e-06
SaveSource cannot open file: /home/zhangfy/nl_target/toyMC/results/data_17967.C
1.07078	0.00393576
1.06649	0.00350891
1.073	0.00350105
1.07487	0.00349444
1.0778	0.00341526
1.0927	0.00327929
1.11943	0.00350064
1.14655	0.00501173
 FCN=2.85929 FROM MIGRAD    STATUS=CONVERGED      36 CALLS          37 TOTAL
                     EDM=8.50828e-17    STRATEGY= 1      ERROR MATRIX ACCURATE 
  EXT PARAMETER                                   STEP         FIRST   
  NO.   NAME      VALUE            ERROR          SIZE      DERIVATIVE 
   1  p0           1.06504e+00   1.77725e-03   1.22878e-06  -2.01299e-06
   2  p1           2.22293e-02   1.25523e-03   8.67859e-07   8.21161e-06
SaveSource cannot open file: /home/zhangfy/nl_target/toyMC/results/data_17968.C
1.06807	0.00392581
1.07872	0.00354914
1.07368	0.00350327
1.08196	0.00351749
1.07828	0.00341678
1.09553	0.00328779
1.1193	0.00350023
1.14099	0.00498742
 FCN=6.77172 FROM MIGRAD    STATUS=CONVERGED      34 CALLS          35 TOTAL
                     EDM=1.27407e-16    STRATEGY= 1      ERROR MATRIX ACCURATE 
  EXT PARAMETER                                   STEP         FIRST   
  NO.   NAME      VALUE            ERROR          SIZE      DERIVATIVE 
   1  p0           1.06986e+00   1.78220e-03   1.74779e-06  -1.12560e-05
   2  p1           1.98383e-02   1.25355e-03   1.22934e-06  -5.69136e-06
SaveSource cannot open file: /home/zhangfy/nl_target/toyMC/results/data_17969.C
1.06851	0.00392742
1.07303	0.00353044
1.06811	0.00348509
1.07812	0.00350502
1.08436	0.00343607
1.09038	0.00327234
1.11608	0.00349015
1.15017	0.00502755
 FCN=5.63744 FROM MIGRAD    STATUS=CONVERGED      36 CALLS          37 TOTAL
                     EDM=1.21318e-15    STRATEGY= 1      ERROR MATRIX ACCURATE 
  EXT PARAMETER                                   STEP         FIRST   
  NO.   NAME      VALUE            ERROR          SIZE      DERIVATIVE 
   1  p0           1.06637e+00   1.77957e-03   1.61260e-06  -4.47503e-06
   2  p1           2.16372e-02   1.25620e-03   1.13834e-06  -4.33425e-05
SaveSource cannot open file: /home/zhangfy/nl_target/toyMC/results/data_17970.C
1.06871	0.00392816
1.07103	0.00352386
1.0792	0.00352127
1.08112	0.00351475
1.08072	0.00342453
1.09915	0.00329865
1.11985	0.00350195
1.1515	0.00503338
 FCN=7.36562 FROM MIGRAD    STATUS=CONVERGED      36 CALLS          37 TOTAL
                     EDM=5.01735e-16    STRATEGY= 1      ERROR MATRIX ACCURATE 
  EXT PARAMETER                                   STEP         FIRST   
  NO.   NAME      VALUE            ERROR          SIZE      DERIVATIVE 
   1  p0           1.06915e+00   1.78352e-03   1.81551e-06   4.31857e-06
   2  p1           2.19293e-02   1.25878e-03   1.28136e-06   2.90172e-05
SaveSource cannot open file: /home/zhangfy/nl_target/toyMC/results/data_17971.C
1.07198	0.00394018
1.07264	0.00352914
1.08141	0.00352849
1.07151	0.00348353
1.08207	0.00342881
1.09335	0.00328125
1.11584	0.00348941
1.14001	0.00498314
 FCN=9.30769 FROM MIGRAD    STATUS=CONVERGED      36 CALLS          37 TOTAL
                     EDM=3.07885e-16    STRATEGY= 1      ERROR MATRIX ACCURATE 
  EXT PARAMETER                                   STEP         FIRST   
  NO.   NAME      VALUE            ERROR          SIZE      DERIVATIVE 
   1  p0           1.06960e+00   1.78160e-03   2.01086e-06   9.41683e-06
   2  p1           1.89971e-02   1.25201e-03   1.41312e-06  -8.01365e-06
SaveSource cannot open file: /home/zhangfy/nl_target/toyMC/results/data_17972.C
1.06586	0.00391769
1.07333	0.00353143
1.06977	0.0034905
1.08026	0.00351198
1.08616	0.00344176
1.09955	0.00329986
1.12186	0.00350824
1.15488	0.00504814
 FCN=9.40557 FROM MIGRAD    STATUS=CONVERGED      36 CALLS          37 TOTAL
                     EDM=2.11474e-15    STRATEGY= 1      ERROR MATRIX ACCURATE 
  EXT PARAMETER                                   STEP         FIRST   
  NO.   NAME      VALUE            ERROR          SIZE      DERIVATIVE 
   1  p0           1.06748e+00   1.78192e-03   2.02460e-06   6.46852e-06
   2  p1           2.35553e-02   1.26047e-03   1.43213e-06  -4.48389e-05
SaveSource cannot open file: /home/zhangfy/nl_target/toyMC/results/data_17973.C
1.07181	0.00393957
1.06433	0.00350182
1.06992	0.00349099
1.08353	0.00352259
1.0829	0.00343142
1.08714	0.00326263
1.11909	0.00349956
1.14026	0.00498422
 FCN=9.17071 FROM MIGRAD    STATUS=CONVERGED      36 CALLS          37 TOTAL
                     EDM=4.18788e-16    STRATEGY= 1      ERROR MATRIX ACCURATE 
  EXT PARAMETER                                   STEP         FIRST   
  NO.   NAME      VALUE            ERROR          SIZE      DERIVATIVE 
   1  p0           1.06654e+00   1.77757e-03   1.99478e-06   1.07862e-05
   2  p1           2.06546e-02   1.25198e-03   1.40497e-06   3.09289e-05
SaveSource cannot open file: /home/zhangfy/nl_target/toyMC/results/data_17974.C
1.07592	0.00395468
1.07509	0.00353721
1.0746	0.00350627
1.07427	0.0034925
1.08068	0.00342441
1.0902	0.00327181
1.1147	0.00348582
1.14714	0.00501433
 FCN=5.55302 FROM MIGRAD    STATUS=CONVERGED      36 CALLS          37 TOTAL
                     EDM=1.79795e-15    STRATEGY= 1      ERROR MATRIX ACCURATE 
  EXT PARAMETER                                   STEP         FIRST   
  NO.   NAME      VALUE            ERROR          SIZE      DERIVATIVE 
   1  p0           1.06862e+00   1.78240e-03   1.60308e-06   1.25976e-05
   2  p1           1.98453e-02   1.25534e-03   1.12904e-06  -3.35807e-05
SaveSource cannot open file: /home/zhangfy/nl_target/toyMC/results/data_17975.C
1.06575	0.00391727
1.07093	0.00352351
1.06883	0.00348742
1.08256	0.00351944
1.07939	0.00342031
1.09016	0.00327168
1.1143	0.00348458
1.15472	0.00504746
 FCN=9.23101 FROM MIGRAD    STATUS=CONVERGED      36 CALLS          37 TOTAL
                     EDM=4.75079e-15    STRATEGY= 1      ERROR MATRIX ACCURATE 
  EXT PARAMETER                                   STEP         FIRST   
  NO.   NAME      VALUE            ERROR          SIZE      DERIVATIVE 
   1  p0           1.06506e+00   1.77877e-03   2.00104e-06  -5.90776e-05
   2  p1           2.23915e-02   1.25754e-03   1.41468e-06  -9.12548e-06
SaveSource cannot open file: /home/zhangfy/nl_target/toyMC/results/data_17976.C
1.06774	0.00392461
1.07398	0.00353354
1.0677	0.00348374
1.07693	0.00350115
1.08291	0.00343147
1.09207	0.00327741
1.11564	0.00348878
1.14888	0.00502193
 FCN=5.88526 FROM MIGRAD    STATUS=CONVERGED      36 CALLS          37 TOTAL
                     EDM=2.15465e-16    STRATEGY= 1      ERROR MATRIX ACCURATE 
  EXT PARAMETER                                   STEP         FIRST   
  NO.   NAME      VALUE            ERROR          SIZE      DERIVATIVE 
   1  p0           1.06623e+00   1.77896e-03   1.64204e-06   7.22099e-06
   2  p1           2.15139e-02   1.25535e-03   1.15873e-06  -7.70532e-06
SaveSource cannot open file: /home/zhangfy/nl_target/toyMC/results/data_17977.C
1.06374	0.0039099
1.07898	0.00355001
1.06907	0.0034882
1.07925	0.00350868
1.07782	0.00341532
1.09885	0.00329776
1.11374	0.00348283
1.14603	0.00500944
 FCN=18.5748 FROM MIGRAD    STATUS=CONVERGED      36 CALLS          37 TOTAL
                     EDM=1.43229e-15    STRATEGY= 1      ERROR MATRIX ACCURATE 
  EXT PARAMETER                                   STEP         FIRST   
  NO.   NAME      VALUE            ERROR          SIZE      DERIVATIVE 
   1  p0           1.06768e+00   1.77965e-03   2.77021e-06   2.29402e-05
   2  p1           2.06190e-02   1.25349e-03   1.95120e-06  -1.30869e-05
SaveSource cannot open file: /home/zhangfy/nl_target/toyMC/results/data_17978.C
1.06893	0.00392899
1.07225	0.00352788
1.06941	0.00348932
1.07304	0.00348851
1.08888	0.00345039
1.09281	0.00327963
1.11159	0.00347612
1.15511	0.00504913
 FCN=18.9479 FROM MIGRAD    STATUS=CONVERGED      36 CALLS          37 TOTAL
                     EDM=5.57297e-16    STRATEGY= 1      ERROR MATRIX ACCURATE 
  EXT PARAMETER                                   STEP         FIRST   
  NO.   NAME      VALUE            ERROR          SIZE      DERIVATIVE 
   1  p0           1.06649e+00   1.78035e-03   2.79595e-06  -2.16489e-05
   2  p1           2.16351e-02   1.25715e-03   1.97429e-06  -6.51416e-06
SaveSource cannot open file: /home/zhangfy/nl_target/toyMC/results/data_17979.C
1.06938	0.00393063
1.07093	0.00352352
1.07109	0.0034948
1.08046	0.00351262
1.08069	0.00342444
1.0839	0.00325288
1.1188	0.00349867
1.14419	0.00500142
 FCN=3.8987 FROM MIGRAD    STATUS=CONVERGED      36 CALLS          37 TOTAL
                     EDM=1.68693e-15    STRATEGY= 1      ERROR MATRIX ACCURATE 
  EXT PARAMETER                                   STEP         FIRST   
  NO.   NAME      VALUE            ERROR          SIZE      DERIVATIVE 
   1  p0           1.06604e+00   1.77847e-03   1.38411e-06   9.51074e-06
   2  p1           2.09424e-02   1.25420e-03   9.76091e-07  -3.59253e-05
SaveSource cannot open file: /home/zhangfy/nl_target/toyMC/results/data_17980.C
1.06173	0.0039025
1.07747	0.00354504
1.07523	0.00350832
1.07836	0.00350578
1.08372	0.00343402
1.09088	0.00327385
1.12417	0.00351546
1.14781	0.00501724
 FCN=8.40023 FROM MIGRAD    STATUS=CONVERGED      36 CALLS          37 TOTAL
                     EDM=1.96012e-15    STRATEGY= 1      ERROR MATRIX ACCURATE 
  EXT PARAMETER                                   STEP         FIRST   
  NO.   NAME      VALUE            ERROR          SIZE      DERIVATIVE 
   1  p0           1.06742e+00   1.78112e-03   1.92218e-06   9.41465e-06
   2  p1           2.23532e-02   1.25796e-03   1.35759e-06  -3.95974e-05
SaveSource cannot open file: /home/zhangfy/nl_target/toyMC/results/data_17981.C
1.07171	0.0039392
1.07299	0.0035303
1.0728	0.0035004
1.08205	0.00351777
1.08441	0.00343621
1.09303	0.00328028
1.11469	0.00348581
1.14729	0.00501499
 FCN=3.8575 FROM MIGRAD    STATUS=CONVERGED      36 CALLS          37 TOTAL
                     EDM=5.54078e-17    STRATEGY= 1      ERROR MATRIX ACCURATE 
  EXT PARAMETER                                   STEP         FIRST   
  NO.   NAME      VALUE            ERROR          SIZE      DERIVATIVE 
   1  p0           1.06951e+00   1.78281e-03   1.38152e-06   3.85820e-06
   2  p1           2.00022e-02   1.25506e-03   9.72556e-07  -3.59817e-06
SaveSource cannot open file: /home/zhangfy/nl_target/toyMC/results/data_17982.C
1.07472	0.00395026
1.06984	0.00351993
1.07421	0.00350498
1.07762	0.0035034
1.08992	0.00345367
1.09541	0.00328743
1.12413	0.00351533
1.14527	0.00500615
 FCN=7.47499 FROM MIGRAD    STATUS=CONVERGED      36 CALLS          37 TOTAL
                     EDM=3.44763e-15    STRATEGY= 1      ERROR MATRIX ACCURATE 
  EXT PARAMETER                                   STEP         FIRST   
  NO.   NAME      VALUE            ERROR          SIZE      DERIVATIVE 
   1  p0           1.06983e+00   1.78334e-03   1.82773e-06  -3.28196e-05
   2  p1           2.14611e-02   1.25713e-03   1.28843e-06   2.46270e-05
SaveSource cannot open file: /home/zhangfy/nl_target/toyMC/results/data_17983.C
1.06901	0.00392925
1.0722	0.00352769
1.07044	0.00349268
1.0839	0.00352379
1.07581	0.00340898
1.08727	0.00326301
1.11579	0.00348923
1.14328	0.00499744
 FCN=5.86783 FROM MIGRAD    STATUS=CONVERGED      36 CALLS          37 TOTAL
                     EDM=2.39339e-15    STRATEGY= 1      ERROR MATRIX ACCURATE 
  EXT PARAMETER                                   STEP         FIRST   
  NO.   NAME      VALUE            ERROR          SIZE      DERIVATIVE 
   1  p0           1.06658e+00   1.77854e-03   1.63867e-06   8.00824e-06
   2  p1           2.02600e-02   1.25283e-03   1.15430e-06  -4.67249e-05
SaveSource cannot open file: /home/zhangfy/nl_target/toyMC/results/data_17984.C
1.06964	0.0039316
1.0734	0.00353165
1.07897	0.00352051
1.07835	0.00350576
1.07832	0.00341692
1.09203	0.00327729
1.12148	0.00350704
1.14486	0.00500435
 FCN=3.04535 FROM MIGRAD    STATUS=CONVERGED      36 CALLS          37 TOTAL
                     EDM=3.39105e-17    STRATEGY= 1      ERROR MATRIX ACCURATE 
  EXT PARAMETER                                   STEP         FIRST   
  NO.   NAME      VALUE            ERROR          SIZE      DERIVATIVE 
   1  p0           1.06846e+00   1.78185e-03   1.26063e-06   6.34564e-06
   2  p1           2.09830e-02   1.25611e-03   8.88677e-07   5.27704e-06
SaveSource cannot open file: /home/zhangfy/nl_target/toyMC/results/data_17985.C
1.06806	0.00392577
1.06547	0.00350557
1.07754	0.00351586
1.08279	0.00352018
1.0886	0.00344948
1.08566	0.00325817
1.11822	0.00349684
1.14812	0.00501858
 FCN=14.2789 FROM MIGRAD    STATUS=CONVERGED      36 CALLS          37 TOTAL
                     EDM=1.55402e-16    STRATEGY= 1      ERROR MATRIX ACCURATE 
  EXT PARAMETER                                   STEP         FIRST   
  NO.   NAME      VALUE            ERROR          SIZE      DERIVATIVE 
   1  p0           1.06772e+00   1.78108e-03   2.44857e-06  -8.75094e-06
   2  p1           2.11090e-02   1.25605e-03   1.72678e-06   2.21430e-06
SaveSource cannot open file: /home/zhangfy/nl_target/toyMC/results/data_17986.C
1.06811	0.00392597
1.07244	0.00352848
1.074	0.00350431
1.07754	0.00350313
1.0758	0.00340894
1.09353	0.0032818
1.11794	0.00349596
1.15586	0.00505244
 FCN=5.97005 FROM MIGRAD    STATUS=CONVERGED      34 CALLS          35 TOTAL
                     EDM=5.70004e-17    STRATEGY= 1      ERROR MATRIX ACCURATE 
  EXT PARAMETER                                   STEP         FIRST   
  NO.   NAME      VALUE            ERROR          SIZE      DERIVATIVE 
   1  p0           1.06552e+00   1.78024e-03   1.65322e-06   5.16826e-06
   2  p1           2.30027e-02   1.25980e-03   1.16991e-06  -1.57910e-06
SaveSource cannot open file: /home/zhangfy/nl_target/toyMC/results/data_17987.C
1.0697	0.00393178
1.06874	0.0035163
1.07196	0.00349764
1.07664	0.00350021
1.09036	0.00345506
1.09355	0.00328185
1.12317	0.00351233
1.14958	0.00502499
 FCN=8.15708 FROM MIGRAD    STATUS=CONVERGED      36 CALLS          37 TOTAL
                     EDM=1.99338e-16    STRATEGY= 1      ERROR MATRIX ACCURATE 
  EXT PARAMETER                                   STEP         FIRST   
  NO.   NAME      VALUE            ERROR          SIZE      DERIVATIVE 
   1  p0           1.06737e+00   1.78096e-03   1.89774e-06   4.53510e-06
   2  p1           2.27593e-02   1.25828e-03   1.34079e-06  -1.07314e-05
SaveSource cannot open file: /home/zhangfy/nl_target/toyMC/results/data_17988.C
1.0693	0.00393034
1.07535	0.00353806
1.07232	0.00349884
1.07804	0.00350476
1.08215	0.00342905
1.08884	0.00326773
1.11913	0.00349968
1.14813	0.00501862
 FCN=2.01032 FROM MIGRAD    STATUS=CONVERGED      36 CALLS          37 TOTAL
                     EDM=1.76879e-15    STRATEGY= 1      ERROR MATRIX ACCURATE 
  EXT PARAMETER                                   STEP         FIRST   
  NO.   NAME      VALUE            ERROR          SIZE      DERIVATIVE 
   1  p0           1.06739e+00   1.78108e-03   1.08670e-06  -2.20269e-05
   2  p1           2.12939e-02   1.25670e-03   7.66754e-07   1.99890e-05
SaveSource cannot open file: /home/zhangfy/nl_target/toyMC/results/data_17989.C
1.07025	0.00393381
1.07393	0.00353339
1.07144	0.00349594
1.07967	0.00351004
1.08253	0.00343026
1.09976	0.0033005
1.11543	0.0034881
1.14997	0.0050267
 FCN=9.90424 FROM MIGRAD    STATUS=CONVERGED      36 CALLS          37 TOTAL
                     EDM=2.83251e-16    STRATEGY= 1      ERROR MATRIX ACCURATE 
  EXT PARAMETER                                   STEP         FIRST   
  NO.   NAME      VALUE            ERROR          SIZE      DERIVATIVE 
   1  p0           1.06893e+00   1.78235e-03   2.07080e-06  -3.11814e-06
   2  p1           2.10898e-02   1.25640e-03   1.45973e-06   1.56069e-05
SaveSource cannot open file: /home/zhangfy/nl_target/toyMC/results/data_17990.C
1.06747	0.00392359
1.07419	0.00353426
1.07702	0.00351416
1.07905	0.00350803
1.08115	0.0034259
1.08976	0.00327048
1.11503	0.00348686
1.14747	0.00501576
 FCN=3.65392 FROM MIGRAD    STATUS=CONVERGED      36 CALLS          37 TOTAL
                     EDM=7.25454e-17    STRATEGY= 1      ERROR MATRIX ACCURATE 
  EXT PARAMETER                                   STEP         FIRST   
  NO.   NAME      VALUE            ERROR          SIZE      DERIVATIVE 
   1  p0           1.06824e+00   1.78159e-03   1.35098e-06  -4.35797e-06
   2  p1           2.02460e-02   1.25514e-03   9.51769e-07   4.20751e-06
SaveSource cannot open file: /home/zhangfy/nl_target/toyMC/results/data_17991.C
1.07394	0.00394737
1.06863	0.00351596
1.07096	0.00349438
1.07788	0.00350424
1.08462	0.00343687
1.09632	0.00329016
1.11753	0.00349468
1.15377	0.00504328
 FCN=7.95416 FROM MIGRAD    STATUS=CONVERGED      36 CALLS          37 TOTAL
                     EDM=5.66937e-16    STRATEGY= 1      ERROR MATRIX ACCURATE 
  EXT PARAMETER                                   STEP         FIRST   
  NO.   NAME      VALUE            ERROR          SIZE      DERIVATIVE 
   1  p0           1.06739e+00   1.78164e-03   1.87594e-06   1.32450e-05
   2  p1           2.23395e-02   1.25874e-03   1.32536e-06   3.60872e-05
SaveSource cannot open file: /home/zhangfy/nl_target/toyMC/results/data_17992.C
1.067	0.00392188
1.06966	0.00351933
1.07821	0.00351803
1.07494	0.00349468
1.08076	0.00342463
1.09389	0.00328287
1.11806	0.00349634
1.14463	0.00500334
 FCN=5.02232 FROM MIGRAD    STATUS=CONVERGED      36 CALLS          37 TOTAL
                     EDM=1.61971e-15    STRATEGY= 1      ERROR MATRIX ACCURATE 
  EXT PARAMETER                                   STEP         FIRST   
  NO.   NAME      VALUE            ERROR          SIZE      DERIVATIVE 
   1  p0           1.06718e+00   1.77934e-03   1.53644e-06   8.35174e-06
   2  p1           2.10703e-02   1.25421e-03   1.08300e-06   5.27843e-05
SaveSource cannot open file: /home/zhangfy/nl_target/toyMC/results/data_17993.C
1.06857	0.00392766
1.06795	0.00351371
1.0725	0.0034994
1.07807	0.00350486
1.08146	0.00342686
1.09755	0.00329384
1.1184	0.0034974
1.13583	0.00496485
 FCN=8.66043 FROM MIGRAD    STATUS=CONVERGED      36 CALLS          37 TOTAL
                     EDM=4.44008e-16    STRATEGY= 1      ERROR MATRIX ACCURATE 
  EXT PARAMETER                                   STEP         FIRST   
  NO.   NAME      VALUE            ERROR          SIZE      DERIVATIVE 
   1  p0           1.06794e+00   1.77761e-03   1.94547e-06   1.08656e-05
   2  p1           2.00064e-02   1.24959e-03   1.36760e-06   3.17903e-05
SaveSource cannot open file: /home/zhangfy/nl_target/toyMC/results/data_17994.C
1.07322	0.00394474
1.07251	0.00352873
1.07203	0.00349787
1.08088	0.00351399
1.08231	0.00342955
1.09536	0.00328728
1.11687	0.00349262
1.14164	0.00499026
 FCN=2.92196 FROM MIGRAD    STATUS=CONVERGED      36 CALLS          37 TOTAL
                     EDM=2.27414e-15    STRATEGY= 1      ERROR MATRIX ACCURATE 
  EXT PARAMETER                                   STEP         FIRST   
  NO.   NAME      VALUE            ERROR          SIZE      DERIVATIVE 
   1  p0           1.06967e+00   1.78170e-03   1.24118e-06  -2.12791e-05
   2  p1           1.96616e-02   1.25289e-03   8.72793e-07  -7.02036e-05
SaveSource cannot open file: /home/zhangfy/nl_target/toyMC/results/data_17995.C
1.07336	0.00394526
1.07193	0.00352681
1.07741	0.00351543
1.07652	0.00349981
1.08679	0.00344375
1.09338	0.00328135
1.11346	0.00348196
1.14471	0.00500368
 FCN=5.86754 FROM MIGRAD    STATUS=CONVERGED      36 CALLS          37 TOTAL
                     EDM=3.76814e-17    STRATEGY= 1      ERROR MATRIX ACCURATE 
  EXT PARAMETER                                   STEP         FIRST   
  NO.   NAME      VALUE            ERROR          SIZE      DERIVATIVE 
   1  p0           1.07035e+00   1.78327e-03   1.64264e-06  -6.11671e-06
   2  p1           1.91082e-02   1.25362e-03   1.15475e-06  -3.08622e-06
SaveSource cannot open file: /home/zhangfy/nl_target/toyMC/results/data_17996.C
1.08117	0.00397396
1.06964	0.00351927
1.07209	0.00349807
1.07481	0.00349426
1.07785	0.00341541
1.08468	0.00325524
1.12113	0.00350593
1.14837	0.00501969
 FCN=13.0835 FROM MIGRAD    STATUS=CONVERGED      34 CALLS          35 TOTAL
                     EDM=2.93345e-16    STRATEGY= 1      ERROR MATRIX ACCURATE 
  EXT PARAMETER                                   STEP         FIRST   
  NO.   NAME      VALUE            ERROR          SIZE      DERIVATIVE 
   1  p0           1.06611e+00   1.78049e-03   2.34844e-06   1.13971e-05
   2  p1           2.16238e-02   1.25775e-03   1.65895e-06  -4.16261e-06
SaveSource cannot open file: /home/zhangfy/nl_target/toyMC/results/data_17997.C
1.07529	0.00395235
1.07549	0.00353853
1.07401	0.00350432
1.07477	0.00349412
1.0776	0.00341463
1.09073	0.00327338
1.11679	0.00349238
1.14603	0.00500944
 FCN=4.8725 FROM MIGRAD    STATUS=CONVERGED      36 CALLS          37 TOTAL
                     EDM=6.51565e-17    STRATEGY= 1      ERROR MATRIX ACCURATE 
  EXT PARAMETER                                   STEP         FIRST   
  NO.   NAME      VALUE            ERROR          SIZE      DERIVATIVE 
   1  p0           1.06804e+00   1.78157e-03   1.51732e-06   6.26776e-06
   2  p1           2.02560e-02   1.25535e-03   1.06915e-06  -2.82450e-07
SaveSource cannot open file: /home/zhangfy/nl_target/toyMC/results/data_17998.C
1.07225	0.00394119
1.08038	0.0035546
1.07244	0.00349921
1.07919	0.00350849
1.08055	0.00342399
1.09411	0.00328354
1.11657	0.00349168
1.14357	0.00499873
 FCN=5.42527 FROM MIGRAD    STATUS=CONVERGED      36 CALLS          37 TOTAL
                     EDM=1.8483e-16    STRATEGY= 1      ERROR MATRIX ACCURATE 
  EXT PARAMETER                                   STEP         FIRST   
  NO.   NAME      VALUE            ERROR          SIZE      DERIVATIVE 
   1  p0           1.07035e+00   1.78356e-03   1.58925e-06   6.24532e-06
   2  p1           1.93768e-02   1.25432e-03   1.11768e-06  -7.76784e-06
SaveSource cannot open file: /home/zhangfy/nl_target/toyMC/results/data_17999.C
