000 (8910109.000.000) 08/30 16:47:32 Job submitted from host: <10.10.47.121:35195>
...
001 (8910109.000.000) 08/30 16:47:46 Job executing on host: <10.10.47.122:43606>
...
006 (8910109.000.000) 08/30 16:47:55 Image size of job updated: 315604
	42  -  MemoryUsage of job (MB)
	42488  -  ResidentSetSize of job (KB)
...
006 (8910109.000.000) 08/30 16:48:52 Image size of job updated: 316316
	42  -  MemoryUsage of job (MB)
	42488  -  ResidentSetSize of job (KB)
...
005 (8910109.000.000) 08/30 16:48:53 Job terminated.
	(1) Normal termination (return value 0)
		Usr 0 00:00:00, Sys 0 00:00:00  -  Run Remote Usage
		Usr 0 00:00:00, Sys 0 00:00:00  -  Run Local Usage
		Usr 0 00:00:00, Sys 0 00:00:00  -  Total Remote Usage
		Usr 0 00:00:00, Sys 0 00:00:00  -  Total Local Usage
	91412  -  Run Bytes Sent By Job
	4013  -  Run Bytes Received By Job
	91412  -  Total Bytes Sent By Job
	4013  -  Total Bytes Received By Job
	Partitionable Resources :    Usage  Request          
	   Cpus                 :                 1          
	   Disk (KB)            :      105      105          
	   Memory (MB)          :       42       42          
...
