1.06765	0.00392426
1.07227	0.00352792
1.07386	0.00350385
1.0756	0.00349683
1.07783	0.00341536
1.09403	0.00328329
1.11688	0.00349265
1.1503	0.00502813
 FCN=4.12718 FROM MIGRAD    STATUS=CONVERGED      36 CALLS          37 TOTAL
                     EDM=1.46193e-16    STRATEGY= 1      ERROR MATRIX ACCURATE 
  EXT PARAMETER                                   STEP         FIRST   
  NO.   NAME      VALUE            ERROR          SIZE      DERIVATIVE 
   1  p0           1.06605e+00   1.77931e-03   1.41731e-06  -1.16654e-05
   2  p1           2.19657e-02   1.25661e-03   1.00095e-06  -4.85593e-06
SaveSource cannot open file: /home/zhangfy/nl_target/toyMC/results/data_18200.C
1.07128	0.00393761
1.07473	0.00353601
1.07691	0.0035138
1.08497	0.00352727
1.07657	0.00341137
1.09113	0.00327458
1.11683	0.0034925
1.14687	0.00501312
 FCN=6.15839 FROM MIGRAD    STATUS=CONVERGED      36 CALLS          37 TOTAL
                     EDM=9.82697e-16    STRATEGY= 1      ERROR MATRIX ACCURATE 
  EXT PARAMETER                                   STEP         FIRST   
  NO.   NAME      VALUE            ERROR          SIZE      DERIVATIVE 
   1  p0           1.06948e+00   1.78340e-03   1.67708e-06   1.25594e-05
   2  p1           2.00141e-02   1.25590e-03   1.18103e-06  -2.05024e-05
SaveSource cannot open file: /home/zhangfy/nl_target/toyMC/results/data_18201.C
1.06622	0.00391901
1.07647	0.00354175
1.07502	0.00350763
1.08071	0.00351343
1.08177	0.00342784
1.0886	0.00326699
1.1125	0.00347896
1.14881	0.00502163
 FCN=7.81065 FROM MIGRAD    STATUS=CONVERGED      36 CALLS          37 TOTAL
                     EDM=3.00735e-16    STRATEGY= 1      ERROR MATRIX ACCURATE 
  EXT PARAMETER                                   STEP         FIRST   
  NO.   NAME      VALUE            ERROR          SIZE      DERIVATIVE 
   1  p0           1.06835e+00   1.78189e-03   1.85846e-06   7.12088e-06
   2  p1           1.98935e-02   1.25500e-03   1.30893e-06  -1.11164e-05
SaveSource cannot open file: /home/zhangfy/nl_target/toyMC/results/data_18202.C
1.07291	0.00394361
1.07602	0.00354028
1.07663	0.00351289
1.07528	0.00349577
1.08507	0.00343832
1.09185	0.00327676
1.12047	0.00350389
1.1526	0.0050382
 FCN=4.24759 FROM MIGRAD    STATUS=CONVERGED      36 CALLS          37 TOTAL
                     EDM=2.33066e-17    STRATEGY= 1      ERROR MATRIX ACCURATE 
  EXT PARAMETER                                   STEP         FIRST   
  NO.   NAME      VALUE            ERROR          SIZE      DERIVATIVE 
   1  p0           1.06908e+00   1.78460e-03   1.43743e-06   5.17487e-06
   2  p1           2.16299e-02   1.26003e-03   1.01490e-06   6.31193e-06
SaveSource cannot open file: /home/zhangfy/nl_target/toyMC/results/data_18203.C
1.06803	0.00392565
1.06951	0.00351885
1.07289	0.00350066
1.07625	0.00349893
1.0841	0.00343522
1.09059	0.00327297
1.11888	0.0034989
1.14591	0.00500894
 FCN=1.87386 FROM MIGRAD    STATUS=CONVERGED      36 CALLS          37 TOTAL
                     EDM=1.07543e-16    STRATEGY= 1      ERROR MATRIX ACCURATE 
  EXT PARAMETER                                   STEP         FIRST   
  NO.   NAME      VALUE            ERROR          SIZE      DERIVATIVE 
   1  p0           1.06643e+00   1.77879e-03   1.06108e-06   4.07007e-06
   2  p1           2.15510e-02   1.25492e-03   7.48583e-07  -6.92237e-06
SaveSource cannot open file: /home/zhangfy/nl_target/toyMC/results/data_18204.C
1.06792	0.00392527
1.06953	0.00351891
1.07393	0.00350408
1.0814	0.00351568
1.08359	0.00343363
1.09118	0.00327474
1.12373	0.00351407
1.13945	0.00498067
 FCN=4.64521 FROM MIGRAD    STATUS=CONVERGED      36 CALLS          37 TOTAL
                     EDM=6.67005e-17    STRATEGY= 1      ERROR MATRIX ACCURATE 
  EXT PARAMETER                                   STEP         FIRST   
  NO.   NAME      VALUE            ERROR          SIZE      DERIVATIVE 
   1  p0           1.06801e+00   1.77954e-03   1.48862e-06  -5.52344e-06
   2  p1           2.10146e-02   1.25344e-03   1.04853e-06   1.84238e-06
SaveSource cannot open file: /home/zhangfy/nl_target/toyMC/results/data_18205.C
1.07045	0.00393457
1.07242	0.00352841
1.07732	0.00351513
1.07672	0.00350045
1.08209	0.00342886
1.08984	0.00327071
1.11929	0.00350018
1.15234	0.00503703
 FCN=2.87277 FROM MIGRAD    STATUS=CONVERGED      36 CALLS          37 TOTAL
                     EDM=1.34781e-16    STRATEGY= 1      ERROR MATRIX ACCURATE 
  EXT PARAMETER                                   STEP         FIRST   
  NO.   NAME      VALUE            ERROR          SIZE      DERIVATIVE 
   1  p0           1.06748e+00   1.78231e-03   1.23331e-06   4.79062e-06
   2  p1           2.18763e-02   1.25901e-03   8.71203e-07  -7.38617e-06
SaveSource cannot open file: /home/zhangfy/nl_target/toyMC/results/data_18206.C
1.07633	0.00395616
1.06786	0.00351341
1.08241	0.00353175
1.07288	0.00348796
1.07846	0.00341735
1.09403	0.0032833
1.11555	0.00348851
1.14599	0.00500929
 FCN=14.6021 FROM MIGRAD    STATUS=CONVERGED      36 CALLS          37 TOTAL
                     EDM=3.57588e-15    STRATEGY= 1      ERROR MATRIX ACCURATE 
  EXT PARAMETER                                   STEP         FIRST   
  NO.   NAME      VALUE            ERROR          SIZE      DERIVATIVE 
   1  p0           1.06863e+00   1.78193e-03   2.47412e-06   5.03480e-06
   2  p1           2.00687e-02   1.25490e-03   1.74237e-06   7.21555e-05
SaveSource cannot open file: /home/zhangfy/nl_target/toyMC/results/data_18207.C
1.07912	0.00396644
1.07508	0.00353718
1.07892	0.00352035
1.08106	0.00351457
1.08147	0.00342691
1.09328	0.00328105
1.12015	0.00350287
1.14814	0.0050187
 FCN=2.81495 FROM MIGRAD    STATUS=CONVERGED      38 CALLS          39 TOTAL
                     EDM=2.42934e-15    STRATEGY= 1      ERROR MATRIX ACCURATE 
  EXT PARAMETER                                   STEP         FIRST   
  NO.   NAME      VALUE            ERROR          SIZE      DERIVATIVE 
   1  p0           1.07166e+00   1.78703e-03   1.22676e-06  -4.51037e-06
   2  p1           2.00240e-02   1.25843e-03   8.63884e-07  -5.96439e-05
SaveSource cannot open file: /home/zhangfy/nl_target/toyMC/results/data_18208.C
1.07581	0.00395426
1.06807	0.0035141
1.07874	0.00351977
1.07678	0.00350066
1.08116	0.0034259
1.0948	0.00328561
1.12016	0.00350291
1.14047	0.00498516
 FCN=6.53653 FROM MIGRAD    STATUS=CONVERGED      36 CALLS          37 TOTAL
                     EDM=3.62933e-15    STRATEGY= 1      ERROR MATRIX ACCURATE 
  EXT PARAMETER                                   STEP         FIRST   
  NO.   NAME      VALUE            ERROR          SIZE      DERIVATIVE 
   1  p0           1.06947e+00   1.78168e-03   1.72078e-06   4.28275e-05
   2  p1           2.00099e-02   1.25351e-03   1.21065e-06  -9.70966e-06
SaveSource cannot open file: /home/zhangfy/nl_target/toyMC/results/data_18209.C
1.06743	0.00392345
1.06366	0.0034996
1.0721	0.00349812
1.07632	0.00349915
1.08132	0.00342641
1.08701	0.00326224
1.11756	0.00349477
1.13959	0.00498129
 FCN=3.77748 FROM MIGRAD    STATUS=CONVERGED      36 CALLS          37 TOTAL
                     EDM=2.24477e-15    STRATEGY= 1      ERROR MATRIX ACCURATE 
  EXT PARAMETER                                   STEP         FIRST   
  NO.   NAME      VALUE            ERROR          SIZE      DERIVATIVE 
   1  p0           1.06451e+00   1.77459e-03   1.36500e-06  -3.06145e-05
   2  p1           2.09869e-02   1.25062e-03   9.61970e-07   1.33623e-05
SaveSource cannot open file: /home/zhangfy/nl_target/toyMC/results/data_18210.C
1.07286	0.00394341
1.0759	0.00353986
1.06881	0.00348738
1.07959	0.00350979
1.079	0.00341907
1.09563	0.0032881
1.1169	0.00349273
1.14663	0.00501206
 FCN=6.83026 FROM MIGRAD    STATUS=CONVERGED      36 CALLS          37 TOTAL
                     EDM=1.73274e-16    STRATEGY= 1      ERROR MATRIX ACCURATE 
  EXT PARAMETER                                   STEP         FIRST   
  NO.   NAME      VALUE            ERROR          SIZE      DERIVATIVE 
   1  p0           1.06831e+00   1.78138e-03   1.75326e-06  -4.32499e-06
   2  p1           2.07384e-02   1.25534e-03   1.23552e-06  -1.84121e-05
SaveSource cannot open file: /home/zhangfy/nl_target/toyMC/results/data_18211.C
1.06641	0.00391969
1.07388	0.00353323
1.07771	0.0035164
1.08231	0.00351864
1.08513	0.0034385
1.09542	0.00328746
1.12289	0.00351146
1.15217	0.00503629
 FCN=3.54503 FROM MIGRAD    STATUS=CONVERGED      34 CALLS          35 TOTAL
                     EDM=1.07648e-16    STRATEGY= 1      ERROR MATRIX ACCURATE 
  EXT PARAMETER                                   STEP         FIRST   
  NO.   NAME      VALUE            ERROR          SIZE      DERIVATIVE 
   1  p0           1.06934e+00   1.78430e-03   1.33891e-06  -5.71733e-06
   2  p1           2.23434e-02   1.26015e-03   9.45598e-07   4.46509e-06
SaveSource cannot open file: /home/zhangfy/nl_target/toyMC/results/data_18212.C
1.06822	0.00392637
1.07423	0.00353437
1.06789	0.00348438
1.08196	0.00351751
1.08063	0.00342424
1.09225	0.00327794
1.12224	0.00350941
1.14679	0.00501277
 FCN=4.51489 FROM MIGRAD    STATUS=CONVERGED      36 CALLS          37 TOTAL
                     EDM=1.71373e-15    STRATEGY= 1      ERROR MATRIX ACCURATE 
  EXT PARAMETER                                   STEP         FIRST   
  NO.   NAME      VALUE            ERROR          SIZE      DERIVATIVE 
   1  p0           1.06683e+00   1.77982e-03   1.47124e-06  -2.23518e-06
   2  p1           2.21650e-02   1.25663e-03   1.03875e-06  -4.87267e-05
SaveSource cannot open file: /home/zhangfy/nl_target/toyMC/results/data_18213.C
1.07127	0.00393757
1.0723	0.00352803
1.07324	0.00350183
1.07541	0.00349619
1.0824	0.00342984
1.08432	0.00325416
1.1216	0.00350741
1.15024	0.00502786
 FCN=5.13107 FROM MIGRAD    STATUS=CONVERGED      36 CALLS          37 TOTAL
                     EDM=1.17234e-15    STRATEGY= 1      ERROR MATRIX ACCURATE 
  EXT PARAMETER                                   STEP         FIRST   
  NO.   NAME      VALUE            ERROR          SIZE      DERIVATIVE 
   1  p0           1.06584e+00   1.78020e-03   1.54994e-06   3.21691e-05
   2  p1           2.22402e-02   1.25844e-03   1.09566e-06   1.14096e-05
SaveSource cannot open file: /home/zhangfy/nl_target/toyMC/results/data_18214.C
1.0651	0.00391488
1.0711	0.00352407
1.07948	0.00352218
1.07476	0.00349408
1.08426	0.00343574
1.08931	0.00326913
1.12336	0.00351293
1.15523	0.00504969
 FCN=7.5379 FROM MIGRAD    STATUS=CONVERGED      36 CALLS          37 TOTAL
                     EDM=6.67968e-15    STRATEGY= 1      ERROR MATRIX ACCURATE 
  EXT PARAMETER                                   STEP         FIRST   
  NO.   NAME      VALUE            ERROR          SIZE      DERIVATIVE 
   1  p0           1.06605e+00   1.78130e-03   1.83154e-06  -3.35333e-05
   2  p1           2.35671e-02   1.26133e-03   1.29690e-06   5.22112e-05
SaveSource cannot open file: /home/zhangfy/nl_target/toyMC/results/data_18215.C
1.06551	0.00391639
1.07268	0.00352927
1.07714	0.00351456
1.08344	0.0035223
1.09049	0.00345549
1.09487	0.00328581
1.12232	0.00350965
1.15517	0.00504939
 FCN=8.75777 FROM MIGRAD    STATUS=CONVERGED      36 CALLS          37 TOTAL
                     EDM=5.36879e-17    STRATEGY= 1      ERROR MATRIX ACCURATE 
  EXT PARAMETER                                   STEP         FIRST   
  NO.   NAME      VALUE            ERROR          SIZE      DERIVATIVE 
   1  p0           1.06962e+00   1.78513e-03   1.96287e-06   5.59050e-06
   2  p1           2.26623e-02   1.26136e-03   1.38695e-06   1.13956e-05
SaveSource cannot open file: /home/zhangfy/nl_target/toyMC/results/data_18216.C
1.07553	0.00395324
1.07504	0.00353705
1.07695	0.00351391
1.07691	0.00350109
1.07663	0.00341155
1.09222	0.00327787
1.11988	0.00350204
1.15591	0.00505265
 FCN=7.68173 FROM MIGRAD    STATUS=CONVERGED      36 CALLS          37 TOTAL
                     EDM=3.83308e-15    STRATEGY= 1      ERROR MATRIX ACCURATE 
  EXT PARAMETER                                   STEP         FIRST   
  NO.   NAME      VALUE            ERROR          SIZE      DERIVATIVE 
   1  p0           1.06791e+00   1.78418e-03   1.84786e-06  -4.48809e-05
   2  p1           2.22162e-02   1.26153e-03   1.30656e-06   8.18292e-06
SaveSource cannot open file: /home/zhangfy/nl_target/toyMC/results/data_18217.C
1.06993	0.00393263
1.06963	0.00351924
1.06866	0.00348687
1.07435	0.00349274
1.08241	0.00342988
1.08967	0.00327021
1.11305	0.00348069
1.14606	0.00500957
 FCN=4.42824 FROM MIGRAD    STATUS=CONVERGED      36 CALLS          37 TOTAL
                     EDM=8.48459e-17    STRATEGY= 1      ERROR MATRIX ACCURATE 
  EXT PARAMETER                                   STEP         FIRST   
  NO.   NAME      VALUE            ERROR          SIZE      DERIVATIVE 
   1  p0           1.06538e+00   1.77707e-03   1.45596e-06  -9.46310e-06
   2  p1           2.08241e-02   1.25288e-03   1.02648e-06  -1.31412e-05
SaveSource cannot open file: /home/zhangfy/nl_target/toyMC/results/data_18218.C
1.06916	0.00392982
1.07747	0.00354503
1.06892	0.00348772
1.07766	0.00350353
1.07919	0.00341966
1.08952	0.00326975
1.1187	0.00349833
1.15555	0.00505109
 FCN=7.52839 FROM MIGRAD    STATUS=CONVERGED      36 CALLS          37 TOTAL
                     EDM=6.99451e-17    STRATEGY= 1      ERROR MATRIX ACCURATE 
  EXT PARAMETER                                   STEP         FIRST   
  NO.   NAME      VALUE            ERROR          SIZE      DERIVATIVE 
   1  p0           1.06583e+00   1.78096e-03   1.82881e-06   5.79149e-06
   2  p1           2.27390e-02   1.26012e-03   1.29398e-06  -1.62504e-06
SaveSource cannot open file: /home/zhangfy/nl_target/toyMC/results/data_18219.C
1.07355	0.00394595
1.07369	0.0035326
1.06914	0.00348845
1.08426	0.00352497
1.07951	0.00342068
1.09613	0.00328958
1.1142	0.00348428
1.14327	0.00499741
 FCN=9.07394 FROM MIGRAD    STATUS=CONVERGED      36 CALLS          37 TOTAL
                     EDM=4.98536e-16    STRATEGY= 1      ERROR MATRIX ACCURATE 
  EXT PARAMETER                                   STEP         FIRST   
  NO.   NAME      VALUE            ERROR          SIZE      DERIVATIVE 
   1  p0           1.06955e+00   1.78172e-03   1.98870e-06   2.06782e-05
   2  p1           1.94851e-02   1.25283e-03   1.39837e-06   6.73897e-06
SaveSource cannot open file: /home/zhangfy/nl_target/toyMC/results/data_18220.C
1.06907	0.00392948
1.07472	0.00353601
1.07424	0.00350509
1.07628	0.00349903
1.07628	0.00341047
1.09301	0.00328024
1.11909	0.00349956
1.13684	0.00496931
 FCN=4.6472 FROM MIGRAD    STATUS=CONVERGED      36 CALLS          37 TOTAL
                     EDM=1.16627e-17    STRATEGY= 1      ERROR MATRIX ACCURATE 
  EXT PARAMETER                                   STEP         FIRST   
  NO.   NAME      VALUE            ERROR          SIZE      DERIVATIVE 
   1  p0           1.06791e+00   1.77875e-03   1.48704e-06   1.27967e-06
   2  p1           1.97277e-02   1.25093e-03   1.04577e-06  -2.36956e-06
SaveSource cannot open file: /home/zhangfy/nl_target/toyMC/results/data_18221.C
1.06444	0.00391247
1.0772	0.00354415
1.07152	0.00349621
1.07977	0.00351038
1.08184	0.00342806
1.09595	0.00328905
1.11689	0.00349267
1.14504	0.00500515
 FCN=8.2346 FROM MIGRAD    STATUS=CONVERGED      36 CALLS          37 TOTAL
                     EDM=2.04314e-15    STRATEGY= 1      ERROR MATRIX ACCURATE 
  EXT PARAMETER                                   STEP         FIRST   
  NO.   NAME      VALUE            ERROR          SIZE      DERIVATIVE 
   1  p0           1.06836e+00   1.78067e-03   1.90400e-06   3.47877e-05
   2  p1           2.06871e-02   1.25420e-03   1.34107e-06  -2.23854e-06
SaveSource cannot open file: /home/zhangfy/nl_target/toyMC/results/data_18222.C
1.06921	0.00392999
1.07016	0.00352099
1.0797	0.00352291
1.07823	0.00350535
1.08489	0.00343774
1.08442	0.00325445
1.12071	0.00350462
1.15025	0.0050279
 FCN=9.13476 FROM MIGRAD    STATUS=CONVERGED      36 CALLS          37 TOTAL
                     EDM=1.03968e-15    STRATEGY= 1      ERROR MATRIX ACCURATE 
  EXT PARAMETER                                   STEP         FIRST   
  NO.   NAME      VALUE            ERROR          SIZE      DERIVATIVE 
   1  p0           1.06743e+00   1.78206e-03   1.99457e-06   2.22983e-05
   2  p1           2.16086e-02   1.25838e-03   1.40844e-06  -6.30294e-06
SaveSource cannot open file: /home/zhangfy/nl_target/toyMC/results/data_18223.C
1.06486	0.003914
1.08165	0.00355879
1.07214	0.00349823
1.0791	0.0035082
1.08018	0.0034228
1.09468	0.00328524
1.12047	0.00350388
1.14279	0.00499531
 FCN=10.8381 FROM MIGRAD    STATUS=CONVERGED      36 CALLS          37 TOTAL
                     EDM=2.11857e-15    STRATEGY= 1      ERROR MATRIX ACCURATE 
  EXT PARAMETER                                   STEP         FIRST   
  NO.   NAME      VALUE            ERROR          SIZE      DERIVATIVE 
   1  p0           1.06900e+00   1.78162e-03   2.15680e-06   2.54494e-06
   2  p1           2.05739e-02   1.25464e-03   1.51885e-06  -4.93108e-05
SaveSource cannot open file: /home/zhangfy/nl_target/toyMC/results/data_18224.C
1.0747	0.00395018
1.07514	0.00353738
1.07381	0.00350367
1.08182	0.00351705
1.07928	0.00341997
1.09338	0.00328134
1.11774	0.00349534
1.14935	0.00502395
 FCN=3.31527 FROM MIGRAD    STATUS=CONVERGED      36 CALLS          37 TOTAL
                     EDM=1.46115e-15    STRATEGY= 1      ERROR MATRIX ACCURATE 
  EXT PARAMETER                                   STEP         FIRST   
  NO.   NAME      VALUE            ERROR          SIZE      DERIVATIVE 
   1  p0           1.06946e+00   1.78396e-03   1.30282e-06   5.43855e-06
   2  p1           2.06425e-02   1.25748e-03   9.18336e-07   4.79833e-05
SaveSource cannot open file: /home/zhangfy/nl_target/toyMC/results/data_18225.C
1.07431	0.00394874
1.06871	0.00351621
1.06532	0.00347599
1.08275	0.00352007
1.07993	0.00342202
1.092	0.00327721
1.11865	0.00349818
1.14849	0.00502022
 FCN=9.14319 FROM MIGRAD    STATUS=CONVERGED      36 CALLS          37 TOTAL
                     EDM=1.43266e-15    STRATEGY= 1      ERROR MATRIX ACCURATE 
  EXT PARAMETER                                   STEP         FIRST   
  NO.   NAME      VALUE            ERROR          SIZE      DERIVATIVE 
   1  p0           1.06615e+00   1.77907e-03   1.99374e-06  -5.36140e-06
   2  p1           2.19998e-02   1.25617e-03   1.40775e-06  -4.75242e-05
SaveSource cannot open file: /home/zhangfy/nl_target/toyMC/results/data_18226.C
1.07243	0.00394183
1.06448	0.00350231
1.07272	0.00350012
1.08919	0.00354101
1.08801	0.00344761
1.09709	0.00329246
1.11796	0.00349604
1.14017	0.00498384
 FCN=19.8558 FROM MIGRAD    STATUS=CONVERGED      36 CALLS          37 TOTAL
                     EDM=5.61329e-17    STRATEGY= 1      ERROR MATRIX ACCURATE 
  EXT PARAMETER                                   STEP         FIRST   
  NO.   NAME      VALUE            ERROR          SIZE      DERIVATIVE 
   1  p0           1.07074e+00   1.78206e-03   2.86515e-06  -6.47578e-06
   2  p1           1.97102e-02   1.25214e-03   2.01315e-06  -1.16253e-05
SaveSource cannot open file: /home/zhangfy/nl_target/toyMC/results/data_18227.C
1.06886	0.00392872
1.07122	0.00352447
1.07382	0.0035037
1.07596	0.003498
1.08296	0.00343162
1.08963	0.0032701
1.11273	0.00347968
1.14929	0.0050237
 FCN=5.05032 FROM MIGRAD    STATUS=CONVERGED      36 CALLS          37 TOTAL
                     EDM=2.66016e-15    STRATEGY= 1      ERROR MATRIX ACCURATE 
  EXT PARAMETER                                   STEP         FIRST   
  NO.   NAME      VALUE            ERROR          SIZE      DERIVATIVE 
   1  p0           1.06679e+00   1.77981e-03   1.53889e-06  -3.38358e-06
   2  p1           2.06525e-02   1.25486e-03   1.08499e-06   5.46930e-05
SaveSource cannot open file: /home/zhangfy/nl_target/toyMC/results/data_18228.C
1.07161	0.00393882
1.06835	0.00351502
1.07521	0.00350824
1.08101	0.00351441
1.08016	0.00342275
1.09367	0.00328221
1.11859	0.00349799
1.13746	0.00497201
 FCN=3.76998 FROM MIGRAD    STATUS=CONVERGED      36 CALLS          37 TOTAL
                     EDM=2.47698e-16    STRATEGY= 1      ERROR MATRIX ACCURATE 
  EXT PARAMETER                                   STEP         FIRST   
  NO.   NAME      VALUE            ERROR          SIZE      DERIVATIVE 
   1  p0           1.06883e+00   1.77971e-03   1.36769e-06   7.76278e-06
   2  p1           1.96097e-02   1.25102e-03   9.61395e-07  -8.25569e-06
SaveSource cannot open file: /home/zhangfy/nl_target/toyMC/results/data_18229.C
1.07305	0.00394412
1.07397	0.00353351
1.07622	0.00351155
1.08163	0.00351641
1.07848	0.00341741
1.09457	0.00328491
1.10917	0.00346854
1.14539	0.00500665
 FCN=8.80709 FROM MIGRAD    STATUS=CONVERGED      36 CALLS          37 TOTAL
                     EDM=1.32512e-16    STRATEGY= 1      ERROR MATRIX ACCURATE 
  EXT PARAMETER                                   STEP         FIRST   
  NO.   NAME      VALUE            ERROR          SIZE      DERIVATIVE 
   1  p0           1.07027e+00   1.78309e-03   1.96160e-06  -3.73093e-06
   2  p1           1.84157e-02   1.25264e-03   1.37804e-06   8.73326e-06
SaveSource cannot open file: /home/zhangfy/nl_target/toyMC/results/data_18230.C
1.06581	0.00391751
1.07456	0.00353548
1.0753	0.00350853
1.08676	0.00353311
1.08332	0.00343275
1.08929	0.00326908
1.11483	0.00348625
1.14333	0.00499763
 FCN=8.11414 FROM MIGRAD    STATUS=CONVERGED      36 CALLS          37 TOTAL
                     EDM=1.11403e-16    STRATEGY= 1      ERROR MATRIX ACCURATE 
  EXT PARAMETER                                   STEP         FIRST   
  NO.   NAME      VALUE            ERROR          SIZE      DERIVATIVE 
   1  p0           1.06985e+00   1.78238e-03   1.89165e-06   6.03810e-06
   2  p1           1.92113e-02   1.25307e-03   1.32989e-06  -4.22088e-06
SaveSource cannot open file: /home/zhangfy/nl_target/toyMC/results/data_18231.C
1.07788	0.00396185
1.06881	0.00351656
1.07627	0.0035117
1.07452	0.00349332
1.08428	0.00343581
1.09381	0.00328264
1.11625	0.00349069
1.15253	0.00503785
 FCN=10.3294 FROM MIGRAD    STATUS=CONVERGED      36 CALLS          37 TOTAL
                     EDM=2.92724e-16    STRATEGY= 1      ERROR MATRIX ACCURATE 
  EXT PARAMETER                                   STEP         FIRST   
  NO.   NAME      VALUE            ERROR          SIZE      DERIVATIVE 
   1  p0           1.06849e+00   1.78323e-03   2.11020e-06  -5.95148e-06
   2  p1           2.12329e-02   1.25832e-03   1.48904e-06   1.23918e-05
SaveSource cannot open file: /home/zhangfy/nl_target/toyMC/results/data_18232.C
1.06646	0.00391989
1.06782	0.00351329
1.07712	0.00351447
1.07491	0.00349459
1.08009	0.00342254
1.08876	0.00326747
1.12025	0.00350319
1.1569	0.00505699
 FCN=5.33487 FROM MIGRAD    STATUS=CONVERGED      36 CALLS          37 TOTAL
                     EDM=1.20657e-15    STRATEGY= 1      ERROR MATRIX ACCURATE 
  EXT PARAMETER                                   STEP         FIRST   
  NO.   NAME      VALUE            ERROR          SIZE      DERIVATIVE 
   1  p0           1.06424e+00   1.77911e-03   1.57538e-06  -1.31292e-05
   2  p1           2.38251e-02   1.26072e-03   1.11635e-06   2.37589e-05
SaveSource cannot open file: /home/zhangfy/nl_target/toyMC/results/data_18233.C
1.07531	0.00395243
1.07014	0.00352092
1.07538	0.0035088
1.08178	0.00351692
1.08228	0.00342948
1.09045	0.00327254
1.12124	0.00350629
1.16061	0.0050732
 FCN=6.2312 FROM MIGRAD    STATUS=CONVERGED      36 CALLS          37 TOTAL
                     EDM=6.22975e-15    STRATEGY= 1      ERROR MATRIX ACCURATE 
  EXT PARAMETER                                   STEP         FIRST   
  NO.   NAME      VALUE            ERROR          SIZE      DERIVATIVE 
   1  p0           1.06761e+00   1.78472e-03   1.68762e-06   2.76698e-06
   2  p1           2.33172e-02   1.26398e-03   1.19521e-06   9.09759e-05
SaveSource cannot open file: /home/zhangfy/nl_target/toyMC/results/data_18234.C
1.06423	0.00391171
1.07491	0.00353663
1.08125	0.00352795
1.08107	0.0035146
1.07432	0.00340423
1.08773	0.00326438
1.12112	0.00350592
1.14693	0.0050134
 FCN=13.2728 FROM MIGRAD    STATUS=CONVERGED      36 CALLS          37 TOTAL
                     EDM=2.2359e-16    STRATEGY= 1      ERROR MATRIX ACCURATE 
  EXT PARAMETER                                   STEP         FIRST   
  NO.   NAME      VALUE            ERROR          SIZE      DERIVATIVE 
   1  p0           1.06723e+00   1.78102e-03   2.36600e-06  -7.01419e-06
   2  p1           2.13469e-02   1.25685e-03   1.66967e-06   8.33031e-06
SaveSource cannot open file: /home/zhangfy/nl_target/toyMC/results/data_18235.C
1.0691	0.00392958
1.07208	0.00352729
1.07124	0.00349528
1.07856	0.00350643
1.08098	0.00342533
1.09374	0.00328243
1.11841	0.00349743
1.13455	0.00495927
 FCN=3.86641 FROM MIGRAD    STATUS=CONVERGED      36 CALLS          37 TOTAL
                     EDM=3.3648e-16    STRATEGY= 1      ERROR MATRIX ACCURATE 
  EXT PARAMETER                                   STEP         FIRST   
  NO.   NAME      VALUE            ERROR          SIZE      DERIVATIVE 
   1  p0           1.06833e+00   1.77823e-03   1.38053e-06   4.45528e-06
   2  p1           1.93816e-02   1.24926e-03   9.69866e-07  -1.58601e-05
SaveSource cannot open file: /home/zhangfy/nl_target/toyMC/results/data_18236.C
1.06898	0.00392915
1.0737	0.00353263
1.07444	0.00350573
1.09042	0.00354499
1.07724	0.00341349
1.09594	0.00328902
1.11788	0.00349579
1.15402	0.00504439
 FCN=15.3692 FROM MIGRAD    STATUS=CONVERGED      36 CALLS          37 TOTAL
                     EDM=8.00897e-17    STRATEGY= 1      ERROR MATRIX ACCURATE 
  EXT PARAMETER                                   STEP         FIRST   
  NO.   NAME      VALUE            ERROR          SIZE      DERIVATIVE 
   1  p0           1.06929e+00   1.78441e-03   2.53934e-06   6.05448e-06
   2  p1           2.16690e-02   1.25953e-03   1.79241e-06  -1.97466e-06
SaveSource cannot open file: /home/zhangfy/nl_target/toyMC/results/data_18237.C
1.07365	0.0039463
1.06459	0.00350266
1.07932	0.00352165
1.07577	0.00349736
1.08166	0.0034275
1.09012	0.00327156
1.11232	0.0034784
1.1442	0.00500144
 FCN=10.3386 FROM MIGRAD    STATUS=CONVERGED      36 CALLS          37 TOTAL
                     EDM=3.03489e-15    STRATEGY= 1      ERROR MATRIX ACCURATE 
  EXT PARAMETER                                   STEP         FIRST   
  NO.   NAME      VALUE            ERROR          SIZE      DERIVATIVE 
   1  p0           1.06768e+00   1.77973e-03   2.10639e-06  -3.46183e-05
   2  p1           1.95718e-02   1.25236e-03   1.48222e-06   1.69969e-05
SaveSource cannot open file: /home/zhangfy/nl_target/toyMC/results/data_18238.C
1.0755	0.00395312
1.07597	0.00354011
1.07171	0.00349684
1.07764	0.00350344
1.08085	0.00342494
1.09192	0.00327697
1.11877	0.00349855
1.14211	0.00499232
 FCN=2.68298 FROM MIGRAD    STATUS=CONVERGED      36 CALLS          37 TOTAL
                     EDM=9.55177e-17    STRATEGY= 1      ERROR MATRIX ACCURATE 
  EXT PARAMETER                                   STEP         FIRST   
  NO.   NAME      VALUE            ERROR          SIZE      DERIVATIVE 
   1  p0           1.06930e+00   1.78213e-03   1.20252e-06   5.84330e-06
   2  p1           1.98079e-02   1.25408e-03   8.46213e-07  -3.49645e-06
SaveSource cannot open file: /home/zhangfy/nl_target/toyMC/results/data_18239.C
1.07115	0.00393714
1.07138	0.00352501
1.07213	0.0034982
1.0733	0.00348934
1.08265	0.00343064
1.08929	0.00326908
1.1229	0.00351147
1.15145	0.00503314
 FCN=2.70554 FROM MIGRAD    STATUS=CONVERGED      36 CALLS          37 TOTAL
                     EDM=1.55801e-15    STRATEGY= 1      ERROR MATRIX ACCURATE 
  EXT PARAMETER                                   STEP         FIRST   
  NO.   NAME      VALUE            ERROR          SIZE      DERIVATIVE 
   1  p0           1.06549e+00   1.77975e-03   1.20548e-06  -9.79845e-07
   2  p1           2.30965e-02   1.25924e-03   8.52925e-07  -4.52784e-05
SaveSource cannot open file: /home/zhangfy/nl_target/toyMC/results/data_18240.C
1.06837	0.00392692
1.07299	0.00353028
1.07515	0.00350807
1.08348	0.00352243
1.07237	0.00339806
1.0912	0.0032748
1.11608	0.00349014
1.15201	0.00503558
 FCN=11.6834 FROM MIGRAD    STATUS=CONVERGED      34 CALLS          35 TOTAL
                     EDM=8.08278e-17    STRATEGY= 1      ERROR MATRIX ACCURATE 
  EXT PARAMETER                                   STEP         FIRST   
  NO.   NAME      VALUE            ERROR          SIZE      DERIVATIVE 
   1  p0           1.06660e+00   1.78077e-03   2.22957e-06  -8.47118e-06
   2  p1           2.15922e-02   1.25755e-03   1.57449e-06  -3.06874e-06
SaveSource cannot open file: /home/zhangfy/nl_target/toyMC/results/data_18241.C
1.06463	0.00391316
1.07212	0.00352744
1.06776	0.00348394
1.08377	0.00352339
1.07757	0.00341453
1.09134	0.00327522
1.12199	0.00350864
1.14776	0.00501704
 FCN=6.91798 FROM MIGRAD    STATUS=CONVERGED      36 CALLS          37 TOTAL
                     EDM=3.75811e-15    STRATEGY= 1      ERROR MATRIX ACCURATE 
  EXT PARAMETER                                   STEP         FIRST   
  NO.   NAME      VALUE            ERROR          SIZE      DERIVATIVE 
   1  p0           1.06519e+00   1.77780e-03   1.76126e-06  -2.00264e-05
   2  p1           2.28347e-02   1.25654e-03   1.24485e-06   4.62694e-05
SaveSource cannot open file: /home/zhangfy/nl_target/toyMC/results/data_18242.C
1.07187	0.00393979
1.07514	0.00353736
1.07864	0.00351943
1.07808	0.00350488
1.08621	0.00344191
1.09282	0.00327966
1.11907	0.00349949
1.1505	0.00502899
 FCN=3.07675 FROM MIGRAD    STATUS=CONVERGED      36 CALLS          37 TOTAL
                     EDM=1.35904e-17    STRATEGY= 1      ERROR MATRIX ACCURATE 
  EXT PARAMETER                                   STEP         FIRST   
  NO.   NAME      VALUE            ERROR          SIZE      DERIVATIVE 
   1  p0           1.07030e+00   1.78533e-03   1.26744e-06  -3.84173e-06
   2  p1           2.07975e-02   1.25861e-03   8.93510e-07  -5.10809e-06
SaveSource cannot open file: /home/zhangfy/nl_target/toyMC/results/data_18243.C
1.06734	0.00392311
1.07744	0.00354496
1.07025	0.00349206
1.0736	0.00349031
1.07294	0.00339987
1.09049	0.00327266
1.11845	0.00349755
1.1477	0.00501674
 FCN=9.25273 FROM MIGRAD    STATUS=CONVERGED      36 CALLS          37 TOTAL
                     EDM=3.98988e-15    STRATEGY= 1      ERROR MATRIX ACCURATE 
  EXT PARAMETER                                   STEP         FIRST   
  NO.   NAME      VALUE            ERROR          SIZE      DERIVATIVE 
   1  p0           1.06474e+00   1.77765e-03   2.00182e-06   4.76186e-05
   2  p1           2.19703e-02   1.25583e-03   1.41419e-06  -5.22850e-06
SaveSource cannot open file: /home/zhangfy/nl_target/toyMC/results/data_18244.C
1.05903	0.00389258
1.07784	0.00354626
1.07092	0.00349426
1.08485	0.00352689
1.08782	0.00344701
1.08638	0.00326034
1.12046	0.00350384
1.1403	0.00498443
 FCN=21.6637 FROM MIGRAD    STATUS=CONVERGED      36 CALLS          37 TOTAL
                     EDM=8.28131e-15    STRATEGY= 1      ERROR MATRIX ACCURATE 
  EXT PARAMETER                                   STEP         FIRST   
  NO.   NAME      VALUE            ERROR          SIZE      DERIVATIVE 
   1  p0           1.06834e+00   1.77997e-03   2.98176e-06   3.61614e-05
   2  p1           2.03050e-02   1.25276e-03   2.09859e-06  -6.02038e-05
SaveSource cannot open file: /home/zhangfy/nl_target/toyMC/results/data_18245.C
1.06992	0.00393262
1.07568	0.00353916
1.07855	0.00351916
1.08191	0.00351734
1.07705	0.00341289
1.09233	0.0032782
1.12131	0.0035065
1.13932	0.00498013
 FCN=5.12252 FROM MIGRAD    STATUS=CONVERGED      36 CALLS          37 TOTAL
                     EDM=8.22486e-17    STRATEGY= 1      ERROR MATRIX ACCURATE 
  EXT PARAMETER                                   STEP         FIRST   
  NO.   NAME      VALUE            ERROR          SIZE      DERIVATIVE 
   1  p0           1.07000e+00   1.78248e-03   1.55122e-06  -6.37696e-06
   2  p1           1.96465e-02   1.25355e-03   1.09092e-06   1.58557e-06
SaveSource cannot open file: /home/zhangfy/nl_target/toyMC/results/data_18246.C
1.06913	0.0039297
1.07296	0.00353021
1.07946	0.00352213
1.08237	0.00351884
1.08465	0.00343699
1.09391	0.00328294
1.11664	0.00349191
1.14648	0.00501141
 FCN=3.86771 FROM MIGRAD    STATUS=CONVERGED      36 CALLS          37 TOTAL
                     EDM=4.423e-17    STRATEGY= 1      ERROR MATRIX ACCURATE 
  EXT PARAMETER                                   STEP         FIRST   
  NO.   NAME      VALUE            ERROR          SIZE      DERIVATIVE 
   1  p0           1.07068e+00   1.78430e-03   1.38429e-06   1.56313e-06
   2  p1           1.98636e-02   1.25556e-03   9.74087e-07   8.85933e-06
SaveSource cannot open file: /home/zhangfy/nl_target/toyMC/results/data_18247.C
1.06969	0.00393176
1.07379	0.00353292
1.0782	0.00351799
1.08156	0.00351621
1.08133	0.00342645
1.09551	0.00328774
1.122	0.00350867
1.14246	0.00499386
 FCN=2.66866 FROM MIGRAD    STATUS=CONVERGED      36 CALLS          37 TOTAL
                     EDM=3.56053e-16    STRATEGY= 1      ERROR MATRIX ACCURATE 
  EXT PARAMETER                                   STEP         FIRST   
  NO.   NAME      VALUE            ERROR          SIZE      DERIVATIVE 
   1  p0           1.07026e+00   1.78322e-03   1.20189e-06  -1.66162e-05
   2  p1           2.04249e-02   1.25522e-03   8.46021e-07  -3.61535e-06
SaveSource cannot open file: /home/zhangfy/nl_target/toyMC/results/data_18248.C
1.07163	0.0039389
1.06841	0.00351521
1.0762	0.00351146
1.07584	0.00349759
1.07253	0.00339856
1.09186	0.00327678
1.1132	0.00348115
1.14765	0.00501652
 FCN=9.5023 FROM MIGRAD    STATUS=CONVERGED      36 CALLS          37 TOTAL
                     EDM=3.98241e-17    STRATEGY= 1      ERROR MATRIX ACCURATE 
  EXT PARAMETER                                   STEP         FIRST   
  NO.   NAME      VALUE            ERROR          SIZE      DERIVATIVE 
   1  p0           1.06565e+00   1.77820e-03   2.02571e-06  -6.66009e-06
   2  p1           2.08380e-02   1.25415e-03   1.42872e-06  -4.45108e-06
SaveSource cannot open file: /home/zhangfy/nl_target/toyMC/results/data_18249.C
1.06997	0.00393278
1.0638	0.00350007
1.06974	0.00349041
1.0778	0.00350398
1.07856	0.00341767
1.09332	0.00328116
1.11859	0.00349799
1.152	0.00503555
 FCN=5.15818 FROM MIGRAD    STATUS=CONVERGED      36 CALLS          37 TOTAL
                     EDM=1.59727e-15    STRATEGY= 1      ERROR MATRIX ACCURATE 
  EXT PARAMETER                                   STEP         FIRST   
  NO.   NAME      VALUE            ERROR          SIZE      DERIVATIVE 
   1  p0           1.06382e+00   1.77664e-03   1.55209e-06  -3.47782e-05
   2  p1           2.34124e-02   1.25723e-03   1.09833e-06  -6.38841e-06
SaveSource cannot open file: /home/zhangfy/nl_target/toyMC/results/data_18250.C
1.06755	0.00392388
1.07522	0.00353764
1.07587	0.00351041
1.08397	0.00352403
1.07801	0.00341595
1.09554	0.00328781
1.11992	0.00350217
1.14632	0.00501071
 FCN=5.72389 FROM MIGRAD    STATUS=CONVERGED      36 CALLS          37 TOTAL
                     EDM=3.42027e-17    STRATEGY= 1      ERROR MATRIX ACCURATE 
  EXT PARAMETER                                   STEP         FIRST   
  NO.   NAME      VALUE            ERROR          SIZE      DERIVATIVE 
   1  p0           1.06922e+00   1.78263e-03   1.62634e-06   2.32102e-06
   2  p1           2.09480e-02   1.25627e-03   1.14613e-06  -3.85726e-06
SaveSource cannot open file: /home/zhangfy/nl_target/toyMC/results/data_18251.C
1.07231	0.0039414
1.06276	0.00349665
1.07347	0.00350257
1.08596	0.00353049
1.08836	0.00344874
1.08782	0.00326465
1.117	0.00349301
1.15042	0.00502865
 FCN=18.4831 FROM MIGRAD    STATUS=CONVERGED      36 CALLS          37 TOTAL
                     EDM=6.23437e-16    STRATEGY= 1      ERROR MATRIX ACCURATE 
  EXT PARAMETER                                   STEP         FIRST   
  NO.   NAME      VALUE            ERROR          SIZE      DERIVATIVE 
   1  p0           1.06769e+00   1.78129e-03   2.76562e-06  -2.14367e-05
   2  p1           2.13900e-02   1.25672e-03   1.95118e-06  -3.86921e-05
SaveSource cannot open file: /home/zhangfy/nl_target/toyMC/results/data_18252.C
1.07357	0.00394604
1.07732	0.00354454
1.07058	0.00349315
1.08117	0.00351492
1.08036	0.00342337
1.08673	0.00326139
1.11825	0.00349694
1.13798	0.00497428
 FCN=4.82214 FROM MIGRAD    STATUS=CONVERGED      36 CALLS          37 TOTAL
                     EDM=7.20011e-17    STRATEGY= 1      ERROR MATRIX ACCURATE 
  EXT PARAMETER                                   STEP         FIRST   
  NO.   NAME      VALUE            ERROR          SIZE      DERIVATIVE 
   1  p0           1.06931e+00   1.78130e-03   1.51068e-06   4.48445e-06
   2  p1           1.88684e-02   1.25180e-03   1.06162e-06  -3.98443e-06
SaveSource cannot open file: /home/zhangfy/nl_target/toyMC/results/data_18253.C
1.06231	0.00390464
1.06923	0.00351794
1.0673	0.00348244
1.08201	0.00351765
1.08076	0.00342466
1.09622	0.00328988
1.11679	0.00349236
1.1447	0.00500364
 FCN=11.5622 FROM MIGRAD    STATUS=CONVERGED      36 CALLS          37 TOTAL
                     EDM=1.14626e-16    STRATEGY= 1      ERROR MATRIX ACCURATE 
  EXT PARAMETER                                   STEP         FIRST   
  NO.   NAME      VALUE            ERROR          SIZE      DERIVATIVE 
   1  p0           1.06549e+00   1.77627e-03   2.21719e-06  -1.05675e-05
   2  p1           2.18744e-02   1.25286e-03   1.56385e-06  -4.96666e-06
SaveSource cannot open file: /home/zhangfy/nl_target/toyMC/results/data_18254.C
1.07533	0.00395248
1.0739	0.00353328
1.0753	0.00350855
1.07846	0.00350611
1.07776	0.00341513
1.09086	0.00327379
1.12185	0.00350819
1.15458	0.00504682
 FCN=4.24929 FROM MIGRAD    STATUS=CONVERGED      36 CALLS          37 TOTAL
                     EDM=5.40166e-17    STRATEGY= 1      ERROR MATRIX ACCURATE 
  EXT PARAMETER                                   STEP         FIRST   
  NO.   NAME      VALUE            ERROR          SIZE      DERIVATIVE 
   1  p0           1.06760e+00   1.78355e-03   1.43679e-06  -1.60570e-06
   2  p1           2.24823e-02   1.26134e-03   1.01611e-06   6.50112e-06
SaveSource cannot open file: /home/zhangfy/nl_target/toyMC/results/data_18255.C
1.06993	0.00393266
1.07458	0.00353554
1.07412	0.00350469
1.08102	0.00351443
1.08635	0.00344235
1.09333	0.00328118
1.12213	0.00350906
1.14903	0.00502256
 FCN=1.58404 FROM MIGRAD    STATUS=CONVERGED      36 CALLS          37 TOTAL
                     EDM=3.23382e-15    STRATEGY= 1      ERROR MATRIX ACCURATE 
  EXT PARAMETER                                   STEP         FIRST   
  NO.   NAME      VALUE            ERROR          SIZE      DERIVATIVE 
   1  p0           1.06944e+00   1.78381e-03   1.00898e-06   2.81938e-06
   2  p1           2.15911e-02   1.25843e-03   7.11810e-07  -6.10708e-05
SaveSource cannot open file: /home/zhangfy/nl_target/toyMC/results/data_18256.C
1.07615	0.00395553
1.06837	0.00351509
1.07451	0.00350596
1.08208	0.00351787
1.08278	0.00343105
1.09322	0.00328087
1.11506	0.00348696
1.14979	0.00502589
 FCN=6.87838 FROM MIGRAD    STATUS=CONVERGED      36 CALLS          37 TOTAL
                     EDM=1.51295e-16    STRATEGY= 1      ERROR MATRIX ACCURATE 
  EXT PARAMETER                                   STEP         FIRST   
  NO.   NAME      VALUE            ERROR          SIZE      DERIVATIVE 
   1  p0           1.06912e+00   1.78307e-03   1.75957e-06  -1.21965e-05
   2  p1           2.04969e-02   1.25647e-03   1.23991e-06  -5.98132e-06
SaveSource cannot open file: /home/zhangfy/nl_target/toyMC/results/data_18257.C
1.06979	0.00393214
1.07736	0.00354468
1.07641	0.00351215
1.08333	0.00352195
1.08558	0.00343992
1.09724	0.00329294
1.11757	0.00349481
1.15468	0.00504725
 FCN=6.70894 FROM MIGRAD    STATUS=CONVERGED      36 CALLS          37 TOTAL
                     EDM=2.64102e-16    STRATEGY= 1      ERROR MATRIX ACCURATE 
  EXT PARAMETER                                   STEP         FIRST   
  NO.   NAME      VALUE            ERROR          SIZE      DERIVATIVE 
   1  p0           1.07108e+00   1.78684e-03   1.74468e-06   5.98420e-06
   2  p1           2.11538e-02   1.26023e-03   1.23049e-06  -1.12963e-05
SaveSource cannot open file: /home/zhangfy/nl_target/toyMC/results/data_18258.C
1.06703	0.003922
1.07396	0.0035335
1.07285	0.00350056
1.08219	0.00351825
1.08763	0.00344642
1.09279	0.00327958
1.11544	0.00348815
1.15014	0.00502742
 FCN=7.96039 FROM MIGRAD    STATUS=CONVERGED      36 CALLS          37 TOTAL
                     EDM=1.79783e-15    STRATEGY= 1      ERROR MATRIX ACCURATE 
  EXT PARAMETER                                   STEP         FIRST   
  NO.   NAME      VALUE            ERROR          SIZE      DERIVATIVE 
   1  p0           1.06910e+00   1.78283e-03   1.87693e-06  -6.91120e-06
   2  p1           2.07684e-02   1.25648e-03   1.32279e-06   4.03956e-05
SaveSource cannot open file: /home/zhangfy/nl_target/toyMC/results/data_18259.C
1.07162	0.00393886
1.07027	0.00352136
1.07298	0.00350098
1.07959	0.0035098
1.07933	0.00342012
1.08941	0.00326942
1.12219	0.00350926
1.15104	0.00503138
 FCN=1.05665 FROM MIGRAD    STATUS=CONVERGED      36 CALLS          37 TOTAL
                     EDM=9.85077e-17    STRATEGY= 1      ERROR MATRIX ACCURATE 
  EXT PARAMETER                                   STEP         FIRST   
  NO.   NAME      VALUE            ERROR          SIZE      DERIVATIVE 
   1  p0           1.06621e+00   1.78051e-03   8.98332e-07   9.10834e-06
   2  p1           2.26661e-02   1.25895e-03   6.35184e-07   2.75553e-06
SaveSource cannot open file: /home/zhangfy/nl_target/toyMC/results/data_18260.C
1.06913	0.00392969
1.07309	0.00353062
1.07408	0.00350456
1.07898	0.00350779
1.08095	0.00342525
1.09437	0.00328431
1.11842	0.00349746
1.14449	0.00500275
 FCN=1.47183 FROM MIGRAD    STATUS=CONVERGED      36 CALLS          37 TOTAL
                     EDM=4.82909e-18    STRATEGY= 1      ERROR MATRIX ACCURATE 
  EXT PARAMETER                                   STEP         FIRST   
  NO.   NAME      VALUE            ERROR          SIZE      DERIVATIVE 
   1  p0           1.06835e+00   1.78090e-03   9.85080e-07   6.93035e-07
   2  p1           2.07165e-02   1.25459e-03   6.93961e-07   3.05569e-06
SaveSource cannot open file: /home/zhangfy/nl_target/toyMC/results/data_18261.C
1.0683	0.00392667
1.07471	0.00353596
1.07586	0.00351038
1.08128	0.00351529
1.08758	0.00344626
1.09845	0.00329655
1.1164	0.00349116
1.14489	0.00500449
 FCN=7.46969 FROM MIGRAD    STATUS=CONVERGED      36 CALLS          37 TOTAL
                     EDM=2.46011e-15    STRATEGY= 1      ERROR MATRIX ACCURATE 
  EXT PARAMETER                                   STEP         FIRST   
  NO.   NAME      VALUE            ERROR          SIZE      DERIVATIVE 
   1  p0           1.07124e+00   1.78413e-03   1.82679e-06  -4.35571e-05
   2  p1           1.97714e-02   1.25455e-03   1.28454e-06  -9.27732e-06
SaveSource cannot open file: /home/zhangfy/nl_target/toyMC/results/data_18262.C
1.06681	0.00392117
1.0661	0.00350764
1.08141	0.00352848
1.07337	0.00348958
1.08749	0.00344597
1.08917	0.00326869
1.1148	0.00348615
1.13302	0.00495258
 FCN=15.6422 FROM MIGRAD    STATUS=CONVERGED      36 CALLS          37 TOTAL
                     EDM=7.49239e-16    STRATEGY= 1      ERROR MATRIX ACCURATE 
  EXT PARAMETER                                   STEP         FIRST   
  NO.   NAME      VALUE            ERROR          SIZE      DERIVATIVE 
   1  p0           1.06865e+00   1.77807e-03   2.55122e-06   1.74244e-05
   2  p1           1.82666e-02   1.24728e-03   1.78963e-06  -8.12926e-06
SaveSource cannot open file: /home/zhangfy/nl_target/toyMC/results/data_18263.C
1.07247	0.00394198
1.07046	0.00352196
1.0778	0.00351668
1.07462	0.00349365
1.07821	0.00341657
1.09215	0.00327764
1.11888	0.00349892
1.14722	0.00501468
 FCN=4.06443 FROM MIGRAD    STATUS=CONVERGED      36 CALLS          37 TOTAL
                     EDM=2.39578e-15    STRATEGY= 1      ERROR MATRIX ACCURATE 
  EXT PARAMETER                                   STEP         FIRST   
  NO.   NAME      VALUE            ERROR          SIZE      DERIVATIVE 
   1  p0           1.06724e+00   1.78065e-03   1.40928e-06   8.39789e-07
   2  p1           2.12642e-02   1.25622e-03   9.94226e-07  -5.42702e-05
SaveSource cannot open file: /home/zhangfy/nl_target/toyMC/results/data_18264.C
1.07573	0.00395395
1.07159	0.00352569
1.0791	0.00352094
1.07454	0.00349336
1.0739	0.0034029
1.09079	0.00327357
1.11864	0.00349816
1.14158	0.00499002
 FCN=9.20085 FROM MIGRAD    STATUS=CONVERGED      36 CALLS          37 TOTAL
                     EDM=5.43158e-16    STRATEGY= 1      ERROR MATRIX ACCURATE 
  EXT PARAMETER                                   STEP         FIRST   
  NO.   NAME      VALUE            ERROR          SIZE      DERIVATIVE 
   1  p0           1.06796e+00   1.78059e-03   1.99909e-06   2.17481e-05
   2  p1           1.99489e-02   1.25369e-03   1.40754e-06   7.41444e-06
SaveSource cannot open file: /home/zhangfy/nl_target/toyMC/results/data_18265.C
1.0738	0.00394688
1.07158	0.00352565
1.08049	0.00352548
1.07792	0.00350435
1.08073	0.00342456
1.09545	0.00328754
1.11686	0.0034926
1.14422	0.00500153
 FCN=4.82849 FROM MIGRAD    STATUS=CONVERGED      36 CALLS          37 TOTAL
                     EDM=6.90843e-17    STRATEGY= 1      ERROR MATRIX ACCURATE 
  EXT PARAMETER                                   STEP         FIRST   
  NO.   NAME      VALUE            ERROR          SIZE      DERIVATIVE 
   1  p0           1.07031e+00   1.78352e-03   1.51395e-06   8.83366e-06
   2  p1           1.96441e-02   1.25464e-03   1.06501e-06   1.11647e-05
SaveSource cannot open file: /home/zhangfy/nl_target/toyMC/results/data_18266.C
1.07003	0.00393302
1.06567	0.00350623
1.07358	0.00350292
1.07218	0.00348569
1.0773	0.00341368
1.08676	0.00326148
1.12245	0.00351006
1.14899	0.00502241
 FCN=3.72659 FROM MIGRAD    STATUS=CONVERGED      36 CALLS          37 TOTAL
                     EDM=2.25957e-16    STRATEGY= 1      ERROR MATRIX ACCURATE 
  EXT PARAMETER                                   STEP         FIRST   
  NO.   NAME      VALUE            ERROR          SIZE      DERIVATIVE 
   1  p0           1.06300e+00   1.77593e-03   1.35872e-06  -8.66384e-06
   2  p1           2.33976e-02   1.25721e-03   9.61860e-07   5.94206e-06
SaveSource cannot open file: /home/zhangfy/nl_target/toyMC/results/data_18267.C
1.07377	0.00394674
1.06922	0.0035179
1.07259	0.00349968
1.07218	0.00348569
1.08098	0.00342534
1.08715	0.00326264
1.11947	0.00350076
1.15158	0.0050337
 FCN=5.3419 FROM MIGRAD    STATUS=CONVERGED      36 CALLS          37 TOTAL
                     EDM=3.32236e-16    STRATEGY= 1      ERROR MATRIX ACCURATE 
  EXT PARAMETER                                   STEP         FIRST   
  NO.   NAME      VALUE            ERROR          SIZE      DERIVATIVE 
   1  p0           1.06494e+00   1.77903e-03   1.57545e-06   5.64327e-06
   2  p1           2.25139e-02   1.25818e-03   1.11420e-06  -1.41294e-05
SaveSource cannot open file: /home/zhangfy/nl_target/toyMC/results/data_18268.C
1.07005	0.00393307
1.07664	0.00354231
1.06936	0.00348916
1.07992	0.00351086
1.07911	0.0034194
1.08817	0.0032657
1.11406	0.00348385
1.1527	0.00503861
 FCN=8.99015 FROM MIGRAD    STATUS=CONVERGED      36 CALLS          37 TOTAL
                     EDM=1.44175e-16    STRATEGY= 1      ERROR MATRIX ACCURATE 
  EXT PARAMETER                                   STEP         FIRST   
  NO.   NAME      VALUE            ERROR          SIZE      DERIVATIVE 
   1  p0           1.06668e+00   1.78102e-03   1.97816e-06   1.07040e-05
   2  p1           2.11678e-02   1.25730e-03   1.39646e-06   2.56952e-06
SaveSource cannot open file: /home/zhangfy/nl_target/toyMC/results/data_18269.C
1.07752	0.00396053
1.07222	0.00352775
1.07391	0.00350402
1.07701	0.00350141
1.07961	0.003421
1.08956	0.00326987
1.12677	0.00352358
1.14397	0.00500047
 FCN=6.60855 FROM MIGRAD    STATUS=CONVERGED      36 CALLS          37 TOTAL
                     EDM=1.71932e-17    STRATEGY= 1      ERROR MATRIX ACCURATE 
  EXT PARAMETER                                   STEP         FIRST   
  NO.   NAME      VALUE            ERROR          SIZE      DERIVATIVE 
   1  p0           1.06801e+00   1.78184e-03   1.72926e-06   1.75529e-06
   2  p1           2.17064e-02   1.25752e-03   1.22041e-06   6.02959e-06
SaveSource cannot open file: /home/zhangfy/nl_target/toyMC/results/data_18270.C
1.07442	0.00394914
1.07514	0.00353736
1.07216	0.00349828
1.08139	0.00351565
1.08343	0.00343311
1.09183	0.00327668
1.12575	0.0035204
1.14558	0.00500749
 FCN=2.69073 FROM MIGRAD    STATUS=CONVERGED      36 CALLS          37 TOTAL
                     EDM=4.68604e-15    STRATEGY= 1      ERROR MATRIX ACCURATE 
  EXT PARAMETER                                   STEP         FIRST   
  NO.   NAME      VALUE            ERROR          SIZE      DERIVATIVE 
   1  p0           1.06946e+00   1.78365e-03   1.20579e-06  -5.69307e-05
   2  p1           2.15215e-02   1.25810e-03   8.50508e-07  -5.58044e-06
SaveSource cannot open file: /home/zhangfy/nl_target/toyMC/results/data_18271.C
1.06774	0.00392459
1.06646	0.0035088
1.07929	0.00352155
1.07463	0.00349368
1.08127	0.00342625
1.09144	0.00327551
1.1157	0.00348897
1.15395	0.00504409
 FCN=10.0035 FROM MIGRAD    STATUS=CONVERGED      36 CALLS          37 TOTAL
                     EDM=7.93359e-16    STRATEGY= 1      ERROR MATRIX ACCURATE 
  EXT PARAMETER                                   STEP         FIRST   
  NO.   NAME      VALUE            ERROR          SIZE      DERIVATIVE 
   1  p0           1.06572e+00   1.77969e-03   2.07628e-06   1.42556e-05
   2  p1           2.22903e-02   1.25793e-03   1.46756e-06  -1.41467e-05
SaveSource cannot open file: /home/zhangfy/nl_target/toyMC/results/data_18272.C
1.07154	0.00393856
1.07124	0.00352452
1.07143	0.00349593
1.07656	0.00349993
1.07876	0.00341831
1.09215	0.00327766
1.11782	0.00349559
1.14909	0.00502285
 FCN=1.81298 FROM MIGRAD    STATUS=CONVERGED      36 CALLS          37 TOTAL
                     EDM=2.24912e-16    STRATEGY= 1      ERROR MATRIX ACCURATE 
  EXT PARAMETER                                   STEP         FIRST   
  NO.   NAME      VALUE            ERROR          SIZE      DERIVATIVE 
   1  p0           1.06619e+00   1.77943e-03   1.04978e-06  -2.08025e-06
   2  p1           2.17965e-02   1.25641e-03   7.41227e-07   1.47033e-05
SaveSource cannot open file: /home/zhangfy/nl_target/toyMC/results/data_18273.C
1.07376	0.00394673
1.07181	0.00352643
1.07868	0.00351957
1.07923	0.00350861
1.08686	0.00344397
1.091	0.00327419
1.12015	0.00350289
1.15513	0.00504924
 FCN=4.99395 FROM MIGRAD    STATUS=CONVERGED      36 CALLS          37 TOTAL
                     EDM=1.70418e-16    STRATEGY= 1      ERROR MATRIX ACCURATE 
  EXT PARAMETER                                   STEP         FIRST   
  NO.   NAME      VALUE            ERROR          SIZE      DERIVATIVE 
   1  p0           1.06947e+00   1.78560e-03   1.53706e-06  -7.04824e-06
   2  p1           2.18158e-02   1.26118e-03   1.08564e-06   5.82909e-06
SaveSource cannot open file: /home/zhangfy/nl_target/toyMC/results/data_18274.C
1.07098	0.00393652
1.0802	0.00355401
1.07664	0.0035129
1.08578	0.00352992
1.07786	0.00341546
1.09046	0.00327257
1.11851	0.00349774
1.1502	0.00502768
 FCN=9.11923 FROM MIGRAD    STATUS=CONVERGED      36 CALLS          37 TOTAL
                     EDM=4.30557e-16    STRATEGY= 1      ERROR MATRIX ACCURATE 
  EXT PARAMETER                                   STEP         FIRST   
  NO.   NAME      VALUE            ERROR          SIZE      DERIVATIVE 
   1  p0           1.07048e+00   1.78593e-03   1.99631e-06  -2.11555e-05
   2  p1           2.02951e-02   1.25860e-03   1.40686e-06  -1.20740e-05
SaveSource cannot open file: /home/zhangfy/nl_target/toyMC/results/data_18275.C
1.06794	0.00392534
1.07526	0.00353778
1.07065	0.00349338
1.07612	0.0034985
1.07574	0.00340874
1.09546	0.00328759
1.11665	0.00349195
1.15359	0.0050425
 FCN=9.15751 FROM MIGRAD    STATUS=CONVERGED      36 CALLS          37 TOTAL
                     EDM=2.02902e-16    STRATEGY= 1      ERROR MATRIX ACCURATE 
  EXT PARAMETER                                   STEP         FIRST   
  NO.   NAME      VALUE            ERROR          SIZE      DERIVATIVE 
   1  p0           1.06566e+00   1.77963e-03   1.99518e-06   7.34518e-06
   2  p1           2.25316e-02   1.25820e-03   1.41060e-06  -6.94816e-06
SaveSource cannot open file: /home/zhangfy/nl_target/toyMC/results/data_18276.C
1.07349	0.00394573
1.07261	0.00352904
1.07115	0.003495
1.08124	0.00351517
1.07959	0.00342095
1.08864	0.0032671
1.12526	0.00351887
1.14944	0.00502436
 FCN=3.41775 FROM MIGRAD    STATUS=CONVERGED      36 CALLS          37 TOTAL
                     EDM=1.59126e-16    STRATEGY= 1      ERROR MATRIX ACCURATE 
  EXT PARAMETER                                   STEP         FIRST   
  NO.   NAME      VALUE            ERROR          SIZE      DERIVATIVE 
   1  p0           1.06694e+00   1.78149e-03   1.31746e-06  -5.36715e-06
   2  p1           2.26355e-02   1.25942e-03   9.31375e-07   7.80181e-06
SaveSource cannot open file: /home/zhangfy/nl_target/toyMC/results/data_18277.C
1.06898	0.00392915
1.07335	0.00353148
1.07442	0.00350566
1.08019	0.00351175
1.07632	0.00341058
1.08942	0.00326946
1.11263	0.00347935
1.14329	0.00499749
 FCN=3.63554 FROM MIGRAD    STATUS=CONVERGED      36 CALLS          37 TOTAL
                     EDM=8.65133e-16    STRATEGY= 1      ERROR MATRIX ACCURATE 
  EXT PARAMETER                                   STEP         FIRST   
  NO.   NAME      VALUE            ERROR          SIZE      DERIVATIVE 
   1  p0           1.06758e+00   1.77957e-03   1.34650e-06   1.06991e-05
   2  p1           1.94146e-02   1.25209e-03   9.47379e-07   4.19243e-05
SaveSource cannot open file: /home/zhangfy/nl_target/toyMC/results/data_18278.C
1.06887	0.00392875
1.07093	0.00352354
1.07328	0.00350194
1.08151	0.00351604
1.08337	0.00343293
1.09714	0.00329263
1.1245	0.00351647
1.14674	0.00501254
 FCN=3.5436 FROM MIGRAD    STATUS=CONVERGED      36 CALLS          37 TOTAL
                     EDM=9.17474e-17    STRATEGY= 1      ERROR MATRIX ACCURATE 
  EXT PARAMETER                                   STEP         FIRST   
  NO.   NAME      VALUE            ERROR          SIZE      DERIVATIVE 
   1  p0           1.06838e+00   1.78161e-03   1.33753e-06   2.91349e-06
   2  p1           2.23546e-02   1.25753e-03   9.44080e-07  -7.49337e-06
SaveSource cannot open file: /home/zhangfy/nl_target/toyMC/results/data_18279.C
1.06457	0.00391295
1.07403	0.00353373
1.07166	0.00349665
1.08115	0.00351485
1.07455	0.00340498
1.09561	0.00328802
1.11697	0.00349293
1.15176	0.00503449
 FCN=10.5725 FROM MIGRAD    STATUS=CONVERGED      36 CALLS          37 TOTAL
                     EDM=2.58239e-17    STRATEGY= 1      ERROR MATRIX ACCURATE 
  EXT PARAMETER                                   STEP         FIRST   
  NO.   NAME      VALUE            ERROR          SIZE      DERIVATIVE 
   1  p0           1.06587e+00   1.77925e-03   2.12974e-06   5.20252e-06
   2  p1           2.23710e-02   1.25721e-03   1.50487e-06   2.97758e-06
SaveSource cannot open file: /home/zhangfy/nl_target/toyMC/results/data_18280.C
1.06856	0.00392762
1.07128	0.00352466
1.07262	0.00349981
1.08643	0.00353202
1.07235	0.00339801
1.09657	0.00329092
1.11417	0.00348419
1.14828	0.0050193
 FCN=17.9217 FROM MIGRAD    STATUS=CONVERGED      36 CALLS          37 TOTAL
                     EDM=1.40901e-16    STRATEGY= 1      ERROR MATRIX ACCURATE 
  EXT PARAMETER                                   STEP         FIRST   
  NO.   NAME      VALUE            ERROR          SIZE      DERIVATIVE 
   1  p0           1.06744e+00   1.78017e-03   2.72366e-06   3.78273e-06
   2  p1           2.08945e-02   1.25487e-03   1.91994e-06   1.65290e-05
SaveSource cannot open file: /home/zhangfy/nl_target/toyMC/results/data_18281.C
1.06559	0.00391671
1.07188	0.00352665
1.07632	0.00351187
1.08028	0.00351202
1.08391	0.00343464
1.0886	0.00326701
1.11511	0.00348712
1.14777	0.00501708
 FCN=5.37732 FROM MIGRAD    STATUS=CONVERGED      36 CALLS          37 TOTAL
                     EDM=3.59097e-16    STRATEGY= 1      ERROR MATRIX ACCURATE 
  EXT PARAMETER                                   STEP         FIRST   
  NO.   NAME      VALUE            ERROR          SIZE      DERIVATIVE 
   1  p0           1.06775e+00   1.78082e-03   1.58116e-06  -3.69756e-06
   2  p1           2.05440e-02   1.25499e-03   1.11429e-06   1.73764e-05
SaveSource cannot open file: /home/zhangfy/nl_target/toyMC/results/data_18282.C
1.07129	0.00393766
1.08016	0.00355389
1.0736	0.003503
1.07805	0.00350479
1.08419	0.00343553
1.08888	0.00326783
1.11265	0.00347943
1.15464	0.0050471
 FCN=13.4812 FROM MIGRAD    STATUS=CONVERGED      34 CALLS          35 TOTAL
                     EDM=1.91632e-17    STRATEGY= 1      ERROR MATRIX ACCURATE 
  EXT PARAMETER                                   STEP         FIRST   
  NO.   NAME      VALUE            ERROR          SIZE      DERIVATIVE 
   1  p0           1.06924e+00   1.78483e-03   2.38533e-06  -4.64320e-06
   2  p1           2.02659e-02   1.25854e-03   1.68197e-06  -5.90368e-06
SaveSource cannot open file: /home/zhangfy/nl_target/toyMC/results/data_18283.C
1.06766	0.00392431
1.07741	0.00354484
1.06794	0.00348454
1.07882	0.00350728
1.08481	0.00343748
1.09433	0.0032842
1.12308	0.00351203
1.14525	0.00500605
 FCN=7.7669 FROM MIGRAD    STATUS=CONVERGED      34 CALLS          35 TOTAL
                     EDM=6.75333e-16    STRATEGY= 1      ERROR MATRIX ACCURATE 
  EXT PARAMETER                                   STEP         FIRST   
  NO.   NAME      VALUE            ERROR          SIZE      DERIVATIVE 
   1  p0           1.06802e+00   1.78092e-03   1.85645e-06   1.86827e-05
   2  p1           2.18269e-02   1.25635e-03   1.30963e-06  -3.80975e-06
SaveSource cannot open file: /home/zhangfy/nl_target/toyMC/results/data_18284.C
1.07525	0.00395221
1.07003	0.00352055
1.07793	0.00351712
1.07596	0.00349799
1.08224	0.00342932
1.09703	0.00329229
1.11384	0.00348314
1.14218	0.00499263
 FCN=7.92335 FROM MIGRAD    STATUS=CONVERGED      36 CALLS          37 TOTAL
                     EDM=7.37855e-16    STRATEGY= 1      ERROR MATRIX ACCURATE 
  EXT PARAMETER                                   STEP         FIRST   
  NO.   NAME      VALUE            ERROR          SIZE      DERIVATIVE 
   1  p0           1.07016e+00   1.78230e-03   1.87199e-06  -2.01704e-05
   2  p1           1.90416e-02   1.25240e-03   1.31542e-06  -4.25801e-05
SaveSource cannot open file: /home/zhangfy/nl_target/toyMC/results/data_18285.C
1.06478	0.0039137
1.07425	0.00353446
1.07018	0.00349183
1.08231	0.00351862
1.08064	0.00342427
1.09085	0.00327375
1.1149	0.00348645
1.15284	0.00503922
 FCN=8.63459 FROM MIGRAD    STATUS=CONVERGED      36 CALLS          37 TOTAL
                     EDM=4.55682e-16    STRATEGY= 1      ERROR MATRIX ACCURATE 
  EXT PARAMETER                                   STEP         FIRST   
  NO.   NAME      VALUE            ERROR          SIZE      DERIVATIVE 
   1  p0           1.06636e+00   1.78009e-03   1.94315e-06  -1.40781e-06
   2  p1           2.18032e-02   1.25714e-03   1.37230e-06   2.25880e-05
SaveSource cannot open file: /home/zhangfy/nl_target/toyMC/results/data_18286.C
1.07274	0.00394296
1.07927	0.00355096
1.07512	0.00350795
1.07601	0.00349817
1.08211	0.00342891
1.08994	0.00327103
1.11295	0.00348035
1.15232	0.00503696
 FCN=10.3673 FROM MIGRAD    STATUS=CONVERGED      36 CALLS          37 TOTAL
                     EDM=3.41809e-16    STRATEGY= 1      ERROR MATRIX ACCURATE 
  EXT PARAMETER                                   STEP         FIRST   
  NO.   NAME      VALUE            ERROR          SIZE      DERIVATIVE 
   1  p0           1.06923e+00   1.78434e-03   2.11286e-06  -1.67727e-05
   2  p1           2.00063e-02   1.25755e-03   1.48908e-06  -4.73292e-06
SaveSource cannot open file: /home/zhangfy/nl_target/toyMC/results/data_18287.C
1.0768	0.0039579
1.07471	0.00353596
1.07543	0.00350897
1.07475	0.00349407
1.08642	0.00344259
1.09244	0.00327853
1.11948	0.00350078
1.1547	0.00504737
 FCN=7.34717 FROM MIGRAD    STATUS=CONVERGED      36 CALLS          37 TOTAL
                     EDM=1.3052e-17    STRATEGY= 1      ERROR MATRIX ACCURATE 
  EXT PARAMETER                                   STEP         FIRST   
  NO.   NAME      VALUE            ERROR          SIZE      DERIVATIVE 
   1  p0           1.06932e+00   1.78537e-03   1.81338e-06   3.56323e-06
   2  p1           2.16702e-02   1.26087e-03   1.28065e-06   1.70610e-06
SaveSource cannot open file: /home/zhangfy/nl_target/toyMC/results/data_18288.C
1.06896	0.00392908
1.07116	0.00352429
1.07789	0.00351699
1.08134	0.00351549
1.0842	0.00343554
1.08685	0.00326174
1.11741	0.00349431
1.1487	0.00502111
 FCN=5.30927 FROM MIGRAD    STATUS=CONVERGED      36 CALLS          37 TOTAL
                     EDM=8.83591e-17    STRATEGY= 1      ERROR MATRIX ACCURATE 
  EXT PARAMETER                                   STEP         FIRST   
  NO.   NAME      VALUE            ERROR          SIZE      DERIVATIVE 
   1  p0           1.06837e+00   1.78236e-03   1.57379e-06  -8.19304e-06
   2  p1           2.06800e-02   1.25657e-03   1.10953e-06  -1.59099e-06
SaveSource cannot open file: /home/zhangfy/nl_target/toyMC/results/data_18289.C
1.06085	0.00389927
1.07647	0.00354174
1.06837	0.00348595
1.08162	0.00351639
1.08531	0.00343905
1.09138	0.00327533
1.11863	0.00349811
1.13998	0.004983
 FCN=13.3215 FROM MIGRAD    STATUS=CONVERGED      36 CALLS          37 TOTAL
                     EDM=2.21134e-16    STRATEGY= 1      ERROR MATRIX ACCURATE 
  EXT PARAMETER                                   STEP         FIRST   
  NO.   NAME      VALUE            ERROR          SIZE      DERIVATIVE 
   1  p0           1.06758e+00   1.77842e-03   2.36899e-06  -1.64027e-05
   2  p1           2.04853e-02   1.25172e-03   1.66739e-06  -1.63451e-05
SaveSource cannot open file: /home/zhangfy/nl_target/toyMC/results/data_18290.C
1.07412	0.00394806
1.07839	0.00354807
1.07159	0.00349644
1.07428	0.00349252
1.08316	0.00343224
1.09354	0.00328181
1.11837	0.00349731
1.14045	0.00498507
 FCN=6.2957 FROM MIGRAD    STATUS=CONVERGED      36 CALLS          37 TOTAL
                     EDM=7.75259e-16    STRATEGY= 1      ERROR MATRIX ACCURATE 
  EXT PARAMETER                                   STEP         FIRST   
  NO.   NAME      VALUE            ERROR          SIZE      DERIVATIVE 
   1  p0           1.06974e+00   1.78211e-03   1.69266e-06  -3.91180e-06
   2  p1           1.94646e-02   1.25314e-03   1.19024e-06  -3.50257e-05
SaveSource cannot open file: /home/zhangfy/nl_target/toyMC/results/data_18291.C
1.07511	0.00395168
1.06682	0.00351
1.06709	0.00348176
1.0812	0.00351501
1.08181	0.00342797
1.09019	0.00327177
1.12062	0.00350436
1.14672	0.00501246
 FCN=7.20113 FROM MIGRAD    STATUS=CONVERGED      36 CALLS          37 TOTAL
                     EDM=6.23489e-16    STRATEGY= 1      ERROR MATRIX ACCURATE 
  EXT PARAMETER                                   STEP         FIRST   
  NO.   NAME      VALUE            ERROR          SIZE      DERIVATIVE 
   1  p0           1.06614e+00   1.77888e-03   1.79274e-06  -2.44494e-05
   2  p1           2.20135e-02   1.25593e-03   1.26572e-06  -1.10591e-05
SaveSource cannot open file: /home/zhangfy/nl_target/toyMC/results/data_18292.C
1.06827	0.00392656
1.07468	0.00353586
1.07069	0.00349351
1.0831	0.00352121
1.07797	0.00341581
1.09515	0.00328666
1.12169	0.00350769
1.14863	0.00502083
 FCN=5.30118 FROM MIGRAD    STATUS=CONVERGED      36 CALLS          37 TOTAL
                     EDM=8.40393e-16    STRATEGY= 1      ERROR MATRIX ACCURATE 
  EXT PARAMETER                                   STEP         FIRST   
  NO.   NAME      VALUE            ERROR          SIZE      DERIVATIVE 
   1  p0           1.06753e+00   1.78110e-03   1.57365e-06  -3.18254e-05
   2  p1           2.21788e-02   1.25761e-03   1.11114e-06  -2.85765e-05
SaveSource cannot open file: /home/zhangfy/nl_target/toyMC/results/data_18293.C
1.06651	0.00392007
1.07292	0.00353007
1.07759	0.00351603
1.07332	0.0034894
1.07451	0.00340483
1.09171	0.00327632
1.12165	0.00350757
1.1503	0.00502811
 FCN=7.3525 FROM MIGRAD    STATUS=CONVERGED      36 CALLS          37 TOTAL
                     EDM=2.22575e-16    STRATEGY= 1      ERROR MATRIX ACCURATE 
  EXT PARAMETER                                   STEP         FIRST   
  NO.   NAME      VALUE            ERROR          SIZE      DERIVATIVE 
   1  p0           1.06515e+00   1.77897e-03   1.80890e-06   9.23091e-06
   2  p1           2.28512e-02   1.25825e-03   1.27942e-06  -4.83341e-06
SaveSource cannot open file: /home/zhangfy/nl_target/toyMC/results/data_18294.C
1.07463	0.00394991
1.06825	0.00351469
1.07743	0.0035155
1.08051	0.00351278
1.08344	0.00343315
1.09764	0.00329412
1.11628	0.00349079
1.13933	0.00498018
 FCN=7.19627 FROM MIGRAD    STATUS=CONVERGED      36 CALLS          37 TOTAL
                     EDM=3.46061e-15    STRATEGY= 1      ERROR MATRIX ACCURATE 
  EXT PARAMETER                                   STEP         FIRST   
  NO.   NAME      VALUE            ERROR          SIZE      DERIVATIVE 
   1  p0           1.07086e+00   1.78245e-03   1.79517e-06  -3.75152e-05
   2  p1           1.89861e-02   1.25169e-03   1.26062e-06   1.71383e-05
SaveSource cannot open file: /home/zhangfy/nl_target/toyMC/results/data_18295.C
1.07832	0.00396348
1.07318	0.00353093
1.0818	0.00352974
1.08199	0.00351759
1.07701	0.00341276
1.09243	0.0032785
1.12245	0.00351008
1.15069	0.00502984
 FCN=8.38197 FROM MIGRAD    STATUS=CONVERGED      36 CALLS          37 TOTAL
                     EDM=6.3034e-15    STRATEGY= 1      ERROR MATRIX ACCURATE 
  EXT PARAMETER                                   STEP         FIRST   
  NO.   NAME      VALUE            ERROR          SIZE      DERIVATIVE 
   1  p0           1.07053e+00   1.78656e-03   1.92357e-06  -2.86161e-05
   2  p1           2.10443e-02   1.26034e-03   1.35700e-06   5.60104e-05
SaveSource cannot open file: /home/zhangfy/nl_target/toyMC/results/data_18296.C
1.06731	0.00392303
1.07077	0.00352299
1.07324	0.00350182
1.07389	0.00349125
1.08032	0.00342327
1.09738	0.00329336
1.11695	0.00349287
1.14639	0.00501103
 FCN=7.06363 FROM MIGRAD    STATUS=CONVERGED      36 CALLS          37 TOTAL
                     EDM=8.71797e-17    STRATEGY= 1      ERROR MATRIX ACCURATE 
  EXT PARAMETER                                   STEP         FIRST   
  NO.   NAME      VALUE            ERROR          SIZE      DERIVATIVE 
   1  p0           1.06647e+00   1.77848e-03   1.77754e-06   2.57828e-06
   2  p1           2.15949e-02   1.25448e-03   1.25381e-06   1.27243e-05
SaveSource cannot open file: /home/zhangfy/nl_target/toyMC/results/data_18297.C
1.07038	0.00393431
1.06922	0.00351789
1.0754	0.00350886
1.08464	0.00352619
1.07733	0.00341379
1.09711	0.00329255
1.11607	0.00349013
1.14384	0.00499987
 FCN=9.28665 FROM MIGRAD    STATUS=CONVERGED      36 CALLS          37 TOTAL
                     EDM=2.56105e-16    STRATEGY= 1      ERROR MATRIX ACCURATE 
  EXT PARAMETER                                   STEP         FIRST   
  NO.   NAME      VALUE            ERROR          SIZE      DERIVATIVE 
   1  p0           1.06895e+00   1.78106e-03   2.00974e-06  -1.68046e-05
   2  p1           2.01920e-02   1.25347e-03   1.41441e-06  -1.10802e-05
SaveSource cannot open file: /home/zhangfy/nl_target/toyMC/results/data_18298.C
1.07444	0.00394923
1.06857	0.00351577
1.0779	0.00351703
1.08366	0.00352303
1.0729	0.00339975
1.09272	0.00327936
1.11496	0.00348666
1.14765	0.00501655
 FCN=13.246 FROM MIGRAD    STATUS=CONVERGED      36 CALLS          37 TOTAL
                     EDM=3.59761e-16    STRATEGY= 1      ERROR MATRIX ACCURATE 
  EXT PARAMETER                                   STEP         FIRST   
  NO.   NAME      VALUE            ERROR          SIZE      DERIVATIVE 
   1  p0           1.06818e+00   1.78165e-03   2.36368e-06   8.87922e-06
   2  p1           2.03121e-02   1.25536e-03   1.66546e-06  -1.05992e-05
SaveSource cannot open file: /home/zhangfy/nl_target/toyMC/results/data_18299.C
