1.06492	0.00391425
1.07359	0.00353228
1.07338	0.00350226
1.07849	0.0035062
1.08354	0.00343345
1.08973	0.00327038
1.12038	0.00350359
1.14111	0.00498794
 FCN=3.42355 FROM MIGRAD    STATUS=CONVERGED      36 CALLS          37 TOTAL
                     EDM=1.56984e-15    STRATEGY= 1      ERROR MATRIX ACCURATE 
  EXT PARAMETER                                   STEP         FIRST   
  NO.   NAME      VALUE            ERROR          SIZE      DERIVATIVE 
   1  p0           1.06748e+00   1.77915e-03   1.31676e-06  -1.24204e-05
   2  p1           2.07241e-02   1.25318e-03   9.27482e-07   3.06440e-05
SaveSource cannot open file: /home/zhangfy/nl_target/toyMC/results/data_18500.C
1.06538	0.00391593
1.07802	0.00354684
1.07001	0.00349128
1.07826	0.00350547
1.0808	0.00342479
1.09335	0.00328126
1.11594	0.00348971
1.15049	0.00502897
 FCN=8.697 FROM MIGRAD    STATUS=CONVERGED      36 CALLS          37 TOTAL
                     EDM=5.14539e-15    STRATEGY= 1      ERROR MATRIX ACCURATE 
  EXT PARAMETER                                   STEP         FIRST   
  NO.   NAME      VALUE            ERROR          SIZE      DERIVATIVE 
   1  p0           1.06706e+00   1.78056e-03   1.95015e-06  -2.43661e-05
   2  p1           2.14883e-02   1.25657e-03   1.37626e-06   5.28549e-05
SaveSource cannot open file: /home/zhangfy/nl_target/toyMC/results/data_18501.C
1.07319	0.00394464
1.07496	0.00353678
1.07095	0.00349435
1.0814	0.00351566
1.08924	0.00345153
1.09846	0.0032966
1.12267	0.00351076
1.13914	0.00497933
 FCN=9.51816 FROM MIGRAD    STATUS=CONVERGED      36 CALLS          37 TOTAL
                     EDM=8.6406e-16    STRATEGY= 1      ERROR MATRIX ACCURATE 
  EXT PARAMETER                                   STEP         FIRST   
  NO.   NAME      VALUE            ERROR          SIZE      DERIVATIVE 
   1  p0           1.07172e+00   1.78388e-03   2.03687e-06   6.15920e-06
   2  p1           1.99018e-02   1.25378e-03   1.43159e-06   3.86207e-05
SaveSource cannot open file: /home/zhangfy/nl_target/toyMC/results/data_18502.C
1.06795	0.00392538
1.07295	0.00353017
1.07224	0.00349855
1.07979	0.00351043
1.08142	0.00342673
1.09405	0.00328334
1.11903	0.00349937
1.14508	0.0050053
 FCN=1.86277 FROM MIGRAD    STATUS=CONVERGED      36 CALLS          37 TOTAL
                     EDM=7.29573e-17    STRATEGY= 1      ERROR MATRIX ACCURATE 
  EXT PARAMETER                                   STEP         FIRST   
  NO.   NAME      VALUE            ERROR          SIZE      DERIVATIVE 
   1  p0           1.06779e+00   1.78026e-03   1.05997e-06   8.44288e-06
   2  p1           2.11365e-02   1.25487e-03   7.47152e-07   1.25636e-05
SaveSource cannot open file: /home/zhangfy/nl_target/toyMC/results/data_18503.C
1.06986	0.00393238
1.07285	0.00352985
1.07369	0.00350327
1.08286	0.00352041
1.08056	0.00342402
1.08462	0.00325505
1.11937	0.00350043
1.15986	0.00506992
 FCN=10.9128 FROM MIGRAD    STATUS=CONVERGED      36 CALLS          37 TOTAL
                     EDM=1.77073e-15    STRATEGY= 1      ERROR MATRIX ACCURATE 
  EXT PARAMETER                                   STEP         FIRST   
  NO.   NAME      VALUE            ERROR          SIZE      DERIVATIVE 
   1  p0           1.06609e+00   1.78267e-03   2.16261e-06   1.61815e-05
   2  p1           2.30863e-02   1.26264e-03   1.53175e-06  -2.83110e-05
SaveSource cannot open file: /home/zhangfy/nl_target/toyMC/results/data_18504.C
1.07249	0.00394205
1.0752	0.00353757
1.07235	0.0034989
1.08236	0.00351879
1.08355	0.00343349
1.08479	0.00325557
1.12822	0.00352812
1.15404	0.00504445
 FCN=9.12504 FROM MIGRAD    STATUS=CONVERGED      34 CALLS          35 TOTAL
                     EDM=4.63427e-17    STRATEGY= 1      ERROR MATRIX ACCURATE 
  EXT PARAMETER                                   STEP         FIRST   
  NO.   NAME      VALUE            ERROR          SIZE      DERIVATIVE 
   1  p0           1.06739e+00   1.78380e-03   1.99666e-06   2.74016e-06
   2  p1           2.33861e-02   1.26302e-03   1.41374e-06  -4.41031e-06
SaveSource cannot open file: /home/zhangfy/nl_target/toyMC/results/data_18505.C
1.06997	0.0039328
1.07185	0.00352654
1.0742	0.00350494
1.08037	0.00351232
1.07655	0.00341131
1.10132	0.00330517
1.11677	0.0034923
1.14275	0.00499511
 FCN=12.7077 FROM MIGRAD    STATUS=CONVERGED      36 CALLS          37 TOTAL
                     EDM=2.22996e-15    STRATEGY= 1      ERROR MATRIX ACCURATE 
  EXT PARAMETER                                   STEP         FIRST   
  NO.   NAME      VALUE            ERROR          SIZE      DERIVATIVE 
   1  p0           1.06889e+00   1.78061e-03   2.32024e-06  -2.38386e-05
   2  p1           2.03778e-02   1.25313e-03   1.63290e-06   2.38920e-05
SaveSource cannot open file: /home/zhangfy/nl_target/toyMC/results/data_18506.C
1.07008	0.00393321
1.0732	0.00353098
1.07694	0.0035139
1.08413	0.00352455
1.08095	0.00342526
1.0922	0.0032778
1.12248	0.00351016
1.15008	0.00502716
 FCN=2.04047 FROM MIGRAD    STATUS=CONVERGED      36 CALLS          37 TOTAL
                     EDM=4.49359e-17    STRATEGY= 1      ERROR MATRIX ACCURATE 
  EXT PARAMETER                                   STEP         FIRST   
  NO.   NAME      VALUE            ERROR          SIZE      DERIVATIVE 
   1  p0           1.06909e+00   1.78388e-03   1.09428e-06  -2.51932e-06
   2  p1           2.17567e-02   1.25915e-03   7.72399e-07  -9.55132e-06
SaveSource cannot open file: /home/zhangfy/nl_target/toyMC/results/data_18507.C
1.07408	0.0039479
1.06933	0.00351826
1.07628	0.00351174
1.08183	0.00351709
1.07877	0.00341833
1.09082	0.00327366
1.12557	0.00351982
1.14125	0.00498855
 FCN=5.84467 FROM MIGRAD    STATUS=CONVERGED      36 CALLS          37 TOTAL
                     EDM=1.32713e-16    STRATEGY= 1      ERROR MATRIX ACCURATE 
  EXT PARAMETER                                   STEP         FIRST   
  NO.   NAME      VALUE            ERROR          SIZE      DERIVATIVE 
   1  p0           1.06851e+00   1.78133e-03   1.64010e-06   7.32025e-06
   2  p1           2.11509e-02   1.25553e-03   1.15599e-06  -3.39986e-06
SaveSource cannot open file: /home/zhangfy/nl_target/toyMC/results/data_18508.C
1.0682	0.00392629
1.06472	0.00350308
1.0734	0.00350235
1.08103	0.00351448
1.0855	0.00343966
1.09088	0.00327384
1.12139	0.00350677
1.14622	0.0050103
 FCN=6.3614 FROM MIGRAD    STATUS=CONVERGED      36 CALLS          37 TOTAL
                     EDM=2.61621e-15    STRATEGY= 1      ERROR MATRIX ACCURATE 
  EXT PARAMETER                                   STEP         FIRST   
  NO.   NAME      VALUE            ERROR          SIZE      DERIVATIVE 
   1  p0           1.06650e+00   1.77890e-03   1.69927e-06  -1.64397e-05
   2  p1           2.21630e-02   1.25570e-03   1.19949e-06   3.89670e-05
SaveSource cannot open file: /home/zhangfy/nl_target/toyMC/results/data_18509.C
1.06939	0.00393067
1.07749	0.00354511
1.07245	0.00349925
1.07998	0.00351107
1.08919	0.00345136
1.09042	0.00327245
1.11787	0.00349574
1.13816	0.00497508
 FCN=6.6317 FROM MIGRAD    STATUS=CONVERGED      36 CALLS          37 TOTAL
                     EDM=1.01519e-15    STRATEGY= 1      ERROR MATRIX ACCURATE 
  EXT PARAMETER                                   STEP         FIRST   
  NO.   NAME      VALUE            ERROR          SIZE      DERIVATIVE 
   1  p0           1.07088e+00   1.78270e-03   1.73187e-06  -1.56956e-05
   2  p1           1.87217e-02   1.25171e-03   1.21601e-06   1.66897e-05
SaveSource cannot open file: /home/zhangfy/nl_target/toyMC/results/data_18510.C
1.07078	0.00393576
1.07316	0.00353086
1.07381	0.0035037
1.08144	0.00351581
1.07063	0.00339256
1.091	0.00327419
1.11854	0.00349785
1.15083	0.00503044
 FCN=10.7702 FROM MIGRAD    STATUS=CONVERGED      36 CALLS          37 TOTAL
                     EDM=2.10204e-17    STRATEGY= 1      ERROR MATRIX ACCURATE 
  EXT PARAMETER                                   STEP         FIRST   
  NO.   NAME      VALUE            ERROR          SIZE      DERIVATIVE 
   1  p0           1.06603e+00   1.78015e-03   2.14741e-06   2.42992e-06
   2  p1           2.19702e-02   1.25780e-03   1.51730e-06   6.90736e-06
SaveSource cannot open file: /home/zhangfy/nl_target/toyMC/results/data_18511.C
1.06506	0.00391475
1.0695	0.00351881
1.07482	0.00350697
1.08576	0.00352983
1.08173	0.00342773
1.09323	0.00328088
1.11905	0.00349943
1.15533	0.0050501
 FCN=8.58147 FROM MIGRAD    STATUS=CONVERGED      36 CALLS          37 TOTAL
                     EDM=4.22501e-15    STRATEGY= 1      ERROR MATRIX ACCURATE 
  EXT PARAMETER                                   STEP         FIRST   
  NO.   NAME      VALUE            ERROR          SIZE      DERIVATIVE 
   1  p0           1.06706e+00   1.78169e-03   1.94082e-06   1.56968e-05
   2  p1           2.28499e-02   1.25980e-03   1.37232e-06   8.65805e-05
SaveSource cannot open file: /home/zhangfy/nl_target/toyMC/results/data_18512.C
1.07139	0.00393802
1.06993	0.00352022
1.07535	0.00350869
1.08078	0.00351366
1.08534	0.00343917
1.09438	0.00328435
1.12866	0.00352949
1.14336	0.00499781
 FCN=5.52558 FROM MIGRAD    STATUS=CONVERGED      36 CALLS          37 TOTAL
                     EDM=2.68784e-16    STRATEGY= 1      ERROR MATRIX ACCURATE 
  EXT PARAMETER                                   STEP         FIRST   
  NO.   NAME      VALUE            ERROR          SIZE      DERIVATIVE 
   1  p0           1.06906e+00   1.78227e-03   1.60366e-06  -9.05257e-06
   2  p1           2.21695e-02   1.25743e-03   1.13142e-06   7.06118e-06
SaveSource cannot open file: /home/zhangfy/nl_target/toyMC/results/data_18513.C
1.07443	0.00394919
1.07578	0.00353949
1.07674	0.00351324
1.078	0.00350462
1.07895	0.00341891
1.08893	0.00326799
1.12022	0.00350309
1.14589	0.00500884
 FCN=2.93303 FROM MIGRAD    STATUS=CONVERGED      36 CALLS          37 TOTAL
                     EDM=1.8996e-16    STRATEGY= 1      ERROR MATRIX ACCURATE 
  EXT PARAMETER                                   STEP         FIRST   
  NO.   NAME      VALUE            ERROR          SIZE      DERIVATIVE 
   1  p0           1.06901e+00   1.78320e-03   1.24300e-06   5.74818e-06
   2  p1           2.04069e-02   1.25667e-03   8.75976e-07  -8.69445e-06
SaveSource cannot open file: /home/zhangfy/nl_target/toyMC/results/data_18514.C
1.06461	0.00391311
1.07609	0.0035405
1.07852	0.00351906
1.08077	0.00351364
1.08727	0.00344526
1.09297	0.00328012
1.11821	0.0034968
1.15077	0.00503017
 FCN=8.21143 FROM MIGRAD    STATUS=CONVERGED      36 CALLS          37 TOTAL
                     EDM=3.42319e-15    STRATEGY= 1      ERROR MATRIX ACCURATE 
  EXT PARAMETER                                   STEP         FIRST   
  NO.   NAME      VALUE            ERROR          SIZE      DERIVATIVE 
   1  p0           1.06984e+00   1.78435e-03   1.90475e-06   1.63204e-05
   2  p1           2.10180e-02   1.25802e-03   1.34291e-06   7.96801e-05
SaveSource cannot open file: /home/zhangfy/nl_target/toyMC/results/data_18515.C
1.07056	0.00393496
1.07198	0.00352698
1.07561	0.00350954
1.08307	0.0035211
1.07942	0.0034204
1.08785	0.00326474
1.12201	0.00350869
1.14715	0.00501437
 FCN=3.17674 FROM MIGRAD    STATUS=CONVERGED      36 CALLS          37 TOTAL
                     EDM=2.27115e-17    STRATEGY= 1      ERROR MATRIX ACCURATE 
  EXT PARAMETER                                   STEP         FIRST   
  NO.   NAME      VALUE            ERROR          SIZE      DERIVATIVE 
   1  p0           1.06784e+00   1.78179e-03   1.28072e-06  -4.77389e-06
   2  p1           2.14268e-02   1.25731e-03   9.03724e-07  -6.92627e-06
SaveSource cannot open file: /home/zhangfy/nl_target/toyMC/results/data_18516.C
1.0748	0.00395054
1.06941	0.00351853
1.07869	0.00351961
1.07492	0.00349461
1.08879	0.00345008
1.08826	0.00326597
1.11765	0.00349505
1.13634	0.00496709
 FCN=9.46309 FROM MIGRAD    STATUS=CONVERGED      36 CALLS          37 TOTAL
                     EDM=2.56862e-16    STRATEGY= 1      ERROR MATRIX ACCURATE 
  EXT PARAMETER                                   STEP         FIRST   
  NO.   NAME      VALUE            ERROR          SIZE      DERIVATIVE 
   1  p0           1.07028e+00   1.78175e-03   2.02621e-06   1.72598e-05
   2  p1           1.84315e-02   1.25072e-03   1.42232e-06   1.31916e-05
SaveSource cannot open file: /home/zhangfy/nl_target/toyMC/results/data_18517.C
1.07074	0.00393562
1.07942	0.00355145
1.07382	0.00350373
1.07867	0.0035068
1.07955	0.00342083
1.09661	0.00329103
1.12471	0.00351712
1.15037	0.00502845
 FCN=5.36767 FROM MIGRAD    STATUS=CONVERGED      36 CALLS          37 TOTAL
                     EDM=1.08443e-15    STRATEGY= 1      ERROR MATRIX ACCURATE 
  EXT PARAMETER                                   STEP         FIRST   
  NO.   NAME      VALUE            ERROR          SIZE      DERIVATIVE 
   1  p0           1.06907e+00   1.78414e-03   1.58437e-06   1.64533e-05
   2  p1           2.23145e-02   1.26020e-03   1.11910e-06  -1.67739e-05
SaveSource cannot open file: /home/zhangfy/nl_target/toyMC/results/data_18518.C
1.07118	0.00393723
1.06566	0.00350617
1.06917	0.00348854
1.07583	0.00349756
1.08471	0.00343715
1.09265	0.00327916
1.11463	0.00348563
1.1433	0.00499752
 FCN=7.45978 FROM MIGRAD    STATUS=CONVERGED      36 CALLS          37 TOTAL
                     EDM=5.97829e-17    STRATEGY= 1      ERROR MATRIX ACCURATE 
  EXT PARAMETER                                   STEP         FIRST   
  NO.   NAME      VALUE            ERROR          SIZE      DERIVATIVE 
   1  p0           1.06611e+00   1.77705e-03   1.81873e-06  -8.27753e-06
   2  p1           2.07649e-02   1.25190e-03   1.28126e-06  -6.00317e-06
SaveSource cannot open file: /home/zhangfy/nl_target/toyMC/results/data_18519.C
1.06451	0.00391273
1.07227	0.00352793
1.0691	0.00348833
1.08009	0.00351141
1.08238	0.00342978
1.08916	0.00326867
1.1226	0.00351054
1.15286	0.00503932
 FCN=3.54647 FROM MIGRAD    STATUS=CONVERGED      36 CALLS          37 TOTAL
                     EDM=8.497e-17    STRATEGY= 1      ERROR MATRIX ACCURATE 
  EXT PARAMETER                                   STEP         FIRST   
  NO.   NAME      VALUE            ERROR          SIZE      DERIVATIVE 
   1  p0           1.06486e+00   1.77881e-03   1.33515e-06  -2.06055e-06
   2  p1           2.36416e-02   1.25934e-03   9.45239e-07   8.11961e-06
SaveSource cannot open file: /home/zhangfy/nl_target/toyMC/results/data_18520.C
1.0648	0.0039138
1.07168	0.00352598
1.07372	0.00350338
1.08487	0.00352695
1.08471	0.00343715
1.09375	0.00328246
1.11886	0.00349883
1.15033	0.00502826
 FCN=7.06359 FROM MIGRAD    STATUS=CONVERGED      34 CALLS          35 TOTAL
                     EDM=7.33108e-17    STRATEGY= 1      ERROR MATRIX ACCURATE 
  EXT PARAMETER                                   STEP         FIRST   
  NO.   NAME      VALUE            ERROR          SIZE      DERIVATIVE 
   1  p0           1.06823e+00   1.78185e-03   1.78073e-06  -4.57498e-06
   2  p1           2.18034e-02   1.25737e-03   1.25659e-06   3.92637e-06
SaveSource cannot open file: /home/zhangfy/nl_target/toyMC/results/data_18521.C
1.07252	0.00394215
1.06905	0.00351734
1.07189	0.00349743
1.08203	0.00351773
1.07697	0.00341264
1.09248	0.00327863
1.11344	0.00348191
1.13831	0.00497572
 FCN=4.78233 FROM MIGRAD    STATUS=CONVERGED      36 CALLS          37 TOTAL
                     EDM=8.11556e-16    STRATEGY= 1      ERROR MATRIX ACCURATE 
  EXT PARAMETER                                   STEP         FIRST   
  NO.   NAME      VALUE            ERROR          SIZE      DERIVATIVE 
   1  p0           1.06806e+00   1.77863e-03   1.50394e-06  -2.02934e-05
   2  p1           1.89863e-02   1.24967e-03   1.05667e-06   4.59146e-06
SaveSource cannot open file: /home/zhangfy/nl_target/toyMC/results/data_18522.C
1.06808	0.00392585
1.07695	0.00354334
1.07142	0.00349587
1.07441	0.00349294
1.08431	0.00343591
1.09245	0.00327856
1.11287	0.00348011
1.14344	0.00499815
 FCN=7.55497 FROM MIGRAD    STATUS=CONVERGED      36 CALLS          37 TOTAL
                     EDM=1.17031e-16    STRATEGY= 1      ERROR MATRIX ACCURATE 
  EXT PARAMETER                                   STEP         FIRST   
  NO.   NAME      VALUE            ERROR          SIZE      DERIVATIVE 
   1  p0           1.06832e+00   1.78024e-03   1.83060e-06  -4.00277e-07
   2  p1           1.95025e-02   1.25224e-03   1.28766e-06  -1.26054e-05
SaveSource cannot open file: /home/zhangfy/nl_target/toyMC/results/data_18523.C
1.0728	0.00394321
1.06824	0.00351465
1.07441	0.00350564
1.07719	0.003502
1.08715	0.00344491
1.08999	0.00327117
1.11606	0.0034901
1.14659	0.00501192
 FCN=5.90964 FROM MIGRAD    STATUS=CONVERGED      36 CALLS          37 TOTAL
                     EDM=6.62272e-16    STRATEGY= 1      ERROR MATRIX ACCURATE 
  EXT PARAMETER                                   STEP         FIRST   
  NO.   NAME      VALUE            ERROR          SIZE      DERIVATIVE 
   1  p0           1.06812e+00   1.78107e-03   1.64633e-06   5.67813e-06
   2  p1           2.04970e-02   1.25483e-03   1.15990e-06   3.40082e-05
SaveSource cannot open file: /home/zhangfy/nl_target/toyMC/results/data_18524.C
1.07148	0.00393834
1.07413	0.00353404
1.07325	0.00350184
1.08072	0.00351345
1.07801	0.00341592
1.08946	0.00326957
1.11608	0.00349016
1.14817	0.0050188
 FCN=3.05613 FROM MIGRAD    STATUS=CONVERGED      36 CALLS          37 TOTAL
                     EDM=1.23243e-15    STRATEGY= 1      ERROR MATRIX ACCURATE 
  EXT PARAMETER                                   STEP         FIRST   
  NO.   NAME      VALUE            ERROR          SIZE      DERIVATIVE 
   1  p0           1.06772e+00   1.78137e-03   1.26103e-06  -2.04456e-06
   2  p1           2.06069e-02   1.25589e-03   8.89042e-07   3.74636e-05
SaveSource cannot open file: /home/zhangfy/nl_target/toyMC/results/data_18525.C
1.07377	0.00394678
1.07181	0.00352642
1.07221	0.00349846
1.08345	0.00352235
1.08153	0.00342709
1.09662	0.00329108
1.11941	0.00350057
1.1456	0.00500758
 FCN=4.19021 FROM MIGRAD    STATUS=CONVERGED      36 CALLS          37 TOTAL
                     EDM=2.61578e-16    STRATEGY= 1      ERROR MATRIX ACCURATE 
  EXT PARAMETER                                   STEP         FIRST   
  NO.   NAME      VALUE            ERROR          SIZE      DERIVATIVE 
   1  p0           1.06963e+00   1.78281e-03   1.42913e-06   1.61771e-05
   2  p1           2.07357e-02   1.25577e-03   1.00665e-06   8.31798e-06
SaveSource cannot open file: /home/zhangfy/nl_target/toyMC/results/data_18526.C
1.07089	0.00393617
1.07214	0.00352752
1.07066	0.00349339
1.08314	0.00352134
1.08473	0.00343723
1.09416	0.00328367
1.12084	0.00350504
1.14709	0.00501408
 FCN=3.42328 FROM MIGRAD    STATUS=CONVERGED      36 CALLS          37 TOTAL
                     EDM=2.59067e-16    STRATEGY= 1      ERROR MATRIX ACCURATE 
  EXT PARAMETER                                   STEP         FIRST   
  NO.   NAME      VALUE            ERROR          SIZE      DERIVATIVE 
   1  p0           1.06878e+00   1.78216e-03   1.31913e-06  -1.12695e-05
   2  p1           2.14461e-02   1.25671e-03   9.30198e-07   2.90029e-06
SaveSource cannot open file: /home/zhangfy/nl_target/toyMC/results/data_18527.C
1.0768	0.00395791
1.07169	0.00352601
1.07837	0.00351856
1.07767	0.00350356
1.08325	0.00343254
1.09266	0.00327918
1.12105	0.00350568
1.14537	0.00500657
 FCN=2.69839 FROM MIGRAD    STATUS=CONVERGED      36 CALLS          37 TOTAL
                     EDM=7.12286e-16    STRATEGY= 1      ERROR MATRIX ACCURATE 
  EXT PARAMETER                                   STEP         FIRST   
  NO.   NAME      VALUE            ERROR          SIZE      DERIVATIVE 
   1  p0           1.07014e+00   1.78419e-03   1.20661e-06   1.44119e-06
   2  p1           2.04160e-02   1.25671e-03   8.49891e-07   3.14168e-05
SaveSource cannot open file: /home/zhangfy/nl_target/toyMC/results/data_18528.C
1.06921	0.00393
1.07126	0.00352462
1.0738	0.00350364
1.07604	0.00349825
1.078	0.00341589
1.09388	0.00328285
1.11312	0.0034809
1.14306	0.00499649
 FCN=3.963 FROM MIGRAD    STATUS=CONVERGED      36 CALLS          37 TOTAL
                     EDM=1.36313e-16    STRATEGY= 1      ERROR MATRIX ACCURATE 
  EXT PARAMETER                                   STEP         FIRST   
  NO.   NAME      VALUE            ERROR          SIZE      DERIVATIVE 
   1  p0           1.06714e+00   1.77856e-03   1.39334e-06  -5.68125e-06
   2  p1           1.99516e-02   1.25184e-03   9.80698e-07  -1.74396e-05
SaveSource cannot open file: /home/zhangfy/nl_target/toyMC/results/data_18529.C
1.07165	0.00393895
1.07407	0.00353387
1.07235	0.0034989
1.0795	0.0035095
1.07737	0.0034139
1.08702	0.00326225
1.11444	0.00348501
1.14702	0.00501379
 FCN=4.03889 FROM MIGRAD    STATUS=CONVERGED      36 CALLS          37 TOTAL
                     EDM=1.1424e-15    STRATEGY= 1      ERROR MATRIX ACCURATE 
  EXT PARAMETER                                   STEP         FIRST   
  NO.   NAME      VALUE            ERROR          SIZE      DERIVATIVE 
   1  p0           1.06706e+00   1.78029e-03   1.40419e-06  -1.99402e-05
   2  p1           2.02270e-02   1.25468e-03   9.89626e-07   1.25536e-05
SaveSource cannot open file: /home/zhangfy/nl_target/toyMC/results/data_18530.C
1.06804	0.00392568
1.07934	0.0035512
1.07579	0.00351013
1.07777	0.00350386
1.08176	0.00342783
1.08832	0.00326615
1.11676	0.00349229
1.14315	0.00499685
 FCN=4.93955 FROM MIGRAD    STATUS=CONVERGED      36 CALLS          37 TOTAL
                     EDM=4.20801e-15    STRATEGY= 1      ERROR MATRIX ACCURATE 
  EXT PARAMETER                                   STEP         FIRST   
  NO.   NAME      VALUE            ERROR          SIZE      DERIVATIVE 
   1  p0           1.06924e+00   1.78228e-03   1.52653e-06  -2.34549e-05
   2  p1           1.94401e-02   1.25393e-03   1.07400e-06   4.59700e-05
SaveSource cannot open file: /home/zhangfy/nl_target/toyMC/results/data_18531.C
1.06195	0.00390332
1.08039	0.00355464
1.06973	0.00349037
1.07979	0.00351043
1.0846	0.00343681
1.09187	0.00327681
1.12076	0.00350479
1.14893	0.00502213
 FCN=12.8422 FROM MIGRAD    STATUS=CONVERGED      36 CALLS          37 TOTAL
                     EDM=4.14786e-15    STRATEGY= 1      ERROR MATRIX ACCURATE 
  EXT PARAMETER                                   STEP         FIRST   
  NO.   NAME      VALUE            ERROR          SIZE      DERIVATIVE 
   1  p0           1.06754e+00   1.78113e-03   2.33200e-06   2.10428e-06
   2  p1           2.19709e-02   1.25737e-03   1.64625e-06  -7.03395e-05
SaveSource cannot open file: /home/zhangfy/nl_target/toyMC/results/data_18532.C
1.06781	0.00392487
1.07619	0.00354084
1.07376	0.00350353
1.07634	0.00349922
1.08262	0.00343055
1.09263	0.00327909
1.12193	0.00350845
1.14167	0.00499042
 FCN=3.49331 FROM MIGRAD    STATUS=CONVERGED      36 CALLS          37 TOTAL
                     EDM=7.51988e-17    STRATEGY= 1      ERROR MATRIX ACCURATE 
  EXT PARAMETER                                   STEP         FIRST   
  NO.   NAME      VALUE            ERROR          SIZE      DERIVATIVE 
   1  p0           1.06839e+00   1.78072e-03   1.32829e-06  -6.06559e-06
   2  p1           2.07982e-02   1.25439e-03   9.35687e-07   1.58521e-06
SaveSource cannot open file: /home/zhangfy/nl_target/toyMC/results/data_18533.C
1.06082	0.00389916
1.07444	0.00353508
1.07692	0.00351384
1.08565	0.0035295
1.08414	0.00343536
1.09804	0.00329533
1.12258	0.00351047
1.14631	0.0050107
 FCN=13.5774 FROM MIGRAD    STATUS=CONVERGED      36 CALLS          37 TOTAL
                     EDM=8.46352e-17    STRATEGY= 1      ERROR MATRIX ACCURATE 
  EXT PARAMETER                                   STEP         FIRST   
  NO.   NAME      VALUE            ERROR          SIZE      DERIVATIVE 
   1  p0           1.06961e+00   1.78267e-03   2.39709e-06  -1.93784e-06
   2  p1           2.16926e-02   1.25673e-03   1.68987e-06   8.25700e-06
SaveSource cannot open file: /home/zhangfy/nl_target/toyMC/results/data_18534.C
1.07035	0.0039342
1.0738	0.00353296
1.06345	0.00346987
1.07724	0.00350216
1.08234	0.00342966
1.08796	0.00326509
1.12371	0.003514
1.14438	0.00500226
 FCN=9.4015 FROM MIGRAD    STATUS=CONVERGED      36 CALLS          37 TOTAL
                     EDM=1.12389e-15    STRATEGY= 1      ERROR MATRIX ACCURATE 
  EXT PARAMETER                                   STEP         FIRST   
  NO.   NAME      VALUE            ERROR          SIZE      DERIVATIVE 
   1  p0           1.06513e+00   1.77742e-03   2.01782e-06  -2.75545e-05
   2  p1           2.24230e-02   1.25558e-03   1.42540e-06  -1.83193e-06
SaveSource cannot open file: /home/zhangfy/nl_target/toyMC/results/data_18535.C
1.07329	0.00394499
1.07663	0.00354226
1.08043	0.00352528
1.07831	0.00350564
1.07904	0.00341919
1.09415	0.00328365
1.12324	0.00351253
1.15182	0.00503476
 FCN=4.54833 FROM MIGRAD    STATUS=CONVERGED      36 CALLS          37 TOTAL
                     EDM=1.20662e-15    STRATEGY= 1      ERROR MATRIX ACCURATE 
  EXT PARAMETER                                   STEP         FIRST   
  NO.   NAME      VALUE            ERROR          SIZE      DERIVATIVE 
   1  p0           1.06982e+00   1.78574e-03   1.47920e-06   3.47582e-05
   2  p1           2.17463e-02   1.26088e-03   1.04444e-06   1.79964e-05
SaveSource cannot open file: /home/zhangfy/nl_target/toyMC/results/data_18536.C
1.07266	0.00394268
1.07138	0.003525
1.07537	0.00350876
1.07566	0.00349702
1.08582	0.0034407
1.09336	0.00328128
1.12129	0.00350645
1.15111	0.00503166
 FCN=3.1162 FROM MIGRAD    STATUS=CONVERGED      36 CALLS          37 TOTAL
                     EDM=4.02927e-17    STRATEGY= 1      ERROR MATRIX ACCURATE 
  EXT PARAMETER                                   STEP         FIRST   
  NO.   NAME      VALUE            ERROR          SIZE      DERIVATIVE 
   1  p0           1.06821e+00   1.78278e-03   1.27258e-06  -5.87541e-06
   2  p1           2.20961e-02   1.25906e-03   8.98737e-07  -1.90856e-06
SaveSource cannot open file: /home/zhangfy/nl_target/toyMC/results/data_18537.C
1.0682	0.0039263
1.07539	0.0035382
1.07574	0.00350999
1.08171	0.00351667
1.08325	0.00343254
1.09104	0.00327432
1.11644	0.00349129
1.15273	0.00503873
 FCN=5.06504 FROM MIGRAD    STATUS=CONVERGED      36 CALLS          37 TOTAL
                     EDM=1.95657e-16    STRATEGY= 1      ERROR MATRIX ACCURATE 
  EXT PARAMETER                                   STEP         FIRST   
  NO.   NAME      VALUE            ERROR          SIZE      DERIVATIVE 
   1  p0           1.06884e+00   1.78372e-03   1.54428e-06  -1.23584e-05
   2  p1           2.10976e-02   1.25843e-03   1.08950e-06  -2.77378e-06
SaveSource cannot open file: /home/zhangfy/nl_target/toyMC/results/data_18538.C
1.07929	0.00396704
1.0653	0.00350498
1.07443	0.0035057
1.08117	0.00351494
1.07815	0.00341637
1.0923	0.00327809
1.1138	0.00348302
1.14284	0.00499552
 FCN=11.1072 FROM MIGRAD    STATUS=CONVERGED      36 CALLS          37 TOTAL
                     EDM=7.73668e-17    STRATEGY= 1      ERROR MATRIX ACCURATE 
  EXT PARAMETER                                   STEP         FIRST   
  NO.   NAME      VALUE            ERROR          SIZE      DERIVATIVE 
   1  p0           1.06857e+00   1.78072e-03   2.17803e-06  -9.65441e-06
   2  p1           1.93953e-02   1.25247e-03   1.53192e-06  -8.53148e-06
SaveSource cannot open file: /home/zhangfy/nl_target/toyMC/results/data_18539.C
1.06499	0.00391449
1.06938	0.00351843
1.07368	0.00350327
1.07573	0.00349725
1.08582	0.00344069
1.09481	0.00328564
1.12335	0.00351287
1.1461	0.00500975
 FCN=5.99785 FROM MIGRAD    STATUS=CONVERGED      36 CALLS          37 TOTAL
                     EDM=9.22277e-16    STRATEGY= 1      ERROR MATRIX ACCURATE 
  EXT PARAMETER                                   STEP         FIRST   
  NO.   NAME      VALUE            ERROR          SIZE      DERIVATIVE 
   1  p0           1.06651e+00   1.77885e-03   1.65754e-06   1.94913e-05
   2  p1           2.26698e-02   1.25625e-03   1.17057e-06  -8.67825e-06
SaveSource cannot open file: /home/zhangfy/nl_target/toyMC/results/data_18540.C
1.06615	0.00391876
1.07877	0.00354932
1.0677	0.00348374
1.07939	0.00350912
1.08089	0.00342505
1.09256	0.00327889
1.1162	0.00349051
1.152	0.00503553
 FCN=10.9327 FROM MIGRAD    STATUS=CONVERGED      36 CALLS          37 TOTAL
                     EDM=3.7634e-17    STRATEGY= 1      ERROR MATRIX ACCURATE 
  EXT PARAMETER                                   STEP         FIRST   
  NO.   NAME      VALUE            ERROR          SIZE      DERIVATIVE 
   1  p0           1.06682e+00   1.78070e-03   2.16337e-06  -6.76385e-06
   2  p1           2.17749e-02   1.25740e-03   1.52762e-06  -6.70952e-06
SaveSource cannot open file: /home/zhangfy/nl_target/toyMC/results/data_18541.C
1.06909	0.00392956
1.07543	0.00353834
1.06356	0.00347024
1.0785	0.00350624
1.08662	0.00344323
1.0925	0.00327869
1.11887	0.00349888
1.14391	0.00500019
 FCN=12.7483 FROM MIGRAD    STATUS=CONVERGED      36 CALLS          37 TOTAL
                     EDM=3.26502e-16    STRATEGY= 1      ERROR MATRIX ACCURATE 
  EXT PARAMETER                                   STEP         FIRST   
  NO.   NAME      VALUE            ERROR          SIZE      DERIVATIVE 
   1  p0           1.06723e+00   1.77915e-03   2.32177e-06  -1.11645e-05
   2  p1           2.11651e-02   1.25397e-03   1.63642e-06   5.89976e-06
SaveSource cannot open file: /home/zhangfy/nl_target/toyMC/results/data_18542.C
1.07361	0.00394617
1.06834	0.00351499
1.07287	0.00350062
1.0862	0.00353129
1.08532	0.0034391
1.08741	0.00326344
1.12041	0.00350369
1.14678	0.00501275
 FCN=8.54935 FROM MIGRAD    STATUS=CONVERGED      36 CALLS          37 TOTAL
                     EDM=8.20305e-17    STRATEGY= 1      ERROR MATRIX ACCURATE 
  EXT PARAMETER                                   STEP         FIRST   
  NO.   NAME      VALUE            ERROR          SIZE      DERIVATIVE 
   1  p0           1.06872e+00   1.78243e-03   1.93725e-06   2.60183e-06
   2  p1           2.09366e-02   1.25654e-03   1.36569e-06  -7.28067e-06
SaveSource cannot open file: /home/zhangfy/nl_target/toyMC/results/data_18543.C
1.07628	0.00395599
1.07138	0.00352501
1.07495	0.0035074
1.07628	0.00349902
1.07765	0.00341478
1.08521	0.00325682
1.11938	0.00350048
1.14521	0.00500587
 FCN=5.80311 FROM MIGRAD    STATUS=CONVERGED      36 CALLS          37 TOTAL
                     EDM=4.14038e-17    STRATEGY= 1      ERROR MATRIX ACCURATE 
  EXT PARAMETER                                   STEP         FIRST   
  NO.   NAME      VALUE            ERROR          SIZE      DERIVATIVE 
   1  p0           1.06698e+00   1.78050e-03   1.63212e-06  -6.23774e-06
   2  p1           2.06659e-02   1.25560e-03   1.15096e-06  -2.67774e-06
SaveSource cannot open file: /home/zhangfy/nl_target/toyMC/results/data_18544.C
1.07468	0.00395009
1.07094	0.00352355
1.0706	0.00349322
1.08189	0.00351728
1.07793	0.00341569
1.08906	0.00326836
1.12098	0.00350546
1.13983	0.00498236
 FCN=4.66033 FROM MIGRAD    STATUS=CONVERGED      36 CALLS          37 TOTAL
                     EDM=5.62363e-15    STRATEGY= 1      ERROR MATRIX ACCURATE 
  EXT PARAMETER                                   STEP         FIRST   
  NO.   NAME      VALUE            ERROR          SIZE      DERIVATIVE 
   1  p0           1.06774e+00   1.77966e-03   1.48934e-06   5.90691e-05
   2  p1           2.03395e-02   1.25312e-03   1.04870e-06  -1.06502e-06
SaveSource cannot open file: /home/zhangfy/nl_target/toyMC/results/data_18545.C
1.06743	0.00392346
1.06524	0.0035048
1.07405	0.00350445
1.07591	0.00349781
1.07665	0.00341161
1.09197	0.00327711
1.12384	0.0035144
1.14818	0.00501884
 FCN=3.20761 FROM MIGRAD    STATUS=CONVERGED      34 CALLS          35 TOTAL
                     EDM=3.56737e-16    STRATEGY= 1      ERROR MATRIX ACCURATE 
  EXT PARAMETER                                   STEP         FIRST   
  NO.   NAME      VALUE            ERROR          SIZE      DERIVATIVE 
   1  p0           1.06382e+00   1.77640e-03   1.28321e-06   1.03970e-05
   2  p1           2.36494e-02   1.25717e-03   9.08136e-07  -8.23985e-06
SaveSource cannot open file: /home/zhangfy/nl_target/toyMC/results/data_18546.C
1.0658	0.00391748
1.08071	0.00355568
1.07959	0.00352254
1.08383	0.00352358
1.08121	0.00342606
1.09043	0.00327248
1.11729	0.00349392
1.15182	0.00503478
 FCN=11.6627 FROM MIGRAD    STATUS=CONVERGED      36 CALLS          37 TOTAL
                     EDM=2.83056e-16    STRATEGY= 1      ERROR MATRIX ACCURATE 
  EXT PARAMETER                                   STEP         FIRST   
  NO.   NAME      VALUE            ERROR          SIZE      DERIVATIVE 
   1  p0           1.07040e+00   1.78589e-03   2.23325e-06  -9.96056e-06
   2  p1           2.04272e-02   1.25881e-03   1.57414e-06  -2.57431e-05
SaveSource cannot open file: /home/zhangfy/nl_target/toyMC/results/data_18547.C
1.06602	0.00391828
1.07579	0.00353951
1.07298	0.00350099
1.08207	0.00351784
1.07937	0.00342026
1.08929	0.00326908
1.12121	0.0035062
1.14084	0.00498676
 FCN=4.67991 FROM MIGRAD    STATUS=CONVERGED      36 CALLS          37 TOTAL
                     EDM=4.09983e-17    STRATEGY= 1      ERROR MATRIX ACCURATE 
  EXT PARAMETER                                   STEP         FIRST   
  NO.   NAME      VALUE            ERROR          SIZE      DERIVATIVE 
   1  p0           1.06794e+00   1.78000e-03   1.49246e-06  -4.04526e-06
   2  p1           2.05383e-02   1.25360e-03   1.05110e-06   1.93717e-06
SaveSource cannot open file: /home/zhangfy/nl_target/toyMC/results/data_18548.C
1.06907	0.00392948
1.0767	0.0035425
1.07298	0.00350096
1.07653	0.00349984
1.08148	0.00342694
1.0895	0.00326969
1.11741	0.0034943
1.14694	0.00501342
 FCN=2.96243 FROM MIGRAD    STATUS=CONVERGED      36 CALLS          37 TOTAL
                     EDM=6.71365e-15    STRATEGY= 1      ERROR MATRIX ACCURATE 
  EXT PARAMETER                                   STEP         FIRST   
  NO.   NAME      VALUE            ERROR          SIZE      DERIVATIVE 
   1  p0           1.06768e+00   1.78107e-03   1.24647e-06  -3.16291e-06
   2  p1           2.07252e-02   1.25564e-03   8.78752e-07   8.91145e-05
SaveSource cannot open file: /home/zhangfy/nl_target/toyMC/results/data_18549.C
1.07187	0.00393978
1.06667	0.00350949
1.07025	0.00349205
1.07874	0.00350702
1.08277	0.00343102
1.08771	0.00326432
1.12038	0.00350361
1.14911	0.00502291
 FCN=3.51304 FROM MIGRAD    STATUS=CONVERGED      36 CALLS          37 TOTAL
                     EDM=7.12104e-17    STRATEGY= 1      ERROR MATRIX ACCURATE 
  EXT PARAMETER                                   STEP         FIRST   
  NO.   NAME      VALUE            ERROR          SIZE      DERIVATIVE 
   1  p0           1.06535e+00   1.77855e-03   1.32941e-06  -5.60201e-06
   2  p1           2.24331e-02   1.25693e-03   9.39515e-07   2.08806e-06
SaveSource cannot open file: /home/zhangfy/nl_target/toyMC/results/data_18550.C
1.0705	0.00393473
1.07695	0.00354332
1.07514	0.00350803
1.07963	0.00350992
1.08339	0.00343297
1.093	0.00328019
1.12321	0.00351243
1.14315	0.00499685
 FCN=1.77636 FROM MIGRAD    STATUS=CONVERGED      38 CALLS          39 TOTAL
                     EDM=3.51992e-17    STRATEGY= 1      ERROR MATRIX ACCURATE 
  EXT PARAMETER                                   STEP         FIRST   
  NO.   NAME      VALUE            ERROR          SIZE      DERIVATIVE 
   1  p0           1.06999e+00   1.78339e-03   1.04551e-06   6.51234e-06
   2  p1           2.06395e-02   1.25605e-03   7.36351e-07   6.89186e-06
SaveSource cannot open file: /home/zhangfy/nl_target/toyMC/results/data_18551.C
1.07272	0.0039429
1.07379	0.00353293
1.07019	0.00349185
1.07954	0.00350961
1.08654	0.00344298
1.0906	0.003273
1.11375	0.00348286
1.14446	0.00500259
 FCN=5.59606 FROM MIGRAD    STATUS=CONVERGED      36 CALLS          37 TOTAL
                     EDM=1.2179e-16    STRATEGY= 1      ERROR MATRIX ACCURATE 
  EXT PARAMETER                                   STEP         FIRST   
  NO.   NAME      VALUE            ERROR          SIZE      DERIVATIVE 
   1  p0           1.06921e+00   1.78180e-03   1.60861e-06  -6.16602e-06
   2  p1           1.94241e-02   1.25327e-03   1.13146e-06   4.65104e-06
SaveSource cannot open file: /home/zhangfy/nl_target/toyMC/results/data_18552.C
1.0683	0.00392664
1.0652	0.00350466
1.07494	0.00350736
1.07895	0.00350772
1.08419	0.00343553
1.09336	0.00328129
1.1198	0.00350179
1.14059	0.00498568
 FCN=6.42516 FROM MIGRAD    STATUS=CONVERGED      36 CALLS          37 TOTAL
                     EDM=3.56432e-16    STRATEGY= 1      ERROR MATRIX ACCURATE 
  EXT PARAMETER                                   STEP         FIRST   
  NO.   NAME      VALUE            ERROR          SIZE      DERIVATIVE 
   1  p0           1.06733e+00   1.77830e-03   1.70605e-06   1.03145e-05
   2  p1           2.09286e-02   1.25241e-03   1.20153e-06  -8.37153e-06
SaveSource cannot open file: /home/zhangfy/nl_target/toyMC/results/data_18553.C
1.069	0.00392923
1.07317	0.00353089
1.0764	0.00351213
1.08677	0.00353313
1.07772	0.003415
1.09153	0.00327578
1.11334	0.00348158
1.14225	0.00499291
 FCN=7.74404 FROM MIGRAD    STATUS=CONVERGED      34 CALLS          35 TOTAL
                     EDM=3.8408e-16    STRATEGY= 1      ERROR MATRIX ACCURATE 
  EXT PARAMETER                                   STEP         FIRST   
  NO.   NAME      VALUE            ERROR          SIZE      DERIVATIVE 
   1  p0           1.06984e+00   1.78208e-03   1.85216e-06  -6.60803e-06
   2  p1           1.88014e-02   1.25217e-03   1.30141e-06   1.45453e-05
SaveSource cannot open file: /home/zhangfy/nl_target/toyMC/results/data_18554.C
1.07459	0.00394979
1.07447	0.00353518
1.0839	0.00353659
1.07901	0.00350792
1.07287	0.00339966
1.08859	0.00326696
1.12266	0.00351073
1.14364	0.00499899
 FCN=15.6801 FROM MIGRAD    STATUS=CONVERGED      36 CALLS          37 TOTAL
                     EDM=1.19188e-16    STRATEGY= 1      ERROR MATRIX ACCURATE 
  EXT PARAMETER                                   STEP         FIRST   
  NO.   NAME      VALUE            ERROR          SIZE      DERIVATIVE 
   1  p0           1.06938e+00   1.78367e-03   2.56025e-06   3.32513e-06
   2  p1           2.02057e-02   1.25663e-03   1.80375e-06  -8.53095e-06
SaveSource cannot open file: /home/zhangfy/nl_target/toyMC/results/data_18555.C
1.069	0.00392924
1.07397	0.00353351
1.07371	0.00350336
1.08207	0.00351786
1.08483	0.00343753
1.089	0.00326819
1.11732	0.00349404
1.14476	0.00500391
 FCN=2.72702 FROM MIGRAD    STATUS=CONVERGED      36 CALLS          37 TOTAL
                     EDM=7.5982e-17    STRATEGY= 1      ERROR MATRIX ACCURATE 
  EXT PARAMETER                                   STEP         FIRST   
  NO.   NAME      VALUE            ERROR          SIZE      DERIVATIVE 
   1  p0           1.06905e+00   1.78204e-03   1.20968e-06   8.97390e-06
   2  p1           2.00552e-02   1.25457e-03   8.51622e-07   5.33847e-06
SaveSource cannot open file: /home/zhangfy/nl_target/toyMC/results/data_18556.C
1.06315	0.00390774
1.07326	0.0035312
1.07564	0.00350965
1.07331	0.00348938
1.08146	0.00342688
1.09155	0.00327585
1.12095	0.00350537
1.13588	0.00496509
 FCN=8.48841 FROM MIGRAD    STATUS=CONVERGED      36 CALLS          37 TOTAL
                     EDM=9.08456e-17    STRATEGY= 1      ERROR MATRIX ACCURATE 
  EXT PARAMETER                                   STEP         FIRST   
  NO.   NAME      VALUE            ERROR          SIZE      DERIVATIVE 
   1  p0           1.06693e+00   1.77709e-03   1.92689e-06   8.42366e-06
   2  p1           2.03566e-02   1.25049e-03   1.35590e-06   1.47549e-05
SaveSource cannot open file: /home/zhangfy/nl_target/toyMC/results/data_18557.C
1.07255	0.00394229
1.07127	0.00352463
1.07267	0.00349995
1.07863	0.00350665
1.08385	0.00343444
1.0931	0.00328049
1.12713	0.00352471
1.15248	0.00503766
 FCN=1.02621 FROM MIGRAD    STATUS=CONVERGED      34 CALLS          35 TOTAL
                     EDM=1.12523e-16    STRATEGY= 1      ERROR MATRIX ACCURATE 
  EXT PARAMETER                                   STEP         FIRST   
  NO.   NAME      VALUE            ERROR          SIZE      DERIVATIVE 
   1  p0           1.06728e+00   1.78239e-03   8.93291e-07   6.51972e-06
   2  p1           2.36224e-02   1.26146e-03   6.32214e-07  -3.48144e-06
SaveSource cannot open file: /home/zhangfy/nl_target/toyMC/results/data_18558.C
1.06472	0.00391349
1.0705	0.00352209
1.07047	0.00349278
1.08293	0.00352064
1.08296	0.00343163
1.09455	0.00328485
1.11763	0.00349498
1.1504	0.00502856
 FCN=7.15863 FROM MIGRAD    STATUS=CONVERGED      36 CALLS          37 TOTAL
                     EDM=1.25786e-15    STRATEGY= 1      ERROR MATRIX ACCURATE 
  EXT PARAMETER                                   STEP         FIRST   
  NO.   NAME      VALUE            ERROR          SIZE      DERIVATIVE 
   1  p0           1.06670e+00   1.77964e-03   1.78930e-06  -2.46951e-06
   2  p1           2.21963e-02   1.25657e-03   1.26339e-06  -4.22598e-05
SaveSource cannot open file: /home/zhangfy/nl_target/toyMC/results/data_18559.C
1.07094	0.00393638
1.07305	0.00353049
1.07334	0.00350214
1.07369	0.0034906
1.08219	0.00342917
1.0919	0.00327692
1.12043	0.00350375
1.14376	0.00499954
 FCN=2.38693 FROM MIGRAD    STATUS=CONVERGED      36 CALLS          37 TOTAL
                     EDM=1.15188e-17    STRATEGY= 1      ERROR MATRIX ACCURATE 
  EXT PARAMETER                                   STEP         FIRST   
  NO.   NAME      VALUE            ERROR          SIZE      DERIVATIVE 
   1  p0           1.06735e+00   1.77989e-03   1.15245e-06  -2.01123e-06
   2  p1           2.11094e-02   1.25482e-03   8.12474e-07   1.24759e-06
SaveSource cannot open file: /home/zhangfy/nl_target/toyMC/results/data_18560.C
1.07011	0.00393332
1.07654	0.00354198
1.08196	0.00353028
1.08298	0.0035208
1.08116	0.00342591
1.09549	0.00328766
1.11687	0.00349263
1.1514	0.00503292
 FCN=7.1528 FROM MIGRAD    STATUS=CONVERGED      36 CALLS          37 TOTAL
                     EDM=1.19661e-16    STRATEGY= 1      ERROR MATRIX ACCURATE 
  EXT PARAMETER                                   STEP         FIRST   
  NO.   NAME      VALUE            ERROR          SIZE      DERIVATIVE 
   1  p0           1.07141e+00   1.78678e-03   1.79329e-06  -1.05742e-05
   2  p1           2.02319e-02   1.25863e-03   1.26321e-06  -4.56319e-06
SaveSource cannot open file: /home/zhangfy/nl_target/toyMC/results/data_18561.C
1.06985	0.00393236
1.07456	0.00353547
1.077	0.00351409
1.07441	0.00349295
1.08036	0.00342337
1.09638	0.00329036
1.12233	0.0035097
1.14257	0.00499435
 FCN=5.88289 FROM MIGRAD    STATUS=CONVERGED      36 CALLS          37 TOTAL
                     EDM=6.78393e-16    STRATEGY= 1      ERROR MATRIX ACCURATE 
  EXT PARAMETER                                   STEP         FIRST   
  NO.   NAME      VALUE            ERROR          SIZE      DERIVATIVE 
   1  p0           1.06872e+00   1.78135e-03   1.64479e-06   1.46406e-05
   2  p1           2.10092e-02   1.25513e-03   1.15891e-06  -1.08348e-05
SaveSource cannot open file: /home/zhangfy/nl_target/toyMC/results/data_18562.C
1.06091	0.00389951
1.07077	0.003523
1.07013	0.00349167
1.08225	0.00351844
1.07949	0.00342062
1.09113	0.00327458
1.11954	0.00350096
1.14614	0.00500993
 FCN=6.61061 FROM MIGRAD    STATUS=CONVERGED      36 CALLS          37 TOTAL
                     EDM=2.64206e-16    STRATEGY= 1      ERROR MATRIX ACCURATE 
  EXT PARAMETER                                   STEP         FIRST   
  NO.   NAME      VALUE            ERROR          SIZE      DERIVATIVE 
   1  p0           1.06503e+00   1.77675e-03   1.72571e-06  -9.50602e-06
   2  p1           2.23260e-02   1.25465e-03   1.21860e-06   6.21161e-06
SaveSource cannot open file: /home/zhangfy/nl_target/toyMC/results/data_18563.C
1.06837	0.00392691
1.07403	0.00353374
1.07586	0.00351036
1.07904	0.00350799
1.08387	0.00343452
1.09217	0.00327771
1.12367	0.0035139
1.14846	0.00502009
 FCN=1.14274 FROM MIGRAD    STATUS=CONVERGED      36 CALLS          37 TOTAL
                     EDM=1.42937e-16    STRATEGY= 1      ERROR MATRIX ACCURATE 
  EXT PARAMETER                                   STEP         FIRST   
  NO.   NAME      VALUE            ERROR          SIZE      DERIVATIVE 
   1  p0           1.06838e+00   1.78255e-03   9.18262e-07   5.71281e-06
   2  p1           2.20392e-02   1.25847e-03   6.48289e-07  -6.49396e-06
SaveSource cannot open file: /home/zhangfy/nl_target/toyMC/results/data_18564.C
1.06643	0.00391978
1.06802	0.00351396
1.0717	0.00349681
1.08036	0.0035123
1.08186	0.00342813
1.095	0.00328622
1.11646	0.00349133
1.14562	0.00500768
 FCN=5.34934 FROM MIGRAD    STATUS=CONVERGED      36 CALLS          37 TOTAL
                     EDM=1.95419e-16    STRATEGY= 1      ERROR MATRIX ACCURATE 
  EXT PARAMETER                                   STEP         FIRST   
  NO.   NAME      VALUE            ERROR          SIZE      DERIVATIVE 
   1  p0           1.06665e+00   1.77829e-03   1.57724e-06  -1.07134e-05
   2  p1           2.13588e-02   1.25373e-03   1.11198e-06   8.10718e-07
SaveSource cannot open file: /home/zhangfy/nl_target/toyMC/results/data_18565.C
1.06432	0.00391203
1.07016	0.00352098
1.07609	0.00351113
1.08238	0.00351885
1.08524	0.00343885
1.08948	0.00326963
1.11694	0.00349283
1.15313	0.00504051
 FCN=8.72902 FROM MIGRAD    STATUS=CONVERGED      36 CALLS          37 TOTAL
                     EDM=1.19466e-15    STRATEGY= 1      ERROR MATRIX ACCURATE 
  EXT PARAMETER                                   STEP         FIRST   
  NO.   NAME      VALUE            ERROR          SIZE      DERIVATIVE 
   1  p0           1.06718e+00   1.78134e-03   1.95433e-06   1.01528e-05
   2  p1           2.19278e-02   1.25806e-03   1.38024e-06  -2.74773e-05
SaveSource cannot open file: /home/zhangfy/nl_target/toyMC/results/data_18566.C
1.07567	0.00395376
1.06988	0.00352006
1.07041	0.00349257
1.081	0.00351438
1.08291	0.00343145
1.09776	0.00329448
1.1233	0.00351272
1.13982	0.0049823
 FCN=8.81892 FROM MIGRAD    STATUS=CONVERGED      36 CALLS          37 TOTAL
                     EDM=1.11022e-16    STRATEGY= 1      ERROR MATRIX ACCURATE 
  EXT PARAMETER                                   STEP         FIRST   
  NO.   NAME      VALUE            ERROR          SIZE      DERIVATIVE 
   1  p0           1.06945e+00   1.78130e-03   1.96545e-06   4.04899e-06
   2  p1           2.07805e-02   1.25391e-03   1.38354e-06  -7.15146e-06
SaveSource cannot open file: /home/zhangfy/nl_target/toyMC/results/data_18567.C
1.07716	0.00395923
1.07226	0.00352789
1.07074	0.00349367
1.07734	0.00350246
1.0827	0.0034308
1.08891	0.00326792
1.1143	0.00348457
1.1489	0.00502202
 FCN=6.78384 FROM MIGRAD    STATUS=CONVERGED      36 CALLS          37 TOTAL
                     EDM=1.73581e-15    STRATEGY= 1      ERROR MATRIX ACCURATE 
  EXT PARAMETER                                   STEP         FIRST   
  NO.   NAME      VALUE            ERROR          SIZE      DERIVATIVE 
   1  p0           1.06798e+00   1.78178e-03   1.74681e-06  -2.75774e-05
   2  p1           2.02792e-02   1.25577e-03   1.23112e-06   1.03617e-05
SaveSource cannot open file: /home/zhangfy/nl_target/toyMC/results/data_18568.C
1.0754	0.00395275
1.07455	0.00353542
1.0743	0.00350527
1.08284	0.00352034
1.08265	0.00343064
1.09547	0.00328763
1.12401	0.00351496
1.1506	0.00502944
 FCN=1.18312 FROM MIGRAD    STATUS=CONVERGED      38 CALLS          39 TOTAL
                     EDM=5.87476e-16    STRATEGY= 1      ERROR MATRIX ACCURATE 
  EXT PARAMETER                                   STEP         FIRST   
  NO.   NAME      VALUE            ERROR          SIZE      DERIVATIVE 
   1  p0           1.07021e+00   1.78557e-03   9.28269e-07   1.95300e-05
   2  p1           2.18396e-02   1.26029e-03   6.55190e-07   6.87122e-07
SaveSource cannot open file: /home/zhangfy/nl_target/toyMC/results/data_18569.C
1.0756	0.00395347
1.06898	0.00351711
1.07678	0.00351339
1.07212	0.0034855
1.08702	0.00344447
1.09447	0.00328461
1.11569	0.00348893
1.14822	0.00501905
 FCN=12.1358 FROM MIGRAD    STATUS=CONVERGED      36 CALLS          37 TOTAL
                     EDM=2.29962e-16    STRATEGY= 1      ERROR MATRIX ACCURATE 
  EXT PARAMETER                                   STEP         FIRST   
  NO.   NAME      VALUE            ERROR          SIZE      DERIVATIVE 
   1  p0           1.06880e+00   1.78230e-03   2.27151e-06   1.37635e-05
   2  p1           2.05651e-02   1.25583e-03   1.60054e-06   3.87060e-06
SaveSource cannot open file: /home/zhangfy/nl_target/toyMC/results/data_18570.C
1.06155	0.00390186
1.07738	0.00354473
1.08059	0.00352581
1.07838	0.00350586
1.08549	0.00343962
1.09339	0.00328138
1.11844	0.00349754
1.15405	0.0050445
 FCN=14.1813 FROM MIGRAD    STATUS=CONVERGED      36 CALLS          37 TOTAL
                     EDM=1.46255e-16    STRATEGY= 1      ERROR MATRIX ACCURATE 
  EXT PARAMETER                                   STEP         FIRST   
  NO.   NAME      VALUE            ERROR          SIZE      DERIVATIVE 
   1  p0           1.06891e+00   1.78401e-03   2.44491e-06   1.02480e-05
   2  p1           2.18098e-02   1.25961e-03   1.72624e-06   1.40463e-06
SaveSource cannot open file: /home/zhangfy/nl_target/toyMC/results/data_18571.C
1.07129	0.00393764
1.07755	0.00354531
1.0758	0.00351018
1.08163	0.00351643
1.07737	0.00341389
1.09609	0.00328949
1.11964	0.00350127
1.15674	0.00505626
 FCN=7.89827 FROM MIGRAD    STATUS=CONVERGED      36 CALLS          37 TOTAL
                     EDM=2.53416e-15    STRATEGY= 1      ERROR MATRIX ACCURATE 
  EXT PARAMETER                                   STEP         FIRST   
  NO.   NAME      VALUE            ERROR          SIZE      DERIVATIVE 
   1  p0           1.06893e+00   1.78518e-03   1.87261e-06  -1.38495e-05
   2  p1           2.22747e-02   1.26180e-03   1.32360e-06   4.10336e-05
SaveSource cannot open file: /home/zhangfy/nl_target/toyMC/results/data_18572.C
1.07241	0.00394175
1.06444	0.00350217
1.07864	0.00351944
1.08232	0.00351865
1.08406	0.0034351
1.09152	0.00327575
1.11991	0.00350214
1.15102	0.00503128
 FCN=8.71356 FROM MIGRAD    STATUS=CONVERGED      36 CALLS          37 TOTAL
                     EDM=1.19801e-17    STRATEGY= 1      ERROR MATRIX ACCURATE 
  EXT PARAMETER                                   STEP         FIRST   
  NO.   NAME      VALUE            ERROR          SIZE      DERIVATIVE 
   1  p0           1.06805e+00   1.78230e-03   1.95430e-06  -3.80623e-06
   2  p1           2.18967e-02   1.25832e-03   1.37975e-06  -3.53083e-06
SaveSource cannot open file: /home/zhangfy/nl_target/toyMC/results/data_18573.C
1.06875	0.00392829
1.07409	0.00353391
1.07566	0.00350972
1.08105	0.00351454
1.0856	0.00344
1.09383	0.00328269
1.11711	0.00349336
1.15932	0.00506756
 FCN=8.09188 FROM MIGRAD    STATUS=CONVERGED      36 CALLS          37 TOTAL
                     EDM=1.32632e-16    STRATEGY= 1      ERROR MATRIX ACCURATE 
  EXT PARAMETER                                   STEP         FIRST   
  NO.   NAME      VALUE            ERROR          SIZE      DERIVATIVE 
   1  p0           1.06863e+00   1.78486e-03   1.89254e-06   8.28790e-06
   2  p1           2.23867e-02   1.26185e-03   1.33798e-06  -1.62968e-06
SaveSource cannot open file: /home/zhangfy/nl_target/toyMC/results/data_18574.C
1.0728	0.00394318
1.07472	0.00353597
1.06692	0.00348121
1.08058	0.00351302
1.08423	0.00343566
1.09295	0.00328006
1.11412	0.00348401
1.14034	0.00498459
 FCN=7.42996 FROM MIGRAD    STATUS=CONVERGED      36 CALLS          37 TOTAL
                     EDM=4.77713e-17    STRATEGY= 1      ERROR MATRIX ACCURATE 
  EXT PARAMETER                                   STEP         FIRST   
  NO.   NAME      VALUE            ERROR          SIZE      DERIVATIVE 
   1  p0           1.06919e+00   1.78059e-03   1.81795e-06  -3.54695e-06
   2  p1           1.90819e-02   1.25118e-03   1.27743e-06  -1.04171e-05
SaveSource cannot open file: /home/zhangfy/nl_target/toyMC/results/data_18575.C
1.06958	0.00393136
1.06842	0.00351528
1.06882	0.00348739
1.07836	0.00350581
1.07968	0.00342124
1.09308	0.00328045
1.11618	0.00349046
1.14468	0.00500354
 FCN=3.21924 FROM MIGRAD    STATUS=CONVERGED      36 CALLS          37 TOTAL
                     EDM=2.48193e-15    STRATEGY= 1      ERROR MATRIX ACCURATE 
  EXT PARAMETER                                   STEP         FIRST   
  NO.   NAME      VALUE            ERROR          SIZE      DERIVATIVE 
   1  p0           1.06577e+00   1.77721e-03   1.28460e-06   2.79285e-05
   2  p1           2.12778e-02   1.25316e-03   9.05801e-07  -2.09775e-05
SaveSource cannot open file: /home/zhangfy/nl_target/toyMC/results/data_18576.C
1.07399	0.00394759
1.07362	0.00353238
1.07351	0.00350271
1.08172	0.00351673
1.08154	0.00342713
1.09076	0.00327347
1.12188	0.00350829
1.14921	0.00502335
 FCN=1.15632 FROM MIGRAD    STATUS=CONVERGED      36 CALLS          37 TOTAL
                     EDM=1.03996e-15    STRATEGY= 1      ERROR MATRIX ACCURATE 
  EXT PARAMETER                                   STEP         FIRST   
  NO.   NAME      VALUE            ERROR          SIZE      DERIVATIVE 
   1  p0           1.06875e+00   1.78338e-03   9.21052e-07  -6.16526e-07
   2  p1           2.15106e-02   1.25857e-03   6.50006e-07   3.56250e-05
SaveSource cannot open file: /home/zhangfy/nl_target/toyMC/results/data_18577.C
1.07262	0.00394254
1.06702	0.00351065
1.07757	0.00351596
1.07646	0.00349962
1.08805	0.00344774
1.0955	0.00328771
1.1188	0.00349866
1.14243	0.00499374
 FCN=9.21447 FROM MIGRAD    STATUS=CONVERGED      36 CALLS          37 TOTAL
                     EDM=7.22823e-15    STRATEGY= 1      ERROR MATRIX ACCURATE 
  EXT PARAMETER                                   STEP         FIRST   
  NO.   NAME      VALUE            ERROR          SIZE      DERIVATIVE 
   1  p0           1.06954e+00   1.78169e-03   2.00391e-06   6.66827e-05
   2  p1           2.02755e-02   1.25374e-03   1.41011e-06  -1.63135e-06
SaveSource cannot open file: /home/zhangfy/nl_target/toyMC/results/data_18578.C
1.07454	0.0039496
1.07397	0.00353353
1.07419	0.00350491
1.07697	0.00350127
1.07852	0.00341755
1.08344	0.00325152
1.11678	0.00349233
1.14192	0.00499147
 FCN=5.12213 FROM MIGRAD    STATUS=CONVERGED      34 CALLS          35 TOTAL
                     EDM=2.64161e-16    STRATEGY= 1      ERROR MATRIX ACCURATE 
  EXT PARAMETER                                   STEP         FIRST   
  NO.   NAME      VALUE            ERROR          SIZE      DERIVATIVE 
   1  p0           1.06760e+00   1.78034e-03   1.54751e-06  -9.33373e-06
   2  p1           1.94574e-02   1.25318e-03   1.08929e-06   6.45573e-06
SaveSource cannot open file: /home/zhangfy/nl_target/toyMC/results/data_18579.C
1.06718	0.00392252
1.06663	0.00350937
1.07119	0.00349515
1.0785	0.00350625
1.08232	0.0034296
1.09169	0.00327627
1.11792	0.0034959
1.13925	0.00497983
 FCN=3.59692 FROM MIGRAD    STATUS=CONVERGED      36 CALLS          37 TOTAL
                     EDM=1.61765e-16    STRATEGY= 1      ERROR MATRIX ACCURATE 
  EXT PARAMETER                                   STEP         FIRST   
  NO.   NAME      VALUE            ERROR          SIZE      DERIVATIVE 
   1  p0           1.06621e+00   1.77644e-03   1.34072e-06  -1.20519e-05
   2  p1           2.07085e-02   1.25086e-03   9.44051e-07  -1.92456e-05
SaveSource cannot open file: /home/zhangfy/nl_target/toyMC/results/data_18580.C
1.06601	0.00391823
1.07678	0.00354277
1.07902	0.00352068
1.07957	0.00350973
1.07983	0.00342169
1.0941	0.00328351
1.1163	0.00349083
1.14407	0.00500087
 FCN=6.22738 FROM MIGRAD    STATUS=CONVERGED      36 CALLS          37 TOTAL
                     EDM=7.30551e-16    STRATEGY= 1      ERROR MATRIX ACCURATE 
  EXT PARAMETER                                   STEP         FIRST   
  NO.   NAME      VALUE            ERROR          SIZE      DERIVATIVE 
   1  p0           1.06970e+00   1.78254e-03   1.68504e-06   1.27228e-05
   2  p1           1.97236e-02   1.25410e-03   1.18550e-06  -1.50102e-05
SaveSource cannot open file: /home/zhangfy/nl_target/toyMC/results/data_18581.C
1.07221	0.00394103
1.07472	0.003536
1.07195	0.00349761
1.08054	0.00351289
1.08096	0.00342529
1.08832	0.00326615
1.11941	0.00350057
1.15174	0.00503444
 FCN=3.21513 FROM MIGRAD    STATUS=CONVERGED      34 CALLS          35 TOTAL
                     EDM=8.59142e-17    STRATEGY= 1      ERROR MATRIX ACCURATE 
  EXT PARAMETER                                   STEP         FIRST   
  NO.   NAME      VALUE            ERROR          SIZE      DERIVATIVE 
   1  p0           1.06752e+00   1.78238e-03   1.28652e-06  -5.16225e-06
   2  p1           2.16992e-02   1.25883e-03   9.08628e-07  -1.40576e-05
SaveSource cannot open file: /home/zhangfy/nl_target/toyMC/results/data_18582.C
1.06979	0.00393212
1.0693	0.00351816
1.07747	0.00351563
1.08671	0.00353293
1.08004	0.00342235
1.09329	0.00328106
1.11944	0.00350066
1.13913	0.00497931
 FCN=7.28059 FROM MIGRAD    STATUS=CONVERGED      36 CALLS          37 TOTAL
                     EDM=2.34227e-15    STRATEGY= 1      ERROR MATRIX ACCURATE 
  EXT PARAMETER                                   STEP         FIRST   
  NO.   NAME      VALUE            ERROR          SIZE      DERIVATIVE 
   1  p0           1.06999e+00   1.78171e-03   1.80391e-06   3.58933e-05
   2  p1           1.95875e-02   1.25241e-03   1.26801e-06  -5.00121e-06
SaveSource cannot open file: /home/zhangfy/nl_target/toyMC/results/data_18583.C
1.06742	0.00392342
1.07698	0.00354343
1.07477	0.00350681
1.08207	0.00351786
1.08514	0.00343854
1.09028	0.00327205
1.12524	0.00351879
1.14707	0.00501399
 FCN=4.28804 FROM MIGRAD    STATUS=CONVERGED      36 CALLS          37 TOTAL
                     EDM=3.87788e-17    STRATEGY= 1      ERROR MATRIX ACCURATE 
  EXT PARAMETER                                   STEP         FIRST   
  NO.   NAME      VALUE            ERROR          SIZE      DERIVATIVE 
   1  p0           1.06924e+00   1.78358e-03   1.44328e-06   6.74466e-06
   2  p1           2.17214e-02   1.25850e-03   1.01838e-06   5.39640e-06
SaveSource cannot open file: /home/zhangfy/nl_target/toyMC/results/data_18584.C
1.06607	0.00391846
1.06826	0.00351475
1.07306	0.00350124
1.08057	0.00351299
1.08854	0.00344929
1.09427	0.003284
1.11766	0.0034951
1.14346	0.00499822
 FCN=9.06984 FROM MIGRAD    STATUS=CONVERGED      36 CALLS          37 TOTAL
                     EDM=3.927e-16    STRATEGY= 1      ERROR MATRIX ACCURATE 
  EXT PARAMETER                                   STEP         FIRST   
  NO.   NAME      VALUE            ERROR          SIZE      DERIVATIVE 
   1  p0           1.06825e+00   1.77983e-03   1.98821e-06  -1.36027e-05
   2  p1           2.07811e-02   1.25326e-03   1.39999e-06   4.10784e-06
SaveSource cannot open file: /home/zhangfy/nl_target/toyMC/results/data_18585.C
1.06983	0.00393228
1.0694	0.00351849
1.06905	0.00348816
1.07793	0.00350441
1.08015	0.00342271
1.09531	0.00328714
1.11846	0.00349761
1.13942	0.00498056
 FCN=5.03116 FROM MIGRAD    STATUS=CONVERGED      36 CALLS          37 TOTAL
                     EDM=9.34145e-17    STRATEGY= 1      ERROR MATRIX ACCURATE 
  EXT PARAMETER                                   STEP         FIRST   
  NO.   NAME      VALUE            ERROR          SIZE      DERIVATIVE 
   1  p0           1.06681e+00   1.77730e-03   1.53657e-06  -8.92330e-06
   2  p1           2.07245e-02   1.25138e-03   1.08188e-06  -1.47670e-05
SaveSource cannot open file: /home/zhangfy/nl_target/toyMC/results/data_18586.C
1.06997	0.00393279
1.07287	0.00352989
1.07757	0.00351594
1.08367	0.00352305
1.07971	0.00342131
1.09307	0.00328041
1.11596	0.00348976
1.14709	0.00501408
 FCN=4.13818 FROM MIGRAD    STATUS=CONVERGED      36 CALLS          37 TOTAL
                     EDM=2.8911e-16    STRATEGY= 1      ERROR MATRIX ACCURATE 
  EXT PARAMETER                                   STEP         FIRST   
  NO.   NAME      VALUE            ERROR          SIZE      DERIVATIVE 
   1  p0           1.06959e+00   1.78315e-03   1.42108e-06   5.05004e-06
   2  p1           2.00779e-02   1.25552e-03   1.00058e-06  -1.34659e-05
SaveSource cannot open file: /home/zhangfy/nl_target/toyMC/results/data_18587.C
1.07033	0.00393413
1.06939	0.00351845
1.07134	0.00349564
1.08252	0.00351931
1.07972	0.00342135
1.09562	0.00328806
1.11667	0.003492
1.15062	0.00502952
 FCN=6.23439 FROM MIGRAD    STATUS=CONVERGED      34 CALLS          35 TOTAL
                     EDM=1.67895e-15    STRATEGY= 1      ERROR MATRIX ACCURATE 
  EXT PARAMETER                                   STEP         FIRST   
  NO.   NAME      VALUE            ERROR          SIZE      DERIVATIVE 
   1  p0           1.06722e+00   1.78055e-03   1.68509e-06  -2.93716e-05
   2  p1           2.17846e-02   1.25674e-03   1.18937e-06   6.17388e-06
SaveSource cannot open file: /home/zhangfy/nl_target/toyMC/results/data_18588.C
1.06893	0.00392895
1.06613	0.00350772
1.07149	0.00349612
1.08213	0.00351805
1.0833	0.00343269
1.09572	0.00328836
1.12122	0.00350621
1.14366	0.00499908
 FCN=6.97984 FROM MIGRAD    STATUS=CONVERGED      36 CALLS          37 TOTAL
                     EDM=1.475e-16    STRATEGY= 1      ERROR MATRIX ACCURATE 
  EXT PARAMETER                                   STEP         FIRST   
  NO.   NAME      VALUE            ERROR          SIZE      DERIVATIVE 
   1  p0           1.06728e+00   1.77895e-03   1.76987e-06  -6.66183e-06
   2  p1           2.17759e-02   1.25439e-03   1.24799e-06   5.33232e-06
SaveSource cannot open file: /home/zhangfy/nl_target/toyMC/results/data_18589.C
1.07124	0.00393748
1.06982	0.00351988
1.07715	0.00351458
1.07947	0.00350941
1.07832	0.00341692
1.09522	0.00328685
1.11766	0.0034951
1.15183	0.00503482
 FCN=5.30691 FROM MIGRAD    STATUS=CONVERGED      36 CALLS          37 TOTAL
                     EDM=1.66305e-16    STRATEGY= 1      ERROR MATRIX ACCURATE 
  EXT PARAMETER                                   STEP         FIRST   
  NO.   NAME      VALUE            ERROR          SIZE      DERIVATIVE 
   1  p0           1.06770e+00   1.78191e-03   1.57407e-06   1.28284e-05
   2  p1           2.17824e-02   1.25808e-03   1.11133e-06   6.37163e-06
SaveSource cannot open file: /home/zhangfy/nl_target/toyMC/results/data_18590.C
1.06677	0.00392104
1.06829	0.00351482
1.07443	0.0035057
1.0789	0.00350753
1.08068	0.00342441
1.08583	0.00325869
1.12062	0.00350434
1.14519	0.0050058
 FCN=2.81933 FROM MIGRAD    STATUS=CONVERGED      36 CALLS          37 TOTAL
                     EDM=1.03427e-15    STRATEGY= 1      ERROR MATRIX ACCURATE 
  EXT PARAMETER                                   STEP         FIRST   
  NO.   NAME      VALUE            ERROR          SIZE      DERIVATIVE 
   1  p0           1.06545e+00   1.77783e-03   1.22237e-06   3.48466e-05
   2  p1           2.17746e-02   1.25501e-03   8.62905e-07   2.72826e-05
SaveSource cannot open file: /home/zhangfy/nl_target/toyMC/results/data_18591.C
1.07138	0.00393797
1.07283	0.00352979
1.07527	0.00350846
1.07808	0.00350488
1.08609	0.00344154
1.08811	0.00326553
1.11491	0.0034865
1.1438	0.00499971
 FCN=3.31846 FROM MIGRAD    STATUS=CONVERGED      36 CALLS          37 TOTAL
                     EDM=7.37978e-16    STRATEGY= 1      ERROR MATRIX ACCURATE 
  EXT PARAMETER                                   STEP         FIRST   
  NO.   NAME      VALUE            ERROR          SIZE      DERIVATIVE 
   1  p0           1.06917e+00   1.78192e-03   1.30146e-06  -5.09277e-06
   2  p1           1.93585e-02   1.25342e-03   9.15460e-07  -3.52304e-05
SaveSource cannot open file: /home/zhangfy/nl_target/toyMC/results/data_18592.C
1.07256	0.00394231
1.06848	0.00351545
1.07667	0.003513
1.0781	0.00350493
1.08865	0.00344964
1.08973	0.00327038
1.11968	0.00350141
1.15079	0.00503025
 FCN=6.99522 FROM MIGRAD    STATUS=CONVERGED      36 CALLS          37 TOTAL
                     EDM=1.10442e-16    STRATEGY= 1      ERROR MATRIX ACCURATE 
  EXT PARAMETER                                   STEP         FIRST   
  NO.   NAME      VALUE            ERROR          SIZE      DERIVATIVE 
   1  p0           1.06842e+00   1.78287e-03   1.77312e-06  -2.01492e-06
   2  p1           2.15740e-02   1.25831e-03   1.25142e-06   9.65061e-06
SaveSource cannot open file: /home/zhangfy/nl_target/toyMC/results/data_18593.C
1.08045	0.00397132
1.07313	0.00353077
1.07086	0.00349407
1.07903	0.00350797
1.07873	0.00341821
1.09183	0.0032767
1.11967	0.00350139
1.14283	0.00499545
 FCN=6.94464 FROM MIGRAD    STATUS=CONVERGED      36 CALLS          37 TOTAL
                     EDM=1.21453e-17    STRATEGY= 1      ERROR MATRIX ACCURATE 
  EXT PARAMETER                                   STEP         FIRST   
  NO.   NAME      VALUE            ERROR          SIZE      DERIVATIVE 
   1  p0           1.06912e+00   1.78229e-03   1.76627e-06  -3.68594e-06
   2  p1           2.00587e-02   1.25483e-03   1.24355e-06  -4.73534e-06
SaveSource cannot open file: /home/zhangfy/nl_target/toyMC/results/data_18594.C
1.06644	0.00391982
1.07251	0.00352872
1.07633	0.00351189
1.07778	0.00350391
1.08057	0.00342405
1.08759	0.00326397
1.1168	0.00349241
1.14523	0.00500596
 FCN=2.56277 FROM MIGRAD    STATUS=CONVERGED      36 CALLS          37 TOTAL
                     EDM=3.12467e-16    STRATEGY= 1      ERROR MATRIX ACCURATE 
  EXT PARAMETER                                   STEP         FIRST   
  NO.   NAME      VALUE            ERROR          SIZE      DERIVATIVE 
   1  p0           1.06698e+00   1.77960e-03   1.18104e-06  -9.59271e-06
   2  p1           2.05945e-02   1.25426e-03   8.32390e-07   7.91063e-06
SaveSource cannot open file: /home/zhangfy/nl_target/toyMC/results/data_18595.C
1.07668	0.00395745
1.07619	0.00354083
1.07593	0.0035106
1.08419	0.00352476
1.07995	0.00342208
1.09137	0.00327531
1.12201	0.00350869
1.15041	0.00502861
 FCN=3.51425 FROM MIGRAD    STATUS=CONVERGED      36 CALLS          37 TOTAL
                     EDM=1.14998e-16    STRATEGY= 1      ERROR MATRIX ACCURATE 
  EXT PARAMETER                                   STEP         FIRST   
  NO.   NAME      VALUE            ERROR          SIZE      DERIVATIVE 
   1  p0           1.07051e+00   1.78628e-03   1.33420e-06   1.14127e-05
   2  p1           2.09817e-02   1.25990e-03   9.41037e-07   8.19951e-06
SaveSource cannot open file: /home/zhangfy/nl_target/toyMC/results/data_18596.C
1.07	0.00393292
1.06882	0.00351657
1.07606	0.00351101
1.08061	0.0035131
1.07525	0.00340719
1.09163	0.0032761
1.11737	0.00349419
1.14533	0.0050064
 FCN=4.52414 FROM MIGRAD    STATUS=CONVERGED      36 CALLS          37 TOTAL
                     EDM=4.03403e-16    STRATEGY= 1      ERROR MATRIX ACCURATE 
  EXT PARAMETER                                   STEP         FIRST   
  NO.   NAME      VALUE            ERROR          SIZE      DERIVATIVE 
   1  p0           1.06681e+00   1.77928e-03   1.47087e-06  -7.16465e-06
   2  p1           2.09530e-02   1.25443e-03   1.03700e-06   1.43783e-05
SaveSource cannot open file: /home/zhangfy/nl_target/toyMC/results/data_18597.C
1.06221	0.00390426
1.07839	0.00354807
1.07959	0.00352255
1.07179	0.00348444
1.08318	0.00343233
1.0926	0.00327899
1.11558	0.0034886
1.14624	0.00501039
 FCN=16.2979 FROM MIGRAD    STATUS=CONVERGED      36 CALLS          37 TOTAL
                     EDM=1.27394e-15    STRATEGY= 1      ERROR MATRIX ACCURATE 
  EXT PARAMETER                                   STEP         FIRST   
  NO.   NAME      VALUE            ERROR          SIZE      DERIVATIVE 
   1  p0           1.06816e+00   1.78107e-03   2.60469e-06   2.52163e-05
   2  p1           2.03676e-02   1.25462e-03   1.83479e-06  -6.05095e-06
SaveSource cannot open file: /home/zhangfy/nl_target/toyMC/results/data_18598.C
1.07659	0.00395713
1.07603	0.00354028
1.06789	0.00348438
1.08064	0.0035132
1.08482	0.00343751
1.08827	0.003266
1.11993	0.00350218
1.15381	0.00504347
 FCN=10.0531 FROM MIGRAD    STATUS=CONVERGED      36 CALLS          37 TOTAL
                     EDM=7.38317e-16    STRATEGY= 1      ERROR MATRIX ACCURATE 
  EXT PARAMETER                                   STEP         FIRST   
  NO.   NAME      VALUE            ERROR          SIZE      DERIVATIVE 
   1  p0           1.06822e+00   1.78389e-03   2.08490e-06   6.40926e-06
   2  p1           2.18270e-02   1.26028e-03   1.47293e-06  -2.34868e-05
SaveSource cannot open file: /home/zhangfy/nl_target/toyMC/results/data_18599.C
