1.07977	0.00396882
1.07428	0.00353454
1.06915	0.00348847
1.08158	0.00351626
1.08569	0.00344028
1.0905	0.0032727
1.12221	0.00350932
1.15026	0.00502795
 FCN=8.30864 FROM MIGRAD    STATUS=CONVERGED      36 CALLS          37 TOTAL
                     EDM=7.20235e-16    STRATEGY= 1      ERROR MATRIX ACCURATE 
  EXT PARAMETER                                   STEP         FIRST   
  NO.   NAME      VALUE            ERROR          SIZE      DERIVATIVE 
   1  p0           1.06958e+00   1.78485e-03   1.91498e-06   2.23461e-05
   2  p1           2.14047e-02   1.25950e-03   1.35133e-06   2.27413e-06
SaveSource cannot open file: /home/zhangfy/nl_target/toyMC/results/data_18900.C
1.07343	0.0039455
1.07297	0.00353024
1.07309	0.00350134
1.07544	0.0034963
1.07709	0.00341301
1.09705	0.00329235
1.11672	0.00349216
1.15109	0.00503158
 FCN=8.32152 FROM MIGRAD    STATUS=CONVERGED      36 CALLS          37 TOTAL
                     EDM=7.85822e-16    STRATEGY= 1      ERROR MATRIX ACCURATE 
  EXT PARAMETER                                   STEP         FIRST   
  NO.   NAME      VALUE            ERROR          SIZE      DERIVATIVE 
   1  p0           1.06730e+00   1.78122e-03   1.91274e-06  -3.88195e-06
   2  p1           2.16669e-02   1.25743e-03   1.35028e-06  -3.50922e-05
SaveSource cannot open file: /home/zhangfy/nl_target/toyMC/results/data_18901.C
1.07111	0.00393697
1.07136	0.00352494
1.07195	0.0034976
1.08514	0.00352785
1.08577	0.00344052
1.08756	0.00326388
1.11654	0.00349158
1.14451	0.00500282
 FCN=6.56339 FROM MIGRAD    STATUS=CONVERGED      34 CALLS          35 TOTAL
                     EDM=7.44456e-18    STRATEGY= 1      ERROR MATRIX ACCURATE 
  EXT PARAMETER                                   STEP         FIRST   
  NO.   NAME      VALUE            ERROR          SIZE      DERIVATIVE 
   1  p0           1.06909e+00   1.78194e-03   1.72299e-06  -1.71013e-06
   2  p1           1.98463e-02   1.25413e-03   1.21263e-06  -4.21701e-06
SaveSource cannot open file: /home/zhangfy/nl_target/toyMC/results/data_18902.C
1.06546	0.00391621
1.06446	0.00350223
1.08047	0.0035254
1.0842	0.00352478
1.07606	0.00340977
1.0924	0.0032784
1.11586	0.00348948
1.14666	0.00501222
 FCN=15.8494 FROM MIGRAD    STATUS=CONVERGED      36 CALLS          37 TOTAL
                     EDM=1.74573e-16    STRATEGY= 1      ERROR MATRIX ACCURATE 
  EXT PARAMETER                                   STEP         FIRST   
  NO.   NAME      VALUE            ERROR          SIZE      DERIVATIVE 
   1  p0           1.06677e+00   1.77904e-03   2.56906e-06  -6.94036e-06
   2  p1           2.10945e-02   1.25429e-03   1.81128e-06   6.27415e-06
SaveSource cannot open file: /home/zhangfy/nl_target/toyMC/results/data_18903.C
1.07153	0.00393854
1.07543	0.00353833
1.07488	0.00350718
1.07361	0.00349034
1.08245	0.00343
1.09284	0.00327973
1.11912	0.00349966
1.14255	0.00499425
 FCN=3.53235 FROM MIGRAD    STATUS=CONVERGED      36 CALLS          37 TOTAL
                     EDM=3.0808e-16    STRATEGY= 1      ERROR MATRIX ACCURATE 
  EXT PARAMETER                                   STEP         FIRST   
  NO.   NAME      VALUE            ERROR          SIZE      DERIVATIVE 
   1  p0           1.06870e+00   1.78130e-03   1.33378e-06   1.29187e-05
   2  p1           2.02416e-02   1.25416e-03   9.39075e-07  -2.00510e-06
SaveSource cannot open file: /home/zhangfy/nl_target/toyMC/results/data_18904.C
1.06666	0.00392061
1.07358	0.00353224
1.06956	0.00348983
1.07465	0.00349372
1.07858	0.00341775
1.09262	0.00327906
1.11262	0.00347934
1.14906	0.00502268
 FCN=6.97377 FROM MIGRAD    STATUS=CONVERGED      36 CALLS          37 TOTAL
                     EDM=2.24764e-16    STRATEGY= 1      ERROR MATRIX ACCURATE 
  EXT PARAMETER                                   STEP         FIRST   
  NO.   NAME      VALUE            ERROR          SIZE      DERIVATIVE 
   1  p0           1.06533e+00   1.77765e-03   1.76523e-06   6.03027e-06
   2  p1           2.12630e-02   1.25429e-03   1.24553e-06  -9.81393e-06
SaveSource cannot open file: /home/zhangfy/nl_target/toyMC/results/data_18905.C
1.07171	0.00393919
1.07774	0.00354594
1.06945	0.00348946
1.07908	0.00350813
1.08264	0.00343061
1.09517	0.00328672
1.11956	0.00350104
1.14951	0.00502466
 FCN=5.57319 FROM MIGRAD    STATUS=CONVERGED      36 CALLS          37 TOTAL
                     EDM=4.24219e-16    STRATEGY= 1      ERROR MATRIX ACCURATE 
  EXT PARAMETER                                   STEP         FIRST   
  NO.   NAME      VALUE            ERROR          SIZE      DERIVATIVE 
   1  p0           1.06874e+00   1.78289e-03   1.60802e-06  -3.75870e-06
   2  p1           2.14533e-02   1.25781e-03   1.13443e-06   1.91426e-05
SaveSource cannot open file: /home/zhangfy/nl_target/toyMC/results/data_18906.C
1.07211	0.00394067
1.0735	0.00353198
1.07763	0.00351613
1.07834	0.00350573
1.08116	0.00342592
1.08817	0.00326572
1.11738	0.00349422
1.14837	0.00501968
 FCN=2.78218 FROM MIGRAD    STATUS=CONVERGED      36 CALLS          37 TOTAL
                     EDM=3.0858e-17    STRATEGY= 1      ERROR MATRIX ACCURATE 
  EXT PARAMETER                                   STEP         FIRST   
  NO.   NAME      VALUE            ERROR          SIZE      DERIVATIVE 
   1  p0           1.06853e+00   1.78276e-03   1.21847e-06  -8.24527e-07
   2  p1           2.04828e-02   1.25672e-03   8.58935e-07   5.38221e-06
SaveSource cannot open file: /home/zhangfy/nl_target/toyMC/results/data_18907.C
1.06714	0.0039224
1.06974	0.0035196
1.06632	0.00347925
1.07418	0.00349222
1.07812	0.0034163
1.08821	0.00326582
1.11845	0.00349757
1.15042	0.00502867
 FCN=1.83522 FROM MIGRAD    STATUS=CONVERGED      36 CALLS          37 TOTAL
                     EDM=6.28217e-16    STRATEGY= 1      ERROR MATRIX ACCURATE 
  EXT PARAMETER                                   STEP         FIRST   
  NO.   NAME      VALUE            ERROR          SIZE      DERIVATIVE 
   1  p0           1.06259e+00   1.77509e-03   1.05177e-06  -7.89254e-06
   2  p1           2.32264e-02   1.25632e-03   7.44386e-07   1.93144e-05
SaveSource cannot open file: /home/zhangfy/nl_target/toyMC/results/data_18908.C
1.07179	0.0039395
1.07486	0.00353647
1.0757	0.00350986
1.08806	0.00353733
1.08446	0.00343637
1.08995	0.00327104
1.11652	0.00349151
1.14425	0.00500168
 FCN=5.3921 FROM MIGRAD    STATUS=CONVERGED      36 CALLS          37 TOTAL
                     EDM=6.45487e-18    STRATEGY= 1      ERROR MATRIX ACCURATE 
  EXT PARAMETER                                   STEP         FIRST   
  NO.   NAME      VALUE            ERROR          SIZE      DERIVATIVE 
   1  p0           1.07153e+00   1.78515e-03   1.58631e-06  -9.51836e-07
   2  p1           1.89891e-02   1.25470e-03   1.11494e-06   1.75255e-06
SaveSource cannot open file: /home/zhangfy/nl_target/toyMC/results/data_18909.C
1.07301	0.00394397
1.06928	0.00351808
1.07281	0.00350041
1.08296	0.00352076
1.08057	0.00342404
1.09114	0.00327461
1.1142	0.00348426
1.14365	0.00499905
 FCN=3.88106 FROM MIGRAD    STATUS=CONVERGED      36 CALLS          37 TOTAL
                     EDM=2.75303e-16    STRATEGY= 1      ERROR MATRIX ACCURATE 
  EXT PARAMETER                                   STEP         FIRST   
  NO.   NAME      VALUE            ERROR          SIZE      DERIVATIVE 
   1  p0           1.06850e+00   1.78067e-03   1.38314e-06   1.28205e-05
   2  p1           1.96425e-02   1.25281e-03   9.73120e-07  -7.21042e-07
SaveSource cannot open file: /home/zhangfy/nl_target/toyMC/results/data_18910.C
1.06721	0.00392265
1.07327	0.00353121
1.07039	0.00349252
1.08433	0.00352519
1.08476	0.00343732
1.089	0.0032682
1.11745	0.00349444
1.14843	0.00501996
 FCN=6.79199 FROM MIGRAD    STATUS=CONVERGED      36 CALLS          37 TOTAL
                     EDM=9.53356e-16    STRATEGY= 1      ERROR MATRIX ACCURATE 
  EXT PARAMETER                                   STEP         FIRST   
  NO.   NAME      VALUE            ERROR          SIZE      DERIVATIVE 
   1  p0           1.06784e+00   1.78119e-03   1.74876e-06   2.16044e-05
   2  p1           2.10910e-02   1.25606e-03   1.23319e-06  -5.61059e-06
SaveSource cannot open file: /home/zhangfy/nl_target/toyMC/results/data_18911.C
1.0681	0.00392592
1.0806	0.00355533
1.0788	0.00351995
1.08514	0.00352784
1.0862	0.00344188
1.08901	0.00326824
1.11823	0.00349686
1.15044	0.00502871
 FCN=9.41346 FROM MIGRAD    STATUS=CONVERGED      36 CALLS          37 TOTAL
                     EDM=4.08524e-16    STRATEGY= 1      ERROR MATRIX ACCURATE 
  EXT PARAMETER                                   STEP         FIRST   
  NO.   NAME      VALUE            ERROR          SIZE      DERIVATIVE 
   1  p0           1.07172e+00   1.78737e-03   2.02676e-06  -1.11857e-05
   2  p1           1.99213e-02   1.25870e-03   1.42728e-06   8.59377e-06
SaveSource cannot open file: /home/zhangfy/nl_target/toyMC/results/data_18912.C
1.07077	0.00393575
1.08105	0.0035568
1.07231	0.00349878
1.07846	0.00350612
1.08196	0.00342845
1.09605	0.00328934
1.11764	0.00349504
1.14131	0.00498883
 FCN=7.11901 FROM MIGRAD    STATUS=CONVERGED      36 CALLS          37 TOTAL
                     EDM=7.16816e-16    STRATEGY= 1      ERROR MATRIX ACCURATE 
  EXT PARAMETER                                   STEP         FIRST   
  NO.   NAME      VALUE            ERROR          SIZE      DERIVATIVE 
   1  p0           1.07075e+00   1.78337e-03   1.78698e-06   2.66780e-05
   2  p1           1.92836e-02   1.25347e-03   1.25601e-06   1.34799e-05
SaveSource cannot open file: /home/zhangfy/nl_target/toyMC/results/data_18913.C
1.06586	0.0039177
1.07833	0.00354787
1.0737	0.00350333
1.08507	0.00352761
1.08078	0.00342472
1.09382	0.00328266
1.11385	0.00348316
1.15152	0.00503346
 FCN=12.3361 FROM MIGRAD    STATUS=CONVERGED      36 CALLS          37 TOTAL
                     EDM=1.30001e-15    STRATEGY= 1      ERROR MATRIX ACCURATE 
  EXT PARAMETER                                   STEP         FIRST   
  NO.   NAME      VALUE            ERROR          SIZE      DERIVATIVE 
   1  p0           1.06943e+00   1.78371e-03   2.28985e-06   1.19369e-05
   2  p1           2.04529e-02   1.25695e-03   1.61362e-06   5.04466e-05
SaveSource cannot open file: /home/zhangfy/nl_target/toyMC/results/data_18914.C
1.07521	0.00395205
1.07175	0.00352622
1.07504	0.00350769
1.07996	0.00351099
1.08067	0.00342436
1.08897	0.0032681
1.11065	0.00347317
1.14755	0.00501609
 FCN=6.51724 FROM MIGRAD    STATUS=CONVERGED      36 CALLS          37 TOTAL
                     EDM=1.92595e-16    STRATEGY= 1      ERROR MATRIX ACCURATE 
  EXT PARAMETER                                   STEP         FIRST   
  NO.   NAME      VALUE            ERROR          SIZE      DERIVATIVE 
   1  p0           1.06893e+00   1.78238e-03   1.71635e-06  -1.33510e-05
   2  p1           1.91089e-02   1.25407e-03   1.20761e-06  -5.52533e-06
SaveSource cannot open file: /home/zhangfy/nl_target/toyMC/results/data_18915.C
1.07146	0.00393829
1.06808	0.00351415
1.07708	0.00351433
1.08102	0.00351444
1.08358	0.00343358
1.08732	0.00326316
1.12182	0.0035081
1.15198	0.00503547
 FCN=5.06261 FROM MIGRAD    STATUS=CONVERGED      36 CALLS          37 TOTAL
                     EDM=1.09644e-15    STRATEGY= 1      ERROR MATRIX ACCURATE 
  EXT PARAMETER                                   STEP         FIRST   
  NO.   NAME      VALUE            ERROR          SIZE      DERIVATIVE 
   1  p0           1.06727e+00   1.78212e-03   1.54338e-06  -2.87666e-05
   2  p1           2.23027e-02   1.25950e-03   1.09077e-06  -5.37008e-06
SaveSource cannot open file: /home/zhangfy/nl_target/toyMC/results/data_18916.C
1.07225	0.00394117
1.07144	0.0035252
1.07348	0.00350261
1.07565	0.00349699
1.0785	0.0034175
1.09228	0.00327804
1.11919	0.00349986
1.14708	0.00501406
 FCN=1.61144 FROM MIGRAD    STATUS=CONVERGED      36 CALLS          37 TOTAL
                     EDM=8.07118e-16    STRATEGY= 1      ERROR MATRIX ACCURATE 
  EXT PARAMETER                                   STEP         FIRST   
  NO.   NAME      VALUE            ERROR          SIZE      DERIVATIVE 
   1  p0           1.06675e+00   1.77988e-03   1.01175e-06   3.14778e-06
   2  p1           2.15275e-02   1.25605e-03   7.13988e-07  -2.87318e-05
SaveSource cannot open file: /home/zhangfy/nl_target/toyMC/results/data_18917.C
1.06599	0.00391816
1.07395	0.00353346
1.07426	0.00350515
1.07729	0.00350231
1.08646	0.00344271
1.09624	0.00328993
1.11635	0.003491
1.14425	0.0050017
 FCN=7.46977 FROM MIGRAD    STATUS=CONVERGED      36 CALLS          37 TOTAL
                     EDM=7.70197e-16    STRATEGY= 1      ERROR MATRIX ACCURATE 
  EXT PARAMETER                                   STEP         FIRST   
  NO.   NAME      VALUE            ERROR          SIZE      DERIVATIVE 
   1  p0           1.06906e+00   1.78120e-03   1.82403e-06   8.68076e-06
   2  p1           2.03250e-02   1.25368e-03   1.28383e-06   3.85688e-05
SaveSource cannot open file: /home/zhangfy/nl_target/toyMC/results/data_18918.C
1.0671	0.00392225
1.06584	0.00350677
1.07006	0.00349144
1.07914	0.00350834
1.08121	0.00342607
1.08557	0.0032579
1.11528	0.00348765
1.14251	0.00499407
 FCN=3.37349 FROM MIGRAD    STATUS=CONVERGED      36 CALLS          37 TOTAL
                     EDM=1.19846e-16    STRATEGY= 1      ERROR MATRIX ACCURATE 
  EXT PARAMETER                                   STEP         FIRST   
  NO.   NAME      VALUE            ERROR          SIZE      DERIVATIVE 
   1  p0           1.06465e+00   1.77542e-03   1.30602e-06  -6.60341e-06
   2  p1           2.08524e-02   1.25146e-03   9.20596e-07  -1.68657e-05
SaveSource cannot open file: /home/zhangfy/nl_target/toyMC/results/data_18919.C
1.06425	0.00391178
1.06994	0.00352027
1.07951	0.00352228
1.07872	0.00350697
1.07749	0.00341427
1.09509	0.00328649
1.12293	0.00351156
1.15054	0.00502916
 FCN=7.52334 FROM MIGRAD    STATUS=CONVERGED      36 CALLS          37 TOTAL
                     EDM=3.42671e-16    STRATEGY= 1      ERROR MATRIX ACCURATE 
  EXT PARAMETER                                   STEP         FIRST   
  NO.   NAME      VALUE            ERROR          SIZE      DERIVATIVE 
   1  p0           1.06641e+00   1.78017e-03   1.82977e-06  -9.09529e-06
   2  p1           2.30559e-02   1.25868e-03   1.29375e-06  -2.75293e-05
SaveSource cannot open file: /home/zhangfy/nl_target/toyMC/results/data_18920.C
1.06934	0.00393049
1.07437	0.00353483
1.07631	0.00351185
1.07731	0.00350239
1.08155	0.00342716
1.09185	0.00327676
1.12301	0.00351182
1.15267	0.00503849
 FCN=1.39434 FROM MIGRAD    STATUS=CONVERGED      36 CALLS          37 TOTAL
                     EDM=5.07466e-16    STRATEGY= 1      ERROR MATRIX ACCURATE 
  EXT PARAMETER                                   STEP         FIRST   
  NO.   NAME      VALUE            ERROR          SIZE      DERIVATIVE 
   1  p0           1.06755e+00   1.78269e-03   9.70478e-07  -1.63596e-05
   2  p1           2.26710e-02   1.26041e-03   6.86156e-07   2.95291e-06
SaveSource cannot open file: /home/zhangfy/nl_target/toyMC/results/data_18921.C
1.06677	0.00392103
1.06586	0.00350685
1.07505	0.00350772
1.0807	0.00351341
1.07974	0.00342141
1.09533	0.0032872
1.11469	0.00348582
1.15005	0.00502701
 FCN=9.17563 FROM MIGRAD    STATUS=CONVERGED      36 CALLS          37 TOTAL
                     EDM=1.96999e-16    STRATEGY= 1      ERROR MATRIX ACCURATE 
  EXT PARAMETER                                   STEP         FIRST   
  NO.   NAME      VALUE            ERROR          SIZE      DERIVATIVE 
   1  p0           1.06632e+00   1.77890e-03   1.99676e-06  -1.47454e-05
   2  p1           2.17318e-02   1.25541e-03   1.40916e-06  -9.66230e-06
SaveSource cannot open file: /home/zhangfy/nl_target/toyMC/results/data_18922.C
1.07455	0.00394963
1.07267	0.00352923
1.07219	0.00349839
1.0761	0.00349843
1.08538	0.00343927
1.09358	0.00328194
1.10811	0.00346523
1.13701	0.00497002
 FCN=7.57279 FROM MIGRAD    STATUS=CONVERGED      36 CALLS          37 TOTAL
                     EDM=1.15634e-15    STRATEGY= 1      ERROR MATRIX ACCURATE 
  EXT PARAMETER                                   STEP         FIRST   
  NO.   NAME      VALUE            ERROR          SIZE      DERIVATIVE 
   1  p0           1.07034e+00   1.78079e-03   1.83206e-06   6.96532e-06
   2  p1           1.71553e-02   1.24779e-03   1.28372e-06   4.47733e-05
SaveSource cannot open file: /home/zhangfy/nl_target/toyMC/results/data_18923.C
1.07268	0.00394274
1.07632	0.00354126
1.07831	0.00351835
1.07844	0.00350606
1.07593	0.00340934
1.09115	0.00327466
1.12488	0.00351768
1.14458	0.00500311
 FCN=6.64556 FROM MIGRAD    STATUS=CONVERGED      36 CALLS          37 TOTAL
                     EDM=8.39742e-17    STRATEGY= 1      ERROR MATRIX ACCURATE 
  EXT PARAMETER                                   STEP         FIRST   
  NO.   NAME      VALUE            ERROR          SIZE      DERIVATIVE 
   1  p0           1.06884e+00   1.78297e-03   1.73399e-06   8.26076e-06
   2  p1           2.11889e-02   1.25748e-03   1.22294e-06   2.20603e-06
SaveSource cannot open file: /home/zhangfy/nl_target/toyMC/results/data_18924.C
1.07028	0.00393395
1.07784	0.00354625
1.07696	0.00351397
1.07643	0.00349952
1.0799	0.00342191
1.09126	0.00327497
1.1198	0.00350177
1.14569	0.00500796
 FCN=3.46498 FROM MIGRAD    STATUS=CONVERGED      36 CALLS          37 TOTAL
                     EDM=8.15968e-17    STRATEGY= 1      ERROR MATRIX ACCURATE 
  EXT PARAMETER                                   STEP         FIRST   
  NO.   NAME      VALUE            ERROR          SIZE      DERIVATIVE 
   1  p0           1.06897e+00   1.78278e-03   1.32448e-06  -3.59686e-06
   2  p1           2.05163e-02   1.25625e-03   9.33305e-07   5.93948e-06
SaveSource cannot open file: /home/zhangfy/nl_target/toyMC/results/data_18925.C
1.06788	0.00392513
1.07329	0.00353127
1.08071	0.00352619
1.07939	0.00350915
1.08448	0.00343644
1.08702	0.00326226
1.11914	0.00349971
1.15059	0.00502937
 FCN=7.36751 FROM MIGRAD    STATUS=CONVERGED      36 CALLS          37 TOTAL
                     EDM=2.23547e-15    STRATEGY= 1      ERROR MATRIX ACCURATE 
  EXT PARAMETER                                   STEP         FIRST   
  NO.   NAME      VALUE            ERROR          SIZE      DERIVATIVE 
   1  p0           1.06868e+00   1.78351e-03   1.81356e-06  -1.03458e-05
   2  p1           2.10747e-02   1.25831e-03   1.27951e-06  -6.22572e-05
SaveSource cannot open file: /home/zhangfy/nl_target/toyMC/results/data_18926.C
1.07425	0.00394852
1.07424	0.0035344
1.07423	0.00350504
1.08205	0.00351779
1.08487	0.00343768
1.09527	0.00328701
1.1197	0.00350146
1.14656	0.00501177
 FCN=1.36285 FROM MIGRAD    STATUS=CONVERGED      36 CALLS          37 TOTAL
                     EDM=1.50189e-17    STRATEGY= 1      ERROR MATRIX ACCURATE 
  EXT PARAMETER                                   STEP         FIRST   
  NO.   NAME      VALUE            ERROR          SIZE      DERIVATIVE 
   1  p0           1.07078e+00   1.78477e-03   9.65003e-07   2.55057e-06
   2  p1           2.03975e-02   1.25675e-03   6.79512e-07  -9.81945e-07
SaveSource cannot open file: /home/zhangfy/nl_target/toyMC/results/data_18927.C
1.0728	0.00394319
1.07306	0.00353053
1.0751	0.00350788
1.07845	0.00350607
1.08376	0.00343414
1.08921	0.00326883
1.12152	0.00350715
1.14689	0.0050132
 FCN=1.12579 FROM MIGRAD    STATUS=CONVERGED      36 CALLS          37 TOTAL
                     EDM=6.77122e-17    STRATEGY= 1      ERROR MATRIX ACCURATE 
  EXT PARAMETER                                   STEP         FIRST   
  NO.   NAME      VALUE            ERROR          SIZE      DERIVATIVE 
   1  p0           1.06857e+00   1.78257e-03   9.14049e-07   8.28419e-06
   2  p1           2.11287e-02   1.25718e-03   6.44648e-07   4.39251e-06
SaveSource cannot open file: /home/zhangfy/nl_target/toyMC/results/data_18928.C
1.07024	0.00393378
1.07638	0.00354146
1.07536	0.00350875
1.07662	0.00350013
1.08071	0.00342448
1.09331	0.00328112
1.12036	0.00350353
1.14375	0.00499948
 FCN=2.2117 FROM MIGRAD    STATUS=CONVERGED      36 CALLS          37 TOTAL
                     EDM=2.22992e-16    STRATEGY= 1      ERROR MATRIX ACCURATE 
  EXT PARAMETER                                   STEP         FIRST   
  NO.   NAME      VALUE            ERROR          SIZE      DERIVATIVE 
   1  p0           1.06892e+00   1.78197e-03   1.12331e-06  -5.23376e-06
   2  p1           2.05667e-02   1.25524e-03   7.91271e-07   1.07968e-05
SaveSource cannot open file: /home/zhangfy/nl_target/toyMC/results/data_18929.C
1.07139	0.00393801
1.07055	0.00352229
1.07902	0.00352068
1.08518	0.00352796
1.08864	0.00344961
1.09117	0.0032747
1.12088	0.00350516
1.15081	0.00503034
 FCN=6.35079 FROM MIGRAD    STATUS=CONVERGED      34 CALLS          35 TOTAL
                     EDM=6.88894e-18    STRATEGY= 1      ERROR MATRIX ACCURATE 
  EXT PARAMETER                                   STEP         FIRST   
  NO.   NAME      VALUE            ERROR          SIZE      DERIVATIVE 
   1  p0           1.07068e+00   1.78584e-03   1.70298e-06  -2.62989e-06
   2  p1           2.11017e-02   1.25920e-03   1.20078e-06  -3.80005e-06
SaveSource cannot open file: /home/zhangfy/nl_target/toyMC/results/data_18930.C
1.0798	0.00396892
1.0736	0.00353232
1.07195	0.00349762
1.08346	0.00352237
1.08455	0.00343665
1.09332	0.00328115
1.11791	0.00349586
1.13838	0.004976
 FCN=5.05342 FROM MIGRAD    STATUS=CONVERGED      36 CALLS          37 TOTAL
                     EDM=2.55582e-15    STRATEGY= 1      ERROR MATRIX ACCURATE 
  EXT PARAMETER                                   STEP         FIRST   
  NO.   NAME      VALUE            ERROR          SIZE      DERIVATIVE 
   1  p0           1.07204e+00   1.78446e-03   1.54358e-06  -3.74012e-06
   2  p1           1.83598e-02   1.25235e-03   1.08330e-06   5.32618e-05
SaveSource cannot open file: /home/zhangfy/nl_target/toyMC/results/data_18931.C
1.06715	0.00392243
1.07186	0.00352657
1.07235	0.00349891
1.08266	0.00351977
1.07803	0.00341601
1.09182	0.00327666
1.11556	0.00348853
1.14112	0.00498801
 FCN=3.6719 FROM MIGRAD    STATUS=CONVERGED      36 CALLS          37 TOTAL
                     EDM=7.50201e-17    STRATEGY= 1      ERROR MATRIX ACCURATE 
  EXT PARAMETER                                   STEP         FIRST   
  NO.   NAME      VALUE            ERROR          SIZE      DERIVATIVE 
   1  p0           1.06761e+00   1.77885e-03   1.35240e-06   2.91428e-06
   2  p1           1.99175e-02   1.25164e-03   9.51579e-07   1.21934e-05
SaveSource cannot open file: /home/zhangfy/nl_target/toyMC/results/data_18932.C
1.06894	0.00392901
1.07158	0.00352566
1.07233	0.00349886
1.07252	0.00348682
1.07679	0.00341207
1.0924	0.0032784
1.12067	0.0035045
1.14302	0.00499631
 FCN=3.50408 FROM MIGRAD    STATUS=CONVERGED      36 CALLS          37 TOTAL
                     EDM=1.33153e-16    STRATEGY= 1      ERROR MATRIX ACCURATE 
  EXT PARAMETER                                   STEP         FIRST   
  NO.   NAME      VALUE            ERROR          SIZE      DERIVATIVE 
   1  p0           1.06531e+00   1.77701e-03   1.32726e-06  -6.34969e-06
   2  p1           2.17632e-02   1.25401e-03   9.36627e-07  -1.75194e-05
SaveSource cannot open file: /home/zhangfy/nl_target/toyMC/results/data_18933.C
1.07186	0.00393974
1.07759	0.00354545
1.07442	0.00350566
1.08148	0.00351593
1.08163	0.00342739
1.08527	0.00325699
1.11845	0.00349756
1.14683	0.00501297
 FCN=5.69286 FROM MIGRAD    STATUS=CONVERGED      36 CALLS          37 TOTAL
                     EDM=1.33296e-15    STRATEGY= 1      ERROR MATRIX ACCURATE 
  EXT PARAMETER                                   STEP         FIRST   
  NO.   NAME      VALUE            ERROR          SIZE      DERIVATIVE 
   1  p0           1.06908e+00   1.78343e-03   1.62113e-06  -2.91882e-05
   2  p1           2.00801e-02   1.25651e-03   1.14216e-06  -5.70491e-05
SaveSource cannot open file: /home/zhangfy/nl_target/toyMC/results/data_18934.C
1.077	0.00395862
1.07159	0.00352571
1.07596	0.00351071
1.07711	0.00350172
1.07891	0.0034188
1.08667	0.00326119
1.11984	0.00350191
1.14342	0.00499805
 FCN=4.72968 FROM MIGRAD    STATUS=CONVERGED      36 CALLS          37 TOTAL
                     EDM=3.54071e-17    STRATEGY= 1      ERROR MATRIX ACCURATE 
  EXT PARAMETER                                   STEP         FIRST   
  NO.   NAME      VALUE            ERROR          SIZE      DERIVATIVE 
   1  p0           1.06814e+00   1.78150e-03   1.49881e-06   5.36442e-06
   2  p1           2.01957e-02   1.25506e-03   1.05590e-06   9.14757e-06
SaveSource cannot open file: /home/zhangfy/nl_target/toyMC/results/data_18935.C
1.07184	0.00393968
1.07118	0.00352436
1.07663	0.00351289
1.08325	0.00352168
1.07483	0.00340585
1.09384	0.00328272
1.11883	0.00349875
1.14469	0.00500358
 FCN=6.58375 FROM MIGRAD    STATUS=CONVERGED      36 CALLS          37 TOTAL
                     EDM=1.35446e-17    STRATEGY= 1      ERROR MATRIX ACCURATE 
  EXT PARAMETER                                   STEP         FIRST   
  NO.   NAME      VALUE            ERROR          SIZE      DERIVATIVE 
   1  p0           1.06854e+00   1.78153e-03   1.72557e-06  -3.05613e-06
   2  p1           2.05856e-02   1.25509e-03   1.21566e-06  -5.73533e-06
SaveSource cannot open file: /home/zhangfy/nl_target/toyMC/results/data_18936.C
1.07881	0.00396528
1.07178	0.0035263
1.07592	0.00351058
1.07974	0.00351028
1.08319	0.00343234
1.08787	0.0032648
1.12309	0.00351208
1.15247	0.00503761
 FCN=6.028 FROM MIGRAD    STATUS=CONVERGED      36 CALLS          37 TOTAL
                     EDM=1.28887e-16    STRATEGY= 1      ERROR MATRIX ACCURATE 
  EXT PARAMETER                                   STEP         FIRST   
  NO.   NAME      VALUE            ERROR          SIZE      DERIVATIVE 
   1  p0           1.06889e+00   1.78495e-03   1.66353e-06  -1.23520e-05
   2  p1           2.18448e-02   1.26098e-03   1.17521e-06  -1.02255e-05
SaveSource cannot open file: /home/zhangfy/nl_target/toyMC/results/data_18937.C
1.06916	0.00392983
1.0688	0.00351651
1.0784	0.00351867
1.07952	0.00350957
1.07832	0.00341691
1.09078	0.00327354
1.12401	0.00351494
1.14869	0.00502108
 FCN=3.67416 FROM MIGRAD    STATUS=CONVERGED      36 CALLS          37 TOTAL
                     EDM=3.0094e-15    STRATEGY= 1      ERROR MATRIX ACCURATE 
  EXT PARAMETER                                   STEP         FIRST   
  NO.   NAME      VALUE            ERROR          SIZE      DERIVATIVE 
   1  p0           1.06671e+00   1.78063e-03   1.35479e-06   3.91874e-05
   2  p1           2.25709e-02   1.25839e-03   9.57446e-07  -8.50426e-06
SaveSource cannot open file: /home/zhangfy/nl_target/toyMC/results/data_18938.C
1.07141	0.00393807
1.07543	0.00353834
1.07835	0.00351848
1.08112	0.00351478
1.07888	0.00341869
1.09258	0.00327893
1.11345	0.00348193
1.14786	0.00501746
 FCN=5.53897 FROM MIGRAD    STATUS=CONVERGED      36 CALLS          37 TOTAL
                     EDM=1.10834e-15    STRATEGY= 1      ERROR MATRIX ACCURATE 
  EXT PARAMETER                                   STEP         FIRST   
  NO.   NAME      VALUE            ERROR          SIZE      DERIVATIVE 
   1  p0           1.06998e+00   1.78392e-03   1.60281e-06   4.43172e-06
   2  p1           1.94561e-02   1.25540e-03   1.12794e-06  -3.28556e-05
SaveSource cannot open file: /home/zhangfy/nl_target/toyMC/results/data_18939.C
1.0754	0.00395276
1.07435	0.00353476
1.07565	0.0035097
1.07848	0.00350618
1.08569	0.00344027
1.09167	0.0032762
1.11936	0.00350042
1.14683	0.00501296
 FCN=1.66392 FROM MIGRAD    STATUS=CONVERGED      38 CALLS          39 TOTAL
                     EDM=2.83238e-16    STRATEGY= 1      ERROR MATRIX ACCURATE 
  EXT PARAMETER                                   STEP         FIRST   
  NO.   NAME      VALUE            ERROR          SIZE      DERIVATIVE 
   1  p0           1.07030e+00   1.78457e-03   1.02406e-06   2.51255e-06
   2  p1           2.02579e-02   1.25688e-03   7.21253e-07  -1.62858e-05
SaveSource cannot open file: /home/zhangfy/nl_target/toyMC/results/data_18940.C
1.07294	0.0039437
1.07147	0.00352531
1.07275	0.00350023
1.07763	0.00350341
1.08299	0.00343172
1.09789	0.00329487
1.11874	0.00349848
1.14705	0.00501393
 FCN=4.81699 FROM MIGRAD    STATUS=CONVERGED      36 CALLS          37 TOTAL
                     EDM=4.70202e-17    STRATEGY= 1      ERROR MATRIX ACCURATE 
  EXT PARAMETER                                   STEP         FIRST   
  NO.   NAME      VALUE            ERROR          SIZE      DERIVATIVE 
   1  p0           1.06873e+00   1.78185e-03   1.51235e-06   7.52899e-06
   2  p1           2.12068e-02   1.25607e-03   1.06609e-06   7.99795e-06
SaveSource cannot open file: /home/zhangfy/nl_target/toyMC/results/data_18941.C
1.0681	0.00392591
1.06584	0.00350678
1.07235	0.00349893
1.0822	0.00351826
1.08395	0.00343476
1.09163	0.0032761
1.11893	0.00349906
1.15193	0.00503523
 FCN=5.78585 FROM MIGRAD    STATUS=CONVERGED      36 CALLS          37 TOTAL
                     EDM=1.7528e-15    STRATEGY= 1      ERROR MATRIX ACCURATE 
  EXT PARAMETER                                   STEP         FIRST   
  NO.   NAME      VALUE            ERROR          SIZE      DERIVATIVE 
   1  p0           1.06612e+00   1.77961e-03   1.63162e-06  -4.26636e-06
   2  p1           2.26540e-02   1.25776e-03   1.15317e-06   4.26887e-05
SaveSource cannot open file: /home/zhangfy/nl_target/toyMC/results/data_18942.C
1.06979	0.00393214
1.06498	0.00350393
1.06696	0.00348132
1.07663	0.00350016
1.08433	0.00343596
1.09705	0.00329236
1.12369	0.00351394
1.13648	0.00496772
 FCN=16.2652 FROM MIGRAD    STATUS=CONVERGED      36 CALLS          37 TOTAL
                     EDM=7.84024e-18    STRATEGY= 1      ERROR MATRIX ACCURATE 
  EXT PARAMETER                                   STEP         FIRST   
  NO.   NAME      VALUE            ERROR          SIZE      DERIVATIVE 
   1  p0           1.06608e+00   1.77558e-03   2.60043e-06   1.36620e-07
   2  p1           2.17529e-02   1.25105e-03   1.83223e-06   3.29632e-06
SaveSource cannot open file: /home/zhangfy/nl_target/toyMC/results/data_18943.C
1.07784	0.00396173
1.07084	0.00352321
1.07282	0.00350046
1.07913	0.00350831
1.07642	0.0034109
1.08751	0.00326373
1.12037	0.00350357
1.15507	0.00504899
 FCN=8.86466 FROM MIGRAD    STATUS=CONVERGED      36 CALLS          37 TOTAL
                     EDM=2.09355e-15    STRATEGY= 1      ERROR MATRIX ACCURATE 
  EXT PARAMETER                                   STEP         FIRST   
  NO.   NAME      VALUE            ERROR          SIZE      DERIVATIVE 
   1  p0           1.06627e+00   1.78201e-03   1.96735e-06   2.41644e-05
   2  p1           2.25524e-02   1.26084e-03   1.39198e-06  -2.13434e-05
SaveSource cannot open file: /home/zhangfy/nl_target/toyMC/results/data_18944.C
1.08146	0.00397503
1.07443	0.00353503
1.07235	0.00349893
1.07695	0.0035012
1.08211	0.00342892
1.08946	0.00326958
1.12081	0.00350494
1.13956	0.00498119
 FCN=7.59081 FROM MIGRAD    STATUS=CONVERGED      36 CALLS          37 TOTAL
                     EDM=3.12099e-16    STRATEGY= 1      ERROR MATRIX ACCURATE 
  EXT PARAMETER                                   STEP         FIRST   
  NO.   NAME      VALUE            ERROR          SIZE      DERIVATIVE 
   1  p0           1.07011e+00   1.78308e-03   1.83713e-06   5.15732e-06
   2  p1           1.92999e-02   1.25385e-03   1.29185e-06   2.43039e-05
SaveSource cannot open file: /home/zhangfy/nl_target/toyMC/results/data_18945.C
1.07169	0.00393911
1.06973	0.00351959
1.07382	0.00350373
1.0833	0.00352186
1.08336	0.00343288
1.08763	0.00326408
1.11743	0.00349438
1.14836	0.00501966
 FCN=4.50325 FROM MIGRAD    STATUS=CONVERGED      36 CALLS          37 TOTAL
                     EDM=2.41992e-16    STRATEGY= 1      ERROR MATRIX ACCURATE 
  EXT PARAMETER                                   STEP         FIRST   
  NO.   NAME      VALUE            ERROR          SIZE      DERIVATIVE 
   1  p0           1.06802e+00   1.78173e-03   1.46956e-06   1.61522e-05
   2  p1           2.08317e-02   1.25628e-03   1.03617e-06   1.00161e-05
SaveSource cannot open file: /home/zhangfy/nl_target/toyMC/results/data_18946.C
1.06992	0.00393262
1.07023	0.00352123
1.07284	0.00350053
1.08157	0.00351621
1.08096	0.0034253
1.09041	0.00327242
1.11429	0.00348457
1.14413	0.00500113
 FCN=2.36368 FROM MIGRAD    STATUS=CONVERGED      36 CALLS          37 TOTAL
                     EDM=1.18593e-15    STRATEGY= 1      ERROR MATRIX ACCURATE 
  EXT PARAMETER                                   STEP         FIRST   
  NO.   NAME      VALUE            ERROR          SIZE      DERIVATIVE 
   1  p0           1.06779e+00   1.77984e-03   1.14777e-06   2.60219e-05
   2  p1           1.99593e-02   1.25287e-03   8.07942e-07  -2.67682e-06
SaveSource cannot open file: /home/zhangfy/nl_target/toyMC/results/data_18947.C
1.06811	0.00392596
1.07087	0.00352332
1.0781	0.00351769
1.07998	0.00351106
1.078	0.00341591
1.09155	0.00327584
1.11658	0.0034917
1.15109	0.00503159
 FCN=5.19058 FROM MIGRAD    STATUS=CONVERGED      36 CALLS          37 TOTAL
                     EDM=3.86023e-17    STRATEGY= 1      ERROR MATRIX ACCURATE 
  EXT PARAMETER                                   STEP         FIRST   
  NO.   NAME      VALUE            ERROR          SIZE      DERIVATIVE 
   1  p0           1.06722e+00   1.78121e-03   1.55835e-06  -4.05662e-06
   2  p1           2.14521e-02   1.25726e-03   1.09995e-06  -9.61901e-06
SaveSource cannot open file: /home/zhangfy/nl_target/toyMC/results/data_18948.C
1.07324	0.00394482
1.07609	0.00354048
1.07167	0.00349668
1.07449	0.00349321
1.07996	0.0034221
1.09201	0.00327722
1.12222	0.00350935
1.14762	0.00501643
 FCN=3.94682 FROM MIGRAD    STATUS=CONVERGED      36 CALLS          37 TOTAL
                     EDM=4.94746e-17    STRATEGY= 1      ERROR MATRIX ACCURATE 
  EXT PARAMETER                                   STEP         FIRST   
  NO.   NAME      VALUE            ERROR          SIZE      DERIVATIVE 
   1  p0           1.06737e+00   1.78132e-03   1.39368e-06  -7.70324e-06
   2  p1           2.18243e-02   1.25766e-03   9.83981e-07  -8.44643e-06
SaveSource cannot open file: /home/zhangfy/nl_target/toyMC/results/data_18949.C
1.07056	0.00393497
1.0719	0.0035267
1.07637	0.00351203
1.07779	0.00350393
1.08249	0.00343012
1.09175	0.00327644
1.11779	0.00349549
1.14747	0.00501575
 FCN=1.26756 FROM MIGRAD    STATUS=CONVERGED      36 CALLS          37 TOTAL
                     EDM=5.51615e-17    STRATEGY= 1      ERROR MATRIX ACCURATE 
  EXT PARAMETER                                   STEP         FIRST   
  NO.   NAME      VALUE            ERROR          SIZE      DERIVATIVE 
   1  p0           1.06829e+00   1.78176e-03   9.43554e-07   5.24251e-06
   2  p1           2.08439e-02   1.25604e-03   6.65151e-07  -1.26270e-06
SaveSource cannot open file: /home/zhangfy/nl_target/toyMC/results/data_18950.C
1.06514	0.00391505
1.0625	0.00349579
1.06794	0.00348453
1.07722	0.00350209
1.08333	0.0034328
1.08892	0.00326794
1.11886	0.00349884
1.14932	0.00502385
 FCN=5.90923 FROM MIGRAD    STATUS=CONVERGED      36 CALLS          37 TOTAL
                     EDM=5.51416e-17    STRATEGY= 1      ERROR MATRIX ACCURATE 
  EXT PARAMETER                                   STEP         FIRST   
  NO.   NAME      VALUE            ERROR          SIZE      DERIVATIVE 
   1  p0           1.06263e+00   1.77428e-03   1.64227e-06  -1.33718e-06
   2  p1           2.34580e-02   1.25539e-03   1.16199e-06   6.94420e-06
SaveSource cannot open file: /home/zhangfy/nl_target/toyMC/results/data_18951.C
1.07441	0.0039491
1.07021	0.00352116
1.07476	0.00350678
1.07763	0.0035034
1.07943	0.00342042
1.09366	0.00328219
1.11988	0.00350204
1.14274	0.00499508
 FCN=2.40793 FROM MIGRAD    STATUS=CONVERGED      36 CALLS          37 TOTAL
                     EDM=4.39783e-18    STRATEGY= 1      ERROR MATRIX ACCURATE 
  EXT PARAMETER                                   STEP         FIRST   
  NO.   NAME      VALUE            ERROR          SIZE      DERIVATIVE 
   1  p0           1.06830e+00   1.78077e-03   1.15650e-06  -2.29017e-06
   2  p1           2.06111e-02   1.25434e-03   8.14622e-07  -1.93391e-06
SaveSource cannot open file: /home/zhangfy/nl_target/toyMC/results/data_18952.C
1.07045	0.00393456
1.08187	0.00355951
1.06953	0.00348971
1.07882	0.0035073
1.07878	0.00341838
1.08942	0.00326946
1.11522	0.00348745
1.14384	0.0049999
 FCN=9.80416 FROM MIGRAD    STATUS=CONVERGED      36 CALLS          37 TOTAL
                     EDM=1.18591e-16    STRATEGY= 1      ERROR MATRIX ACCURATE 
  EXT PARAMETER                                   STEP         FIRST   
  NO.   NAME      VALUE            ERROR          SIZE      DERIVATIVE 
   1  p0           1.06869e+00   1.78167e-03   2.05785e-06   4.16931e-06
   2  p1           1.94643e-02   1.25374e-03   1.44809e-06  -7.40615e-06
SaveSource cannot open file: /home/zhangfy/nl_target/toyMC/results/data_18953.C
1.07338	0.00394533
1.0735	0.00353197
1.06916	0.0034885
1.07977	0.00351038
1.075	0.00340639
1.08849	0.00326667
1.11959	0.00350113
1.1408	0.0049866
 FCN=5.35355 FROM MIGRAD    STATUS=CONVERGED      36 CALLS          37 TOTAL
                     EDM=3.84008e-16    STRATEGY= 1      ERROR MATRIX ACCURATE 
  EXT PARAMETER                                   STEP         FIRST   
  NO.   NAME      VALUE            ERROR          SIZE      DERIVATIVE 
   1  p0           1.06669e+00   1.77860e-03   1.57660e-06  -1.64569e-05
   2  p1           2.04847e-02   1.25306e-03   1.11074e-06  -1.84914e-06
SaveSource cannot open file: /home/zhangfy/nl_target/toyMC/results/data_18954.C
1.06301	0.00390722
1.07227	0.00352794
1.07673	0.00351321
1.07612	0.0034985
1.08075	0.00342462
1.09403	0.00328331
1.11808	0.00349639
1.1454	0.00500669
 FCN=6.03772 FROM MIGRAD    STATUS=CONVERGED      36 CALLS          37 TOTAL
                     EDM=1.18198e-15    STRATEGY= 1      ERROR MATRIX ACCURATE 
  EXT PARAMETER                                   STEP         FIRST   
  NO.   NAME      VALUE            ERROR          SIZE      DERIVATIVE 
   1  p0           1.06685e+00   1.77896e-03   1.66085e-06   2.00741e-05
   2  p1           2.13554e-02   1.25442e-03   1.17113e-06  -1.31486e-05
SaveSource cannot open file: /home/zhangfy/nl_target/toyMC/results/data_18955.C
1.06878	0.00392841
1.06874	0.00351633
1.07304	0.00350116
1.07714	0.00350182
1.08211	0.00342893
1.09198	0.00327714
1.11951	0.00350089
1.13156	0.00494622
 FCN=5.57091 FROM MIGRAD    STATUS=CONVERGED      36 CALLS          37 TOTAL
                     EDM=6.21065e-17    STRATEGY= 1      ERROR MATRIX ACCURATE 
  EXT PARAMETER                                   STEP         FIRST   
  NO.   NAME      VALUE            ERROR          SIZE      DERIVATIVE 
   1  p0           1.06785e+00   1.77693e-03   1.60332e-06   2.49975e-06
   2  p1           1.92713e-02   1.24788e-03   1.12596e-06  -6.08773e-06
SaveSource cannot open file: /home/zhangfy/nl_target/toyMC/results/data_18956.C
1.0732	0.00394468
1.07567	0.00353913
1.07502	0.00350763
1.08241	0.00351895
1.07702	0.00341281
1.08817	0.00326572
1.12028	0.00350328
1.13965	0.00498158
 FCN=4.36884 FROM MIGRAD    STATUS=CONVERGED      36 CALLS          37 TOTAL
                     EDM=1.31699e-15    STRATEGY= 1      ERROR MATRIX ACCURATE 
  EXT PARAMETER                                   STEP         FIRST   
  NO.   NAME      VALUE            ERROR          SIZE      DERIVATIVE 
   1  p0           1.06938e+00   1.78203e-03   1.45153e-06  -2.31219e-05
   2  p1           1.94420e-02   1.25342e-03   1.02095e-06   1.05982e-05
SaveSource cannot open file: /home/zhangfy/nl_target/toyMC/results/data_18957.C
1.0693	0.00393034
1.07048	0.00352205
1.07571	0.00350988
1.08535	0.00352851
1.08069	0.00342441
1.09179	0.00327657
1.12124	0.00350629
1.14058	0.00498561
 FCN=4.59942 FROM MIGRAD    STATUS=CONVERGED      36 CALLS          37 TOTAL
                     EDM=7.43531e-17    STRATEGY= 1      ERROR MATRIX ACCURATE 
  EXT PARAMETER                                   STEP         FIRST   
  NO.   NAME      VALUE            ERROR          SIZE      DERIVATIVE 
   1  p0           1.06920e+00   1.78130e-03   1.48322e-06   1.73956e-06
   2  p1           2.02817e-02   1.25361e-03   1.04384e-06  -7.84933e-06
SaveSource cannot open file: /home/zhangfy/nl_target/toyMC/results/data_18958.C
1.07224	0.00394114
1.07001	0.0035205
1.06965	0.00349011
1.07619	0.00349874
1.08563	0.00344008
1.09432	0.00328415
1.12217	0.00350921
1.15255	0.00503795
 FCN=4.46902 FROM MIGRAD    STATUS=CONVERGED      36 CALLS          37 TOTAL
                     EDM=4.29777e-16    STRATEGY= 1      ERROR MATRIX ACCURATE 
  EXT PARAMETER                                   STEP         FIRST   
  NO.   NAME      VALUE            ERROR          SIZE      DERIVATIVE 
   1  p0           1.06655e+00   1.78075e-03   1.46604e-06  -2.27036e-05
   2  p1           2.31848e-02   1.25950e-03   1.03691e-06  -1.97438e-05
SaveSource cannot open file: /home/zhangfy/nl_target/toyMC/results/data_18959.C
1.0702	0.00393365
1.06999	0.00352041
1.06875	0.00348716
1.07785	0.00350412
1.07916	0.00341958
1.08981	0.00327064
1.11749	0.00349455
1.1421	0.00499226
 FCN=1.19166 FROM MIGRAD    STATUS=CONVERGED      36 CALLS          37 TOTAL
                     EDM=4.42612e-16    STRATEGY= 1      ERROR MATRIX ACCURATE 
  EXT PARAMETER                                   STEP         FIRST   
  NO.   NAME      VALUE            ERROR          SIZE      DERIVATIVE 
   1  p0           1.06578e+00   1.77704e-03   9.25530e-07   2.03212e-05
   2  p1           2.08919e-02   1.25244e-03   6.52305e-07   8.47171e-06
SaveSource cannot open file: /home/zhangfy/nl_target/toyMC/results/data_18960.C
1.06826	0.00392652
1.07381	0.00353301
1.06408	0.00347192
1.07831	0.00350562
1.08455	0.00343666
1.08989	0.00327088
1.11738	0.00349422
1.144	0.00500057
 FCN=8.86693 FROM MIGRAD    STATUS=CONVERGED      36 CALLS          37 TOTAL
                     EDM=1.42528e-15    STRATEGY= 1      ERROR MATRIX ACCURATE 
  EXT PARAMETER                                   STEP         FIRST   
  NO.   NAME      VALUE            ERROR          SIZE      DERIVATIVE 
   1  p0           1.06613e+00   1.77776e-03   1.96486e-06  -5.88318e-06
   2  p1           2.11357e-02   1.25331e-03   1.38522e-06   3.63872e-05
SaveSource cannot open file: /home/zhangfy/nl_target/toyMC/results/data_18961.C
1.0654	0.00391601
1.0689	0.00351685
1.07089	0.00349417
1.07556	0.00349668
1.08278	0.00343104
1.09339	0.00328136
1.12356	0.00351353
1.14747	0.00501574
 FCN=2.82245 FROM MIGRAD    STATUS=CONVERGED      36 CALLS          37 TOTAL
                     EDM=1.1966e-17    STRATEGY= 1      ERROR MATRIX ACCURATE 
  EXT PARAMETER                                   STEP         FIRST   
  NO.   NAME      VALUE            ERROR          SIZE      DERIVATIVE 
   1  p0           1.06493e+00   1.77730e-03   1.22397e-06   3.29963e-06
   2  p1           2.33272e-02   1.25674e-03   8.65479e-07   5.18630e-06
SaveSource cannot open file: /home/zhangfy/nl_target/toyMC/results/data_18962.C
1.07648	0.0039567
1.07223	0.00352781
1.0744	0.0035056
1.08018	0.00351171
1.08172	0.0034277
1.0967	0.0032913
1.11747	0.00349449
1.14006	0.00498337
 FCN=3.86462 FROM MIGRAD    STATUS=CONVERGED      36 CALLS          37 TOTAL
                     EDM=3.3573e-17    STRATEGY= 1      ERROR MATRIX ACCURATE 
  EXT PARAMETER                                   STEP         FIRST   
  NO.   NAME      VALUE            ERROR          SIZE      DERIVATIVE 
   1  p0           1.07081e+00   1.78298e-03   1.38312e-06  -1.33889e-06
   2  p1           1.91391e-02   1.25269e-03   9.71753e-07   5.07382e-06
SaveSource cannot open file: /home/zhangfy/nl_target/toyMC/results/data_18963.C
1.07167	0.00393905
1.07624	0.003541
1.07253	0.00349952
1.07331	0.00348938
1.07845	0.00341734
1.09361	0.00328204
1.11731	0.00349399
1.15271	0.00503864
 FCN=7.52808 FROM MIGRAD    STATUS=CONVERGED      36 CALLS          37 TOTAL
                     EDM=2.88063e-15    STRATEGY= 1      ERROR MATRIX ACCURATE 
  EXT PARAMETER                                   STEP         FIRST   
  NO.   NAME      VALUE            ERROR          SIZE      DERIVATIVE 
   1  p0           1.06677e+00   1.78128e-03   1.82907e-06   1.24918e-05
   2  p1           2.19374e-02   1.25848e-03   1.29224e-06  -4.66859e-05
SaveSource cannot open file: /home/zhangfy/nl_target/toyMC/results/data_18964.C
1.07187	0.00393979
1.07071	0.00352281
1.07615	0.00351131
1.08408	0.00352439
1.08395	0.00343476
1.09379	0.00328258
1.12027	0.00350325
1.14295	0.004996
 FCN=2.44733 FROM MIGRAD    STATUS=CONVERGED      36 CALLS          37 TOTAL
                     EDM=3.47738e-16    STRATEGY= 1      ERROR MATRIX ACCURATE 
  EXT PARAMETER                                   STEP         FIRST   
  NO.   NAME      VALUE            ERROR          SIZE      DERIVATIVE 
   1  p0           1.07030e+00   1.78316e-03   1.16485e-06   9.45858e-06
   2  p1           2.01740e-02   1.25480e-03   8.19700e-07  -9.33200e-06
SaveSource cannot open file: /home/zhangfy/nl_target/toyMC/results/data_18965.C
1.06214	0.00390401
1.07354	0.00353212
1.06825	0.00348554
1.0769	0.00350104
1.08482	0.00343752
1.09498	0.00328614
1.11692	0.00349278
1.16051	0.00507277
 FCN=14.3866 FROM MIGRAD    STATUS=CONVERGED      36 CALLS          37 TOTAL
                     EDM=3.29555e-16    STRATEGY= 1      ERROR MATRIX ACCURATE 
  EXT PARAMETER                                   STEP         FIRST   
  NO.   NAME      VALUE            ERROR          SIZE      DERIVATIVE 
   1  p0           1.06468e+00   1.77946e-03   2.45690e-06  -7.67471e-06
   2  p1           2.41462e-02   1.26107e-03   1.74116e-06   1.12963e-05
SaveSource cannot open file: /home/zhangfy/nl_target/toyMC/results/data_18966.C
1.07592	0.00395466
1.07103	0.00352386
1.07458	0.00350621
1.08301	0.00352092
1.08425	0.0034357
1.08813	0.00326558
1.1174	0.00349429
1.14862	0.00502076
 FCN=4.94276 FROM MIGRAD    STATUS=CONVERGED      36 CALLS          37 TOTAL
                     EDM=4.95158e-18    STRATEGY= 1      ERROR MATRIX ACCURATE 
  EXT PARAMETER                                   STEP         FIRST   
  NO.   NAME      VALUE            ERROR          SIZE      DERIVATIVE 
   1  p0           1.06945e+00   1.78385e-03   1.52839e-06   1.09105e-06
   2  p1           2.02953e-02   1.25693e-03   1.07693e-06  -1.16700e-06
SaveSource cannot open file: /home/zhangfy/nl_target/toyMC/results/data_18967.C
1.06655	0.00392022
1.07495	0.00353676
1.08145	0.00352861
1.08313	0.0035213
1.08791	0.0034473
1.08673	0.00326138
1.11954	0.00350097
1.15204	0.00503571
 FCN=12.2836 FROM MIGRAD    STATUS=CONVERGED      36 CALLS          37 TOTAL
                     EDM=2.00941e-16    STRATEGY= 1      ERROR MATRIX ACCURATE 
  EXT PARAMETER                                   STEP         FIRST   
  NO.   NAME      VALUE            ERROR          SIZE      DERIVATIVE 
   1  p0           1.07010e+00   1.78567e-03   2.28767e-06   7.06609e-06
   2  p1           2.08982e-02   1.25943e-03   1.61349e-06  -7.23594e-06
SaveSource cannot open file: /home/zhangfy/nl_target/toyMC/results/data_18968.C
1.07662	0.00395725
1.06911	0.00351753
1.07138	0.00349574
1.0775	0.003503
1.07671	0.0034118
1.08919	0.00326877
1.1231	0.00351211
1.13832	0.00497578
 FCN=7.36584 FROM MIGRAD    STATUS=CONVERGED      36 CALLS          37 TOTAL
                     EDM=2.59808e-17    STRATEGY= 1      ERROR MATRIX ACCURATE 
  EXT PARAMETER                                   STEP         FIRST   
  NO.   NAME      VALUE            ERROR          SIZE      DERIVATIVE 
   1  p0           1.06684e+00   1.77840e-03   1.80980e-06   4.41685e-06
   2  p1           2.07502e-02   1.25292e-03   1.27504e-06   7.90977e-06
SaveSource cannot open file: /home/zhangfy/nl_target/toyMC/results/data_18969.C
1.06889	0.00392882
1.07461	0.00353563
1.06647	0.00347974
1.07991	0.00351084
1.0834	0.00343301
1.09597	0.00328912
1.11895	0.00349912
1.14372	0.00499937
 FCN=8.37051 FROM MIGRAD    STATUS=CONVERGED      36 CALLS          37 TOTAL
                     EDM=8.61163e-17    STRATEGY= 1      ERROR MATRIX ACCURATE 
  EXT PARAMETER                                   STEP         FIRST   
  NO.   NAME      VALUE            ERROR          SIZE      DERIVATIVE 
   1  p0           1.06784e+00   1.77975e-03   1.91775e-06   3.98761e-06
   2  p1           2.11007e-02   1.25403e-03   1.35126e-06  -5.71519e-06
SaveSource cannot open file: /home/zhangfy/nl_target/toyMC/results/data_18970.C
1.06587	0.00391773
1.07874	0.00354922
1.07687	0.00351367
1.08281	0.00352027
1.08077	0.00342467
1.08901	0.00326822
1.11183	0.00347687
1.15221	0.00503649
 FCN=13.8795 FROM MIGRAD    STATUS=CONVERGED      36 CALLS          37 TOTAL
                     EDM=2.347e-16    STRATEGY= 1      ERROR MATRIX ACCURATE 
  EXT PARAMETER                                   STEP         FIRST   
  NO.   NAME      VALUE            ERROR          SIZE      DERIVATIVE 
   1  p0           1.06918e+00   1.78387e-03   2.41700e-06  -5.23647e-07
   2  p1           1.99016e-02   1.25681e-03   1.70288e-06  -1.77465e-05
SaveSource cannot open file: /home/zhangfy/nl_target/toyMC/results/data_18971.C
1.06758	0.003924
1.07206	0.00352724
1.07395	0.00350413
1.07604	0.00349824
1.07985	0.00342177
1.09948	0.00329964
1.11755	0.00349476
1.15358	0.00504245
 FCN=9.52407 FROM MIGRAD    STATUS=CONVERGED      36 CALLS          37 TOTAL
                     EDM=1.64975e-16    STRATEGY= 1      ERROR MATRIX ACCURATE 
  EXT PARAMETER                                   STEP         FIRST   
  NO.   NAME      VALUE            ERROR          SIZE      DERIVATIVE 
   1  p0           1.06683e+00   1.78074e-03   2.03324e-06   3.22161e-06
   2  p1           2.26363e-02   1.25849e-03   1.43694e-06   1.72142e-05
SaveSource cannot open file: /home/zhangfy/nl_target/toyMC/results/data_18972.C
1.06881	0.00392851
1.07083	0.0035232
1.0774	0.00351541
1.07606	0.00349831
1.08464	0.00343694
1.09506	0.00328637
1.11041	0.00347242
1.14524	0.005006
 FCN=9.91328 FROM MIGRAD    STATUS=CONVERGED      36 CALLS          37 TOTAL
                     EDM=1.05105e-16    STRATEGY= 1      ERROR MATRIX ACCURATE 
  EXT PARAMETER                                   STEP         FIRST   
  NO.   NAME      VALUE            ERROR          SIZE      DERIVATIVE 
   1  p0           1.06908e+00   1.78117e-03   2.06857e-06  -7.66423e-06
   2  p1           1.92550e-02   1.25235e-03   1.45442e-06  -1.60760e-05
SaveSource cannot open file: /home/zhangfy/nl_target/toyMC/results/data_18973.C
1.06556	0.00391658
1.07941	0.00355142
1.07361	0.00350301
1.08148	0.00351594
1.08217	0.00342911
1.08858	0.00326693
1.12169	0.00350768
1.15373	0.00504313
 FCN=8.18382 FROM MIGRAD    STATUS=CONVERGED      36 CALLS          37 TOTAL
                     EDM=1.46305e-15    STRATEGY= 1      ERROR MATRIX ACCURATE 
  EXT PARAMETER                                   STEP         FIRST   
  NO.   NAME      VALUE            ERROR          SIZE      DERIVATIVE 
   1  p0           1.06778e+00   1.78330e-03   1.90053e-06   3.67790e-06
   2  p1           2.23405e-02   1.26058e-03   1.34345e-06  -3.91383e-05
SaveSource cannot open file: /home/zhangfy/nl_target/toyMC/results/data_18974.C
1.06667	0.00392065
1.06798	0.00351382
1.07456	0.00350613
1.08298	0.0035208
1.08109	0.00342568
1.0961	0.00328952
1.11654	0.00349159
1.1423	0.00499316
 FCN=7.52045 FROM MIGRAD    STATUS=CONVERGED      36 CALLS          37 TOTAL
                     EDM=1.20304e-15    STRATEGY= 1      ERROR MATRIX ACCURATE 
  EXT PARAMETER                                   STEP         FIRST   
  NO.   NAME      VALUE            ERROR          SIZE      DERIVATIVE 
   1  p0           1.06815e+00   1.77940e-03   1.82815e-06  -3.41542e-05
   2  p1           2.04429e-02   1.25239e-03   1.28669e-06  -1.60145e-05
SaveSource cannot open file: /home/zhangfy/nl_target/toyMC/results/data_18975.C
1.07554	0.00395326
1.0716	0.00352573
1.07816	0.00351788
1.06925	0.00347618
1.07854	0.00341761
1.09806	0.00329539
1.11464	0.00348565
1.1423	0.00499315
 FCN=16.8903 FROM MIGRAD    STATUS=CONVERGED      34 CALLS          35 TOTAL
                     EDM=4.93094e-16    STRATEGY= 1      ERROR MATRIX ACCURATE 
  EXT PARAMETER                                   STEP         FIRST   
  NO.   NAME      VALUE            ERROR          SIZE      DERIVATIVE 
   1  p0           1.06869e+00   1.78074e-03   2.64843e-06  -8.69590e-06
   2  p1           1.96166e-02   1.25262e-03   1.86297e-06  -3.20140e-05
SaveSource cannot open file: /home/zhangfy/nl_target/toyMC/results/data_18976.C
1.06664	0.00392055
1.07347	0.00353189
1.07401	0.00350434
1.08051	0.00351277
1.08419	0.00343552
1.09522	0.00328686
1.12097	0.00350544
1.14556	0.00500742
 FCN=3.11999 FROM MIGRAD    STATUS=CONVERGED      36 CALLS          37 TOTAL
                     EDM=2.3539e-15    STRATEGY= 1      ERROR MATRIX ACCURATE 
  EXT PARAMETER                                   STEP         FIRST   
  NO.   NAME      VALUE            ERROR          SIZE      DERIVATIVE 
   1  p0           1.06870e+00   1.78157e-03   1.27290e-06  -2.42961e-05
   2  p1           2.13464e-02   1.25587e-03   8.97299e-07   2.47706e-05
SaveSource cannot open file: /home/zhangfy/nl_target/toyMC/results/data_18977.C
1.07319	0.00394463
1.07204	0.00352717
1.075	0.00350758
1.07578	0.00349742
1.08164	0.00342745
1.09594	0.00328903
1.11604	0.00349001
1.13758	0.0049725
 FCN=4.30619 FROM MIGRAD    STATUS=CONVERGED      36 CALLS          37 TOTAL
                     EDM=6.96219e-17    STRATEGY= 1      ERROR MATRIX ACCURATE 
  EXT PARAMETER                                   STEP         FIRST   
  NO.   NAME      VALUE            ERROR          SIZE      DERIVATIVE 
   1  p0           1.06964e+00   1.78065e-03   1.44273e-06   6.04082e-06
   2  p1           1.89380e-02   1.25057e-03   1.01324e-06  -1.15050e-06
SaveSource cannot open file: /home/zhangfy/nl_target/toyMC/results/data_18978.C
1.06789	0.00392513
1.07316	0.00353085
1.07263	0.00349982
1.07809	0.0035049
1.07767	0.00341485
1.08593	0.00325899
1.11673	0.00349217
1.14873	0.00502125
 FCN=3.22295 FROM MIGRAD    STATUS=CONVERGED      36 CALLS          37 TOTAL
                     EDM=8.63442e-18    STRATEGY= 1      ERROR MATRIX ACCURATE 
  EXT PARAMETER                                   STEP         FIRST   
  NO.   NAME      VALUE            ERROR          SIZE      DERIVATIVE 
   1  p0           1.06553e+00   1.77881e-03   1.28501e-06  -1.15773e-06
   2  p1           2.13950e-02   1.25584e-03   9.07220e-07  -4.22933e-06
SaveSource cannot open file: /home/zhangfy/nl_target/toyMC/results/data_18979.C
1.07009	0.00393322
1.07413	0.00353406
1.07722	0.00351482
1.07981	0.00351049
1.08244	0.00342998
1.08904	0.00326832
1.12072	0.00350467
1.14265	0.00499469
 FCN=1.39418 FROM MIGRAD    STATUS=CONVERGED      38 CALLS          39 TOTAL
                     EDM=3.31633e-15    STRATEGY= 1      ERROR MATRIX ACCURATE 
  EXT PARAMETER                                   STEP         FIRST   
  NO.   NAME      VALUE            ERROR          SIZE      DERIVATIVE 
   1  p0           1.06923e+00   1.78230e-03   9.69804e-07  -1.19656e-05
   2  p1           2.01748e-02   1.25485e-03   6.82805e-07   5.19458e-05
SaveSource cannot open file: /home/zhangfy/nl_target/toyMC/results/data_18980.C
1.06765	0.00392427
1.0775	0.00354515
1.07506	0.00350777
1.0784	0.00350594
1.08451	0.00343652
1.09497	0.0032861
1.12421	0.00351559
1.14636	0.0050109
 FCN=3.82685 FROM MIGRAD    STATUS=CONVERGED      36 CALLS          37 TOTAL
                     EDM=1.83817e-16    STRATEGY= 1      ERROR MATRIX ACCURATE 
  EXT PARAMETER                                   STEP         FIRST   
  NO.   NAME      VALUE            ERROR          SIZE      DERIVATIVE 
   1  p0           1.06941e+00   1.78329e-03   1.37902e-06  -1.45760e-05
   2  p1           2.16355e-02   1.25778e-03   9.72646e-07  -1.10891e-05
SaveSource cannot open file: /home/zhangfy/nl_target/toyMC/results/data_18981.C
1.06573	0.00391721
1.07811	0.00354714
1.07214	0.00349823
1.07928	0.00350878
1.07716	0.00341324
1.09556	0.00328789
1.11604	0.00349002
1.1568	0.00505652
 FCN=13.222 FROM MIGRAD    STATUS=CONVERGED      36 CALLS          37 TOTAL
                     EDM=1.42213e-15    STRATEGY= 1      ERROR MATRIX ACCURATE 
  EXT PARAMETER                                   STEP         FIRST   
  NO.   NAME      VALUE            ERROR          SIZE      DERIVATIVE 
   1  p0           1.06681e+00   1.78185e-03   2.36323e-06  -5.96634e-06
   2  p1           2.24740e-02   1.25989e-03   1.67096e-06   3.60383e-05
SaveSource cannot open file: /home/zhangfy/nl_target/toyMC/results/data_18982.C
1.07865	0.00396471
1.07092	0.00352347
1.08195	0.00353024
1.07836	0.00350581
1.08246	0.00343003
1.09008	0.00327144
1.1152	0.0034874
1.15655	0.00505544
 FCN=14.2512 FROM MIGRAD    STATUS=CONVERGED      36 CALLS          37 TOTAL
                     EDM=1.41412e-15    STRATEGY= 1      ERROR MATRIX ACCURATE 
  EXT PARAMETER                                   STEP         FIRST   
  NO.   NAME      VALUE            ERROR          SIZE      DERIVATIVE 
   1  p0           1.06993e+00   1.78659e-03   2.45045e-06   4.19905e-06
   2  p1           2.07071e-02   1.26071e-03   1.72916e-06   4.60999e-05
SaveSource cannot open file: /home/zhangfy/nl_target/toyMC/results/data_18983.C
1.06919	0.00392994
1.07458	0.00353554
1.07121	0.00349519
1.08037	0.00351233
1.08101	0.00342544
1.09239	0.00327837
1.12156	0.00350728
1.14997	0.00502667
 FCN=1.54125 FROM MIGRAD    STATUS=CONVERGED      36 CALLS          37 TOTAL
                     EDM=5.78343e-17    STRATEGY= 1      ERROR MATRIX ACCURATE 
  EXT PARAMETER                                   STEP         FIRST   
  NO.   NAME      VALUE            ERROR          SIZE      DERIVATIVE 
   1  p0           1.06735e+00   1.78140e-03   9.99240e-07  -7.34520e-06
   2  p1           2.22338e-02   1.25832e-03   7.05829e-07  -3.09868e-06
SaveSource cannot open file: /home/zhangfy/nl_target/toyMC/results/data_18984.C
1.07466	0.00395003
1.07431	0.00353465
1.07287	0.0035006
1.08281	0.00352025
1.07794	0.0034157
1.08903	0.00326828
1.11905	0.00349944
1.14179	0.0049909
 FCN=3.43783 FROM MIGRAD    STATUS=CONVERGED      36 CALLS          37 TOTAL
                     EDM=5.58172e-16    STRATEGY= 1      ERROR MATRIX ACCURATE 
  EXT PARAMETER                                   STEP         FIRST   
  NO.   NAME      VALUE            ERROR          SIZE      DERIVATIVE 
   1  p0           1.06908e+00   1.78195e-03   1.31965e-06   1.32505e-06
   2  p1           1.97201e-02   1.25399e-03   9.28656e-07  -2.53031e-05
SaveSource cannot open file: /home/zhangfy/nl_target/toyMC/results/data_18985.C
1.06898	0.00392915
1.07806	0.00354697
1.07606	0.00351102
1.07453	0.00349333
1.08587	0.00344083
1.08872	0.00326736
1.12131	0.00350651
1.15404	0.00504449
 FCN=8.34046 FROM MIGRAD    STATUS=CONVERGED      36 CALLS          37 TOTAL
                     EDM=1.06278e-15    STRATEGY= 1      ERROR MATRIX ACCURATE 
  EXT PARAMETER                                   STEP         FIRST   
  NO.   NAME      VALUE            ERROR          SIZE      DERIVATIVE 
   1  p0           1.06804e+00   1.78380e-03   1.91684e-06  -2.43725e-05
   2  p1           2.21806e-02   1.26080e-03   1.35484e-06   2.91725e-06
SaveSource cannot open file: /home/zhangfy/nl_target/toyMC/results/data_18986.C
1.0707	0.00393547
1.06925	0.00351798
1.0748	0.0035069
1.08102	0.00351443
1.081	0.00342541
1.09038	0.00327234
1.12333	0.00351281
1.15117	0.00503193
 FCN=1.26784 FROM MIGRAD    STATUS=CONVERGED      36 CALLS          37 TOTAL
                     EDM=6.88207e-16    STRATEGY= 1      ERROR MATRIX ACCURATE 
  EXT PARAMETER                                   STEP         FIRST   
  NO.   NAME      VALUE            ERROR          SIZE      DERIVATIVE 
   1  p0           1.06684e+00   1.78127e-03   9.43970e-07  -4.18199e-06
   2  p1           2.27812e-02   1.25941e-03   6.67413e-07   2.50477e-05
SaveSource cannot open file: /home/zhangfy/nl_target/toyMC/results/data_18987.C
1.06745	0.00392352
1.07359	0.00353228
1.07123	0.00349525
1.07477	0.00349413
1.07442	0.00340455
1.09632	0.00329015
1.11633	0.00349093
1.14733	0.00501513
 FCN=8.89748 FROM MIGRAD    STATUS=CONVERGED      36 CALLS          37 TOTAL
                     EDM=1.08794e-16    STRATEGY= 1      ERROR MATRIX ACCURATE 
  EXT PARAMETER                                   STEP         FIRST   
  NO.   NAME      VALUE            ERROR          SIZE      DERIVATIVE 
   1  p0           1.06556e+00   1.77780e-03   1.96790e-06   6.74969e-06
   2  p1           2.17304e-02   1.25477e-03   1.38895e-06  -2.89356e-06
SaveSource cannot open file: /home/zhangfy/nl_target/toyMC/results/data_18988.C
1.07466	0.00395005
1.07458	0.00353552
1.07185	0.00349727
1.07808	0.00350487
1.08399	0.00343487
1.09128	0.00327505
1.12054	0.0035041
1.14311	0.00499669
 FCN=2.05868 FROM MIGRAD    STATUS=CONVERGED      36 CALLS          37 TOTAL
                     EDM=2.20134e-16    STRATEGY= 1      ERROR MATRIX ACCURATE 
  EXT PARAMETER                                   STEP         FIRST   
  NO.   NAME      VALUE            ERROR          SIZE      DERIVATIVE 
   1  p0           1.06924e+00   1.78231e-03   1.09632e-06   1.58656e-05
   2  p1           2.03298e-02   1.25505e-03   7.71990e-07   1.16129e-05
SaveSource cannot open file: /home/zhangfy/nl_target/toyMC/results/data_18989.C
1.07078	0.00393576
1.07185	0.00352656
1.07361	0.00350304
1.08014	0.00351157
1.08412	0.0034353
1.09477	0.00328553
1.1205	0.00350396
1.14668	0.00501228
 FCN=1.37256 FROM MIGRAD    STATUS=CONVERGED      36 CALLS          37 TOTAL
                     EDM=1.29142e-15    STRATEGY= 1      ERROR MATRIX ACCURATE 
  EXT PARAMETER                                   STEP         FIRST   
  NO.   NAME      VALUE            ERROR          SIZE      DERIVATIVE 
   1  p0           1.06881e+00   1.78211e-03   9.66002e-07   2.60190e-06
   2  p1           2.12979e-02   1.25645e-03   6.81064e-07  -3.78027e-05
SaveSource cannot open file: /home/zhangfy/nl_target/toyMC/results/data_18990.C
1.06909	0.00392958
1.07502	0.00353698
1.07729	0.00351503
1.07727	0.00350224
1.08387	0.00343451
1.08714	0.00326261
1.1167	0.0034921
1.14222	0.00499281
 FCN=3.22956 FROM MIGRAD    STATUS=CONVERGED      36 CALLS          37 TOTAL
                     EDM=6.28651e-17    STRATEGY= 1      ERROR MATRIX ACCURATE 
  EXT PARAMETER                                   STEP         FIRST   
  NO.   NAME      VALUE            ERROR          SIZE      DERIVATIVE 
   1  p0           1.06903e+00   1.78168e-03   1.28786e-06  -4.17932e-06
   2  p1           1.93777e-02   1.25328e-03   9.05907e-07   3.73421e-06
SaveSource cannot open file: /home/zhangfy/nl_target/toyMC/results/data_18991.C
1.06378	0.00391003
1.07133	0.00352484
1.07762	0.00351613
1.07526	0.0034957
1.07641	0.00341086
1.08796	0.00326509
1.12264	0.00351065
1.15054	0.00502916
 FCN=5.90145 FROM MIGRAD    STATUS=CONVERGED      36 CALLS          37 TOTAL
                     EDM=9.23969e-17    STRATEGY= 1      ERROR MATRIX ACCURATE 
  EXT PARAMETER                                   STEP         FIRST   
  NO.   NAME      VALUE            ERROR          SIZE      DERIVATIVE 
   1  p0           1.06441e+00   1.77814e-03   1.64367e-06  -1.02399e-05
   2  p1           2.32000e-02   1.25840e-03   1.16323e-06  -1.28562e-05
SaveSource cannot open file: /home/zhangfy/nl_target/toyMC/results/data_18992.C
1.06857	0.00392765
1.06774	0.00351304
1.071	0.00349451
1.0756	0.00349683
1.08003	0.00342235
1.09212	0.00327756
1.11893	0.00349906
1.1512	0.00503204
 FCN=1.59107 FROM MIGRAD    STATUS=CONVERGED      36 CALLS          37 TOTAL
                     EDM=6.5189e-16    STRATEGY= 1      ERROR MATRIX ACCURATE 
  EXT PARAMETER                                   STEP         FIRST   
  NO.   NAME      VALUE            ERROR          SIZE      DERIVATIVE 
   1  p0           1.06451e+00   1.77757e-03   1.00703e-06  -3.28520e-06
   2  p1           2.29987e-02   1.25723e-03   7.12251e-07  -3.17440e-05
SaveSource cannot open file: /home/zhangfy/nl_target/toyMC/results/data_18993.C
1.07357	0.00394603
1.07115	0.00352424
1.07732	0.00351512
1.07768	0.00350358
1.08273	0.00343088
1.09365	0.00328214
1.12033	0.00350344
1.14833	0.00501953
 FCN=1.7465 FROM MIGRAD    STATUS=CONVERGED      36 CALLS          37 TOTAL
                     EDM=4.55827e-18    STRATEGY= 1      ERROR MATRIX ACCURATE 
  EXT PARAMETER                                   STEP         FIRST   
  NO.   NAME      VALUE            ERROR          SIZE      DERIVATIVE 
   1  p0           1.06895e+00   1.78307e-03   1.03943e-06  -2.25305e-06
   2  p1           2.12415e-02   1.25755e-03   7.33085e-07  -2.90018e-06
SaveSource cannot open file: /home/zhangfy/nl_target/toyMC/results/data_18994.C
1.07192	0.00393994
1.06743	0.003512
1.07461	0.00350628
1.08152	0.00351605
1.07479	0.00340572
1.09423	0.00328391
1.11601	0.00348993
1.15247	0.00503759
 FCN=9.71227 FROM MIGRAD    STATUS=CONVERGED      36 CALLS          37 TOTAL
                     EDM=9.89558e-16    STRATEGY= 1      ERROR MATRIX ACCURATE 
  EXT PARAMETER                                   STEP         FIRST   
  NO.   NAME      VALUE            ERROR          SIZE      DERIVATIVE 
   1  p0           1.06633e+00   1.78017e-03   2.04925e-06   1.42160e-05
   2  p1           2.20007e-02   1.25751e-03   1.44759e-06  -1.83116e-05
SaveSource cannot open file: /home/zhangfy/nl_target/toyMC/results/data_18995.C
1.06275	0.00390625
1.07508	0.00353716
1.07976	0.00352308
1.08212	0.00351802
1.08593	0.00344102
1.08529	0.00325706
1.1156	0.00348865
1.14469	0.0050036
 FCN=13.4605 FROM MIGRAD    STATUS=CONVERGED      36 CALLS          37 TOTAL
                     EDM=1.4866e-16    STRATEGY= 1      ERROR MATRIX ACCURATE 
  EXT PARAMETER                                   STEP         FIRST   
  NO.   NAME      VALUE            ERROR          SIZE      DERIVATIVE 
   1  p0           1.06921e+00   1.78224e-03   2.38196e-06   1.33770e-05
   2  p1           1.95007e-02   1.25398e-03   1.67594e-06   1.18552e-05
SaveSource cannot open file: /home/zhangfy/nl_target/toyMC/results/data_18996.C
1.07233	0.00394147
1.0763	0.00354119
1.07283	0.00350049
1.07569	0.0034971
1.07814	0.00341634
1.08941	0.00326943
1.11957	0.00350106
1.14623	0.00501034
 FCN=3.28836 FROM MIGRAD    STATUS=CONVERGED      36 CALLS          37 TOTAL
                     EDM=8.96538e-16    STRATEGY= 1      ERROR MATRIX ACCURATE 
  EXT PARAMETER                                   STEP         FIRST   
  NO.   NAME      VALUE            ERROR          SIZE      DERIVATIVE 
   1  p0           1.06733e+00   1.78089e-03   1.29662e-06  -3.26914e-05
   2  p1           2.10009e-02   1.25613e-03   9.14556e-07  -2.74049e-05
SaveSource cannot open file: /home/zhangfy/nl_target/toyMC/results/data_18997.C
1.06558	0.00391666
1.06997	0.00352035
1.07223	0.00349853
1.07902	0.00350794
1.0838	0.00343427
1.08961	0.00327004
1.11979	0.00350175
1.14208	0.00499218
 FCN=2.77772 FROM MIGRAD    STATUS=CONVERGED      36 CALLS          37 TOTAL
                     EDM=3.14132e-15    STRATEGY= 1      ERROR MATRIX ACCURATE 
  EXT PARAMETER                                   STEP         FIRST   
  NO.   NAME      VALUE            ERROR          SIZE      DERIVATIVE 
   1  p0           1.06660e+00   1.77803e-03   1.21629e-06   4.35189e-05
   2  p1           2.11317e-02   1.25315e-03   8.57238e-07  -2.14342e-06
SaveSource cannot open file: /home/zhangfy/nl_target/toyMC/results/data_18998.C
1.06949	0.00393102
1.07459	0.00353556
1.07498	0.00350748
1.08066	0.00351328
1.08	0.00342223
1.08924	0.00326892
1.11441	0.00348493
1.13631	0.00496696
 FCN=0.908682 FROM MIGRAD    STATUS=CONVERGED      38 CALLS          39 TOTAL
                     EDM=4.81021e-16    STRATEGY= 1      ERROR MATRIX ACCURATE 
  EXT PARAMETER                                   STEP         FIRST   
  NO.   NAME      VALUE            ERROR          SIZE      DERIVATIVE 
   1  p0           1.06945e+00   1.78037e-03   8.64530e-07  -3.57089e-06
   2  p1           1.81591e-02   1.24946e-03   6.06722e-07   2.10206e-05
SaveSource cannot open file: /home/zhangfy/nl_target/toyMC/results/data_18999.C
