1.0669	0.00392152
1.07356	0.00353216
1.07585	0.00351035
1.08397	0.00352404
1.08527	0.00343893
1.09197	0.00327712
1.1149	0.00348647
1.1519	0.0050351
 FCN=8.04586 FROM MIGRAD    STATUS=CONVERGED      36 CALLS          37 TOTAL
                     EDM=1.12384e-14    STRATEGY= 1      ERROR MATRIX ACCURATE 
  EXT PARAMETER                                   STEP         FIRST   
  NO.   NAME      VALUE            ERROR          SIZE      DERIVATIVE 
   1  p0           1.06930e+00   1.78365e-03   1.88614e-06   4.75372e-05
   2  p1           2.07302e-02   1.25735e-03   1.32960e-06  -6.21079e-05
SaveSource cannot open file: /home/zhangfy/nl_target/toyMC/results/data_19200.C
1.06586	0.00391768
1.07662	0.00354226
1.07293	0.0035008
1.0797	0.00351016
1.0826	0.00343047
1.09367	0.00328222
1.11757	0.00349481
1.14389	0.00500011
 FCN=4.38581 FROM MIGRAD    STATUS=CONVERGED      36 CALLS          37 TOTAL
                     EDM=3.95323e-15    STRATEGY= 1      ERROR MATRIX ACCURATE 
  EXT PARAMETER                                   STEP         FIRST   
  NO.   NAME      VALUE            ERROR          SIZE      DERIVATIVE 
   1  p0           1.06872e+00   1.78111e-03   1.45412e-06   3.41819e-05
   2  p1           2.03612e-02   1.25402e-03   1.02380e-06  -2.80105e-05
SaveSource cannot open file: /home/zhangfy/nl_target/toyMC/results/data_19201.C
1.06634	0.00391944
1.07161	0.00352576
1.07118	0.0034951
1.076	0.00349813
1.08255	0.00343032
1.08929	0.00326907
1.11494	0.00348658
1.15608	0.0050534
 FCN=6.93957 FROM MIGRAD    STATUS=CONVERGED      36 CALLS          37 TOTAL
                     EDM=1.02541e-15    STRATEGY= 1      ERROR MATRIX ACCURATE 
  EXT PARAMETER                                   STEP         FIRST   
  NO.   NAME      VALUE            ERROR          SIZE      DERIVATIVE 
   1  p0           1.06490e+00   1.77914e-03   1.76289e-06  -1.50075e-05
   2  p1           2.26375e-02   1.25856e-03   1.24706e-06   1.78589e-05
SaveSource cannot open file: /home/zhangfy/nl_target/toyMC/results/data_19202.C
1.07166	0.003939
1.07874	0.0035492
1.06751	0.00348314
1.08372	0.0035232
1.08092	0.00342516
1.08465	0.00325515
1.12039	0.00350363
1.14961	0.0050251
 FCN=13.2925 FROM MIGRAD    STATUS=CONVERGED      36 CALLS          37 TOTAL
                     EDM=2.45127e-15    STRATEGY= 1      ERROR MATRIX ACCURATE 
  EXT PARAMETER                                   STEP         FIRST   
  NO.   NAME      VALUE            ERROR          SIZE      DERIVATIVE 
   1  p0           1.06757e+00   1.78225e-03   2.36838e-06  -5.13397e-05
   2  p1           2.13410e-02   1.25815e-03   1.67192e-06  -6.93523e-05
SaveSource cannot open file: /home/zhangfy/nl_target/toyMC/results/data_19203.C
1.06724	0.00392276
1.06964	0.00351928
1.07121	0.00349519
1.08026	0.00351196
1.07368	0.00340222
1.094	0.00328321
1.12089	0.00350521
1.14233	0.00499328
 FCN=6.44853 FROM MIGRAD    STATUS=CONVERGED      36 CALLS          37 TOTAL
                     EDM=2.80006e-16    STRATEGY= 1      ERROR MATRIX ACCURATE 
  EXT PARAMETER                                   STEP         FIRST   
  NO.   NAME      VALUE            ERROR          SIZE      DERIVATIVE 
   1  p0           1.06547e+00   1.77675e-03   1.70719e-06   1.75457e-05
   2  p1           2.18381e-02   1.25353e-03   1.20446e-06   2.31363e-05
SaveSource cannot open file: /home/zhangfy/nl_target/toyMC/results/data_19204.C
1.07127	0.00393756
1.07193	0.00352681
1.07453	0.00350603
1.08136	0.00351555
1.07957	0.00342088
1.088	0.0032652
1.11538	0.00348797
1.14937	0.00502406
 FCN=3.71545 FROM MIGRAD    STATUS=CONVERGED      36 CALLS          37 TOTAL
                     EDM=5.26922e-17    STRATEGY= 1      ERROR MATRIX ACCURATE 
  EXT PARAMETER                                   STEP         FIRST   
  NO.   NAME      VALUE            ERROR          SIZE      DERIVATIVE 
   1  p0           1.06760e+00   1.78144e-03   1.35957e-06  -2.06273e-06
   2  p1           2.06548e-02   1.25619e-03   9.58702e-07   5.86551e-06
SaveSource cannot open file: /home/zhangfy/nl_target/toyMC/results/data_19205.C
1.07567	0.00395373
1.07088	0.00352337
1.07209	0.00349807
1.07809	0.00350491
1.08427	0.00343577
1.09534	0.00328724
1.11737	0.00349418
1.14299	0.00499616
 FCN=4.44127 FROM MIGRAD    STATUS=CONVERGED      34 CALLS          35 TOTAL
                     EDM=8.55189e-17    STRATEGY= 1      ERROR MATRIX ACCURATE 
  EXT PARAMETER                                   STEP         FIRST   
  NO.   NAME      VALUE            ERROR          SIZE      DERIVATIVE 
   1  p0           1.06943e+00   1.78183e-03   1.46208e-06   5.86366e-06
   2  p1           2.00094e-02   1.25375e-03   1.02877e-06   1.43099e-05
SaveSource cannot open file: /home/zhangfy/nl_target/toyMC/results/data_19206.C
1.06675	0.00392097
1.07344	0.00353179
1.07631	0.00351184
1.077	0.00350137
1.08262	0.00343055
1.09015	0.00327166
1.11546	0.00348821
1.14463	0.00500333
 FCN=2.89261 FROM MIGRAD    STATUS=CONVERGED      36 CALLS          37 TOTAL
                     EDM=7.05965e-17    STRATEGY= 1      ERROR MATRIX ACCURATE 
  EXT PARAMETER                                   STEP         FIRST   
  NO.   NAME      VALUE            ERROR          SIZE      DERIVATIVE 
   1  p0           1.06797e+00   1.78041e-03   1.23509e-06  -8.21037e-06
   2  p1           2.01109e-02   1.25364e-03   8.69663e-07  -3.69324e-06
SaveSource cannot open file: /home/zhangfy/nl_target/toyMC/results/data_19207.C
1.06504	0.00391467
1.0687	0.00351618
1.07642	0.00351218
1.08208	0.0035179
1.0778	0.00341527
1.0907	0.0032733
1.1192	0.00349991
1.14401	0.00500064
 FCN=4.97556 FROM MIGRAD    STATUS=CONVERGED      36 CALLS          37 TOTAL
                     EDM=2.73501e-16    STRATEGY= 1      ERROR MATRIX ACCURATE 
  EXT PARAMETER                                   STEP         FIRST   
  NO.   NAME      VALUE            ERROR          SIZE      DERIVATIVE 
   1  p0           1.06658e+00   1.77854e-03   1.52988e-06  -8.78088e-06
   2  p1           2.12688e-02   1.25405e-03   1.07872e-06   7.71489e-06
SaveSource cannot open file: /home/zhangfy/nl_target/toyMC/results/data_19208.C
1.07128	0.00393763
1.06746	0.00351209
1.08338	0.0035349
1.0825	0.00351926
1.08038	0.00342344
1.0891	0.0032685
1.12595	0.00352101
1.14585	0.00500868
 FCN=11.5303 FROM MIGRAD    STATUS=CONVERGED      36 CALLS          37 TOTAL
                     EDM=5.90411e-16    STRATEGY= 1      ERROR MATRIX ACCURATE 
  EXT PARAMETER                                   STEP         FIRST   
  NO.   NAME      VALUE            ERROR          SIZE      DERIVATIVE 
   1  p0           1.06878e+00   1.78296e-03   2.22070e-06   1.50483e-05
   2  p1           2.16771e-02   1.25811e-03   1.56700e-06  -7.79354e-06
SaveSource cannot open file: /home/zhangfy/nl_target/toyMC/results/data_19209.C
1.07086	0.00393605
1.07273	0.00352945
1.06511	0.0034753
1.07476	0.00349408
1.08341	0.00343303
1.09255	0.00327887
1.11719	0.00349361
1.1542	0.00504519
 FCN=9.55244 FROM MIGRAD    STATUS=CONVERGED      36 CALLS          37 TOTAL
                     EDM=1.25229e-15    STRATEGY= 1      ERROR MATRIX ACCURATE 
  EXT PARAMETER                                   STEP         FIRST   
  NO.   NAME      VALUE            ERROR          SIZE      DERIVATIVE 
   1  p0           1.06507e+00   1.77894e-03   2.03318e-06  -3.45105e-06
   2  p1           2.29096e-02   1.25839e-03   1.43823e-06  -4.29968e-05
SaveSource cannot open file: /home/zhangfy/nl_target/toyMC/results/data_19210.C
1.07071	0.00393551
1.06551	0.00350569
1.07185	0.00349729
1.07775	0.0035038
1.0833	0.00343269
1.09496	0.0032861
1.11791	0.00349588
1.14674	0.00501255
 FCN=5.81968 FROM MIGRAD    STATUS=CONVERGED      36 CALLS          37 TOTAL
                     EDM=1.98974e-15    STRATEGY= 1      ERROR MATRIX ACCURATE 
  EXT PARAMETER                                   STEP         FIRST   
  NO.   NAME      VALUE            ERROR          SIZE      DERIVATIVE 
   1  p0           1.06648e+00   1.77860e-03   1.63498e-06   4.41514e-05
   2  p1           2.17854e-02   1.25485e-03   1.15353e-06   2.11894e-05
SaveSource cannot open file: /home/zhangfy/nl_target/toyMC/results/data_19211.C
1.06621	0.00391898
1.07056	0.00352229
1.07233	0.00349886
1.07836	0.0035058
1.0861	0.00344157
1.0892	0.00326881
1.11962	0.00350121
1.15147	0.00503323
 FCN=4.28569 FROM MIGRAD    STATUS=CONVERGED      36 CALLS          37 TOTAL
                     EDM=3.08284e-17    STRATEGY= 1      ERROR MATRIX ACCURATE 
  EXT PARAMETER                                   STEP         FIRST   
  NO.   NAME      VALUE            ERROR          SIZE      DERIVATIVE 
   1  p0           1.06618e+00   1.77993e-03   1.43989e-06   2.64314e-06
   2  p1           2.24926e-02   1.25794e-03   1.01762e-06  -3.03733e-06
SaveSource cannot open file: /home/zhangfy/nl_target/toyMC/results/data_19212.C
1.06824	0.00392642
1.07009	0.00352076
1.07774	0.00351651
1.08346	0.00352236
1.07722	0.00341343
1.09285	0.00327974
1.12268	0.0035108
1.14972	0.00502559
 FCN=5.15219 FROM MIGRAD    STATUS=CONVERGED      36 CALLS          37 TOTAL
                     EDM=2.56167e-15    STRATEGY= 1      ERROR MATRIX ACCURATE 
  EXT PARAMETER                                   STEP         FIRST   
  NO.   NAME      VALUE            ERROR          SIZE      DERIVATIVE 
   1  p0           1.06748e+00   1.78159e-03   1.55511e-06   2.29453e-06
   2  p1           2.23588e-02   1.25857e-03   1.09858e-06  -5.45723e-05
SaveSource cannot open file: /home/zhangfy/nl_target/toyMC/results/data_19213.C
1.07093	0.00393631
1.07614	0.00354067
1.07821	0.00351804
1.07668	0.00350032
1.08424	0.00343569
1.09136	0.00327527
1.1155	0.00348834
1.15141	0.00503297
 FCN=6.01034 FROM MIGRAD    STATUS=CONVERGED      36 CALLS          37 TOTAL
                     EDM=3.95634e-16    STRATEGY= 1      ERROR MATRIX ACCURATE 
  EXT PARAMETER                                   STEP         FIRST   
  NO.   NAME      VALUE            ERROR          SIZE      DERIVATIVE 
   1  p0           1.06952e+00   1.78442e-03   1.66031e-06   4.45209e-06
   2  p1           2.04257e-02   1.25780e-03   1.17032e-06  -1.75121e-05
SaveSource cannot open file: /home/zhangfy/nl_target/toyMC/results/data_19214.C
1.06835	0.00392685
1.07659	0.00354213
1.07388	0.0035039
1.07974	0.00351028
1.07988	0.00342185
1.09301	0.00328023
1.11682	0.00349247
1.15061	0.0050295
 FCN=4.34526 FROM MIGRAD    STATUS=CONVERGED      36 CALLS          37 TOTAL
                     EDM=9.59735e-17    STRATEGY= 1      ERROR MATRIX ACCURATE 
  EXT PARAMETER                                   STEP         FIRST   
  NO.   NAME      VALUE            ERROR          SIZE      DERIVATIVE 
   1  p0           1.06818e+00   1.78234e-03   1.44895e-06   6.61406e-06
   2  p1           2.11635e-02   1.25736e-03   1.02217e-06  -2.20270e-06
SaveSource cannot open file: /home/zhangfy/nl_target/toyMC/results/data_19215.C
1.07496	0.00395114
1.06897	0.00351706
1.07781	0.00351673
1.07939	0.00350914
1.08419	0.0034355
1.09241	0.00327844
1.12123	0.00350626
1.144	0.00500058
 FCN=3.09121 FROM MIGRAD    STATUS=CONVERGED      36 CALLS          37 TOTAL
                     EDM=2.89965e-15    STRATEGY= 1      ERROR MATRIX ACCURATE 
  EXT PARAMETER                                   STEP         FIRST   
  NO.   NAME      VALUE            ERROR          SIZE      DERIVATIVE 
   1  p0           1.06964e+00   1.78292e-03   1.26864e-06  -4.90894e-05
   2  p1           2.05443e-02   1.25570e-03   8.93493e-07  -1.43330e-05
SaveSource cannot open file: /home/zhangfy/nl_target/toyMC/results/data_19216.C
1.0747	0.00395017
1.07259	0.00352899
1.07224	0.00349856
1.07694	0.00350117
1.08019	0.00342284
1.08969	0.00327028
1.11568	0.00348889
1.15775	0.00506069
 FCN=8.47793 FROM MIGRAD    STATUS=CONVERGED      36 CALLS          37 TOTAL
                     EDM=9.04691e-16    STRATEGY= 1      ERROR MATRIX ACCURATE 
  EXT PARAMETER                                   STEP         FIRST   
  NO.   NAME      VALUE            ERROR          SIZE      DERIVATIVE 
   1  p0           1.06654e+00   1.78227e-03   1.92830e-06   2.04852e-05
   2  p1           2.22112e-02   1.26048e-03   1.36377e-06  -6.42802e-06
SaveSource cannot open file: /home/zhangfy/nl_target/toyMC/results/data_19217.C
1.06863	0.00392785
1.06965	0.00351929
1.07692	0.00351384
1.07937	0.00350906
1.08549	0.00343963
1.08653	0.00326078
1.11627	0.00349074
1.14751	0.00501591
 FCN=5.95161 FROM MIGRAD    STATUS=CONVERGED      36 CALLS          37 TOTAL
                     EDM=6.91664e-17    STRATEGY= 1      ERROR MATRIX ACCURATE 
  EXT PARAMETER                                   STEP         FIRST   
  NO.   NAME      VALUE            ERROR          SIZE      DERIVATIVE 
   1  p0           1.06774e+00   1.78103e-03   1.65085e-06  -7.35865e-06
   2  p1           2.05748e-02   1.25533e-03   1.16358e-06  -1.65258e-06
SaveSource cannot open file: /home/zhangfy/nl_target/toyMC/results/data_19218.C
1.06409	0.00391119
1.07424	0.00353441
1.07739	0.00351535
1.08049	0.00351272
1.08244	0.00342997
1.0867	0.00326128
1.12146	0.00350696
1.14254	0.00499421
 FCN=6.65039 FROM MIGRAD    STATUS=CONVERGED      36 CALLS          37 TOTAL
                     EDM=3.88022e-15    STRATEGY= 1      ERROR MATRIX ACCURATE 
  EXT PARAMETER                                   STEP         FIRST   
  NO.   NAME      VALUE            ERROR          SIZE      DERIVATIVE 
   1  p0           1.06791e+00   1.78050e-03   1.73232e-06   4.47339e-05
   2  p1           2.07123e-02   1.25455e-03   1.22060e-06  -9.24851e-06
SaveSource cannot open file: /home/zhangfy/nl_target/toyMC/results/data_19219.C
1.06083	0.00389918
1.0747	0.00353591
1.07412	0.00350468
1.07914	0.00350833
1.08044	0.00342364
1.09414	0.00328362
1.11764	0.00349503
1.14445	0.00500253
 FCN=8.24402 FROM MIGRAD    STATUS=CONVERGED      36 CALLS          37 TOTAL
                     EDM=3.66324e-16    STRATEGY= 1      ERROR MATRIX ACCURATE 
  EXT PARAMETER                                   STEP         FIRST   
  NO.   NAME      VALUE            ERROR          SIZE      DERIVATIVE 
   1  p0           1.06706e+00   1.77886e-03   1.90345e-06   2.02161e-05
   2  p1           2.11342e-02   1.25375e-03   1.34156e-06   2.61013e-05
SaveSource cannot open file: /home/zhangfy/nl_target/toyMC/results/data_19220.C
1.06812	0.003926
1.07542	0.0035383
1.07292	0.00350079
1.07845	0.0035061
1.08241	0.00342987
1.094	0.00328321
1.12104	0.00350565
1.14898	0.00502233
 FCN=1.97809 FROM MIGRAD    STATUS=CONVERGED      36 CALLS          37 TOTAL
                     EDM=6.25878e-17    STRATEGY= 1      ERROR MATRIX ACCURATE 
  EXT PARAMETER                                   STEP         FIRST   
  NO.   NAME      VALUE            ERROR          SIZE      DERIVATIVE 
   1  p0           1.06795e+00   1.78180e-03   1.08200e-06  -5.57902e-06
   2  p1           2.18993e-02   1.25774e-03   7.63767e-07   1.35332e-06
SaveSource cannot open file: /home/zhangfy/nl_target/toyMC/results/data_19221.C
1.07606	0.00395517
1.07238	0.00352828
1.07381	0.00350369
1.08046	0.00351261
1.08836	0.00344874
1.0915	0.00327571
1.12487	0.00351764
1.14962	0.00502516
 FCN=3.84927 FROM MIGRAD    STATUS=CONVERGED      36 CALLS          37 TOTAL
                     EDM=4.19942e-16    STRATEGY= 1      ERROR MATRIX ACCURATE 
  EXT PARAMETER                                   STEP         FIRST   
  NO.   NAME      VALUE            ERROR          SIZE      DERIVATIVE 
   1  p0           1.06983e+00   1.78498e-03   1.38302e-06   5.34153e-06
   2  p1           2.18486e-02   1.25992e-03   9.76199e-07  -1.70992e-05
SaveSource cannot open file: /home/zhangfy/nl_target/toyMC/results/data_19222.C
1.0789	0.00396562
1.07794	0.00354657
1.07971	0.00352292
1.06833	0.00347317
1.07808	0.00341614
1.08795	0.00326505
1.12058	0.00350421
1.14191	0.00499147
 FCN=19.2669 FROM MIGRAD    STATUS=CONVERGED      36 CALLS          37 TOTAL
                     EDM=1.99075e-16    STRATEGY= 1      ERROR MATRIX ACCURATE 
  EXT PARAMETER                                   STEP         FIRST   
  NO.   NAME      VALUE            ERROR          SIZE      DERIVATIVE 
   1  p0           1.06916e+00   1.78304e-03   2.81997e-06   3.07087e-06
   2  p1           1.95696e-02   1.25523e-03   1.98520e-06  -1.25540e-05
SaveSource cannot open file: /home/zhangfy/nl_target/toyMC/results/data_19223.C
1.06764	0.00392424
1.07467	0.00353582
1.07669	0.00351309
1.08313	0.00352131
1.08183	0.00342805
1.09535	0.00328724
1.11424	0.0034844
1.14645	0.00501128
 FCN=6.13323 FROM MIGRAD    STATUS=CONVERGED      36 CALLS          37 TOTAL
                     EDM=2.01155e-17    STRATEGY= 1      ERROR MATRIX ACCURATE 
  EXT PARAMETER                                   STEP         FIRST   
  NO.   NAME      VALUE            ERROR          SIZE      DERIVATIVE 
   1  p0           1.07012e+00   1.78325e-03   1.67466e-06   4.71758e-06
   2  p1           1.97078e-02   1.25457e-03   1.17817e-06   3.15491e-06
SaveSource cannot open file: /home/zhangfy/nl_target/toyMC/results/data_19224.C
1.07963	0.00396829
1.07223	0.00352779
1.07538	0.00350881
1.07538	0.00349611
1.08092	0.00342516
1.09419	0.00328379
1.11701	0.00349305
1.14531	0.00500631
 FCN=6.58713 FROM MIGRAD    STATUS=CONVERGED      36 CALLS          37 TOTAL
                     EDM=1.0415e-15    STRATEGY= 1      ERROR MATRIX ACCURATE 
  EXT PARAMETER                                   STEP         FIRST   
  NO.   NAME      VALUE            ERROR          SIZE      DERIVATIVE 
   1  p0           1.06969e+00   1.78328e-03   1.72668e-06  -5.63379e-06
   2  p1           1.98736e-02   1.25532e-03   1.21548e-06   3.03431e-05
SaveSource cannot open file: /home/zhangfy/nl_target/toyMC/results/data_19225.C
1.07072	0.00393554
1.07162	0.0035258
1.07323	0.0035018
1.07749	0.00350296
1.0789	0.00341875
1.09289	0.00327988
1.11609	0.00349019
1.14747	0.00501573
 FCN=2.09445 FROM MIGRAD    STATUS=CONVERGED      36 CALLS          37 TOTAL
                     EDM=4.56138e-16    STRATEGY= 1      ERROR MATRIX ACCURATE 
  EXT PARAMETER                                   STEP         FIRST   
  NO.   NAME      VALUE            ERROR          SIZE      DERIVATIVE 
   1  p0           1.06709e+00   1.78000e-03   1.10120e-06   2.17189e-05
   2  p1           2.10096e-02   1.25518e-03   7.76519e-07   1.20427e-05
SaveSource cannot open file: /home/zhangfy/nl_target/toyMC/results/data_19226.C
1.06439	0.00391228
1.0668	0.00350995
1.07378	0.00350359
1.07931	0.00350888
1.08709	0.00344471
1.09194	0.00327702
1.11404	0.00348376
1.15032	0.00502823
 FCN=11.3622 FROM MIGRAD    STATUS=CONVERGED      36 CALLS          37 TOTAL
                     EDM=5.22244e-17    STRATEGY= 1      ERROR MATRIX ACCURATE 
  EXT PARAMETER                                   STEP         FIRST   
  NO.   NAME      VALUE            ERROR          SIZE      DERIVATIVE 
   1  p0           1.06644e+00   1.77899e-03   2.20078e-06   7.80310e-06
   2  p1           2.15602e-02   1.25520e-03   1.55280e-06   9.33764e-06
SaveSource cannot open file: /home/zhangfy/nl_target/toyMC/results/data_19227.C
1.06898	0.00392917
1.07972	0.00355245
1.06914	0.00348844
1.07415	0.00349209
1.08331	0.00343274
1.08901	0.00326823
1.11836	0.00349727
1.1435	0.00499841
 FCN=8.78164 FROM MIGRAD    STATUS=CONVERGED      36 CALLS          37 TOTAL
                     EDM=3.76685e-16    STRATEGY= 1      ERROR MATRIX ACCURATE 
  EXT PARAMETER                                   STEP         FIRST   
  NO.   NAME      VALUE            ERROR          SIZE      DERIVATIVE 
   1  p0           1.06759e+00   1.78018e-03   1.95776e-06   3.47512e-06
   2  p1           2.04393e-02   1.25416e-03   1.37926e-06   2.50175e-05
SaveSource cannot open file: /home/zhangfy/nl_target/toyMC/results/data_19228.C
1.07136	0.00393789
1.07056	0.0035223
1.07507	0.00350779
1.08373	0.00352326
1.08496	0.00343796
1.09407	0.0032834
1.11993	0.0035022
1.1384	0.00497611
 FCN=3.87324 FROM MIGRAD    STATUS=CONVERGED      36 CALLS          37 TOTAL
                     EDM=8.27044e-16    STRATEGY= 1      ERROR MATRIX ACCURATE 
  EXT PARAMETER                                   STEP         FIRST   
  NO.   NAME      VALUE            ERROR          SIZE      DERIVATIVE 
   1  p0           1.07056e+00   1.78219e-03   1.38443e-06  -2.09465e-05
   2  p1           1.94647e-02   1.25227e-03   9.72781e-07   3.68978e-06
SaveSource cannot open file: /home/zhangfy/nl_target/toyMC/results/data_19229.C
1.06781	0.00392485
1.07231	0.00352807
1.07387	0.00350387
1.08384	0.00352362
1.08498	0.00343802
1.08868	0.00326723
1.12102	0.0035056
1.14375	0.00499949
 FCN=4.2536 FROM MIGRAD    STATUS=CONVERGED      36 CALLS          37 TOTAL
                     EDM=1.12657e-16    STRATEGY= 1      ERROR MATRIX ACCURATE 
  EXT PARAMETER                                   STEP         FIRST   
  NO.   NAME      VALUE            ERROR          SIZE      DERIVATIVE 
   1  p0           1.06870e+00   1.78154e-03   1.43660e-06  -3.31537e-06
   2  p1           2.07292e-02   1.25508e-03   1.01208e-06  -1.47324e-05
SaveSource cannot open file: /home/zhangfy/nl_target/toyMC/results/data_19230.C
1.0704	0.00393438
1.06729	0.00351154
1.07732	0.00351514
1.08016	0.00351164
1.07996	0.0034221
1.08818	0.00326575
1.11789	0.00349581
1.15231	0.00503689
 FCN=5.48994 FROM MIGRAD    STATUS=CONVERGED      36 CALLS          37 TOTAL
                     EDM=1.9917e-16    STRATEGY= 1      ERROR MATRIX ACCURATE 
  EXT PARAMETER                                   STEP         FIRST   
  NO.   NAME      VALUE            ERROR          SIZE      DERIVATIVE 
   1  p0           1.06641e+00   1.78071e-03   1.59513e-06  -1.53874e-05
   2  p1           2.19780e-02   1.25815e-03   1.12703e-06  -1.27274e-05
SaveSource cannot open file: /home/zhangfy/nl_target/toyMC/results/data_19231.C
1.07001	0.00393295
1.0694	0.00351847
1.07925	0.00352142
1.07508	0.00349514
1.07559	0.00340825
1.09008	0.00327143
1.11686	0.00349258
1.15252	0.00503781
 FCN=8.33375 FROM MIGRAD    STATUS=CONVERGED      36 CALLS          37 TOTAL
                     EDM=5.81884e-16    STRATEGY= 1      ERROR MATRIX ACCURATE 
  EXT PARAMETER                                   STEP         FIRST   
  NO.   NAME      VALUE            ERROR          SIZE      DERIVATIVE 
   1  p0           1.06574e+00   1.77998e-03   1.91182e-06  -1.02554e-05
   2  p1           2.20076e-02   1.25796e-03   1.35114e-06   1.49548e-05
SaveSource cannot open file: /home/zhangfy/nl_target/toyMC/results/data_19232.C
1.07055	0.00393494
1.07291	0.00353003
1.07034	0.00349236
1.08262	0.00351964
1.08233	0.00342963
1.09615	0.00328967
1.11364	0.00348252
1.14426	0.00500174
 FCN=7.18278 FROM MIGRAD    STATUS=CONVERGED      36 CALLS          37 TOTAL
                     EDM=5.05406e-16    STRATEGY= 1      ERROR MATRIX ACCURATE 
  EXT PARAMETER                                   STEP         FIRST   
  NO.   NAME      VALUE            ERROR          SIZE      DERIVATIVE 
   1  p0           1.06923e+00   1.78130e-03   1.79219e-06   1.30499e-05
   2  p1           1.97305e-02   1.25292e-03   1.26058e-06  -8.70155e-06
SaveSource cannot open file: /home/zhangfy/nl_target/toyMC/results/data_19233.C
1.06639	0.00391964
1.06759	0.00351251
1.07354	0.00350279
1.07685	0.00350089
1.07721	0.00341338
1.08825	0.00326596
1.1234	0.00351304
1.1426	0.00499446
 FCN=2.80285 FROM MIGRAD    STATUS=CONVERGED      36 CALLS          37 TOTAL
                     EDM=2.30179e-16    STRATEGY= 1      ERROR MATRIX ACCURATE 
  EXT PARAMETER                                   STEP         FIRST   
  NO.   NAME      VALUE            ERROR          SIZE      DERIVATIVE 
   1  p0           1.06442e+00   1.77597e-03   1.21923e-06   3.12009e-06
   2  p1           2.23675e-02   1.25433e-03   8.61111e-07  -1.37451e-05
SaveSource cannot open file: /home/zhangfy/nl_target/toyMC/results/data_19234.C
1.07158	0.00393871
1.07107	0.00352397
1.06717	0.00348202
1.08318	0.00352146
1.0817	0.00342762
1.09446	0.00328458
1.12028	0.0035033
1.14816	0.00501876
 FCN=6.30566 FROM MIGRAD    STATUS=CONVERGED      36 CALLS          37 TOTAL
                     EDM=2.20416e-16    STRATEGY= 1      ERROR MATRIX ACCURATE 
  EXT PARAMETER                                   STEP         FIRST   
  NO.   NAME      VALUE            ERROR          SIZE      DERIVATIVE 
   1  p0           1.06728e+00   1.78039e-03   1.69384e-06   1.73169e-06
   2  p1           2.20254e-02   1.25671e-03   1.19562e-06  -1.49130e-05
SaveSource cannot open file: /home/zhangfy/nl_target/toyMC/results/data_19235.C
1.07096	0.00393642
1.07027	0.00352136
1.07261	0.00349976
1.07709	0.00350165
1.08053	0.00342391
1.09753	0.00329381
1.11651	0.0034915
1.14041	0.00498491
 FCN=5.90865 FROM MIGRAD    STATUS=CONVERGED      36 CALLS          37 TOTAL
                     EDM=5.8435e-16    STRATEGY= 1      ERROR MATRIX ACCURATE 
  EXT PARAMETER                                   STEP         FIRST   
  NO.   NAME      VALUE            ERROR          SIZE      DERIVATIVE 
   1  p0           1.06823e+00   1.77925e-03   1.64577e-06  -4.46714e-06
   2  p1           2.00896e-02   1.25167e-03   1.15777e-06  -3.13284e-05
SaveSource cannot open file: /home/zhangfy/nl_target/toyMC/results/data_19236.C
1.07391	0.00394726
1.07361	0.00353235
1.07871	0.00351968
1.0777	0.00350364
1.07883	0.00341853
1.09136	0.00327527
1.12019	0.00350299
1.14572	0.00500812
 FCN=2.65696 FROM MIGRAD    STATUS=CONVERGED      36 CALLS          37 TOTAL
                     EDM=1.02223e-16    STRATEGY= 1      ERROR MATRIX ACCURATE 
  EXT PARAMETER                                   STEP         FIRST   
  NO.   NAME      VALUE            ERROR          SIZE      DERIVATIVE 
   1  p0           1.06912e+00   1.78305e-03   1.19883e-06   5.85473e-06
   2  p1           2.05206e-02   1.25647e-03   8.44780e-07  -3.91505e-06
SaveSource cannot open file: /home/zhangfy/nl_target/toyMC/results/data_19237.C
1.0729	0.00394358
1.07614	0.00354068
1.07189	0.00349741
1.07483	0.00349433
1.08578	0.00344055
1.09885	0.00329777
1.12373	0.00351407
1.15228	0.00503676
 FCN=7.43501 FROM MIGRAD    STATUS=CONVERGED      36 CALLS          37 TOTAL
                     EDM=1.14624e-16    STRATEGY= 1      ERROR MATRIX ACCURATE 
  EXT PARAMETER                                   STEP         FIRST   
  NO.   NAME      VALUE            ERROR          SIZE      DERIVATIVE 
   1  p0           1.06889e+00   1.78392e-03   1.82388e-06   1.08047e-05
   2  p1           2.27323e-02   1.26060e-03   1.28884e-06   5.82657e-06
SaveSource cannot open file: /home/zhangfy/nl_target/toyMC/results/data_19238.C
1.06061	0.0038984
1.06899	0.00351714
1.07498	0.00350751
1.07556	0.00349669
1.0832	0.00343237
1.08941	0.00326944
1.11726	0.00349385
1.14738	0.00501535
 FCN=6.80262 FROM MIGRAD    STATUS=CONVERGED      36 CALLS          37 TOTAL
                     EDM=1.20596e-16    STRATEGY= 1      ERROR MATRIX ACCURATE 
  EXT PARAMETER                                   STEP         FIRST   
  NO.   NAME      VALUE            ERROR          SIZE      DERIVATIVE 
   1  p0           1.06481e+00   1.77673e-03   1.74658e-06   1.19948e-05
   2  p1           2.20610e-02   1.25455e-03   1.23327e-06   9.94754e-06
SaveSource cannot open file: /home/zhangfy/nl_target/toyMC/results/data_19239.C
1.07404	0.00394777
1.07229	0.00352799
1.07438	0.00350554
1.07785	0.00350412
1.08093	0.00342517
1.09057	0.0032729
1.12172	0.00350777
1.15879	0.00506523
 FCN=3.69119 FROM MIGRAD    STATUS=CONVERGED      36 CALLS          37 TOTAL
                     EDM=1.26046e-15    STRATEGY= 1      ERROR MATRIX ACCURATE 
  EXT PARAMETER                                   STEP         FIRST   
  NO.   NAME      VALUE            ERROR          SIZE      DERIVATIVE 
   1  p0           1.06681e+00   1.78336e-03   1.35837e-06  -5.42866e-06
   2  p1           2.33902e-02   1.26311e-03   9.62093e-07   3.40478e-05
SaveSource cannot open file: /home/zhangfy/nl_target/toyMC/results/data_19240.C
1.07064	0.00393525
1.07214	0.0035275
1.07388	0.0035039
1.07959	0.00350978
1.08229	0.00342949
1.10129	0.00330509
1.11556	0.00348853
1.14579	0.0050084
 FCN=10.3875 FROM MIGRAD    STATUS=CONVERGED      36 CALLS          37 TOTAL
                     EDM=1.72847e-17    STRATEGY= 1      ERROR MATRIX ACCURATE 
  EXT PARAMETER                                   STEP         FIRST   
  NO.   NAME      VALUE            ERROR          SIZE      DERIVATIVE 
   1  p0           1.06969e+00   1.78220e-03   2.11634e-06  -3.01117e-06
   2  p1           2.03776e-02   1.25441e-03   1.48959e-06  -6.49620e-06
SaveSource cannot open file: /home/zhangfy/nl_target/toyMC/results/data_19241.C
1.07422	0.0039484
1.0718	0.00352638
1.07613	0.00351125
1.08539	0.00352865
1.0812	0.00342605
1.09176	0.00327648
1.11494	0.00348658
1.14576	0.00500829
 FCN=4.42378 FROM MIGRAD    STATUS=CONVERGED      36 CALLS          37 TOTAL
                     EDM=9.34431e-16    STRATEGY= 1      ERROR MATRIX ACCURATE 
  EXT PARAMETER                                   STEP         FIRST   
  NO.   NAME      VALUE            ERROR          SIZE      DERIVATIVE 
   1  p0           1.07045e+00   1.78399e-03   1.46023e-06   1.85515e-05
   2  p1           1.93326e-02   1.25477e-03   1.02705e-06  -1.04401e-05
SaveSource cannot open file: /home/zhangfy/nl_target/toyMC/results/data_19242.C
1.07454	0.00394959
1.06632	0.00350836
1.07127	0.00349541
1.07858	0.0035065
1.0868	0.00344378
1.09006	0.00327139
1.11528	0.00348765
1.15025	0.00502791
 FCN=9.65273 FROM MIGRAD    STATUS=CONVERGED      36 CALLS          37 TOTAL
                     EDM=8.09743e-18    STRATEGY= 1      ERROR MATRIX ACCURATE 
  EXT PARAMETER                                   STEP         FIRST   
  NO.   NAME      VALUE            ERROR          SIZE      DERIVATIVE 
   1  p0           1.06720e+00   1.78062e-03   2.04375e-06  -1.99908e-06
   2  p1           2.12163e-02   1.25618e-03   1.44181e-06  -4.43532e-06
SaveSource cannot open file: /home/zhangfy/nl_target/toyMC/results/data_19243.C
1.07079	0.00393582
1.06867	0.00351609
1.07549	0.00350918
1.08854	0.0035389
1.07551	0.00340801
1.09461	0.00328505
1.11826	0.00349697
1.14547	0.005007
 FCN=12.8691 FROM MIGRAD    STATUS=CONVERGED      36 CALLS          37 TOTAL
                     EDM=5.08282e-17    STRATEGY= 1      ERROR MATRIX ACCURATE 
  EXT PARAMETER                                   STEP         FIRST   
  NO.   NAME      VALUE            ERROR          SIZE      DERIVATIVE 
   1  p0           1.06869e+00   1.78154e-03   2.33414e-06  -6.56011e-06
   2  p1           2.07213e-02   1.25508e-03   1.64438e-06  -1.08755e-05
SaveSource cannot open file: /home/zhangfy/nl_target/toyMC/results/data_19244.C
1.06269	0.00390602
1.07498	0.00353684
1.07278	0.0035003
1.08206	0.00351782
1.08155	0.00342715
1.08765	0.00326416
1.11439	0.00348486
1.1432	0.00499708
 FCN=7.31332 FROM MIGRAD    STATUS=CONVERGED      36 CALLS          37 TOTAL
                     EDM=3.97298e-16    STRATEGY= 1      ERROR MATRIX ACCURATE 
  EXT PARAMETER                                   STEP         FIRST   
  NO.   NAME      VALUE            ERROR          SIZE      DERIVATIVE 
   1  p0           1.06737e+00   1.77912e-03   1.80361e-06  -2.04364e-05
   2  p1           1.98907e-02   1.25226e-03   1.26950e-06  -1.18045e-05
SaveSource cannot open file: /home/zhangfy/nl_target/toyMC/results/data_19245.C
1.07233	0.00394146
1.07148	0.00352532
1.07586	0.00351036
1.08483	0.00352684
1.07896	0.00341894
1.09436	0.00328427
1.12188	0.00350828
1.13707	0.00497029
 FCN=5.95923 FROM MIGRAD    STATUS=CONVERGED      36 CALLS          37 TOTAL
                     EDM=1.0157e-16    STRATEGY= 1      ERROR MATRIX ACCURATE 
  EXT PARAMETER                                   STEP         FIRST   
  NO.   NAME      VALUE            ERROR          SIZE      DERIVATIVE 
   1  p0           1.07029e+00   1.78192e-03   1.65418e-06  -4.81492e-06
   2  p1           1.95813e-02   1.25235e-03   1.16257e-06   5.50445e-06
SaveSource cannot open file: /home/zhangfy/nl_target/toyMC/results/data_19246.C
1.07863	0.00396464
1.07186	0.00352657
1.07611	0.00351119
1.0788	0.00350723
1.08453	0.0034366
1.08937	0.00326929
1.11933	0.0035003
1.14554	0.00500733
 FCN=3.84928 FROM MIGRAD    STATUS=CONVERGED      36 CALLS          37 TOTAL
                     EDM=1.49448e-15    STRATEGY= 1      ERROR MATRIX ACCURATE 
  EXT PARAMETER                                   STEP         FIRST   
  NO.   NAME      VALUE            ERROR          SIZE      DERIVATIVE 
   1  p0           1.07010e+00   1.78425e-03   1.38105e-06   3.50498e-06
   2  p1           1.99607e-02   1.25630e-03   9.72407e-07  -3.99148e-05
SaveSource cannot open file: /home/zhangfy/nl_target/toyMC/results/data_19247.C
1.07006	0.00393313
1.07194	0.00352685
1.066	0.0034782
1.0765	0.00349973
1.08014	0.00342267
1.08984	0.00327071
1.11844	0.00349752
1.14639	0.00501105
 FCN=3.37775 FROM MIGRAD    STATUS=CONVERGED      36 CALLS          37 TOTAL
                     EDM=1.62368e-15    STRATEGY= 1      ERROR MATRIX ACCURATE 
  EXT PARAMETER                                   STEP         FIRST   
  NO.   NAME      VALUE            ERROR          SIZE      DERIVATIVE 
   1  p0           1.06502e+00   1.77723e-03   1.30833e-06  -3.27297e-05
   2  p1           2.19066e-02   1.25484e-03   9.23763e-07  -1.37491e-06
SaveSource cannot open file: /home/zhangfy/nl_target/toyMC/results/data_19248.C
1.06106	0.00390006
1.07029	0.00352142
1.07534	0.00350866
1.07926	0.0035087
1.08112	0.00342578
1.09235	0.00327826
1.11544	0.00348815
1.14336	0.00499779
 FCN=7.11796 FROM MIGRAD    STATUS=CONVERGED      36 CALLS          37 TOTAL
                     EDM=8.41106e-16    STRATEGY= 1      ERROR MATRIX ACCURATE 
  EXT PARAMETER                                   STEP         FIRST   
  NO.   NAME      VALUE            ERROR          SIZE      DERIVATIVE 
   1  p0           1.06651e+00   1.77763e-03   1.78225e-06   2.71038e-05
   2  p1           2.07585e-02   1.25223e-03   1.25548e-06   9.24094e-06
SaveSource cannot open file: /home/zhangfy/nl_target/toyMC/results/data_19249.C
1.07352	0.00394582
1.07186	0.00352659
1.07646	0.00351233
1.07338	0.00348961
1.08067	0.00342436
1.08807	0.00326542
1.11553	0.00348843
1.14964	0.00502522
 FCN=5.91718 FROM MIGRAD    STATUS=CONVERGED      36 CALLS          37 TOTAL
                     EDM=6.93018e-16    STRATEGY= 1      ERROR MATRIX ACCURATE 
  EXT PARAMETER                                   STEP         FIRST   
  NO.   NAME      VALUE            ERROR          SIZE      DERIVATIVE 
   1  p0           1.06707e+00   1.78106e-03   1.64608e-06  -7.79547e-06
   2  p1           2.07989e-02   1.25645e-03   1.16123e-06   2.08712e-05
SaveSource cannot open file: /home/zhangfy/nl_target/toyMC/results/data_19250.C
1.06758	0.00392402
1.0731	0.00353067
1.07838	0.00351858
1.08244	0.00351905
1.07668	0.00341173
1.09616	0.00328968
1.11417	0.00348419
1.14458	0.00500314
 FCN=9.27796 FROM MIGRAD    STATUS=CONVERGED      36 CALLS          37 TOTAL
                     EDM=5.01748e-17    STRATEGY= 1      ERROR MATRIX ACCURATE 
  EXT PARAMETER                                   STEP         FIRST   
  NO.   NAME      VALUE            ERROR          SIZE      DERIVATIVE 
   1  p0           1.06932e+00   1.78182e-03   2.00868e-06   7.70922e-06
   2  p1           1.96892e-02   1.25348e-03   1.41307e-06   8.86246e-06
SaveSource cannot open file: /home/zhangfy/nl_target/toyMC/results/data_19251.C
1.07468	0.00395012
1.06998	0.0035204
1.07905	0.00352079
1.07787	0.00350421
1.08081	0.00342482
1.09229	0.00327808
1.11724	0.00349378
1.14566	0.00500784
 FCN=3.63445 FROM MIGRAD    STATUS=CONVERGED      36 CALLS          37 TOTAL
                     EDM=1.85124e-17    STRATEGY= 1      ERROR MATRIX ACCURATE 
  EXT PARAMETER                                   STEP         FIRST   
  NO.   NAME      VALUE            ERROR          SIZE      DERIVATIVE 
   1  p0           1.06921e+00   1.78262e-03   1.34920e-06   4.74060e-06
   2  p1           2.01168e-02   1.25528e-03   9.50074e-07   4.64154e-06
SaveSource cannot open file: /home/zhangfy/nl_target/toyMC/results/data_19252.C
1.06721	0.00392263
1.08175	0.00355912
1.06966	0.00349015
1.07644	0.00349953
1.08537	0.00343925
1.09269	0.00327928
1.12236	0.00350979
1.14321	0.00499714
 FCN=11.7701 FROM MIGRAD    STATUS=CONVERGED      36 CALLS          37 TOTAL
                     EDM=4.85934e-17    STRATEGY= 1      ERROR MATRIX ACCURATE 
  EXT PARAMETER                                   STEP         FIRST   
  NO.   NAME      VALUE            ERROR          SIZE      DERIVATIVE 
   1  p0           1.06895e+00   1.78192e-03   2.24065e-06   1.67476e-06
   2  p1           2.08991e-02   1.25550e-03   1.57871e-06   9.31100e-06
SaveSource cannot open file: /home/zhangfy/nl_target/toyMC/results/data_19253.C
1.06901	0.00392928
1.07256	0.00352888
1.07324	0.00350181
1.08048	0.00351269
1.07682	0.00341217
1.0895	0.00326971
1.11816	0.00349665
1.14142	0.00498932
 FCN=1.75664 FROM MIGRAD    STATUS=CONVERGED      36 CALLS          37 TOTAL
                     EDM=2.1494e-15    STRATEGY= 1      ERROR MATRIX ACCURATE 
  EXT PARAMETER                                   STEP         FIRST   
  NO.   NAME      VALUE            ERROR          SIZE      DERIVATIVE 
   1  p0           1.06720e+00   1.77900e-03   1.03880e-06   9.50133e-06
   2  p1           2.03045e-02   1.25281e-03   7.31546e-07  -4.20652e-05
SaveSource cannot open file: /home/zhangfy/nl_target/toyMC/results/data_19254.C
1.06021	0.00389693
1.07404	0.00353374
1.0769	0.00351377
1.0781	0.00350494
1.08352	0.00343338
1.09758	0.00329396
1.11844	0.00349753
1.15397	0.00504415
 FCN=13.5253 FROM MIGRAD    STATUS=CONVERGED      36 CALLS          37 TOTAL
                     EDM=4.57666e-16    STRATEGY= 1      ERROR MATRIX ACCURATE 
  EXT PARAMETER                                   STEP         FIRST   
  NO.   NAME      VALUE            ERROR          SIZE      DERIVATIVE 
   1  p0           1.06723e+00   1.78127e-03   2.38981e-06   2.39159e-06
   2  p1           2.27432e-02   1.25887e-03   1.68893e-06  -2.15638e-05
SaveSource cannot open file: /home/zhangfy/nl_target/toyMC/results/data_19255.C
1.06945	0.00393087
1.06708	0.00351085
1.07546	0.00350905
1.07967	0.00351006
1.07831	0.00341687
1.09066	0.00327319
1.11694	0.00349283
1.14709	0.0050141
 FCN=3.10902 FROM MIGRAD    STATUS=CONVERGED      36 CALLS          37 TOTAL
                     EDM=1.94409e-16    STRATEGY= 1      ERROR MATRIX ACCURATE 
  EXT PARAMETER                                   STEP         FIRST   
  NO.   NAME      VALUE            ERROR          SIZE      DERIVATIVE 
   1  p0           1.06628e+00   1.77888e-03   1.26837e-06   2.78798e-06
   2  p1           2.13338e-02   1.25496e-03   8.94805e-07  -1.27114e-05
SaveSource cannot open file: /home/zhangfy/nl_target/toyMC/results/data_19256.C
1.07694	0.00395842
1.07215	0.00352754
1.07272	0.00350011
1.08709	0.00353418
1.08184	0.00342806
1.08844	0.00326653
1.12027	0.00350324
1.15275	0.00503882
 FCN=8.87911 FROM MIGRAD    STATUS=CONVERGED      36 CALLS          37 TOTAL
                     EDM=2.85615e-16    STRATEGY= 1      ERROR MATRIX ACCURATE 
  EXT PARAMETER                                   STEP         FIRST   
  NO.   NAME      VALUE            ERROR          SIZE      DERIVATIVE 
   1  p0           1.06928e+00   1.78500e-03   1.97221e-06   3.82570e-06
   2  p1           2.13915e-02   1.26005e-03   1.39221e-06  -1.48007e-05
SaveSource cannot open file: /home/zhangfy/nl_target/toyMC/results/data_19257.C
1.06999	0.00393287
1.07108	0.00352401
1.0725	0.00349941
1.08106	0.00351456
1.08168	0.00342756
1.09653	0.00329079
1.11217	0.00347792
1.14308	0.00499658
 FCN=7.06022 FROM MIGRAD    STATUS=CONVERGED      36 CALLS          37 TOTAL
                     EDM=7.75417e-15    STRATEGY= 1      ERROR MATRIX ACCURATE 
  EXT PARAMETER                                   STEP         FIRST   
  NO.   NAME      VALUE            ERROR          SIZE      DERIVATIVE 
   1  p0           1.06901e+00   1.78054e-03   1.77786e-06  -6.52697e-05
   2  p1           1.94086e-02   1.25173e-03   1.24985e-06   9.25594e-06
SaveSource cannot open file: /home/zhangfy/nl_target/toyMC/results/data_19258.C
1.06777	0.00392471
1.07271	0.00352937
1.07655	0.00351263
1.08143	0.00351577
1.08104	0.00342554
1.09167	0.00327621
1.12067	0.00350449
1.15495	0.00504846
 FCN=2.91961 FROM MIGRAD    STATUS=CONVERGED      36 CALLS          37 TOTAL
                     EDM=2.17261e-15    STRATEGY= 1      ERROR MATRIX ACCURATE 
  EXT PARAMETER                                   STEP         FIRST   
  NO.   NAME      VALUE            ERROR          SIZE      DERIVATIVE 
   1  p0           1.06749e+00   1.78281e-03   1.24161e-06  -3.67691e-05
   2  p1           2.26535e-02   1.26064e-03   8.77951e-07   4.17305e-07
SaveSource cannot open file: /home/zhangfy/nl_target/toyMC/results/data_19259.C
1.07238	0.00394166
1.0716	0.00352573
1.06803	0.00348482
1.07416	0.00349213
1.08034	0.00342331
1.08877	0.00326752
1.12136	0.00350667
1.15035	0.00502834
 FCN=3.34777 FROM MIGRAD    STATUS=CONVERGED      36 CALLS          37 TOTAL
                     EDM=3.14349e-16    STRATEGY= 1      ERROR MATRIX ACCURATE 
  EXT PARAMETER                                   STEP         FIRST   
  NO.   NAME      VALUE            ERROR          SIZE      DERIVATIVE 
   1  p0           1.06472e+00   1.77839e-03   1.30463e-06  -1.93004e-05
   2  p1           2.29029e-02   1.25801e-03   9.22877e-07  -2.22014e-05
SaveSource cannot open file: /home/zhangfy/nl_target/toyMC/results/data_19260.C
1.0666	0.00392042
1.07308	0.00353058
1.07609	0.00351113
1.08076	0.00351361
1.08386	0.00343448
1.09151	0.00327574
1.12481	0.00351745
1.1515	0.00503336
 FCN=1.99576 FROM MIGRAD    STATUS=CONVERGED      34 CALLS          35 TOTAL
                     EDM=4.06703e-16    STRATEGY= 1      ERROR MATRIX ACCURATE 
  EXT PARAMETER                                   STEP         FIRST   
  NO.   NAME      VALUE            ERROR          SIZE      DERIVATIVE 
   1  p0           1.06774e+00   1.78252e-03   1.08594e-06   1.55651e-05
   2  p1           2.28861e-02   1.26020e-03   7.67734e-07  -8.74893e-07
SaveSource cannot open file: /home/zhangfy/nl_target/toyMC/results/data_19261.C
1.07004	0.00393305
1.07676	0.0035427
1.07352	0.00350273
1.08384	0.0035236
1.08387	0.0034345
1.09391	0.00328293
1.11746	0.00349446
1.14666	0.00501219
 FCN=3.42908 FROM MIGRAD    STATUS=CONVERGED      36 CALLS          37 TOTAL
                     EDM=3.91656e-15    STRATEGY= 1      ERROR MATRIX ACCURATE 
  EXT PARAMETER                                   STEP         FIRST   
  NO.   NAME      VALUE            ERROR          SIZE      DERIVATIVE 
   1  p0           1.07048e+00   1.78420e-03   1.32046e-06   4.82402e-05
   2  p1           2.00773e-02   1.25593e-03   9.29493e-07  -2.75438e-06
SaveSource cannot open file: /home/zhangfy/nl_target/toyMC/results/data_19262.C
1.07943	0.00396758
1.06977	0.00351969
1.0732	0.00350169
1.07884	0.00350735
1.07923	0.0034198
1.08859	0.00326696
1.11641	0.00349117
1.14198	0.00499174
 FCN=5.50049 FROM MIGRAD    STATUS=CONVERGED      36 CALLS          37 TOTAL
                     EDM=3.23552e-15    STRATEGY= 1      ERROR MATRIX ACCURATE 
  EXT PARAMETER                                   STEP         FIRST   
  NO.   NAME      VALUE            ERROR          SIZE      DERIVATIVE 
   1  p0           1.06856e+00   1.78114e-03   1.59597e-06  -1.26635e-05
   2  p1           1.94284e-02   1.25313e-03   1.12285e-06   5.03769e-05
SaveSource cannot open file: /home/zhangfy/nl_target/toyMC/results/data_19263.C
1.0767	0.00395754
1.07025	0.00352127
1.07209	0.00349808
1.07995	0.00351096
1.08157	0.00342722
1.08813	0.00326559
1.1235	0.00351337
1.13692	0.00496962
 FCN=6.81273 FROM MIGRAD    STATUS=CONVERGED      36 CALLS          37 TOTAL
                     EDM=8.5082e-17    STRATEGY= 1      ERROR MATRIX ACCURATE 
  EXT PARAMETER                                   STEP         FIRST   
  NO.   NAME      VALUE            ERROR          SIZE      DERIVATIVE 
   1  p0           1.06863e+00   1.78037e-03   1.75068e-06   7.96640e-06
   2  p1           2.00088e-02   1.25266e-03   1.23177e-06   1.37902e-06
SaveSource cannot open file: /home/zhangfy/nl_target/toyMC/results/data_19264.C
1.07067	0.00393537
1.06945	0.00351864
1.07401	0.00350433
1.08044	0.00351257
1.08245	0.00343002
1.09958	0.00329995
1.11808	0.00349641
1.15697	0.00505727
 FCN=9.24303 FROM MIGRAD    STATUS=CONVERGED      36 CALLS          37 TOTAL
                     EDM=2.37893e-15    STRATEGY= 1      ERROR MATRIX ACCURATE 
  EXT PARAMETER                                   STEP         FIRST   
  NO.   NAME      VALUE            ERROR          SIZE      DERIVATIVE 
   1  p0           1.06782e+00   1.78283e-03   2.00821e-06  -3.48621e-05
   2  p1           2.29099e-02   1.26057e-03   1.41994e-06   7.43100e-06
SaveSource cannot open file: /home/zhangfy/nl_target/toyMC/results/data_19265.C
1.07349	0.00394574
1.07102	0.00352382
1.07319	0.00350165
1.07967	0.00351006
1.08605	0.00344141
1.09575	0.00328847
1.12219	0.00350925
1.15178	0.00503459
 FCN=2.69671 FROM MIGRAD    STATUS=CONVERGED      36 CALLS          37 TOTAL
                     EDM=1.65733e-15    STRATEGY= 1      ERROR MATRIX ACCURATE 
  EXT PARAMETER                                   STEP         FIRST   
  NO.   NAME      VALUE            ERROR          SIZE      DERIVATIVE 
   1  p0           1.06883e+00   1.78355e-03   1.20693e-06  -4.12975e-05
   2  p1           2.23319e-02   1.25969e-03   8.52435e-07  -2.28508e-05
SaveSource cannot open file: /home/zhangfy/nl_target/toyMC/results/data_19266.C
1.07098	0.00393652
1.07092	0.00352349
1.07731	0.00351509
1.07862	0.00350662
1.0805	0.00342382
1.09287	0.00327981
1.11466	0.00348571
1.143	0.00499621
 FCN=2.3893 FROM MIGRAD    STATUS=CONVERGED      36 CALLS          37 TOTAL
                     EDM=1.2869e-16    STRATEGY= 1      ERROR MATRIX ACCURATE 
  EXT PARAMETER                                   STEP         FIRST   
  NO.   NAME      VALUE            ERROR          SIZE      DERIVATIVE 
   1  p0           1.06892e+00   1.78111e-03   1.15288e-06  -3.94340e-06
   2  p1           1.95243e-02   1.25279e-03   8.10909e-07  -1.60432e-05
SaveSource cannot open file: /home/zhangfy/nl_target/toyMC/results/data_19267.C
1.06493	0.00391426
1.07092	0.00352349
1.07568	0.00350979
1.0724	0.00348641
1.07879	0.00341841
1.09312	0.00328055
1.12304	0.0035119
1.14961	0.00502511
 FCN=4.60865 FROM MIGRAD    STATUS=CONVERGED      36 CALLS          37 TOTAL
                     EDM=1.50288e-16    STRATEGY= 1      ERROR MATRIX ACCURATE 
  EXT PARAMETER                                   STEP         FIRST   
  NO.   NAME      VALUE            ERROR          SIZE      DERIVATIVE 
   1  p0           1.06478e+00   1.77799e-03   1.48248e-06   4.82288e-07
   2  p1           2.33804e-02   1.25796e-03   1.04888e-06  -1.33009e-05
SaveSource cannot open file: /home/zhangfy/nl_target/toyMC/results/data_19268.C
1.06779	0.0039248
1.07198	0.00352696
1.0773	0.00351507
1.0768	0.00350071
1.08148	0.00342692
1.08907	0.00326841
1.11759	0.00349488
1.13522	0.00496218
 FCN=2.63882 FROM MIGRAD    STATUS=CONVERGED      36 CALLS          37 TOTAL
                     EDM=2.459e-16    STRATEGY= 1      ERROR MATRIX ACCURATE 
  EXT PARAMETER                                   STEP         FIRST   
  NO.   NAME      VALUE            ERROR          SIZE      DERIVATIVE 
   1  p0           1.06849e+00   1.77897e-03   1.19347e-06   9.63670e-06
   2  p1           1.89334e-02   1.24959e-03   8.38316e-07  -5.22456e-06
SaveSource cannot open file: /home/zhangfy/nl_target/toyMC/results/data_19269.C
1.07281	0.00394322
1.07153	0.0035255
1.06583	0.00347765
1.08519	0.00352799
1.08382	0.00343433
1.09665	0.00329116
1.11769	0.00349519
1.14648	0.00501144
 FCN=12.6923 FROM MIGRAD    STATUS=CONVERGED      36 CALLS          37 TOTAL
                     EDM=7.82588e-17    STRATEGY= 1      ERROR MATRIX ACCURATE 
  EXT PARAMETER                                   STEP         FIRST   
  NO.   NAME      VALUE            ERROR          SIZE      DERIVATIVE 
   1  p0           1.06870e+00   1.78135e-03   2.31988e-06  -5.64712e-06
   2  p1           2.10343e-02   1.25518e-03   1.63464e-06   2.56732e-06
SaveSource cannot open file: /home/zhangfy/nl_target/toyMC/results/data_19270.C
1.06579	0.00391742
1.07151	0.00352542
1.06689	0.00348109
1.07929	0.00350881
1.0749	0.00340607
1.08983	0.00327069
1.12006	0.00350259
1.14773	0.00501687
 FCN=4.02169 FROM MIGRAD    STATUS=CONVERGED      36 CALLS          37 TOTAL
                     EDM=9.98776e-16    STRATEGY= 1      ERROR MATRIX ACCURATE 
  EXT PARAMETER                                   STEP         FIRST   
  NO.   NAME      VALUE            ERROR          SIZE      DERIVATIVE 
   1  p0           1.06364e+00   1.77586e-03   1.40064e-06  -2.07675e-05
   2  p1           2.28532e-02   1.25568e-03   9.90374e-07   8.25515e-06
SaveSource cannot open file: /home/zhangfy/nl_target/toyMC/results/data_19271.C
1.07082	0.00393591
1.0752	0.00353757
1.07693	0.00351385
1.07883	0.00350733
1.08391	0.00343461
1.0908	0.00327359
1.12399	0.0035149
1.15499	0.00504863
 FCN=1.91725 FROM MIGRAD    STATUS=CONVERGED      36 CALLS          37 TOTAL
                     EDM=2.52828e-16    STRATEGY= 1      ERROR MATRIX ACCURATE 
  EXT PARAMETER                                   STEP         FIRST   
  NO.   NAME      VALUE            ERROR          SIZE      DERIVATIVE 
   1  p0           1.06845e+00   1.78465e-03   1.07221e-06   3.48227e-06
   2  p1           2.27693e-02   1.26222e-03   7.58331e-07   2.08735e-05
SaveSource cannot open file: /home/zhangfy/nl_target/toyMC/results/data_19272.C
1.07322	0.00394473
1.08243	0.00356135
1.07794	0.00351716
1.08432	0.00352517
1.079	0.00341908
1.09066	0.00327318
1.11782	0.0034956
1.14571	0.00500806
 FCN=7.30536 FROM MIGRAD    STATUS=CONVERGED      36 CALLS          37 TOTAL
                     EDM=1.30602e-16    STRATEGY= 1      ERROR MATRIX ACCURATE 
  EXT PARAMETER                                   STEP         FIRST   
  NO.   NAME      VALUE            ERROR          SIZE      DERIVATIVE 
   1  p0           1.07216e+00   1.78708e-03   1.80913e-06  -8.51664e-06
   2  p1           1.89205e-02   1.25659e-03   1.27208e-06   1.04731e-06
SaveSource cannot open file: /home/zhangfy/nl_target/toyMC/results/data_19273.C
1.0698	0.00393216
1.07021	0.00352114
1.07375	0.00350348
1.08194	0.00351743
1.07517	0.00340692
1.09595	0.00328906
1.12246	0.00351011
1.14768	0.00501665
 FCN=6.11196 FROM MIGRAD    STATUS=CONVERGED      36 CALLS          37 TOTAL
                     EDM=4.10338e-17    STRATEGY= 1      ERROR MATRIX ACCURATE 
  EXT PARAMETER                                   STEP         FIRST   
  NO.   NAME      VALUE            ERROR          SIZE      DERIVATIVE 
   1  p0           1.06689e+00   1.78010e-03   1.67120e-06  -6.56355e-06
   2  p1           2.24146e-02   1.25725e-03   1.18034e-06  -3.78873e-06
SaveSource cannot open file: /home/zhangfy/nl_target/toyMC/results/data_19274.C
1.07609	0.00395529
1.06486	0.00350356
1.07316	0.00350155
1.07915	0.00350837
1.07884	0.00341857
1.08948	0.00326963
1.11998	0.00350234
1.14507	0.00500526
 FCN=6.15637 FROM MIGRAD    STATUS=CONVERGED      36 CALLS          37 TOTAL
                     EDM=2.21848e-16    STRATEGY= 1      ERROR MATRIX ACCURATE 
  EXT PARAMETER                                   STEP         FIRST   
  NO.   NAME      VALUE            ERROR          SIZE      DERIVATIVE 
   1  p0           1.06639e+00   1.77900e-03   1.67417e-06   1.07669e-05
   2  p1           2.14261e-02   1.25511e-03   1.18115e-06  -2.09608e-06
SaveSource cannot open file: /home/zhangfy/nl_target/toyMC/results/data_19275.C
1.07135	0.00393785
1.06415	0.0035012
1.07557	0.00350942
1.07902	0.00350795
1.08121	0.00342607
1.08887	0.00326781
1.12036	0.00350353
1.14803	0.00501821
 FCN=5.01359 FROM MIGRAD    STATUS=CONVERGED      36 CALLS          37 TOTAL
                     EDM=2.00197e-16    STRATEGY= 1      ERROR MATRIX ACCURATE 
  EXT PARAMETER                                   STEP         FIRST   
  NO.   NAME      VALUE            ERROR          SIZE      DERIVATIVE 
   1  p0           1.06587e+00   1.77892e-03   1.53494e-06  -4.90252e-06
   2  p1           2.21477e-02   1.25647e-03   1.08415e-06  -1.99321e-05
SaveSource cannot open file: /home/zhangfy/nl_target/toyMC/results/data_19276.C
1.06912	0.00392968
1.06597	0.0035072
1.0768	0.00351345
1.08149	0.00351598
1.07894	0.00341889
1.09075	0.00327344
1.11571	0.00348899
1.14561	0.00500763
 FCN=5.63449 FROM MIGRAD    STATUS=CONVERGED      36 CALLS          37 TOTAL
                     EDM=2.4762e-15    STRATEGY= 1      ERROR MATRIX ACCURATE 
  EXT PARAMETER                                   STEP         FIRST   
  NO.   NAME      VALUE            ERROR          SIZE      DERIVATIVE 
   1  p0           1.06695e+00   1.77920e-03   1.61182e-06  -1.19741e-05
   2  p1           2.07317e-02   1.25387e-03   1.13591e-06  -6.65599e-05
SaveSource cannot open file: /home/zhangfy/nl_target/toyMC/results/data_19277.C
1.07244	0.00394187
1.07167	0.00352596
1.07478	0.00350686
1.07585	0.00349764
1.08229	0.0034295
1.09401	0.00328322
1.11524	0.00348751
1.15263	0.00503832
 FCN=5.78524 FROM MIGRAD    STATUS=CONVERGED      36 CALLS          37 TOTAL
                     EDM=3.24577e-16    STRATEGY= 1      ERROR MATRIX ACCURATE 
  EXT PARAMETER                                   STEP         FIRST   
  NO.   NAME      VALUE            ERROR          SIZE      DERIVATIVE 
   1  p0           1.06777e+00   1.78207e-03   1.63218e-06  -1.49387e-05
   2  p1           2.13746e-02   1.25774e-03   1.15195e-06  -1.34351e-06
SaveSource cannot open file: /home/zhangfy/nl_target/toyMC/results/data_19278.C
1.07025	0.00393382
1.06779	0.0035132
1.06782	0.00348413
1.07406	0.00349182
1.07681	0.00341212
1.08693	0.00326199
1.11924	0.00350005
1.15307	0.00504021
 FCN=2.55474 FROM MIGRAD    STATUS=CONVERGED      36 CALLS          37 TOTAL
                     EDM=1.79486e-16    STRATEGY= 1      ERROR MATRIX ACCURATE 
  EXT PARAMETER                                   STEP         FIRST   
  NO.   NAME      VALUE            ERROR          SIZE      DERIVATIVE 
   1  p0           1.06232e+00   1.77574e-03   1.17785e-06  -1.25191e-06
   2  p1           2.36601e-02   1.25806e-03   8.34469e-07   1.37808e-05
SaveSource cannot open file: /home/zhangfy/nl_target/toyMC/results/data_19279.C
1.07285	0.00394337
1.07363	0.00353242
1.07765	0.00351621
1.08324	0.00352166
1.0807	0.00342446
1.09433	0.00328421
1.11941	0.00350058
1.15257	0.00503804
 FCN=2.98282 FROM MIGRAD    STATUS=CONVERGED      36 CALLS          37 TOTAL
                     EDM=4.40632e-17    STRATEGY= 1      ERROR MATRIX ACCURATE 
  EXT PARAMETER                                   STEP         FIRST   
  NO.   NAME      VALUE            ERROR          SIZE      DERIVATIVE 
   1  p0           1.06987e+00   1.78528e-03   1.25287e-06  -2.92749e-06
   2  p1           2.13385e-02   1.25970e-03   8.84022e-07   3.94848e-06
SaveSource cannot open file: /home/zhangfy/nl_target/toyMC/results/data_19280.C
1.06989	0.00393249
1.07032	0.0035215
1.07861	0.00351933
1.07607	0.00349833
1.08247	0.00343006
1.09583	0.00328869
1.12262	0.00351061
1.14466	0.00500348
 FCN=4.67913 FROM MIGRAD    STATUS=CONVERGED      36 CALLS          37 TOTAL
                     EDM=2.17542e-15    STRATEGY= 1      ERROR MATRIX ACCURATE 
  EXT PARAMETER                                   STEP         FIRST   
  NO.   NAME      VALUE            ERROR          SIZE      DERIVATIVE 
   1  p0           1.06852e+00   1.78147e-03   1.49441e-06  -4.60162e-05
   2  p1           2.14886e-02   1.25611e-03   1.05371e-06  -2.19051e-05
SaveSource cannot open file: /home/zhangfy/nl_target/toyMC/results/data_19281.C
1.07083	0.00393595
1.06959	0.00351911
1.07233	0.00349886
1.08334	0.00352198
1.08004	0.00342238
1.09043	0.00327249
1.11757	0.00349482
1.14504	0.00500512
 FCN=2.8261 FROM MIGRAD    STATUS=CONVERGED      36 CALLS          37 TOTAL
                     EDM=1.73404e-17    STRATEGY= 1      ERROR MATRIX ACCURATE 
  EXT PARAMETER                                   STEP         FIRST   
  NO.   NAME      VALUE            ERROR          SIZE      DERIVATIVE 
   1  p0           1.06760e+00   1.78014e-03   1.22474e-06   4.54321e-06
   2  p1           2.07193e-02   1.25442e-03   8.63041e-07   3.78590e-06
SaveSource cannot open file: /home/zhangfy/nl_target/toyMC/results/data_19282.C
1.07118	0.00393723
1.0656	0.00350599
1.06982	0.00349065
1.08174	0.00351677
1.08288	0.00343136
1.08939	0.00326936
1.11469	0.0034858
1.15054	0.00502918
 FCN=8.15793 FROM MIGRAD    STATUS=CONVERGED      36 CALLS          37 TOTAL
                     EDM=9.06035e-18    STRATEGY= 1      ERROR MATRIX ACCURATE 
  EXT PARAMETER                                   STEP         FIRST   
  NO.   NAME      VALUE            ERROR          SIZE      DERIVATIVE 
   1  p0           1.06587e+00   1.77881e-03   1.89330e-06  -3.02345e-06
   2  p1           2.16194e-02   1.25570e-03   1.33652e-06  -4.37602e-06
SaveSource cannot open file: /home/zhangfy/nl_target/toyMC/results/data_19283.C
1.07237	0.0039416
1.07277	0.00352957
1.07353	0.00350276
1.0836	0.00352282
1.07996	0.00342211
1.08859	0.00326698
1.11648	0.00349141
1.14861	0.00502073
 FCN=3.99815 FROM MIGRAD    STATUS=CONVERGED      36 CALLS          37 TOTAL
                     EDM=7.52173e-17    STRATEGY= 1      ERROR MATRIX ACCURATE 
  EXT PARAMETER                                   STEP         FIRST   
  NO.   NAME      VALUE            ERROR          SIZE      DERIVATIVE 
   1  p0           1.06837e+00   1.78233e-03   1.40055e-06   5.17954e-06
   2  p1           2.05142e-02   1.25634e-03   9.87229e-07  -3.10498e-06
SaveSource cannot open file: /home/zhangfy/nl_target/toyMC/results/data_19284.C
1.06928	0.00393027
1.07429	0.00353457
1.07302	0.00350111
1.08271	0.00351994
1.07777	0.00341516
1.08607	0.00325939
1.12224	0.00350942
1.1494	0.00502418
 FCN=5.54414 FROM MIGRAD    STATUS=CONVERGED      34 CALLS          35 TOTAL
                     EDM=3.27534e-16    STRATEGY= 1      ERROR MATRIX ACCURATE 
  EXT PARAMETER                                   STEP         FIRST   
  NO.   NAME      VALUE            ERROR          SIZE      DERIVATIVE 
   1  p0           1.06669e+00   1.78105e-03   1.60226e-06   4.04383e-06
   2  p1           2.20326e-02   1.25836e-03   1.13205e-06  -1.59466e-05
SaveSource cannot open file: /home/zhangfy/nl_target/toyMC/results/data_19285.C
1.05828	0.00388984
1.06738	0.00351183
1.07666	0.00351299
1.07817	0.00350516
1.08725	0.0034452
1.08464	0.00325512
1.11744	0.00349441
1.15293	0.00503961
 FCN=18.7088 FROM MIGRAD    STATUS=CONVERGED      36 CALLS          37 TOTAL
                     EDM=4.04093e-15    STRATEGY= 1      ERROR MATRIX ACCURATE 
  EXT PARAMETER                                   STEP         FIRST   
  NO.   NAME      VALUE            ERROR          SIZE      DERIVATIVE 
   1  p0           1.06436e+00   1.77765e-03   2.77662e-06  -3.48027e-05
   2  p1           2.28238e-02   1.25728e-03   1.96383e-06   2.79728e-05
SaveSource cannot open file: /home/zhangfy/nl_target/toyMC/results/data_19286.C
1.0671	0.00392225
1.06544	0.00350547
1.07742	0.00351547
1.07157	0.00348373
1.08509	0.00343836
1.09228	0.00327805
1.12325	0.00351257
1.14517	0.00500571
 FCN=10.3188 FROM MIGRAD    STATUS=CONVERGED      36 CALLS          37 TOTAL
                     EDM=6.25482e-16    STRATEGY= 1      ERROR MATRIX ACCURATE 
  EXT PARAMETER                                   STEP         FIRST   
  NO.   NAME      VALUE            ERROR          SIZE      DERIVATIVE 
   1  p0           1.06564e+00   1.77778e-03   2.10626e-06   2.26129e-05
   2  p1           2.26134e-02   1.25570e-03   1.48772e-06   6.04471e-06
SaveSource cannot open file: /home/zhangfy/nl_target/toyMC/results/data_19287.C
1.07126	0.00393753
1.06867	0.00351608
1.07376	0.00350351
1.07777	0.00350386
1.07911	0.00341941
1.09839	0.00329638
1.12144	0.0035069
1.154	0.00504429
 FCN=5.60701 FROM MIGRAD    STATUS=CONVERGED      36 CALLS          37 TOTAL
                     EDM=7.42738e-17    STRATEGY= 1      ERROR MATRIX ACCURATE 
  EXT PARAMETER                                   STEP         FIRST   
  NO.   NAME      VALUE            ERROR          SIZE      DERIVATIVE 
   1  p0           1.06651e+00   1.78090e-03   1.61163e-06  -2.31189e-06
   2  p1           2.34141e-02   1.26002e-03   1.14026e-06   7.11742e-06
SaveSource cannot open file: /home/zhangfy/nl_target/toyMC/results/data_19288.C
1.07259	0.00394243
1.06924	0.00351796
1.07023	0.00349201
1.07497	0.00349478
1.08232	0.0034296
1.09586	0.0032888
1.11511	0.00348712
1.14808	0.00501843
 FCN=7.42258 FROM MIGRAD    STATUS=CONVERGED      36 CALLS          37 TOTAL
                     EDM=1.37006e-17    STRATEGY= 1      ERROR MATRIX ACCURATE 
  EXT PARAMETER                                   STEP         FIRST   
  NO.   NAME      VALUE            ERROR          SIZE      DERIVATIVE 
   1  p0           1.06677e+00   1.77925e-03   1.81670e-06   4.03461e-06
   2  p1           2.13060e-02   1.25488e-03   1.28129e-06   3.32558e-06
SaveSource cannot open file: /home/zhangfy/nl_target/toyMC/results/data_19289.C
1.07435	0.0039489
1.07598	0.00354013
1.07154	0.00349626
1.08441	0.00352544
1.07851	0.00341752
1.09283	0.00327971
1.11901	0.00349931
1.14742	0.00501555
 FCN=5.19369 FROM MIGRAD    STATUS=CONVERGED      36 CALLS          37 TOTAL
                     EDM=8.06751e-17    STRATEGY= 1      ERROR MATRIX ACCURATE 
  EXT PARAMETER                                   STEP         FIRST   
  NO.   NAME      VALUE            ERROR          SIZE      DERIVATIVE 
   1  p0           1.06947e+00   1.78360e-03   1.56077e-06   6.45744e-06
   2  p1           2.05921e-02   1.25689e-03   1.09986e-06   1.40127e-05
SaveSource cannot open file: /home/zhangfy/nl_target/toyMC/results/data_19290.C
1.07473	0.00395029
1.07122	0.00352447
1.07002	0.00349132
1.07705	0.00350153
1.0826	0.00343049
1.09348	0.00328163
1.11465	0.00348569
1.15092	0.00503082
 FCN=6.89896 FROM MIGRAD    STATUS=CONVERGED      36 CALLS          37 TOTAL
                     EDM=1.19918e-16    STRATEGY= 1      ERROR MATRIX ACCURATE 
  EXT PARAMETER                                   STEP         FIRST   
  NO.   NAME      VALUE            ERROR          SIZE      DERIVATIVE 
   1  p0           1.06746e+00   1.78115e-03   1.76020e-06   6.77789e-06
   2  p1           2.11553e-02   1.25655e-03   1.24177e-06  -3.53335e-06
SaveSource cannot open file: /home/zhangfy/nl_target/toyMC/results/data_19291.C
1.06665	0.0039206
1.07136	0.00352494
1.06745	0.00348294
1.078	0.00350463
1.08201	0.00342862
1.09068	0.00327325
1.12009	0.0035027
1.1382	0.00497522
 FCN=4.54317 FROM MIGRAD    STATUS=CONVERGED      36 CALLS          37 TOTAL
                     EDM=5.95691e-16    STRATEGY= 1      ERROR MATRIX ACCURATE 
  EXT PARAMETER                                   STEP         FIRST   
  NO.   NAME      VALUE            ERROR          SIZE      DERIVATIVE 
   1  p0           1.06606e+00   1.77633e-03   1.47228e-06   6.54694e-06
   2  p1           2.08825e-02   1.25110e-03   1.03695e-06  -2.03211e-05
SaveSource cannot open file: /home/zhangfy/nl_target/toyMC/results/data_19292.C
1.07054	0.0039349
1.07545	0.00353838
1.07437	0.00350549
1.07784	0.00350411
1.07696	0.00341262
1.08928	0.00326905
1.12288	0.00351142
1.15033	0.00502827
 FCN=3.33434 FROM MIGRAD    STATUS=CONVERGED      36 CALLS          37 TOTAL
                     EDM=1.22476e-17    STRATEGY= 1      ERROR MATRIX ACCURATE 
  EXT PARAMETER                                   STEP         FIRST   
  NO.   NAME      VALUE            ERROR          SIZE      DERIVATIVE 
   1  p0           1.06672e+00   1.78139e-03   1.30438e-06   3.19010e-06
   2  p1           2.23544e-02   1.25919e-03   9.22012e-07   9.21160e-07
SaveSource cannot open file: /home/zhangfy/nl_target/toyMC/results/data_19293.C
1.07348	0.00394568
1.07558	0.00353882
1.07709	0.00351439
1.0832	0.00352152
1.08274	0.00343093
1.09284	0.00327973
1.12221	0.0035093
1.1498	0.00502593
 FCN=0.604984 FROM MIGRAD    STATUS=CONVERGED      38 CALLS          39 TOTAL
                     EDM=1.53184e-16    STRATEGY= 1      ERROR MATRIX ACCURATE 
  EXT PARAMETER                                   STEP         FIRST   
  NO.   NAME      VALUE            ERROR          SIZE      DERIVATIVE 
   1  p0           1.07061e+00   1.78594e-03   7.95692e-07  -1.51798e-06
   2  p1           2.10985e-02   1.25944e-03   5.61123e-07  -1.53043e-05
SaveSource cannot open file: /home/zhangfy/nl_target/toyMC/results/data_19294.C
1.07229	0.00394133
1.07562	0.00353895
1.07399	0.00350427
1.08043	0.00351252
1.08428	0.00343579
1.08563	0.00325808
1.1166	0.00349179
1.14934	0.00502394
 FCN=5.94399 FROM MIGRAD    STATUS=CONVERGED      36 CALLS          37 TOTAL
                     EDM=3.10598e-16    STRATEGY= 1      ERROR MATRIX ACCURATE 
  EXT PARAMETER                                   STEP         FIRST   
  NO.   NAME      VALUE            ERROR          SIZE      DERIVATIVE 
   1  p0           1.06881e+00   1.78337e-03   1.65115e-06  -1.35689e-05
   2  p1           2.02810e-02   1.25700e-03   1.16381e-06   8.18497e-07
SaveSource cannot open file: /home/zhangfy/nl_target/toyMC/results/data_19295.C
1.07471	0.00395022
1.07315	0.00353082
1.07386	0.00350385
1.07901	0.0035079
1.07746	0.00341418
1.09552	0.00328776
1.12014	0.00350285
1.14539	0.00500666
 FCN=3.8592 FROM MIGRAD    STATUS=CONVERGED      36 CALLS          37 TOTAL
                     EDM=2.30346e-16    STRATEGY= 1      ERROR MATRIX ACCURATE 
  EXT PARAMETER                                   STEP         FIRST   
  NO.   NAME      VALUE            ERROR          SIZE      DERIVATIVE 
   1  p0           1.06869e+00   1.78203e-03   1.38185e-06  -7.23089e-06
   2  p1           2.09175e-02   1.25600e-03   9.73951e-07   8.29289e-06
SaveSource cannot open file: /home/zhangfy/nl_target/toyMC/results/data_19296.C
1.07031	0.00393406
1.07419	0.00353426
1.07219	0.00349841
1.07693	0.00350116
1.08126	0.00342622
1.09009	0.00327148
1.11968	0.00350141
1.14507	0.00500524
 FCN=0.819284 FROM MIGRAD    STATUS=CONVERGED      36 CALLS          37 TOTAL
                     EDM=7.77241e-17    STRATEGY= 1      ERROR MATRIX ACCURATE 
  EXT PARAMETER                                   STEP         FIRST   
  NO.   NAME      VALUE            ERROR          SIZE      DERIVATIVE 
   1  p0           1.06736e+00   1.78027e-03   8.44591e-07   5.10178e-06
   2  p1           2.10490e-02   1.25528e-03   5.95528e-07  -3.43631e-06
SaveSource cannot open file: /home/zhangfy/nl_target/toyMC/results/data_19297.C
1.07021	0.00393367
1.06674	0.00350974
1.07971	0.00352294
1.08054	0.00351289
1.08649	0.00344281
1.09034	0.00327222
1.12	0.0035024
1.14161	0.00499014
 FCN=7.53975 FROM MIGRAD    STATUS=CONVERGED      36 CALLS          37 TOTAL
                     EDM=1.82427e-16    STRATEGY= 1      ERROR MATRIX ACCURATE 
  EXT PARAMETER                                   STEP         FIRST   
  NO.   NAME      VALUE            ERROR          SIZE      DERIVATIVE 
   1  p0           1.06930e+00   1.78158e-03   1.83169e-06   7.08798e-06
   2  p1           2.01532e-02   1.25372e-03   1.28898e-06  -6.41166e-06
SaveSource cannot open file: /home/zhangfy/nl_target/toyMC/results/data_19298.C
1.06539	0.00391594
1.07405	0.00353379
1.07235	0.00349892
1.08155	0.00351615
1.08557	0.00343989
1.09096	0.00327408
1.11514	0.0034872
1.15721	0.00505834
 FCN=11.1598 FROM MIGRAD    STATUS=CONVERGED      36 CALLS          37 TOTAL
                     EDM=7.46815e-17    STRATEGY= 1      ERROR MATRIX ACCURATE 
  EXT PARAMETER                                   STEP         FIRST   
  NO.   NAME      VALUE            ERROR          SIZE      DERIVATIVE 
   1  p0           1.06726e+00   1.78232e-03   2.18549e-06  -2.85901e-06
   2  p1           2.21643e-02   1.25964e-03   1.54458e-06  -1.20612e-05
SaveSource cannot open file: /home/zhangfy/nl_target/toyMC/results/data_19299.C
