1.07598	0.00395487
1.07033	0.00352155
1.07882	0.00352003
1.07658	0.0035
1.08153	0.00342708
1.09417	0.00328372
1.11385	0.00348317
1.14081	0.00498666
 FCN=5.32672 FROM MIGRAD    STATUS=CONVERGED      36 CALLS          37 TOTAL
                     EDM=5.5956e-16    STRATEGY= 1      ERROR MATRIX ACCURATE 
  EXT PARAMETER                                   STEP         FIRST   
  NO.   NAME      VALUE            ERROR          SIZE      DERIVATIVE 
   1  p0           1.07030e+00   1.78244e-03   1.57583e-06   1.34298e-05
   2  p1           1.85936e-02   1.25188e-03   1.10677e-06  -9.63193e-06
SaveSource cannot open file: /home/zhangfy/nl_target/toyMC/results/data_19300.C
1.06248	0.00390527
1.06923	0.00351793
1.07738	0.00351533
1.08322	0.00352158
1.08068	0.0034244
1.08944	0.00326952
1.11892	0.00349903
1.1465	0.00501149
 FCN=7.80366 FROM MIGRAD    STATUS=CONVERGED      36 CALLS          37 TOTAL
                     EDM=1.65164e-14    STRATEGY= 1      ERROR MATRIX ACCURATE 
  EXT PARAMETER                                   STEP         FIRST   
  NO.   NAME      VALUE            ERROR          SIZE      DERIVATIVE 
   1  p0           1.06675e+00   1.77933e-03   1.85764e-06   3.69469e-05
   2  p1           2.15006e-02   1.25520e-03   1.31045e-06  -1.03478e-04
SaveSource cannot open file: /home/zhangfy/nl_target/toyMC/results/data_19301.C
1.07411	0.00394803
1.07285	0.00352984
1.07799	0.00351732
1.07678	0.00350065
1.0809	0.0034251
1.08847	0.00326661
1.11769	0.00349519
1.14731	0.00501504
 FCN=3.22264 FROM MIGRAD    STATUS=CONVERGED      36 CALLS          37 TOTAL
                     EDM=9.22331e-16    STRATEGY= 1      ERROR MATRIX ACCURATE 
  EXT PARAMETER                                   STEP         FIRST   
  NO.   NAME      VALUE            ERROR          SIZE      DERIVATIVE 
   1  p0           1.06862e+00   1.78272e-03   1.28741e-06   2.30856e-05
   2  p1           2.03364e-02   1.25637e-03   9.07300e-07  -2.01291e-06
SaveSource cannot open file: /home/zhangfy/nl_target/toyMC/results/data_19302.C
1.06913	0.0039297
1.06848	0.00351545
1.0769	0.00351376
1.07694	0.00350117
1.08777	0.00344687
1.09068	0.00327323
1.12258	0.00351046
1.14315	0.00499687
 FCN=6.41434 FROM MIGRAD    STATUS=CONVERGED      36 CALLS          37 TOTAL
                     EDM=3.38765e-16    STRATEGY= 1      ERROR MATRIX ACCURATE 
  EXT PARAMETER                                   STEP         FIRST   
  NO.   NAME      VALUE            ERROR          SIZE      DERIVATIVE 
   1  p0           1.06818e+00   1.78067e-03   1.70660e-06   5.31888e-06
   2  p1           2.12356e-02   1.25509e-03   1.20288e-06   2.52432e-05
SaveSource cannot open file: /home/zhangfy/nl_target/toyMC/results/data_19303.C
1.06182	0.00390282
1.07173	0.00352616
1.07861	0.00351933
1.07639	0.00349938
1.08456	0.0034367
1.09281	0.00327962
1.12132	0.00350653
1.1539	0.00504386
 FCN=8.58067 FROM MIGRAD    STATUS=CONVERGED      36 CALLS          37 TOTAL
                     EDM=9.95361e-16    STRATEGY= 1      ERROR MATRIX ACCURATE 
  EXT PARAMETER                                   STEP         FIRST   
  NO.   NAME      VALUE            ERROR          SIZE      DERIVATIVE 
   1  p0           1.06646e+00   1.78087e-03   1.94027e-06   1.09451e-05
   2  p1           2.31993e-02   1.25978e-03   1.37254e-06  -2.28914e-05
SaveSource cannot open file: /home/zhangfy/nl_target/toyMC/results/data_19304.C
1.071	0.00393657
1.07145	0.00352523
1.0804	0.00352517
1.08375	0.00352333
1.08356	0.00343352
1.09068	0.00327324
1.11112	0.00347463
1.14424	0.00500163
 FCN=7.2436 FROM MIGRAD    STATUS=CONVERGED      36 CALLS          37 TOTAL
                     EDM=9.65496e-18    STRATEGY= 1      ERROR MATRIX ACCURATE 
  EXT PARAMETER                                   STEP         FIRST   
  NO.   NAME      VALUE            ERROR          SIZE      DERIVATIVE 
   1  p0           1.07104e+00   1.78398e-03   1.79945e-06   2.33219e-06
   2  p1           1.82359e-02   1.25275e-03   1.26361e-06   4.87454e-06
SaveSource cannot open file: /home/zhangfy/nl_target/toyMC/results/data_19305.C
1.06696	0.00392174
1.06651	0.00350897
1.07272	0.00350014
1.08011	0.00351149
1.07517	0.00340693
1.08127	0.00324501
1.12039	0.00350361
1.14232	0.00499325
 FCN=7.88994 FROM MIGRAD    STATUS=CONVERGED      36 CALLS          37 TOTAL
                     EDM=1.08528e-17    STRATEGY= 1      ERROR MATRIX ACCURATE 
  EXT PARAMETER                                   STEP         FIRST   
  NO.   NAME      VALUE            ERROR          SIZE      DERIVATIVE 
   1  p0           1.06357e+00   1.77501e-03   1.86152e-06   3.47228e-06
   2  p1           2.16580e-02   1.25315e-03   1.31422e-06   4.53813e-06
SaveSource cannot open file: /home/zhangfy/nl_target/toyMC/results/data_19306.C
1.07895	0.0039658
1.06717	0.00351116
1.07147	0.00349606
1.07824	0.00350539
1.07948	0.00342061
1.09279	0.00327957
1.11239	0.00347861
1.14564	0.00500774
 FCN=10.3174 FROM MIGRAD    STATUS=CONVERGED      36 CALLS          37 TOTAL
                     EDM=4.93768e-15    STRATEGY= 1      ERROR MATRIX ACCURATE 
  EXT PARAMETER                                   STEP         FIRST   
  NO.   NAME      VALUE            ERROR          SIZE      DERIVATIVE 
   1  p0           1.06784e+00   1.78030e-03   2.10516e-06   8.45708e-06
   2  p1           1.98119e-02   1.25326e-03   1.48195e-06  -7.04811e-05
SaveSource cannot open file: /home/zhangfy/nl_target/toyMC/results/data_19307.C
1.07144	0.00393819
1.08185	0.00355943
1.07576	0.00351006
1.08158	0.00351625
1.08201	0.00342861
1.09236	0.00327827
1.11813	0.00349657
1.1469	0.00501328
 FCN=4.89014 FROM MIGRAD    STATUS=CONVERGED      36 CALLS          37 TOTAL
                     EDM=6.32193e-17    STRATEGY= 1      ERROR MATRIX ACCURATE 
  EXT PARAMETER                                   STEP         FIRST   
  NO.   NAME      VALUE            ERROR          SIZE      DERIVATIVE 
   1  p0           1.07134e+00   1.78601e-03   1.52336e-06  -8.73832e-06
   2  p1           1.96327e-02   1.25690e-03   1.07206e-06  -8.21645e-06
SaveSource cannot open file: /home/zhangfy/nl_target/toyMC/results/data_19308.C
1.07189	0.00393984
1.07652	0.0035419
1.0706	0.0034932
1.078	0.00350462
1.08349	0.0034333
1.09321	0.00328084
1.11659	0.00349176
1.15185	0.00503492
 FCN=5.72936 FROM MIGRAD    STATUS=CONVERGED      36 CALLS          37 TOTAL
                     EDM=1.17577e-15    STRATEGY= 1      ERROR MATRIX ACCURATE 
  EXT PARAMETER                                   STEP         FIRST   
  NO.   NAME      VALUE            ERROR          SIZE      DERIVATIVE 
   1  p0           1.06837e+00   1.78285e-03   1.62617e-06   2.02085e-05
   2  p1           2.12606e-02   1.25797e-03   1.14742e-06  -1.26946e-05
SaveSource cannot open file: /home/zhangfy/nl_target/toyMC/results/data_19309.C
1.07856	0.00396436
1.0709	0.00352343
1.0781	0.00351769
1.07683	0.0035008
1.07571	0.00340865
1.09173	0.00327638
1.11942	0.00350058
1.1437	0.00499928
 FCN=7.95407 FROM MIGRAD    STATUS=CONVERGED      36 CALLS          37 TOTAL
                     EDM=3.91427e-16    STRATEGY= 1      ERROR MATRIX ACCURATE 
  EXT PARAMETER                                   STEP         FIRST   
  NO.   NAME      VALUE            ERROR          SIZE      DERIVATIVE 
   1  p0           1.06877e+00   1.78219e-03   1.87470e-06  -6.62686e-06
   2  p1           2.01654e-02   1.25522e-03   1.32039e-06   1.47062e-05
SaveSource cannot open file: /home/zhangfy/nl_target/toyMC/results/data_19310.C
1.06914	0.00392974
1.07406	0.00353382
1.07653	0.00351254
1.07847	0.00350614
1.07797	0.0034158
1.09518	0.00328674
1.11504	0.00348689
1.14563	0.00500773
 FCN=5.02959 FROM MIGRAD    STATUS=CONVERGED      36 CALLS          37 TOTAL
                     EDM=1.83888e-15    STRATEGY= 1      ERROR MATRIX ACCURATE 
  EXT PARAMETER                                   STEP         FIRST   
  NO.   NAME      VALUE            ERROR          SIZE      DERIVATIVE 
   1  p0           1.06863e+00   1.78142e-03   1.53813e-06  -2.58621e-05
   2  p1           2.01260e-02   1.25427e-03   1.08297e-06   1.49878e-05
SaveSource cannot open file: /home/zhangfy/nl_target/toyMC/results/data_19311.C
1.07293	0.00394366
1.07257	0.00352893
1.06918	0.00348859
1.07541	0.0034962
1.07988	0.00342185
1.09182	0.00327665
1.11579	0.00348925
1.14245	0.00499379
 FCN=3.07561 FROM MIGRAD    STATUS=CONVERGED      36 CALLS          37 TOTAL
                     EDM=1.4034e-15    STRATEGY= 1      ERROR MATRIX ACCURATE 
  EXT PARAMETER                                   STEP         FIRST   
  NO.   NAME      VALUE            ERROR          SIZE      DERIVATIVE 
   1  p0           1.06698e+00   1.77865e-03   1.26279e-06   3.53945e-05
   2  p1           2.02463e-02   1.25250e-03   8.89238e-07   1.29907e-05
SaveSource cannot open file: /home/zhangfy/nl_target/toyMC/results/data_19312.C
1.07468	0.00395012
1.0685	0.00351554
1.07631	0.00351184
1.07357	0.00349021
1.08243	0.00342993
1.09682	0.00329168
1.12199	0.00350863
1.15717	0.00505814
 FCN=8.13607 FROM MIGRAD    STATUS=CONVERGED      36 CALLS          37 TOTAL
                     EDM=7.15527e-16    STRATEGY= 1      ERROR MATRIX ACCURATE 
  EXT PARAMETER                                   STEP         FIRST   
  NO.   NAME      VALUE            ERROR          SIZE      DERIVATIVE 
   1  p0           1.06692e+00   1.78259e-03   1.89622e-06   1.80097e-05
   2  p1           2.36218e-02   1.26215e-03   1.34261e-06  -6.07948e-06
SaveSource cannot open file: /home/zhangfy/nl_target/toyMC/results/data_19313.C
1.06902	0.00392929
1.07293	0.00353009
1.06946	0.00348948
1.08407	0.00352434
1.08415	0.0034354
1.09286	0.00327978
1.12035	0.0035035
1.15348	0.005042
 FCN=5.43843 FROM MIGRAD    STATUS=CONVERGED      36 CALLS          37 TOTAL
                     EDM=7.68999e-17    STRATEGY= 1      ERROR MATRIX ACCURATE 
  EXT PARAMETER                                   STEP         FIRST   
  NO.   NAME      VALUE            ERROR          SIZE      DERIVATIVE 
   1  p0           1.06761e+00   1.78222e-03   1.59136e-06  -7.67420e-07
   2  p1           2.25705e-02   1.25956e-03   1.12467e-06   9.06204e-06
SaveSource cannot open file: /home/zhangfy/nl_target/toyMC/results/data_19314.C
1.07665	0.00395734
1.06882	0.00351657
1.07611	0.00351118
1.08093	0.00351416
1.08194	0.00342839
1.09657	0.00329093
1.11903	0.00349938
1.15322	0.00504087
 FCN=6.40251 FROM MIGRAD    STATUS=CONVERGED      36 CALLS          37 TOTAL
                     EDM=6.83477e-17    STRATEGY= 1      ERROR MATRIX ACCURATE 
  EXT PARAMETER                                   STEP         FIRST   
  NO.   NAME      VALUE            ERROR          SIZE      DERIVATIVE 
   1  p0           1.06919e+00   1.78427e-03   1.70764e-06   5.53148e-06
   2  p1           2.17805e-02   1.25962e-03   1.20552e-06  -1.93399e-06
SaveSource cannot open file: /home/zhangfy/nl_target/toyMC/results/data_19315.C
1.06887	0.00392875
1.07388	0.00353321
1.07485	0.00350707
1.07966	0.00351001
1.08186	0.00342813
1.09451	0.00328474
1.12014	0.00350284
1.1604	0.00507227
 FCN=4.73974 FROM MIGRAD    STATUS=CONVERGED      36 CALLS          37 TOTAL
                     EDM=5.65682e-15    STRATEGY= 1      ERROR MATRIX ACCURATE 
  EXT PARAMETER                                   STEP         FIRST   
  NO.   NAME      VALUE            ERROR          SIZE      DERIVATIVE 
   1  p0           1.06728e+00   1.78372e-03   1.50334e-06   2.13206e-05
   2  p1           2.35135e-02   1.26320e-03   1.06464e-06  -6.04833e-05
SaveSource cannot open file: /home/zhangfy/nl_target/toyMC/results/data_19316.C
1.07007	0.00393315
1.06989	0.00352009
1.07352	0.00350272
1.07718	0.00350195
1.0782	0.00341652
1.09129	0.00327507
1.11862	0.00349809
1.14092	0.00498714
 FCN=0.907136 FROM MIGRAD    STATUS=CONVERGED      36 CALLS          37 TOTAL
                     EDM=1.48165e-17    STRATEGY= 1      ERROR MATRIX ACCURATE 
  EXT PARAMETER                                   STEP         FIRST   
  NO.   NAME      VALUE            ERROR          SIZE      DERIVATIVE 
   1  p0           1.06674e+00   1.77812e-03   8.63918e-07  -4.35435e-07
   2  p1           2.06154e-02   1.25250e-03   6.08536e-07   3.89467e-06
SaveSource cannot open file: /home/zhangfy/nl_target/toyMC/results/data_19317.C
1.07393	0.00394736
1.07627	0.0035411
1.08045	0.00352535
1.07774	0.00350376
1.08121	0.00342607
1.09141	0.00327544
1.12083	0.00350501
1.14901	0.00502249
 FCN=3.49279 FROM MIGRAD    STATUS=CONVERGED      34 CALLS          35 TOTAL
                     EDM=1.75598e-15    STRATEGY= 1      ERROR MATRIX ACCURATE 
  EXT PARAMETER                                   STEP         FIRST   
  NO.   NAME      VALUE            ERROR          SIZE      DERIVATIVE 
   1  p0           1.07021e+00   1.78545e-03   1.33029e-06   3.47767e-06
   2  p1           2.06720e-02   1.25873e-03   9.37843e-07  -4.35226e-05
SaveSource cannot open file: /home/zhangfy/nl_target/toyMC/results/data_19318.C
1.07452	0.00394952
1.07669	0.00354249
1.06736	0.00348265
1.08153	0.0035161
1.08049	0.0034238
1.09555	0.00328787
1.11865	0.0034982
1.14993	0.00502652
 FCN=8.82179 FROM MIGRAD    STATUS=CONVERGED      36 CALLS          37 TOTAL
                     EDM=1.83289e-15    STRATEGY= 1      ERROR MATRIX ACCURATE 
  EXT PARAMETER                                   STEP         FIRST   
  NO.   NAME      VALUE            ERROR          SIZE      DERIVATIVE 
   1  p0           1.06869e+00   1.78289e-03   1.96537e-06   5.35293e-06
   2  p1           2.13617e-02   1.25775e-03   1.38648e-06   5.30896e-05
SaveSource cannot open file: /home/zhangfy/nl_target/toyMC/results/data_19319.C
1.06652	0.00392011
1.06903	0.00351728
1.07403	0.0035044
1.08077	0.00351364
1.08236	0.0034297
1.08703	0.00326227
1.11788	0.00349577
1.14781	0.00501725
 FCN=3.53363 FROM MIGRAD    STATUS=CONVERGED      36 CALLS          37 TOTAL
                     EDM=1.83223e-16    STRATEGY= 1      ERROR MATRIX ACCURATE 
  EXT PARAMETER                                   STEP         FIRST   
  NO.   NAME      VALUE            ERROR          SIZE      DERIVATIVE 
   1  p0           1.06620e+00   1.77909e-03   1.33239e-06  -5.05786e-06
   2  p1           2.15057e-02   1.25556e-03   9.40309e-07   9.37476e-06
SaveSource cannot open file: /home/zhangfy/nl_target/toyMC/results/data_19320.C
1.06733	0.00392307
1.07335	0.00353149
1.07393	0.00350407
1.07521	0.00349554
1.08392	0.00343465
1.09206	0.00327737
1.11444	0.00348501
1.1478	0.00501718
 FCN=5.03088 FROM MIGRAD    STATUS=CONVERGED      36 CALLS          37 TOTAL
                     EDM=1.36792e-17    STRATEGY= 1      ERROR MATRIX ACCURATE 
  EXT PARAMETER                                   STEP         FIRST   
  NO.   NAME      VALUE            ERROR          SIZE      DERIVATIVE 
   1  p0           1.06742e+00   1.78023e-03   1.53736e-06   3.67436e-06
   2  p1           2.06925e-02   1.25474e-03   1.08356e-06   1.80536e-06
SaveSource cannot open file: /home/zhangfy/nl_target/toyMC/results/data_19321.C
1.07518	0.00395195
1.07254	0.00352881
1.07115	0.00349501
1.08278	0.00352017
1.08289	0.0034314
1.09511	0.00328654
1.11832	0.00349715
1.14295	0.00499601
 FCN=3.87896 FROM MIGRAD    STATUS=CONVERGED      34 CALLS          35 TOTAL
                     EDM=2.42373e-16    STRATEGY= 1      ERROR MATRIX ACCURATE 
  EXT PARAMETER                                   STEP         FIRST   
  NO.   NAME      VALUE            ERROR          SIZE      DERIVATIVE 
   1  p0           1.07007e+00   1.78275e-03   1.38520e-06  -9.53134e-06
   2  p1           1.99308e-02   1.25420e-03   9.74509e-07  -2.39872e-05
SaveSource cannot open file: /home/zhangfy/nl_target/toyMC/results/data_19322.C
1.07265	0.00394265
1.07172	0.00352613
1.08053	0.00352562
1.08371	0.00352319
1.08512	0.00343845
1.09617	0.00328973
1.11506	0.00348696
1.15006	0.00502708
 FCN=7.16914 FROM MIGRAD    STATUS=CONVERGED      36 CALLS          37 TOTAL
                     EDM=8.33289e-16    STRATEGY= 1      ERROR MATRIX ACCURATE 
  EXT PARAMETER                                   STEP         FIRST   
  NO.   NAME      VALUE            ERROR          SIZE      DERIVATIVE 
   1  p0           1.07168e+00   1.78632e-03   1.79488e-06   2.46863e-05
   2  p1           1.98172e-02   1.25716e-03   1.26318e-06   3.93049e-06
SaveSource cannot open file: /home/zhangfy/nl_target/toyMC/results/data_19323.C
1.07281	0.00394322
1.07399	0.00353359
1.07391	0.00350402
1.07745	0.00350284
1.0848	0.00343746
1.09598	0.00328914
1.11856	0.00349791
1.14697	0.00501357
 FCN=3.01871 FROM MIGRAD    STATUS=CONVERGED      34 CALLS          35 TOTAL
                     EDM=5.01536e-16    STRATEGY= 1      ERROR MATRIX ACCURATE 
  EXT PARAMETER                                   STEP         FIRST   
  NO.   NAME      VALUE            ERROR          SIZE      DERIVATIVE 
   1  p0           1.06960e+00   1.78317e-03   1.25749e-06   2.71142e-06
   2  p1           2.07121e-02   1.25628e-03   8.85930e-07   2.77264e-05
SaveSource cannot open file: /home/zhangfy/nl_target/toyMC/results/data_19324.C
1.07264	0.00394259
1.07461	0.00353564
1.07499	0.00350752
1.08211	0.00351798
1.07543	0.00340775
1.09305	0.00328035
1.1245	0.00351649
1.14719	0.00501452
 FCN=5.27984 FROM MIGRAD    STATUS=CONVERGED      36 CALLS          37 TOTAL
                     EDM=8.57747e-17    STRATEGY= 1      ERROR MATRIX ACCURATE 
  EXT PARAMETER                                   STEP         FIRST   
  NO.   NAME      VALUE            ERROR          SIZE      DERIVATIVE 
   1  p0           1.06834e+00   1.78262e-03   1.57172e-06   7.52148e-06
   2  p1           2.18639e-02   1.25840e-03   1.10952e-06   3.60229e-07
SaveSource cannot open file: /home/zhangfy/nl_target/toyMC/results/data_19325.C
1.07301	0.00394396
1.07082	0.00352314
1.06863	0.00348678
1.07876	0.00350708
1.07786	0.00341546
1.0889	0.00326791
1.11869	0.00349832
1.15413	0.00504486
 FCN=4.68864 FROM MIGRAD    STATUS=CONVERGED      36 CALLS          37 TOTAL
                     EDM=7.47471e-17    STRATEGY= 1      ERROR MATRIX ACCURATE 
  EXT PARAMETER                                   STEP         FIRST   
  NO.   NAME      VALUE            ERROR          SIZE      DERIVATIVE 
   1  p0           1.06500e+00   1.77949e-03   1.49261e-06   4.80950e-06
   2  p1           2.28324e-02   1.25914e-03   1.05615e-06  -3.67079e-06
SaveSource cannot open file: /home/zhangfy/nl_target/toyMC/results/data_19326.C
1.07082	0.00393592
1.07338	0.0035316
1.07084	0.00349399
1.07793	0.00350439
1.09181	0.00345966
1.08982	0.00327067
1.12627	0.003522
1.14471	0.00500369
 FCN=11.4676 FROM MIGRAD    STATUS=CONVERGED      36 CALLS          37 TOTAL
                     EDM=4.74503e-17    STRATEGY= 1      ERROR MATRIX ACCURATE 
  EXT PARAMETER                                   STEP         FIRST   
  NO.   NAME      VALUE            ERROR          SIZE      DERIVATIVE 
   1  p0           1.06873e+00   1.78219e-03   2.21538e-06   5.12369e-06
   2  p1           2.18562e-02   1.25731e-03   1.56292e-06   1.07434e-05
SaveSource cannot open file: /home/zhangfy/nl_target/toyMC/results/data_19327.C
1.07137	0.00393794
1.07016	0.00352099
1.08159	0.00352907
1.08522	0.0035281
1.08207	0.00342878
1.0949	0.0032859
1.12019	0.003503
1.15189	0.00503506
 FCN=6.66162 FROM MIGRAD    STATUS=CONVERGED      34 CALLS          35 TOTAL
                     EDM=6.26136e-18    STRATEGY= 1      ERROR MATRIX ACCURATE 
  EXT PARAMETER                                   STEP         FIRST   
  NO.   NAME      VALUE            ERROR          SIZE      DERIVATIVE 
   1  p0           1.07038e+00   1.78562e-03   1.73849e-06  -2.57873e-06
   2  p1           2.13298e-02   1.25954e-03   1.22629e-06  -3.51456e-06
SaveSource cannot open file: /home/zhangfy/nl_target/toyMC/results/data_19328.C
1.07186	0.00393974
1.07479	0.00353623
1.07549	0.00350917
1.08529	0.00352832
1.08044	0.00342363
1.09557	0.00328791
1.12053	0.00350407
1.15403	0.00504443
 FCN=4.21435 FROM MIGRAD    STATUS=CONVERGED      36 CALLS          37 TOTAL
                     EDM=1.17369e-15    STRATEGY= 1      ERROR MATRIX ACCURATE 
  EXT PARAMETER                                   STEP         FIRST   
  NO.   NAME      VALUE            ERROR          SIZE      DERIVATIVE 
   1  p0           1.06977e+00   1.78546e-03   1.43409e-06   1.15041e-05
   2  p1           2.18762e-02   1.26072e-03   1.01261e-06  -2.52940e-05
SaveSource cannot open file: /home/zhangfy/nl_target/toyMC/results/data_19329.C
1.06837	0.00392691
1.07274	0.00352949
1.07714	0.00351454
1.08749	0.00353546
1.07707	0.00341297
1.0993	0.0032991
1.12338	0.00351297
1.14793	0.00501778
 FCN=11.5755 FROM MIGRAD    STATUS=CONVERGED      36 CALLS          37 TOTAL
                     EDM=3.12293e-17    STRATEGY= 1      ERROR MATRIX ACCURATE 
  EXT PARAMETER                                   STEP         FIRST   
  NO.   NAME      VALUE            ERROR          SIZE      DERIVATIVE 
   1  p0           1.06973e+00   1.78371e-03   2.22696e-06  -3.29234e-06
   2  p1           2.18503e-02   1.25825e-03   1.57092e-06  -8.53737e-06
SaveSource cannot open file: /home/zhangfy/nl_target/toyMC/results/data_19330.C
1.0777	0.00396122
1.07523	0.00353766
1.06866	0.00348689
1.08425	0.00352495
1.07949	0.00342063
1.0954	0.0032874
1.1211	0.00350586
1.14258	0.00499438
 FCN=9.12516 FROM MIGRAD    STATUS=CONVERGED      36 CALLS          37 TOTAL
                     EDM=5.70958e-15    STRATEGY= 1      ERROR MATRIX ACCURATE 
  EXT PARAMETER                                   STEP         FIRST   
  NO.   NAME      VALUE            ERROR          SIZE      DERIVATIVE 
   1  p0           1.07017e+00   1.78328e-03   1.99619e-06  -4.41599e-05
   2  p1           2.02277e-02   1.25516e-03   1.40502e-06   2.86362e-05
SaveSource cannot open file: /home/zhangfy/nl_target/toyMC/results/data_19331.C
1.06883	0.00392861
1.07067	0.00352265
1.07273	0.00350016
1.07709	0.00350165
1.08562	0.00344006
1.09407	0.00328342
1.11145	0.00347568
1.14985	0.00502617
 FCN=9.82287 FROM MIGRAD    STATUS=CONVERGED      36 CALLS          37 TOTAL
                     EDM=1.37577e-17    STRATEGY= 1      ERROR MATRIX ACCURATE 
  EXT PARAMETER                                   STEP         FIRST   
  NO.   NAME      VALUE            ERROR          SIZE      DERIVATIVE 
   1  p0           1.06774e+00   1.78060e-03   2.05980e-06   4.02523e-06
   2  p1           2.05328e-02   1.25468e-03   1.45142e-06   4.70887e-06
SaveSource cannot open file: /home/zhangfy/nl_target/toyMC/results/data_19332.C
1.06494	0.0039143
1.07462	0.00353565
1.07247	0.0034993
1.07718	0.00350196
1.08154	0.00342711
1.0871	0.00326249
1.12162	0.00350748
1.15051	0.00502906
 FCN=3.83288 FROM MIGRAD    STATUS=CONVERGED      36 CALLS          37 TOTAL
                     EDM=1.4e-16    STRATEGY= 1      ERROR MATRIX ACCURATE 
  EXT PARAMETER                                   STEP         FIRST   
  NO.   NAME      VALUE            ERROR          SIZE      DERIVATIVE 
   1  p0           1.06552e+00   1.77944e-03   1.37621e-06   7.15809e-06
   2  p1           2.26644e-02   1.25825e-03   9.73121e-07  -4.10036e-06
SaveSource cannot open file: /home/zhangfy/nl_target/toyMC/results/data_19333.C
1.07167	0.00393902
1.06807	0.00351412
1.07598	0.00351077
1.08253	0.00351935
1.07981	0.00342164
1.09628	0.00329004
1.12236	0.00350978
1.15036	0.00502839
 FCN=4.41327 FROM MIGRAD    STATUS=CONVERGED      36 CALLS          37 TOTAL
                     EDM=3.39714e-16    STRATEGY= 1      ERROR MATRIX ACCURATE 
  EXT PARAMETER                                   STEP         FIRST   
  NO.   NAME      VALUE            ERROR          SIZE      DERIVATIVE 
   1  p0           1.06801e+00   1.78214e-03   1.45958e-06   4.49086e-06
   2  p1           2.24561e-02   1.25881e-03   1.03097e-06  -1.57870e-05
SaveSource cannot open file: /home/zhangfy/nl_target/toyMC/results/data_19334.C
1.07018	0.00393356
1.07341	0.00353167
1.06853	0.00348647
1.0791	0.00350821
1.08444	0.00343631
1.08999	0.00327118
1.11861	0.00349806
1.14097	0.00498733
 FCN=3.72495 FROM MIGRAD    STATUS=CONVERGED      36 CALLS          37 TOTAL
                     EDM=9.69955e-17    STRATEGY= 1      ERROR MATRIX ACCURATE 
  EXT PARAMETER                                   STEP         FIRST   
  NO.   NAME      VALUE            ERROR          SIZE      DERIVATIVE 
   1  p0           1.06780e+00   1.77944e-03   1.36075e-06  -8.60357e-06
   2  p1           2.02863e-02   1.25267e-03   9.57920e-07  -1.68633e-06
SaveSource cannot open file: /home/zhangfy/nl_target/toyMC/results/data_19335.C
1.07525	0.0039522
1.07524	0.00353771
1.07423	0.00350505
1.08118	0.00351495
1.07826	0.00341673
1.09177	0.00327652
1.11354	0.00348221
1.14543	0.00500684
 FCN=4.39876 FROM MIGRAD    STATUS=CONVERGED      36 CALLS          37 TOTAL
                     EDM=1.56002e-16    STRATEGY= 1      ERROR MATRIX ACCURATE 
  EXT PARAMETER                                   STEP         FIRST   
  NO.   NAME      VALUE            ERROR          SIZE      DERIVATIVE 
   1  p0           1.06977e+00   1.78320e-03   1.45569e-06   5.27925e-06
   2  p1           1.91353e-02   1.25422e-03   1.02387e-06  -7.79423e-06
SaveSource cannot open file: /home/zhangfy/nl_target/toyMC/results/data_19336.C
1.06759	0.00392403
1.07136	0.00352495
1.0796	0.00352258
1.07784	0.00350409
1.07726	0.00341357
1.09082	0.00327367
1.1113	0.00347519
1.14424	0.00500164
 FCN=7.3567 FROM MIGRAD    STATUS=CONVERGED      36 CALLS          37 TOTAL
                     EDM=9.63846e-16    STRATEGY= 1      ERROR MATRIX ACCURATE 
  EXT PARAMETER                                   STEP         FIRST   
  NO.   NAME      VALUE            ERROR          SIZE      DERIVATIVE 
   1  p0           1.06789e+00   1.77999e-03   1.80821e-06  -3.01714e-05
   2  p1           1.92929e-02   1.25215e-03   1.27201e-06  -1.31446e-05
SaveSource cannot open file: /home/zhangfy/nl_target/toyMC/results/data_19337.C
1.07705	0.00395883
1.07252	0.00352874
1.07522	0.00350827
1.0838	0.00352348
1.07381	0.00340263
1.09566	0.00328819
1.11933	0.00350032
1.15527	0.00504984
 FCN=12.891 FROM MIGRAD    STATUS=CONVERGED      36 CALLS          37 TOTAL
                     EDM=1.13955e-18    STRATEGY= 1      ERROR MATRIX ACCURATE 
  EXT PARAMETER                                   STEP         FIRST   
  NO.   NAME      VALUE            ERROR          SIZE      DERIVATIVE 
   1  p0           1.06858e+00   1.78449e-03   2.33852e-06   1.01217e-06
   2  p1           2.20597e-02   1.26098e-03   1.65247e-06   1.60171e-06
SaveSource cannot open file: /home/zhangfy/nl_target/toyMC/results/data_19338.C
1.06571	0.00391713
1.07354	0.00353212
1.06908	0.00348826
1.08636	0.00353181
1.08186	0.00342812
1.09194	0.00327701
1.12352	0.00351342
1.14798	0.00501798
 FCN=8.10754 FROM MIGRAD    STATUS=CONVERGED      36 CALLS          37 TOTAL
                     EDM=5.27379e-16    STRATEGY= 1      ERROR MATRIX ACCURATE 
  EXT PARAMETER                                   STEP         FIRST   
  NO.   NAME      VALUE            ERROR          SIZE      DERIVATIVE 
   1  p0           1.06728e+00   1.78064e-03   1.89197e-06  -1.07738e-05
   2  p1           2.24732e-02   1.25761e-03   1.33623e-06   1.27952e-05
SaveSource cannot open file: /home/zhangfy/nl_target/toyMC/results/data_19339.C
1.07438	0.00394899
1.0727	0.00352933
1.07292	0.00350078
1.07971	0.00351019
1.07611	0.0034099
1.09279	0.00327957
1.10982	0.00347059
1.14656	0.00501176
 FCN=9.07775 FROM MIGRAD    STATUS=CONVERGED      36 CALLS          37 TOTAL
                     EDM=4.82203e-16    STRATEGY= 1      ERROR MATRIX ACCURATE 
  EXT PARAMETER                                   STEP         FIRST   
  NO.   NAME      VALUE            ERROR          SIZE      DERIVATIVE 
   1  p0           1.06828e+00   1.78103e-03   1.98633e-06  -1.87354e-05
   2  p1           1.92416e-02   1.25308e-03   1.39753e-06  -2.77410e-06
SaveSource cannot open file: /home/zhangfy/nl_target/toyMC/results/data_19340.C
1.07074	0.00393561
1.07298	0.00353027
1.07582	0.00351026
1.08305	0.00352105
1.08373	0.00343405
1.08509	0.00325645
1.12304	0.00351192
1.14744	0.00501561
 FCN=5.98841 FROM MIGRAD    STATUS=CONVERGED      36 CALLS          37 TOTAL
                     EDM=2.92207e-17    STRATEGY= 1      ERROR MATRIX ACCURATE 
  EXT PARAMETER                                   STEP         FIRST   
  NO.   NAME      VALUE            ERROR          SIZE      DERIVATIVE 
   1  p0           1.06848e+00   1.78292e-03   1.65740e-06  -3.40958e-06
   2  p1           2.12922e-02   1.25797e-03   1.16941e-06   1.62915e-06
SaveSource cannot open file: /home/zhangfy/nl_target/toyMC/results/data_19341.C
1.06944	0.00393083
1.0707	0.00352277
1.07229	0.00349873
1.07899	0.00350784
1.08313	0.00343215
1.09704	0.00329234
1.11507	0.003487
1.15072	0.00502994
 FCN=7.26742 FROM MIGRAD    STATUS=CONVERGED      36 CALLS          37 TOTAL
                     EDM=3.45763e-17    STRATEGY= 1      ERROR MATRIX ACCURATE 
  EXT PARAMETER                                   STEP         FIRST   
  NO.   NAME      VALUE            ERROR          SIZE      DERIVATIVE 
   1  p0           1.06779e+00   1.78105e-03   1.80177e-06   3.02301e-06
   2  p1           2.14227e-02   1.25634e-03   1.27094e-06   8.82626e-06
SaveSource cannot open file: /home/zhangfy/nl_target/toyMC/results/data_19342.C
1.06208	0.00390377
1.06791	0.0035136
1.07449	0.00350591
1.08202	0.00351768
1.08211	0.00342892
1.09226	0.00327799
1.11561	0.00348867
1.1385	0.00497652
 FCN=8.46708 FROM MIGRAD    STATUS=CONVERGED      36 CALLS          37 TOTAL
                     EDM=2.59912e-17    STRATEGY= 1      ERROR MATRIX ACCURATE 
  EXT PARAMETER                                   STEP         FIRST   
  NO.   NAME      VALUE            ERROR          SIZE      DERIVATIVE 
   1  p0           1.06715e+00   1.77708e-03   1.92446e-06   3.33449e-06
   2  p1           1.99746e-02   1.24975e-03   1.35340e-06   7.93416e-06
SaveSource cannot open file: /home/zhangfy/nl_target/toyMC/results/data_19343.C
1.06977	0.00393205
1.06846	0.00351539
1.07883	0.00352006
1.07871	0.00350692
1.0821	0.00342889
1.09078	0.00327355
1.11857	0.00349794
1.15005	0.00502702
 FCN=4.0272 FROM MIGRAD    STATUS=CONVERGED      36 CALLS          37 TOTAL
                     EDM=1.72372e-16    STRATEGY= 1      ERROR MATRIX ACCURATE 
  EXT PARAMETER                                   STEP         FIRST   
  NO.   NAME      VALUE            ERROR          SIZE      DERIVATIVE 
   1  p0           1.06755e+00   1.78149e-03   1.40487e-06  -1.05422e-05
   2  p1           2.15695e-02   1.25740e-03   9.91574e-07  -2.46325e-07
SaveSource cannot open file: /home/zhangfy/nl_target/toyMC/results/data_19344.C
1.07662	0.00395724
1.07266	0.0035292
1.07391	0.00350401
1.0734	0.00348968
1.08131	0.0034264
1.09124	0.00327493
1.11841	0.00349744
1.14617	0.00501005
 FCN=4.69449 FROM MIGRAD    STATUS=CONVERGED      36 CALLS          37 TOTAL
                     EDM=1.7362e-15    STRATEGY= 1      ERROR MATRIX ACCURATE 
  EXT PARAMETER                                   STEP         FIRST   
  NO.   NAME      VALUE            ERROR          SIZE      DERIVATIVE 
   1  p0           1.06802e+00   1.78153e-03   1.49468e-06   1.52642e-05
   2  p1           2.06820e-02   1.25583e-03   1.05362e-06  -2.92303e-05
SaveSource cannot open file: /home/zhangfy/nl_target/toyMC/results/data_19345.C
1.06954	0.0039312
1.07079	0.00352307
1.07529	0.0035085
1.07675	0.00350055
1.08344	0.00343314
1.09095	0.00327404
1.11754	0.00349471
1.14505	0.00500517
 FCN=1.44022 FROM MIGRAD    STATUS=CONVERGED      36 CALLS          37 TOTAL
                     EDM=5.68735e-17    STRATEGY= 1      ERROR MATRIX ACCURATE 
  EXT PARAMETER                                   STEP         FIRST   
  NO.   NAME      VALUE            ERROR          SIZE      DERIVATIVE 
   1  p0           1.06772e+00   1.78030e-03   9.78173e-07  -5.47511e-06
   2  p1           2.06840e-02   1.25446e-03   6.89256e-07   1.00994e-06
SaveSource cannot open file: /home/zhangfy/nl_target/toyMC/results/data_19346.C
1.07052	0.0039348
1.0668	0.00350994
1.07121	0.0034952
1.07464	0.00349369
1.082	0.00342858
1.09109	0.00327447
1.12422	0.0035156
1.15106	0.00503146
 FCN=2.01214 FROM MIGRAD    STATUS=CONVERGED      36 CALLS          37 TOTAL
                     EDM=9.52582e-17    STRATEGY= 1      ERROR MATRIX ACCURATE 
  EXT PARAMETER                                   STEP         FIRST   
  NO.   NAME      VALUE            ERROR          SIZE      DERIVATIVE 
   1  p0           1.06446e+00   1.77803e-03   1.08656e-06   1.00223e-05
   2  p1           2.38570e-02   1.25897e-03   7.69359e-07   1.38085e-05
SaveSource cannot open file: /home/zhangfy/nl_target/toyMC/results/data_19347.C
1.06712	0.0039223
1.07375	0.0035328
1.07587	0.0035104
1.07859	0.00350655
1.07784	0.00341539
1.09493	0.00328601
1.12141	0.00350681
1.15284	0.00503924
 FCN=3.78481 FROM MIGRAD    STATUS=CONVERGED      36 CALLS          37 TOTAL
                     EDM=2.08584e-15    STRATEGY= 1      ERROR MATRIX ACCURATE 
  EXT PARAMETER                                   STEP         FIRST   
  NO.   NAME      VALUE            ERROR          SIZE      DERIVATIVE 
   1  p0           1.06692e+00   1.78148e-03   1.37132e-06   1.29901e-05
   2  p1           2.28336e-02   1.25967e-03   9.69646e-07  -3.67996e-05
SaveSource cannot open file: /home/zhangfy/nl_target/toyMC/results/data_19348.C
1.06773	0.00392458
1.0717	0.00352606
1.07313	0.00350147
1.08119	0.003515
1.08072	0.00342453
1.08588	0.00325885
1.12498	0.00351797
1.14353	0.00499855
 FCN=5.14355 FROM MIGRAD    STATUS=CONVERGED      36 CALLS          37 TOTAL
                     EDM=2.30599e-16    STRATEGY= 1      ERROR MATRIX ACCURATE 
  EXT PARAMETER                                   STEP         FIRST   
  NO.   NAME      VALUE            ERROR          SIZE      DERIVATIVE 
   1  p0           1.06651e+00   1.77930e-03   1.55199e-06  -5.51540e-06
   2  p1           2.18806e-02   1.25595e-03   1.09549e-06   1.07284e-05
SaveSource cannot open file: /home/zhangfy/nl_target/toyMC/results/data_19349.C
1.07622	0.00395576
1.07253	0.00352879
1.07804	0.00351749
1.07964	0.00350996
1.08855	0.00344934
1.09407	0.0032834
1.1193	0.00350022
1.14603	0.00500946
 FCN=3.34131 FROM MIGRAD    STATUS=CONVERGED      36 CALLS          37 TOTAL
                     EDM=6.49888e-17    STRATEGY= 1      ERROR MATRIX ACCURATE 
  EXT PARAMETER                                   STEP         FIRST   
  NO.   NAME      VALUE            ERROR          SIZE      DERIVATIVE 
   1  p0           1.07174e+00   1.78597e-03   1.30855e-06   8.22563e-06
   2  p1           1.98463e-02   1.25664e-03   9.20715e-07   4.73046e-06
SaveSource cannot open file: /home/zhangfy/nl_target/toyMC/results/data_19350.C
1.07021	0.00393368
1.07639	0.00354149
1.06858	0.00348663
1.08029	0.00351205
1.08326	0.00343256
1.08789	0.00326487
1.121	0.00350554
1.13791	0.00497395
 FCN=6.41749 FROM MIGRAD    STATUS=CONVERGED      34 CALLS          35 TOTAL
                     EDM=1.70979e-16    STRATEGY= 1      ERROR MATRIX ACCURATE 
  EXT PARAMETER                                   STEP         FIRST   
  NO.   NAME      VALUE            ERROR          SIZE      DERIVATIVE 
   1  p0           1.06840e+00   1.77993e-03   1.70524e-06  -9.25944e-06
   2  p1           1.98705e-02   1.25215e-03   1.19961e-06   2.19339e-06
SaveSource cannot open file: /home/zhangfy/nl_target/toyMC/results/data_19351.C
1.0697	0.0039318
1.07593	0.00353996
1.07259	0.00349969
1.08404	0.00352425
1.08302	0.00343181
1.09889	0.00329788
1.1153	0.0034877
1.14484	0.00500426
 FCN=8.5244 FROM MIGRAD    STATUS=CONVERGED      36 CALLS          37 TOTAL
                     EDM=1.01559e-15    STRATEGY= 1      ERROR MATRIX ACCURATE 
  EXT PARAMETER                                   STEP         FIRST   
  NO.   NAME      VALUE            ERROR          SIZE      DERIVATIVE 
   1  p0           1.07087e+00   1.78364e-03   1.93634e-06  -2.58701e-06
   2  p1           1.96556e-02   1.25416e-03   1.36153e-06   3.32857e-05
SaveSource cannot open file: /home/zhangfy/nl_target/toyMC/results/data_19352.C
1.06733	0.00392309
1.07186	0.00352657
1.07914	0.00352107
1.07354	0.00349011
1.08182	0.00342799
1.09394	0.00328303
1.12021	0.00350307
1.1424	0.00499359
 FCN=6.35767 FROM MIGRAD    STATUS=CONVERGED      36 CALLS          37 TOTAL
                     EDM=5.06707e-16    STRATEGY= 1      ERROR MATRIX ACCURATE 
  EXT PARAMETER                                   STEP         FIRST   
  NO.   NAME      VALUE            ERROR          SIZE      DERIVATIVE 
   1  p0           1.06799e+00   1.78014e-03   1.69914e-06   9.56844e-06
   2  p1           2.08142e-02   1.25406e-03   1.19700e-06  -1.40054e-05
SaveSource cannot open file: /home/zhangfy/nl_target/toyMC/results/data_19353.C
1.0688	0.0039285
1.07861	0.00354878
1.07471	0.00350661
1.07844	0.00350606
1.08175	0.00342778
1.09061	0.00327304
1.10971	0.00347022
1.14892	0.00502208
 FCN=10.4313 FROM MIGRAD    STATUS=CONVERGED      36 CALLS          37 TOTAL
                     EDM=3.88146e-17    STRATEGY= 1      ERROR MATRIX ACCURATE 
  EXT PARAMETER                                   STEP         FIRST   
  NO.   NAME      VALUE            ERROR          SIZE      DERIVATIVE 
   1  p0           1.06925e+00   1.78292e-03   2.11718e-06  -4.84534e-06
   2  p1           1.91269e-02   1.25446e-03   1.48965e-06  -9.76333e-06
SaveSource cannot open file: /home/zhangfy/nl_target/toyMC/results/data_19354.C
1.06914	0.00392973
1.07199	0.00352701
1.0743	0.00350529
1.07875	0.00350706
1.0852	0.0034387
1.09594	0.00328902
1.12074	0.00350472
1.15366	0.00504279
 FCN=3.07268 FROM MIGRAD    STATUS=CONVERGED      36 CALLS          37 TOTAL
                     EDM=1.11447e-16    STRATEGY= 1      ERROR MATRIX ACCURATE 
  EXT PARAMETER                                   STEP         FIRST   
  NO.   NAME      VALUE            ERROR          SIZE      DERIVATIVE 
   1  p0           1.06805e+00   1.78277e-03   1.26626e-06  -5.43594e-06
   2  p1           2.26423e-02   1.25990e-03   8.94882e-07   5.14120e-06
SaveSource cannot open file: /home/zhangfy/nl_target/toyMC/results/data_19355.C
1.07085	0.00393603
1.06895	0.00351701
1.07318	0.00350162
1.07195	0.00348497
1.07967	0.00342119
1.09424	0.00328393
1.11723	0.00349374
1.14221	0.00499277
 FCN=5.08486 FROM MIGRAD    STATUS=CONVERGED      36 CALLS          37 TOTAL
                     EDM=9.13387e-16    STRATEGY= 1      ERROR MATRIX ACCURATE 
  EXT PARAMETER                                   STEP         FIRST   
  NO.   NAME      VALUE            ERROR          SIZE      DERIVATIVE 
   1  p0           1.06621e+00   1.77744e-03   1.54280e-06   5.88645e-06
   2  p1           2.09167e-02   1.25253e-03   1.08718e-06  -2.77970e-05
SaveSource cannot open file: /home/zhangfy/nl_target/toyMC/results/data_19356.C
1.06321	0.00390795
1.0775	0.00354515
1.07544	0.00350899
1.07698	0.00350129
1.07993	0.00342202
1.09229	0.00327809
1.12074	0.00350471
1.14097	0.00498736
 FCN=7.38253 FROM MIGRAD    STATUS=CONVERGED      36 CALLS          37 TOTAL
                     EDM=7.39022e-15    STRATEGY= 1      ERROR MATRIX ACCURATE 
  EXT PARAMETER                                   STEP         FIRST   
  NO.   NAME      VALUE            ERROR          SIZE      DERIVATIVE 
   1  p0           1.06787e+00   1.77975e-03   1.81318e-06  -9.18218e-06
   2  p1           2.06598e-02   1.25346e-03   1.27700e-06   8.74961e-05
SaveSource cannot open file: /home/zhangfy/nl_target/toyMC/results/data_19357.C
1.07145	0.00393823
1.06758	0.0035125
1.07981	0.00352325
1.07565	0.00349699
1.08162	0.00342736
1.09342	0.00328146
1.11662	0.00349184
1.14385	0.00499991
 FCN=6.43219 FROM MIGRAD    STATUS=CONVERGED      34 CALLS          35 TOTAL
                     EDM=3.8178e-16    STRATEGY= 1      ERROR MATRIX ACCURATE 
  EXT PARAMETER                                   STEP         FIRST   
  NO.   NAME      VALUE            ERROR          SIZE      DERIVATIVE 
   1  p0           1.06829e+00   1.78061e-03   1.70735e-06   1.60225e-06
   2  p1           2.02540e-02   1.25369e-03   1.20211e-06  -2.04014e-05
SaveSource cannot open file: /home/zhangfy/nl_target/toyMC/results/data_19358.C
1.07319	0.00394463
1.08118	0.00355726
1.07164	0.00349659
1.08062	0.00351313
1.07873	0.00341822
1.0867	0.0032613
1.12261	0.00351056
1.14362	0.00499891
 FCN=9.82994 FROM MIGRAD    STATUS=CONVERGED      36 CALLS          37 TOTAL
                     EDM=2.24715e-15    STRATEGY= 1      ERROR MATRIX ACCURATE 
  EXT PARAMETER                                   STEP         FIRST   
  NO.   NAME      VALUE            ERROR          SIZE      DERIVATIVE 
   1  p0           1.06911e+00   1.78315e-03   2.06269e-06  -8.33196e-06
   2  p1           2.03343e-02   1.25638e-03   1.45334e-06  -6.08839e-05
SaveSource cannot open file: /home/zhangfy/nl_target/toyMC/results/data_19359.C
1.06682	0.0039212
1.06624	0.00350808
1.08042	0.00352524
1.07398	0.00349157
1.08051	0.00342386
1.09936	0.0032993
1.11608	0.00349015
1.15527	0.00504985
 FCN=18.8773 FROM MIGRAD    STATUS=CONVERGED      36 CALLS          37 TOTAL
                     EDM=3.84922e-16    STRATEGY= 1      ERROR MATRIX ACCURATE 
  EXT PARAMETER                                   STEP         FIRST   
  NO.   NAME      VALUE            ERROR          SIZE      DERIVATIVE 
   1  p0           1.06638e+00   1.78036e-03   2.79357e-06   5.95179e-06
   2  p1           2.27967e-02   1.25867e-03   1.97498e-06   2.70278e-05
SaveSource cannot open file: /home/zhangfy/nl_target/toyMC/results/data_19360.C
1.07383	0.003947
1.07211	0.00352741
1.08055	0.00352567
1.07856	0.00350645
1.07928	0.00341995
1.09319	0.00328078
1.11755	0.00349476
1.15322	0.0050409
 FCN=6.60553 FROM MIGRAD    STATUS=CONVERGED      36 CALLS          37 TOTAL
                     EDM=1.15129e-16    STRATEGY= 1      ERROR MATRIX ACCURATE 
  EXT PARAMETER                                   STEP         FIRST   
  NO.   NAME      VALUE            ERROR          SIZE      DERIVATIVE 
   1  p0           1.06906e+00   1.78448e-03   1.72984e-06   5.41555e-06
   2  p1           2.12221e-02   1.25939e-03   1.22083e-06  -5.38183e-06
SaveSource cannot open file: /home/zhangfy/nl_target/toyMC/results/data_19361.C
1.07159	0.00393876
1.07051	0.00352214
1.06852	0.00348643
1.07717	0.00350193
1.07966	0.00342117
1.09061	0.00327304
1.11524	0.00348751
1.14983	0.00502605
 FCN=3.82235 FROM MIGRAD    STATUS=CONVERGED      36 CALLS          37 TOTAL
                     EDM=1.4664e-15    STRATEGY= 1      ERROR MATRIX ACCURATE 
  EXT PARAMETER                                   STEP         FIRST   
  NO.   NAME      VALUE            ERROR          SIZE      DERIVATIVE 
   1  p0           1.06553e+00   1.77850e-03   1.37348e-06   3.20663e-05
   2  p1           2.16386e-02   1.25570e-03   9.69739e-07   3.40026e-06
SaveSource cannot open file: /home/zhangfy/nl_target/toyMC/results/data_19362.C
1.06611	0.00391862
1.0729	0.00352999
1.07619	0.00351146
1.07779	0.00350394
1.08721	0.00344509
1.09673	0.00329138
1.11841	0.00349744
1.14941	0.00502422
 FCN=7.41254 FROM MIGRAD    STATUS=CONVERGED      36 CALLS          37 TOTAL
                     EDM=5.77053e-17    STRATEGY= 1      ERROR MATRIX ACCURATE 
  EXT PARAMETER                                   STEP         FIRST   
  NO.   NAME      VALUE            ERROR          SIZE      DERIVATIVE 
   1  p0           1.06894e+00   1.78249e-03   1.81949e-06  -3.66233e-06
   2  p1           2.14591e-02   1.25701e-03   1.28310e-06  -1.12831e-05
SaveSource cannot open file: /home/zhangfy/nl_target/toyMC/results/data_19363.C
1.0715	0.00393842
1.07088	0.00352337
1.07648	0.00351238
1.07944	0.00350931
1.08409	0.00343519
1.09102	0.00327426
1.11224	0.00347813
1.14921	0.00502335
 FCN=6.11662 FROM MIGRAD    STATUS=CONVERGED      36 CALLS          37 TOTAL
                     EDM=1.72182e-16    STRATEGY= 1      ERROR MATRIX ACCURATE 
  EXT PARAMETER                                   STEP         FIRST   
  NO.   NAME      VALUE            ERROR          SIZE      DERIVATIVE 
   1  p0           1.06891e+00   1.78249e-03   1.67110e-06  -3.24477e-06
   2  p1           1.98763e-02   1.25517e-03   1.17673e-06   1.12086e-05
SaveSource cannot open file: /home/zhangfy/nl_target/toyMC/results/data_19364.C
1.071	0.00393659
1.07617	0.00354077
1.07418	0.00350489
1.07361	0.00349035
1.079	0.00341906
1.09095	0.00327406
1.11574	0.0034891
1.14885	0.0050218
 FCN=5.45841 FROM MIGRAD    STATUS=CONVERGED      36 CALLS          37 TOTAL
                     EDM=6.23256e-17    STRATEGY= 1      ERROR MATRIX ACCURATE 
  EXT PARAMETER                                   STEP         FIRST   
  NO.   NAME      VALUE            ERROR          SIZE      DERIVATIVE 
   1  p0           1.06727e+00   1.78098e-03   1.59087e-06  -1.82842e-06
   2  p1           2.08174e-02   1.25612e-03   1.12204e-06   6.89068e-06
SaveSource cannot open file: /home/zhangfy/nl_target/toyMC/results/data_19365.C
1.06811	0.00392597
1.07555	0.00353872
1.07391	0.00350402
1.08132	0.0035154
1.08645	0.00344267
1.08883	0.00326769
1.12446	0.00351635
1.13394	0.00495662
 FCN=9.47019 FROM MIGRAD    STATUS=CONVERGED      36 CALLS          37 TOTAL
                     EDM=3.3729e-16    STRATEGY= 1      ERROR MATRIX ACCURATE 
  EXT PARAMETER                                   STEP         FIRST   
  NO.   NAME      VALUE            ERROR          SIZE      DERIVATIVE 
   1  p0           1.07014e+00   1.78129e-03   2.02842e-06  -1.07540e-05
   2  p1           1.94270e-02   1.25147e-03   1.42509e-06   6.96786e-06
SaveSource cannot open file: /home/zhangfy/nl_target/toyMC/results/data_19366.C
1.0681	0.00392593
1.07523	0.00353767
1.06999	0.00349123
1.07759	0.0035033
1.07518	0.00340696
1.09486	0.00328578
1.12145	0.00350694
1.14623	0.00501034
 FCN=6.33481 FROM MIGRAD    STATUS=CONVERGED      36 CALLS          37 TOTAL
                     EDM=1.86524e-16    STRATEGY= 1      ERROR MATRIX ACCURATE 
  EXT PARAMETER                                   STEP         FIRST   
  NO.   NAME      VALUE            ERROR          SIZE      DERIVATIVE 
   1  p0           1.06610e+00   1.77879e-03   1.69563e-06   1.46534e-05
   2  p1           2.22005e-02   1.25609e-03   1.19737e-06   1.08206e-05
SaveSource cannot open file: /home/zhangfy/nl_target/toyMC/results/data_19367.C
1.06672	0.00392086
1.07343	0.00353173
1.0726	0.00349973
1.07628	0.00349904
1.0813	0.00342637
1.09017	0.00327171
1.11716	0.00349354
1.1528	0.00503906
 FCN=3.5015 FROM MIGRAD    STATUS=CONVERGED      36 CALLS          37 TOTAL
                     EDM=7.9753e-16    STRATEGY= 1      ERROR MATRIX ACCURATE 
  EXT PARAMETER                                   STEP         FIRST   
  NO.   NAME      VALUE            ERROR          SIZE      DERIVATIVE 
   1  p0           1.06585e+00   1.77985e-03   1.32810e-06   6.64577e-06
   2  p1           2.22494e-02   1.25796e-03   9.38670e-07  -2.44950e-05
SaveSource cannot open file: /home/zhangfy/nl_target/toyMC/results/data_19368.C
1.06641	0.0039197
1.06488	0.00350361
1.06954	0.00348976
1.07704	0.00350149
1.08026	0.00342308
1.09255	0.00327886
1.11712	0.00349341
1.15089	0.00503069
 FCN=4.10188 FROM MIGRAD    STATUS=CONVERGED      36 CALLS          37 TOTAL
                     EDM=8.68302e-16    STRATEGY= 1      ERROR MATRIX ACCURATE 
  EXT PARAMETER                                   STEP         FIRST   
  NO.   NAME      VALUE            ERROR          SIZE      DERIVATIVE 
   1  p0           1.06361e+00   1.77582e-03   1.41207e-06   2.49080e-05
   2  p1           2.31088e-02   1.25598e-03   9.98712e-07   3.04593e-06
SaveSource cannot open file: /home/zhangfy/nl_target/toyMC/results/data_19369.C
1.06736	0.00392319
1.07543	0.00353833
1.06974	0.0034904
1.0763	0.0034991
1.08607	0.00344146
1.09285	0.00327976
1.11645	0.00349131
1.14775	0.00501699
 FCN=7.13435 FROM MIGRAD    STATUS=CONVERGED      36 CALLS          37 TOTAL
                     EDM=6.67955e-17    STRATEGY= 1      ERROR MATRIX ACCURATE 
  EXT PARAMETER                                   STEP         FIRST   
  NO.   NAME      VALUE            ERROR          SIZE      DERIVATIVE 
   1  p0           1.06757e+00   1.78046e-03   1.78633e-06   5.43821e-06
   2  p1           2.10960e-02   1.25534e-03   1.25948e-06  -1.99217e-06
SaveSource cannot open file: /home/zhangfy/nl_target/toyMC/results/data_19370.C
1.06937	0.00393058
1.07117	0.0035243
1.07292	0.00350079
1.07327	0.00348925
1.08195	0.00342842
1.0965	0.0032907
1.11927	0.00350012
1.15539	0.00505036
 FCN=6.41813 FROM MIGRAD    STATUS=CONVERGED      36 CALLS          37 TOTAL
                     EDM=6.19423e-17    STRATEGY= 1      ERROR MATRIX ACCURATE 
  EXT PARAMETER                                   STEP         FIRST   
  NO.   NAME      VALUE            ERROR          SIZE      DERIVATIVE 
   1  p0           1.06592e+00   1.78040e-03   1.70664e-06  -2.15977e-06
   2  p1           2.33168e-02   1.25990e-03   1.20771e-06   6.44049e-06
SaveSource cannot open file: /home/zhangfy/nl_target/toyMC/results/data_19371.C
1.07463	0.00394992
1.07002	0.00352052
1.07623	0.00351158
1.08033	0.00351219
1.08197	0.00342848
1.09226	0.00327797
1.1192	0.0034999
1.14707	0.00501399
 FCN=1.73762 FROM MIGRAD    STATUS=CONVERGED      36 CALLS          37 TOTAL
                     EDM=2.60706e-17    STRATEGY= 1      ERROR MATRIX ACCURATE 
  EXT PARAMETER                                   STEP         FIRST   
  NO.   NAME      VALUE            ERROR          SIZE      DERIVATIVE 
   1  p0           1.06902e+00   1.78280e-03   1.03739e-06   5.07164e-06
   2  p1           2.07811e-02   1.25654e-03   7.31166e-07   2.50920e-06
SaveSource cannot open file: /home/zhangfy/nl_target/toyMC/results/data_19372.C
1.07	0.00393291
1.06948	0.00351874
1.06945	0.00348944
1.08039	0.0035124
1.08729	0.00344534
1.09137	0.00327531
1.12003	0.0035025
1.14817	0.00501882
 FCN=5.46664 FROM MIGRAD    STATUS=CONVERGED      36 CALLS          37 TOTAL
                     EDM=1.7666e-15    STRATEGY= 1      ERROR MATRIX ACCURATE 
  EXT PARAMETER                                   STEP         FIRST   
  NO.   NAME      VALUE            ERROR          SIZE      DERIVATIVE 
   1  p0           1.06722e+00   1.78030e-03   1.59337e-06  -2.97037e-05
   2  p1           2.19186e-02   1.25653e-03   1.12459e-06   7.12775e-06
SaveSource cannot open file: /home/zhangfy/nl_target/toyMC/results/data_19373.C
1.07917	0.0039666
1.07033	0.00352155
1.0759	0.0035105
1.08411	0.00352449
1.08274	0.00343091
1.09729	0.00329309
1.12329	0.0035127
1.14758	0.00501623
 FCN=5.43789 FROM MIGRAD    STATUS=CONVERGED      36 CALLS          37 TOTAL
                     EDM=2.37207e-16    STRATEGY= 1      ERROR MATRIX ACCURATE 
  EXT PARAMETER                                   STEP         FIRST   
  NO.   NAME      VALUE            ERROR          SIZE      DERIVATIVE 
   1  p0           1.07115e+00   1.78584e-03   1.59440e-06  -1.66004e-05
   2  p1           2.10958e-02   1.25864e-03   1.12372e-06  -1.29584e-05
SaveSource cannot open file: /home/zhangfy/nl_target/toyMC/results/data_19374.C
1.0761	0.00395532
1.07539	0.00353819
1.07566	0.0035097
1.07638	0.00349935
1.08079	0.00342475
1.09042	0.00327245
1.11797	0.00349606
1.15696	0.00505722
 FCN=7.70126 FROM MIGRAD    STATUS=CONVERGED      36 CALLS          37 TOTAL
                     EDM=1.15312e-15    STRATEGY= 1      ERROR MATRIX ACCURATE 
  EXT PARAMETER                                   STEP         FIRST   
  NO.   NAME      VALUE            ERROR          SIZE      DERIVATIVE 
   1  p0           1.06825e+00   1.78473e-03   1.84992e-06  -3.05834e-05
   2  p1           2.18513e-02   1.26146e-03   1.30754e-06  -8.14278e-06
SaveSource cannot open file: /home/zhangfy/nl_target/toyMC/results/data_19375.C
1.07056	0.00393495
1.07103	0.00352386
1.07895	0.00352046
1.08517	0.00352794
1.08423	0.00343563
1.08788	0.00326484
1.1182	0.00349679
1.15229	0.00503681
 FCN=7.89735 FROM MIGRAD    STATUS=CONVERGED      36 CALLS          37 TOTAL
                     EDM=1.39855e-16    STRATEGY= 1      ERROR MATRIX ACCURATE 
  EXT PARAMETER                                   STEP         FIRST   
  NO.   NAME      VALUE            ERROR          SIZE      DERIVATIVE 
   1  p0           1.06935e+00   1.78459e-03   1.87114e-06   1.05318e-05
   2  p1           2.10074e-02   1.25894e-03   1.32000e-06   2.55352e-06
SaveSource cannot open file: /home/zhangfy/nl_target/toyMC/results/data_19376.C
1.06652	0.00392009
1.07256	0.00352887
1.07209	0.00349806
1.08131	0.0035154
1.07927	0.00341992
1.09397	0.00328311
1.11952	0.00350091
1.14475	0.00500387
 FCN=3.12104 FROM MIGRAD    STATUS=CONVERGED      36 CALLS          37 TOTAL
                     EDM=1.55578e-15    STRATEGY= 1      ERROR MATRIX ACCURATE 
  EXT PARAMETER                                   STEP         FIRST   
  NO.   NAME      VALUE            ERROR          SIZE      DERIVATIVE 
   1  p0           1.06727e+00   1.77952e-03   1.27141e-06   3.54196e-05
   2  p1           2.13615e-02   1.25471e-03   8.96449e-07   9.02472e-06
SaveSource cannot open file: /home/zhangfy/nl_target/toyMC/results/data_19377.C
1.0637	0.00390974
1.06988	0.00352008
1.0761	0.00351114
1.07738	0.0035026
1.07703	0.00341281
1.09	0.00327118
1.12156	0.00350728
1.14174	0.00499073
 FCN=4.48294 FROM MIGRAD    STATUS=CONVERGED      36 CALLS          37 TOTAL
                     EDM=4.11542e-16    STRATEGY= 1      ERROR MATRIX ACCURATE 
  EXT PARAMETER                                   STEP         FIRST   
  NO.   NAME      VALUE            ERROR          SIZE      DERIVATIVE 
   1  p0           1.06548e+00   1.77688e-03   1.46450e-06  -9.53677e-06
   2  p1           2.16613e-02   1.25348e-03   1.03312e-06  -3.00789e-05
SaveSource cannot open file: /home/zhangfy/nl_target/toyMC/results/data_19378.C
1.06742	0.00392343
1.07498	0.00353685
1.07533	0.00350863
1.08104	0.00351451
1.08024	0.00342299
1.0906	0.00327301
1.11728	0.0034939
1.15034	0.00502829
 FCN=3.57798 FROM MIGRAD    STATUS=CONVERGED      36 CALLS          37 TOTAL
                     EDM=5.84803e-16    STRATEGY= 1      ERROR MATRIX ACCURATE 
  EXT PARAMETER                                   STEP         FIRST   
  NO.   NAME      VALUE            ERROR          SIZE      DERIVATIVE 
   1  p0           1.06795e+00   1.78208e-03   1.34066e-06   1.75560e-05
   2  p1           2.11797e-02   1.25729e-03   9.45864e-07  -3.19851e-06
SaveSource cannot open file: /home/zhangfy/nl_target/toyMC/results/data_19379.C
1.06457	0.00391295
1.07101	0.00352379
1.07198	0.00349771
1.07912	0.00350827
1.08832	0.00344859
1.09354	0.00328181
1.1175	0.0034946
1.15377	0.0050433
 FCN=9.61472 FROM MIGRAD    STATUS=CONVERGED      36 CALLS          37 TOTAL
                     EDM=4.57723e-17    STRATEGY= 1      ERROR MATRIX ACCURATE 
  EXT PARAMETER                                   STEP         FIRST   
  NO.   NAME      VALUE            ERROR          SIZE      DERIVATIVE 
   1  p0           1.06691e+00   1.78079e-03   2.04194e-06   1.76162e-06
   2  p1           2.25253e-02   1.25833e-03   1.44285e-06  -5.66017e-06
SaveSource cannot open file: /home/zhangfy/nl_target/toyMC/results/data_19380.C
1.07127	0.00393755
1.06966	0.00351934
1.06854	0.00348649
1.07705	0.00350153
1.08083	0.00342485
1.09164	0.00327613
1.12217	0.00350921
1.14593	0.00500901
 FCN=2.04197 FROM MIGRAD    STATUS=CONVERGED      36 CALLS          37 TOTAL
                     EDM=1.608e-16    STRATEGY= 1      ERROR MATRIX ACCURATE 
  EXT PARAMETER                                   STEP         FIRST   
  NO.   NAME      VALUE            ERROR          SIZE      DERIVATIVE 
   1  p0           1.06562e+00   1.77810e-03   1.09169e-06  -1.12699e-05
   2  p1           2.24040e-02   1.25593e-03   7.71100e-07  -2.59738e-06
SaveSource cannot open file: /home/zhangfy/nl_target/toyMC/results/data_19381.C
1.06717	0.00392251
1.06602	0.00350735
1.06713	0.00348188
1.08112	0.00351478
1.07863	0.00341791
1.09457	0.00328493
1.11987	0.00350201
1.15191	0.00503516
 FCN=6.35489 FROM MIGRAD    STATUS=CONVERGED      36 CALLS          37 TOTAL
                     EDM=4.01869e-16    STRATEGY= 1      ERROR MATRIX ACCURATE 
  EXT PARAMETER                                   STEP         FIRST   
  NO.   NAME      VALUE            ERROR          SIZE      DERIVATIVE 
   1  p0           1.06397e+00   1.77669e-03   1.69691e-06   2.80939e-06
   2  p1           2.37240e-02   1.25749e-03   1.20103e-06   2.51121e-05
SaveSource cannot open file: /home/zhangfy/nl_target/toyMC/results/data_19382.C
1.07375	0.00394669
1.07815	0.00354728
1.06944	0.00348943
1.07746	0.00350286
1.07668	0.00341172
1.0947	0.00328531
1.11972	0.00350153
1.13762	0.0049727
 FCN=9.29365 FROM MIGRAD    STATUS=CONVERGED      36 CALLS          37 TOTAL
                     EDM=5.83269e-16    STRATEGY= 1      ERROR MATRIX ACCURATE 
  EXT PARAMETER                                   STEP         FIRST   
  NO.   NAME      VALUE            ERROR          SIZE      DERIVATIVE 
   1  p0           1.06892e+00   1.78042e-03   2.00933e-06  -1.09777e-05
   2  p1           1.96176e-02   1.25192e-03   1.41288e-06   1.40279e-05
SaveSource cannot open file: /home/zhangfy/nl_target/toyMC/results/data_19383.C
1.06964	0.00393156
1.07179	0.00352636
1.07303	0.00350114
1.07977	0.00351036
1.08168	0.00342755
1.08791	0.00326492
1.1136	0.0034824
1.15045	0.00502879
 FCN=4.76513 FROM MIGRAD    STATUS=CONVERGED      34 CALLS          35 TOTAL
                     EDM=2.39264e-17    STRATEGY= 1      ERROR MATRIX ACCURATE 
  EXT PARAMETER                                   STEP         FIRST   
  NO.   NAME      VALUE            ERROR          SIZE      DERIVATIVE 
   1  p0           1.06699e+00   1.78060e-03   1.50261e-06   2.46337e-06
   2  p1           2.07671e-02   1.25587e-03   1.05980e-06  -2.47648e-06
SaveSource cannot open file: /home/zhangfy/nl_target/toyMC/results/data_19384.C
1.07105	0.00393678
1.0745	0.00353526
1.06647	0.00347974
1.07896	0.00350774
1.08193	0.00342834
1.09442	0.00328447
1.12872	0.00352967
1.13996	0.00498291
 FCN=12.2489 FROM MIGRAD    STATUS=CONVERGED      36 CALLS          37 TOTAL
                     EDM=4.38387e-16    STRATEGY= 1      ERROR MATRIX ACCURATE 
  EXT PARAMETER                                   STEP         FIRST   
  NO.   NAME      VALUE            ERROR          SIZE      DERIVATIVE 
   1  p0           1.06742e+00   1.77935e-03   2.28175e-06   1.89177e-05
   2  p1           2.22302e-02   1.25534e-03   1.60978e-06   5.07322e-06
SaveSource cannot open file: /home/zhangfy/nl_target/toyMC/results/data_19385.C
1.06825	0.00392647
1.0739	0.00353328
1.06955	0.00348979
1.08442	0.00352548
1.08024	0.00342301
1.09003	0.0032713
1.11618	0.00349046
1.15063	0.00502955
 FCN=7.16622 FROM MIGRAD    STATUS=CONVERGED      36 CALLS          37 TOTAL
                     EDM=9.044e-16    STRATEGY= 1      ERROR MATRIX ACCURATE 
  EXT PARAMETER                                   STEP         FIRST   
  NO.   NAME      VALUE            ERROR          SIZE      DERIVATIVE 
   1  p0           1.06717e+00   1.78089e-03   1.78958e-06   1.16507e-05
   2  p1           2.13560e-02   1.25675e-03   1.26288e-06   4.31383e-05
SaveSource cannot open file: /home/zhangfy/nl_target/toyMC/results/data_19386.C
1.0675	0.00392372
1.07096	0.00352361
1.06818	0.00348532
1.07685	0.00350088
1.08264	0.0034306
1.09031	0.00327213
1.11472	0.00348591
1.15525	0.00504975
 FCN=7.2268 FROM MIGRAD    STATUS=CONVERGED      36 CALLS          37 TOTAL
                     EDM=1.99212e-16    STRATEGY= 1      ERROR MATRIX ACCURATE 
  EXT PARAMETER                                   STEP         FIRST   
  NO.   NAME      VALUE            ERROR          SIZE      DERIVATIVE 
   1  p0           1.06472e+00   1.77853e-03   1.79422e-06   3.36739e-06
   2  p1           2.26527e-02   1.25793e-03   1.26902e-06  -1.21904e-05
SaveSource cannot open file: /home/zhangfy/nl_target/toyMC/results/data_19387.C
1.06897	0.00392912
1.07457	0.0035355
1.07198	0.0034977
1.07819	0.00350524
1.0841	0.00343524
1.09152	0.00327575
1.11313	0.00348091
1.1477	0.00501675
 FCN=5.1836 FROM MIGRAD    STATUS=CONVERGED      36 CALLS          37 TOTAL
                     EDM=4.24135e-16    STRATEGY= 1      ERROR MATRIX ACCURATE 
  EXT PARAMETER                                   STEP         FIRST   
  NO.   NAME      VALUE            ERROR          SIZE      DERIVATIVE 
   1  p0           1.06820e+00   1.78118e-03   1.55705e-06   8.04725e-06
   2  p1           2.01364e-02   1.25447e-03   1.09662e-06  -1.37809e-05
SaveSource cannot open file: /home/zhangfy/nl_target/toyMC/results/data_19388.C
1.06902	0.0039293
1.07312	0.00353072
1.07049	0.00349285
1.08032	0.00351216
1.07932	0.00342009
1.09352	0.00328177
1.11054	0.00347283
1.14646	0.00501134
 FCN=7.66906 FROM MIGRAD    STATUS=CONVERGED      36 CALLS          37 TOTAL
                     EDM=1.67479e-16    STRATEGY= 1      ERROR MATRIX ACCURATE 
  EXT PARAMETER                                   STEP         FIRST   
  NO.   NAME      VALUE            ERROR          SIZE      DERIVATIVE 
   1  p0           1.06761e+00   1.77972e-03   1.84209e-06   1.34401e-05
   2  p1           1.98232e-02   1.25276e-03   1.29666e-06   8.30530e-06
SaveSource cannot open file: /home/zhangfy/nl_target/toyMC/results/data_19389.C
1.07206	0.00394048
1.07396	0.00353348
1.0751	0.00350789
1.07906	0.00350806
1.08474	0.00343726
1.08378	0.00325255
1.12112	0.0035059
1.14141	0.00498928
 FCN=6.24282 FROM MIGRAD    STATUS=CONVERGED      36 CALLS          37 TOTAL
                     EDM=2.40128e-17    STRATEGY= 1      ERROR MATRIX ACCURATE 
  EXT PARAMETER                                   STEP         FIRST   
  NO.   NAME      VALUE            ERROR          SIZE      DERIVATIVE 
   1  p0           1.06876e+00   1.78175e-03   1.68568e-06   3.34316e-06
   2  p1           1.99223e-02   1.25436e-03   1.18672e-06  -1.04406e-06
SaveSource cannot open file: /home/zhangfy/nl_target/toyMC/results/data_19390.C
1.06631	0.00391935
1.07545	0.0035384
1.07526	0.00350842
1.07908	0.00350814
1.0815	0.003427
1.08926	0.00326897
1.11832	0.00349716
1.15257	0.00503805
 FCN=4.46695 FROM MIGRAD    STATUS=CONVERGED      36 CALLS          37 TOTAL
                     EDM=1.07156e-15    STRATEGY= 1      ERROR MATRIX ACCURATE 
  EXT PARAMETER                                   STEP         FIRST   
  NO.   NAME      VALUE            ERROR          SIZE      DERIVATIVE 
   1  p0           1.06722e+00   1.78185e-03   1.46495e-06   2.86850e-05
   2  p1           2.18466e-02   1.25864e-03   1.03479e-06   5.86875e-06
SaveSource cannot open file: /home/zhangfy/nl_target/toyMC/results/data_19391.C
1.0757	0.00395386
1.07042	0.00352183
1.06807	0.00348496
1.07885	0.00350738
1.08407	0.00343513
1.09288	0.00327984
1.11761	0.00349493
1.15243	0.00503743
 FCN=7.5638 FROM MIGRAD    STATUS=CONVERGED      36 CALLS          37 TOTAL
                     EDM=3.51117e-15    STRATEGY= 1      ERROR MATRIX ACCURATE 
  EXT PARAMETER                                   STEP         FIRST   
  NO.   NAME      VALUE            ERROR          SIZE      DERIVATIVE 
   1  p0           1.06723e+00   1.78146e-03   1.83374e-06  -3.90874e-05
   2  p1           2.19747e-02   1.25822e-03   1.29514e-06   1.49671e-05
SaveSource cannot open file: /home/zhangfy/nl_target/toyMC/results/data_19392.C
1.07359	0.00394609
1.07845	0.00354827
1.0755	0.0035092
1.07557	0.00349672
1.07679	0.00341206
1.08597	0.00325912
1.11363	0.0034825
1.14506	0.00500523
 FCN=8.44916 FROM MIGRAD    STATUS=CONVERGED      36 CALLS          37 TOTAL
                     EDM=2.03359e-15    STRATEGY= 1      ERROR MATRIX ACCURATE 
  EXT PARAMETER                                   STEP         FIRST   
  NO.   NAME      VALUE            ERROR          SIZE      DERIVATIVE 
   1  p0           1.06834e+00   1.78188e-03   1.92327e-06   2.82279e-05
   2  p1           1.91186e-02   1.25407e-03   1.35358e-06  -1.40125e-05
SaveSource cannot open file: /home/zhangfy/nl_target/toyMC/results/data_19393.C
1.07902	0.00396605
1.07547	0.00353845
1.07627	0.00351171
1.07977	0.00351038
1.07643	0.00341092
1.09169	0.00327626
1.11383	0.0034831
1.14773	0.00501689
 FCN=8.7976 FROM MIGRAD    STATUS=CONVERGED      36 CALLS          37 TOTAL
                     EDM=4.63395e-17    STRATEGY= 1      ERROR MATRIX ACCURATE 
  EXT PARAMETER                                   STEP         FIRST   
  NO.   NAME      VALUE            ERROR          SIZE      DERIVATIVE 
   1  p0           1.07011e+00   1.78456e-03   1.96179e-06  -3.36159e-06
   2  p1           1.92237e-02   1.25585e-03   1.38057e-06  -1.01712e-05
SaveSource cannot open file: /home/zhangfy/nl_target/toyMC/results/data_19394.C
1.07434	0.00394884
1.07005	0.00352062
1.08001	0.0035239
1.07539	0.00349613
1.08057	0.00342405
1.09471	0.00328533
1.11651	0.00349148
1.14829	0.00501935
 FCN=7.34405 FROM MIGRAD    STATUS=CONVERGED      36 CALLS          37 TOTAL
                     EDM=1.57735e-15    STRATEGY= 1      ERROR MATRIX ACCURATE 
  EXT PARAMETER                                   STEP         FIRST   
  NO.   NAME      VALUE            ERROR          SIZE      DERIVATIVE 
   1  p0           1.06894e+00   1.78278e-03   1.81063e-06  -1.69358e-05
   2  p1           2.05583e-02   1.25634e-03   1.27596e-06   2.45457e-05
SaveSource cannot open file: /home/zhangfy/nl_target/toyMC/results/data_19395.C
1.06908	0.00392951
1.07373	0.00353272
1.07431	0.00350532
1.07674	0.00350054
1.08365	0.00343382
1.09286	0.00327979
1.11209	0.00347768
1.14613	0.00500988
 FCN=5.3208 FROM MIGRAD    STATUS=CONVERGED      36 CALLS          37 TOTAL
                     EDM=2.51545e-17    STRATEGY= 1      ERROR MATRIX ACCURATE 
  EXT PARAMETER                                   STEP         FIRST   
  NO.   NAME      VALUE            ERROR          SIZE      DERIVATIVE 
   1  p0           1.06859e+00   1.78114e-03   1.57413e-06   4.46875e-06
   2  p1           1.96662e-02   1.25340e-03   1.10772e-06   1.07242e-06
SaveSource cannot open file: /home/zhangfy/nl_target/toyMC/results/data_19396.C
1.07301	0.00394398
1.07313	0.00353076
1.08053	0.00352561
1.07716	0.00350188
1.08105	0.00342556
1.09976	0.0033005
1.11714	0.00349347
1.15211	0.00503602
 FCN=10.2505 FROM MIGRAD    STATUS=CONVERGED      36 CALLS          37 TOTAL
                     EDM=1.2368e-16    STRATEGY= 1      ERROR MATRIX ACCURATE 
  EXT PARAMETER                                   STEP         FIRST   
  NO.   NAME      VALUE            ERROR          SIZE      DERIVATIVE 
   1  p0           1.07022e+00   1.78515e-03   2.10581e-06   3.44591e-06
   2  p1           2.10365e-02   1.25873e-03   1.48482e-06  -8.59872e-06
SaveSource cannot open file: /home/zhangfy/nl_target/toyMC/results/data_19397.C
1.06847	0.00392729
1.07263	0.00352912
1.07431	0.00350532
1.07758	0.00350325
1.07673	0.00341187
1.09548	0.00328765
1.11887	0.00349888
1.1466	0.00501194
 FCN=4.08308 FROM MIGRAD    STATUS=CONVERGED      36 CALLS          37 TOTAL
                     EDM=6.01267e-17    STRATEGY= 1      ERROR MATRIX ACCURATE 
  EXT PARAMETER                                   STEP         FIRST   
  NO.   NAME      VALUE            ERROR          SIZE      DERIVATIVE 
   1  p0           1.06702e+00   1.77977e-03   1.41193e-06   5.51207e-06
   2  p1           2.15405e-02   1.25559e-03   9.96084e-07  -1.25948e-06
SaveSource cannot open file: /home/zhangfy/nl_target/toyMC/results/data_19398.C
1.07208	0.00394054
1.07308	0.0035306
1.07373	0.00350341
1.07694	0.00350117
1.08528	0.00343896
1.09369	0.00328228
1.12271	0.00351087
1.14684	0.00501298
 FCN=1.79033 FROM MIGRAD    STATUS=CONVERGED      36 CALLS          37 TOTAL
                     EDM=1.0113e-16    STRATEGY= 1      ERROR MATRIX ACCURATE 
  EXT PARAMETER                                   STEP         FIRST   
  NO.   NAME      VALUE            ERROR          SIZE      DERIVATIVE 
   1  p0           1.06868e+00   1.78240e-03   1.04778e-06  -9.74831e-06
   2  p1           2.16264e-02   1.25739e-03   7.39158e-07  -4.21840e-06
SaveSource cannot open file: /home/zhangfy/nl_target/toyMC/results/data_19399.C
