000 (8910123.000.000) 08/30 16:47:34 Job submitted from host: <10.10.47.121:35195>
...
001 (8910123.000.000) 08/30 16:47:47 Job executing on host: <10.10.47.136:37181>
...
006 (8910123.000.000) 08/30 16:47:56 Image size of job updated: 266396
	38  -  MemoryUsage of job (MB)
	38020  -  ResidentSetSize of job (KB)
...
006 (8910123.000.000) 08/30 16:48:53 Image size of job updated: 315632
	38  -  MemoryUsage of job (MB)
	38020  -  ResidentSetSize of job (KB)
...
005 (8910123.000.000) 08/30 16:48:55 Job terminated.
	(1) Normal termination (return value 0)
		Usr 0 00:00:00, Sys 0 00:00:00  -  Run Remote Usage
		Usr 0 00:00:00, Sys 0 00:00:00  -  Run Local Usage
		Usr 0 00:00:00, Sys 0 00:00:00  -  Total Remote Usage
		Usr 0 00:00:00, Sys 0 00:00:00  -  Total Local Usage
	91385  -  Run Bytes Sent By Job
	4013  -  Run Bytes Received By Job
	91385  -  Total Bytes Sent By Job
	4013  -  Total Bytes Received By Job
	Partitionable Resources :    Usage  Request          
	   Cpus                 :                 1          
	   Disk (KB)            :      105      105          
	   Memory (MB)          :       38       38          
...
