1.07069	0.00393542
1.07439	0.0035349
1.07513	0.00350799
1.08046	0.00351263
1.08243	0.00342994
1.09143	0.0032755
1.11366	0.00348259
1.14579	0.00500841
 FCN=2.56101 FROM MIGRAD    STATUS=CONVERGED      36 CALLS          37 TOTAL
                     EDM=3.35444e-16    STRATEGY= 1      ERROR MATRIX ACCURATE 
  EXT PARAMETER                                   STEP         FIRST   
  NO.   NAME      VALUE            ERROR          SIZE      DERIVATIVE 
   1  p0           1.06947e+00   1.78258e-03   1.18225e-06  -1.63411e-05
   2  p1           1.94523e-02   1.25410e-03   8.31749e-07  -3.99774e-06
SaveSource cannot open file: /home/zhangfy/nl_target/toyMC/results/data_19900.C
1.06552	0.00391644
1.07277	0.00352957
1.07028	0.00349218
1.07909	0.00350816
1.08018	0.0034228
1.09668	0.00329123
1.12008	0.00350267
1.14377	0.00499958
 FCN=5.87876 FROM MIGRAD    STATUS=CONVERGED      36 CALLS          37 TOTAL
                     EDM=3.83251e-16    STRATEGY= 1      ERROR MATRIX ACCURATE 
  EXT PARAMETER                                   STEP         FIRST   
  NO.   NAME      VALUE            ERROR          SIZE      DERIVATIVE 
   1  p0           1.06690e+00   1.77856e-03   1.64250e-06  -1.44258e-05
   2  p1           2.16631e-02   1.25415e-03   1.15821e-06   2.24879e-06
SaveSource cannot open file: /home/zhangfy/nl_target/toyMC/results/data_19901.C
1.07276	0.00394304
1.06552	0.00350573
1.07417	0.00350487
1.0779	0.00350428
1.07948	0.00342059
1.08917	0.0032687
1.12177	0.00350795
1.14791	0.00501766
 FCN=3.36912 FROM MIGRAD    STATUS=CONVERGED      36 CALLS          37 TOTAL
                     EDM=6.12979e-16    STRATEGY= 1      ERROR MATRIX ACCURATE 
  EXT PARAMETER                                   STEP         FIRST   
  NO.   NAME      VALUE            ERROR          SIZE      DERIVATIVE 
   1  p0           1.06559e+00   1.77879e-03   1.30832e-06  -1.47128e-05
   2  p1           2.24149e-02   1.25695e-03   9.24496e-07   9.03434e-06
SaveSource cannot open file: /home/zhangfy/nl_target/toyMC/results/data_19902.C
1.07443	0.00394917
1.07175	0.00352623
1.08186	0.00352994
1.08623	0.00353136
1.08384	0.00343439
1.09257	0.00327891
1.1164	0.00349116
1.14943	0.00502431
 FCN=6.84372 FROM MIGRAD    STATUS=CONVERGED      36 CALLS          37 TOTAL
                     EDM=1.18827e-15    STRATEGY= 1      ERROR MATRIX ACCURATE 
  EXT PARAMETER                                   STEP         FIRST   
  NO.   NAME      VALUE            ERROR          SIZE      DERIVATIVE 
   1  p0           1.07205e+00   1.78715e-03   1.75895e-06   2.30887e-05
   2  p1           1.95547e-02   1.25757e-03   1.23773e-06  -7.96163e-06
SaveSource cannot open file: /home/zhangfy/nl_target/toyMC/results/data_19903.C
1.07635	0.00395624
1.06817	0.00351445
1.07222	0.00349851
1.07965	0.00350999
1.08143	0.00342678
1.09275	0.00327946
1.11733	0.00349407
1.14707	0.00501402
 FCN=4.59202 FROM MIGRAD    STATUS=CONVERGED      36 CALLS          37 TOTAL
                     EDM=2.74001e-17    STRATEGY= 1      ERROR MATRIX ACCURATE 
  EXT PARAMETER                                   STEP         FIRST   
  NO.   NAME      VALUE            ERROR          SIZE      DERIVATIVE 
   1  p0           1.06797e+00   1.78114e-03   1.48137e-06  -5.14727e-06
   2  p1           2.08895e-02   1.25559e-03   1.04427e-06  -2.40060e-06
SaveSource cannot open file: /home/zhangfy/nl_target/toyMC/results/data_19904.C
1.06791	0.00392521
1.07662	0.00354224
1.07626	0.00351166
1.07811	0.00350498
1.07869	0.00341808
1.09431	0.00328414
1.1234	0.00351303
1.14071	0.00498622
 FCN=5.49423 FROM MIGRAD    STATUS=CONVERGED      36 CALLS          37 TOTAL
                     EDM=1.35579e-15    STRATEGY= 1      ERROR MATRIX ACCURATE 
  EXT PARAMETER                                   STEP         FIRST   
  NO.   NAME      VALUE            ERROR          SIZE      DERIVATIVE 
   1  p0           1.06891e+00   1.78134e-03   1.59758e-06   2.90762e-05
   2  p1           2.07484e-02   1.25458e-03   1.12516e-06   5.75556e-05
SaveSource cannot open file: /home/zhangfy/nl_target/toyMC/results/data_19905.C
1.06853	0.0039275
1.07381	0.00353301
1.07125	0.00349533
1.0833	0.00352186
1.07866	0.00341798
1.08956	0.00326988
1.11623	0.0034906
1.15533	0.00505009
 FCN=7.92004 FROM MIGRAD    STATUS=CONVERGED      36 CALLS          37 TOTAL
                     EDM=1.16311e-16    STRATEGY= 1      ERROR MATRIX ACCURATE 
  EXT PARAMETER                                   STEP         FIRST   
  NO.   NAME      VALUE            ERROR          SIZE      DERIVATIVE 
   1  p0           1.06655e+00   1.78142e-03   1.87053e-06  -6.95029e-06
   2  p1           2.21089e-02   1.25916e-03   1.32214e-06   3.00450e-06
SaveSource cannot open file: /home/zhangfy/nl_target/toyMC/results/data_19906.C
1.07436	0.00394894
1.06602	0.00350737
1.0749	0.00350723
1.08575	0.00352981
1.08437	0.00343607
1.09418	0.00328374
1.12446	0.00351635
1.14771	0.00501679
 FCN=7.74951 FROM MIGRAD    STATUS=CONVERGED      36 CALLS          37 TOTAL
                     EDM=5.44665e-17    STRATEGY= 1      ERROR MATRIX ACCURATE 
  EXT PARAMETER                                   STEP         FIRST   
  NO.   NAME      VALUE            ERROR          SIZE      DERIVATIVE 
   1  p0           1.06913e+00   1.78306e-03   1.85685e-06  -8.03226e-06
   2  p1           2.20452e-02   1.25829e-03   1.31036e-06  -9.09114e-06
SaveSource cannot open file: /home/zhangfy/nl_target/toyMC/results/data_19907.C
1.07605	0.00395515
1.07221	0.00352775
1.07557	0.00350942
1.07884	0.00350734
1.0807	0.00342445
1.09196	0.00327707
1.12243	0.00351
1.14662	0.00501206
 FCN=1.64838 FROM MIGRAD    STATUS=CONVERGED      36 CALLS          37 TOTAL
                     EDM=1.51635e-15    STRATEGY= 1      ERROR MATRIX ACCURATE 
  EXT PARAMETER                                   STEP         FIRST   
  NO.   NAME      VALUE            ERROR          SIZE      DERIVATIVE 
   1  p0           1.06895e+00   1.78311e-03   1.02065e-06  -2.52379e-05
   2  p1           2.11903e-02   1.25756e-03   7.19820e-07   1.05791e-05
SaveSource cannot open file: /home/zhangfy/nl_target/toyMC/results/data_19908.C
1.07786	0.0039618
1.07514	0.00353736
1.07145	0.00349598
1.0832	0.00352154
1.08243	0.00342993
1.09248	0.00327865
1.12301	0.00351182
1.14807	0.00501836
 FCN=3.94505 FROM MIGRAD    STATUS=CONVERGED      36 CALLS          37 TOTAL
                     EDM=6.79721e-16    STRATEGY= 1      ERROR MATRIX ACCURATE 
  EXT PARAMETER                                   STEP         FIRST   
  NO.   NAME      VALUE            ERROR          SIZE      DERIVATIVE 
   1  p0           1.07010e+00   1.78496e-03   1.39608e-06  -2.43901e-05
   2  p1           2.11443e-02   1.25874e-03   9.84504e-07  -3.93961e-05
SaveSource cannot open file: /home/zhangfy/nl_target/toyMC/results/data_19909.C
1.07682	0.00395798
1.07295	0.00353018
1.07734	0.0035152
1.07436	0.00349277
1.07888	0.0034187
1.09613	0.00328958
1.11975	0.00350162
1.14853	0.00502039
 FCN=7.33345 FROM MIGRAD    STATUS=CONVERGED      36 CALLS          37 TOTAL
                     EDM=3.74469e-16    STRATEGY= 1      ERROR MATRIX ACCURATE 
  EXT PARAMETER                                   STEP         FIRST   
  NO.   NAME      VALUE            ERROR          SIZE      DERIVATIVE 
   1  p0           1.06897e+00   1.78330e-03   1.81043e-06   7.76849e-06
   2  p1           2.11283e-02   1.25773e-03   1.27686e-06  -1.26199e-05
SaveSource cannot open file: /home/zhangfy/nl_target/toyMC/results/data_19910.C
1.07213	0.00394073
1.06604	0.00350743
1.07586	0.00351037
1.08252	0.00351931
1.07892	0.00341883
1.09479	0.00328558
1.12131	0.00350649
1.15046	0.00502883
 FCN=5.94724 FROM MIGRAD    STATUS=CONVERGED      36 CALLS          37 TOTAL
                     EDM=2.27119e-17    STRATEGY= 1      ERROR MATRIX ACCURATE 
  EXT PARAMETER                                   STEP         FIRST   
  NO.   NAME      VALUE            ERROR          SIZE      DERIVATIVE 
   1  p0           1.06728e+00   1.78115e-03   1.65239e-06  -1.68510e-06
   2  p1           2.24613e-02   1.25833e-03   1.16736e-06  -6.72587e-06
SaveSource cannot open file: /home/zhangfy/nl_target/toyMC/results/data_19911.C
1.06872	0.00392821
1.07141	0.0035251
1.06666	0.00348037
1.08147	0.00351589
1.08123	0.00342614
1.0899	0.0032709
1.11651	0.00349149
1.1466	0.00501193
 FCN=5.06751 FROM MIGRAD    STATUS=CONVERGED      36 CALLS          37 TOTAL
                     EDM=1.46616e-15    STRATEGY= 1      ERROR MATRIX ACCURATE 
  EXT PARAMETER                                   STEP         FIRST   
  NO.   NAME      VALUE            ERROR          SIZE      DERIVATIVE 
   1  p0           1.06604e+00   1.77826e-03   1.54093e-06   9.66750e-06
   2  p1           2.13321e-02   1.25438e-03   1.08697e-06   5.15295e-05
SaveSource cannot open file: /home/zhangfy/nl_target/toyMC/results/data_19912.C
1.07213	0.00394073
1.07025	0.00352128
1.07397	0.00350419
1.07439	0.0034929
1.07951	0.00342069
1.09244	0.00327852
1.11872	0.00349841
1.14732	0.00501508
 FCN=2.2086 FROM MIGRAD    STATUS=CONVERGED      36 CALLS          37 TOTAL
                     EDM=3.23294e-15    STRATEGY= 1      ERROR MATRIX ACCURATE 
  EXT PARAMETER                                   STEP         FIRST   
  NO.   NAME      VALUE            ERROR          SIZE      DERIVATIVE 
   1  p0           1.06653e+00   1.77955e-03   1.12132e-06   6.99282e-06
   2  p1           2.15922e-02   1.25592e-03   7.91373e-07  -5.67546e-05
SaveSource cannot open file: /home/zhangfy/nl_target/toyMC/results/data_19913.C
1.06674	0.00392093
1.07749	0.00354511
1.07984	0.00352336
1.07772	0.0035037
1.08097	0.00342531
1.08822	0.00326586
1.12386	0.00351449
1.13921	0.00497966
 FCN=8.80393 FROM MIGRAD    STATUS=CONVERGED      36 CALLS          37 TOTAL
                     EDM=2.41617e-16    STRATEGY= 1      ERROR MATRIX ACCURATE 
  EXT PARAMETER                                   STEP         FIRST   
  NO.   NAME      VALUE            ERROR          SIZE      DERIVATIVE 
   1  p0           1.06931e+00   1.78198e-03   1.96250e-06   7.61005e-06
   2  p1           2.00958e-02   1.25422e-03   1.38127e-06  -8.20166e-06
SaveSource cannot open file: /home/zhangfy/nl_target/toyMC/results/data_19914.C
1.07085	0.00393602
1.07368	0.00353258
1.07444	0.00350574
1.07599	0.0034981
1.08294	0.00343156
1.08992	0.00327095
1.11798	0.00349608
1.15809	0.00506217
 FCN=6.06966 FROM MIGRAD    STATUS=CONVERGED      36 CALLS          37 TOTAL
                     EDM=8.36971e-17    STRATEGY= 1      ERROR MATRIX ACCURATE 
  EXT PARAMETER                                   STEP         FIRST   
  NO.   NAME      VALUE            ERROR          SIZE      DERIVATIVE 
   1  p0           1.06674e+00   1.78267e-03   1.66639e-06  -2.66498e-06
   2  p1           2.26775e-02   1.26136e-03   1.17909e-06   7.27853e-06
SaveSource cannot open file: /home/zhangfy/nl_target/toyMC/results/data_19915.C
1.07072	0.00393553
1.07236	0.00352822
1.07217	0.00349832
1.0873	0.00353487
1.07898	0.00341902
1.09655	0.00329087
1.11511	0.00348711
1.14283	0.00499547
 FCN=9.94981 FROM MIGRAD    STATUS=CONVERGED      36 CALLS          37 TOTAL
                     EDM=1.62525e-16    STRATEGY= 1      ERROR MATRIX ACCURATE 
  EXT PARAMETER                                   STEP         FIRST   
  NO.   NAME      VALUE            ERROR          SIZE      DERIVATIVE 
   1  p0           1.06991e+00   1.78199e-03   2.07415e-06   4.09158e-06
   2  p1           1.95405e-02   1.25285e-03   1.45825e-06  -9.72991e-06
SaveSource cannot open file: /home/zhangfy/nl_target/toyMC/results/data_19916.C
1.06825	0.00392647
1.07002	0.00352052
1.07718	0.00351468
1.08241	0.00351896
1.0838	0.00343428
1.09155	0.00327584
1.12059	0.00350425
1.14264	0.00499466
 FCN=3.14568 FROM MIGRAD    STATUS=CONVERGED      36 CALLS          37 TOTAL
                     EDM=3.11902e-17    STRATEGY= 1      ERROR MATRIX ACCURATE 
  EXT PARAMETER                                   STEP         FIRST   
  NO.   NAME      VALUE            ERROR          SIZE      DERIVATIVE 
   1  p0           1.06903e+00   1.78148e-03   1.27633e-06  -5.63665e-06
   2  p1           2.05404e-02   1.25439e-03   8.98699e-07  -8.07312e-06
SaveSource cannot open file: /home/zhangfy/nl_target/toyMC/results/data_19917.C
1.07361	0.00394617
1.07525	0.00353774
1.0793	0.00352161
1.07752	0.00350306
1.08297	0.00343164
1.09213	0.0032776
1.11521	0.00348743
1.14016	0.0049838
 FCN=1.77226 FROM MIGRAD    STATUS=CONVERGED      38 CALLS          39 TOTAL
                     EDM=1.63716e-15    STRATEGY= 1      ERROR MATRIX ACCURATE 
  EXT PARAMETER                                   STEP         FIRST   
  NO.   NAME      VALUE            ERROR          SIZE      DERIVATIVE 
   1  p0           1.07125e+00   1.78382e-03   1.04374e-06   3.20453e-06
   2  p1           1.82630e-02   1.25230e-03   7.32740e-07  -4.24057e-05
SaveSource cannot open file: /home/zhangfy/nl_target/toyMC/results/data_19918.C
1.07094	0.00393634
1.07366	0.00353252
1.07443	0.00350569
1.07712	0.00350176
1.08824	0.00344836
1.08716	0.00326269
1.11964	0.00350128
1.13791	0.00497395
 FCN=6.02056 FROM MIGRAD    STATUS=CONVERGED      36 CALLS          37 TOTAL
                     EDM=8.1378e-17    STRATEGY= 1      ERROR MATRIX ACCURATE 
  EXT PARAMETER                                   STEP         FIRST   
  NO.   NAME      VALUE            ERROR          SIZE      DERIVATIVE 
   1  p0           1.06950e+00   1.78126e-03   1.65974e-06   4.34795e-06
   2  p1           1.92387e-02   1.25195e-03   1.16654e-06  -4.87282e-06
SaveSource cannot open file: /home/zhangfy/nl_target/toyMC/results/data_19919.C
1.06683	0.00392124
1.07099	0.00352371
1.07296	0.00350091
1.0785	0.00350626
1.08027	0.0034231
1.09744	0.00329354
1.12082	0.00350498
1.14273	0.00499501
 FCN=5.39233 FROM MIGRAD    STATUS=CONVERGED      36 CALLS          37 TOTAL
                     EDM=3.87341e-15    STRATEGY= 1      ERROR MATRIX ACCURATE 
  EXT PARAMETER                                   STEP         FIRST   
  NO.   NAME      VALUE            ERROR          SIZE      DERIVATIVE 
   1  p0           1.06742e+00   1.77902e-03   1.58388e-06   4.70760e-05
   2  p1           2.14918e-02   1.25399e-03   1.11644e-06  -4.78920e-06
SaveSource cannot open file: /home/zhangfy/nl_target/toyMC/results/data_19920.C
1.06859	0.0039277
1.07607	0.00354043
1.07819	0.00351798
1.08552	0.00352908
1.08142	0.00342674
1.09048	0.00327264
1.1211	0.00350585
1.14858	0.00502059
 FCN=4.58648 FROM MIGRAD    STATUS=CONVERGED      36 CALLS          37 TOTAL
                     EDM=1.06655e-15    STRATEGY= 1      ERROR MATRIX ACCURATE 
  EXT PARAMETER                                   STEP         FIRST   
  NO.   NAME      VALUE            ERROR          SIZE      DERIVATIVE 
   1  p0           1.07007e+00   1.78485e-03   1.48344e-06  -8.27894e-06
   2  p1           2.08428e-02   1.25823e-03   1.04575e-06   2.75711e-05
SaveSource cannot open file: /home/zhangfy/nl_target/toyMC/results/data_19921.C
1.06612	0.00391864
1.07351	0.00353202
1.07322	0.00350175
1.07633	0.00349918
1.08176	0.00342783
1.09349	0.00328167
1.12258	0.00351048
1.14801	0.00501809
 FCN=2.17008 FROM MIGRAD    STATUS=CONVERGED      36 CALLS          37 TOTAL
                     EDM=1.17707e-15    STRATEGY= 1      ERROR MATRIX ACCURATE 
  EXT PARAMETER                                   STEP         FIRST   
  NO.   NAME      VALUE            ERROR          SIZE      DERIVATIVE 
   1  p0           1.06661e+00   1.77985e-03   1.11556e-06  -1.66293e-05
   2  p1           2.25135e-02   1.25734e-03   7.88071e-07   1.83438e-05
SaveSource cannot open file: /home/zhangfy/nl_target/toyMC/results/data_19922.C
1.07522	0.00395211
1.07051	0.00352213
1.07545	0.00350902
1.0764	0.00349942
1.0817	0.00342762
1.09187	0.00327681
1.1161	0.00349021
1.15095	0.00503095
 FCN=4.71278 FROM MIGRAD    STATUS=CONVERGED      36 CALLS          37 TOTAL
                     EDM=1.93106e-15    STRATEGY= 1      ERROR MATRIX ACCURATE 
  EXT PARAMETER                                   STEP         FIRST   
  NO.   NAME      VALUE            ERROR          SIZE      DERIVATIVE 
   1  p0           1.06800e+00   1.78228e-03   1.49752e-06   6.64717e-06
   2  p1           2.10410e-02   1.25736e-03   1.05646e-06   5.54973e-05
SaveSource cannot open file: /home/zhangfy/nl_target/toyMC/results/data_19923.C
1.07376	0.00394673
1.07938	0.00355131
1.07628	0.00351174
1.07988	0.00351073
1.07492	0.00340614
1.08969	0.00327028
1.11884	0.0034988
1.14002	0.0049832
 FCN=7.26985 FROM MIGRAD    STATUS=CONVERGED      36 CALLS          37 TOTAL
                     EDM=1.63936e-16    STRATEGY= 1      ERROR MATRIX ACCURATE 
  EXT PARAMETER                                   STEP         FIRST   
  NO.   NAME      VALUE            ERROR          SIZE      DERIVATIVE 
   1  p0           1.06997e+00   1.78297e-03   1.80174e-06   5.30296e-06
   2  p1           1.89907e-02   1.25349e-03   1.26669e-06  -8.14947e-06
SaveSource cannot open file: /home/zhangfy/nl_target/toyMC/results/data_19924.C
1.07153	0.00393854
1.07429	0.00353457
1.07655	0.00351264
1.08448	0.00352569
1.08088	0.00342501
1.09821	0.00329583
1.112	0.00347738
1.14734	0.00501518
 FCN=10.0795 FROM MIGRAD    STATUS=CONVERGED      36 CALLS          37 TOTAL
                     EDM=8.81457e-16    STRATEGY= 1      ERROR MATRIX ACCURATE 
  EXT PARAMETER                                   STEP         FIRST   
  NO.   NAME      VALUE            ERROR          SIZE      DERIVATIVE 
   1  p0           1.07126e+00   1.78471e-03   2.08822e-06  -4.05124e-06
   2  p1           1.91413e-02   1.25460e-03   1.46796e-06   2.92085e-05
SaveSource cannot open file: /home/zhangfy/nl_target/toyMC/results/data_19925.C
1.07162	0.00393887
1.07177	0.00352628
1.07195	0.00349762
1.08527	0.00352826
1.08488	0.0034377
1.08902	0.00326827
1.12085	0.00350508
1.15818	0.00506255
 FCN=7.62716 FROM MIGRAD    STATUS=CONVERGED      36 CALLS          37 TOTAL
                     EDM=7.16715e-16    STRATEGY= 1      ERROR MATRIX ACCURATE 
  EXT PARAMETER                                   STEP         FIRST   
  NO.   NAME      VALUE            ERROR          SIZE      DERIVATIVE 
   1  p0           1.06774e+00   1.78402e-03   1.84294e-06  -2.85065e-05
   2  p1           2.29467e-02   1.26240e-03   1.30409e-06  -2.03641e-05
SaveSource cannot open file: /home/zhangfy/nl_target/toyMC/results/data_19926.C
1.07512	0.00395173
1.07234	0.00352815
1.07981	0.00352325
1.08092	0.00351413
1.0883	0.00344855
1.09183	0.0032767
1.12207	0.00350887
1.15074	0.00503003
 FCN=3.54607 FROM MIGRAD    STATUS=CONVERGED      36 CALLS          37 TOTAL
                     EDM=6.64486e-16    STRATEGY= 1      ERROR MATRIX ACCURATE 
  EXT PARAMETER                                   STEP         FIRST   
  NO.   NAME      VALUE            ERROR          SIZE      DERIVATIVE 
   1  p0           1.07114e+00   1.78681e-03   1.33972e-06   1.92382e-05
   2  p1           2.10291e-02   1.25995e-03   9.44685e-07  -2.31050e-06
SaveSource cannot open file: /home/zhangfy/nl_target/toyMC/results/data_19927.C
1.07365	0.00394631
1.06543	0.00350543
1.07546	0.00350906
1.08398	0.00352407
1.07917	0.00341961
1.09653	0.00329081
1.123	0.00351177
1.14581	0.0050085
 FCN=9.14507 FROM MIGRAD    STATUS=CONVERGED      36 CALLS          37 TOTAL
                     EDM=3.67586e-16    STRATEGY= 1      ERROR MATRIX ACCURATE 
  EXT PARAMETER                                   STEP         FIRST   
  NO.   NAME      VALUE            ERROR          SIZE      DERIVATIVE 
   1  p0           1.06827e+00   1.78129e-03   1.99762e-06   1.28917e-05
   2  p1           2.18967e-02   1.25665e-03   1.40926e-06  -4.42431e-06
SaveSource cannot open file: /home/zhangfy/nl_target/toyMC/results/data_19928.C
1.06773	0.00392454
1.07456	0.00353546
1.07637	0.00351205
1.0773	0.00350235
1.08439	0.00343616
1.09071	0.00327333
1.12088	0.00350517
1.15258	0.00503808
 FCN=3.12832 FROM MIGRAD    STATUS=CONVERGED      36 CALLS          37 TOTAL
                     EDM=5.226e-16    STRATEGY= 1      ERROR MATRIX ACCURATE 
  EXT PARAMETER                                   STEP         FIRST   
  NO.   NAME      VALUE            ERROR          SIZE      DERIVATIVE 
   1  p0           1.06778e+00   1.78271e-03   1.27409e-06   1.66278e-05
   2  p1           2.22092e-02   1.25960e-03   9.00229e-07  -2.94874e-06
SaveSource cannot open file: /home/zhangfy/nl_target/toyMC/results/data_19929.C
1.06858	0.00392769
1.07098	0.0035237
1.07318	0.00350163
1.07654	0.00349988
1.0823	0.00342953
1.09045	0.00327254
1.11531	0.00348776
1.14813	0.00501864
 FCN=2.29619 FROM MIGRAD    STATUS=CONVERGED      34 CALLS          35 TOTAL
                     EDM=1.53028e-16    STRATEGY= 1      ERROR MATRIX ACCURATE 
  EXT PARAMETER                                   STEP         FIRST   
  NO.   NAME      VALUE            ERROR          SIZE      DERIVATIVE 
   1  p0           1.06662e+00   1.77943e-03   1.13610e-06   4.30291e-06
   2  p1           2.10776e-02   1.25504e-03   8.01295e-07  -8.99629e-06
SaveSource cannot open file: /home/zhangfy/nl_target/toyMC/results/data_19930.C
1.0652	0.00391527
1.0729	0.00353
1.07522	0.0035083
1.0798	0.00351046
1.08545	0.00343952
1.09159	0.00327598
1.11366	0.00348259
1.14885	0.00502178
 FCN=7.43062 FROM MIGRAD    STATUS=CONVERGED      36 CALLS          37 TOTAL
                     EDM=4.71657e-16    STRATEGY= 1      ERROR MATRIX ACCURATE 
  EXT PARAMETER                                   STEP         FIRST   
  NO.   NAME      VALUE            ERROR          SIZE      DERIVATIVE 
   1  p0           1.06824e+00   1.78133e-03   1.81869e-06  -1.17390e-05
   2  p1           2.04795e-02   1.25505e-03   1.28137e-06   9.76816e-06
SaveSource cannot open file: /home/zhangfy/nl_target/toyMC/results/data_19931.C
1.07151	0.00393846
1.07772	0.00354587
1.06918	0.00348858
1.08171	0.00351668
1.0791	0.00341938
1.091	0.00327419
1.11847	0.00349761
1.13895	0.00497851
 FCN=5.49149 FROM MIGRAD    STATUS=CONVERGED      36 CALLS          37 TOTAL
                     EDM=2.21869e-17    STRATEGY= 1      ERROR MATRIX ACCURATE 
  EXT PARAMETER                                   STEP         FIRST   
  NO.   NAME      VALUE            ERROR          SIZE      DERIVATIVE 
   1  p0           1.06904e+00   1.78083e-03   1.59557e-06  -2.46597e-06
   2  p1           1.94356e-02   1.25213e-03   1.12187e-06  -7.11536e-06
SaveSource cannot open file: /home/zhangfy/nl_target/toyMC/results/data_19932.C
1.06422	0.00391167
1.06427	0.00350161
1.07642	0.0035122
1.08406	0.00352433
1.07792	0.00341564
1.08977	0.00327049
1.12388	0.00351454
1.14532	0.00500633
 FCN=10.6596 FROM MIGRAD    STATUS=CONVERGED      36 CALLS          37 TOTAL
                     EDM=5.77344e-16    STRATEGY= 1      ERROR MATRIX ACCURATE 
  EXT PARAMETER                                   STEP         FIRST   
  NO.   NAME      VALUE            ERROR          SIZE      DERIVATIVE 
   1  p0           1.06527e+00   1.77741e-03   2.13729e-06  -4.93481e-06
   2  p1           2.27616e-02   1.25581e-03   1.51007e-06   2.17476e-05
SaveSource cannot open file: /home/zhangfy/nl_target/toyMC/results/data_19933.C
1.0726	0.00394246
1.07349	0.00353194
1.07688	0.00351371
1.07743	0.00350278
1.08381	0.00343432
1.09423	0.0032839
1.12589	0.00352084
1.14463	0.00500334
 FCN=2.54013 FROM MIGRAD    STATUS=CONVERGED      36 CALLS          37 TOTAL
                     EDM=4.90539e-16    STRATEGY= 1      ERROR MATRIX ACCURATE 
  EXT PARAMETER                                   STEP         FIRST   
  NO.   NAME      VALUE            ERROR          SIZE      DERIVATIVE 
   1  p0           1.06952e+00   1.78331e-03   1.18101e-06   4.21461e-06
   2  p1           2.15402e-02   1.25759e-03   8.32848e-07  -2.03889e-05
SaveSource cannot open file: /home/zhangfy/nl_target/toyMC/results/data_19934.C
1.07144	0.00393819
1.06682	0.00351
1.07595	0.00351065
1.07455	0.00349339
1.0832	0.00343239
1.09783	0.00329469
1.11563	0.00348875
1.146	0.00500931
 FCN=10.396 FROM MIGRAD    STATUS=CONVERGED      36 CALLS          37 TOTAL
                     EDM=2.92196e-16    STRATEGY= 1      ERROR MATRIX ACCURATE 
  EXT PARAMETER                                   STEP         FIRST   
  NO.   NAME      VALUE            ERROR          SIZE      DERIVATIVE 
   1  p0           1.06778e+00   1.77992e-03   2.11440e-06  -1.76321e-05
   2  p1           2.09054e-02   1.25411e-03   1.48979e-06  -1.05434e-05
SaveSource cannot open file: /home/zhangfy/nl_target/toyMC/results/data_19935.C
1.06815	0.00392612
1.07086	0.00352329
1.07126	0.00349537
1.08929	0.00354132
1.08261	0.00343052
1.0986	0.00329701
1.11369	0.00348267
1.14835	0.00501962
 FCN=17.9824 FROM MIGRAD    STATUS=CONVERGED      36 CALLS          37 TOTAL
                     EDM=1.26272e-15    STRATEGY= 1      ERROR MATRIX ACCURATE 
  EXT PARAMETER                                   STEP         FIRST   
  NO.   NAME      VALUE            ERROR          SIZE      DERIVATIVE 
   1  p0           1.06972e+00   1.78254e-03   2.73253e-06   2.48329e-05
   2  p1           2.03928e-02   1.25487e-03   1.92364e-06  -6.48714e-06
SaveSource cannot open file: /home/zhangfy/nl_target/toyMC/results/data_19936.C
1.0664	0.00391966
1.07287	0.0035299
1.07277	0.0035003
1.08037	0.00351232
1.08751	0.00344605
1.08769	0.00326427
1.11981	0.00350181
1.13984	0.00498241
 FCN=6.45868 FROM MIGRAD    STATUS=CONVERGED      34 CALLS          35 TOTAL
                     EDM=1.86466e-16    STRATEGY= 1      ERROR MATRIX ACCURATE 
  EXT PARAMETER                                   STEP         FIRST   
  NO.   NAME      VALUE            ERROR          SIZE      DERIVATIVE 
   1  p0           1.06844e+00   1.78005e-03   1.71033e-06  -6.36924e-06
   2  p1           2.00677e-02   1.25251e-03   1.20345e-06   7.69393e-06
SaveSource cannot open file: /home/zhangfy/nl_target/toyMC/results/data_19937.C
1.06188	0.00390306
1.06928	0.0035181
1.07059	0.00349317
1.07862	0.00350662
1.08576	0.00344049
1.08757	0.0032639
1.11711	0.00349337
1.14768	0.00501669
 FCN=7.68345 FROM MIGRAD    STATUS=CONVERGED      34 CALLS          35 TOTAL
                     EDM=2.32579e-15    STRATEGY= 1      ERROR MATRIX ACCURATE 
  EXT PARAMETER                                   STEP         FIRST   
  NO.   NAME      VALUE            ERROR          SIZE      DERIVATIVE 
   1  p0           1.06494e+00   1.77693e-03   1.84265e-06   1.64221e-05
   2  p1           2.20018e-02   1.25462e-03   1.30102e-06  -3.55881e-05
SaveSource cannot open file: /home/zhangfy/nl_target/toyMC/results/data_19938.C
1.0721	0.00394062
1.07389	0.00353325
1.07665	0.00351294
1.08406	0.00352433
1.08224	0.00342932
1.0949	0.0032859
1.1229	0.00351147
1.15532	0.00505005
 FCN=1.7698 FROM MIGRAD    STATUS=CONVERGED      36 CALLS          37 TOTAL
                     EDM=1.01977e-15    STRATEGY= 1      ERROR MATRIX ACCURATE 
  EXT PARAMETER                                   STEP         FIRST   
  NO.   NAME      VALUE            ERROR          SIZE      DERIVATIVE 
   1  p0           1.06962e+00   1.78581e-03   1.04562e-06  -1.01220e-05
   2  p1           2.24942e-02   1.26213e-03   7.39000e-07   2.43303e-05
SaveSource cannot open file: /home/zhangfy/nl_target/toyMC/results/data_19939.C
1.07051	0.00393478
1.07163	0.00352583
1.07559	0.00350949
1.0823	0.00351861
1.07775	0.00341511
1.09448	0.00328465
1.11842	0.00349748
1.13996	0.00498292
 FCN=3.77554 FROM MIGRAD    STATUS=CONVERGED      36 CALLS          37 TOTAL
                     EDM=1.68993e-16    STRATEGY= 1      ERROR MATRIX ACCURATE 
  EXT PARAMETER                                   STEP         FIRST   
  NO.   NAME      VALUE            ERROR          SIZE      DERIVATIVE 
   1  p0           1.06912e+00   1.78082e-03   1.36908e-06  -7.94710e-06
   2  p1           1.97915e-02   1.25245e-03   9.62870e-07   4.37808e-06
SaveSource cannot open file: /home/zhangfy/nl_target/toyMC/results/data_19940.C
1.07005	0.0039331
1.07389	0.00353327
1.07376	0.00350353
1.07526	0.0034957
1.08165	0.00342746
1.09169	0.00327628
1.11857	0.00349794
1.14678	0.00501273
 FCN=1.54892 FROM MIGRAD    STATUS=CONVERGED      36 CALLS          37 TOTAL
                     EDM=2.27617e-16    STRATEGY= 1      ERROR MATRIX ACCURATE 
  EXT PARAMETER                                   STEP         FIRST   
  NO.   NAME      VALUE            ERROR          SIZE      DERIVATIVE 
   1  p0           1.06745e+00   1.78063e-03   9.99875e-07   2.17029e-06
   2  p1           2.11472e-02   1.25580e-03   7.05171e-07   1.89794e-05
SaveSource cannot open file: /home/zhangfy/nl_target/toyMC/results/data_19941.C
1.07007	0.00393317
1.07679	0.00354281
1.06964	0.00349008
1.08017	0.00351167
1.07587	0.00340916
1.09384	0.00328272
1.11466	0.00348571
1.1469	0.00501324
 FCN=8.51091 FROM MIGRAD    STATUS=CONVERGED      36 CALLS          37 TOTAL
                     EDM=2.30138e-16    STRATEGY= 1      ERROR MATRIX ACCURATE 
  EXT PARAMETER                                   STEP         FIRST   
  NO.   NAME      VALUE            ERROR          SIZE      DERIVATIVE 
   1  p0           1.06755e+00   1.78040e-03   1.93052e-06   5.51855e-06
   2  p1           2.05083e-02   1.25460e-03   1.36039e-06   2.15779e-05
SaveSource cannot open file: /home/zhangfy/nl_target/toyMC/results/data_19942.C
1.07389	0.00394719
1.07202	0.00352711
1.06573	0.00347732
1.08013	0.00351156
1.0807	0.00342446
1.09079	0.00327357
1.11731	0.003494
1.14933	0.0050239
 FCN=6.99739 FROM MIGRAD    STATUS=CONVERGED      36 CALLS          37 TOTAL
                     EDM=5.9131e-16    STRATEGY= 1      ERROR MATRIX ACCURATE 
  EXT PARAMETER                                   STEP         FIRST   
  NO.   NAME      VALUE            ERROR          SIZE      DERIVATIVE 
   1  p0           1.06640e+00   1.77970e-03   1.77018e-06  -1.04237e-05
   2  p1           2.16506e-02   1.25637e-03   1.24965e-06   1.49789e-05
SaveSource cannot open file: /home/zhangfy/nl_target/toyMC/results/data_19943.C
1.06799	0.0039255
1.07228	0.00352798
1.06915	0.00348847
1.08195	0.00351748
1.0865	0.00344283
1.09434	0.00328422
1.11842	0.00349745
1.14271	0.00499496
 FCN=6.92274 FROM MIGRAD    STATUS=CONVERGED      36 CALLS          37 TOTAL
                     EDM=1.50836e-15    STRATEGY= 1      ERROR MATRIX ACCURATE 
  EXT PARAMETER                                   STEP         FIRST   
  NO.   NAME      VALUE            ERROR          SIZE      DERIVATIVE 
   1  p0           1.06861e+00   1.78035e-03   1.76385e-06   5.63971e-07
   2  p1           2.05997e-02   1.25337e-03   1.24175e-06   4.43731e-05
SaveSource cannot open file: /home/zhangfy/nl_target/toyMC/results/data_19944.C
1.06513	0.00391501
1.07155	0.00352556
1.08037	0.00352509
1.0763	0.00349908
1.07598	0.00340951
1.09061	0.00327302
1.11826	0.00349697
1.14335	0.00499772
 FCN=7.56151 FROM MIGRAD    STATUS=CONVERGED      36 CALLS          37 TOTAL
                     EDM=2.01817e-15    STRATEGY= 1      ERROR MATRIX ACCURATE 
  EXT PARAMETER                                   STEP         FIRST   
  NO.   NAME      VALUE            ERROR          SIZE      DERIVATIVE 
   1  p0           1.06676e+00   1.77892e-03   1.83074e-06  -1.34628e-06
   2  p1           2.07683e-02   1.25375e-03   1.29027e-06   4.93301e-05
SaveSource cannot open file: /home/zhangfy/nl_target/toyMC/results/data_19945.C
1.06693	0.00392162
1.07354	0.0035321
1.07328	0.00350194
1.08041	0.00351246
1.08838	0.0034488
1.0931	0.00328051
1.12115	0.003506
1.1525	0.00503772
 FCN=5.13506 FROM MIGRAD    STATUS=CONVERGED      36 CALLS          37 TOTAL
                     EDM=1.73052e-16    STRATEGY= 1      ERROR MATRIX ACCURATE 
  EXT PARAMETER                                   STEP         FIRST   
  NO.   NAME      VALUE            ERROR          SIZE      DERIVATIVE 
   1  p0           1.06836e+00   1.78296e-03   1.55422e-06  -1.36294e-05
   2  p1           2.23650e-02   1.25945e-03   1.09787e-06  -8.39541e-06
SaveSource cannot open file: /home/zhangfy/nl_target/toyMC/results/data_19946.C
1.06787	0.00392506
1.07442	0.00353501
1.07788	0.00351697
1.08484	0.00352685
1.08223	0.0034293
1.09214	0.00327763
1.12298	0.00351173
1.14597	0.00500921
 FCN=3.49359 FROM MIGRAD    STATUS=CONVERGED      36 CALLS          37 TOTAL
                     EDM=4.39544e-15    STRATEGY= 1      ERROR MATRIX ACCURATE 
  EXT PARAMETER                                   STEP         FIRST   
  NO.   NAME      VALUE            ERROR          SIZE      DERIVATIVE 
   1  p0           1.06990e+00   1.78385e-03   1.33047e-06  -5.39144e-05
   2  p1           2.10437e-02   1.25729e-03   9.37734e-07  -2.81068e-06
SaveSource cannot open file: /home/zhangfy/nl_target/toyMC/results/data_19947.C
1.06643	0.00391978
1.06997	0.00352036
1.07072	0.00349359
1.07938	0.00350911
1.08075	0.0034246
1.09513	0.0032866
1.11184	0.0034769
1.15162	0.0050339
 FCN=10.2012 FROM MIGRAD    STATUS=CONVERGED      36 CALLS          37 TOTAL
                     EDM=1.16824e-15    STRATEGY= 1      ERROR MATRIX ACCURATE 
  EXT PARAMETER                                   STEP         FIRST   
  NO.   NAME      VALUE            ERROR          SIZE      DERIVATIVE 
   1  p0           1.06616e+00   1.77886e-03   2.09418e-06  -5.14880e-06
   2  p1           2.14660e-02   1.25525e-03   1.47775e-06   3.30869e-05
SaveSource cannot open file: /home/zhangfy/nl_target/toyMC/results/data_19948.C
1.06898	0.00392914
1.06006	0.00348775
1.07133	0.00349559
1.08297	0.00352078
1.07872	0.00341817
1.08891	0.00326794
1.12213	0.00350907
1.15264	0.00503834
 FCN=10.2705 FROM MIGRAD    STATUS=CONVERGED      36 CALLS          37 TOTAL
                     EDM=6.22235e-16    STRATEGY= 1      ERROR MATRIX ACCURATE 
  EXT PARAMETER                                   STEP         FIRST   
  NO.   NAME      VALUE            ERROR          SIZE      DERIVATIVE 
   1  p0           1.06326e+00   1.77648e-03   2.10000e-06  -5.48557e-06
   2  p1           2.41434e-02   1.25855e-03   1.48774e-06   2.21038e-05
SaveSource cannot open file: /home/zhangfy/nl_target/toyMC/results/data_19949.C
1.07782	0.00396166
1.07494	0.00353672
1.0727	0.00350005
1.08113	0.00351479
1.08352	0.00343338
1.09533	0.00328719
1.119	0.00349927
1.13739	0.0049717
 FCN=3.782 FROM MIGRAD    STATUS=CONVERGED      36 CALLS          37 TOTAL
                     EDM=4.638e-16    STRATEGY= 1      ERROR MATRIX ACCURATE 
  EXT PARAMETER                                   STEP         FIRST   
  NO.   NAME      VALUE            ERROR          SIZE      DERIVATIVE 
   1  p0           1.07183e+00   1.78391e-03   1.37193e-06   5.75209e-06
   2  p1           1.85846e-02   1.25211e-03   9.62950e-07  -1.79121e-05
SaveSource cannot open file: /home/zhangfy/nl_target/toyMC/results/data_19950.C
1.07006	0.00393313
1.07036	0.00352166
1.08075	0.00352632
1.079	0.00350787
1.08349	0.0034333
1.0907	0.00327331
1.11613	0.00349031
1.15437	0.00504589
 FCN=8.29856 FROM MIGRAD    STATUS=CONVERGED      36 CALLS          37 TOTAL
                     EDM=2.15391e-16    STRATEGY= 1      ERROR MATRIX ACCURATE 
  EXT PARAMETER                                   STEP         FIRST   
  NO.   NAME      VALUE            ERROR          SIZE      DERIVATIVE 
   1  p0           1.06848e+00   1.78368e-03   1.91191e-06  -7.69529e-06
   2  p1           2.13471e-02   1.25911e-03   1.34963e-06   6.92969e-06
SaveSource cannot open file: /home/zhangfy/nl_target/toyMC/results/data_19951.C
1.06865	0.00392793
1.07272	0.0035294
1.06722	0.00348218
1.07644	0.00349955
1.08111	0.00342575
1.09472	0.00328536
1.11193	0.00347716
1.14395	0.00500035
 FCN=8.37633 FROM MIGRAD    STATUS=CONVERGED      36 CALLS          37 TOTAL
                     EDM=2.4486e-16    STRATEGY= 1      ERROR MATRIX ACCURATE 
  EXT PARAMETER                                   STEP         FIRST   
  NO.   NAME      VALUE            ERROR          SIZE      DERIVATIVE 
   1  p0           1.06664e+00   1.77773e-03   1.91470e-06   2.34256e-06
   2  p1           2.02060e-02   1.25157e-03   1.34800e-06  -1.52104e-05
SaveSource cannot open file: /home/zhangfy/nl_target/toyMC/results/data_19952.C
1.07817	0.00396293
1.06955	0.00351898
1.07429	0.00350524
1.08	0.00351113
1.08145	0.00342684
1.09464	0.00328514
1.12312	0.00351215
1.14937	0.00502407
 FCN=4.17611 FROM MIGRAD    STATUS=CONVERGED      36 CALLS          37 TOTAL
                     EDM=4.9148e-16    STRATEGY= 1      ERROR MATRIX ACCURATE 
  EXT PARAMETER                                   STEP         FIRST   
  NO.   NAME      VALUE            ERROR          SIZE      DERIVATIVE 
   1  p0           1.06887e+00   1.78347e-03   1.42770e-06  -1.43659e-05
   2  p1           2.19300e-02   1.25905e-03   1.00789e-06   6.01656e-06
SaveSource cannot open file: /home/zhangfy/nl_target/toyMC/results/data_19953.C
1.07078	0.00393579
1.067	0.00351059
1.07832	0.00351838
1.08335	0.00352201
1.07992	0.00342198
1.09291	0.00327993
1.11701	0.00349307
1.14381	0.00499975
 FCN=6.23946 FROM MIGRAD    STATUS=CONVERGED      36 CALLS          37 TOTAL
                     EDM=2.10177e-15    STRATEGY= 1      ERROR MATRIX ACCURATE 
  EXT PARAMETER                                   STEP         FIRST   
  NO.   NAME      VALUE            ERROR          SIZE      DERIVATIVE 
   1  p0           1.06878e+00   1.78117e-03   1.68571e-06  -1.12767e-05
   2  p1           2.01835e-02   1.25381e-03   1.18661e-06  -6.15172e-05
SaveSource cannot open file: /home/zhangfy/nl_target/toyMC/results/data_19954.C
1.0692	0.00392996
1.07175	0.00352622
1.07387	0.00350388
1.08168	0.00351659
1.08352	0.00343339
1.09155	0.00327584
1.11301	0.00348053
1.14906	0.00502271
 FCN=5.52119 FROM MIGRAD    STATUS=CONVERGED      36 CALLS          37 TOTAL
                     EDM=1.38652e-17    STRATEGY= 1      ERROR MATRIX ACCURATE 
  EXT PARAMETER                                   STEP         FIRST   
  NO.   NAME      VALUE            ERROR          SIZE      DERIVATIVE 
   1  p0           1.06846e+00   1.78175e-03   1.59953e-06  -4.04518e-06
   2  p1           2.02489e-02   1.25511e-03   1.12675e-06  -3.27132e-06
SaveSource cannot open file: /home/zhangfy/nl_target/toyMC/results/data_19955.C
1.06632	0.00391938
1.07045	0.00352194
1.07254	0.00349954
1.0824	0.00351894
1.08048	0.00342375
1.089	0.00326821
1.11647	0.00349138
1.15405	0.00504451
 FCN=5.883 FROM MIGRAD    STATUS=CONVERGED      36 CALLS          37 TOTAL
                     EDM=5.37697e-17    STRATEGY= 1      ERROR MATRIX ACCURATE 
  EXT PARAMETER                                   STEP         FIRST   
  NO.   NAME      VALUE            ERROR          SIZE      DERIVATIVE 
   1  p0           1.06585e+00   1.77998e-03   1.64235e-06   6.32731e-06
   2  p1           2.23103e-02   1.25821e-03   1.16093e-06   1.13439e-05
SaveSource cannot open file: /home/zhangfy/nl_target/toyMC/results/data_19956.C
1.06733	0.00392307
1.0729	0.00352999
1.07571	0.00350987
1.0756	0.00349682
1.08453	0.00343658
1.0909	0.0032739
1.12117	0.00350605
1.14439	0.0050023
 FCN=2.9315 FROM MIGRAD    STATUS=CONVERGED      36 CALLS          37 TOTAL
                     EDM=2.07745e-15    STRATEGY= 1      ERROR MATRIX ACCURATE 
  EXT PARAMETER                                   STEP         FIRST   
  NO.   NAME      VALUE            ERROR          SIZE      DERIVATIVE 
   1  p0           1.06771e+00   1.78044e-03   1.24219e-06  -3.88243e-05
   2  p1           2.12350e-02   1.25532e-03   8.75822e-07  -5.58901e-06
SaveSource cannot open file: /home/zhangfy/nl_target/toyMC/results/data_19957.C
1.07465	0.00395
1.07703	0.0035436
1.07119	0.00349512
1.07472	0.00349395
1.08277	0.00343103
1.09097	0.00327411
1.1262	0.0035218
1.15294	0.00503966
 FCN=5.9447 FROM MIGRAD    STATUS=CONVERGED      34 CALLS          35 TOTAL
                     EDM=1.10075e-15    STRATEGY= 1      ERROR MATRIX ACCURATE 
  EXT PARAMETER                                   STEP         FIRST   
  NO.   NAME      VALUE            ERROR          SIZE      DERIVATIVE 
   1  p0           1.06742e+00   1.78318e-03   1.65331e-06  -5.79785e-06
   2  p1           2.31572e-02   1.26184e-03   1.16994e-06   3.10310e-05
SaveSource cannot open file: /home/zhangfy/nl_target/toyMC/results/data_19958.C
1.07171	0.00393917
1.07205	0.0035272
1.07812	0.00351774
1.08095	0.00351423
1.07921	0.00341972
1.0924	0.0032784
1.11889	0.00349895
1.14994	0.00502655
 FCN=2.69303 FROM MIGRAD    STATUS=CONVERGED      36 CALLS          37 TOTAL
                     EDM=1.02485e-17    STRATEGY= 1      ERROR MATRIX ACCURATE 
  EXT PARAMETER                                   STEP         FIRST   
  NO.   NAME      VALUE            ERROR          SIZE      DERIVATIVE 
   1  p0           1.06870e+00   1.78316e-03   1.20497e-06  -3.26359e-06
   2  p1           2.11826e-02   1.25791e-03   8.50030e-07  -4.57134e-06
SaveSource cannot open file: /home/zhangfy/nl_target/toyMC/results/data_19959.C
1.06941	0.00393073
1.0656	0.00350597
1.07495	0.00350739
1.08237	0.00351883
1.08344	0.00343313
1.09169	0.00327627
1.11662	0.00349185
1.14857	0.00502058
 FCN=6.53213 FROM MIGRAD    STATUS=CONVERGED      36 CALLS          37 TOTAL
                     EDM=5.73489e-17    STRATEGY= 1      ERROR MATRIX ACCURATE 
  EXT PARAMETER                                   STEP         FIRST   
  NO.   NAME      VALUE            ERROR          SIZE      DERIVATIVE 
   1  p0           1.06729e+00   1.78020e-03   1.71886e-06  -7.93818e-06
   2  p1           2.13391e-02   1.25561e-03   1.21235e-06  -1.04488e-05
SaveSource cannot open file: /home/zhangfy/nl_target/toyMC/results/data_19960.C
1.06824	0.00392644
1.06891	0.00351688
1.07668	0.00351304
1.07725	0.0035022
1.08337	0.00343291
1.0885	0.00326669
1.11897	0.0034992
1.14348	0.0049983
 FCN=2.73248 FROM MIGRAD    STATUS=CONVERGED      36 CALLS          37 TOTAL
                     EDM=1.18128e-16    STRATEGY= 1      ERROR MATRIX ACCURATE 
  EXT PARAMETER                                   STEP         FIRST   
  NO.   NAME      VALUE            ERROR          SIZE      DERIVATIVE 
   1  p0           1.06718e+00   1.77939e-03   1.20928e-06   1.10038e-05
   2  p1           2.08007e-02   1.25397e-03   8.52204e-07   5.96015e-06
SaveSource cannot open file: /home/zhangfy/nl_target/toyMC/results/data_19961.C
1.07065	0.00393529
1.07189	0.00352668
1.06706	0.00348164
1.08155	0.00351618
1.08067	0.00342436
1.09908	0.00329846
1.11574	0.00348907
1.1417	0.00499054
 FCN=12.2652 FROM MIGRAD    STATUS=CONVERGED      36 CALLS          37 TOTAL
                     EDM=2.67055e-15    STRATEGY= 1      ERROR MATRIX ACCURATE 
  EXT PARAMETER                                   STEP         FIRST   
  NO.   NAME      VALUE            ERROR          SIZE      DERIVATIVE 
   1  p0           1.06829e+00   1.77934e-03   2.28103e-06   4.55764e-05
   2  p1           2.02796e-02   1.25193e-03   1.60492e-06   9.86176e-06
SaveSource cannot open file: /home/zhangfy/nl_target/toyMC/results/data_19962.C
1.07571	0.0039539
1.07489	0.00353653
1.07528	0.00350847
1.08034	0.00351222
1.07584	0.00340905
1.0994	0.0032994
1.1209	0.00350522
1.14482	0.00500417
 FCN=9.37299 FROM MIGRAD    STATUS=CONVERGED      36 CALLS          37 TOTAL
                     EDM=1.29989e-15    STRATEGY= 1      ERROR MATRIX ACCURATE 
  EXT PARAMETER                                   STEP         FIRST   
  NO.   NAME      VALUE            ERROR          SIZE      DERIVATIVE 
   1  p0           1.07008e+00   1.78366e-03   2.02107e-06   8.11243e-06
   2  p1           2.06475e-02   1.25631e-03   1.42353e-06   4.77146e-05
SaveSource cannot open file: /home/zhangfy/nl_target/toyMC/results/data_19963.C
1.07322	0.00394474
1.07397	0.00353353
1.0708	0.00349386
1.07612	0.0034985
1.08208	0.00342882
1.09508	0.00328646
1.11914	0.00349971
1.15813	0.00506235
 FCN=6.62294 FROM MIGRAD    STATUS=CONVERGED      36 CALLS          37 TOTAL
                     EDM=2.7191e-16    STRATEGY= 1      ERROR MATRIX ACCURATE 
  EXT PARAMETER                                   STEP         FIRST   
  NO.   NAME      VALUE            ERROR          SIZE      DERIVATIVE 
   1  p0           1.06695e+00   1.78270e-03   1.73138e-06  -1.07510e-05
   2  p1           2.31303e-02   1.26172e-03   1.22540e-06   4.35973e-06
SaveSource cannot open file: /home/zhangfy/nl_target/toyMC/results/data_19964.C
1.06009	0.00389649
1.06597	0.00350721
1.07359	0.00350298
1.0818	0.00351697
1.07968	0.00342123
1.08997	0.0032711
1.12	0.0035024
1.14467	0.00500351
 FCN=8.05213 FROM MIGRAD    STATUS=CONVERGED      36 CALLS          37 TOTAL
                     EDM=1.67827e-15    STRATEGY= 1      ERROR MATRIX ACCURATE 
  EXT PARAMETER                                   STEP         FIRST   
  NO.   NAME      VALUE            ERROR          SIZE      DERIVATIVE 
   1  p0           1.06445e+00   1.77560e-03   1.88118e-06   3.53396e-05
   2  p1           2.24012e-02   1.25380e-03   1.32835e-06   5.81709e-06
SaveSource cannot open file: /home/zhangfy/nl_target/toyMC/results/data_19965.C
1.07409	0.00394793
1.07001	0.0035205
1.06938	0.00348923
1.08231	0.00351862
1.0811	0.00342573
1.08936	0.00326927
1.12245	0.00351008
1.14816	0.00501877
 FCN=4.13283 FROM MIGRAD    STATUS=CONVERGED      36 CALLS          37 TOTAL
                     EDM=4.76176e-16    STRATEGY= 1      ERROR MATRIX ACCURATE 
  EXT PARAMETER                                   STEP         FIRST   
  NO.   NAME      VALUE            ERROR          SIZE      DERIVATIVE 
   1  p0           1.06692e+00   1.78065e-03   1.41943e-06  -3.76219e-06
   2  p1           2.21254e-02   1.25763e-03   1.00251e-06  -2.79297e-05
SaveSource cannot open file: /home/zhangfy/nl_target/toyMC/results/data_19966.C
1.06809	0.0039259
1.06829	0.00351483
1.07683	0.00351355
1.07401	0.00349165
1.07923	0.00341978
1.09159	0.00327598
1.11488	0.00348641
1.14065	0.00498594
 FCN=3.90103 FROM MIGRAD    STATUS=CONVERGED      36 CALLS          37 TOTAL
                     EDM=5.74543e-16    STRATEGY= 1      ERROR MATRIX ACCURATE 
  EXT PARAMETER                                   STEP         FIRST   
  NO.   NAME      VALUE            ERROR          SIZE      DERIVATIVE 
   1  p0           1.06658e+00   1.77742e-03   1.38400e-06  -2.37206e-06
   2  p1           2.00333e-02   1.25100e-03   9.74099e-07  -2.93256e-05
SaveSource cannot open file: /home/zhangfy/nl_target/toyMC/results/data_19967.C
1.06605	0.0039184
1.07702	0.00354357
1.06891	0.0034877
1.07888	0.00350749
1.08703	0.00344451
1.09221	0.00327784
1.118	0.00349616
1.1473	0.00501501
 FCN=8.83252 FROM MIGRAD    STATUS=CONVERGED      36 CALLS          37 TOTAL
                     EDM=2.80939e-16    STRATEGY= 1      ERROR MATRIX ACCURATE 
  EXT PARAMETER                                   STEP         FIRST   
  NO.   NAME      VALUE            ERROR          SIZE      DERIVATIVE 
   1  p0           1.06804e+00   1.78105e-03   1.96490e-06   1.83973e-05
   2  p1           2.11466e-02   1.25568e-03   1.38529e-06   1.64134e-05
SaveSource cannot open file: /home/zhangfy/nl_target/toyMC/results/data_19968.C
1.07215	0.00394081
1.07263	0.00352911
1.07287	0.0035006
1.08012	0.00351151
1.08034	0.00342333
1.09385	0.00328274
1.11811	0.00349649
1.14911	0.00502293
 FCN=1.87846 FROM MIGRAD    STATUS=CONVERGED      36 CALLS          37 TOTAL
                     EDM=2.85619e-15    STRATEGY= 1      ERROR MATRIX ACCURATE 
  EXT PARAMETER                                   STEP         FIRST   
  NO.   NAME      VALUE            ERROR          SIZE      DERIVATIVE 
   1  p0           1.06814e+00   1.78191e-03   1.06335e-06   8.33287e-06
   2  p1           2.12815e-02   1.25695e-03   7.50082e-07  -5.13311e-05
SaveSource cannot open file: /home/zhangfy/nl_target/toyMC/results/data_19969.C
1.06881	0.00392854
1.07187	0.00352663
1.07467	0.0035065
1.0817	0.00351665
1.07682	0.00341217
1.09401	0.00328323
1.12366	0.00351387
1.14409	0.00500096
 FCN=4.20269 FROM MIGRAD    STATUS=CONVERGED      36 CALLS          37 TOTAL
                     EDM=9.10976e-16    STRATEGY= 1      ERROR MATRIX ACCURATE 
  EXT PARAMETER                                   STEP         FIRST   
  NO.   NAME      VALUE            ERROR          SIZE      DERIVATIVE 
   1  p0           1.06759e+00   1.78034e-03   1.42949e-06  -1.19061e-05
   2  p1           2.17725e-02   1.25598e-03   1.00847e-06   2.00364e-05
SaveSource cannot open file: /home/zhangfy/nl_target/toyMC/results/data_19970.C
1.06626	0.00391915
1.0724	0.00352835
1.07141	0.00349584
1.07794	0.00350443
1.07946	0.00342053
1.09296	0.00328008
1.11766	0.00349509
1.14331	0.00499757
 FCN=2.15407 FROM MIGRAD    STATUS=CONVERGED      36 CALLS          37 TOTAL
                     EDM=7.62428e-16    STRATEGY= 1      ERROR MATRIX ACCURATE 
  EXT PARAMETER                                   STEP         FIRST   
  NO.   NAME      VALUE            ERROR          SIZE      DERIVATIVE 
   1  p0           1.06654e+00   1.77810e-03   1.11121e-06   1.77133e-05
   2  p1           2.10298e-02   1.25319e-03   7.83174e-07  -7.93144e-06
SaveSource cannot open file: /home/zhangfy/nl_target/toyMC/results/data_19971.C
1.06384	0.00391027
1.06663	0.00350937
1.07079	0.00349382
1.08507	0.00352759
1.08502	0.00343813
1.09045	0.00327256
1.11644	0.00349127
1.14806	0.00501834
 FCN=11.4615 FROM MIGRAD    STATUS=CONVERGED      34 CALLS          35 TOTAL
                     EDM=4.85084e-16    STRATEGY= 1      ERROR MATRIX ACCURATE 
  EXT PARAMETER                                   STEP         FIRST   
  NO.   NAME      VALUE            ERROR          SIZE      DERIVATIVE 
   1  p0           1.06623e+00   1.77835e-03   2.20947e-06   1.72593e-05
   2  p1           2.17161e-02   1.25472e-03   1.55891e-06  -5.18468e-07
SaveSource cannot open file: /home/zhangfy/nl_target/toyMC/results/data_19972.C
1.06783	0.00392494
1.07516	0.00353742
1.07313	0.00350146
1.07996	0.00351098
1.07589	0.00340922
1.0931	0.00328049
1.11641	0.00349118
1.14629	0.0050106
 FCN=5.03958 FROM MIGRAD    STATUS=CONVERGED      36 CALLS          37 TOTAL
                     EDM=6.86049e-16    STRATEGY= 1      ERROR MATRIX ACCURATE 
  EXT PARAMETER                                   STEP         FIRST   
  NO.   NAME      VALUE            ERROR          SIZE      DERIVATIVE 
   1  p0           1.06735e+00   1.78013e-03   1.53849e-06  -1.32001e-05
   2  p1           2.07853e-02   1.25478e-03   1.08446e-06   1.32679e-05
SaveSource cannot open file: /home/zhangfy/nl_target/toyMC/results/data_19973.C
1.07692	0.00395833
1.07421	0.0035343
1.07618	0.00351143
1.08504	0.00352749
1.08079	0.00342474
1.09472	0.00328537
1.11851	0.00349775
1.15811	0.00506226
 FCN=7.77761 FROM MIGRAD    STATUS=CONVERGED      36 CALLS          37 TOTAL
                     EDM=2.31012e-15    STRATEGY= 1      ERROR MATRIX ACCURATE 
  EXT PARAMETER                                   STEP         FIRST   
  NO.   NAME      VALUE            ERROR          SIZE      DERIVATIVE 
   1  p0           1.07036e+00   1.78737e-03   1.86138e-06  -3.66340e-05
   2  p1           2.17066e-02   1.26250e-03   1.31477e-06   2.79166e-06
SaveSource cannot open file: /home/zhangfy/nl_target/toyMC/results/data_19974.C
1.0758	0.00395421
1.06687	0.00351017
1.07395	0.00350414
1.08236	0.0035188
1.07944	0.00342048
1.09248	0.00327864
1.11257	0.00347918
1.14552	0.00500721
 FCN=8.42407 FROM MIGRAD    STATUS=CONVERGED      36 CALLS          37 TOTAL
                     EDM=2.26052e-17    STRATEGY= 1      ERROR MATRIX ACCURATE 
  EXT PARAMETER                                   STEP         FIRST   
  NO.   NAME      VALUE            ERROR          SIZE      DERIVATIVE 
   1  p0           1.06848e+00   1.78098e-03   1.92187e-06   4.88022e-06
   2  p1           1.96530e-02   1.25328e-03   1.35242e-06   6.77746e-06
SaveSource cannot open file: /home/zhangfy/nl_target/toyMC/results/data_19975.C
1.06448	0.0039126
1.06828	0.00351481
1.07528	0.00350848
1.07851	0.00350629
1.07518	0.00340698
1.09342	0.00328147
1.11883	0.00349875
1.14465	0.00500341
 FCN=5.57057 FROM MIGRAD    STATUS=CONVERGED      34 CALLS          35 TOTAL
                     EDM=1.53689e-16    STRATEGY= 1      ERROR MATRIX ACCURATE 
  EXT PARAMETER                                   STEP         FIRST   
  NO.   NAME      VALUE            ERROR          SIZE      DERIVATIVE 
   1  p0           1.06528e+00   1.77684e-03   1.60319e-06   1.20732e-05
   2  p1           2.18733e-02   1.25394e-03   1.13138e-06   5.26956e-06
SaveSource cannot open file: /home/zhangfy/nl_target/toyMC/results/data_19976.C
1.06276	0.00390629
1.06678	0.00350985
1.07284	0.00350052
1.08265	0.00351973
1.07703	0.00341282
1.08897	0.00326812
1.11949	0.00350081
1.14982	0.005026
 FCN=6.09214 FROM MIGRAD    STATUS=CONVERGED      34 CALLS          35 TOTAL
                     EDM=9.59096e-18    STRATEGY= 1      ERROR MATRIX ACCURATE 
  EXT PARAMETER                                   STEP         FIRST   
  NO.   NAME      VALUE            ERROR          SIZE      DERIVATIVE 
   1  p0           1.06403e+00   1.77662e-03   1.66532e-06  -3.24535e-06
   2  p1           2.29830e-02   1.25643e-03   1.17773e-06  -4.27978e-06
SaveSource cannot open file: /home/zhangfy/nl_target/toyMC/results/data_19977.C
1.07298	0.00394386
1.06924	0.00351796
1.07622	0.00351156
1.07825	0.00350543
1.07582	0.00340899
1.08944	0.0032695
1.11651	0.00349149
1.14954	0.00502481
 FCN=5.09165 FROM MIGRAD    STATUS=CONVERGED      36 CALLS          37 TOTAL
                     EDM=1.4073e-15    STRATEGY= 1      ERROR MATRIX ACCURATE 
  EXT PARAMETER                                   STEP         FIRST   
  NO.   NAME      VALUE            ERROR          SIZE      DERIVATIVE 
   1  p0           1.06649e+00   1.78022e-03   1.54454e-06  -3.19437e-06
   2  p1           2.12584e-02   1.25650e-03   1.09015e-06  -4.52377e-05
SaveSource cannot open file: /home/zhangfy/nl_target/toyMC/results/data_19978.C
1.07784	0.00396171
1.07956	0.00355191
1.07515	0.00350804
1.07856	0.00350645
1.08213	0.00342898
1.09077	0.00327352
1.11603	0.00348999
1.15364	0.00504273
 FCN=8.96837 FROM MIGRAD    STATUS=CONVERGED      36 CALLS          37 TOTAL
                     EDM=4.87758e-16    STRATEGY= 1      ERROR MATRIX ACCURATE 
  EXT PARAMETER                                   STEP         FIRST   
  NO.   NAME      VALUE            ERROR          SIZE      DERIVATIVE 
   1  p0           1.07057e+00   1.78687e-03   1.98141e-06   8.28153e-06
   2  p1           2.02252e-02   1.25976e-03   1.39691e-06  -1.51483e-05
SaveSource cannot open file: /home/zhangfy/nl_target/toyMC/results/data_19979.C
1.0735	0.00394578
1.06735	0.00351173
1.07388	0.0035039
1.07862	0.00350665
1.08421	0.00343559
1.09386	0.00328277
1.11927	0.00350013
1.14702	0.00501379
 FCN=3.87579 FROM MIGRAD    STATUS=CONVERGED      36 CALLS          37 TOTAL
                     EDM=2.62968e-16    STRATEGY= 1      ERROR MATRIX ACCURATE 
  EXT PARAMETER                                   STEP         FIRST   
  NO.   NAME      VALUE            ERROR          SIZE      DERIVATIVE 
   1  p0           1.06798e+00   1.78103e-03   1.38386e-06   1.93346e-06
   2  p1           2.13816e-02   1.25602e-03   9.75926e-07  -1.62508e-05
SaveSource cannot open file: /home/zhangfy/nl_target/toyMC/results/data_19980.C
1.06838	0.00392696
1.0654	0.00350532
1.07588	0.00351043
1.08059	0.00351304
1.08003	0.00342233
1.09345	0.00328155
1.12558	0.00351984
1.13895	0.00497851
 FCN=9.23935 FROM MIGRAD    STATUS=CONVERGED      34 CALLS          35 TOTAL
                     EDM=5.84453e-17    STRATEGY= 1      ERROR MATRIX ACCURATE 
  EXT PARAMETER                                   STEP         FIRST   
  NO.   NAME      VALUE            ERROR          SIZE      DERIVATIVE 
   1  p0           1.06702e+00   1.77812e-03   2.00428e-06  -5.25345e-06
   2  p1           2.17278e-02   1.25349e-03   1.41292e-06   1.58410e-06
SaveSource cannot open file: /home/zhangfy/nl_target/toyMC/results/data_19981.C
1.07232	0.00394142
1.07385	0.00353311
1.07788	0.00351696
1.0779	0.00350429
1.07609	0.00340984
1.09196	0.00327709
1.11269	0.00347954
1.13922	0.00497968
 FCN=4.19596 FROM MIGRAD    STATUS=CONVERGED      36 CALLS          37 TOTAL
                     EDM=1.47791e-17    STRATEGY= 1      ERROR MATRIX ACCURATE 
  EXT PARAMETER                                   STEP         FIRST   
  NO.   NAME      VALUE            ERROR          SIZE      DERIVATIVE 
   1  p0           1.06936e+00   1.78099e-03   1.42647e-06   4.23395e-06
   2  p1           1.82897e-02   1.25058e-03   1.00165e-06   4.45575e-06
SaveSource cannot open file: /home/zhangfy/nl_target/toyMC/results/data_19982.C
1.0743	0.00394871
1.07066	0.00352264
1.074	0.0035043
1.07429	0.00349255
1.08233	0.00342961
1.08893	0.003268
1.11534	0.00348782
1.15261	0.00503821
 FCN=6.58554 FROM MIGRAD    STATUS=CONVERGED      36 CALLS          37 TOTAL
                     EDM=5.40313e-17    STRATEGY= 1      ERROR MATRIX ACCURATE 
  EXT PARAMETER                                   STEP         FIRST   
  NO.   NAME      VALUE            ERROR          SIZE      DERIVATIVE 
   1  p0           1.06672e+00   1.78114e-03   1.72414e-06  -6.56806e-06
   2  p1           2.14072e-02   1.25771e-03   1.21746e-06  -1.61044e-06
SaveSource cannot open file: /home/zhangfy/nl_target/toyMC/results/data_19983.C
1.06835	0.00392685
1.07313	0.00353075
1.07429	0.00350525
1.08256	0.00351946
1.08089	0.00342507
1.09184	0.00327673
1.12611	0.0035215
1.1489	0.00502201
 FCN=1.99585 FROM MIGRAD    STATUS=CONVERGED      36 CALLS          37 TOTAL
                     EDM=5.76107e-17    STRATEGY= 1      ERROR MATRIX ACCURATE 
  EXT PARAMETER                                   STEP         FIRST   
  NO.   NAME      VALUE            ERROR          SIZE      DERIVATIVE 
   1  p0           1.06772e+00   1.78200e-03   1.08579e-06  -8.21010e-06
   2  p1           2.27328e-02   1.25933e-03   7.67320e-07  -6.46974e-06
SaveSource cannot open file: /home/zhangfy/nl_target/toyMC/results/data_19984.C
1.06593	0.00391794
1.07574	0.00353936
1.07661	0.00351281
1.08118	0.00351495
1.08018	0.00342282
1.08861	0.00326703
1.12127	0.00350637
1.1451	0.00500539
 FCN=4.26745 FROM MIGRAD    STATUS=CONVERGED      36 CALLS          37 TOTAL
                     EDM=9.37187e-17    STRATEGY= 1      ERROR MATRIX ACCURATE 
  EXT PARAMETER                                   STEP         FIRST   
  NO.   NAME      VALUE            ERROR          SIZE      DERIVATIVE 
   1  p0           1.06816e+00   1.78152e-03   1.43810e-06  -2.92746e-06
   2  p1           2.09699e-02   1.25599e-03   1.01387e-06   7.60171e-06
SaveSource cannot open file: /home/zhangfy/nl_target/toyMC/results/data_19985.C
1.07238	0.00394164
1.07527	0.00353779
1.07199	0.00349774
1.07596	0.00349798
1.07873	0.00341822
1.0903	0.00327209
1.11587	0.00348949
1.1436	0.00499884
 FCN=2.37697 FROM MIGRAD    STATUS=CONVERGED      36 CALLS          37 TOTAL
                     EDM=1.30863e-16    STRATEGY= 1      ERROR MATRIX ACCURATE 
  EXT PARAMETER                                   STEP         FIRST   
  NO.   NAME      VALUE            ERROR          SIZE      DERIVATIVE 
   1  p0           1.06768e+00   1.78015e-03   1.14994e-06  -1.26203e-05
   2  p1           1.99854e-02   1.25348e-03   8.09723e-07  -1.27335e-05
SaveSource cannot open file: /home/zhangfy/nl_target/toyMC/results/data_19986.C
1.06443	0.00391242
1.06814	0.00351433
1.07371	0.00350336
1.08115	0.00351485
1.08309	0.00343203
1.09327	0.00328102
1.11643	0.00349123
1.1524	0.00503732
 FCN=7.14985 FROM MIGRAD    STATUS=CONVERGED      36 CALLS          37 TOTAL
                     EDM=5.14093e-16    STRATEGY= 1      ERROR MATRIX ACCURATE 
  EXT PARAMETER                                   STEP         FIRST   
  NO.   NAME      VALUE            ERROR          SIZE      DERIVATIVE 
   1  p0           1.06620e+00   1.77948e-03   1.78775e-06   1.16378e-05
   2  p1           2.23440e-02   1.25712e-03   1.26296e-06  -1.11553e-05
SaveSource cannot open file: /home/zhangfy/nl_target/toyMC/results/data_19987.C
1.06562	0.00391681
1.07587	0.00353977
1.07465	0.00350643
1.0764	0.00349941
1.07943	0.00342042
1.09273	0.0032794
1.12429	0.00351582
1.15496	0.0050485
 FCN=3.79693 FROM MIGRAD    STATUS=CONVERGED      34 CALLS          35 TOTAL
                     EDM=1.07079e-16    STRATEGY= 1      ERROR MATRIX ACCURATE 
  EXT PARAMETER                                   STEP         FIRST   
  NO.   NAME      VALUE            ERROR          SIZE      DERIVATIVE 
   1  p0           1.06605e+00   1.78130e-03   1.37312e-06   1.13915e-05
   2  p1           2.37974e-02   1.26160e-03   9.72504e-07   1.15246e-05
SaveSource cannot open file: /home/zhangfy/nl_target/toyMC/results/data_19988.C
1.07409	0.00394794
1.0671	0.00351093
1.07347	0.00350258
1.07687	0.00350095
1.07896	0.00341896
1.09349	0.00328168
1.12736	0.00352542
1.14711	0.00501418
 FCN=5.30421 FROM MIGRAD    STATUS=CONVERGED      36 CALLS          37 TOTAL
                     EDM=1.10832e-16    STRATEGY= 1      ERROR MATRIX ACCURATE 
  EXT PARAMETER                                   STEP         FIRST   
  NO.   NAME      VALUE            ERROR          SIZE      DERIVATIVE 
   1  p0           1.06613e+00   1.77959e-03   1.57356e-06   7.32219e-06
   2  p1           2.32979e-02   1.25851e-03   1.11280e-06  -2.00335e-06
SaveSource cannot open file: /home/zhangfy/nl_target/toyMC/results/data_19989.C
1.07361	0.00394616
1.07074	0.00352288
1.07784	0.00351682
1.07751	0.00350301
1.08348	0.00343328
1.0914	0.00327541
1.12088	0.00350515
1.14505	0.00500517
 FCN=1.93558 FROM MIGRAD    STATUS=CONVERGED      36 CALLS          37 TOTAL
                     EDM=1.20236e-16    STRATEGY= 1      ERROR MATRIX ACCURATE 
  EXT PARAMETER                                   STEP         FIRST   
  NO.   NAME      VALUE            ERROR          SIZE      DERIVATIVE 
   1  p0           1.06908e+00   1.78259e-03   1.07424e-06  -7.72923e-06
   2  p1           2.07194e-02   1.25609e-03   7.56962e-07  -1.70942e-05
SaveSource cannot open file: /home/zhangfy/nl_target/toyMC/results/data_19990.C
1.0739	0.00394725
1.08099	0.00355662
1.07778	0.00351662
1.08172	0.0035167
1.08562	0.00344003
1.09736	0.00329329
1.11907	0.00349949
1.14997	0.00502666
 FCN=3.69146 FROM MIGRAD    STATUS=CONVERGED      36 CALLS          37 TOTAL
                     EDM=9.11461e-16    STRATEGY= 1      ERROR MATRIX ACCURATE 
  EXT PARAMETER                                   STEP         FIRST   
  NO.   NAME      VALUE            ERROR          SIZE      DERIVATIVE 
   1  p0           1.07310e+00   1.78878e-03   1.36208e-06  -2.95960e-05
   2  p1           1.99232e-02   1.25908e-03   9.58735e-07  -1.39019e-05
SaveSource cannot open file: /home/zhangfy/nl_target/toyMC/results/data_19991.C
1.07418	0.00394826
1.07293	0.00353011
1.07594	0.00351062
1.07722	0.00350207
1.08574	0.00344042
1.08755	0.00326386
1.12177	0.00350794
1.14351	0.00499842
 FCN=3.86547 FROM MIGRAD    STATUS=CONVERGED      36 CALLS          37 TOTAL
                     EDM=7.96158e-18    STRATEGY= 1      ERROR MATRIX ACCURATE 
  EXT PARAMETER                                   STEP         FIRST   
  NO.   NAME      VALUE            ERROR          SIZE      DERIVATIVE 
   1  p0           1.06921e+00   1.78273e-03   1.38274e-06   4.31970e-07
   2  p1           2.03772e-02   1.25573e-03   9.73981e-07   3.57239e-06
SaveSource cannot open file: /home/zhangfy/nl_target/toyMC/results/data_19992.C
1.06477	0.00391367
1.07088	0.00352334
1.07171	0.00349683
1.07928	0.0035088
1.07799	0.00341587
1.08955	0.00326983
1.12328	0.00351266
1.14203	0.00499196
 FCN=3.29891 FROM MIGRAD    STATUS=CONVERGED      36 CALLS          37 TOTAL
                     EDM=1.75567e-15    STRATEGY= 1      ERROR MATRIX ACCURATE 
  EXT PARAMETER                                   STEP         FIRST   
  NO.   NAME      VALUE            ERROR          SIZE      DERIVATIVE 
   1  p0           1.06531e+00   1.77683e-03   1.29703e-06  -3.50692e-06
   2  p1           2.20673e-02   1.25412e-03   9.15464e-07   4.36709e-05
SaveSource cannot open file: /home/zhangfy/nl_target/toyMC/results/data_19993.C
1.07084	0.00393598
1.07359	0.00353228
1.06854	0.00348649
1.07761	0.00350336
1.07704	0.00341286
1.09386	0.0032828
1.12056	0.00350417
1.14541	0.00500675
 FCN=4.25966 FROM MIGRAD    STATUS=CONVERGED      36 CALLS          37 TOTAL
                     EDM=6.80071e-16    STRATEGY= 1      ERROR MATRIX ACCURATE 
  EXT PARAMETER                                   STEP         FIRST   
  NO.   NAME      VALUE            ERROR          SIZE      DERIVATIVE 
   1  p0           1.06628e+00   1.77877e-03   1.43565e-06   1.48092e-05
   2  p1           2.18394e-02   1.25542e-03   1.01325e-06   3.97304e-05
SaveSource cannot open file: /home/zhangfy/nl_target/toyMC/results/data_19994.C
1.07003	0.00393301
1.06717	0.00351114
1.07309	0.00350132
1.07524	0.00349566
1.07991	0.00342195
1.08913	0.00326858
1.12207	0.00350889
1.1498	0.00502596
 FCN=1.21367 FROM MIGRAD    STATUS=CONVERGED      36 CALLS          37 TOTAL
                     EDM=1.78471e-16    STRATEGY= 1      ERROR MATRIX ACCURATE 
  EXT PARAMETER                                   STEP         FIRST   
  NO.   NAME      VALUE            ERROR          SIZE      DERIVATIVE 
   1  p0           1.06458e+00   1.77791e-03   9.30949e-07   9.51377e-07
   2  p1           2.30947e-02   1.25775e-03   6.58583e-07  -1.40577e-05
SaveSource cannot open file: /home/zhangfy/nl_target/toyMC/results/data_19995.C
1.07674	0.00395768
1.06826	0.00351474
1.07509	0.00350786
1.08102	0.00351445
1.08332	0.00343274
1.09212	0.00327755
1.11983	0.00350187
1.14585	0.00500867
 FCN=3.80065 FROM MIGRAD    STATUS=CONVERGED      36 CALLS          37 TOTAL
                     EDM=5.04559e-15    STRATEGY= 1      ERROR MATRIX ACCURATE 
  EXT PARAMETER                                   STEP         FIRST   
  NO.   NAME      VALUE            ERROR          SIZE      DERIVATIVE 
   1  p0           1.06921e+00   1.78274e-03   1.37387e-06  -6.02153e-05
   2  p1           2.06877e-02   1.25611e-03   9.68026e-07  -8.22897e-06
SaveSource cannot open file: /home/zhangfy/nl_target/toyMC/results/data_19996.C
1.07618	0.00395561
1.0735	0.00353197
1.06769	0.0034837
1.07779	0.00350395
1.08407	0.00343514
1.08693	0.003262
1.11282	0.00347995
1.14378	0.00499963
 FCN=8.35364 FROM MIGRAD    STATUS=CONVERGED      36 CALLS          37 TOTAL
                     EDM=9.38964e-16    STRATEGY= 1      ERROR MATRIX ACCURATE 
  EXT PARAMETER                                   STEP         FIRST   
  NO.   NAME      VALUE            ERROR          SIZE      DERIVATIVE 
   1  p0           1.06806e+00   1.78050e-03   1.91325e-06  -1.23809e-05
   2  p1           1.92486e-02   1.25260e-03   1.34600e-06   1.99742e-05
SaveSource cannot open file: /home/zhangfy/nl_target/toyMC/results/data_19997.C
1.07013	0.00393339
1.06907	0.00351739
1.07451	0.00350597
1.078	0.00350463
1.08669	0.00344343
1.08757	0.00326391
1.11233	0.00347841
1.14866	0.00502096
 FCN=8.57643 FROM MIGRAD    STATUS=CONVERGED      36 CALLS          37 TOTAL
                     EDM=1.10563e-15    STRATEGY= 1      ERROR MATRIX ACCURATE 
  EXT PARAMETER                                   STEP         FIRST   
  NO.   NAME      VALUE            ERROR          SIZE      DERIVATIVE 
   1  p0           1.06757e+00   1.78062e-03   1.93665e-06   4.00372e-06
   2  p1           2.01832e-02   1.25450e-03   1.36443e-06   4.12053e-05
SaveSource cannot open file: /home/zhangfy/nl_target/toyMC/results/data_19998.C
1.07239	0.0039417
1.07613	0.00354064
1.07781	0.00351673
1.08228	0.00351853
1.08181	0.00342796
1.09135	0.00327524
1.12071	0.00350462
1.14283	0.00499548
 FCN=0.872426 FROM MIGRAD    STATUS=CONVERGED      38 CALLS          39 TOTAL
                     EDM=2.35854e-15    STRATEGY= 1      ERROR MATRIX ACCURATE 
  EXT PARAMETER                                   STEP         FIRST   
  NO.   NAME      VALUE            ERROR          SIZE      DERIVATIVE 
   1  p0           1.07092e+00   1.78455e-03   8.58595e-07  -5.04441e-06
   2  p1           1.96781e-02   1.25542e-03   6.04015e-07   4.94878e-05
SaveSource cannot open file: /home/zhangfy/nl_target/toyMC/results/data_19999.C
